
  Determining projects to restore...
  Restored /home/pavelsavara/dev/runtime/src/libraries/System.Net.Primitives/tests/UnitTests/System.Net.Primitives.UnitTests.Tests.csproj (in 143 ms).
  3 of 4 projects are up-to-date for restore.
  TestUtilities -> /home/pavelsavara/dev/runtime/artifacts/bin/TestUtilities/Release/net10.0/TestUtilities.dll
  WasmTriggerPublishApp for CoreCLR not implemented
  System.Net.Primitives.UnitTests.Tests -> /home/pavelsavara/dev/runtime/artifacts/bin/System.Net.Primitives.UnitTests.Tests/Release/net11.0-browser/browser-wasm/System.Net.Primitives.UnitTests.Tests.dll
  export SCENARIO=WasmTestOnChrome
  export XUNIT_HIDE_PASSING_OUTPUT_DIAGNOSTICS=1
  export PREPEND_PATH=/home/pavelsavara/dev/runtime/artifacts/bin/chromedriver/chromedriver_linux64
  export RuntimeIdentifier=browser-wasm
  PATH=/home/pavelsavara/dev/runtime/artifacts/bin/chromedriver/chromedriver_linux64:/home/pavelsavara/.jsvu/bin:/home/pavelsavara/dev/runtime/.dotnet:/home/pavelsavara/dev/runtime/.dotnet:/home/pavelsavara/dev/runtime/.dotnet:/home/pavelsavara/dev/runtime/.dotnet:/home/pavelsavara/dev/runtime/.dotnet:/home/pavelsavara/bin:/home/pavelsavara/dev/.dotnet:/home/pavelsavara/.vscode-server/data/User/globalStorage/github.copilot-chat/debugCommand:/home/pavelsavara/.vscode-server/data/User/globalStorage/github.copilot-chat/copilotCli:/home/pavelsavara/.vscode-server/bin/c9d77990917f3102ada88be140d28b038d1dd7c7/bin/remote-cli:/home/pavelsavara/bin:/home/pavelsavara/bin:/home/pavelsavara/dev/.dotnet:/usr/local/sbin:/usr/local/bin:/usr/sbin:/usr/bin:/sbin:/bin:/usr/games:/usr/local/games:/usr/lib/wsl/lib:/mnt/c/windows/system32:/mnt/c/windows:/mnt/d/.dotnet/:/mnt/c/windows/System32/Wbem:/mnt/c/windows/System32/WindowsPowerShell/v1.0/:/mnt/c/windows/System32/OpenSSH/:/mnt/c/Program Files/HP/HP One Agent:/mnt/c/Program Files/nodejs/:/mnt/c/Program Files/Meld/:/mnt/c/Program Files/dotnet/:/mnt/c/Program Files/Git/cmd:/mnt/c/Program Files/PuTTY/:/mnt/c/Program Files/PowerShell/7/:/mnt/c/Program Files/Microsoft SQL Server/170/Tools/Binn/:/mnt/c/Program Files/GitExtensions/:/mnt/c/Program Files/GitHub CLI/:/mnt/d/bin:/mnt/d/.dotnet/:/mnt/c/Users/pavelsavara/AppData/Local/Microsoft/WindowsApps:/mnt/c/Users/pavelsavara/AppData/Local/Programs/MicrosoftVSCode/bin:/mnt/c/Users/pavelsavara/AppData/Roaming/npm:/mnt/c/Users/pavelsavara/AppData/Local/Programs/Python/Python310/:/mnt/c/Users/pavelsavara/AppData/Local/Programs/Python/Python310/Scripts/:/mnt/c/Users/pavelsavara/AppData/Local/Microsoft/WinGet/Packages/GitHub.Copilot.Prerelease_Microsoft.Winget.Source_8wekyb3d8bbwe:/mnt/c/Users/pavelsavara/.dotnet/tools:/snap/bin
  EXECUTION_DIR=/home/pavelsavara/dev/runtime/artifacts/bin/System.Net.Primitives.UnitTests.Tests/Release/net11.0-browser/browser-wasm/wwwroot
  SCENARIO=WasmTestOnChrome
  XHARNESS_OUT=/home/pavelsavara/dev/runtime/artifacts/bin/System.Net.Primitives.UnitTests.Tests/Release/net11.0-browser/browser-wasm/wwwroot/xharness-output
  XHARNESS_CLI_PATH=
  HARNESS_RUNNER=dotnet xharness
  XHARNESS_COMMAND=test-browser
  MAIN_JS=
  JS_ENGINE=
  JS_ENGINE_ARGS=--browser-arg=--js-flags=--stack-trace-limit=1000
  XHARNESS_ARGS= --browser-arg=--js-flags=--stack-trace-limit=1000
  ~/dev/runtime/artifacts/bin/System.Net.Primitives.UnitTests.Tests/Release/net11.0-browser/browser-wasm/wwwroot ~/dev/runtime/src/libraries/System.Net.Primitives/tests/UnitTests
  ----- start Fri Jan 30 12:48:16 CET 2026 =============== To repro directly: =====================================================
  pushd /home/pavelsavara/dev/runtime/artifacts/bin/System.Net.Primitives.UnitTests.Tests/Release/net11.0-browser/browser-wasm/wwwroot
  dotnet xharness wasm test-browser --app=. --output-directory=/home/pavelsavara/dev/runtime/artifacts/bin/System.Net.Primitives.UnitTests.Tests/Release/net11.0-browser/browser-wasm/wwwroot/xharness-output -s dotnet.native.js.symbols --symbol-patterns wasm-symbol-patterns.txt --symbolicator WasmSymbolicator.dll,Microsoft.WebAssembly.Internal.SymbolicatorWrapperForXHarness --browser-path=/home/pavelsavara/dev/runtime/artifacts/bin/chrome/chrome-linux/chrome --timeout=00:30:00  --browser-arg=--js-flags=--stack-trace-limit=1000   --  --setenv=XHARNESS_LOG_TEST_START=true  --run WasmTestRunner.dll System.Net.Primitives.UnitTests.Tests.dll  -notrait category=OuterLoop -notrait category=failing 
  popd
  ===========================================================================================================
  ~/dev/runtime/artifacts/bin/System.Net.Primitives.UnitTests.Tests/Release/net11.0-browser/browser-wasm/wwwroot ~/dev/runtime/artifacts/bin/System.Net.Primitives.UnitTests.Tests/Release/net11.0-browser/browser-wasm/wwwroot ~/dev/runtime/src/libraries/System.Net.Primitives/tests/UnitTests
  [11.0.0-prerelease.26064.3+31e0b8e08f57890f7b7004b93361d69cd4b21079] XHarness command issued: wasm test-browser --app=. --output-directory=/home/pavelsavara/dev/runtime/artifacts/bin/System.Net.Primitives.UnitTests.Tests/Release/net11.0-browser/browser-wasm/wwwroot/xharness-output -s dotnet.native.js.symbols --symbol-patterns wasm-symbol-patterns.txt --symbolicator WasmSymbolicator.dll,Microsoft.WebAssembly.Internal.SymbolicatorWrapperForXHarness --browser-path=/home/pavelsavara/dev/runtime/artifacts/bin/chrome/chrome-linux/chrome --timeout=00:30:00 --browser-arg=--js-flags=--stack-trace-limit=1000 -- --setenv=XHARNESS_LOG_TEST_START=true --run WasmTestRunner.dll System.Net.Primitives.UnitTests.Tests.dll -notrait category=OuterLoop -notrait category=failing
  [40m[1m[33mwarn[39m[22m[49m: Cannot find symbols file dotnet.native.js.symbols
  [40m[32minfo[39m[22m[49m: Using Chrome from /home/pavelsavara/dev/runtime/artifacts/bin/chrome/chrome-linux/chrome
  [40m[32minfo[39m[22m[49m: Starting chromedriver with args: --js-flags=--stack-trace-limit=1000 --headless --incognito --disable-background-timer-throttling --disable-backgrounding-occluded-windows --disable-renderer-backgrounding --enable-features=NetworkService,NetworkServiceInProcess --allow-insecure-localhost --disable-breakpad --disable-component-extensions-with-background-pages --disable-dev-shm-usage --disable-extensions --disable-features=TranslateUI --disable-ipc-flooding-protection --force-color-profile=srgb --metrics-recording-only and load strategy: Normal
  Starting ChromeDriver 143.0.7499.0 (0000000000000000000000000000000000000000-0000000000000000000000000000000000000000) on port 35293
  Only local connections are allowed.
  Please see https://chromedriver.chromium.org/security-considerations for suggestions on keeping ChromeDriver safe.
  ChromeDriver was started successfully on port 35293.
  [40m[32minfo[39m[22m[49m: Running in: Mozilla/5.0 (X11; Linux x86_64) AppleWebKit/537.36 (KHTML, like Gecko) HeadlessChrome/143.0.0.0 Safari/537.36
  [40m[32minfo[39m[22m[49m: Running at: http://127.0.0.1:40409/index.html?arg=--setenv%3dXHARNESS_LOG_TEST_START%3dtrue&arg=--run&arg=WasmTestRunner.dll&arg=System.Net.Primitives.UnitTests.Tests.dll&arg=-notrait&arg=category%3dOuterLoop&arg=-notrait&arg=category%3dfailing&arg=-verbosity&arg=Info
  [40m[32minfo[39m[22m[49m: could not load /runArgs.json: 404. Ignoring
  [40m[32minfo[39m[22m[49m: Incoming arguments: --setenv=XHARNESS_LOG_TEST_START=true --run WasmTestRunner.dll System.Net.Primitives.UnitTests.Tests.dll -notrait category=OuterLoop -notrait category=failing -verbosity Info
  [40m[32minfo[39m[22m[49m: Application arguments: --run WasmTestRunner.dll System.Net.Primitives.UnitTests.Tests.dll -notrait category=OuterLoop -notrait category=failing -verbosity Info
  [40m[32minfo[39m[22m[49m: Initializing dotnet version 11.0.0 commit hash e31907b0fbca908ed525247a1dc38cc5fba7b0ff
  [40m[32minfo[39m[22m[49m: Using threadless Xunit runner
  [40m[32minfo[39m[22m[49m: Discovering: System.Net.Primitives.UnitTests.Tests.dll (method display = ClassAndMethod, method display options = None)
  [40m[32minfo[39m[22m[49m: Discovered:  System.Net.Primitives.UnitTests.Tests.dll (found 44 of 44 test cases)
  [40m[32minfo[39m[22m[49m: Starting:    System.Net.Primitives.UnitTests.Tests.dll
  [40m[32minfo[39m[22m[49m: [STRT] System.Net.Primitives.Unit.Tests.CookieContainerTest.Add_Cookie_Invalid
  [40m[32minfo[39m[22m[49m: [STRT] System.Net.Primitives.Unit.Tests.CookieContainerTest.SetCookies_ExpiresMaxValue_Success
  [40m[32minfo[39m[22m[49m: [STRT] System.Net.Primitives.Unit.Tests.CookieContainerTest.GetCookies_Success(uri: http://url1.com/, expected: [name1=value, $Version=1; name3=value; $Domain=.url1.com; $Port="80, 90, 100, 443"])
  [40m[32minfo[39m[22m[49m: [STRT] System.Net.Primitives.Unit.Tests.CookieContainerTest.GetCookies_Success(uri: https://url1.com/, expected: [name1=value, name2=value, $Version=1; name3=value; $Domain=.url1.com; $Port="80, 90, 100, 443"])
  [40m[32minfo[39m[22m[49m: [STRT] System.Net.Primitives.Unit.Tests.CookieContainerTest.GetCookies_Success(uri: http://127.0.0.1/, expected: [name4=value])
  [40m[32minfo[39m[22m[49m: [STRT] System.Net.Primitives.Unit.Tests.CookieContainerTest.GetCookies_Success(uri: http://127.0.0.1/path, expected: [name5=value, name4=value])
  [40m[32minfo[39m[22m[49m: [STRT] System.Net.Primitives.Unit.Tests.CookieContainerTest.GetCookies_Success(uri: http://url3.com/, expected: [name6=value, name7=value])
  [40m[32minfo[39m[22m[49m: [STRT] System.Net.Primitives.Unit.Tests.CookieContainerTest.GetCookies_Success(uri: http://url4.com/, expected: [name8=value, name9=value])
  [40m[32minfo[39m[22m[49m: [STRT] System.Net.Primitives.Unit.Tests.CookieContainerTest.GetCookies_Success(uri: http://url5.com/path, expected: [name10=value, $Version=1; name11=value; $Port="80, 90, 100"])
  [40m[32minfo[39m[22m[49m: [STRT] System.Net.Primitives.Unit.Tests.CookieContainerTest.GetCookies_Success(uri: http://url6.com/, expected: [])
  [40m[32minfo[39m[22m[49m: [STRT] System.Net.Primitives.Unit.Tests.CookieContainerTest.GetCookieHeader_Success(uri: http://url1.com/, expected: "name1=value; $Version=1; name3=value; $Domain=.url"Â·Â·Â·)
  [40m[32minfo[39m[22m[49m: [STRT] System.Net.Primitives.Unit.Tests.CookieContainerTest.GetCookieHeader_Success(uri: https://url1.com/, expected: "name1=value; name2=value; $Version=1; name3=value;"Â·Â·Â·)
  [40m[32minfo[39m[22m[49m: [STRT] System.Net.Primitives.Unit.Tests.CookieContainerTest.GetCookieHeader_Success(uri: http://127.0.0.1/, expected: "name4=value")
  [40m[32minfo[39m[22m[49m: [STRT] System.Net.Primitives.Unit.Tests.CookieContainerTest.GetCookieHeader_Success(uri: http://127.0.0.1/path, expected: "name5=value; name4=value")
  [40m[32minfo[39m[22m[49m: [STRT] System.Net.Primitives.Unit.Tests.CookieContainerTest.GetCookieHeader_Success(uri: http://url3.com/, expected: "name6=value; name7=value")
  [40m[32minfo[39m[22m[49m: [STRT] System.Net.Primitives.Unit.Tests.CookieContainerTest.GetCookieHeader_Success(uri: http://url4.com/, expected: "name8=value; name9=value")
  [40m[32minfo[39m[22m[49m: [STRT] System.Net.Primitives.Unit.Tests.CookieContainerTest.GetCookieHeader_Success(uri: http://url5.com/path, expected: "name10=value; $Version=1; name11=value; $Port=\"80"Â·Â·Â·)
  [40m[32minfo[39m[22m[49m: [STRT] System.Net.Primitives.Unit.Tests.CookieContainerTest.GetCookieHeader_Success(uri: http://url6.com/, expected: "")
  [40m[32minfo[39m[22m[49m: [STRT] System.Net.Primitives.Unit.Tests.CookieContainerTest.Capacity_ShrinkNoneExpired_RemovesAll
  [40m[32minfo[39m[22m[49m: [STRT] System.Net.Primitives.Unit.Tests.CookieContainerTest.SetCookies_DomainCheckFailure_IgnoresAbsenceOfLeadingDot(domain: ".other.example.com")
  [40m[32minfo[39m[22m[49m: [STRT] System.Net.Primitives.Unit.Tests.CookieContainerTest.SetCookies_DomainCheckFailure_IgnoresAbsenceOfLeadingDot(domain: "other.example.com")
  [40m[32minfo[39m[22m[49m: [STRT] System.Net.Primitives.Unit.Tests.CookieContainerTest.SetCookies_DomainCheckFailure_IgnoresAbsenceOfLeadingDot(domain: ".xample.com")
  [40m[32minfo[39m[22m[49m: [STRT] System.Net.Primitives.Unit.Tests.CookieContainerTest.SetCookies_DomainCheckFailure_IgnoresAbsenceOfLeadingDot(domain: "xample.com")
  [40m[32minfo[39m[22m[49m: [STRT] System.Net.Primitives.Unit.Tests.CookieContainerTest.Add_CookieVersion1AndRootDomainWithNoLeadingDot_Success
  [40m[32minfo[39m[22m[49m: [STRT] System.Net.Primitives.Unit.Tests.CookieContainerTest.GetCookies_DefaultPathCalculationFollowsRfc6265(uriString: "http://url1.com", expectedPath: "/")
  [40m[32minfo[39m[22m[49m: [STRT] System.Net.Primitives.Unit.Tests.CookieContainerTest.GetCookies_DefaultPathCalculationFollowsRfc6265(uriString: "http://url1.com/abc", expectedPath: "/")
  [40m[32minfo[39m[22m[49m: [STRT] System.Net.Primitives.Unit.Tests.CookieContainerTest.GetCookies_DefaultPathCalculationFollowsRfc6265(uriString: "http://url1.com/abc/xy", expectedPath: "/abc")
  [40m[32minfo[39m[22m[49m: [STRT] System.Net.Primitives.Unit.Tests.CookieContainerTest.GetCookies_DefaultPathCalculationFollowsRfc6265(uriString: "http://url1.com/abc/xy/foo", expectedPath: "/abc/xy")
  [40m[32minfo[39m[22m[49m: [STRT] System.Net.Primitives.Unit.Tests.CookieContainerTest.GetCookies_DefaultPathCalculationFollowsRfc6265(uriString: "http://127.0.0.1", expectedPath: "/")
  [40m[32minfo[39m[22m[49m: [STRT] System.Net.Primitives.Unit.Tests.CookieContainerTest.GetCookies_DefaultPathCalculationFollowsRfc6265(uriString: "http://127.0.0.1/a/s/d/f", expectedPath: "/a/s/d")
  [40m[32minfo[39m[22m[49m: [STRT] System.Net.Primitives.Unit.Tests.CookieContainerTest.Ctor_Capacity_Invalid
  [40m[32minfo[39m[22m[49m: [STRT] System.Net.Primitives.Unit.Tests.CookieContainerTest.Add_VerificationFailedCookie_Throws(c: name=)
  [40m[32minfo[39m[22m[49m: [STRT] System.Net.Primitives.Unit.Tests.CookieContainerTest.Add_VerificationFailedCookie_Throws(c: name=;)
  [40m[32minfo[39m[22m[49m: [STRT] System.Net.Primitives.Unit.Tests.CookieContainerTest.Add_VerificationFailedCookie_Throws(c: name=value)
  [40m[32minfo[39m[22m[49m: [STRT] System.Net.Primitives.Unit.Tests.CookieContainerTest.Add_VerificationFailedCookie_Throws(c: name=value)
  [40m[32minfo[39m[22m[49m: [STRT] System.Net.Primitives.Unit.Tests.CookieContainerTest.Add_VerificationFailedCookie_Throws(c: name=value)
  [40m[32minfo[39m[22m[49m: [STRT] System.Net.Primitives.Unit.Tests.CookieContainerTest.Add_VerificationFailedCookie_Throws(c: name=value)
  [40m[32minfo[39m[22m[49m: [STRT] System.Net.Primitives.Unit.Tests.CookieContainerTest.Add_VerificationFailedCookie_Throws(c: name=value)
  [40m[32minfo[39m[22m[49m: [STRT] System.Net.Primitives.Unit.Tests.CookieContainerTest.Add_VerificationFailedCookie_Throws(c: $Version=100; name=value; $Path=path; $Domain=domain)
  [40m[32minfo[39m[22m[49m: [STRT] System.Net.Primitives.Unit.Tests.CookieContainerTest.Add_VerificationFailedCookie_Throws(c: name=value)
  [40m[32minfo[39m[22m[49m: [STRT] System.Net.Primitives.Unit.Tests.CookieContainerTest.SetCookies_DomainCheckFailure_IgnoresLeadingDot(domains: ["test.example.com", "example.com"])
  [40m[32minfo[39m[22m[49m: [STRT] System.Net.Primitives.Unit.Tests.CookieContainerTest.SetCookies_DomainCheckFailure_IgnoresLeadingDot(domains: ["test.example.com", ".example.com"])
  [40m[32minfo[39m[22m[49m: [STRT] System.Net.Primitives.Unit.Tests.CookieContainerTest.SetCookies_DomainCheckFailure_IgnoresLeadingDot(domains: ["example.com", "test.example.com"])
  [40m[32minfo[39m[22m[49m: [STRT] System.Net.Primitives.Unit.Tests.CookieContainerTest.SetCookies_DomainCheckFailure_IgnoresLeadingDot(domains: [".example.com", "test.example.com"])
  [40m[32minfo[39m[22m[49m: [STRT] System.Net.Primitives.Unit.Tests.CookieContainerTest.Ctor_CapacityPerDomainCapacityMaxCookieSize_Success
  [40m[32minfo[39m[22m[49m: [STRT] System.Net.Primitives.Unit.Tests.CookieContainerTest.SetCookies_Success(uri: http://url5.com/path, cookieHeader: "name98=value98, name99=value99", expected: [name10=value, $Version=1; name11=value; $Port="80, 90, 100", name98=value98, name99=value99])
  [40m[32minfo[39m[22m[49m: [STRT] System.Net.Primitives.Unit.Tests.CookieContainerTest.SetCookies_Success(uri: http://uri.com/, cookieHeader: "name98=value98; path=/; domain=.uri.com; expires=W"Â·Â·Â·, expected: [name99=value99, name98=value98])
  [40m[32minfo[39m[22m[49m: [STRT] System.Net.Primitives.Unit.Tests.CookieContainerTest.SetCookies_Success(uri: https://uri.com/, cookieHeader: "name98=value98; comment=comment; domain=.uri.com; "Â·Â·Â·, expected: [name99=value99, $Version=100; name98=value98; $Path=/; $Domain=.uri.com])
  [40m[32minfo[39m[22m[49m: [STRT] System.Net.Primitives.Unit.Tests.CookieContainerTest.SetCookies_Success(uri: https://uri.com/, cookieHeader: "name98=value98; comment=comment; commentURL=http:/"Â·Â·Â·, expected: [name99=value99, $Version=100; name98=value98; $Path=/; $Domain=.uri.com; $Port="80, 90, 443"])
  [40m[32minfo[39m[22m[49m: [STRT] System.Net.Primitives.Unit.Tests.CookieContainerTest.SetCookies_Success(uri: http://uri.com/, cookieHeader: "name98=value98; port=\"80, 90\", name99=value99", expected: [name99=value99, $Version=1; name98=value98; $Path=/; $Domain=.uri.com; $Port="80, 90"])
  [40m[32minfo[39m[22m[49m: [STRT] System.Net.Primitives.Unit.Tests.CookieContainerTest.SetCookies_Success(uri: https://uri.com/, cookieHeader: "name98=value98; name98=value98; comment=comment; c"Â·Â·Â·, expected: [name99=value99, $Version=100; name98=value98; $Path=/; $Domain=.uri.com; $Port="80, 90, 443"])
  [40m[32minfo[39m[22m[49m: [STRT] System.Net.Primitives.Unit.Tests.CookieContainerTest.SetCookies_Success(uri: http://uri.com/, cookieHeader: "name98=value98; commentURL=invalidurl", expected: [name98=value98])
  [40m[32minfo[39m[22m[49m: [STRT] System.Net.Primitives.Unit.Tests.CookieContainerTest.SetCookies_Success(uri: http://url6.com/, cookieHeader: "name98=value98; unknown1; unknown2=unknown", expected: [name98=value98])
  [40m[32minfo[39m[22m[49m: [STRT] System.Net.Primitives.Unit.Tests.CookieContainerTest.SetCookies_Success(uri: http://url6.com/, cookieHeader: "name98=value98; =; token=", expected: [name98=value98])
  [40m[32minfo[39m[22m[49m: [STRT] System.Net.Primitives.Unit.Tests.CookieContainerTest.SetCookies_Success(uri: http://url6.com/, cookieHeader: "name98=\"value; domain=\".domain\"; max-age=\"400\"Â·Â·Â·, expected: [name98="value; domain="])
  [40m[32minfo[39m[22m[49m: [STRT] System.Net.Primitives.Unit.Tests.CookieContainerTest.SetCookies_Success(uri: http://url6.com/, cookieHeader: "name98=\"\"", expected: [name98=""])
  [40m[32minfo[39m[22m[49m: [STRT] System.Net.Primitives.Unit.Tests.CookieContainerTest.SetCookies_Success(uri: http://uri.com/, cookieHeader: "locale=en, uuid=4b8b2dd7-d91a-49ee-80c6-8cb7df1fae"Â·Â·Â·, expected: [locale=en, uuid=4b8b2dd7-d91a-49ee-80c6-8cb7df1fae46, country=US, _m_ask_fm_session=session1])
  [40m[32minfo[39m[22m[49m: [STRT] System.Net.Primitives.Unit.Tests.CookieContainerTest.SetCookies_Success(uri: https://uri.com/, cookieHeader: "locale=en, uuid=4b8b2dd7-d91a-49ee-80c6-8cb7df1fae"Â·Â·Â·, expected: [locale=en, uuid=4b8b2dd7-d91a-49ee-80c6-8cb7df1fae46, country=US, _m_ask_fm_session=session1])
  [40m[32minfo[39m[22m[49m: [STRT] System.Net.Primitives.Unit.Tests.CookieContainerTest.SetCookies_Success(uri: http://uri.com/, cookieHeader: ",locale=en, uuid=4b8b2dd7-d91a-49ee-80c6-8cb7df1fa"Â·Â·Â·, expected: [locale=en, uuid=4b8b2dd7-d91a-49ee-80c6-8cb7df1fae46, country=US, _m_ask_fm_session=session1])
  [40m[32minfo[39m[22m[49m: [STRT] System.Net.Primitives.Unit.Tests.CookieContainerTest.SetCookies_Success(uri: https://uri.com/, cookieHeader: "          ,locale=en, uuid=4b8b2dd7-d91a-49ee-80c6"Â·Â·Â·, expected: [locale=en, uuid=4b8b2dd7-d91a-49ee-80c6-8cb7df1fae46, country=US, _m_ask_fm_session=session1])
  [40m[32minfo[39m[22m[49m: [STRT] System.Net.Primitives.Unit.Tests.CookieContainerTest.SetCookies_Success(uri: http://uri.com/, cookieHeader: "locale=en,, uuid=4b8b2dd7-d91a-49ee-80c6-8cb7df1fa"Â·Â·Â·, expected: [locale=en, uuid=4b8b2dd7-d91a-49ee-80c6-8cb7df1fae46, country=US, _m_ask_fm_session=session1])
  [40m[32minfo[39m[22m[49m: [STRT] System.Net.Primitives.Unit.Tests.CookieContainerTest.SetCookies_Success(uri: https://uri.com/, cookieHeader: "locale=en, uuid=4b8b2dd7-d91a-49ee-80c6-8cb7df1fae"Â·Â·Â·, expected: [locale=en, uuid=4b8b2dd7-d91a-49ee-80c6-8cb7df1fae46, country=US, _m_ask_fm_session=session1])
  [40m[32minfo[39m[22m[49m: [STRT] System.Net.Primitives.Unit.Tests.CookieContainerTest.SetCookies_Success(uri: http://uri.com/, cookieHeader: "locale=en, uuid=4b8b2dd7-d91a-49ee-80c6-8cb7df1fae"Â·Â·Â·, expected: [locale=en, uuid=4b8b2dd7-d91a-49ee-80c6-8cb7df1fae46, country=US, _m_ask_fm_session=session1])
  [40m[32minfo[39m[22m[49m: [STRT] System.Net.Primitives.Unit.Tests.CookieContainerTest.SetCookies_Success(uri: http://uri.com/, cookieHeader: "locale=en, uuid=4b8b2dd7-d91a-49ee-80c6-8cb7df1fae"Â·Â·Â·, expected: [locale=en, uuid=4b8b2dd7-d91a-49ee-80c6-8cb7df1fae46, country=US, _m_ask_fm_session=session1])
  [40m[32minfo[39m[22m[49m: [STRT] System.Net.Primitives.Unit.Tests.CookieContainerTest.SetCookies_Success(uri: https://uri.com/, cookieHeader: "locale=en, uuid=4b8b2dd7-d91a-49ee-80c6-8cb7df1fae"Â·Â·Â·, expected: [locale=en, uuid=4b8b2dd7-d91a-49ee-80c6-8cb7df1fae46, country=US, _m_ask_fm_session=session1])
  [40m[32minfo[39m[22m[49m: [STRT] System.Net.Primitives.Unit.Tests.CookieContainerTest.SetCookies_Success(uri: https://uri.com/, cookieHeader: "hello world=value", expected: [hello world=value])
  [40m[32minfo[39m[22m[49m: [STRT] System.Net.Primitives.Unit.Tests.CookieContainerTest.Add_ImplicitDomainOfIPv6Hostname_Success
  [40m[32minfo[39m[22m[49m: [STRT] System.Net.Primitives.Unit.Tests.CookieContainerTest.Add_SameCookieDifferentVairants_OverridesOlderVariant
  [40m[32minfo[39m[22m[49m: [STRT] System.Net.Primitives.Unit.Tests.CookieContainerTest.GetCookies_AddCookiesWithImplicitDomain_CookiesReturnedOnlyForExactDomainMatch
  [40m[32minfo[39m[22m[49m: [STRT] System.Net.Primitives.Unit.Tests.CookieContainerTest.Add_ExpiredCookie_NotAdded
  [40m[32minfo[39m[22m[49m: [STRT] System.Net.Primitives.Unit.Tests.CookieContainerTest.DomainMatching_WhenDoesNotMatch_ThrowsCookieException(uriString: "https://test.com", domain: "test.co")
  [40m[32minfo[39m[22m[49m: [STRT] System.Net.Primitives.Unit.Tests.CookieContainerTest.DomainMatching_WhenDoesNotMatch_ThrowsCookieException(uriString: "https://test.com", domain: "x.test.com")
  [40m[32minfo[39m[22m[49m: [STRT] System.Net.Primitives.Unit.Tests.CookieContainerTest.DomainMatching_WhenDoesNotMatch_ThrowsCookieException(uriString: "https://test.com", domain: "ttest.com")
  [40m[32minfo[39m[22m[49m: [STRT] System.Net.Primitives.Unit.Tests.CookieContainerTest.DomainMatching_WhenDoesNotMatch_ThrowsCookieException(uriString: "https://test.com", domain: "test.com.")
  [40m[32minfo[39m[22m[49m: [STRT] System.Net.Primitives.Unit.Tests.CookieContainerTest.DomainMatching_WhenDoesNotMatch_ThrowsCookieException(uriString: "https://test.com", domain: "..test.com")
  [40m[32minfo[39m[22m[49m: [STRT] System.Net.Primitives.Unit.Tests.CookieContainerTest.DomainMatching_WhenDoesNotMatch_ThrowsCookieException(uriString: "https://foo.test.com", domain: "yay.test.com")
  [40m[32minfo[39m[22m[49m: [STRT] System.Net.Primitives.Unit.Tests.CookieContainerTest.DomainMatching_WhenDoesNotMatch_ThrowsCookieException(uriString: "https://42.42.100.100", domain: "41.42.100.100")
  [40m[32minfo[39m[22m[49m: [STRT] System.Net.Primitives.Unit.Tests.CookieContainerTest.DomainMatching_WhenDoesNotMatch_ThrowsCookieException(uriString: "https://test.com", domain: ".com")
  [40m[32minfo[39m[22m[49m: [STRT] System.Net.Primitives.Unit.Tests.CookieContainerTest.DomainMatching_WhenDoesNotMatch_ThrowsCookieException(uriString: "https://test.com", domain: "com")
  [40m[32minfo[39m[22m[49m: [STRT] System.Net.Primitives.Unit.Tests.CookieContainerTest.DomainMatching_WhenDoesNotMatch_ThrowsCookieException(uriString: "https://1.2.3.4", domain: ".2.3.4")
  [40m[32minfo[39m[22m[49m: [STRT] System.Net.Primitives.Unit.Tests.CookieContainerTest.GetCookies_PathMatchingFollowsRfc6265(useDefaultPath: False, cookiePaths: ["/"], requestPath: "/", expectedMatches: 1)
  [40m[32minfo[39m[22m[49m: [STRT] System.Net.Primitives.Unit.Tests.CookieContainerTest.GetCookies_PathMatchingFollowsRfc6265(useDefaultPath: False, cookiePaths: ["/asd/fg/hjk/l", "/x"], requestPath: "/asd/fg/hjk/l", expectedMatches: 1)
  [40m[32minfo[39m[22m[49m: [STRT] System.Net.Primitives.Unit.Tests.CookieContainerTest.GetCookies_PathMatchingFollowsRfc6265(useDefaultPath: False, cookiePaths: ["/a", "/x"], requestPath: "/a/hello", expectedMatches: 1)
  [40m[32minfo[39m[22m[49m: [STRT] System.Net.Primitives.Unit.Tests.CookieContainerTest.GetCookies_PathMatchingFollowsRfc6265(useDefaultPath: False, cookiePaths: ["/a/foo", "/a/lol"], requestPath: "/a/foo/1/2/3", expectedMatches: 1)
  [40m[32minfo[39m[22m[49m: [STRT] System.Net.Primitives.Unit.Tests.CookieContainerTest.GetCookies_PathMatchingFollowsRfc6265(useDefaultPath: False, cookiePaths: ["/a/", "/x"], requestPath: "/a/hello", expectedMatches: 1)
  [40m[32minfo[39m[22m[49m: [STRT] System.Net.Primitives.Unit.Tests.CookieContainerTest.GetCookies_PathMatchingFollowsRfc6265(useDefaultPath: False, cookiePaths: ["", "/x"], requestPath: "/y", expectedMatches: 1)
  [40m[32minfo[39m[22m[49m: [STRT] System.Net.Primitives.Unit.Tests.CookieContainerTest.GetCookies_PathMatchingFollowsRfc6265(useDefaultPath: False, cookiePaths: ["//"], requestPath: "/", expectedMatches: 0)
  [40m[32minfo[39m[22m[49m: [STRT] System.Net.Primitives.Unit.Tests.CookieContainerTest.GetCookies_PathMatchingFollowsRfc6265(useDefaultPath: False, cookiePaths: ["//"], requestPath: "//", expectedMatches: 1)
  [40m[32minfo[39m[22m[49m: [STRT] System.Net.Primitives.Unit.Tests.CookieContainerTest.GetCookies_PathMatchingFollowsRfc6265(useDefaultPath: False, cookiePaths: ["", "/", "//", "///"], requestPath: "///", expectedMatches: 4)
  [40m[32minfo[39m[22m[49m: [STRT] System.Net.Primitives.Unit.Tests.CookieContainerTest.GetCookies_PathMatchingFollowsRfc6265(useDefaultPath: False, cookiePaths: ["/a/foo", "/x"], requestPath: "/a/foo123", expectedMatches: 0)
  [40m[32minfo[39m[22m[49m: [STRT] System.Net.Primitives.Unit.Tests.CookieContainerTest.GetCookies_PathMatchingFollowsRfc6265(useDefaultPath: True, cookiePaths: ["/"], requestPath: "/", expectedMatches: 1)
  [40m[32minfo[39m[22m[49m: [STRT] System.Net.Primitives.Unit.Tests.CookieContainerTest.GetCookies_PathMatchingFollowsRfc6265(useDefaultPath: True, cookiePaths: ["/a/b", "/a/c", "/x/y"], requestPath: "/a/hello", expectedMatches: 2)
  [40m[32minfo[39m[22m[49m: [STRT] System.Net.Primitives.Unit.Tests.CookieContainerTest.GetCookies_PathMatchingFollowsRfc6265(useDefaultPath: True, cookiePaths: ["/a/foo/b", "/a/foo/c", "/a/foo/42", "/a/lol/42"], requestPath: "/a/foo/hello", expectedMatches: 3)
  [40m[32minfo[39m[22m[49m: [STRT] System.Net.Primitives.Unit.Tests.CookieContainerTest.Ctor_CapacityPerDomainCapacityMaxCookieSize_Invalid
  [40m[32minfo[39m[22m[49m: [STRT] System.Net.Primitives.Unit.Tests.CookieContainerTest.Add_ReachedMaxCount_NotAdded
  [40m[32minfo[39m[22m[49m: [STRT] System.Net.Primitives.Unit.Tests.CookieContainerTest.Add_SetCookies_SameCookieDifferentVairants_OverridesOlderVariant
  [40m[32minfo[39m[22m[49m: [STRT] System.Net.Primitives.Unit.Tests.CookieContainerTest.GetCookies_DifferentPaths_ReturnsConsistentResults
  [40m[32minfo[39m[22m[49m: [STRT] System.Net.Primitives.Unit.Tests.CookieContainerTest.SetCookies_DomainCheckSuccess_IgnoresAbsenceOfLeadingDot(domain: ".example.com")
  [40m[32minfo[39m[22m[49m: [STRT] System.Net.Primitives.Unit.Tests.CookieContainerTest.SetCookies_DomainCheckSuccess_IgnoresAbsenceOfLeadingDot(domain: "example.com")
  [40m[32minfo[39m[22m[49m: [STRT] System.Net.Primitives.Unit.Tests.CookieContainerTest.SetCookies_DomainCheckSuccess_IgnoresAbsenceOfLeadingDot(domain: ".test.example.com")
  [40m[32minfo[39m[22m[49m: [STRT] System.Net.Primitives.Unit.Tests.CookieContainerTest.SetCookies_DomainCheckSuccess_IgnoresAbsenceOfLeadingDot(domain: "test.example.com")
  [40m[32minfo[39m[22m[49m: [STRT] System.Net.Primitives.Unit.Tests.CookieContainerTest.DomainMatching_ExplicitDomain_MatchesMultiple
  [40m[32minfo[39m[22m[49m: [STRT] System.Net.Primitives.Unit.Tests.CookieContainerTest.Ctor_Capacity_Success
  [40m[32minfo[39m[22m[49m: [STRT] System.Net.Primitives.Unit.Tests.CookieContainerTest.GetCookies_RemovesExpired_Cookies
  [40m[32minfo[39m[22m[49m: [STRT] System.Net.Primitives.Unit.Tests.CookieContainerTest.GetCookies_DifferentPaths_GetsMatchedPathsIncludingEmptyPath
  [40m[32minfo[39m[22m[49m: [STRT] System.Net.Primitives.Unit.Tests.CookieContainerTest.Add_NullCookieCollection_Throws
  [40m[32minfo[39m[22m[49m: [STRT] System.Net.Primitives.Unit.Tests.CookieContainerTest.DomainMatching_WhenMatches_Success(uriString: "https://q", domain: "q")
  [40m[32minfo[39m[22m[49m: [STRT] System.Net.Primitives.Unit.Tests.CookieContainerTest.DomainMatching_WhenMatches_Success(uriString: "https://localhost/", domain: "localhost")
  [40m[32minfo[39m[22m[49m: [STRT] System.Net.Primitives.Unit.Tests.CookieContainerTest.DomainMatching_WhenMatches_Success(uriString: "https://test.com", domain: "test.com")
  [40m[32minfo[39m[22m[49m: [STRT] System.Net.Primitives.Unit.Tests.CookieContainerTest.DomainMatching_WhenMatches_Success(uriString: "https://test.COM", domain: "tEsT.com")
  [40m[32minfo[39m[22m[49m: [STRT] System.Net.Primitives.Unit.Tests.CookieContainerTest.DomainMatching_WhenMatches_Success(uriString: "https://test.com", domain: ".test.com")
  [40m[32minfo[39m[22m[49m: [STRT] System.Net.Primitives.Unit.Tests.CookieContainerTest.DomainMatching_WhenMatches_Success(uriString: "https://yay.test.com", domain: "yay.test.com")
  [40m[32minfo[39m[22m[49m: [STRT] System.Net.Primitives.Unit.Tests.CookieContainerTest.DomainMatching_WhenMatches_Success(uriString: "https://yay.test.com", domain: ".yay.test.com")
  [40m[32minfo[39m[22m[49m: [STRT] System.Net.Primitives.Unit.Tests.CookieContainerTest.DomainMatching_WhenMatches_Success(uriString: "https://yay.test.com", domain: ".test.com")
  [40m[32minfo[39m[22m[49m: [STRT] System.Net.Primitives.Unit.Tests.CookieContainerTest.DomainMatching_WhenMatches_Success(uriString: "https://42.aaaa.bbb.cc.d.test.com", domain: "d.test.com")
  [40m[32minfo[39m[22m[49m: [STRT] System.Net.Primitives.Unit.Tests.CookieContainerTest.DomainMatching_WhenMatches_Success(uriString: "https://yay.test.com/foo/bar", domain: "test.com")
  [40m[32minfo[39m[22m[49m: [STRT] System.Net.Primitives.Unit.Tests.CookieContainerTest.DomainMatching_WhenMatches_Success(uriString: "https://127.0.1.1", domain: "127.0.1.1")
  [40m[32minfo[39m[22m[49m: [STRT] System.Net.Primitives.Unit.Tests.CookieContainerTest.DomainMatching_WhenMatches_Success(uriString: "https://42.42.100.100", domain: "42.42.100.100")
  [40m[32minfo[39m[22m[49m: [STRT] System.Net.Primitives.Unit.Tests.CookieContainerTest.GetCookies_AddCookieVersion0WithExplicitDomain_CookieReturnedForDomainAndSubdomains
  [40m[32minfo[39m[22m[49m: [STRT] System.Net.Primitives.Unit.Tests.CookieContainerTest.Add_Cookies_Success
  [40m[32minfo[39m[22m[49m: [STRT] System.Net.Primitives.Unit.Tests.CookieContainerTest.GetCookies_NonExistent_NoResults
  [40m[32minfo[39m[22m[49m: [STRT] System.Net.Primitives.Unit.Tests.CookieContainerTest.Add_ReachedMaxDomainCapacity_NotAdded
  [40m[32minfo[39m[22m[49m: [STRT] System.Net.Primitives.Unit.Tests.CookieContainerTest.SetCookies_DomainCheckSuccess_IgnoresLeadingDot(domains: ["example.com", "example.com"])
  [40m[32minfo[39m[22m[49m: [STRT] System.Net.Primitives.Unit.Tests.CookieContainerTest.SetCookies_DomainCheckSuccess_IgnoresLeadingDot(domains: ["example.com", ".example.com"])
  [40m[32minfo[39m[22m[49m: [STRT] System.Net.Primitives.Unit.Tests.CookieContainerTest.SetCookies_DomainCheckSuccess_IgnoresLeadingDot(domains: [".example.com", "example.com"])
  [40m[32minfo[39m[22m[49m: [STRT] System.Net.Primitives.Unit.Tests.CookieContainerTest.SetCookies_DomainCheckSuccess_IgnoresLeadingDot(domains: [".example.com", ".example.com"])
  [40m[32minfo[39m[22m[49m: [STRT] System.Net.Primitives.Unit.Tests.CookieContainerTest.SetCookies_DomainCheckSuccess_IgnoresVersion(url: "http://localhost", domain: ".localhost", version: null)
  [40m[32minfo[39m[22m[49m: [STRT] System.Net.Primitives.Unit.Tests.CookieContainerTest.SetCookies_DomainCheckSuccess_IgnoresVersion(url: "http://localhost", domain: "localhost", version: null)
  [40m[32minfo[39m[22m[49m: [STRT] System.Net.Primitives.Unit.Tests.CookieContainerTest.SetCookies_DomainCheckSuccess_IgnoresVersion(url: "http://localhost", domain: ".localhost", version: 0)
  [40m[32minfo[39m[22m[49m: [STRT] System.Net.Primitives.Unit.Tests.CookieContainerTest.SetCookies_DomainCheckSuccess_IgnoresVersion(url: "http://localhost", domain: "localhost", version: 0)
  [40m[32minfo[39m[22m[49m: [STRT] System.Net.Primitives.Unit.Tests.CookieContainerTest.SetCookies_DomainCheckSuccess_IgnoresVersion(url: "http://localhost", domain: ".localhost", version: 1)
  [40m[32minfo[39m[22m[49m: [STRT] System.Net.Primitives.Unit.Tests.CookieContainerTest.SetCookies_DomainCheckSuccess_IgnoresVersion(url: "http://localhost", domain: "localhost", version: 1)
  [40m[32minfo[39m[22m[49m: [STRT] System.Net.Primitives.Unit.Tests.CookieContainerTest.SetCookies_DomainCheckSuccess_IgnoresVersion(url: "http://localhost", domain: ".localhost", version: 100)
  [40m[32minfo[39m[22m[49m: [STRT] System.Net.Primitives.Unit.Tests.CookieContainerTest.SetCookies_DomainCheckSuccess_IgnoresVersion(url: "http://localhost", domain: "localhost", version: 100)
  [40m[32minfo[39m[22m[49m: [STRT] System.Net.Primitives.Unit.Tests.CookieContainerTest.SetCookies_DomainCheckSuccess_IgnoresVersion(url: "http://localhost:5000", domain: ".localhost", version: null)
  [40m[32minfo[39m[22m[49m: [STRT] System.Net.Primitives.Unit.Tests.CookieContainerTest.SetCookies_DomainCheckSuccess_IgnoresVersion(url: "http://localhost:5000", domain: "localhost", version: null)
  [40m[32minfo[39m[22m[49m: [STRT] System.Net.Primitives.Unit.Tests.CookieContainerTest.SetCookies_DomainCheckSuccess_IgnoresVersion(url: "http://localhost:5000", domain: ".localhost", version: 0)
  [40m[32minfo[39m[22m[49m: [STRT] System.Net.Primitives.Unit.Tests.CookieContainerTest.SetCookies_DomainCheckSuccess_IgnoresVersion(url: "http://localhost:5000", domain: "localhost", version: 0)
  [40m[32minfo[39m[22m[49m: [STRT] System.Net.Primitives.Unit.Tests.CookieContainerTest.SetCookies_DomainCheckSuccess_IgnoresVersion(url: "http://localhost:5000", domain: ".localhost", version: 1)
  [40m[32minfo[39m[22m[49m: [STRT] System.Net.Primitives.Unit.Tests.CookieContainerTest.SetCookies_DomainCheckSuccess_IgnoresVersion(url: "http://localhost:5000", domain: "localhost", version: 1)
  [40m[32minfo[39m[22m[49m: [STRT] System.Net.Primitives.Unit.Tests.CookieContainerTest.SetCookies_DomainCheckSuccess_IgnoresVersion(url: "http://localhost:5000", domain: ".localhost", version: 100)
  [40m[32minfo[39m[22m[49m: [STRT] System.Net.Primitives.Unit.Tests.CookieContainerTest.SetCookies_DomainCheckSuccess_IgnoresVersion(url: "http://localhost:5000", domain: "localhost", version: 100)
  [40m[32minfo[39m[22m[49m: [STRT] System.Net.Primitives.Unit.Tests.CookieContainerTest.SetCookies_DomainCheckSuccess_IgnoresVersion(url: "http://example.com", domain: ".example.com", version: null)
  [40m[32minfo[39m[22m[49m: [STRT] System.Net.Primitives.Unit.Tests.CookieContainerTest.SetCookies_DomainCheckSuccess_IgnoresVersion(url: "http://example.com", domain: "example.com", version: null)
  [40m[32minfo[39m[22m[49m: [STRT] System.Net.Primitives.Unit.Tests.CookieContainerTest.SetCookies_DomainCheckSuccess_IgnoresVersion(url: "http://example.com", domain: ".example.com", version: 0)
  [40m[32minfo[39m[22m[49m: [STRT] System.Net.Primitives.Unit.Tests.CookieContainerTest.SetCookies_DomainCheckSuccess_IgnoresVersion(url: "http://example.com", domain: "example.com", version: 0)
  [40m[32minfo[39m[22m[49m: [STRT] System.Net.Primitives.Unit.Tests.CookieContainerTest.SetCookies_DomainCheckSuccess_IgnoresVersion(url: "http://example.com", domain: ".example.com", version: 1)
  [40m[32minfo[39m[22m[49m: [STRT] System.Net.Primitives.Unit.Tests.CookieContainerTest.SetCookies_DomainCheckSuccess_IgnoresVersion(url: "http://example.com", domain: "example.com", version: 1)
  [40m[32minfo[39m[22m[49m: [STRT] System.Net.Primitives.Unit.Tests.CookieContainerTest.SetCookies_DomainCheckSuccess_IgnoresVersion(url: "http://example.com", domain: ".example.com", version: 100)
  [40m[32minfo[39m[22m[49m: [STRT] System.Net.Primitives.Unit.Tests.CookieContainerTest.SetCookies_DomainCheckSuccess_IgnoresVersion(url: "http://example.com", domain: "example.com", version: 100)
  [40m[32minfo[39m[22m[49m: [STRT] System.Net.Primitives.Unit.Tests.CookieContainerTest.SetCookies_DomainCheckSuccess_IgnoresVersion(url: "http://example.com:5000", domain: ".example.com", version: null)
  [40m[32minfo[39m[22m[49m: [STRT] System.Net.Primitives.Unit.Tests.CookieContainerTest.SetCookies_DomainCheckSuccess_IgnoresVersion(url: "http://example.com:5000", domain: "example.com", version: null)
  [40m[32minfo[39m[22m[49m: [STRT] System.Net.Primitives.Unit.Tests.CookieContainerTest.SetCookies_DomainCheckSuccess_IgnoresVersion(url: "http://example.com:5000", domain: ".example.com", version: 0)
  [40m[32minfo[39m[22m[49m: [STRT] System.Net.Primitives.Unit.Tests.CookieContainerTest.SetCookies_DomainCheckSuccess_IgnoresVersion(url: "http://example.com:5000", domain: "example.com", version: 0)
  [40m[32minfo[39m[22m[49m: [STRT] System.Net.Primitives.Unit.Tests.CookieContainerTest.SetCookies_DomainCheckSuccess_IgnoresVersion(url: "http://example.com:5000", domain: ".example.com", version: 1)
  [40m[32minfo[39m[22m[49m: [STRT] System.Net.Primitives.Unit.Tests.CookieContainerTest.SetCookies_DomainCheckSuccess_IgnoresVersion(url: "http://example.com:5000", domain: "example.com", version: 1)
  [40m[32minfo[39m[22m[49m: [STRT] System.Net.Primitives.Unit.Tests.CookieContainerTest.SetCookies_DomainCheckSuccess_IgnoresVersion(url: "http://example.com:5000", domain: ".example.com", version: 100)
  [40m[32minfo[39m[22m[49m: [STRT] System.Net.Primitives.Unit.Tests.CookieContainerTest.SetCookies_DomainCheckSuccess_IgnoresVersion(url: "http://example.com:5000", domain: "example.com", version: 100)
  [40m[32minfo[39m[22m[49m: [STRT] System.Net.Primitives.Unit.Tests.CookieContainerTest.SetCookies_DomainCheckSuccess_IgnoresVersion(url: "http://test.example.com", domain: ".test.example.com", version: null)
  [40m[32minfo[39m[22m[49m: [STRT] System.Net.Primitives.Unit.Tests.CookieContainerTest.SetCookies_DomainCheckSuccess_IgnoresVersion(url: "http://test.example.com", domain: "test.example.com", version: null)
  [40m[32minfo[39m[22m[49m: [STRT] System.Net.Primitives.Unit.Tests.CookieContainerTest.SetCookies_DomainCheckSuccess_IgnoresVersion(url: "http://test.example.com", domain: ".test.example.com", version: 0)
  [40m[32minfo[39m[22m[49m: [STRT] System.Net.Primitives.Unit.Tests.CookieContainerTest.SetCookies_DomainCheckSuccess_IgnoresVersion(url: "http://test.example.com", domain: "test.example.com", version: 0)
  [40m[32minfo[39m[22m[49m: [STRT] System.Net.Primitives.Unit.Tests.CookieContainerTest.SetCookies_DomainCheckSuccess_IgnoresVersion(url: "http://test.example.com", domain: ".test.example.com", version: 1)
  [40m[32minfo[39m[22m[49m: [STRT] System.Net.Primitives.Unit.Tests.CookieContainerTest.SetCookies_DomainCheckSuccess_IgnoresVersion(url: "http://test.example.com", domain: "test.example.com", version: 1)
  [40m[32minfo[39m[22m[49m: [STRT] System.Net.Primitives.Unit.Tests.CookieContainerTest.SetCookies_DomainCheckSuccess_IgnoresVersion(url: "http://test.example.com", domain: ".test.example.com", version: 100)
  [40m[32minfo[39m[22m[49m: [STRT] System.Net.Primitives.Unit.Tests.CookieContainerTest.SetCookies_DomainCheckSuccess_IgnoresVersion(url: "http://test.example.com", domain: "test.example.com", version: 100)
  [40m[32minfo[39m[22m[49m: [STRT] System.Net.Primitives.Unit.Tests.CookieContainerTest.SetCookies_DomainCheckSuccess_IgnoresVersion(url: "http://test.example.com:5000", domain: ".test.example.com", version: null)
  [40m[32minfo[39m[22m[49m: [STRT] System.Net.Primitives.Unit.Tests.CookieContainerTest.SetCookies_DomainCheckSuccess_IgnoresVersion(url: "http://test.example.com:5000", domain: "test.example.com", version: null)
  [40m[32minfo[39m[22m[49m: [STRT] System.Net.Primitives.Unit.Tests.CookieContainerTest.SetCookies_DomainCheckSuccess_IgnoresVersion(url: "http://test.example.com:5000", domain: ".test.example.com", version: 0)
  [40m[32minfo[39m[22m[49m: [STRT] System.Net.Primitives.Unit.Tests.CookieContainerTest.SetCookies_DomainCheckSuccess_IgnoresVersion(url: "http://test.example.com:5000", domain: "test.example.com", version: 0)
  [40m[32minfo[39m[22m[49m: [STRT] System.Net.Primitives.Unit.Tests.CookieContainerTest.SetCookies_DomainCheckSuccess_IgnoresVersion(url: "http://test.example.com:5000", domain: ".test.example.com", version: 1)
  [40m[32minfo[39m[22m[49m: [STRT] System.Net.Primitives.Unit.Tests.CookieContainerTest.SetCookies_DomainCheckSuccess_IgnoresVersion(url: "http://test.example.com:5000", domain: "test.example.com", version: 1)
  [40m[32minfo[39m[22m[49m: [STRT] System.Net.Primitives.Unit.Tests.CookieContainerTest.SetCookies_DomainCheckSuccess_IgnoresVersion(url: "http://test.example.com:5000", domain: ".test.example.com", version: 100)
  [40m[32minfo[39m[22m[49m: [STRT] System.Net.Primitives.Unit.Tests.CookieContainerTest.SetCookies_DomainCheckSuccess_IgnoresVersion(url: "http://test.example.com:5000", domain: "test.example.com", version: 100)
  [40m[32minfo[39m[22m[49m: [STRT] System.Net.Primitives.Unit.Tests.CookieContainerTest.Add_ReachedMaxCountWithExpiredCookies_Added
  [40m[32minfo[39m[22m[49m: [STRT] NetPrimitivesUnitTests.CookieInternalTest.DomainImplicit_AddCookieWithExplicitDomain_DomainImplicitFalse
  [40m[32minfo[39m[22m[49m: [STRT] NetPrimitivesUnitTests.CookieInternalTest.DomainImplicit_AddCookieWithImplicitDomain_DomainImplicitTrue
  [40m[32minfo[39m[22m[49m: [STRT] NetPrimitivesUnitTests.CookieInternalTest.CookieParserGetServer_SetCookieHeaderValue_Success(cookieString: "cookie_name=cookie_value", expectedStrings: ["cookie_name", "cookie_value"])
  [40m[32minfo[39m[22m[49m: [STRT] NetPrimitivesUnitTests.CookieInternalTest.CookieParserGetServer_SetCookieHeaderValue_Success(cookieString: "cookie_name=cookie_value;", expectedStrings: ["cookie_name", "cookie_value"])
  [40m[32minfo[39m[22m[49m: [STRT] NetPrimitivesUnitTests.CookieInternalTest.CookieParserGetServer_SetCookieHeaderValue_Success(cookieString: "cookie_name1=cookie_value1;cookie_name2=cookie_val"Â·Â·Â·, expectedStrings: ["cookie_name1", "cookie_value1", "cookie_name2", "cookie_value2"])
  [40m[32minfo[39m[22m[49m: [STRT] NetPrimitivesUnitTests.CookieInternalTest.CookieParserGetServer_SetCookieHeaderValue_Success(cookieString: "cookie_name1=cookie_value1;cookie_name2=cookie_val"Â·Â·Â·, expectedStrings: ["cookie_name1", "cookie_value1", "cookie_name2", "cookie_value2"])
  [40m[32minfo[39m[22m[49m: [STRT] System.Net.Primitives.UnitTests.Tests.CookieExceptionTest.Constructor_Message
  [40m[32minfo[39m[22m[49m: [STRT] System.Net.Primitives.UnitTests.Tests.CookieExceptionTest.Constructor_Message_InnerException(innerException: True)
  [40m[32minfo[39m[22m[49m: [STRT] System.Net.Primitives.UnitTests.Tests.CookieExceptionTest.Constructor_Message_InnerException(innerException: False)
  [40m[32minfo[39m[22m[49m: [STRT] System.Net.Primitives.Unit.Tests.CookieCollectionTest.IndexSubscript_Get_Success
  [40m[32minfo[39m[22m[49m: [STRT] System.Net.Primitives.Unit.Tests.CookieCollectionTest.IndexSubscript_Get_Invalid
  [40m[32minfo[39m[22m[49m: Finished:    System.Net.Primitives.UnitTests.Tests.dll
  [40m[32minfo[39m[22m[49m: Stored /home/pavelsavara/dev/runtime/artifacts/bin/System.Net.Primitives.UnitTests.Tests/Release/net11.0-browser/browser-wasm/wwwroot/xharness-output/testResults.xml results 63122 bytes
  [40m[32minfo[39m[22m[49m: Finished uploading 63122 bytes of RESULTXML
  [40m[32minfo[39m[22m[49m: Xml file was written to the provided writer.
  [40m[32minfo[39m[22m[49m: 
  [40m[32minfo[39m[22m[49m: === TEST EXECUTION SUMMARY ===
  [40m[32minfo[39m[22m[49m: Tests run: 186 Passed: 184 Inconclusive: 0 Failed: 0 Ignored: 0 Skipped: 2
  [40m[32minfo[39m[22m[49m: 
  [40m[32minfo[39m[22m[49m: test-main.js exiting WasmTestRunner.dll System.Net.Primitives.UnitTests.Tests.dll after 0.013666666666666667 minutes with result 0 and linear memory 193331200 bytes
  [40m[32minfo[39m[22m[49m: DOTNET: forceDisposeProxies done: 14 imports, 0 exports, 0 GCHandles, 0 JSHandles.
  [40m[32minfo[39m[22m[49m: WASM EXIT 0
  [40m[32minfo[39m[22m[49m: Waiting to flush log messages with a timeout of 120 secs ..
  [40m[32minfo[39m[22m[49m: Closing 1 browser tabs before setting the main tab to config page and quitting.
  XHarness exit code: 0
  ~/dev/runtime/artifacts/bin/System.Net.Primitives.UnitTests.Tests/Release/net11.0-browser/browser-wasm/wwwroot ~/dev/runtime/src/libraries/System.Net.Primitives/tests/UnitTests
  ----- end Fri Jan 30 12:48:20 CET 2026 ----- exit code 0 ----------------------------------------------------------
  XHarness artifacts: /home/pavelsavara/dev/runtime/artifacts/bin/System.Net.Primitives.UnitTests.Tests/Release/net11.0-browser/browser-wasm/wwwroot/xharness-output

Build succeeded.
    0 Warning(s)
    0 Error(s)

Time Elapsed 00:00:06.25
