
  Determining projects to restore...
  Restored /home/pavelsavara/dev/runtime/src/libraries/System.Runtime/tests/System.Reflection.Tests/TestAssembly/TestAssembly.csproj (in 173 ms).
  Restored /home/pavelsavara/dev/runtime/src/libraries/System.Runtime/tests/System.Reflection.Tests/InvokeEmit/System.Reflection.InvokeEmit.Tests.csproj (in 173 ms).
  3 of 5 projects are up-to-date for restore.
  TestUtilities -> /home/pavelsavara/dev/runtime/artifacts/bin/TestUtilities/Release/net10.0/TestUtilities.dll
  Microsoft.Interop.SourceGeneration -> /home/pavelsavara/dev/runtime/artifacts/bin/Microsoft.Interop.SourceGeneration/Release/netstandard2.0/Microsoft.Interop.SourceGeneration.dll
  DownlevelLibraryImportGenerator -> /home/pavelsavara/dev/runtime/artifacts/bin/DownlevelLibraryImportGenerator/Release/netstandard2.0/Microsoft.Interop.LibraryImportGenerator.Downlevel.dll
  TestAssembly -> /home/pavelsavara/dev/runtime/artifacts/bin/TestAssembly/Release/netstandard2.0/TestAssembly.dll
  WasmTriggerPublishApp for CoreCLR not implemented
  System.Reflection.InvokeEmit.Tests -> /home/pavelsavara/dev/runtime/artifacts/bin/System.Reflection.InvokeEmit.Tests/Release/net11.0/browser-wasm/System.Reflection.InvokeEmit.Tests.dll
  export SCENARIO=WasmTestOnChrome
  export XUNIT_HIDE_PASSING_OUTPUT_DIAGNOSTICS=1
  export PREPEND_PATH=/home/pavelsavara/dev/runtime/artifacts/bin/chromedriver/chromedriver_linux64
  export RuntimeIdentifier=browser-wasm
  PATH=/home/pavelsavara/dev/runtime/artifacts/bin/chromedriver/chromedriver_linux64:/home/pavelsavara/.jsvu/bin:/home/pavelsavara/dev/runtime/.dotnet:/home/pavelsavara/dev/runtime/.dotnet:/home/pavelsavara/dev/runtime/.dotnet:/home/pavelsavara/dev/runtime/.dotnet:/home/pavelsavara/dev/runtime/.dotnet:/home/pavelsavara/dev/runtime/.dotnet:/home/pavelsavara/dev/runtime/.dotnet:/home/pavelsavara/dev/runtime/.dotnet:/home/pavelsavara/dev/runtime/.dotnet:/home/pavelsavara/dev/runtime/.dotnet:/home/pavelsavara/dev/runtime/.dotnet:/home/pavelsavara/dev/runtime/.dotnet:/home/pavelsavara/dev/runtime/.dotnet:/home/pavelsavara/dev/runtime/.dotnet:/home/pavelsavara/dev/runtime/.dotnet:/home/pavelsavara/dev/runtime/.dotnet:/home/pavelsavara/dev/runtime/.dotnet:/home/pavelsavara/dev/runtime/.dotnet:/home/pavelsavara/dev/runtime/.dotnet:/home/pavelsavara/dev/runtime/.dotnet:/home/pavelsavara/dev/runtime/.dotnet:/home/pavelsavara/dev/runtime/.dotnet:/home/pavelsavara/dev/runtime/.dotnet:/home/pavelsavara/dev/runtime/.dotnet:/home/pavelsavara/dev/runtime/.dotnet:/home/pavelsavara/dev/runtime/.dotnet:/home/pavelsavara/dev/runtime/.dotnet:/home/pavelsavara/dev/runtime/.dotnet:/home/pavelsavara/dev/runtime/.dotnet:/home/pavelsavara/dev/runtime/.dotnet:/home/pavelsavara/dev/runtime/.dotnet:/home/pavelsavara/dev/runtime/.dotnet:/home/pavelsavara/dev/runtime/.dotnet:/home/pavelsavara/dev/runtime/.dotnet:/home/pavelsavara/dev/runtime/.dotnet:/home/pavelsavara/dev/runtime/.dotnet:/home/pavelsavara/dev/runtime/.dotnet:/home/pavelsavara/dev/runtime/.dotnet:/home/pavelsavara/dev/runtime/.dotnet:/home/pavelsavara/dev/runtime/.dotnet:/home/pavelsavara/dev/runtime/.dotnet:/home/pavelsavara/dev/runtime/.dotnet:/home/pavelsavara/dev/runtime/.dotnet:/home/pavelsavara/dev/runtime/.dotnet:/home/pavelsavara/dev/runtime/.dotnet:/home/pavelsavara/dev/runtime/.dotnet:/home/pavelsavara/dev/runtime/.dotnet:/home/pavelsavara/bin:/home/pavelsavara/dev/.dotnet:/home/pavelsavara/.vscode-server/data/User/globalStorage/github.copilot-chat/debugCommand:/home/pavelsavara/.vscode-server/data/User/globalStorage/github.copilot-chat/copilotCli:/home/pavelsavara/.vscode-server/bin/c9d77990917f3102ada88be140d28b038d1dd7c7/bin/remote-cli:/home/pavelsavara/bin:/home/pavelsavara/bin:/home/pavelsavara/dev/.dotnet:/usr/local/sbin:/usr/local/bin:/usr/sbin:/usr/bin:/sbin:/bin:/usr/games:/usr/local/games:/usr/lib/wsl/lib:/mnt/c/windows/system32:/mnt/c/windows:/mnt/d/.dotnet/:/mnt/c/windows/System32/Wbem:/mnt/c/windows/System32/WindowsPowerShell/v1.0/:/mnt/c/windows/System32/OpenSSH/:/mnt/c/Program Files/HP/HP One Agent:/mnt/c/Program Files/nodejs/:/mnt/c/Program Files/Meld/:/mnt/c/Program Files/dotnet/:/mnt/c/Program Files/Git/cmd:/mnt/c/Program Files/PuTTY/:/mnt/c/Program Files/PowerShell/7/:/mnt/c/Program Files/Microsoft SQL Server/170/Tools/Binn/:/mnt/c/Program Files/GitExtensions/:/mnt/c/Program Files/GitHub CLI/:/mnt/d/bin:/mnt/d/.dotnet/:/mnt/c/Users/pavelsavara/AppData/Local/Microsoft/WindowsApps:/mnt/c/Users/pavelsavara/AppData/Local/Programs/MicrosoftVSCode/bin:/mnt/c/Users/pavelsavara/AppData/Roaming/npm:/mnt/c/Users/pavelsavara/AppData/Local/Programs/Python/Python310/:/mnt/c/Users/pavelsavara/AppData/Local/Programs/Python/Python310/Scripts/:/mnt/c/Users/pavelsavara/AppData/Local/Microsoft/WinGet/Packages/GitHub.Copilot.Prerelease_Microsoft.Winget.Source_8wekyb3d8bbwe:/mnt/c/Users/pavelsavara/.dotnet/tools:/snap/bin
  EXECUTION_DIR=/home/pavelsavara/dev/runtime/artifacts/bin/System.Reflection.InvokeEmit.Tests/Release/net11.0/browser-wasm/wwwroot
  SCENARIO=WasmTestOnChrome
  XHARNESS_OUT=/home/pavelsavara/dev/runtime/artifacts/bin/System.Reflection.InvokeEmit.Tests/Release/net11.0/browser-wasm/wwwroot/xharness-output
  XHARNESS_CLI_PATH=
  HARNESS_RUNNER=dotnet xharness
  XHARNESS_COMMAND=test-browser
  MAIN_JS=
  JS_ENGINE=
  JS_ENGINE_ARGS=--browser-arg=--js-flags=--stack-trace-limit=1000
  XHARNESS_ARGS= --browser-arg=--js-flags=--stack-trace-limit=1000
  ~/dev/runtime/artifacts/bin/System.Reflection.InvokeEmit.Tests/Release/net11.0/browser-wasm/wwwroot ~/dev/runtime/src/libraries/System.Runtime/tests/System.Reflection.Tests/InvokeEmit
  ----- start Fri Jan 30 13:40:10 CET 2026 =============== To repro directly: =====================================================
  pushd /home/pavelsavara/dev/runtime/artifacts/bin/System.Reflection.InvokeEmit.Tests/Release/net11.0/browser-wasm/wwwroot
  dotnet xharness wasm test-browser --app=. --output-directory=/home/pavelsavara/dev/runtime/artifacts/bin/System.Reflection.InvokeEmit.Tests/Release/net11.0/browser-wasm/wwwroot/xharness-output -s dotnet.native.js.symbols --symbol-patterns wasm-symbol-patterns.txt --symbolicator WasmSymbolicator.dll,Microsoft.WebAssembly.Internal.SymbolicatorWrapperForXHarness --browser-path=/home/pavelsavara/dev/runtime/artifacts/bin/chrome/chrome-linux/chrome --timeout=00:30:00  --browser-arg=--js-flags=--stack-trace-limit=1000   --  --setenv=XHARNESS_LOG_TEST_START=true  --run WasmTestRunner.dll System.Reflection.InvokeEmit.Tests.dll  -notrait category=OuterLoop -notrait category=failing 
  popd
  ===========================================================================================================
  ~/dev/runtime/artifacts/bin/System.Reflection.InvokeEmit.Tests/Release/net11.0/browser-wasm/wwwroot ~/dev/runtime/artifacts/bin/System.Reflection.InvokeEmit.Tests/Release/net11.0/browser-wasm/wwwroot ~/dev/runtime/src/libraries/System.Runtime/tests/System.Reflection.Tests/InvokeEmit
  [11.0.0-prerelease.26064.3+31e0b8e08f57890f7b7004b93361d69cd4b21079] XHarness command issued: wasm test-browser --app=. --output-directory=/home/pavelsavara/dev/runtime/artifacts/bin/System.Reflection.InvokeEmit.Tests/Release/net11.0/browser-wasm/wwwroot/xharness-output -s dotnet.native.js.symbols --symbol-patterns wasm-symbol-patterns.txt --symbolicator WasmSymbolicator.dll,Microsoft.WebAssembly.Internal.SymbolicatorWrapperForXHarness --browser-path=/home/pavelsavara/dev/runtime/artifacts/bin/chrome/chrome-linux/chrome --timeout=00:30:00 --browser-arg=--js-flags=--stack-trace-limit=1000 -- --setenv=XHARNESS_LOG_TEST_START=true --run WasmTestRunner.dll System.Reflection.InvokeEmit.Tests.dll -notrait category=OuterLoop -notrait category=failing
  [40m[1m[33mwarn[39m[22m[49m: Cannot find symbols file dotnet.native.js.symbols
  [40m[32minfo[39m[22m[49m: Using Chrome from /home/pavelsavara/dev/runtime/artifacts/bin/chrome/chrome-linux/chrome
  [40m[32minfo[39m[22m[49m: Starting chromedriver with args: --js-flags=--stack-trace-limit=1000 --headless --incognito --disable-background-timer-throttling --disable-backgrounding-occluded-windows --disable-renderer-backgrounding --enable-features=NetworkService,NetworkServiceInProcess --allow-insecure-localhost --disable-breakpad --disable-component-extensions-with-background-pages --disable-dev-shm-usage --disable-extensions --disable-features=TranslateUI --disable-ipc-flooding-protection --force-color-profile=srgb --metrics-recording-only and load strategy: Normal
  Starting ChromeDriver 143.0.7499.0 (0000000000000000000000000000000000000000-0000000000000000000000000000000000000000) on port 34351
  Only local connections are allowed.
  Please see https://chromedriver.chromium.org/security-considerations for suggestions on keeping ChromeDriver safe.
  ChromeDriver was started successfully on port 34351.
  [40m[32minfo[39m[22m[49m: Running in: Mozilla/5.0 (X11; Linux x86_64) AppleWebKit/537.36 (KHTML, like Gecko) HeadlessChrome/143.0.0.0 Safari/537.36
  [40m[32minfo[39m[22m[49m: Running at: http://127.0.0.1:37661/index.html?arg=--setenv%3dXHARNESS_LOG_TEST_START%3dtrue&arg=--run&arg=WasmTestRunner.dll&arg=System.Reflection.InvokeEmit.Tests.dll&arg=-notrait&arg=category%3dOuterLoop&arg=-notrait&arg=category%3dfailing&arg=-verbosity&arg=Info
  [40m[32minfo[39m[22m[49m: could not load /runArgs.json: 404. Ignoring
  [40m[32minfo[39m[22m[49m: Incoming arguments: --setenv=XHARNESS_LOG_TEST_START=true --run WasmTestRunner.dll System.Reflection.InvokeEmit.Tests.dll -notrait category=OuterLoop -notrait category=failing -verbosity Info
  [40m[32minfo[39m[22m[49m: Application arguments: --run WasmTestRunner.dll System.Reflection.InvokeEmit.Tests.dll -notrait category=OuterLoop -notrait category=failing -verbosity Info
  [40m[32minfo[39m[22m[49m: Initializing dotnet version 11.0.0 commit hash e31907b0fbca908ed525247a1dc38cc5fba7b0ff
  [40m[32minfo[39m[22m[49m: Using threadless Xunit runner
  [40m[32minfo[39m[22m[49m: Discovering: System.Reflection.InvokeEmit.Tests.dll (method display = ClassAndMethod, method display options = None)
  [40m[32minfo[39m[22m[49m: Discovered:  System.Reflection.InvokeEmit.Tests.dll (found 209 of 209 test cases)
  [40m[32minfo[39m[22m[49m: Starting:    System.Reflection.InvokeEmit.Tests.dll
  [40m[32minfo[39m[22m[49m: [STRT] System.Reflection.Tests.MethodInvokerTests.NullableOfTMembers
  [40m[32minfo[39m[22m[49m: [STRT] System.Reflection.Tests.MethodInvokerTests.TestVoidMethod
  [40m[32minfo[39m[22m[49m: [STRT] System.Reflection.Tests.MethodInvokerTests.Args_3_NotEnoughArgs_Throws
  [40m[32minfo[39m[22m[49m: [STRT] System.Reflection.Tests.MethodInvokerTests.TestFunctionPointerAsArgType
  [40m[32minfo[39m[22m[49m: [STRT] System.Reflection.Tests.MethodInvokerTests.VerifyThisObj_Null
  [40m[32minfo[39m[22m[49m: [STRT] System.Reflection.Tests.MethodInvokerTests.Args_1
  [40m[32minfo[39m[22m[49m: [STRT] System.Reflection.Tests.MethodInvokerTests.Args_2_NotEnoughArgs_Throws
  [40m[32minfo[39m[22m[49m: [STRT] System.Reflection.Tests.MethodInvokerTests.Args_2_Extra_Throws
  [40m[32minfo[39m[22m[49m: [STRT] System.Reflection.Tests.MethodInvokerTests.Args_0_Extra_Throws
  [40m[32minfo[39m[22m[49m: [STRT] System.Reflection.Tests.MethodInvokerTests.TestFunctionPointerDirect
  [40m[32minfo[39m[22m[49m: [STRT] System.Reflection.Tests.MethodInvokerTests.Args_5
  [40m[32minfo[39m[22m[49m: [STRT] System.Reflection.Tests.MethodInvokerTests.TestProperties(typeName: "Bool", value: True)
  [40m[32minfo[39m[22m[49m: [STRT] System.Reflection.Tests.MethodInvokerTests.TestProperties(typeName: "Byte", value: 255)
  [40m[32minfo[39m[22m[49m: [STRT] System.Reflection.Tests.MethodInvokerTests.TestProperties(typeName: "ByteEnum", value: 255)
  [40m[32minfo[39m[22m[49m: [STRT] System.Reflection.Tests.MethodInvokerTests.TestProperties(typeName: "Char", value: 'S')
  [40m[32minfo[39m[22m[49m: [STRT] System.Reflection.Tests.MethodInvokerTests.TestProperties(typeName: "DateTimeOffset", value: 9999-12-31T23:59:59.9999999+00:00)
  [40m[32minfo[39m[22m[49m: [STRT] System.Reflection.Tests.MethodInvokerTests.TestProperties(typeName: "DateTime", value: 9999-12-31T23:59:59.9999999)
  [40m[32minfo[39m[22m[49m: [STRT] System.Reflection.Tests.MethodInvokerTests.TestProperties(typeName: "Decimal", value: 42)
  [40m[32minfo[39m[22m[49m: [STRT] System.Reflection.Tests.MethodInvokerTests.TestProperties(typeName: "Double", value: 42)
  [40m[32minfo[39m[22m[49m: [STRT] System.Reflection.Tests.MethodInvokerTests.TestProperties(typeName: "Guid", value: 18b2a161-48b6-4d6c-af0e-e618c73c5777)
  [40m[32minfo[39m[22m[49m: [STRT] System.Reflection.Tests.MethodInvokerTests.TestProperties(typeName: "Int16", value: 32767)
  [40m[32minfo[39m[22m[49m: [STRT] System.Reflection.Tests.MethodInvokerTests.TestProperties(typeName: "Int16Enum", value: 32767)
  [40m[32minfo[39m[22m[49m: [STRT] System.Reflection.Tests.MethodInvokerTests.TestProperties(typeName: "Int32", value: 2147483647)
  [40m[32minfo[39m[22m[49m: [STRT] System.Reflection.Tests.MethodInvokerTests.TestProperties(typeName: "Int32Enum", value: 2147483647)
  [40m[32minfo[39m[22m[49m: [STRT] System.Reflection.Tests.MethodInvokerTests.TestProperties(typeName: "Int64", value: 9223372036854775807)
  [40m[32minfo[39m[22m[49m: [STRT] System.Reflection.Tests.MethodInvokerTests.TestProperties(typeName: "Int64Enum", value: 9223372036854775807)
  [40m[32minfo[39m[22m[49m: [STRT] System.Reflection.Tests.MethodInvokerTests.TestProperties(typeName: "NInt", value: 42)
  [40m[32minfo[39m[22m[49m: [STRT] System.Reflection.Tests.MethodInvokerTests.TestProperties(typeName: "NUInt", value: 42)
  [40m[32minfo[39m[22m[49m: [STRT] System.Reflection.Tests.MethodInvokerTests.TestProperties(typeName: "Object", value: Object { })
  [40m[32minfo[39m[22m[49m: [STRT] System.Reflection.Tests.MethodInvokerTests.TestProperties(typeName: "SByte", value: 127)
  [40m[32minfo[39m[22m[49m: [STRT] System.Reflection.Tests.MethodInvokerTests.TestProperties(typeName: "SByteEnum", value: 127)
  [40m[32minfo[39m[22m[49m: [STRT] System.Reflection.Tests.MethodInvokerTests.TestProperties(typeName: "Single", value: 42)
  [40m[32minfo[39m[22m[49m: [STRT] System.Reflection.Tests.MethodInvokerTests.TestProperties(typeName: "UInt16", value: 65535)
  [40m[32minfo[39m[22m[49m: [STRT] System.Reflection.Tests.MethodInvokerTests.TestProperties(typeName: "UInt16Enum", value: 65535)
  [40m[32minfo[39m[22m[49m: [STRT] System.Reflection.Tests.MethodInvokerTests.TestProperties(typeName: "UInt32", value: 4294967295)
  [40m[32minfo[39m[22m[49m: [STRT] System.Reflection.Tests.MethodInvokerTests.TestProperties(typeName: "UInt32Enum", value: 4294967295)
  [40m[32minfo[39m[22m[49m: [STRT] System.Reflection.Tests.MethodInvokerTests.TestProperties(typeName: "UInt64", value: 18446744073709551615)
  [40m[32minfo[39m[22m[49m: [STRT] System.Reflection.Tests.MethodInvokerTests.TestProperties(typeName: "UInt64Enum", value: 18446744073709551615)
  [40m[32minfo[39m[22m[49m: [STRT] System.Reflection.Tests.MethodInvokerTests.TestFunctionPointerAsReturnType
  [40m[32minfo[39m[22m[49m: [STRT] System.Reflection.Tests.MethodInvokerTests.Args_3_Extra_Throws
  [40m[32minfo[39m[22m[49m: [STRT] System.Reflection.Tests.MethodInvokerTests.InvokeBoxedNullableRefs
  [40m[32minfo[39m[22m[49m: [STRT] System.Reflection.Tests.MethodInvokerTests.TestObject3Method
  [40m[32minfo[39m[22m[49m: [STRT] System.Reflection.Tests.MethodInvokerTests.TestFunctionPointerAsIntPtrArgType
  [40m[32minfo[39m[22m[49m: [STRT] System.Reflection.Tests.MethodInvokerTests.Args_1_Extra_Throws
  [40m[32minfo[39m[22m[49m: [STRT] System.Reflection.Tests.MethodInvokerTests.Args_1_NotEnoughArgs_Throws
  [40m[32minfo[39m[22m[49m: [STRT] System.Reflection.Tests.MethodInvokerTests.InvokeNullableEnumParameterDefaultNull
  [40m[32minfo[39m[22m[49m: [STRT] System.Reflection.Tests.MethodInvokerTests.TestObject6Method
  [40m[32minfo[39m[22m[49m: [STRT] System.Reflection.Tests.MethodInvokerTests.NullTypeValidation
  [40m[32minfo[39m[22m[49m: [STRT] System.Reflection.Tests.MethodInvokerTests.ThrowsNonWrappedException_5
  [40m[32minfo[39m[22m[49m: [STRT] System.Reflection.Tests.MethodInvokerTests.TestFunctionPointerAsUIntPtrArgType
  [40m[32minfo[39m[22m[49m: [STRT] System.Reflection.Tests.MethodInvokerTests.ValueTypeMembers_WithoutOverrides
  [40m[32minfo[39m[22m[49m: [STRT] System.Reflection.Tests.MethodInvokerTests.Args_ByRef
  [40m[32minfo[39m[22m[49m: [STRT] System.Reflection.Tests.MethodInvokerTests.ArgumentConversions(methodDeclaringType: typeof(System.Reflection.Tests.MI_BaseClass), methodName: "VirtualReturnIntMethod", obj: MI_BaseClass { }, parameters: null, result: 0)
  [40m[32minfo[39m[22m[49m: [STRT] System.Reflection.Tests.MethodInvokerTests.ArgumentConversions(methodDeclaringType: typeof(System.Reflection.Tests.MI_BaseClass), methodName: "VirtualReturnIntMethod", obj: MethodInfoDummySubClass { }, parameters: null, result: 1)
  [40m[32minfo[39m[22m[49m: [STRT] System.Reflection.Tests.MethodInvokerTests.ArgumentConversions(methodDeclaringType: typeof(System.Reflection.Tests.MI_SubClass), methodName: "ObjectMethodReturningString", obj: MI_SubClass { }, parameters: [42], result: "42")
  [40m[32minfo[39m[22m[49m: [STRT] System.Reflection.Tests.MethodInvokerTests.ArgumentConversions(methodDeclaringType: typeof(System.Reflection.Tests.MI_SubClass), methodName: "VoidMethodReturningInt", obj: MI_SubClass { }, parameters: null, result: 3)
  [40m[32minfo[39m[22m[49m: [STRT] System.Reflection.Tests.MethodInvokerTests.ArgumentConversions(methodDeclaringType: typeof(System.Reflection.Tests.MI_SubClass), methodName: "VoidMethodReturningLong", obj: MI_SubClass { }, parameters: null, result: 9223372036854775807)
  [40m[32minfo[39m[22m[49m: [STRT] System.Reflection.Tests.MethodInvokerTests.ArgumentConversions(methodDeclaringType: typeof(System.Reflection.Tests.MI_SubClass), methodName: "IntLongMethodReturningLong", obj: MI_SubClass { }, parameters: [200, 10000], result: 10200)
  [40m[32minfo[39m[22m[49m: [STRT] System.Reflection.Tests.MethodInvokerTests.ArgumentConversions(methodDeclaringType: typeof(System.Reflection.Tests.MI_SubClass), methodName: "StaticIntIntMethodReturningInt", obj: null, parameters: [10, 100], result: 110)
  [40m[32minfo[39m[22m[49m: [STRT] System.Reflection.Tests.MethodInvokerTests.ArgumentConversions(methodDeclaringType: typeof(System.Reflection.Tests.MI_SubClass), methodName: "StaticIntIntMethodReturningInt", obj: MI_SubClass { }, parameters: [10, 100], result: 110)
  [40m[32minfo[39m[22m[49m: [STRT] System.Reflection.Tests.MethodInvokerTests.ArgumentConversions(methodDeclaringType: typeof(System.Reflection.Tests.MI_BaseClass), methodName: "StaticIntMethodReturningBool", obj: MI_SubClass { }, parameters: [10], result: True)
  [40m[32minfo[39m[22m[49m: [STRT] System.Reflection.Tests.MethodInvokerTests.ArgumentConversions(methodDeclaringType: typeof(System.Reflection.Tests.MI_SubClass), methodName: "EnumMethodReturningEnum", obj: MI_SubClass { }, parameters: [Case1], result: Case2)
  [40m[32minfo[39m[22m[49m: [STRT] System.Reflection.Tests.MethodInvokerTests.ArgumentConversions(methodDeclaringType: typeof(System.Reflection.Tests.MI_Interface), methodName: "IMethod", obj: MI_SubClass { }, parameters: [], result: 10)
  [40m[32minfo[39m[22m[49m: [STRT] System.Reflection.Tests.MethodInvokerTests.ArgumentConversions(methodDeclaringType: typeof(System.Reflection.Tests.MI_Interface), methodName: "IMethodNew", obj: MI_SubClass { }, parameters: [], result: 20)
  [40m[32minfo[39m[22m[49m: [STRT] System.Reflection.Tests.MethodInvokerTests.ArgumentConversions(methodDeclaringType: typeof(System.Reflection.Tests.MethodInfoDefaultParameters), methodName: "Integer", obj: MethodInfoDefaultParameters { }, parameters: [Missing { }], result: 1)
  [40m[32minfo[39m[22m[49m: [STRT] System.Reflection.Tests.MethodInvokerTests.ArgumentConversions(methodDeclaringType: typeof(System.Reflection.Tests.MethodInfoDefaultParameters), methodName: "Integer", obj: MethodInfoDefaultParameters { }, parameters: [2], result: 2)
  [40m[32minfo[39m[22m[49m: [STRT] System.Reflection.Tests.MethodInvokerTests.ArgumentConversions(methodDeclaringType: typeof(System.Reflection.Tests.MethodInfoDefaultParameters), methodName: "AllPrimitives", obj: MethodInfoDefaultParameters { }, parameters: [Missing { }, Missing { }, Missing { }, Missing { }, Missing { }, Â·Â·Â·], result: "True, test, c, 2, -1, -3, 4, -5, 6, -7, 8, 9.1, 11"Â·Â·Â·)
  [40m[32minfo[39m[22m[49m: [STRT] System.Reflection.Tests.MethodInvokerTests.ArgumentConversions(methodDeclaringType: typeof(System.Reflection.Tests.MethodInfoDefaultParameters), methodName: "AllPrimitives", obj: MethodInfoDefaultParameters { }, parameters: [False, "value", 'd', 102, -101, Â·Â·Â·], result: "False, value, d, 102, -101, -103, 104, -105, 106, "Â·Â·Â·)
  [40m[32minfo[39m[22m[49m: [STRT] System.Reflection.Tests.MethodInvokerTests.ArgumentConversions(methodDeclaringType: typeof(System.Reflection.Tests.MethodInfoDefaultParameters), methodName: "AllPrimitives", obj: MethodInfoDefaultParameters { }, parameters: [False, Missing { }, 'd', Missing { }, -101, Â·Â·Â·], result: "False, test, d, 2, -101, -3, 104, -5, 106, -7, 108"Â·Â·Â·)
  [40m[32minfo[39m[22m[49m: [STRT] System.Reflection.Tests.MethodInvokerTests.ArgumentConversions(methodDeclaringType: typeof(System.Reflection.Tests.MethodInfoDefaultParameters), methodName: "String", obj: MethodInfoDefaultParameters { }, parameters: [Missing { }], result: "test")
  [40m[32minfo[39m[22m[49m: [STRT] System.Reflection.Tests.MethodInvokerTests.ArgumentConversions(methodDeclaringType: typeof(System.Reflection.Tests.MethodInfoDefaultParameters), methodName: "String", obj: MethodInfoDefaultParameters { }, parameters: ["value"], result: "value")
  [40m[32minfo[39m[22m[49m: [STRT] System.Reflection.Tests.MethodInvokerTests.ArgumentConversions(methodDeclaringType: typeof(System.Reflection.Tests.MethodInfoDefaultParameters), methodName: "Reference", obj: MethodInfoDefaultParameters { }, parameters: [Missing { }], result: null)
  [40m[32minfo[39m[22m[49m: [STRT] System.Reflection.Tests.MethodInvokerTests.ArgumentConversions(methodDeclaringType: typeof(System.Reflection.Tests.MethodInfoDefaultParameters), methodName: "Reference", obj: MethodInfoDefaultParameters { }, parameters: [CustomReferenceType { }], result: CustomReferenceType { })
  [40m[32minfo[39m[22m[49m: [STRT] System.Reflection.Tests.MethodInvokerTests.ArgumentConversions(methodDeclaringType: typeof(System.Reflection.Tests.MethodInfoDefaultParameters), methodName: "ValueType", obj: MethodInfoDefaultParameters { }, parameters: [Missing { }], result: System.Reflection.Tests.MethodInfoDefaultParameters+CustomValueType)
  [40m[32minfo[39m[22m[49m: [STRT] System.Reflection.Tests.MethodInvokerTests.ArgumentConversions(methodDeclaringType: typeof(System.Reflection.Tests.MethodInfoDefaultParameters), methodName: "ValueType", obj: MethodInfoDefaultParameters { }, parameters: [System.Reflection.Tests.MethodInfoDefaultParameters+CustomValueType], result: System.Reflection.Tests.MethodInfoDefaultParameters+CustomValueType)
  [40m[32minfo[39m[22m[49m: [STRT] System.Reflection.Tests.MethodInvokerTests.ArgumentConversions(methodDeclaringType: typeof(System.Reflection.Tests.MethodInfoDefaultParameters), methodName: "DateTime", obj: MethodInfoDefaultParameters { }, parameters: [Missing { }], result: 0001-01-01T00:00:00.0000042)
  [40m[32minfo[39m[22m[49m: [STRT] System.Reflection.Tests.MethodInvokerTests.ArgumentConversions(methodDeclaringType: typeof(System.Reflection.Tests.MethodInfoDefaultParameters), methodName: "DateTime", obj: MethodInfoDefaultParameters { }, parameters: [0001-01-01T00:00:00.0000043], result: 0001-01-01T00:00:00.0000043)
  [40m[32minfo[39m[22m[49m: [STRT] System.Reflection.Tests.MethodInvokerTests.ArgumentConversions(methodDeclaringType: typeof(System.Reflection.Tests.MethodInfoDefaultParameters), methodName: "DecimalWithAttribute", obj: MethodInfoDefaultParameters { }, parameters: [Missing { }], result: -3689348816030400512.4)
  [40m[32minfo[39m[22m[49m: [STRT] System.Reflection.Tests.MethodInvokerTests.ArgumentConversions(methodDeclaringType: typeof(System.Reflection.Tests.MethodInfoDefaultParameters), methodName: "DecimalWithAttribute", obj: MethodInfoDefaultParameters { }, parameters: [-25825441708776829748.4], result: -25825441708776829748.4)
  [40m[32minfo[39m[22m[49m: [STRT] System.Reflection.Tests.MethodInvokerTests.ArgumentConversions(methodDeclaringType: typeof(System.Reflection.Tests.MethodInfoDefaultParameters), methodName: "Decimal", obj: MethodInfoDefaultParameters { }, parameters: [Missing { }], result: 3.14)
  [40m[32minfo[39m[22m[49m: [STRT] System.Reflection.Tests.MethodInvokerTests.ArgumentConversions(methodDeclaringType: typeof(System.Reflection.Tests.MethodInfoDefaultParameters), methodName: "Decimal", obj: MethodInfoDefaultParameters { }, parameters: [103.14], result: 103.14)
  [40m[32minfo[39m[22m[49m: [STRT] System.Reflection.Tests.MethodInvokerTests.ArgumentConversions(methodDeclaringType: typeof(System.Reflection.Tests.MethodInfoDefaultParameters), methodName: "NullableInt", obj: MethodInfoDefaultParameters { }, parameters: [Missing { }], result: null)
  [40m[32minfo[39m[22m[49m: [STRT] System.Reflection.Tests.MethodInvokerTests.ArgumentConversions(methodDeclaringType: typeof(System.Reflection.Tests.MethodInfoDefaultParameters), methodName: "NullableInt", obj: MethodInfoDefaultParameters { }, parameters: [42], result: 42)
  [40m[32minfo[39m[22m[49m: [STRT] System.Reflection.Tests.MethodInvokerTests.ArgumentConversions(methodDeclaringType: typeof(System.Reflection.Tests.MethodInfoDefaultParameters), methodName: "Enum", obj: MethodInfoDefaultParameters { }, parameters: [Missing { }], result: Case1)
  [40m[32minfo[39m[22m[49m: [STRT] System.Reflection.Tests.MethodInvokerTests.ArgumentConversions(methodDeclaringType: typeof(System.Reflection.Tests.MethodInfoDefaultParametersInterface), methodName: "InterfaceMethod", obj: MethodInfoDefaultParameters { }, parameters: [Missing { }, Missing { }, Missing { }], result: "1, test, 3.14")
  [40m[32minfo[39m[22m[49m: [STRT] System.Reflection.Tests.MethodInvokerTests.ArgumentConversions(methodDeclaringType: typeof(System.Reflection.Tests.MethodInfoDefaultParametersInterface), methodName: "InterfaceMethod", obj: MethodInfoDefaultParameters { }, parameters: [101, "value", 103.14], result: "101, value, 103.14")
  [40m[32minfo[39m[22m[49m: [STRT] System.Reflection.Tests.MethodInvokerTests.ArgumentConversions(methodDeclaringType: typeof(System.Reflection.Tests.MethodInfoDefaultParameters), methodName: "StaticMethod", obj: null, parameters: [Missing { }, Missing { }, Missing { }], result: "1, test, 3.14")
  [40m[32minfo[39m[22m[49m: [STRT] System.Reflection.Tests.MethodInvokerTests.ArgumentConversions(methodDeclaringType: typeof(System.Reflection.Tests.MethodInfoDefaultParameters), methodName: "StaticMethod", obj: null, parameters: [101, "value", 103.14], result: "101, value, 103.14")
  [40m[32minfo[39m[22m[49m: [STRT] System.Reflection.Tests.MethodInvokerTests.ArgumentConversions(methodDeclaringType: typeof(System.Reflection.Tests.MethodInfoDefaultParameters), methodName: "OptionalObjectParameter", obj: MethodInfoDefaultParameters { }, parameters: ["value"], result: "value")
  [40m[32minfo[39m[22m[49m: [STRT] System.Reflection.Tests.MethodInvokerTests.ArgumentConversions(methodDeclaringType: typeof(System.Reflection.Tests.MethodInfoDefaultParameters), methodName: "String", obj: MethodInfoDefaultParameters { }, parameters: ["value"], result: "value")
  [40m[32minfo[39m[22m[49m: [STRT] System.Reflection.Tests.MethodInvokerTests.TestObject5Method
  [40m[32minfo[39m[22m[49m: [STRT] System.Reflection.Tests.MethodInvokerTests.VerifyThisObj_WrongType
  [40m[32minfo[39m[22m[49m: [STRT] System.Reflection.Tests.MethodInvokerTests.VerifyInnerException
  [40m[32minfo[39m[22m[49m: [STRT] System.Reflection.Tests.MethodInvokerTests.Args_3
  [40m[32minfo[39m[22m[49m: [STRT] System.Reflection.Tests.MethodInvokerTests.InvokeEnum
  [40m[32minfo[39m[22m[49m: [STRT] System.Reflection.Tests.MethodInvokerTests.ValueTypeMembers_WithOverrides
  [40m[32minfo[39m[22m[49m: [STRT] System.Reflection.Tests.MethodInvokerTests.Args_Span_NotEnoughArgs_Throws
  [40m[32minfo[39m[22m[49m: [STRT] System.Reflection.Tests.MethodInvokerTests.Args_2
  [40m[32minfo[39m[22m[49m: [STRT] System.Reflection.Tests.MethodInvokerTests.InvokeNullableRefs
  [40m[32minfo[39m[22m[49m: [STRT] System.Reflection.Tests.MethodInvokerTests.CopyBackWithByRefArgs
  [40m[32minfo[39m[22m[49m: [STRT] System.Reflection.Tests.MethodInvokerTests.Args_Span_Extra_Throws
  [40m[32minfo[39m[22m[49m: [STRT] System.Reflection.Tests.MethodInvokerTests.Args_4
  [40m[32minfo[39m[22m[49m: [STRT] System.Reflection.Tests.MethodInvokerTests.InvokeNullableEnumParameterDefaultYes
  [40m[32minfo[39m[22m[49m: [STRT] System.Reflection.Tests.MethodInvokerTests.ThrowsNonWrappedException_0
  [40m[32minfo[39m[22m[49m: [STRT] System.Reflection.Tests.MethodInvokerTests.Args_Pointer
  [40m[32minfo[39m[22m[49m: [STRT] System.Reflection.Tests.MethodInvokerTests.Args_0
  [40m[32minfo[39m[22m[49m: [STRT] System.Reflection.Tests.MethodInvokerTests.TestObject4Method
  [40m[32minfo[39m[22m[49m: [STRT] System.Reflection.Tests.MethodInvokerTests.ThrowsNonWrappedException_1
  [40m[32minfo[39m[22m[49m: [STRT] System.Reflection.Tests.MethodInvokerTests.TestIEnumerable1Method
  [40m[32minfo[39m[22m[49m: [STRT] System.Reflection.Tests.MethodInvokerTests.InvokeNonNullableEnumParameterDefaultYes
  [40m[32minfo[39m[22m[49m: [STRT] System.Reflection.Tests.MethodInvokerTests.InvokeNullableEnumParameterDefaultNo
  [40m[32minfo[39m[22m[49m: [STRT] System.Reflection.Tests.MethodInvokerTests.TestIEnumerable2Method
  [40m[32minfo[39m[22m[49m: [STRT] System.Reflection.Tests.MethodInvokerTests.TestObject2Method
  [40m[32minfo[39m[22m[49m: [STRT] System.Reflection.Tests.MethodInvokerTests.Args_SystemPointer
  [40m[32minfo[39m[22m[49m: [STRT] System.Reflection.Tests.PropertyInfoTests.CanRead(type: typeof(System.Reflection.Tests.PropertyInfoTests+BaseClass), name: "ReadWriteProperty1", expected: True)
  [40m[32minfo[39m[22m[49m: [STRT] System.Reflection.Tests.PropertyInfoTests.CanRead(type: typeof(System.Reflection.Tests.PropertyInfoTests+BaseClass), name: "ReadOnlyProperty", expected: True)
  [40m[32minfo[39m[22m[49m: [STRT] System.Reflection.Tests.PropertyInfoTests.CanRead(type: typeof(System.Reflection.Tests.PropertyInfoTests+BaseClass), name: "WriteOnlyProperty", expected: False)
  [40m[32minfo[39m[22m[49m: [STRT] System.Reflection.Tests.PropertyInfoTests.IsSpecialName(type: typeof(System.Reflection.Tests.PropertyInfoTests+BaseClass), name: "ReadWriteProperty1", expected: False)
  [40m[32minfo[39m[22m[49m: [STRT] System.Reflection.Tests.PropertyInfoTests.IsSpecialName(type: typeof(System.Reflection.Tests.PropertyInfoTests+BaseClass), name: "ReadOnlyProperty", expected: False)
  [40m[32minfo[39m[22m[49m: [STRT] System.Reflection.Tests.PropertyInfoTests.IsSpecialName(type: typeof(System.Reflection.Tests.PropertyInfoTests+BaseClass), name: "WriteOnlyProperty", expected: False)
  [40m[32minfo[39m[22m[49m: [STRT] System.Reflection.Tests.PropertyInfoTests.SetValue_Invalid(type: typeof(System.Reflection.Tests.PropertyInfoTests+AdvancedIndexerClass), name: "Item", obj: AdvancedIndexerClass { _setValue = null, Item = (throws TargetParameterCountException) }, value: "value", index: [99, 2, ["a"]], exceptionType: typeof(System.Reflection.TargetParameterCountException))
  [40m[32minfo[39m[22m[49m: [STRT] System.Reflection.Tests.PropertyInfoTests.SetValue_Invalid(type: typeof(System.Reflection.Tests.PropertyInfoTests+BaseClass), name: "WriteOnlyProperty", obj: null, value: null, index: null, exceptionType: typeof(System.Reflection.TargetException))
  [40m[32minfo[39m[22m[49m: [STRT] System.Reflection.Tests.PropertyInfoTests.SetValue_Invalid(type: typeof(System.Reflection.Tests.PropertyInfoTests+AdvancedIndexerClass), name: "Item", obj: null, value: "value", index: [99, 2, ["a"], "b"], exceptionType: typeof(System.Reflection.TargetException))
  [40m[32minfo[39m[22m[49m: [STRT] System.Reflection.Tests.PropertyInfoTests.SetValue_Invalid(type: typeof(System.Reflection.Tests.PropertyInfoTests+BaseClass), name: "ReadOnlyProperty", obj: BaseClass { _objectArray = null, _readOnlyProperty = 100, _readWriteProperty1 = -2, _readWriteProperty2 = -1, _stringArray = ["abc", "def", "ghi", "jkl"], Â·Â·Â· }, value: 100, index: null, exceptionType: typeof(System.ArgumentException))
  [40m[32minfo[39m[22m[49m: [STRT] System.Reflection.Tests.PropertyInfoTests.SetValue_Invalid(type: typeof(System.Reflection.Tests.PropertyInfoTests+AdvancedIndexerClass), name: "Item", obj: AdvancedIndexerClass { _setValue = null, Item = (throws TargetParameterCountException) }, value: "value", index: [99, 2, "invalid", "string"], exceptionType: typeof(System.ArgumentException))
  [40m[32minfo[39m[22m[49m: [STRT] System.Reflection.Tests.PropertyInfoTests.SetValue_Invalid(type: typeof(System.Reflection.Tests.PropertyInfoTests+AdvancedIndexerClass), name: "Item", obj: AdvancedIndexerClass { _setValue = null, Item = (throws TargetParameterCountException) }, value: 100, index: [99, 2, ["a"], "b"], exceptionType: typeof(System.ArgumentException))
  [40m[32minfo[39m[22m[49m: [STRT] System.Reflection.Tests.PropertyInfoTests.SetValue_Invalid(type: typeof(System.Reflection.Tests.PropertyInfoTests+BaseClass), name: "WriteOnlyProperty", obj: BaseClass { _objectArray = null, _readOnlyProperty = 100, _readWriteProperty1 = -2, _readWriteProperty2 = -1, _stringArray = ["abc", "def", "ghi", "jkl"], Â·Â·Â· }, value: "string", index: null, exceptionType: typeof(System.ArgumentException))
  [40m[32minfo[39m[22m[49m: [STRT] System.Reflection.Tests.PropertyInfoTests.CanWrite(type: typeof(System.Reflection.Tests.PropertyInfoTests+BaseClass), name: "ReadWriteProperty1", expected: True)
  [40m[32minfo[39m[22m[49m: [STRT] System.Reflection.Tests.PropertyInfoTests.CanWrite(type: typeof(System.Reflection.Tests.PropertyInfoTests+BaseClass), name: "ReadOnlyProperty", expected: False)
  [40m[32minfo[39m[22m[49m: [STRT] System.Reflection.Tests.PropertyInfoTests.CanWrite(type: typeof(System.Reflection.Tests.PropertyInfoTests+BaseClass), name: "WriteOnlyProperty", expected: True)
  [40m[32minfo[39m[22m[49m: [STRT] System.Reflection.Tests.PropertyInfoTests.GetGetMethod_GetSetMethod(name: "PublicGetIntProperty", publicGet: True, nonPublicGet: True, publicSet: False, nonPublicSet: False)
  [40m[32minfo[39m[22m[49m: [STRT] System.Reflection.Tests.PropertyInfoTests.GetGetMethod_GetSetMethod(name: "PublicGetPublicSetStringProperty", publicGet: True, nonPublicGet: True, publicSet: True, nonPublicSet: True)
  [40m[32minfo[39m[22m[49m: [STRT] System.Reflection.Tests.PropertyInfoTests.GetGetMethod_GetSetMethod(name: "PublicGetDoubleProperty", publicGet: True, nonPublicGet: True, publicSet: False, nonPublicSet: False)
  [40m[32minfo[39m[22m[49m: [STRT] System.Reflection.Tests.PropertyInfoTests.GetGetMethod_GetSetMethod(name: "PublicGetFloatProperty", publicGet: True, nonPublicGet: True, publicSet: False, nonPublicSet: False)
  [40m[32minfo[39m[22m[49m: [STRT] System.Reflection.Tests.PropertyInfoTests.GetGetMethod_GetSetMethod(name: "PublicGetEnumProperty", publicGet: True, nonPublicGet: True, publicSet: True, nonPublicSet: True)
  [40m[32minfo[39m[22m[49m: [STRT] System.Reflection.Tests.PropertyInfoTests.GetGetMethod_GetSetMethod(name: "PrivateGetPrivateSetIntProperty", publicGet: False, nonPublicGet: True, publicSet: False, nonPublicSet: True)
  [40m[32minfo[39m[22m[49m: [STRT] System.Reflection.Tests.PropertyInfoTests.GetGetMethod_GetSetMethod(name: "PublicGetPrivateSetProperty", publicGet: True, nonPublicGet: True, publicSet: False, nonPublicSet: True)
  [40m[32minfo[39m[22m[49m: [STRT] System.Reflection.Tests.PropertyInfoTests.GetGetMethod_GetSetMethod(name: "PrivateGetPublicSetProperty", publicGet: False, nonPublicGet: True, publicSet: True, nonPublicSet: True)
  [40m[32minfo[39m[22m[49m: [STRT] System.Reflection.Tests.PropertyInfoTests.GetGetMethod_GetSetMethod(name: "PrivateGetPublicInitProperty", publicGet: False, nonPublicGet: True, publicSet: True, nonPublicSet: True)
  [40m[32minfo[39m[22m[49m: [STRT] System.Reflection.Tests.PropertyInfoTests.GetMethod_SetMethod(type: typeof(System.Reflection.Tests.PropertyInfoTests+GetSetClass), name: "ReadWriteProperty", hasGetter: True, hasSetter: True)
  [40m[32minfo[39m[22m[49m: [STRT] System.Reflection.Tests.PropertyInfoTests.GetMethod_SetMethod(type: typeof(System.Reflection.Tests.PropertyInfoTests+GetSetClass), name: "ReadOnlyProperty", hasGetter: True, hasSetter: False)
  [40m[32minfo[39m[22m[49m: [STRT] System.Reflection.Tests.PropertyInfoTests.GetMethod_SetMethod(type: typeof(System.Reflection.Tests.PropertyInfoTests+GetSetClass), name: "WriteOnlyProperty", hasGetter: False, hasSetter: True)
  [40m[32minfo[39m[22m[49m: [STRT] System.Reflection.Tests.PropertyInfoTests.GetMethod_SetMethod(type: typeof(System.Reflection.Tests.PropertyInfoTests+GetSetClass), name: "Item", hasGetter: True, hasSetter: True)
  [40m[32minfo[39m[22m[49m: [STRT] System.Reflection.Tests.PropertyInfoTests.GetMethod_SetMethod(type: typeof(System.Reflection.Tests.PropertyInfoTests+GetSetStruct), name: "ReadWriteProperty", hasGetter: True, hasSetter: True)
  [40m[32minfo[39m[22m[49m: [STRT] System.Reflection.Tests.PropertyInfoTests.GetMethod_SetMethod(type: typeof(System.Reflection.Tests.PropertyInfoTests+GetSetStruct), name: "ReadOnlyProperty", hasGetter: True, hasSetter: False)
  [40m[32minfo[39m[22m[49m: [STRT] System.Reflection.Tests.PropertyInfoTests.GetMethod_SetMethod(type: typeof(System.Reflection.Tests.PropertyInfoTests+GetSetStruct), name: "WriteOnlyProperty", hasGetter: False, hasSetter: True)
  [40m[32minfo[39m[22m[49m: [STRT] System.Reflection.Tests.PropertyInfoTests.GetMethod_SetMethod(type: typeof(System.Reflection.Tests.PropertyInfoTests+GetSetStruct), name: "Item", hasGetter: True, hasSetter: False)
  [40m[32minfo[39m[22m[49m: [STRT] System.Reflection.Tests.PropertyInfoTests.GetMethod_SetMethod(type: typeof(System.Reflection.Tests.PropertyInfoTests+GetSetInterface), name: "ReadWriteProperty", hasGetter: True, hasSetter: True)
  [40m[32minfo[39m[22m[49m: [STRT] System.Reflection.Tests.PropertyInfoTests.GetMethod_SetMethod(type: typeof(System.Reflection.Tests.PropertyInfoTests+GetSetInterface), name: "ReadOnlyProperty", hasGetter: True, hasSetter: False)
  [40m[32minfo[39m[22m[49m: [STRT] System.Reflection.Tests.PropertyInfoTests.GetMethod_SetMethod(type: typeof(System.Reflection.Tests.PropertyInfoTests+GetSetInterface), name: "WriteOnlyProperty", hasGetter: False, hasSetter: True)
  [40m[32minfo[39m[22m[49m: [STRT] System.Reflection.Tests.PropertyInfoTests.GetMethod_SetMethod(type: typeof(System.Reflection.Tests.PropertyInfoTests+GetSetInterface), name: "Item", hasGetter: False, hasSetter: True)
  [40m[32minfo[39m[22m[49m: [STRT] System.Reflection.Tests.PropertyInfoTests.GetPublicProperties(name: "PublicGetIntProperty", isPublic: True)
  [40m[32minfo[39m[22m[49m: [STRT] System.Reflection.Tests.PropertyInfoTests.GetPublicProperties(name: "PublicGetPublicSetStringProperty", isPublic: True)
  [40m[32minfo[39m[22m[49m: [STRT] System.Reflection.Tests.PropertyInfoTests.GetPublicProperties(name: "PublicGetDoubleProperty", isPublic: True)
  [40m[32minfo[39m[22m[49m: [STRT] System.Reflection.Tests.PropertyInfoTests.GetPublicProperties(name: "PublicGetFloatProperty", isPublic: True)
  [40m[32minfo[39m[22m[49m: [STRT] System.Reflection.Tests.PropertyInfoTests.GetPublicProperties(name: "PublicGetEnumProperty", isPublic: True)
  [40m[32minfo[39m[22m[49m: [STRT] System.Reflection.Tests.PropertyInfoTests.GetPublicProperties(name: "PrivateGetPrivateSetIntProperty", isPublic: False)
  [40m[32minfo[39m[22m[49m: [STRT] System.Reflection.Tests.PropertyInfoTests.GetPublicProperties(name: "PublicGetPrivateSetProperty", isPublic: True)
  [40m[32minfo[39m[22m[49m: [STRT] System.Reflection.Tests.PropertyInfoTests.GetPublicProperties(name: "PrivateGetPublicSetProperty", isPublic: True)
  [40m[32minfo[39m[22m[49m: [STRT] System.Reflection.Tests.PropertyInfoTests.GetPublicProperties(name: "PrivateGetPublicInitProperty", isPublic: True)
  [40m[32minfo[39m[22m[49m: [STRT] System.Reflection.Tests.PropertyInfoTests.GetValue_Invalid(type: typeof(System.Reflection.Tests.PropertyInfoTests+CustomIndexerNameClass), name: "BasicIndexer", obj: CustomIndexerNameClass { BasicIndexer = (throws TargetParameterCountException) }, index: [1, "2", 3], exceptionType: typeof(System.Reflection.TargetParameterCountException))
  [40m[32minfo[39m[22m[49m: [STRT] System.Reflection.Tests.PropertyInfoTests.GetValue_Invalid(type: typeof(System.Reflection.Tests.PropertyInfoTests+CustomIndexerNameClass), name: "BasicIndexer", obj: CustomIndexerNameClass { BasicIndexer = (throws TargetParameterCountException) }, index: null, exceptionType: typeof(System.Reflection.TargetParameterCountException))
  [40m[32minfo[39m[22m[49m: [STRT] System.Reflection.Tests.PropertyInfoTests.GetValue_Invalid(type: typeof(System.Reflection.Tests.PropertyInfoTests+CustomIndexerNameClass), name: "BasicIndexer", obj: CustomIndexerNameClass { BasicIndexer = (throws TargetParameterCountException) }, index: ["1", "2"], exceptionType: typeof(System.ArgumentException))
  [40m[32minfo[39m[22m[49m: [STRT] System.Reflection.Tests.PropertyInfoTests.GetValue_Invalid(type: typeof(System.Reflection.Tests.PropertyInfoTests+BaseClass), name: "WriteOnlyProperty", obj: BaseClass { _objectArray = null, _readOnlyProperty = 100, _readWriteProperty1 = -2, _readWriteProperty2 = -1, _stringArray = ["abc", "def", "ghi", "jkl"], Â·Â·Â· }, index: null, exceptionType: typeof(System.ArgumentException))
  [40m[32minfo[39m[22m[49m: [STRT] System.Reflection.Tests.PropertyInfoTests.GetValue_Invalid(type: typeof(System.Reflection.Tests.PropertyInfoTests+CustomIndexerNameClass), name: "BasicIndexer", obj: null, index: ["1", "2"], exceptionType: typeof(System.Reflection.TargetException))
  [40m[32minfo[39m[22m[49m: [STRT] System.Reflection.Tests.PropertyInfoTests.GetValue(type: typeof(System.Reflection.Tests.PropertyInfoTests+BaseClass), name: "ReadWriteProperty2", obj: BaseClass { _objectArray = null, _readOnlyProperty = 100, _readWriteProperty1 = -2, _readWriteProperty2 = -1, _stringArray = ["abc", "def", "ghi", "jkl"], Â·Â·Â· }, index: null, expected: -1)
  [40m[32minfo[39m[22m[49m: [STRT] System.Reflection.Tests.PropertyInfoTests.GetValue(type: typeof(System.Reflection.Tests.PropertyInfoTests+BaseClass), name: "ReadWriteProperty3", obj: typeof(System.Reflection.Tests.PropertyInfoTests+BaseClass), index: null, expected: -2)
  [40m[32minfo[39m[22m[49m: [STRT] System.Reflection.Tests.PropertyInfoTests.GetValue(type: typeof(System.Reflection.Tests.PropertyInfoTests+BaseClass), name: "Name", obj: BaseClass { _objectArray = null, _readOnlyProperty = 100, _readWriteProperty1 = -2, _readWriteProperty2 = -1, _stringArray = ["abc", "def", "ghi", "jkl"], Â·Â·Â· }, index: null, expected: "hello")
  [40m[32minfo[39m[22m[49m: [STRT] System.Reflection.Tests.PropertyInfoTests.GetValue(type: typeof(System.Reflection.Tests.PropertyInfoTests+CustomIndexerNameClass), name: "BasicIndexer", obj: CustomIndexerNameClass { BasicIndexer = (throws TargetParameterCountException) }, index: [1, "2"], expected: null)
  [40m[32minfo[39m[22m[49m: [STRT] System.Reflection.Tests.PropertyInfoTests.GetValue(type: typeof(System.Reflection.Tests.PropertyInfoTests+BaseClass), name: "ReadOnlyProperty", obj: BaseClass { _objectArray = null, _readOnlyProperty = 100, _readWriteProperty1 = -2, _readWriteProperty2 = -1, _stringArray = ["abc", "def", "ghi", "jkl"], Â·Â·Â· }, index: null, expected: 100)
  [40m[32minfo[39m[22m[49m: [STRT] System.Reflection.Tests.PropertyInfoTests.DeclaringType(type: typeof(System.Reflection.Tests.PropertyInfoTests+BaseClass), name: "ReadWriteProperty1")
  [40m[32minfo[39m[22m[49m: [STRT] System.Reflection.Tests.PropertyInfoTests.DeclaringType(type: typeof(System.Reflection.Tests.PropertyInfoTests+SubClass), name: "NewProperty")
  [40m[32minfo[39m[22m[49m: [STRT] System.Reflection.Tests.PropertyInfoTests.SetValue(type: typeof(System.Reflection.Tests.PropertyInfoTests+BaseClass), name: "StaticObjectArrayProperty", obj: typeof(System.Reflection.Tests.PropertyInfoTests+BaseClass), value: ["hello"], index: null, expected: ["hello"])
  [40m[32minfo[39m[22m[49m: [STRT] System.Reflection.Tests.PropertyInfoTests.SetValue(type: typeof(System.Reflection.Tests.PropertyInfoTests+BaseClass), name: "ObjectArrayProperty", obj: BaseClass { _objectArray = null, _readOnlyProperty = 100, _readWriteProperty1 = -2, _readWriteProperty2 = -1, _stringArray = ["abc", "def", "ghi", "jkl"], Â·Â·Â· }, value: ["hello"], index: null, expected: ["hello"])
  [40m[32minfo[39m[22m[49m: [STRT] System.Reflection.Tests.PropertyInfoTests.SetValue(type: typeof(System.Reflection.Tests.PropertyInfoTests+BaseClass), name: "Name", obj: BaseClass { _objectArray = null, _readOnlyProperty = 100, _readWriteProperty1 = -2, _readWriteProperty2 = -1, _stringArray = ["abc", "def", "ghi", "jkl"], Â·Â·Â· }, value: "hello", index: null, expected: "hello")
  [40m[32minfo[39m[22m[49m: [STRT] System.Reflection.Tests.PropertyInfoTests.SetValue(type: typeof(System.Reflection.Tests.PropertyInfoTests+AdvancedIndexerClass), name: "Item", obj: AdvancedIndexerClass { _setValue = null, Item = (throws TargetParameterCountException) }, value: "hello", index: [99, 2, ["hello"], "f"], expected: "992f1")
  [40m[32minfo[39m[22m[49m: [STRT] System.Reflection.Tests.PropertyInfoTests.SetValue(type: typeof(System.Reflection.Tests.PropertyInfoTests+AdvancedIndexerClass), name: "Item", obj: AdvancedIndexerClass { _setValue = null, Item = (throws TargetParameterCountException) }, value: "pw", index: [99, 2, ["hello"], "SOME string"], expected: "992SOME string1")
  [40m[32minfo[39m[22m[49m: [STRT] System.Reflection.Tests.PropertyInfoTests.SetValue(type: typeof(System.Reflection.Tests.PropertyInfoTests+BaseClass), name: "ShortEnumProperty", obj: BaseClass { _objectArray = null, _readOnlyProperty = 100, _readWriteProperty1 = -2, _readWriteProperty2 = -1, _stringArray = ["abc", "def", "ghi", "jkl"], Â·Â·Â· }, value: 1, index: null, expected: 1)
  [40m[32minfo[39m[22m[49m: [STRT] System.Reflection.Tests.PropertyInfoTests.SetValue(type: typeof(System.Reflection.Tests.PropertyInfoTests+BaseClass), name: "IntEnumProperty", obj: BaseClass { _objectArray = null, _readOnlyProperty = 100, _readWriteProperty1 = -2, _readWriteProperty2 = -1, _stringArray = ["abc", "def", "ghi", "jkl"], Â·Â·Â· }, value: 2, index: null, expected: 2)
  [40m[32minfo[39m[22m[49m: [STRT] System.Reflection.Tests.PropertyInfoTests.SetValue(type: typeof(System.Reflection.Tests.PropertyInfoTests+BaseClass), name: "LongEnumProperty", obj: BaseClass { _objectArray = null, _readOnlyProperty = 100, _readWriteProperty1 = -2, _readWriteProperty2 = -1, _stringArray = ["abc", "def", "ghi", "jkl"], Â·Â·Â· }, value: 3, index: null, expected: 3)
  [40m[32minfo[39m[22m[49m: [STRT] System.Reflection.Tests.PropertyInfoTests.PropertyType(type: typeof(System.Reflection.Tests.PropertyInfoTests+BaseClass), name: "ReadWriteProperty1", expected: typeof(short))
  [40m[32minfo[39m[22m[49m: [STRT] System.Reflection.Tests.PropertyInfoTests.PropertyType(type: typeof(System.Reflection.Tests.PropertyInfoTests+BaseClass), name: "ReadWriteProperty2", expected: typeof(double))
  [40m[32minfo[39m[22m[49m: [STRT] System.Reflection.Tests.PropertyInfoTests.PropertyType(type: typeof(System.Reflection.Tests.PropertyInfoTests+SubClass), name: "NewProperty", expected: typeof(int))
  [40m[32minfo[39m[22m[49m: [STRT] System.Reflection.Tests.PropertyInfoTests.GetIndexParameters(type: typeof(System.Reflection.Tests.PropertyInfoTests+BaseClass), name: "Item", expectedNames: ["Index"])
  [40m[32minfo[39m[22m[49m: [STRT] System.Reflection.Tests.PropertyInfoTests.GetIndexParameters(type: typeof(System.Reflection.Tests.PropertyInfoTests+BaseClass), name: "ReadWriteProperty1", expectedNames: [])
  [40m[32minfo[39m[22m[49m: [STRT] System.Reflection.Tests.PropertyInfoTests.GetRequiredCustomModifiers_GetOptionalCustomModifiers(name: "PublicGetIntProperty")
  [40m[32minfo[39m[22m[49m: [STRT] System.Reflection.Tests.PropertyInfoTests.GetRequiredCustomModifiers_GetOptionalCustomModifiers(name: "PublicGetPublicSetStringProperty")
  [40m[32minfo[39m[22m[49m: [STRT] System.Reflection.Tests.PropertyInfoTests.GetRequiredCustomModifiers_GetOptionalCustomModifiers(name: "PublicGetDoubleProperty")
  [40m[32minfo[39m[22m[49m: [STRT] System.Reflection.Tests.PropertyInfoTests.GetRequiredCustomModifiers_GetOptionalCustomModifiers(name: "PublicGetFloatProperty")
  [40m[32minfo[39m[22m[49m: [STRT] System.Reflection.Tests.PropertyInfoTests.GetRequiredCustomModifiers_GetOptionalCustomModifiers(name: "PublicGetEnumProperty")
  [40m[32minfo[39m[22m[49m: [STRT] System.Reflection.Tests.PropertyInfoTests.GetRequiredCustomModifiers_GetOptionalCustomModifiers(name: "PrivateGetPrivateSetIntProperty")
  [40m[32minfo[39m[22m[49m: [STRT] System.Reflection.Tests.PropertyInfoTests.GetRequiredCustomModifiers_GetOptionalCustomModifiers(name: "PublicGetPrivateSetProperty")
  [40m[32minfo[39m[22m[49m: [STRT] System.Reflection.Tests.PropertyInfoTests.GetRequiredCustomModifiers_GetOptionalCustomModifiers(name: "PrivateGetPublicSetProperty")
  [40m[32minfo[39m[22m[49m: [STRT] System.Reflection.Tests.PropertyInfoTests.GetRequiredCustomModifiers_GetOptionalCustomModifiers(name: "PrivateGetPublicInitProperty")
  [40m[32minfo[39m[22m[49m: [STRT] System.Reflection.Tests.PropertyInfoTests.GetHashCodeTest
  [40m[32minfo[39m[22m[49m: [STRT] System.Reflection.Tests.PropertyInfoTests.Name(type: typeof(System.Reflection.Tests.PropertyInfoTests+BaseClass), name: "ReadWriteProperty1")
  [40m[32minfo[39m[22m[49m: [STRT] System.Reflection.Tests.PropertyInfoTests.Name(type: typeof(System.Reflection.Tests.PropertyInfoTests+BaseClass), name: "ReadOnlyProperty")
  [40m[32minfo[39m[22m[49m: [STRT] System.Reflection.Tests.PropertyInfoTests.Name(type: typeof(System.Reflection.Tests.PropertyInfoTests+BaseClass), name: "WriteOnlyProperty")
  [40m[32minfo[39m[22m[49m: [STRT] System.Reflection.Tests.PropertyInfoTests.GetHashCode_MultipleSubClasses_ShouldBeUnique
  [40m[32minfo[39m[22m[49m: [STRT] System.Reflection.Tests.PropertyInfoTests.GetConstantValue_NotConstant_ThrowsInvalidOperationException(type: typeof(System.Reflection.Tests.PropertyInfoTests+BaseClass), name: "IntProperty")
  [40m[32minfo[39m[22m[49m: [STRT] System.Reflection.Tests.PropertyInfoTests.GetConstantValue_NotConstant_ThrowsInvalidOperationException(type: typeof(System.Reflection.Tests.PropertyInfoTests+BaseClass), name: "StringProperty")
  [40m[32minfo[39m[22m[49m: [STRT] System.Reflection.Tests.PropertyInfoTests.GetConstantValue_NotConstant_ThrowsInvalidOperationException(type: typeof(System.Reflection.Tests.PropertyInfoTests+BaseClass), name: "DoubleProperty")
  [40m[32minfo[39m[22m[49m: [STRT] System.Reflection.Tests.PropertyInfoTests.GetConstantValue_NotConstant_ThrowsInvalidOperationException(type: typeof(System.Reflection.Tests.PropertyInfoTests+BaseClass), name: "FloatProperty")
  [40m[32minfo[39m[22m[49m: [STRT] System.Reflection.Tests.PropertyInfoTests.GetConstantValue_NotConstant_ThrowsInvalidOperationException(type: typeof(System.Reflection.Tests.PropertyInfoTests+BaseClass), name: "EnumProperty")
  [40m[32minfo[39m[22m[49m: [STRT] System.Reflection.Tests.PropertyInfoTests.GetAccessors(name: "PublicGetIntProperty", accessorPublicCount: 1, accessorPublicAndNonPublicCount: 1)
  [40m[32minfo[39m[22m[49m: [STRT] System.Reflection.Tests.PropertyInfoTests.GetAccessors(name: "PublicGetPublicSetStringProperty", accessorPublicCount: 2, accessorPublicAndNonPublicCount: 2)
  [40m[32minfo[39m[22m[49m: [STRT] System.Reflection.Tests.PropertyInfoTests.GetAccessors(name: "PublicGetDoubleProperty", accessorPublicCount: 1, accessorPublicAndNonPublicCount: 1)
  [40m[32minfo[39m[22m[49m: [STRT] System.Reflection.Tests.PropertyInfoTests.GetAccessors(name: "PublicGetFloatProperty", accessorPublicCount: 1, accessorPublicAndNonPublicCount: 1)
  [40m[32minfo[39m[22m[49m: [STRT] System.Reflection.Tests.PropertyInfoTests.GetAccessors(name: "PublicGetEnumProperty", accessorPublicCount: 2, accessorPublicAndNonPublicCount: 2)
  [40m[32minfo[39m[22m[49m: [STRT] System.Reflection.Tests.PropertyInfoTests.GetAccessors(name: "PrivateGetPrivateSetIntProperty", accessorPublicCount: 0, accessorPublicAndNonPublicCount: 2)
  [40m[32minfo[39m[22m[49m: [STRT] System.Reflection.Tests.PropertyInfoTests.GetAccessors(name: "PublicGetPrivateSetProperty", accessorPublicCount: 1, accessorPublicAndNonPublicCount: 2)
  [40m[32minfo[39m[22m[49m: [STRT] System.Reflection.Tests.PropertyInfoTests.GetAccessors(name: "PrivateGetPublicSetProperty", accessorPublicCount: 1, accessorPublicAndNonPublicCount: 2)
  [40m[32minfo[39m[22m[49m: [STRT] System.Reflection.Tests.PropertyInfoTests.GetAccessors(name: "PrivateGetPublicInitProperty", accessorPublicCount: 1, accessorPublicAndNonPublicCount: 2)
  [40m[32minfo[39m[22m[49m: [STRT] System.Reflection.Tests.PropertyInfoTests.Attributes(type: typeof(System.Reflection.Tests.PropertyInfoTests+SubClass), name: "Description", expected: None)
  [40m[32minfo[39m[22m[49m: [STRT] System.Reflection.Tests.PropertyInfoTests.Attributes(type: typeof(System.Reflection.Tests.PropertyInfoTests+SubClass), name: "NewProperty", expected: None)
  [40m[32minfo[39m[22m[49m: [STRT] System.Reflection.Tests.PropertyInfoTests.EqualsTest(type1: typeof(System.Reflection.Tests.PropertyInfoTests+BaseClass), name1: "ReadWriteProperty1", type2: typeof(System.Reflection.Tests.PropertyInfoTests+BaseClass), name2: "ReadWriteProperty1", expected: True)
  [40m[32minfo[39m[22m[49m: [STRT] System.Reflection.Tests.PropertyInfoTests.EqualsTest(type1: typeof(System.Reflection.Tests.PropertyInfoTests+BaseClass), name1: "ReadWriteProperty1", type2: typeof(System.Reflection.Tests.PropertyInfoTests+BaseClass), name2: "ReadWriteProperty2", expected: False)
  [40m[32minfo[39m[22m[49m: [STRT] System.Reflection.Tests.ConstructorInfoTests.Invoke_ParameterMismatch_ThrowsTargetParameterCountException
  [40m[32minfo[39m[22m[49m: [STRT] System.Reflection.Tests.ConstructorInfoTests.Invoke_Struct
  [40m[32minfo[39m[22m[49m: [STRT] System.Reflection.Tests.ConstructorInfoTests.Invoke_TwoParameters_CustomBinder_IncorrectTypeArgument
  [40m[32minfo[39m[22m[49m: [STRT] System.Reflection.Tests.ConstructorInfoTests.Invoke_ExistingInstance
  [40m[32minfo[39m[22m[49m: [STRT] System.Reflection.Tests.ConstructorInfoTests.Invoke_OneDimensionalArray
  [40m[32minfo[39m[22m[49m: [STRT] System.Reflection.Tests.ConstructorInfoTests.EqualsTest(constructorInfo1: Void .ctor(), constructorInfo2: Void .ctor(), expected: True)
  [40m[32minfo[39m[22m[49m: [STRT] System.Reflection.Tests.ConstructorInfoTests.EqualsTest(constructorInfo1: Void .ctor(Int32), constructorInfo2: Void .ctor(Int32), expected: True)
  [40m[32minfo[39m[22m[49m: [STRT] System.Reflection.Tests.ConstructorInfoTests.EqualsTest(constructorInfo1: Void .ctor(Int32, System.String), constructorInfo2: Void .ctor(Int32, System.String), expected: True)
  [40m[32minfo[39m[22m[49m: [STRT] System.Reflection.Tests.ConstructorInfoTests.EqualsTest(constructorInfo1: Void .ctor(Int32), constructorInfo2: Void .ctor(Int32, System.String), expected: False)
  [40m[32minfo[39m[22m[49m: [STRT] System.Reflection.Tests.ConstructorInfoTests.Invoke_TwoDimensionalArray_CustomBinder_IncorrectTypeArguments
  [40m[32minfo[39m[22m[49m: [STRT] System.Reflection.Tests.ConstructorInfoTests.Invoke_StaticConstructorMultipleTimes
  [40m[32minfo[39m[22m[49m: [STRT] System.Reflection.Tests.ConstructorInfoTests.Invoke_StaticConstructor_NullObject_NullParameters
  [40m[32minfo[39m[22m[49m: [STRT] System.Reflection.Tests.ConstructorInfoTests.Invoke_ParameterWrongType_ThrowsArgumentException
  [40m[32minfo[39m[22m[49m: [STRT] System.Reflection.Tests.ConstructorInfoTests.GetHashCodeTest
  [40m[32minfo[39m[22m[49m: [STRT] System.Reflection.Tests.ConstructorInfoTests.Invoke_AbstractClass_ThrowsMemberAccessException
  [40m[32minfo[39m[22m[49m: [STRT] System.Reflection.Tests.ConstructorInfoTests.Invoke_NullForObj
  [40m[32minfo[39m[22m[49m: [STRT] System.Reflection.Tests.ConstructorInfoTests.IsConstructor_ReturnsTrue
  [40m[32minfo[39m[22m[49m: [STRT] System.Reflection.Tests.ConstructorInfoTests.Invoke_OneParameter
  [40m[32minfo[39m[22m[49m: [STRT] System.Reflection.Tests.ConstructorInfoTests.Invoke_SubClass
  [40m[32minfo[39m[22m[49m: [STRT] System.Reflection.Tests.ConstructorInfoTests.Invoke_NoParameters_ThowsTargetParameterCountException
  [40m[32minfo[39m[22m[49m: [STRT] System.Reflection.Tests.ConstructorInfoTests.IsPublic
  [40m[32minfo[39m[22m[49m: [STRT] System.Reflection.Tests.ConstructorInfoTests.SimpleInvoke
  [40m[32minfo[39m[22m[49m: [STRT] System.Reflection.Tests.ConstructorInfoTests.Invoke_TwoParameters
  [40m[32minfo[39m[22m[49m: [STRT] System.Reflection.Tests.ConstructorInfoTests.VerifyInnerException
  [40m[32minfo[39m[22m[49m: [STRT] System.Reflection.Tests.ConstructorInfoTests.ConstructorName
  [40m[32minfo[39m[22m[49m: [STRT] System.Reflection.Tests.ConstructorInfoTests.Invoke_StaticConstructor_ThrowsMemberAccessException
  [40m[32minfo[39m[22m[49m: [STRT] System.Reflection.Tests.ConstructorInfoTests.Invoke_OneDimensionalArray_NegativeLengths_ThrowsOverflowException
  [40m[32minfo[39m[22m[49m: [STRT] System.Reflection.Tests.MethodInfoTests.InvokeNullableRefs
  [40m[32minfo[39m[22m[49m: [STRT] System.Reflection.Tests.MethodInfoTests.TestObject6Method
  [40m[32minfo[39m[22m[49m: [STRT] System.Reflection.Tests.MethodInfoTests.InvokeWithTestData(methodDeclaringType: typeof(System.Reflection.Tests.MI_BaseClass), methodName: "VirtualReturnIntMethod", obj: MI_BaseClass { }, parameters: null, result: 0)
  [40m[32minfo[39m[22m[49m: [STRT] System.Reflection.Tests.MethodInfoTests.InvokeWithTestData(methodDeclaringType: typeof(System.Reflection.Tests.MI_BaseClass), methodName: "VirtualReturnIntMethod", obj: MethodInfoDummySubClass { }, parameters: null, result: 1)
  [40m[32minfo[39m[22m[49m: [STRT] System.Reflection.Tests.MethodInfoTests.InvokeWithTestData(methodDeclaringType: typeof(System.Reflection.Tests.MI_SubClass), methodName: "ObjectMethodReturningString", obj: MI_SubClass { }, parameters: [42], result: "42")
  [40m[32minfo[39m[22m[49m: [STRT] System.Reflection.Tests.MethodInfoTests.InvokeWithTestData(methodDeclaringType: typeof(System.Reflection.Tests.MI_SubClass), methodName: "VoidMethodReturningInt", obj: MI_SubClass { }, parameters: null, result: 3)
  [40m[32minfo[39m[22m[49m: [STRT] System.Reflection.Tests.MethodInfoTests.InvokeWithTestData(methodDeclaringType: typeof(System.Reflection.Tests.MI_SubClass), methodName: "VoidMethodReturningLong", obj: MI_SubClass { }, parameters: null, result: 9223372036854775807)
  [40m[32minfo[39m[22m[49m: [STRT] System.Reflection.Tests.MethodInfoTests.InvokeWithTestData(methodDeclaringType: typeof(System.Reflection.Tests.MI_SubClass), methodName: "IntLongMethodReturningLong", obj: MI_SubClass { }, parameters: [200, 10000], result: 10200)
  [40m[32minfo[39m[22m[49m: [STRT] System.Reflection.Tests.MethodInfoTests.InvokeWithTestData(methodDeclaringType: typeof(System.Reflection.Tests.MI_SubClass), methodName: "StaticIntIntMethodReturningInt", obj: null, parameters: [10, 100], result: 110)
  [40m[32minfo[39m[22m[49m: [STRT] System.Reflection.Tests.MethodInfoTests.InvokeWithTestData(methodDeclaringType: typeof(System.Reflection.Tests.MI_SubClass), methodName: "StaticIntIntMethodReturningInt", obj: MI_SubClass { }, parameters: [10, 100], result: 110)
  [40m[32minfo[39m[22m[49m: [STRT] System.Reflection.Tests.MethodInfoTests.InvokeWithTestData(methodDeclaringType: typeof(System.Reflection.Tests.MI_BaseClass), methodName: "StaticIntMethodReturningBool", obj: MI_SubClass { }, parameters: [10], result: True)
  [40m[32minfo[39m[22m[49m: [STRT] System.Reflection.Tests.MethodInfoTests.InvokeWithTestData(methodDeclaringType: typeof(System.Reflection.Tests.MI_SubClass), methodName: "EnumMethodReturningEnum", obj: MI_SubClass { }, parameters: [Case1], result: Case2)
  [40m[32minfo[39m[22m[49m: [STRT] System.Reflection.Tests.MethodInfoTests.InvokeWithTestData(methodDeclaringType: typeof(System.Reflection.Tests.MI_Interface), methodName: "IMethod", obj: MI_SubClass { }, parameters: [], result: 10)
  [40m[32minfo[39m[22m[49m: [STRT] System.Reflection.Tests.MethodInfoTests.InvokeWithTestData(methodDeclaringType: typeof(System.Reflection.Tests.MI_Interface), methodName: "IMethodNew", obj: MI_SubClass { }, parameters: [], result: 20)
  [40m[32minfo[39m[22m[49m: [STRT] System.Reflection.Tests.MethodInfoTests.InvokeWithTestData(methodDeclaringType: typeof(System.Reflection.Tests.MethodInfoDefaultParameters), methodName: "Integer", obj: MethodInfoDefaultParameters { }, parameters: [Missing { }], result: 1)
  [40m[32minfo[39m[22m[49m: [STRT] System.Reflection.Tests.MethodInfoTests.InvokeWithTestData(methodDeclaringType: typeof(System.Reflection.Tests.MethodInfoDefaultParameters), methodName: "Integer", obj: MethodInfoDefaultParameters { }, parameters: [2], result: 2)
  [40m[32minfo[39m[22m[49m: [STRT] System.Reflection.Tests.MethodInfoTests.InvokeWithTestData(methodDeclaringType: typeof(System.Reflection.Tests.MethodInfoDefaultParameters), methodName: "AllPrimitives", obj: MethodInfoDefaultParameters { }, parameters: [Missing { }, Missing { }, Missing { }, Missing { }, Missing { }, Â·Â·Â·], result: "True, test, c, 2, -1, -3, 4, -5, 6, -7, 8, 9.1, 11"Â·Â·Â·)
  [40m[32minfo[39m[22m[49m: [STRT] System.Reflection.Tests.MethodInfoTests.InvokeWithTestData(methodDeclaringType: typeof(System.Reflection.Tests.MethodInfoDefaultParameters), methodName: "AllPrimitives", obj: MethodInfoDefaultParameters { }, parameters: [False, "value", 'd', 102, -101, Â·Â·Â·], result: "False, value, d, 102, -101, -103, 104, -105, 106, "Â·Â·Â·)
  [40m[32minfo[39m[22m[49m: [STRT] System.Reflection.Tests.MethodInfoTests.InvokeWithTestData(methodDeclaringType: typeof(System.Reflection.Tests.MethodInfoDefaultParameters), methodName: "AllPrimitives", obj: MethodInfoDefaultParameters { }, parameters: [False, Missing { }, 'd', Missing { }, -101, Â·Â·Â·], result: "False, test, d, 2, -101, -3, 104, -5, 106, -7, 108"Â·Â·Â·)
  [40m[32minfo[39m[22m[49m: [STRT] System.Reflection.Tests.MethodInfoTests.InvokeWithTestData(methodDeclaringType: typeof(System.Reflection.Tests.MethodInfoDefaultParameters), methodName: "String", obj: MethodInfoDefaultParameters { }, parameters: [Missing { }], result: "test")
  [40m[32minfo[39m[22m[49m: [STRT] System.Reflection.Tests.MethodInfoTests.InvokeWithTestData(methodDeclaringType: typeof(System.Reflection.Tests.MethodInfoDefaultParameters), methodName: "String", obj: MethodInfoDefaultParameters { }, parameters: ["value"], result: "value")
  [40m[32minfo[39m[22m[49m: [STRT] System.Reflection.Tests.MethodInfoTests.InvokeWithTestData(methodDeclaringType: typeof(System.Reflection.Tests.MethodInfoDefaultParameters), methodName: "Reference", obj: MethodInfoDefaultParameters { }, parameters: [Missing { }], result: null)
  [40m[32minfo[39m[22m[49m: [STRT] System.Reflection.Tests.MethodInfoTests.InvokeWithTestData(methodDeclaringType: typeof(System.Reflection.Tests.MethodInfoDefaultParameters), methodName: "Reference", obj: MethodInfoDefaultParameters { }, parameters: [CustomReferenceType { }], result: CustomReferenceType { })
  [40m[32minfo[39m[22m[49m: [STRT] System.Reflection.Tests.MethodInfoTests.InvokeWithTestData(methodDeclaringType: typeof(System.Reflection.Tests.MethodInfoDefaultParameters), methodName: "ValueType", obj: MethodInfoDefaultParameters { }, parameters: [Missing { }], result: System.Reflection.Tests.MethodInfoDefaultParameters+CustomValueType)
  [40m[32minfo[39m[22m[49m: [STRT] System.Reflection.Tests.MethodInfoTests.InvokeWithTestData(methodDeclaringType: typeof(System.Reflection.Tests.MethodInfoDefaultParameters), methodName: "ValueType", obj: MethodInfoDefaultParameters { }, parameters: [System.Reflection.Tests.MethodInfoDefaultParameters+CustomValueType], result: System.Reflection.Tests.MethodInfoDefaultParameters+CustomValueType)
  [40m[32minfo[39m[22m[49m: [STRT] System.Reflection.Tests.MethodInfoTests.InvokeWithTestData(methodDeclaringType: typeof(System.Reflection.Tests.MethodInfoDefaultParameters), methodName: "DateTime", obj: MethodInfoDefaultParameters { }, parameters: [Missing { }], result: 0001-01-01T00:00:00.0000042)
  [40m[32minfo[39m[22m[49m: [STRT] System.Reflection.Tests.MethodInfoTests.InvokeWithTestData(methodDeclaringType: typeof(System.Reflection.Tests.MethodInfoDefaultParameters), methodName: "DateTime", obj: MethodInfoDefaultParameters { }, parameters: [0001-01-01T00:00:00.0000043], result: 0001-01-01T00:00:00.0000043)
  [40m[32minfo[39m[22m[49m: [STRT] System.Reflection.Tests.MethodInfoTests.InvokeWithTestData(methodDeclaringType: typeof(System.Reflection.Tests.MethodInfoDefaultParameters), methodName: "DecimalWithAttribute", obj: MethodInfoDefaultParameters { }, parameters: [Missing { }], result: -3689348816030400512.4)
  [40m[32minfo[39m[22m[49m: [STRT] System.Reflection.Tests.MethodInfoTests.InvokeWithTestData(methodDeclaringType: typeof(System.Reflection.Tests.MethodInfoDefaultParameters), methodName: "DecimalWithAttribute", obj: MethodInfoDefaultParameters { }, parameters: [-25825441708776829748.4], result: -25825441708776829748.4)
  [40m[32minfo[39m[22m[49m: [STRT] System.Reflection.Tests.MethodInfoTests.InvokeWithTestData(methodDeclaringType: typeof(System.Reflection.Tests.MethodInfoDefaultParameters), methodName: "Decimal", obj: MethodInfoDefaultParameters { }, parameters: [Missing { }], result: 3.14)
  [40m[32minfo[39m[22m[49m: [STRT] System.Reflection.Tests.MethodInfoTests.InvokeWithTestData(methodDeclaringType: typeof(System.Reflection.Tests.MethodInfoDefaultParameters), methodName: "Decimal", obj: MethodInfoDefaultParameters { }, parameters: [103.14], result: 103.14)
  [40m[32minfo[39m[22m[49m: [STRT] System.Reflection.Tests.MethodInfoTests.InvokeWithTestData(methodDeclaringType: typeof(System.Reflection.Tests.MethodInfoDefaultParameters), methodName: "NullableInt", obj: MethodInfoDefaultParameters { }, parameters: [Missing { }], result: null)
  [40m[32minfo[39m[22m[49m: [STRT] System.Reflection.Tests.MethodInfoTests.InvokeWithTestData(methodDeclaringType: typeof(System.Reflection.Tests.MethodInfoDefaultParameters), methodName: "NullableInt", obj: MethodInfoDefaultParameters { }, parameters: [42], result: 42)
  [40m[32minfo[39m[22m[49m: [STRT] System.Reflection.Tests.MethodInfoTests.InvokeWithTestData(methodDeclaringType: typeof(System.Reflection.Tests.MethodInfoDefaultParameters), methodName: "Enum", obj: MethodInfoDefaultParameters { }, parameters: [Missing { }], result: Case1)
  [40m[32minfo[39m[22m[49m: [STRT] System.Reflection.Tests.MethodInfoTests.InvokeWithTestData(methodDeclaringType: typeof(System.Reflection.Tests.MethodInfoDefaultParametersInterface), methodName: "InterfaceMethod", obj: MethodInfoDefaultParameters { }, parameters: [Missing { }, Missing { }, Missing { }], result: "1, test, 3.14")
  [40m[32minfo[39m[22m[49m: [STRT] System.Reflection.Tests.MethodInfoTests.InvokeWithTestData(methodDeclaringType: typeof(System.Reflection.Tests.MethodInfoDefaultParametersInterface), methodName: "InterfaceMethod", obj: MethodInfoDefaultParameters { }, parameters: [101, "value", 103.14], result: "101, value, 103.14")
  [40m[32minfo[39m[22m[49m: [STRT] System.Reflection.Tests.MethodInfoTests.InvokeWithTestData(methodDeclaringType: typeof(System.Reflection.Tests.MethodInfoDefaultParameters), methodName: "StaticMethod", obj: null, parameters: [Missing { }, Missing { }, Missing { }], result: "1, test, 3.14")
  [40m[32minfo[39m[22m[49m: [STRT] System.Reflection.Tests.MethodInfoTests.InvokeWithTestData(methodDeclaringType: typeof(System.Reflection.Tests.MethodInfoDefaultParameters), methodName: "StaticMethod", obj: null, parameters: [101, "value", 103.14], result: "101, value, 103.14")
  [40m[32minfo[39m[22m[49m: [STRT] System.Reflection.Tests.MethodInfoTests.InvokeWithTestData(methodDeclaringType: typeof(System.Reflection.Tests.MethodInfoDefaultParameters), methodName: "OptionalObjectParameter", obj: MethodInfoDefaultParameters { }, parameters: ["value"], result: "value")
  [40m[32minfo[39m[22m[49m: [STRT] System.Reflection.Tests.MethodInfoTests.InvokeWithTestData(methodDeclaringType: typeof(System.Reflection.Tests.MethodInfoDefaultParameters), methodName: "String", obj: MethodInfoDefaultParameters { }, parameters: ["value"], result: "value")
  [40m[32minfo[39m[22m[49m: [STRT] System.Reflection.Tests.MethodInfoTests.ValueTypeMembers_WithOverrides
  [40m[32minfo[39m[22m[49m: [STRT] System.Reflection.Tests.MethodInfoTests.IsFinal(type: typeof(System.Reflection.Tests.MI_SubClass), name: "ReturnVoidMethod", expected: False)
  [40m[32minfo[39m[22m[49m: [STRT] System.Reflection.Tests.MethodInfoTests.IsFinal(type: typeof(System.Reflection.Tests.MI_AbstractSubClass), name: "VirtualMethod", expected: True)
  [40m[32minfo[39m[22m[49m: [STRT] System.Reflection.Tests.MethodInfoTests.CreateDelegate_Invalid(type: typeof(System.Reflection.Tests.MI_BaseClass), name: "VirtualMethod", delegateType: null, exceptionType: typeof(System.ArgumentNullException))
  [40m[32minfo[39m[22m[49m: [STRT] System.Reflection.Tests.MethodInfoTests.CreateDelegate_Invalid(type: typeof(System.Reflection.Tests.MI_BaseClass), name: "VirtualMethod", delegateType: typeof(System.Reflection.Tests.Delegate_Void_Int), exceptionType: typeof(System.ArgumentException))
  [40m[32minfo[39m[22m[49m: [STRT] System.Reflection.Tests.MethodInfoTests.GetHashCodeTest
  [40m[32minfo[39m[22m[49m: [STRT] System.Reflection.Tests.MethodInfoTests.InvokeUninstantiatedGenericMethod
  [40m[32minfo[39m[22m[49m: [STRT] System.Reflection.Tests.MethodInfoTests.GetParameters(type: typeof(System.Reflection.Tests.MI_SubClass), name: "IntLongMethodReturningLong", expectedParameterNames: ["i", "l"])
  [40m[32minfo[39m[22m[49m: [STRT] System.Reflection.Tests.MethodInfoTests.GetParameters(type: typeof(System.Reflection.Tests.MI_SubClass), name: "StringArrayMethod", expectedParameterNames: ["strArray"])
  [40m[32minfo[39m[22m[49m: [STRT] System.Reflection.Tests.MethodInfoTests.GetParameters(type: typeof(System.Reflection.Tests.MI_Interlocked), name: "Increment", expectedParameterNames: ["location"])
  [40m[32minfo[39m[22m[49m: [STRT] System.Reflection.Tests.MethodInfoTests.GetParameters(type: typeof(System.Reflection.Tests.MI_Interlocked), name: "Decrement", expectedParameterNames: ["location"])
  [40m[32minfo[39m[22m[49m: [STRT] System.Reflection.Tests.MethodInfoTests.GetParameters(type: typeof(System.Reflection.Tests.MI_Interlocked), name: "Exchange", expectedParameterNames: ["location1", "value"])
  [40m[32minfo[39m[22m[49m: [STRT] System.Reflection.Tests.MethodInfoTests.GetParameters(type: typeof(System.Reflection.Tests.MI_Interlocked), name: "CompareExchange", expectedParameterNames: ["location1", "value", "comparand"])
  [40m[32minfo[39m[22m[49m: [STRT] System.Reflection.Tests.MethodInfoTests.InvokeNullableEnumParameterDefaultNo
  [40m[32minfo[39m[22m[49m: [STRT] System.Reflection.Tests.MethodInfoTests.GetBaseDefinition(type1: typeof(System.Reflection.Tests.MethodInfoBaseDefinitionBaseClass), name: "InterfaceMethod1", type2: typeof(System.Reflection.Tests.MethodInfoBaseDefinitionBaseClass))
  [40m[32minfo[39m[22m[49m: [STRT] System.Reflection.Tests.MethodInfoTests.GetBaseDefinition(type1: typeof(System.Reflection.Tests.MethodInfoBaseDefinitionSubClass), name: "InterfaceMethod1", type2: typeof(System.Reflection.Tests.MethodInfoBaseDefinitionBaseClass))
  [40m[32minfo[39m[22m[49m: [STRT] System.Reflection.Tests.MethodInfoTests.GetBaseDefinition(type1: typeof(System.Reflection.Tests.MethodInfoBaseDefinitionSubClass), name: "BaseClassVirtualMethod", type2: typeof(System.Reflection.Tests.MethodInfoBaseDefinitionBaseClass))
  [40m[32minfo[39m[22m[49m: [STRT] System.Reflection.Tests.MethodInfoTests.GetBaseDefinition(type1: typeof(System.Reflection.Tests.MethodInfoBaseDefinitionSubClass), name: "BaseClassMethod", type2: typeof(System.Reflection.Tests.MethodInfoBaseDefinitionSubClass))
  [40m[32minfo[39m[22m[49m: [STRT] System.Reflection.Tests.MethodInfoTests.GetBaseDefinition(type1: typeof(System.Reflection.Tests.MethodInfoBaseDefinitionSubClass), name: "ToString", type2: typeof(object))
  [40m[32minfo[39m[22m[49m: [STRT] System.Reflection.Tests.MethodInfoTests.GetBaseDefinition(type1: typeof(System.Reflection.Tests.MethodInfoBaseDefinitionSubClass), name: "DerivedClassMethod", type2: typeof(System.Reflection.Tests.MethodInfoBaseDefinitionSubClass))
  [40m[32minfo[39m[22m[49m: [STRT] System.Reflection.Tests.MethodInfoTests.CopyBackWithByRefArgs
  [40m[32minfo[39m[22m[49m: [STRT] System.Reflection.Tests.MethodInfoTests.ValueTypeMembers_WithoutOverrides
  [40m[32minfo[39m[22m[49m: [STRT] System.Reflection.Tests.MethodInfoTests.ContainsGenericParameters(type: typeof(System.Reflection.Tests.MI_SubClass), name: "ReturnVoidMethod", expected: False)
  [40m[32minfo[39m[22m[49m: [STRT] System.Reflection.Tests.MethodInfoTests.ContainsGenericParameters(type: typeof(System.Reflection.Tests.MI_SubClass), name: "GenericMethod1", expected: True)
  [40m[32minfo[39m[22m[49m: [STRT] System.Reflection.Tests.MethodInfoTests.IsHideBySig(type: typeof(System.Reflection.Tests.MI_AbstractSubClass), name: "AbstractMethod", expected: True)
  [40m[32minfo[39m[22m[49m: [STRT] System.Reflection.Tests.MethodInfoTests.TestFunctionPointerAsArgType
  [40m[32minfo[39m[22m[49m: [STRT] System.Reflection.Tests.MethodInfoTests.InvokeNonNullableEnumParameterDefaultYes
  [40m[32minfo[39m[22m[49m: [STRT] System.Reflection.Tests.MethodInfoTests.InvokeUninstantiatedGenericType_GenericMethod
  [40m[32minfo[39m[22m[49m: [STRT] System.Reflection.Tests.MethodInfoTests.GetFunctionPointerOnUninstantiatedGenericType_GenericMethod
  [40m[32minfo[39m[22m[49m: [STRT] System.Reflection.Tests.MethodInfoTests.ToStringTest_ByMethodInfo(methodInfo: System.String GenericMethod2[DateTime](System.DateTime, System.String, System.String), expected: "System.String GenericMethod2[DateTime](System.Date"Â·Â·Â·)
  [40m[32minfo[39m[22m[49m: [STRT] System.Reflection.Tests.MethodInfoTests.TestObject3Method
  [40m[32minfo[39m[22m[49m: [STRT] System.Reflection.Tests.MethodInfoTests.CreateDelegate_InheritedMethod
  [40m[32minfo[39m[22m[49m: DOTNET: Unhandled error: RuntimeError: table index is out of bounds
  [40m[32minfo[39m[22m[49m: DOTNET: table index is out of bounds
        RuntimeError: table index is out of bounds
            at http://127.0.0.1:37661/_framework/dotnet.native.yskk64yq6l.wasm:wasm-function[3233]:0x160519
            at http://127.0.0.1:37661/_framework/dotnet.native.yskk64yq6l.wasm:wasm-function[2611]:0x11fe69
            at http://127.0.0.1:37661/_framework/dotnet.native.yskk64yq6l.wasm:wasm-function[4005]:0x1d7784
            at http://127.0.0.1:37661/_framework/dotnet.native.yskk64yq6l.wasm:wasm-function[438]:0x1dbc5
            at http://127.0.0.1:37661/_framework/dotnet.native.yskk64yq6l.wasm:wasm-function[3225]:0x15fecb
            at SystemJS_ScheduleBackgroundJobTick (http://127.0.0.1:37661/_framework/dotnet.native.wd2dsb9iyb.js:8:99484)
            at callUserCallback (http://127.0.0.1:37661/_framework/dotnet.native.wd2dsb9iyb.js:8:145083)
            at http://127.0.0.1:37661/_framework/dotnet.native.wd2dsb9iyb.js:8:145294
  [40m[32minfo[39m[22m[49m: WASM EXIT 1
  [40m[32minfo[39m[22m[49m: Waiting to flush log messages with a timeout of 120 secs ..
  [41m[30mfail[39m[22m[49m: Application has finished with exit code TESTS_FAILED but 0 was expected
  [40m[32minfo[39m[22m[49m: Closing 1 browser tabs before setting the main tab to config page and quitting.
  XHarness exit code: 71 (GENERAL_FAILURE)
  ~/dev/runtime/artifacts/bin/System.Reflection.InvokeEmit.Tests/Release/net11.0/browser-wasm/wwwroot ~/dev/runtime/src/libraries/System.Runtime/tests/System.Reflection.Tests/InvokeEmit
  ----- end Fri Jan 30 13:40:13 CET 2026 ----- exit code 71 ----------------------------------------------------------
  XHarness artifacts: /home/pavelsavara/dev/runtime/artifacts/bin/System.Reflection.InvokeEmit.Tests/Release/net11.0/browser-wasm/wwwroot/xharness-output
/home/pavelsavara/dev/runtime/eng/testing/tests.targets(206,5): error : One or more tests failed while running tests from 'System.Reflection.InvokeEmit.Tests'. [/home/pavelsavara/dev/runtime/src/libraries/System.Runtime/tests/System.Reflection.Tests/InvokeEmit/System.Reflection.InvokeEmit.Tests.csproj::TargetFramework=net11.0]

Build FAILED.

/home/pavelsavara/dev/runtime/eng/testing/tests.targets(206,5): error : One or more tests failed while running tests from 'System.Reflection.InvokeEmit.Tests'. [/home/pavelsavara/dev/runtime/src/libraries/System.Runtime/tests/System.Reflection.Tests/InvokeEmit/System.Reflection.InvokeEmit.Tests.csproj::TargetFramework=net11.0]
    0 Warning(s)
    1 Error(s)

Time Elapsed 00:00:06.57
