
  Determining projects to restore...
  Restored /home/pavelsavara/dev/runtime/src/libraries/System.Formats.Nrbf/tests/System.Formats.Nrbf.Tests.csproj (in 153 ms).
  91 of 92 projects are up-to-date for restore.
  TestUtilities -> /home/pavelsavara/dev/runtime/artifacts/bin/TestUtilities/Release/net10.0/TestUtilities.dll
  ILLink.RoslynAnalyzer -> /home/pavelsavara/dev/runtime/artifacts/bin/ILLink.RoslynAnalyzer/Release/netstandard2.0/ILLink.RoslynAnalyzer.dll
  ILLink.CodeFixProvider -> /home/pavelsavara/dev/runtime/artifacts/bin/ILLink.CodeFixProvider/Release/netstandard2.0/ILLink.CodeFixProvider.dll
  Mono.Linker -> /home/pavelsavara/dev/runtime/artifacts/bin/Mono.Linker/ref/Release/net11.0/illink.dll
  Mono.Linker -> /home/pavelsavara/dev/runtime/artifacts/bin/Mono.Linker/Release/net11.0/illink.dll
  ILLink.Tasks -> /home/pavelsavara/dev/runtime/artifacts/bin/ILLink.Tasks/Release/net/ILLink.Tasks.dll
  System.Runtime.Serialization.Formatters -> /home/pavelsavara/dev/runtime/artifacts/bin/System.Runtime.Serialization.Formatters/ref/Release/net10.0/System.Runtime.Serialization.Formatters.dll
  System.Runtime.Serialization.Formatters -> /home/pavelsavara/dev/runtime/artifacts/bin/System.Runtime.Serialization.Formatters/Release/net10.0/System.Runtime.Serialization.Formatters.dll
  System.Formats.Nrbf -> /home/pavelsavara/dev/runtime/artifacts/bin/System.Formats.Nrbf/ref/Release/net11.0/System.Formats.Nrbf.dll
  System.Formats.Nrbf -> /home/pavelsavara/dev/runtime/artifacts/bin/System.Formats.Nrbf/Release/net11.0/System.Formats.Nrbf.dll
  WasmTriggerPublishApp for CoreCLR not implemented
  System.Formats.Nrbf.Tests -> /home/pavelsavara/dev/runtime/artifacts/bin/System.Formats.Nrbf.Tests/Release/net11.0/browser-wasm/System.Formats.Nrbf.Tests.dll
  export SCENARIO=WasmTestOnChrome
  export XUNIT_HIDE_PASSING_OUTPUT_DIAGNOSTICS=1
  export PREPEND_PATH=/home/pavelsavara/dev/runtime/artifacts/bin/chromedriver/chromedriver_linux64
  export RuntimeIdentifier=browser-wasm
  PATH=/home/pavelsavara/dev/runtime/artifacts/bin/chromedriver/chromedriver_linux64:/home/pavelsavara/.jsvu/bin:/home/pavelsavara/dev/runtime/.dotnet:/home/pavelsavara/dev/runtime/.dotnet:/home/pavelsavara/dev/runtime/.dotnet:/home/pavelsavara/dev/runtime/.dotnet:/home/pavelsavara/dev/runtime/.dotnet:/home/pavelsavara/dev/runtime/.dotnet:/home/pavelsavara/dev/runtime/.dotnet:/home/pavelsavara/dev/runtime/.dotnet:/home/pavelsavara/dev/runtime/.dotnet:/home/pavelsavara/dev/runtime/.dotnet:/home/pavelsavara/bin:/home/pavelsavara/dev/.dotnet:/home/pavelsavara/.vscode-server/data/User/globalStorage/github.copilot-chat/debugCommand:/home/pavelsavara/.vscode-server/data/User/globalStorage/github.copilot-chat/copilotCli:/home/pavelsavara/.vscode-server/bin/c9d77990917f3102ada88be140d28b038d1dd7c7/bin/remote-cli:/home/pavelsavara/bin:/home/pavelsavara/bin:/home/pavelsavara/dev/.dotnet:/usr/local/sbin:/usr/local/bin:/usr/sbin:/usr/bin:/sbin:/bin:/usr/games:/usr/local/games:/usr/lib/wsl/lib:/mnt/c/windows/system32:/mnt/c/windows:/mnt/d/.dotnet/:/mnt/c/windows/System32/Wbem:/mnt/c/windows/System32/WindowsPowerShell/v1.0/:/mnt/c/windows/System32/OpenSSH/:/mnt/c/Program Files/HP/HP One Agent:/mnt/c/Program Files/nodejs/:/mnt/c/Program Files/Meld/:/mnt/c/Program Files/dotnet/:/mnt/c/Program Files/Git/cmd:/mnt/c/Program Files/PuTTY/:/mnt/c/Program Files/PowerShell/7/:/mnt/c/Program Files/Microsoft SQL Server/170/Tools/Binn/:/mnt/c/Program Files/GitExtensions/:/mnt/c/Program Files/GitHub CLI/:/mnt/d/bin:/mnt/d/.dotnet/:/mnt/c/Users/pavelsavara/AppData/Local/Microsoft/WindowsApps:/mnt/c/Users/pavelsavara/AppData/Local/Programs/MicrosoftVSCode/bin:/mnt/c/Users/pavelsavara/AppData/Roaming/npm:/mnt/c/Users/pavelsavara/AppData/Local/Programs/Python/Python310/:/mnt/c/Users/pavelsavara/AppData/Local/Programs/Python/Python310/Scripts/:/mnt/c/Users/pavelsavara/AppData/Local/Microsoft/WinGet/Packages/GitHub.Copilot.Prerelease_Microsoft.Winget.Source_8wekyb3d8bbwe:/mnt/c/Users/pavelsavara/.dotnet/tools:/snap/bin
  EXECUTION_DIR=/home/pavelsavara/dev/runtime/artifacts/bin/System.Formats.Nrbf.Tests/Release/net11.0/browser-wasm/wwwroot
  SCENARIO=WasmTestOnChrome
  XHARNESS_OUT=/home/pavelsavara/dev/runtime/artifacts/bin/System.Formats.Nrbf.Tests/Release/net11.0/browser-wasm/wwwroot/xharness-output
  XHARNESS_CLI_PATH=
  HARNESS_RUNNER=dotnet xharness
  XHARNESS_COMMAND=test-browser
  MAIN_JS=
  JS_ENGINE=
  JS_ENGINE_ARGS=--browser-arg=--js-flags=--stack-trace-limit=1000
  XHARNESS_ARGS= --browser-arg=--js-flags=--stack-trace-limit=1000
  ~/dev/runtime/artifacts/bin/System.Formats.Nrbf.Tests/Release/net11.0/browser-wasm/wwwroot ~/dev/runtime/src/libraries/System.Formats.Nrbf/tests
  ----- start Fri Jan 30 10:54:37 CET 2026 =============== To repro directly: =====================================================
  pushd /home/pavelsavara/dev/runtime/artifacts/bin/System.Formats.Nrbf.Tests/Release/net11.0/browser-wasm/wwwroot
  dotnet xharness wasm test-browser --app=. --output-directory=/home/pavelsavara/dev/runtime/artifacts/bin/System.Formats.Nrbf.Tests/Release/net11.0/browser-wasm/wwwroot/xharness-output -s dotnet.native.js.symbols --symbol-patterns wasm-symbol-patterns.txt --symbolicator WasmSymbolicator.dll,Microsoft.WebAssembly.Internal.SymbolicatorWrapperForXHarness --browser-path=/home/pavelsavara/dev/runtime/artifacts/bin/chrome/chrome-linux/chrome --timeout=00:30:00  --browser-arg=--js-flags=--stack-trace-limit=1000   --  --setenv=XHARNESS_LOG_TEST_START=true  --run WasmTestRunner.dll System.Formats.Nrbf.Tests.dll  -notrait category=OuterLoop -notrait category=failing 
  popd
  ===========================================================================================================
  ~/dev/runtime/artifacts/bin/System.Formats.Nrbf.Tests/Release/net11.0/browser-wasm/wwwroot ~/dev/runtime/artifacts/bin/System.Formats.Nrbf.Tests/Release/net11.0/browser-wasm/wwwroot ~/dev/runtime/src/libraries/System.Formats.Nrbf/tests
  [11.0.0-prerelease.26064.3+31e0b8e08f57890f7b7004b93361d69cd4b21079] XHarness command issued: wasm test-browser --app=. --output-directory=/home/pavelsavara/dev/runtime/artifacts/bin/System.Formats.Nrbf.Tests/Release/net11.0/browser-wasm/wwwroot/xharness-output -s dotnet.native.js.symbols --symbol-patterns wasm-symbol-patterns.txt --symbolicator WasmSymbolicator.dll,Microsoft.WebAssembly.Internal.SymbolicatorWrapperForXHarness --browser-path=/home/pavelsavara/dev/runtime/artifacts/bin/chrome/chrome-linux/chrome --timeout=00:30:00 --browser-arg=--js-flags=--stack-trace-limit=1000 -- --setenv=XHARNESS_LOG_TEST_START=true --run WasmTestRunner.dll System.Formats.Nrbf.Tests.dll -notrait category=OuterLoop -notrait category=failing
  [40m[1m[33mwarn[39m[22m[49m: Cannot find symbols file dotnet.native.js.symbols
  [40m[32minfo[39m[22m[49m: Using Chrome from /home/pavelsavara/dev/runtime/artifacts/bin/chrome/chrome-linux/chrome
  [40m[32minfo[39m[22m[49m: Starting chromedriver with args: --js-flags=--stack-trace-limit=1000 --headless --incognito --disable-background-timer-throttling --disable-backgrounding-occluded-windows --disable-renderer-backgrounding --enable-features=NetworkService,NetworkServiceInProcess --allow-insecure-localhost --disable-breakpad --disable-component-extensions-with-background-pages --disable-dev-shm-usage --disable-extensions --disable-features=TranslateUI --disable-ipc-flooding-protection --force-color-profile=srgb --metrics-recording-only and load strategy: Normal
  Starting ChromeDriver 143.0.7499.0 (0000000000000000000000000000000000000000-0000000000000000000000000000000000000000) on port 43031
  Only local connections are allowed.
  Please see https://chromedriver.chromium.org/security-considerations for suggestions on keeping ChromeDriver safe.
  ChromeDriver was started successfully on port 43031.
  [40m[32minfo[39m[22m[49m: Running in: Mozilla/5.0 (X11; Linux x86_64) AppleWebKit/537.36 (KHTML, like Gecko) HeadlessChrome/143.0.0.0 Safari/537.36
  [40m[32minfo[39m[22m[49m: Running at: http://127.0.0.1:33411/index.html?arg=--setenv%3dXHARNESS_LOG_TEST_START%3dtrue&arg=--run&arg=WasmTestRunner.dll&arg=System.Formats.Nrbf.Tests.dll&arg=-notrait&arg=category%3dOuterLoop&arg=-notrait&arg=category%3dfailing&arg=-verbosity&arg=Info
  [40m[32minfo[39m[22m[49m: could not load /runArgs.json: 404. Ignoring
  [40m[32minfo[39m[22m[49m: Incoming arguments: --setenv=XHARNESS_LOG_TEST_START=true --run WasmTestRunner.dll System.Formats.Nrbf.Tests.dll -notrait category=OuterLoop -notrait category=failing -verbosity Info
  [40m[32minfo[39m[22m[49m: Application arguments: --run WasmTestRunner.dll System.Formats.Nrbf.Tests.dll -notrait category=OuterLoop -notrait category=failing -verbosity Info
  [40m[32minfo[39m[22m[49m: Initializing dotnet version 11.0.0 commit hash e31907b0fbca908ed525247a1dc38cc5fba7b0ff
  [40m[32minfo[39m[22m[49m: Using threadless Xunit runner
  [40m[32minfo[39m[22m[49m: Discovering: System.Formats.Nrbf.Tests.dll (method display = ClassAndMethod, method display options = None)
  [40m[32minfo[39m[22m[49m: Discovered:  System.Formats.Nrbf.Tests.dll (found 3 of 153 test cases)
  [40m[32minfo[39m[22m[49m: Starting:    System.Formats.Nrbf.Tests.dll
  [40m[32minfo[39m[22m[49m: [STRT] System.Formats.Nrbf.Tests.StartsWithPayloadHeaderTests.StartsWithPayloadHeader_ReturnsExpectedResult(bytes: [0, 11], expected: False)
  [40m[32minfo[39m[22m[49m: [STRT] System.Formats.Nrbf.Tests.StartsWithPayloadHeaderTests.StartsWithPayloadHeader_ReturnsExpectedResult(bytes: [0, 1, 0, 0, 0, Â·Â·Â·], expected: True)
  [40m[32minfo[39m[22m[49m: [STRT] System.Formats.Nrbf.Tests.StartsWithPayloadHeaderTests.StartsWithPayloadHeader_ReturnsExpectedResult(bytes: [1, 0, 0, 0, 2, Â·Â·Â·], expected: False)
  [40m[32minfo[39m[22m[49m: [STRT] System.Formats.Nrbf.Tests.StartsWithPayloadHeaderTests.StartsWithPayloadHeader_ReturnsExpectedResult(bytes: [0, 1, 0, 0, 0, Â·Â·Â·], expected: False)
  [40m[32minfo[39m[22m[49m: [STRT] System.Formats.Nrbf.Tests.EdgeCaseTests.FormatterTypeStyleOtherThanTypesAlwaysAreNotSupportedByDesign
  [40m[32minfo[39m[22m[49m: [FAIL] System.Formats.Nrbf.Tests.EdgeCaseTests.FormatterTypeStyleOtherThanTypesAlwaysAreNotSupportedByDesign
  [40m[32minfo[39m[22m[49m: System.InvalidOperationException : Exception during discovery:
  [40m[32minfo[39m[22m[49m: System.Reflection.CustomAttributeFormatException: Could not load file or assembly 'System.Runtime.Serialization.Formatters, Version=11.0.0.0, Culture=neutral, PublicKeyToken=b03f5f7f11d50a3a'. The system cannot find the file specified.
  [40m[32minfo[39m[22m[49m: 
  [40m[32minfo[39m[22m[49m:  ---> System.IO.FileNotFoundException: Could not load file or assembly 'System.Runtime.Serialization.Formatters, Version=11.0.0.0, Culture=neutral, PublicKeyToken=b03f5f7f11d50a3a'. The system cannot find the file specified.
  [40m[32minfo[39m[22m[49m: 
  [40m[32minfo[39m[22m[49m: File name: 'System.Runtime.Serialization.Formatters, Version=11.0.0.0, Culture=neutral, PublicKeyToken=b03f5f7f11d50a3a'
  [40m[32minfo[39m[22m[49m:    at System.Reflection.RuntimeAssembly.<InternalLoad>g____PInvoke|48_0(NativeAssemblyNameParts* __pAssemblyNameParts_native, ObjectHandleOnStack __requestingAssembly_native, StackCrawlMarkHandle __stackMark_native, Int32 __throwOnFileNotFound_native, ObjectHandleOnStack __assemblyLoadContext_native, ObjectHandleOnStack __retAssembly_native)
  [40m[32minfo[39m[22m[49m:    at System.Reflection.RuntimeAssembly.InternalLoad(NativeAssemblyNameParts* pAssemblyNameParts, ObjectHandleOnStack requestingAssembly, StackCrawlMarkHandle stackMark, Boolean throwOnFileNotFound, ObjectHandleOnStack assemblyLoadContext, ObjectHandleOnStack retAssembly)
  [40m[32minfo[39m[22m[49m:    at System.Reflection.RuntimeAssembly.InternalLoad(AssemblyName assemblyName, StackCrawlMark& stackMark, AssemblyLoadContext assemblyLoadContext, RuntimeAssembly requestingAssembly, Boolean throwOnFileNotFound)
  [40m[32minfo[39m[22m[49m:    at System.Reflection.TypeNameResolver.ResolveAssembly(AssemblyName assemblyName)
  [40m[32minfo[39m[22m[49m:    at System.Reflection.TypeNameResolver.GetType(String escapedTypeName, ReadOnlySpan`1 nestedTypeNames, TypeName parsedName)
  [40m[32minfo[39m[22m[49m:    at System.Reflection.TypeNameResolver.GetSimpleType(TypeName typeName)
  [40m[32minfo[39m[22m[49m:    at System.Reflection.TypeNameResolver.Resolve(TypeName typeName)
  [40m[32minfo[39m[22m[49m:    at System.Reflection.TypeNameResolver.GetTypeReferencedByCustomAttribute(String typeName, RuntimeModule scope)
  [40m[32minfo[39m[22m[49m:    at System.Reflection.CustomAttributeEncodedArgument.ParseCustomAttributeType(CustomAttributeDataParser& parser, RuntimeModule module)
  [40m[32minfo[39m[22m[49m:    at System.Reflection.CustomAttributeEncodedArgument.ParseCustomAttributeValue(CustomAttributeDataParser& parser, CustomAttributeType type, RuntimeModule module)
  [40m[32minfo[39m[22m[49m:    at System.Reflection.CustomAttributeEncodedArgument.ParseCustomAttributeValue(CustomAttributeDataParser& parser, CustomAttributeType type, RuntimeModule module)
  [40m[32minfo[39m[22m[49m:    at System.Reflection.CustomAttributeEncodedArgument.ParseCtorArgs(CustomAttributeDataParser& parser, CustomAttributeCtorParameter[] customAttributeCtorParameters, RuntimeModule module)
  [40m[32minfo[39m[22m[49m:    at System.Reflection.CustomAttributeEncodedArgument.ParseAttributeArguments(ConstArray attributeBlob, CustomAttributeCtorParameter[] customAttributeCtorParameters, CustomAttributeNamedParameter[] customAttributeNamedParameters, RuntimeModule customAttributeModule)
  [40m[32minfo[39m[22m[49m:    --- End of inner exception stack trace ---
  [40m[32minfo[39m[22m[49m:    at System.Reflection.CustomAttributeEncodedArgument.ParseAttributeArguments(ConstArray attributeBlob, CustomAttributeCtorParameter[] customAttributeCtorParameters, CustomAttributeNamedParameter[] customAttributeNamedParameters, RuntimeModule customAttributeModule)
  [40m[32minfo[39m[22m[49m:    at System.Reflection.RuntimeCustomAttributeData..ctor(RuntimeModule scope, MetadataToken caCtorToken, ConstArray& blob)
  [40m[32minfo[39m[22m[49m:    at System.Reflection.RuntimeCustomAttributeData.GetCustomAttributes(RuntimeModule module, Int32 tkTarget)
  [40m[32minfo[39m[22m[49m:    at System.Reflection.RuntimeCustomAttributeData.GetCustomAttributesInternal(RuntimeMethodInfo target)
  [40m[32minfo[39m[22m[49m:    at System.Reflection.RuntimeMethodInfo.GetCustomAttributesData()
  [40m[32minfo[39m[22m[49m:    at System.Reflection.MemberInfo.get_CustomAttributes()
  [40m[32minfo[39m[22m[49m:    at Xunit.Sdk.ReflectionMethodInfo.GetCustomAttributes(MethodInfo method, Type attributeType, AttributeUsageAttribute attributeUsage)
  [40m[32minfo[39m[22m[49m:    at Xunit.Sdk.ReflectionMethodInfo.GetCustomAttributes(MethodInfo method, String assemblyQualifiedAttributeTypeName)
  [40m[32minfo[39m[22m[49m:    at Xunit.Sdk.ReflectionMethodInfo.GetCustomAttributes(String assemblyQualifiedAttributeTypeName)
  [40m[32minfo[39m[22m[49m:    at ReflectionAbstractionExtensions.GetCustomAttributes(IMethodInfo methodInfo, Type attributeType)
  [40m[32minfo[39m[22m[49m:    at Xunit.Sdk.XunitTestFrameworkDiscoverer.FindTestsForMethod(ITestMethod testMethod, Boolean includeSourceInformation, IMessageBus messageBus, ITestFrameworkDiscoveryOptions discoveryOptions)
  [40m[32minfo[39m[22m[49m:    at Xunit.Sdk.XunitTestFrameworkDiscoverer.FindTestsForType(ITestClass testClass, Boolean includeSourceInformation, IMessageBus messageBus, ITestFrameworkDiscoveryOptions discoveryOptions)
  [40m[32minfo[39m[22m[49m: 
  [40m[32minfo[39m[22m[49m: [STRT] System.Formats.Nrbf.Tests.EdgeCaseTests.ArraysOfStringsCanContainMemberReferences
  [40m[32minfo[39m[22m[49m: [FAIL] System.Formats.Nrbf.Tests.EdgeCaseTests.ArraysOfStringsCanContainMemberReferences
  [40m[32minfo[39m[22m[49m: System.InvalidOperationException : Exception during discovery:
  [40m[32minfo[39m[22m[49m: System.Reflection.CustomAttributeFormatException: Could not load file or assembly 'System.Runtime.Serialization.Formatters, Version=11.0.0.0, Culture=neutral, PublicKeyToken=b03f5f7f11d50a3a'. The system cannot find the file specified.
  [40m[32minfo[39m[22m[49m: 
  [40m[32minfo[39m[22m[49m:  ---> System.IO.FileNotFoundException: Could not load file or assembly 'System.Runtime.Serialization.Formatters, Version=11.0.0.0, Culture=neutral, PublicKeyToken=b03f5f7f11d50a3a'. The system cannot find the file specified.
  [40m[32minfo[39m[22m[49m: 
  [40m[32minfo[39m[22m[49m: File name: 'System.Runtime.Serialization.Formatters, Version=11.0.0.0, Culture=neutral, PublicKeyToken=b03f5f7f11d50a3a'
  [40m[32minfo[39m[22m[49m:    at System.Reflection.RuntimeAssembly.<InternalLoad>g____PInvoke|48_0(NativeAssemblyNameParts* __pAssemblyNameParts_native, ObjectHandleOnStack __requestingAssembly_native, StackCrawlMarkHandle __stackMark_native, Int32 __throwOnFileNotFound_native, ObjectHandleOnStack __assemblyLoadContext_native, ObjectHandleOnStack __retAssembly_native)
  [40m[32minfo[39m[22m[49m:    at System.Reflection.RuntimeAssembly.InternalLoad(NativeAssemblyNameParts* pAssemblyNameParts, ObjectHandleOnStack requestingAssembly, StackCrawlMarkHandle stackMark, Boolean throwOnFileNotFound, ObjectHandleOnStack assemblyLoadContext, ObjectHandleOnStack retAssembly)
  [40m[32minfo[39m[22m[49m:    at System.Reflection.RuntimeAssembly.InternalLoad(AssemblyName assemblyName, StackCrawlMark& stackMark, AssemblyLoadContext assemblyLoadContext, RuntimeAssembly requestingAssembly, Boolean throwOnFileNotFound)
  [40m[32minfo[39m[22m[49m:    at System.Reflection.TypeNameResolver.ResolveAssembly(AssemblyName assemblyName)
  [40m[32minfo[39m[22m[49m:    at System.Reflection.TypeNameResolver.GetType(String escapedTypeName, ReadOnlySpan`1 nestedTypeNames, TypeName parsedName)
  [40m[32minfo[39m[22m[49m:    at System.Reflection.TypeNameResolver.GetSimpleType(TypeName typeName)
  [40m[32minfo[39m[22m[49m:    at System.Reflection.TypeNameResolver.Resolve(TypeName typeName)
  [40m[32minfo[39m[22m[49m:    at System.Reflection.TypeNameResolver.GetTypeReferencedByCustomAttribute(String typeName, RuntimeModule scope)
  [40m[32minfo[39m[22m[49m:    at System.Reflection.CustomAttributeEncodedArgument.ParseCustomAttributeType(CustomAttributeDataParser& parser, RuntimeModule module)
  [40m[32minfo[39m[22m[49m:    at System.Reflection.CustomAttributeEncodedArgument.ParseCustomAttributeValue(CustomAttributeDataParser& parser, CustomAttributeType type, RuntimeModule module)
  [40m[32minfo[39m[22m[49m:    at System.Reflection.CustomAttributeEncodedArgument.ParseCustomAttributeValue(CustomAttributeDataParser& parser, CustomAttributeType type, RuntimeModule module)
  [40m[32minfo[39m[22m[49m:    at System.Reflection.CustomAttributeEncodedArgument.ParseCtorArgs(CustomAttributeDataParser& parser, CustomAttributeCtorParameter[] customAttributeCtorParameters, RuntimeModule module)
  [40m[32minfo[39m[22m[49m:    at System.Reflection.CustomAttributeEncodedArgument.ParseAttributeArguments(ConstArray attributeBlob, CustomAttributeCtorParameter[] customAttributeCtorParameters, CustomAttributeNamedParameter[] customAttributeNamedParameters, RuntimeModule customAttributeModule)
  [40m[32minfo[39m[22m[49m:    --- End of inner exception stack trace ---
  [40m[32minfo[39m[22m[49m:    at System.Reflection.CustomAttributeEncodedArgument.ParseAttributeArguments(ConstArray attributeBlob, CustomAttributeCtorParameter[] customAttributeCtorParameters, CustomAttributeNamedParameter[] customAttributeNamedParameters, RuntimeModule customAttributeModule)
  [40m[32minfo[39m[22m[49m:    at System.Reflection.RuntimeCustomAttributeData..ctor(RuntimeModule scope, MetadataToken caCtorToken, ConstArray& blob)
  [40m[32minfo[39m[22m[49m:    at System.Reflection.RuntimeCustomAttributeData.GetCustomAttributes(RuntimeModule module, Int32 tkTarget)
  [40m[32minfo[39m[22m[49m:    at System.Reflection.RuntimeCustomAttributeData.GetCustomAttributesInternal(RuntimeMethodInfo target)
  [40m[32minfo[39m[22m[49m:    at System.Reflection.RuntimeMethodInfo.GetCustomAttributesData()
  [40m[32minfo[39m[22m[49m:    at System.Reflection.MemberInfo.get_CustomAttributes()
  [40m[32minfo[39m[22m[49m:    at Xunit.Sdk.ReflectionMethodInfo.GetCustomAttributes(MethodInfo method, Type attributeType, AttributeUsageAttribute attributeUsage)
  [40m[32minfo[39m[22m[49m:    at Xunit.Sdk.ReflectionMethodInfo.GetCustomAttributes(MethodInfo method, String assemblyQualifiedAttributeTypeName)
  [40m[32minfo[39m[22m[49m:    at Xunit.Sdk.ReflectionMethodInfo.GetCustomAttributes(String assemblyQualifiedAttributeTypeName)
  [40m[32minfo[39m[22m[49m:    at ReflectionAbstractionExtensions.GetCustomAttributes(IMethodInfo methodInfo, Type attributeType)
  [40m[32minfo[39m[22m[49m:    at Xunit.Sdk.XunitTestFrameworkDiscoverer.FindTestsForMethod(ITestMethod testMethod, Boolean includeSourceInformation, IMessageBus messageBus, ITestFrameworkDiscoveryOptions discoveryOptions)
  [40m[32minfo[39m[22m[49m:    at Xunit.Sdk.XunitTestFrameworkDiscoverer.FindTestsForType(ITestClass testClass, Boolean includeSourceInformation, IMessageBus messageBus, ITestFrameworkDiscoveryOptions discoveryOptions)
  [40m[32minfo[39m[22m[49m: 
  [40m[32minfo[39m[22m[49m: Finished:    System.Formats.Nrbf.Tests.dll
  [40m[32minfo[39m[22m[49m: Stored /home/pavelsavara/dev/runtime/artifacts/bin/System.Formats.Nrbf.Tests/Release/net11.0/browser-wasm/wwwroot/xharness-output/testResults.xml results 11839 bytes
  [40m[32minfo[39m[22m[49m: Finished uploading 11839 bytes of RESULTXML
  [40m[32minfo[39m[22m[49m: Xml file was written to the provided writer.
  [40m[32minfo[39m[22m[49m: 
  [40m[32minfo[39m[22m[49m: === TEST EXECUTION SUMMARY ===
  [40m[32minfo[39m[22m[49m: Tests run: 6 Passed: 4 Inconclusive: 0 Failed: 2 Ignored: 0 Skipped: 0
  [40m[32minfo[39m[22m[49m: 
  [40m[32minfo[39m[22m[49m: test-main.js exiting WasmTestRunner.dll System.Formats.Nrbf.Tests.dll after 0.0102 minutes with result 1 and linear memory 161087488 bytes
  [40m[32minfo[39m[22m[49m: WASM EXIT 1
  [40m[32minfo[39m[22m[49m: Waiting to flush log messages with a timeout of 120 secs ..
  [41m[30mfail[39m[22m[49m: Application has finished with exit code TESTS_FAILED but 0 was expected
  [40m[32minfo[39m[22m[49m: Closing 1 browser tabs before setting the main tab to config page and quitting.
  XHarness exit code: 71 (GENERAL_FAILURE)
  ~/dev/runtime/artifacts/bin/System.Formats.Nrbf.Tests/Release/net11.0/browser-wasm/wwwroot ~/dev/runtime/src/libraries/System.Formats.Nrbf/tests
  ----- end Fri Jan 30 10:54:41 CET 2026 ----- exit code 71 ----------------------------------------------------------
  XHarness artifacts: /home/pavelsavara/dev/runtime/artifacts/bin/System.Formats.Nrbf.Tests/Release/net11.0/browser-wasm/wwwroot/xharness-output
/home/pavelsavara/dev/runtime/eng/testing/tests.targets(206,5): error : One or more tests failed while running tests from 'System.Formats.Nrbf.Tests'. [/home/pavelsavara/dev/runtime/src/libraries/System.Formats.Nrbf/tests/System.Formats.Nrbf.Tests.csproj::TargetFramework=net11.0]

Build FAILED.

/home/pavelsavara/dev/runtime/eng/testing/tests.targets(206,5): error : One or more tests failed while running tests from 'System.Formats.Nrbf.Tests'. [/home/pavelsavara/dev/runtime/src/libraries/System.Formats.Nrbf/tests/System.Formats.Nrbf.Tests.csproj::TargetFramework=net11.0]
    0 Warning(s)
    1 Error(s)

Time Elapsed 00:00:10.42
