<?xml version="1.0" encoding="utf-8"?>
<assemblies>
  <assembly name="System.Formats.Nrbf.Tests.dll" environment="32-bit .NET .NET 11.0 [collection-per-class, non-parallel]" test-framework="xUnit.net 2.9.3.0" run-date="2026-01-30" run-time="09:55:31" total="6" passed="4" failed="2" skipped="0" time="0.089" errors="0">
    <errors />
    <collection total="2" passed="0" failed="2" skipped="0" name="Test collection for System.Formats.Nrbf.Tests.EdgeCaseTests" time="0.000">
      <test name="System.Formats.Nrbf.Tests.EdgeCaseTests.ArraysOfStringsCanContainMemberReferences" type="System.Formats.Nrbf.Tests.EdgeCaseTests" method="ArraysOfStringsCanContainMemberReferences" time="0" result="Fail">
        <failure exception-type="System.InvalidOperationException">
          <message><![CDATA[System.InvalidOperationException : Exception during discovery:\nSystem.Reflection.CustomAttributeFormatException: Could not load file or assembly 'System.Runtime.Serialization.Formatters, Version=11.0.0.0, Culture=neutral, PublicKeyToken=b03f5f7f11d50a3a'. The system cannot find the file specified.\n\n ---> System.IO.FileNotFoundException: Could not load file or assembly 'System.Runtime.Serialization.Formatters, Version=11.0.0.0, Culture=neutral, PublicKeyToken=b03f5f7f11d50a3a'. The system cannot find the file specified.\n\nFile name: 'System.Runtime.Serialization.Formatters, Version=11.0.0.0, Culture=neutral, PublicKeyToken=b03f5f7f11d50a3a'\n   at System.Reflection.RuntimeAssembly.<InternalLoad>g____PInvoke|48_0(NativeAssemblyNameParts* __pAssemblyNameParts_native, ObjectHandleOnStack __requestingAssembly_native, StackCrawlMarkHandle __stackMark_native, Int32 __throwOnFileNotFound_native, ObjectHandleOnStack __assemblyLoadContext_native, ObjectHandleOnStack __retAssembly_native)\n   at System.Reflection.RuntimeAssembly.InternalLoad(NativeAssemblyNameParts* pAssemblyNameParts, ObjectHandleOnStack requestingAssembly, StackCrawlMarkHandle stackMark, Boolean throwOnFileNotFound, ObjectHandleOnStack assemblyLoadContext, ObjectHandleOnStack retAssembly)\n   at System.Reflection.RuntimeAssembly.InternalLoad(AssemblyName assemblyName, StackCrawlMark& stackMark, AssemblyLoadContext assemblyLoadContext, RuntimeAssembly requestingAssembly, Boolean throwOnFileNotFound)\n   at System.Reflection.TypeNameResolver.ResolveAssembly(AssemblyName assemblyName)\n   at System.Reflection.TypeNameResolver.GetType(String escapedTypeName, ReadOnlySpan`1 nestedTypeNames, TypeName parsedName)\n   at System.Reflection.TypeNameResolver.GetSimpleType(TypeName typeName)\n   at System.Reflection.TypeNameResolver.Resolve(TypeName typeName)\n   at System.Reflection.TypeNameResolver.GetTypeReferencedByCustomAttribute(String typeName, RuntimeModule scope)\n   at System.Reflection.CustomAttributeEncodedArgument.ParseCustomAttributeType(CustomAttributeDataParser& parser, RuntimeModule module)\n   at System.Reflection.CustomAttributeEncodedArgument.ParseCustomAttributeValue(CustomAttributeDataParser& parser, CustomAttributeType type, RuntimeModule module)\n   at System.Reflection.CustomAttributeEncodedArgument.ParseCustomAttributeValue(CustomAttributeDataParser& parser, CustomAttributeType type, RuntimeModule module)\n   at System.Reflection.CustomAttributeEncodedArgument.ParseCtorArgs(CustomAttributeDataParser& parser, CustomAttributeCtorParameter[] customAttributeCtorParameters, RuntimeModule module)\n   at System.Reflection.CustomAttributeEncodedArgument.ParseAttributeArguments(ConstArray attributeBlob, CustomAttributeCtorParameter[] customAttributeCtorParameters, CustomAttributeNamedParameter[] customAttributeNamedParameters, RuntimeModule customAttributeModule)\n   --- End of inner exception stack trace ---\n   at System.Reflection.CustomAttributeEncodedArgument.ParseAttributeArguments(ConstArray attributeBlob, CustomAttributeCtorParameter[] customAttributeCtorParameters, CustomAttributeNamedParameter[] customAttributeNamedParameters, RuntimeModule customAttributeModule)\n   at System.Reflection.RuntimeCustomAttributeData..ctor(RuntimeModule scope, MetadataToken caCtorToken, ConstArray& blob)\n   at System.Reflection.RuntimeCustomAttributeData.GetCustomAttributes(RuntimeModule module, Int32 tkTarget)\n   at System.Reflection.RuntimeCustomAttributeData.GetCustomAttributesInternal(RuntimeMethodInfo target)\n   at System.Reflection.RuntimeMethodInfo.GetCustomAttributesData()\n   at System.Reflection.MemberInfo.get_CustomAttributes()\n   at Xunit.Sdk.ReflectionMethodInfo.GetCustomAttributes(MethodInfo method, Type attributeType, AttributeUsageAttribute attributeUsage)\n   at Xunit.Sdk.ReflectionMethodInfo.GetCustomAttributes(MethodInfo method, String assemblyQualifiedAttributeTypeName)\n   at Xunit.Sdk.ReflectionMethodInfo.GetCustomAttributes(String assemblyQualifiedAttributeTypeName)\n   at ReflectionAbstractionExtensions.GetCustomAttributes(IMethodInfo methodInfo, Type attributeType)\n   at Xunit.Sdk.XunitTestFrameworkDiscoverer.FindTestsForMethod(ITestMethod testMethod, Boolean includeSourceInformation, IMessageBus messageBus, ITestFrameworkDiscoveryOptions discoveryOptions)\n   at Xunit.Sdk.XunitTestFrameworkDiscoverer.FindTestsForType(ITestClass testClass, Boolean includeSourceInformation, IMessageBus messageBus, ITestFrameworkDiscoveryOptions discoveryOptions)]]></message>
          <stack-trace><![CDATA[]]></stack-trace>
        </failure>
      </test>
      <test name="System.Formats.Nrbf.Tests.EdgeCaseTests.FormatterTypeStyleOtherThanTypesAlwaysAreNotSupportedByDesign" type="System.Formats.Nrbf.Tests.EdgeCaseTests" method="FormatterTypeStyleOtherThanTypesAlwaysAreNotSupportedByDesign" time="0" result="Fail">
        <failure exception-type="System.InvalidOperationException">
          <message><![CDATA[System.InvalidOperationException : Exception during discovery:\nSystem.Reflection.CustomAttributeFormatException: Could not load file or assembly 'System.Runtime.Serialization.Formatters, Version=11.0.0.0, Culture=neutral, PublicKeyToken=b03f5f7f11d50a3a'. The system cannot find the file specified.\n\n ---> System.IO.FileNotFoundException: Could not load file or assembly 'System.Runtime.Serialization.Formatters, Version=11.0.0.0, Culture=neutral, PublicKeyToken=b03f5f7f11d50a3a'. The system cannot find the file specified.\n\nFile name: 'System.Runtime.Serialization.Formatters, Version=11.0.0.0, Culture=neutral, PublicKeyToken=b03f5f7f11d50a3a'\n   at System.Reflection.RuntimeAssembly.<InternalLoad>g____PInvoke|48_0(NativeAssemblyNameParts* __pAssemblyNameParts_native, ObjectHandleOnStack __requestingAssembly_native, StackCrawlMarkHandle __stackMark_native, Int32 __throwOnFileNotFound_native, ObjectHandleOnStack __assemblyLoadContext_native, ObjectHandleOnStack __retAssembly_native)\n   at System.Reflection.RuntimeAssembly.InternalLoad(NativeAssemblyNameParts* pAssemblyNameParts, ObjectHandleOnStack requestingAssembly, StackCrawlMarkHandle stackMark, Boolean throwOnFileNotFound, ObjectHandleOnStack assemblyLoadContext, ObjectHandleOnStack retAssembly)\n   at System.Reflection.RuntimeAssembly.InternalLoad(AssemblyName assemblyName, StackCrawlMark& stackMark, AssemblyLoadContext assemblyLoadContext, RuntimeAssembly requestingAssembly, Boolean throwOnFileNotFound)\n   at System.Reflection.TypeNameResolver.ResolveAssembly(AssemblyName assemblyName)\n   at System.Reflection.TypeNameResolver.GetType(String escapedTypeName, ReadOnlySpan`1 nestedTypeNames, TypeName parsedName)\n   at System.Reflection.TypeNameResolver.GetSimpleType(TypeName typeName)\n   at System.Reflection.TypeNameResolver.Resolve(TypeName typeName)\n   at System.Reflection.TypeNameResolver.GetTypeReferencedByCustomAttribute(String typeName, RuntimeModule scope)\n   at System.Reflection.CustomAttributeEncodedArgument.ParseCustomAttributeType(CustomAttributeDataParser& parser, RuntimeModule module)\n   at System.Reflection.CustomAttributeEncodedArgument.ParseCustomAttributeValue(CustomAttributeDataParser& parser, CustomAttributeType type, RuntimeModule module)\n   at System.Reflection.CustomAttributeEncodedArgument.ParseCustomAttributeValue(CustomAttributeDataParser& parser, CustomAttributeType type, RuntimeModule module)\n   at System.Reflection.CustomAttributeEncodedArgument.ParseCtorArgs(CustomAttributeDataParser& parser, CustomAttributeCtorParameter[] customAttributeCtorParameters, RuntimeModule module)\n   at System.Reflection.CustomAttributeEncodedArgument.ParseAttributeArguments(ConstArray attributeBlob, CustomAttributeCtorParameter[] customAttributeCtorParameters, CustomAttributeNamedParameter[] customAttributeNamedParameters, RuntimeModule customAttributeModule)\n   --- End of inner exception stack trace ---\n   at System.Reflection.CustomAttributeEncodedArgument.ParseAttributeArguments(ConstArray attributeBlob, CustomAttributeCtorParameter[] customAttributeCtorParameters, CustomAttributeNamedParameter[] customAttributeNamedParameters, RuntimeModule customAttributeModule)\n   at System.Reflection.RuntimeCustomAttributeData..ctor(RuntimeModule scope, MetadataToken caCtorToken, ConstArray& blob)\n   at System.Reflection.RuntimeCustomAttributeData.GetCustomAttributes(RuntimeModule module, Int32 tkTarget)\n   at System.Reflection.RuntimeCustomAttributeData.GetCustomAttributesInternal(RuntimeMethodInfo target)\n   at System.Reflection.RuntimeMethodInfo.GetCustomAttributesData()\n   at System.Reflection.MemberInfo.get_CustomAttributes()\n   at Xunit.Sdk.ReflectionMethodInfo.GetCustomAttributes(MethodInfo method, Type attributeType, AttributeUsageAttribute attributeUsage)\n   at Xunit.Sdk.ReflectionMethodInfo.GetCustomAttributes(MethodInfo method, String assemblyQualifiedAttributeTypeName)\n   at Xunit.Sdk.ReflectionMethodInfo.GetCustomAttributes(String assemblyQualifiedAttributeTypeName)\n   at ReflectionAbstractionExtensions.GetCustomAttributes(IMethodInfo methodInfo, Type attributeType)\n   at Xunit.Sdk.XunitTestFrameworkDiscoverer.FindTestsForMethod(ITestMethod testMethod, Boolean includeSourceInformation, IMessageBus messageBus, ITestFrameworkDiscoveryOptions discoveryOptions)\n   at Xunit.Sdk.XunitTestFrameworkDiscoverer.FindTestsForType(ITestClass testClass, Boolean includeSourceInformation, IMessageBus messageBus, ITestFrameworkDiscoveryOptions discoveryOptions)]]></message>
          <stack-trace><![CDATA[]]></stack-trace>
        </failure>
      </test>
    </collection>
    <collection total="4" passed="4" failed="0" skipped="0" name="Test collection for System.Formats.Nrbf.Tests.StartsWithPayloadHeaderTests" time="0.006">
      <test name="System.Formats.Nrbf.Tests.StartsWithPayloadHeaderTests.StartsWithPayloadHeader_ReturnsExpectedResult(bytes: [0, 11], expected: False)" type="System.Formats.Nrbf.Tests.StartsWithPayloadHeaderTests" method="StartsWithPayloadHeader_ReturnsExpectedResult" time="0.0054" result="Pass" />
      <test name="System.Formats.Nrbf.Tests.StartsWithPayloadHeaderTests.StartsWithPayloadHeader_ReturnsExpectedResult(bytes: [0, 1, 0, 0, 0, ···], expected: True)" type="System.Formats.Nrbf.Tests.StartsWithPayloadHeaderTests" method="StartsWithPayloadHeader_ReturnsExpectedResult" time="0.0005" result="Pass" />
      <test name="System.Formats.Nrbf.Tests.StartsWithPayloadHeaderTests.StartsWithPayloadHeader_ReturnsExpectedResult(bytes: [1, 0, 0, 0, 2, ···], expected: False)" type="System.Formats.Nrbf.Tests.StartsWithPayloadHeaderTests" method="StartsWithPayloadHeader_ReturnsExpectedResult" time="0.0001" result="Pass" />
      <test name="System.Formats.Nrbf.Tests.StartsWithPayloadHeaderTests.StartsWithPayloadHeader_ReturnsExpectedResult(bytes: [0, 1, 0, 0, 0, ···], expected: False)" type="System.Formats.Nrbf.Tests.StartsWithPayloadHeaderTests" method="StartsWithPayloadHeader_ReturnsExpectedResult" time="0.0001" result="Pass" />
    </collection>
  </assembly>
</assemblies>