<?xml version="1.0" encoding="utf-8"?>
<assemblies>
  <assembly name="System.Runtime.InteropServices.JavaScript.Tests.dll" environment="32-bit .NET .NET 11.0 [collection-per-class, non-parallel]" test-framework="xUnit.net 2.9.3.0" run-date="2026-01-28" run-time="02:18:02" total="454" passed="452" failed="0" skipped="2" time="15.639" errors="0">
    <errors />
    <collection total="34" passed="34" failed="0" skipped="0" name="Test collection for System.Runtime.InteropServices.JavaScript.Http.Tests.HttpRequestMessageTest" time="0.282">
      <test name="System.Runtime.InteropServices.JavaScript.Http.Tests.HttpRequestMessageTest.Ctor_AbsoluteStringUri_CorrectValues(uri: \&quot;http://host/absolute/\&quot;)" type="System.Runtime.InteropServices.JavaScript.Http.Tests.HttpRequestMessageTest" method="Ctor_AbsoluteStringUri_CorrectValues" time="0.031335" result="Pass" />
      <test name="System.Runtime.InteropServices.JavaScript.Http.Tests.HttpRequestMessageTest.Ctor_AbsoluteStringUri_CorrectValues(uri: \&quot;blob:http://host/absolute/\&quot;)" type="System.Runtime.InteropServices.JavaScript.Http.Tests.HttpRequestMessageTest" method="Ctor_AbsoluteStringUri_CorrectValues" time="0.003665" result="Pass" />
      <test name="System.Runtime.InteropServices.JavaScript.Http.Tests.HttpRequestMessageTest.Ctor_AbsoluteStringUri_CorrectValues(uri: \&quot;foo://host/absolute\&quot;)" type="System.Runtime.InteropServices.JavaScript.Http.Tests.HttpRequestMessageTest" method="Ctor_AbsoluteStringUri_CorrectValues" time="0.00081" result="Pass" />
      <test name="System.Runtime.InteropServices.JavaScript.Http.Tests.HttpRequestMessageTest.ToString_NonDefaultInstanceWithCustomHeaders_DumpAllFields(uriData: \&quot;http://a.com/\&quot;)" type="System.Runtime.InteropServices.JavaScript.Http.Tests.HttpRequestMessageTest" method="ToString_NonDefaultInstanceWithCustomHeaders_DumpAllFields" time="0.021845" result="Pass" />
      <test name="System.Runtime.InteropServices.JavaScript.Http.Tests.HttpRequestMessageTest.ToString_NonDefaultInstanceWithCustomHeaders_DumpAllFields(uriData: \&quot;blob:http://a.com/\&quot;)" type="System.Runtime.InteropServices.JavaScript.Http.Tests.HttpRequestMessageTest" method="ToString_NonDefaultInstanceWithCustomHeaders_DumpAllFields" time="0.00108" result="Pass" />
      <test name="System.Runtime.InteropServices.JavaScript.Http.Tests.HttpRequestMessageTest.ToString_DefaultInstance_DumpAllFields" type="System.Runtime.InteropServices.JavaScript.Http.Tests.HttpRequestMessageTest" method="ToString_DefaultInstance_DumpAllFields" time="0.000455" result="Pass" />
      <test name="System.Runtime.InteropServices.JavaScript.Http.Tests.HttpRequestMessageTest.Version_SetToNull_ThrowsArgumentNullException" type="System.Runtime.InteropServices.JavaScript.Http.Tests.HttpRequestMessageTest" method="Version_SetToNull_ThrowsArgumentNullException" time="0.0009399" result="Pass" />
      <test name="System.Runtime.InteropServices.JavaScript.Http.Tests.HttpRequestMessageTest.Properties_SetOptionsAndGetTheirValue_Set_FetchOptions(uriData: \&quot;https://example.com\&quot;)" type="System.Runtime.InteropServices.JavaScript.Http.Tests.HttpRequestMessageTest" method="Properties_SetOptionsAndGetTheirValue_Set_FetchOptions" time="0.0031799" result="Pass" />
      <test name="System.Runtime.InteropServices.JavaScript.Http.Tests.HttpRequestMessageTest.Properties_SetOptionsAndGetTheirValue_Set_FetchOptions(uriData: \&quot;blob:https://example.com\&quot;)" type="System.Runtime.InteropServices.JavaScript.Http.Tests.HttpRequestMessageTest" method="Properties_SetOptionsAndGetTheirValue_Set_FetchOptions" time="0.0005499" result="Pass" />
      <test name="System.Runtime.InteropServices.JavaScript.Http.Tests.HttpRequestMessageTest.HttpStreamingEnabledBy_WebAssemblyEnableStreamingResponse_Option" type="System.Runtime.InteropServices.JavaScript.Http.Tests.HttpRequestMessageTest" method="HttpStreamingEnabledBy_WebAssemblyEnableStreamingResponse_Option" time="0.185755" result="Pass" />
      <test name="System.Runtime.InteropServices.JavaScript.Http.Tests.HttpRequestMessageTest.ToString_NonDefaultInstanceWithNoCustomHeaders_DumpAllFields(uriData: \&quot;http://a.com/\&quot;)" type="System.Runtime.InteropServices.JavaScript.Http.Tests.HttpRequestMessageTest" method="ToString_NonDefaultInstanceWithNoCustomHeaders_DumpAllFields" time="0.000425" result="Pass" />
      <test name="System.Runtime.InteropServices.JavaScript.Http.Tests.HttpRequestMessageTest.ToString_NonDefaultInstanceWithNoCustomHeaders_DumpAllFields(uriData: \&quot;blob:http://a.com/\&quot;)" type="System.Runtime.InteropServices.JavaScript.Http.Tests.HttpRequestMessageTest" method="ToString_NonDefaultInstanceWithNoCustomHeaders_DumpAllFields" time="0.0003249" result="Pass" />
      <test name="System.Runtime.InteropServices.JavaScript.Http.Tests.HttpRequestMessageTest.Ctor_NullMethod_ThrowsArgumentNullException(uriData: \&quot;http://example.com\&quot;)" type="System.Runtime.InteropServices.JavaScript.Http.Tests.HttpRequestMessageTest" method="Ctor_NullMethod_ThrowsArgumentNullException" time="0.0005" result="Pass" />
      <test name="System.Runtime.InteropServices.JavaScript.Http.Tests.HttpRequestMessageTest.Ctor_NullMethod_ThrowsArgumentNullException(uriData: \&quot;blob:http://example.com\&quot;)" type="System.Runtime.InteropServices.JavaScript.Http.Tests.HttpRequestMessageTest" method="Ctor_NullMethod_ThrowsArgumentNullException" time="0.00024" result="Pass" />
      <test name="System.Runtime.InteropServices.JavaScript.Http.Tests.HttpRequestMessageTest.Ctor_RelativeUri_CorrectValues" type="System.Runtime.InteropServices.JavaScript.Http.Tests.HttpRequestMessageTest" method="Ctor_RelativeUri_CorrectValues" time="0.000255" result="Pass" />
      <test name="System.Runtime.InteropServices.JavaScript.Http.Tests.HttpRequestMessageTest.Ctor_NullUri_Accepted" type="System.Runtime.InteropServices.JavaScript.Http.Tests.HttpRequestMessageTest" method="Ctor_NullUri_Accepted" time="0.000195" result="Pass" />
      <test name="System.Runtime.InteropServices.JavaScript.Http.Tests.HttpRequestMessageTest.Ctor_AbsoluteUri_CorrectValues(uriData: \&quot;http://host/absolute/\&quot;)" type="System.Runtime.InteropServices.JavaScript.Http.Tests.HttpRequestMessageTest" method="Ctor_AbsoluteUri_CorrectValues" time="0.000285" result="Pass" />
      <test name="System.Runtime.InteropServices.JavaScript.Http.Tests.HttpRequestMessageTest.Ctor_AbsoluteUri_CorrectValues(uriData: \&quot;blob:http://host/absolute/\&quot;)" type="System.Runtime.InteropServices.JavaScript.Http.Tests.HttpRequestMessageTest" method="Ctor_AbsoluteUri_CorrectValues" time="0.00023" result="Pass" />
      <test name="System.Runtime.InteropServices.JavaScript.Http.Tests.HttpRequestMessageTest.Ctor_AbsoluteUri_CorrectValues(uriData: \&quot;foo://host/absolute\&quot;)" type="System.Runtime.InteropServices.JavaScript.Http.Tests.HttpRequestMessageTest" method="Ctor_AbsoluteUri_CorrectValues" time="0.000115" result="Pass" />
      <test name="System.Runtime.InteropServices.JavaScript.Http.Tests.HttpRequestMessageTest.Properties_SetOptionsAndGetTheirValue_Set_EnableStreamingResponse(uriData: \&quot;https://example.com\&quot;)" type="System.Runtime.InteropServices.JavaScript.Http.Tests.HttpRequestMessageTest" method="Properties_SetOptionsAndGetTheirValue_Set_EnableStreamingResponse" time="0.00034" result="Pass" />
      <test name="System.Runtime.InteropServices.JavaScript.Http.Tests.HttpRequestMessageTest.Properties_SetOptionsAndGetTheirValue_Set_EnableStreamingResponse(uriData: \&quot;blob:https://example.com\&quot;)" type="System.Runtime.InteropServices.JavaScript.Http.Tests.HttpRequestMessageTest" method="Properties_SetOptionsAndGetTheirValue_Set_EnableStreamingResponse" time="0.00024" result="Pass" />
      <test name="System.Runtime.InteropServices.JavaScript.Http.Tests.HttpRequestMessageTest.Dispose_DisposeObject_ContentGetsDisposedAndSettersWillThrowButGettersStillWork(uriData: \&quot;http://example.com\&quot;)" type="System.Runtime.InteropServices.JavaScript.Http.Tests.HttpRequestMessageTest" method="Dispose_DisposeObject_ContentGetsDisposedAndSettersWillThrowButGettersStillWork" time="0.00106" result="Pass" />
      <test name="System.Runtime.InteropServices.JavaScript.Http.Tests.HttpRequestMessageTest.Dispose_DisposeObject_ContentGetsDisposedAndSettersWillThrowButGettersStillWork(uriData: \&quot;blob:http://example.com\&quot;)" type="System.Runtime.InteropServices.JavaScript.Http.Tests.HttpRequestMessageTest" method="Dispose_DisposeObject_ContentGetsDisposedAndSettersWillThrowButGettersStillWork" time="0.0003798" result="Pass" />
      <test name="System.Runtime.InteropServices.JavaScript.Http.Tests.HttpRequestMessageTest.Properties_SetOptionsAndGetTheirValue_NotSet_EnableStreamingResponse(uriData: \&quot;https://example.com\&quot;)" type="System.Runtime.InteropServices.JavaScript.Http.Tests.HttpRequestMessageTest" method="Properties_SetOptionsAndGetTheirValue_NotSet_EnableStreamingResponse" time="0.000335" result="Pass" />
      <test name="System.Runtime.InteropServices.JavaScript.Http.Tests.HttpRequestMessageTest.Properties_SetOptionsAndGetTheirValue_NotSet_EnableStreamingResponse(uriData: \&quot;blob:https://example.com\&quot;)" type="System.Runtime.InteropServices.JavaScript.Http.Tests.HttpRequestMessageTest" method="Properties_SetOptionsAndGetTheirValue_NotSet_EnableStreamingResponse" time="0.0002699" result="Pass" />
      <test name="System.Runtime.InteropServices.JavaScript.Http.Tests.HttpRequestMessageTest.Ctor_Default_CorrectDefaults" type="System.Runtime.InteropServices.JavaScript.Http.Tests.HttpRequestMessageTest" method="Ctor_Default_CorrectDefaults" time="0.000215" result="Pass" />
      <test name="System.Runtime.InteropServices.JavaScript.Http.Tests.HttpRequestMessageTest.HttpStreamingDisabledBy_WasmEnableStreamingResponse_InProject" type="System.Runtime.InteropServices.JavaScript.Http.Tests.HttpRequestMessageTest" method="HttpStreamingDisabledBy_WasmEnableStreamingResponse_InProject" time="0.02534" result="Pass" />
      <test name="System.Runtime.InteropServices.JavaScript.Http.Tests.HttpRequestMessageTest.Properties_SetOptionsAndGetTheirValue_NotSet_FetchOptions(uriData: \&quot;https://example.com\&quot;)" type="System.Runtime.InteropServices.JavaScript.Http.Tests.HttpRequestMessageTest" method="Properties_SetOptionsAndGetTheirValue_NotSet_FetchOptions" time="0.000395" result="Pass" />
      <test name="System.Runtime.InteropServices.JavaScript.Http.Tests.HttpRequestMessageTest.Properties_SetOptionsAndGetTheirValue_NotSet_FetchOptions(uriData: \&quot;blob:https://example.com\&quot;)" type="System.Runtime.InteropServices.JavaScript.Http.Tests.HttpRequestMessageTest" method="Properties_SetOptionsAndGetTheirValue_NotSet_FetchOptions" time="0.00025" result="Pass" />
      <test name="System.Runtime.InteropServices.JavaScript.Http.Tests.HttpRequestMessageTest.Properties_SetOptionsAndGetTheirValue_MatchingValues(uriData: \&quot;https://example.com\&quot;)" type="System.Runtime.InteropServices.JavaScript.Http.Tests.HttpRequestMessageTest" method="Properties_SetOptionsAndGetTheirValue_MatchingValues" time="0.0003099" result="Pass" />
      <test name="System.Runtime.InteropServices.JavaScript.Http.Tests.HttpRequestMessageTest.Properties_SetOptionsAndGetTheirValue_MatchingValues(uriData: \&quot;blob:https://example.com\&quot;)" type="System.Runtime.InteropServices.JavaScript.Http.Tests.HttpRequestMessageTest" method="Properties_SetOptionsAndGetTheirValue_MatchingValues" time="0.000235" result="Pass" />
      <test name="System.Runtime.InteropServices.JavaScript.Http.Tests.HttpRequestMessageTest.Ctor_RelativeStringUri_CorrectValues" type="System.Runtime.InteropServices.JavaScript.Http.Tests.HttpRequestMessageTest" method="Ctor_RelativeStringUri_CorrectValues" time="0.000285" result="Pass" />
      <test name="System.Runtime.InteropServices.JavaScript.Http.Tests.HttpRequestMessageTest.Method_SetToNull_ThrowsArgumentNullException" type="System.Runtime.InteropServices.JavaScript.Http.Tests.HttpRequestMessageTest" method="Method_SetToNull_ThrowsArgumentNullException" time="0.000285" result="Pass" />
      <test name="System.Runtime.InteropServices.JavaScript.Http.Tests.HttpRequestMessageTest.Ctor_NullStringUri_Accepted" type="System.Runtime.InteropServices.JavaScript.Http.Tests.HttpRequestMessageTest" method="Ctor_NullStringUri_Accepted" time="0.000205" result="Pass" />
    </collection>
    <collection total="1" passed="1" failed="0" skipped="0" name="Test collection for System.Runtime.InteropServices.JavaScript.Tests.SecondRuntimeTest" time="0.795">
      <test name="System.Runtime.InteropServices.JavaScript.Tests.SecondRuntimeTest.RunSecondRuntimeAndTestStaticState" type="System.Runtime.InteropServices.JavaScript.Tests.SecondRuntimeTest" method="RunSecondRuntimeAndTestStaticState" time="0.79508" result="Pass" />
    </collection>
    <collection total="3" passed="3" failed="0" skipped="0" name="Test collection for System.Runtime.InteropServices.JavaScript.Tests.YieldAwaitableTests" time="0.014">
      <test name="System.Runtime.InteropServices.JavaScript.Tests.YieldAwaitableTests.TaskYieldsToBrowserLoop" type="System.Runtime.InteropServices.JavaScript.Tests.YieldAwaitableTests" method="TaskYieldsToBrowserLoop" time="0.0023999" result="Pass" />
      <test name="System.Runtime.InteropServices.JavaScript.Tests.YieldAwaitableTests.TaskDelay1YieldsToBrowserLoop" type="System.Runtime.InteropServices.JavaScript.Tests.YieldAwaitableTests" method="TaskDelay1YieldsToBrowserLoop" time="0.011435" result="Pass" />
      <test name="System.Runtime.InteropServices.JavaScript.Tests.YieldAwaitableTests.TaskDelay0DoesNotYieldToBrowserLoop" type="System.Runtime.InteropServices.JavaScript.Tests.YieldAwaitableTests" method="TaskDelay0DoesNotYieldToBrowserLoop" time="0.00066" result="Pass" />
    </collection>
    <collection total="158" passed="158" failed="0" skipped="0" name="Test collection for System.Runtime.InteropServices.JavaScript.Tests.JSExportTest" time="0.388">
      <test name="System.Runtime.InteropServices.JavaScript.Tests.JSExportTest.JsExportInt52(value: -1)" type="System.Runtime.InteropServices.JavaScript.Tests.JSExportTest" method="JsExportInt52" time="0.003145" result="Pass" />
      <test name="System.Runtime.InteropServices.JavaScript.Tests.JSExportTest.JsExportInt52(value: 42)" type="System.Runtime.InteropServices.JavaScript.Tests.JSExportTest" method="JsExportInt52" time="0.0007899" result="Pass" />
      <test name="System.Runtime.InteropServices.JavaScript.Tests.JSExportTest.JsExportInt52(value: 0)" type="System.Runtime.InteropServices.JavaScript.Tests.JSExportTest" method="JsExportInt52" time="0.00016" result="Pass" />
      <test name="System.Runtime.InteropServices.JavaScript.Tests.JSExportTest.JsExportInt52(value: 1)" type="System.Runtime.InteropServices.JavaScript.Tests.JSExportTest" method="JsExportInt52" time="0.000195" result="Pass" />
      <test name="System.Runtime.InteropServices.JavaScript.Tests.JSExportTest.JsExportInt52(value: 9007199254740991)" type="System.Runtime.InteropServices.JavaScript.Tests.JSExportTest" method="JsExportInt52" time="0.00026" result="Pass" />
      <test name="System.Runtime.InteropServices.JavaScript.Tests.JSExportTest.JsExportInt52(value: -9007199254740991)" type="System.Runtime.InteropServices.JavaScript.Tests.JSExportTest" method="JsExportInt52" time="0.00015" result="Pass" />
      <test name="System.Runtime.InteropServices.JavaScript.Tests.JSExportTest.JSExportCompletedTaskReturnsResolvedPromise" type="System.Runtime.InteropServices.JavaScript.Tests.JSExportTest" method="JSExportCompletedTaskReturnsResolvedPromise" time="0.006225" result="Pass" />
      <test name="System.Runtime.InteropServices.JavaScript.Tests.JSExportTest.JsExportCallback_FunctionIntInt" type="System.Runtime.InteropServices.JavaScript.Tests.JSExportTest" method="JsExportCallback_FunctionIntInt" time="0.0033499" result="Pass" />
      <test name="System.Runtime.InteropServices.JavaScript.Tests.JSExportTest.JsExportTaskOfInt(value: 42)" type="System.Runtime.InteropServices.JavaScript.Tests.JSExportTest" method="JsExportTaskOfInt" time="0.01223" result="Pass" />
      <test name="System.Runtime.InteropServices.JavaScript.Tests.JSExportTest.JsExportTaskOfInt(value: 0)" type="System.Runtime.InteropServices.JavaScript.Tests.JSExportTest" method="JsExportTaskOfInt" time="0.010125" result="Pass" />
      <test name="System.Runtime.InteropServices.JavaScript.Tests.JSExportTest.JsExportTaskOfInt(value: 1)" type="System.Runtime.InteropServices.JavaScript.Tests.JSExportTest" method="JsExportTaskOfInt" time="0.0106899" result="Pass" />
      <test name="System.Runtime.InteropServices.JavaScript.Tests.JSExportTest.JsExportTaskOfInt(value: -1)" type="System.Runtime.InteropServices.JavaScript.Tests.JSExportTest" method="JsExportTaskOfInt" time="0.012105" result="Pass" />
      <test name="System.Runtime.InteropServices.JavaScript.Tests.JSExportTest.JsExportTaskOfInt(value: 2147483647)" type="System.Runtime.InteropServices.JavaScript.Tests.JSExportTest" method="JsExportTaskOfInt" time="0.0110899" result="Pass" />
      <test name="System.Runtime.InteropServices.JavaScript.Tests.JSExportTest.JsExportTaskOfInt(value: -2147483648)" type="System.Runtime.InteropServices.JavaScript.Tests.JSExportTest" method="JsExportTaskOfInt" time="0.0112" result="Pass" />
      <test name="System.Runtime.InteropServices.JavaScript.Tests.JSExportTest.JsExportString(value: null)" type="System.Runtime.InteropServices.JavaScript.Tests.JSExportTest" method="JsExportString" time="0.0018099" result="Pass" />
      <test name="System.Runtime.InteropServices.JavaScript.Tests.JSExportTest.JsExportString(value: \&quot;\&quot;)" type="System.Runtime.InteropServices.JavaScript.Tests.JSExportTest" method="JsExportString" time="0.00117" result="Pass" />
      <test name="System.Runtime.InteropServices.JavaScript.Tests.JSExportTest.JsExportString(value: \&quot;Ahoj1082296292\&quot;)" type="System.Runtime.InteropServices.JavaScript.Tests.JSExportTest" method="JsExportString" time="0.00088" result="Pass" />
      <test name="System.Runtime.InteropServices.JavaScript.Tests.JSExportTest.JsExportString(value: \&quot;Ahoj!!!!!!!!!!!!!!!!!!!!!!!!!!!!!!!!!!!!!!!!!!!!!!\&quot;···)" type="System.Runtime.InteropServices.JavaScript.Tests.JSExportTest" method="JsExportString" time="0.008465" result="Pass" />
      <test name="System.Runtime.InteropServices.JavaScript.Tests.JSExportTest.JsExportString(value: \&quot;dotnet\&quot;)" type="System.Runtime.InteropServices.JavaScript.Tests.JSExportTest" method="JsExportString" time="0.00024" result="Pass" />
      <test name="System.Runtime.InteropServices.JavaScript.Tests.JSExportTest.JsExportIJSObject(value: null, clazz: \&quot;JSData\&quot;)" type="System.Runtime.InteropServices.JavaScript.Tests.JSExportTest" method="JsExportIJSObject" time="0.002425" result="Pass" />
      <test name="System.Runtime.InteropServices.JavaScript.Tests.JSExportTest.JsExportIJSObject(value: null, clazz: null)" type="System.Runtime.InteropServices.JavaScript.Tests.JSExportTest" method="JsExportIJSObject" time="0.0004199" result="Pass" />
      <test name="System.Runtime.InteropServices.JavaScript.Tests.JSExportTest.JsExportCallback_FunctionIntIntThrow" type="System.Runtime.InteropServices.JavaScript.Tests.JSExportTest" method="JsExportCallback_FunctionIntIntThrow" time="0.00193" result="Pass" />
      <test name="System.Runtime.InteropServices.JavaScript.Tests.JSExportTest.JsExportNullableBigInt64(value: null)" type="System.Runtime.InteropServices.JavaScript.Tests.JSExportTest" method="JsExportNullableBigInt64" time="0.002355" result="Pass" />
      <test name="System.Runtime.InteropServices.JavaScript.Tests.JSExportTest.JsExportNullableBigInt64(value: 42)" type="System.Runtime.InteropServices.JavaScript.Tests.JSExportTest" method="JsExportNullableBigInt64" time="0.001265" result="Pass" />
      <test name="System.Runtime.InteropServices.JavaScript.Tests.JSExportTest.JsExportNullableBigInt64(value: 0)" type="System.Runtime.InteropServices.JavaScript.Tests.JSExportTest" method="JsExportNullableBigInt64" time="0.0002" result="Pass" />
      <test name="System.Runtime.InteropServices.JavaScript.Tests.JSExportTest.JsExportNullableBigInt64(value: 1)" type="System.Runtime.InteropServices.JavaScript.Tests.JSExportTest" method="JsExportNullableBigInt64" time="0.00024" result="Pass" />
      <test name="System.Runtime.InteropServices.JavaScript.Tests.JSExportTest.JsExportNullableBigInt64(value: -1)" type="System.Runtime.InteropServices.JavaScript.Tests.JSExportTest" method="JsExportNullableBigInt64" time="0.0002549" result="Pass" />
      <test name="System.Runtime.InteropServices.JavaScript.Tests.JSExportTest.JsExportNullableBigInt64(value: 9007199254740991)" type="System.Runtime.InteropServices.JavaScript.Tests.JSExportTest" method="JsExportNullableBigInt64" time="0.0004599" result="Pass" />
      <test name="System.Runtime.InteropServices.JavaScript.Tests.JSExportTest.JsExportNullableBigInt64(value: -9007199254740991)" type="System.Runtime.InteropServices.JavaScript.Tests.JSExportTest" method="JsExportNullableBigInt64" time="0.0001899" result="Pass" />
      <test name="System.Runtime.InteropServices.JavaScript.Tests.JSExportTest.JsExportNullableBigInt64(value: 9223372036854775807)" type="System.Runtime.InteropServices.JavaScript.Tests.JSExportTest" method="JsExportNullableBigInt64" time="0.00018" result="Pass" />
      <test name="System.Runtime.InteropServices.JavaScript.Tests.JSExportTest.JsExportNullableBigInt64(value: -9223372036854775808)" type="System.Runtime.InteropServices.JavaScript.Tests.JSExportTest" method="JsExportNullableBigInt64" time="0.000155" result="Pass" />
      <test name="System.Runtime.InteropServices.JavaScript.Tests.JSExportTest.JsExportVoidPtr(xvalue: 42)" type="System.Runtime.InteropServices.JavaScript.Tests.JSExportTest" method="JsExportVoidPtr" time="0.000825" result="Pass" />
      <test name="System.Runtime.InteropServices.JavaScript.Tests.JSExportTest.JsExportVoidPtr(xvalue: 0)" type="System.Runtime.InteropServices.JavaScript.Tests.JSExportTest" method="JsExportVoidPtr" time="0.00057" result="Pass" />
      <test name="System.Runtime.InteropServices.JavaScript.Tests.JSExportTest.JsExportVoidPtr(xvalue: 1)" type="System.Runtime.InteropServices.JavaScript.Tests.JSExportTest" method="JsExportVoidPtr" time="0.00013" result="Pass" />
      <test name="System.Runtime.InteropServices.JavaScript.Tests.JSExportTest.JsExportVoidPtr(xvalue: -1)" type="System.Runtime.InteropServices.JavaScript.Tests.JSExportTest" method="JsExportVoidPtr" time="0.000145" result="Pass" />
      <test name="System.Runtime.InteropServices.JavaScript.Tests.JSExportTest.JsExportVoidPtr(xvalue: 2147483647)" type="System.Runtime.InteropServices.JavaScript.Tests.JSExportTest" method="JsExportVoidPtr" time="0.0001199" result="Pass" />
      <test name="System.Runtime.InteropServices.JavaScript.Tests.JSExportTest.JsExportVoidPtr(xvalue: -2147483648)" type="System.Runtime.InteropServices.JavaScript.Tests.JSExportTest" method="JsExportVoidPtr" time="0.000115" result="Pass" />
      <test name="System.Runtime.InteropServices.JavaScript.Tests.JSExportTest.JsExportNullableBoolean(value: null)" type="System.Runtime.InteropServices.JavaScript.Tests.JSExportTest" method="JsExportNullableBoolean" time="0.0019399" result="Pass" />
      <test name="System.Runtime.InteropServices.JavaScript.Tests.JSExportTest.JsExportNullableBoolean(value: True)" type="System.Runtime.InteropServices.JavaScript.Tests.JSExportTest" method="JsExportNullableBoolean" time="0.00102" result="Pass" />
      <test name="System.Runtime.InteropServices.JavaScript.Tests.JSExportTest.JsExportNullableBoolean(value: False)" type="System.Runtime.InteropServices.JavaScript.Tests.JSExportTest" method="JsExportNullableBoolean" time="0.000175" result="Pass" />
      <test name="System.Runtime.InteropServices.JavaScript.Tests.JSExportTest.JsExportDateTime(value: 1970-01-01T00:00:00.0000000Z)" type="System.Runtime.InteropServices.JavaScript.Tests.JSExportTest" method="JsExportDateTime" time="0.002675" result="Pass" />
      <test name="System.Runtime.InteropServices.JavaScript.Tests.JSExportTest.JsExportDateTime(value: 2026-01-28T02:18:05.0650000Z)" type="System.Runtime.InteropServices.JavaScript.Tests.JSExportTest" method="JsExportDateTime" time="0.00034" result="Pass" />
      <test name="System.Runtime.InteropServices.JavaScript.Tests.JSExportTest.JsExportDateTime(value: 9999-12-31T23:59:59.9990000Z)" type="System.Runtime.InteropServices.JavaScript.Tests.JSExportTest" method="JsExportDateTime" time="0.00015" result="Pass" />
      <test name="System.Runtime.InteropServices.JavaScript.Tests.JSExportTest.JsExportStringNoNs" type="System.Runtime.InteropServices.JavaScript.Tests.JSExportTest" method="JsExportStringNoNs" time="0.000985" result="Pass" />
      <test name="System.Runtime.InteropServices.JavaScript.Tests.JSExportTest.JsExportNullableIntPtr(value: null)" type="System.Runtime.InteropServices.JavaScript.Tests.JSExportTest" method="JsExportNullableIntPtr" time="0.001685" result="Pass" />
      <test name="System.Runtime.InteropServices.JavaScript.Tests.JSExportTest.JsExportNullableIntPtr(value: 42)" type="System.Runtime.InteropServices.JavaScript.Tests.JSExportTest" method="JsExportNullableIntPtr" time="0.00076" result="Pass" />
      <test name="System.Runtime.InteropServices.JavaScript.Tests.JSExportTest.JsExportNullableIntPtr(value: 0)" type="System.Runtime.InteropServices.JavaScript.Tests.JSExportTest" method="JsExportNullableIntPtr" time="0.00012" result="Pass" />
      <test name="System.Runtime.InteropServices.JavaScript.Tests.JSExportTest.JsExportNullableIntPtr(value: 1)" type="System.Runtime.InteropServices.JavaScript.Tests.JSExportTest" method="JsExportNullableIntPtr" time="0.000145" result="Pass" />
      <test name="System.Runtime.InteropServices.JavaScript.Tests.JSExportTest.JsExportNullableIntPtr(value: -1)" type="System.Runtime.InteropServices.JavaScript.Tests.JSExportTest" method="JsExportNullableIntPtr" time="0.000315" result="Pass" />
      <test name="System.Runtime.InteropServices.JavaScript.Tests.JSExportTest.JsExportNullableIntPtr(value: 2147483647)" type="System.Runtime.InteropServices.JavaScript.Tests.JSExportTest" method="JsExportNullableIntPtr" time="0.000165" result="Pass" />
      <test name="System.Runtime.InteropServices.JavaScript.Tests.JSExportTest.JsExportNullableIntPtr(value: -2147483648)" type="System.Runtime.InteropServices.JavaScript.Tests.JSExportTest" method="JsExportNullableIntPtr" time="0.0001799" result="Pass" />
      <test name="System.Runtime.InteropServices.JavaScript.Tests.JSExportTest.JsExportSpanOfSingle(value: [1, 2, 3, 3.40282347E+38, -3.40282347E+38, ···])" type="System.Runtime.InteropServices.JavaScript.Tests.JSExportTest" method="JsExportSpanOfSingle" time="0.00161" result="Pass" />
      <test name="System.Runtime.InteropServices.JavaScript.Tests.JSExportTest.JsExportSpanOfSingle(value: [])" type="System.Runtime.InteropServices.JavaScript.Tests.JSExportTest" method="JsExportSpanOfSingle" time="0.000355" result="Pass" />
      <test name="System.Runtime.InteropServices.JavaScript.Tests.JSExportTest.JsExportSpanOfSingle(value: null)" type="System.Runtime.InteropServices.JavaScript.Tests.JSExportTest" method="JsExportSpanOfSingle" time="0.00015" result="Pass" />
      <test name="System.Runtime.InteropServices.JavaScript.Tests.JSExportTest.JsExportBoolean(value: True)" type="System.Runtime.InteropServices.JavaScript.Tests.JSExportTest" method="JsExportBoolean" time="0.00203" result="Pass" />
      <test name="System.Runtime.InteropServices.JavaScript.Tests.JSExportTest.JsExportBoolean(value: False)" type="System.Runtime.InteropServices.JavaScript.Tests.JSExportTest" method="JsExportBoolean" time="0.000415" result="Pass" />
      <test name="System.Runtime.InteropServices.JavaScript.Tests.JSExportTest.JsExportCatchToString" type="System.Runtime.InteropServices.JavaScript.Tests.JSExportTest" method="JsExportCatchToString" time="0.0028899" result="Pass" />
      <test name="System.Runtime.InteropServices.JavaScript.Tests.JSExportTest.JsExportObject(value: Object { }, clazz: \&quot;ManagedObject\&quot;)" type="System.Runtime.InteropServices.JavaScript.Tests.JSExportTest" method="JsExportObject" time="0.001615" result="Pass" />
      <test name="System.Runtime.InteropServices.JavaScript.Tests.JSExportTest.JsExportObject(value: null, clazz: null)" type="System.Runtime.InteropServices.JavaScript.Tests.JSExportTest" method="JsExportObject" time="0.000305" result="Pass" />
      <test name="System.Runtime.InteropServices.JavaScript.Tests.JSExportTest.JsExportStructClassRecords" type="System.Runtime.InteropServices.JavaScript.Tests.JSExportTest" method="JsExportStructClassRecords" time="0.00842" result="Pass" />
      <test name="System.Runtime.InteropServices.JavaScript.Tests.JSExportTest.JsExportBigInt64(value: -1)" type="System.Runtime.InteropServices.JavaScript.Tests.JSExportTest" method="JsExportBigInt64" time="0.00081" result="Pass" />
      <test name="System.Runtime.InteropServices.JavaScript.Tests.JSExportTest.JsExportBigInt64(value: 42)" type="System.Runtime.InteropServices.JavaScript.Tests.JSExportTest" method="JsExportBigInt64" time="0.000365" result="Pass" />
      <test name="System.Runtime.InteropServices.JavaScript.Tests.JSExportTest.JsExportBigInt64(value: 0)" type="System.Runtime.InteropServices.JavaScript.Tests.JSExportTest" method="JsExportBigInt64" time="0.00014" result="Pass" />
      <test name="System.Runtime.InteropServices.JavaScript.Tests.JSExportTest.JsExportBigInt64(value: 1)" type="System.Runtime.InteropServices.JavaScript.Tests.JSExportTest" method="JsExportBigInt64" time="0.000125" result="Pass" />
      <test name="System.Runtime.InteropServices.JavaScript.Tests.JSExportTest.JsExportBigInt64(value: 9007199254740991)" type="System.Runtime.InteropServices.JavaScript.Tests.JSExportTest" method="JsExportBigInt64" time="0.00018" result="Pass" />
      <test name="System.Runtime.InteropServices.JavaScript.Tests.JSExportTest.JsExportBigInt64(value: -9007199254740991)" type="System.Runtime.InteropServices.JavaScript.Tests.JSExportTest" method="JsExportBigInt64" time="0.00015" result="Pass" />
      <test name="System.Runtime.InteropServices.JavaScript.Tests.JSExportTest.JsExportBigInt64(value: -9223372036854775808)" type="System.Runtime.InteropServices.JavaScript.Tests.JSExportTest" method="JsExportBigInt64" time="0.0005499" result="Pass" />
      <test name="System.Runtime.InteropServices.JavaScript.Tests.JSExportTest.JsExportBigInt64(value: 9223372036854775807)" type="System.Runtime.InteropServices.JavaScript.Tests.JSExportTest" method="JsExportBigInt64" time="0.000135" result="Pass" />
      <test name="System.Runtime.InteropServices.JavaScript.Tests.JSExportTest.JsExportSpanOfDouble(value: [1, 2, 3, 1.7976931348623157E+308, -1.7976931348623157E+308, ···])" type="System.Runtime.InteropServices.JavaScript.Tests.JSExportTest" method="JsExportSpanOfDouble" time="0.001415" result="Pass" />
      <test name="System.Runtime.InteropServices.JavaScript.Tests.JSExportTest.JsExportSpanOfDouble(value: [])" type="System.Runtime.InteropServices.JavaScript.Tests.JSExportTest" method="JsExportSpanOfDouble" time="0.0003649" result="Pass" />
      <test name="System.Runtime.InteropServices.JavaScript.Tests.JSExportTest.JsExportSpanOfDouble(value: null)" type="System.Runtime.InteropServices.JavaScript.Tests.JSExportTest" method="JsExportSpanOfDouble" time="0.000165" result="Pass" />
      <test name="System.Runtime.InteropServices.JavaScript.Tests.JSExportTest.JsExportIntPtr(value: 42)" type="System.Runtime.InteropServices.JavaScript.Tests.JSExportTest" method="JsExportIntPtr" time="0.001805" result="Pass" />
      <test name="System.Runtime.InteropServices.JavaScript.Tests.JSExportTest.JsExportIntPtr(value: 0)" type="System.Runtime.InteropServices.JavaScript.Tests.JSExportTest" method="JsExportIntPtr" time="0.000375" result="Pass" />
      <test name="System.Runtime.InteropServices.JavaScript.Tests.JSExportTest.JsExportIntPtr(value: 1)" type="System.Runtime.InteropServices.JavaScript.Tests.JSExportTest" method="JsExportIntPtr" time="0.000165" result="Pass" />
      <test name="System.Runtime.InteropServices.JavaScript.Tests.JSExportTest.JsExportIntPtr(value: -1)" type="System.Runtime.InteropServices.JavaScript.Tests.JSExportTest" method="JsExportIntPtr" time="0.00015" result="Pass" />
      <test name="System.Runtime.InteropServices.JavaScript.Tests.JSExportTest.JsExportIntPtr(value: 2147483647)" type="System.Runtime.InteropServices.JavaScript.Tests.JSExportTest" method="JsExportIntPtr" time="0.000135" result="Pass" />
      <test name="System.Runtime.InteropServices.JavaScript.Tests.JSExportTest.JsExportIntPtr(value: -2147483648)" type="System.Runtime.InteropServices.JavaScript.Tests.JSExportTest" method="JsExportIntPtr" time="0.000155" result="Pass" />
      <test name="System.Runtime.InteropServices.JavaScript.Tests.JSExportTest.JsExportCompletedTaskOfLong(value: -1)" type="System.Runtime.InteropServices.JavaScript.Tests.JSExportTest" method="JsExportCompletedTaskOfLong" time="0.011075" result="Pass" />
      <test name="System.Runtime.InteropServices.JavaScript.Tests.JSExportTest.JsExportCompletedTaskOfLong(value: 42)" type="System.Runtime.InteropServices.JavaScript.Tests.JSExportTest" method="JsExportCompletedTaskOfLong" time="0.0110549" result="Pass" />
      <test name="System.Runtime.InteropServices.JavaScript.Tests.JSExportTest.JsExportCompletedTaskOfLong(value: 0)" type="System.Runtime.InteropServices.JavaScript.Tests.JSExportTest" method="JsExportCompletedTaskOfLong" time="0.0101149" result="Pass" />
      <test name="System.Runtime.InteropServices.JavaScript.Tests.JSExportTest.JsExportCompletedTaskOfLong(value: 1)" type="System.Runtime.InteropServices.JavaScript.Tests.JSExportTest" method="JsExportCompletedTaskOfLong" time="0.01007" result="Pass" />
      <test name="System.Runtime.InteropServices.JavaScript.Tests.JSExportTest.JsExportCompletedTaskOfLong(value: 9007199254740991)" type="System.Runtime.InteropServices.JavaScript.Tests.JSExportTest" method="JsExportCompletedTaskOfLong" time="0.0099299" result="Pass" />
      <test name="System.Runtime.InteropServices.JavaScript.Tests.JSExportTest.JsExportCompletedTaskOfLong(value: -9007199254740991)" type="System.Runtime.InteropServices.JavaScript.Tests.JSExportTest" method="JsExportCompletedTaskOfLong" time="0.01109" result="Pass" />
      <test name="System.Runtime.InteropServices.JavaScript.Tests.JSExportTest.JsExportCompletedTaskOfLong(value: -9223372036854775808)" type="System.Runtime.InteropServices.JavaScript.Tests.JSExportTest" method="JsExportCompletedTaskOfLong" time="0.011085" result="Pass" />
      <test name="System.Runtime.InteropServices.JavaScript.Tests.JSExportTest.JsExportCompletedTaskOfLong(value: 9223372036854775807)" type="System.Runtime.InteropServices.JavaScript.Tests.JSExportTest" method="JsExportCompletedTaskOfLong" time="0.011065" result="Pass" />
      <test name="System.Runtime.InteropServices.JavaScript.Tests.JSExportTest.JsExportNullableDateTime(value: null)" type="System.Runtime.InteropServices.JavaScript.Tests.JSExportTest" method="JsExportNullableDateTime" time="0.0018849" result="Pass" />
      <test name="System.Runtime.InteropServices.JavaScript.Tests.JSExportTest.JsExportNullableDateTime(value: 1970-01-01T00:00:00.0000000Z)" type="System.Runtime.InteropServices.JavaScript.Tests.JSExportTest" method="JsExportNullableDateTime" time="0.000965" result="Pass" />
      <test name="System.Runtime.InteropServices.JavaScript.Tests.JSExportTest.JsExportNullableDateTime(value: 2026-01-28T02:18:05.6500000Z)" type="System.Runtime.InteropServices.JavaScript.Tests.JSExportTest" method="JsExportNullableDateTime" time="0.00022" result="Pass" />
      <test name="System.Runtime.InteropServices.JavaScript.Tests.JSExportTest.JsExportNullableDateTime(value: 9999-12-31T23:59:59.9990000Z)" type="System.Runtime.InteropServices.JavaScript.Tests.JSExportTest" method="JsExportNullableDateTime" time="0.000205" result="Pass" />
      <test name="System.Runtime.InteropServices.JavaScript.Tests.JSExportTest.JsExportException(value: System.Exception: Test, clazz: \&quot;ManagedError\&quot;)" type="System.Runtime.InteropServices.JavaScript.Tests.JSExportTest" method="JsExportException" time="0.002155" result="Pass" />
      <test name="System.Runtime.InteropServices.JavaScript.Tests.JSExportTest.JsExportException(value: null, clazz: \&quot;JSTestError\&quot;)" type="System.Runtime.InteropServices.JavaScript.Tests.JSExportTest" method="JsExportException" time="0.001025" result="Pass" />
      <test name="System.Runtime.InteropServices.JavaScript.Tests.JSExportTest.JsExportException(value: null, clazz: null)" type="System.Runtime.InteropServices.JavaScript.Tests.JSExportTest" method="JsExportException" time="0.00016" result="Pass" />
      <test name="System.Runtime.InteropServices.JavaScript.Tests.JSExportTest.JsExportTaskOfLong(value: -1)" type="System.Runtime.InteropServices.JavaScript.Tests.JSExportTest" method="JsExportTaskOfLong" time="0.01055" result="Pass" />
      <test name="System.Runtime.InteropServices.JavaScript.Tests.JSExportTest.JsExportTaskOfLong(value: 42)" type="System.Runtime.InteropServices.JavaScript.Tests.JSExportTest" method="JsExportTaskOfLong" time="0.0101099" result="Pass" />
      <test name="System.Runtime.InteropServices.JavaScript.Tests.JSExportTest.JsExportTaskOfLong(value: 0)" type="System.Runtime.InteropServices.JavaScript.Tests.JSExportTest" method="JsExportTaskOfLong" time="0.0100149" result="Pass" />
      <test name="System.Runtime.InteropServices.JavaScript.Tests.JSExportTest.JsExportTaskOfLong(value: 1)" type="System.Runtime.InteropServices.JavaScript.Tests.JSExportTest" method="JsExportTaskOfLong" time="0.0111449" result="Pass" />
      <test name="System.Runtime.InteropServices.JavaScript.Tests.JSExportTest.JsExportTaskOfLong(value: 9007199254740991)" type="System.Runtime.InteropServices.JavaScript.Tests.JSExportTest" method="JsExportTaskOfLong" time="0.0101099" result="Pass" />
      <test name="System.Runtime.InteropServices.JavaScript.Tests.JSExportTest.JsExportTaskOfLong(value: -9007199254740991)" type="System.Runtime.InteropServices.JavaScript.Tests.JSExportTest" method="JsExportTaskOfLong" time="0.01098" result="Pass" />
      <test name="System.Runtime.InteropServices.JavaScript.Tests.JSExportTest.JsExportTaskOfLong(value: -9223372036854775808)" type="System.Runtime.InteropServices.JavaScript.Tests.JSExportTest" method="JsExportTaskOfLong" time="0.009225" result="Pass" />
      <test name="System.Runtime.InteropServices.JavaScript.Tests.JSExportTest.JsExportTaskOfLong(value: 9223372036854775807)" type="System.Runtime.InteropServices.JavaScript.Tests.JSExportTest" method="JsExportTaskOfLong" time="0.010095" result="Pass" />
      <test name="System.Runtime.InteropServices.JavaScript.Tests.JSExportTest.JsExportCatchStack" type="System.Runtime.InteropServices.JavaScript.Tests.JSExportTest" method="JsExportCatchStack" time="0.03737" result="Pass" />
      <test name="System.Runtime.InteropServices.JavaScript.Tests.JSExportTest.JsExportDateTimeOffset(value: 1970-01-01T00:00:00.0000000+00:00)" type="System.Runtime.InteropServices.JavaScript.Tests.JSExportTest" method="JsExportDateTimeOffset" time="0.0020349" result="Pass" />
      <test name="System.Runtime.InteropServices.JavaScript.Tests.JSExportTest.JsExportDateTimeOffset(value: 2026-01-28T02:18:05.9320000+00:00)" type="System.Runtime.InteropServices.JavaScript.Tests.JSExportTest" method="JsExportDateTimeOffset" time="0.00039" result="Pass" />
      <test name="System.Runtime.InteropServices.JavaScript.Tests.JSExportTest.JsExportDateTimeOffset(value: 9999-12-31T23:59:59.9990000+00:00)" type="System.Runtime.InteropServices.JavaScript.Tests.JSExportTest" method="JsExportDateTimeOffset" time="0.0001749" result="Pass" />
      <test name="System.Runtime.InteropServices.JavaScript.Tests.JSExportTest.JsExportInt32(value: 42)" type="System.Runtime.InteropServices.JavaScript.Tests.JSExportTest" method="JsExportInt32" time="0.000895" result="Pass" />
      <test name="System.Runtime.InteropServices.JavaScript.Tests.JSExportTest.JsExportInt32(value: 0)" type="System.Runtime.InteropServices.JavaScript.Tests.JSExportTest" method="JsExportInt32" time="0.0003799" result="Pass" />
      <test name="System.Runtime.InteropServices.JavaScript.Tests.JSExportTest.JsExportInt32(value: 1)" type="System.Runtime.InteropServices.JavaScript.Tests.JSExportTest" method="JsExportInt32" time="0.000135" result="Pass" />
      <test name="System.Runtime.InteropServices.JavaScript.Tests.JSExportTest.JsExportInt32(value: -1)" type="System.Runtime.InteropServices.JavaScript.Tests.JSExportTest" method="JsExportInt32" time="0.0001449" result="Pass" />
      <test name="System.Runtime.InteropServices.JavaScript.Tests.JSExportTest.JsExportInt32(value: 2147483647)" type="System.Runtime.InteropServices.JavaScript.Tests.JSExportTest" method="JsExportInt32" time="0.00012" result="Pass" />
      <test name="System.Runtime.InteropServices.JavaScript.Tests.JSExportTest.JsExportInt32(value: -2147483648)" type="System.Runtime.InteropServices.JavaScript.Tests.JSExportTest" method="JsExportInt32" time="0.000135" result="Pass" />
      <test name="System.Runtime.InteropServices.JavaScript.Tests.JSExportTest.JsExportNullableDouble(value: null)" type="System.Runtime.InteropServices.JavaScript.Tests.JSExportTest" method="JsExportNullableDouble" time="0.0018" result="Pass" />
      <test name="System.Runtime.InteropServices.JavaScript.Tests.JSExportTest.JsExportNullableDouble(value: 3.1415926535897931)" type="System.Runtime.InteropServices.JavaScript.Tests.JSExportTest" method="JsExportNullableDouble" time="0.000895" result="Pass" />
      <test name="System.Runtime.InteropServices.JavaScript.Tests.JSExportTest.JsExportNullableDouble(value: 0)" type="System.Runtime.InteropServices.JavaScript.Tests.JSExportTest" method="JsExportNullableDouble" time="0.00019" result="Pass" />
      <test name="System.Runtime.InteropServices.JavaScript.Tests.JSExportTest.JsExportNullableDouble(value: 1.7976931348623157E+308)" type="System.Runtime.InteropServices.JavaScript.Tests.JSExportTest" method="JsExportNullableDouble" time="0.0002" result="Pass" />
      <test name="System.Runtime.InteropServices.JavaScript.Tests.JSExportTest.JsExportNullableDouble(value: -1.7976931348623157E+308)" type="System.Runtime.InteropServices.JavaScript.Tests.JSExportTest" method="JsExportNullableDouble" time="0.000195" result="Pass" />
      <test name="System.Runtime.InteropServices.JavaScript.Tests.JSExportTest.JsExportNullableDouble(value: -∞)" type="System.Runtime.InteropServices.JavaScript.Tests.JSExportTest" method="JsExportNullableDouble" time="0.00019" result="Pass" />
      <test name="System.Runtime.InteropServices.JavaScript.Tests.JSExportTest.JsExportNullableDouble(value: ∞)" type="System.Runtime.InteropServices.JavaScript.Tests.JSExportTest" method="JsExportNullableDouble" time="0.0001949" result="Pass" />
      <test name="System.Runtime.InteropServices.JavaScript.Tests.JSExportTest.JsExportNullableDouble(value: NaN)" type="System.Runtime.InteropServices.JavaScript.Tests.JSExportTest" method="JsExportNullableDouble" time="0.000155" result="Pass" />
      <test name="System.Runtime.InteropServices.JavaScript.Tests.JSExportTest.JsExportChar(value: '*')" type="System.Runtime.InteropServices.JavaScript.Tests.JSExportTest" method="JsExportChar" time="0.0022149" result="Pass" />
      <test name="System.Runtime.InteropServices.JavaScript.Tests.JSExportTest.JsExportChar(value: 0x0001)" type="System.Runtime.InteropServices.JavaScript.Tests.JSExportTest" method="JsExportChar" time="0.000345" result="Pass" />
      <test name="System.Runtime.InteropServices.JavaScript.Tests.JSExportTest.JsExportChar(value: 'Ž')" type="System.Runtime.InteropServices.JavaScript.Tests.JSExportTest" method="JsExportChar" time="0.0001" result="Pass" />
      <test name="System.Runtime.InteropServices.JavaScript.Tests.JSExportTest.JsExportChar(value: '♡')" type="System.Runtime.InteropServices.JavaScript.Tests.JSExportTest" method="JsExportChar" time="0.000255" result="Pass" />
      <test name="System.Runtime.InteropServices.JavaScript.Tests.JSExportTest.JsExportChar(value: 0xffff)" type="System.Runtime.InteropServices.JavaScript.Tests.JSExportTest" method="JsExportChar" time="0.000185" result="Pass" />
      <test name="System.Runtime.InteropServices.JavaScript.Tests.JSExportTest.JsExportChar(value: '\\0')" type="System.Runtime.InteropServices.JavaScript.Tests.JSExportTest" method="JsExportChar" time="0.000085" result="Pass" />
      <test name="System.Runtime.InteropServices.JavaScript.Tests.JSExportTest.JsExportArraySegmentOfSingle" type="System.Runtime.InteropServices.JavaScript.Tests.JSExportTest" method="JsExportArraySegmentOfSingle" time="0.001855" result="Pass" />
      <test name="System.Runtime.InteropServices.JavaScript.Tests.JSExportTest.JsExportInt16(value: 42)" type="System.Runtime.InteropServices.JavaScript.Tests.JSExportTest" method="JsExportInt16" time="0.00198" result="Pass" />
      <test name="System.Runtime.InteropServices.JavaScript.Tests.JSExportTest.JsExportInt16(value: 0)" type="System.Runtime.InteropServices.JavaScript.Tests.JSExportTest" method="JsExportInt16" time="0.000255" result="Pass" />
      <test name="System.Runtime.InteropServices.JavaScript.Tests.JSExportTest.JsExportInt16(value: 1)" type="System.Runtime.InteropServices.JavaScript.Tests.JSExportTest" method="JsExportInt16" time="0.00014" result="Pass" />
      <test name="System.Runtime.InteropServices.JavaScript.Tests.JSExportTest.JsExportInt16(value: -1)" type="System.Runtime.InteropServices.JavaScript.Tests.JSExportTest" method="JsExportInt16" time="0.000155" result="Pass" />
      <test name="System.Runtime.InteropServices.JavaScript.Tests.JSExportTest.JsExportInt16(value: 32767)" type="System.Runtime.InteropServices.JavaScript.Tests.JSExportTest" method="JsExportInt16" time="0.00014" result="Pass" />
      <test name="System.Runtime.InteropServices.JavaScript.Tests.JSExportTest.JsExportInt16(value: -32768)" type="System.Runtime.InteropServices.JavaScript.Tests.JSExportTest" method="JsExportInt16" time="0.00011" result="Pass" />
      <test name="System.Runtime.InteropServices.JavaScript.Tests.JSExportTest.JsExportNullableInt32(value: null)" type="System.Runtime.InteropServices.JavaScript.Tests.JSExportTest" method="JsExportNullableInt32" time="0.001735" result="Pass" />
      <test name="System.Runtime.InteropServices.JavaScript.Tests.JSExportTest.JsExportNullableInt32(value: 42)" type="System.Runtime.InteropServices.JavaScript.Tests.JSExportTest" method="JsExportNullableInt32" time="0.000715" result="Pass" />
      <test name="System.Runtime.InteropServices.JavaScript.Tests.JSExportTest.JsExportNullableInt32(value: 0)" type="System.Runtime.InteropServices.JavaScript.Tests.JSExportTest" method="JsExportNullableInt32" time="0.0001648" result="Pass" />
      <test name="System.Runtime.InteropServices.JavaScript.Tests.JSExportTest.JsExportNullableInt32(value: 1)" type="System.Runtime.InteropServices.JavaScript.Tests.JSExportTest" method="JsExportNullableInt32" time="0.00019" result="Pass" />
      <test name="System.Runtime.InteropServices.JavaScript.Tests.JSExportTest.JsExportNullableInt32(value: -1)" type="System.Runtime.InteropServices.JavaScript.Tests.JSExportTest" method="JsExportNullableInt32" time="0.00013" result="Pass" />
      <test name="System.Runtime.InteropServices.JavaScript.Tests.JSExportTest.JsExportNullableInt32(value: 2147483647)" type="System.Runtime.InteropServices.JavaScript.Tests.JSExportTest" method="JsExportNullableInt32" time="0.000125" result="Pass" />
      <test name="System.Runtime.InteropServices.JavaScript.Tests.JSExportTest.JsExportNullableInt32(value: -2147483648)" type="System.Runtime.InteropServices.JavaScript.Tests.JSExportTest" method="JsExportNullableInt32" time="0.00011" result="Pass" />
      <test name="System.Runtime.InteropServices.JavaScript.Tests.JSExportTest.InternalsVisibleToDoesntBreak" type="System.Runtime.InteropServices.JavaScript.Tests.JSExportTest" method="InternalsVisibleToDoesntBreak" time="0.005335" result="Pass" />
      <test name="System.Runtime.InteropServices.JavaScript.Tests.JSExportTest.JsExportArraySegmentOfDouble" type="System.Runtime.InteropServices.JavaScript.Tests.JSExportTest" method="JsExportArraySegmentOfDouble" time="0.0013349" result="Pass" />
      <test name="System.Runtime.InteropServices.JavaScript.Tests.JSExportTest.JsExportByte(value: 42)" type="System.Runtime.InteropServices.JavaScript.Tests.JSExportTest" method="JsExportByte" time="0.00213" result="Pass" />
      <test name="System.Runtime.InteropServices.JavaScript.Tests.JSExportTest.JsExportByte(value: 1)" type="System.Runtime.InteropServices.JavaScript.Tests.JSExportTest" method="JsExportByte" time="0.0003" result="Pass" />
      <test name="System.Runtime.InteropServices.JavaScript.Tests.JSExportTest.JsExportByte(value: 255)" type="System.Runtime.InteropServices.JavaScript.Tests.JSExportTest" method="JsExportByte" time="0.0000999" result="Pass" />
      <test name="System.Runtime.InteropServices.JavaScript.Tests.JSExportTest.JsExportByte(value: 0)" type="System.Runtime.InteropServices.JavaScript.Tests.JSExportTest" method="JsExportByte" time="0.0001349" result="Pass" />
      <test name="System.Runtime.InteropServices.JavaScript.Tests.JSExportTest.JsExportDouble(value: 3.1415926535897931)" type="System.Runtime.InteropServices.JavaScript.Tests.JSExportTest" method="JsExportDouble" time="0.001915" result="Pass" />
      <test name="System.Runtime.InteropServices.JavaScript.Tests.JSExportTest.JsExportDouble(value: 0)" type="System.Runtime.InteropServices.JavaScript.Tests.JSExportTest" method="JsExportDouble" time="0.000315" result="Pass" />
      <test name="System.Runtime.InteropServices.JavaScript.Tests.JSExportTest.JsExportDouble(value: 1.7976931348623157E+308)" type="System.Runtime.InteropServices.JavaScript.Tests.JSExportTest" method="JsExportDouble" time="0.00011" result="Pass" />
      <test name="System.Runtime.InteropServices.JavaScript.Tests.JSExportTest.JsExportDouble(value: -1.7976931348623157E+308)" type="System.Runtime.InteropServices.JavaScript.Tests.JSExportTest" method="JsExportDouble" time="0.000105" result="Pass" />
      <test name="System.Runtime.InteropServices.JavaScript.Tests.JSExportTest.JsExportDouble(value: -∞)" type="System.Runtime.InteropServices.JavaScript.Tests.JSExportTest" method="JsExportDouble" time="0.0001" result="Pass" />
      <test name="System.Runtime.InteropServices.JavaScript.Tests.JSExportTest.JsExportDouble(value: ∞)" type="System.Runtime.InteropServices.JavaScript.Tests.JSExportTest" method="JsExportDouble" time="0.000115" result="Pass" />
      <test name="System.Runtime.InteropServices.JavaScript.Tests.JSExportTest.JsExportDouble(value: NaN)" type="System.Runtime.InteropServices.JavaScript.Tests.JSExportTest" method="JsExportDouble" time="0.0001399" result="Pass" />
      <test name="System.Runtime.InteropServices.JavaScript.Tests.JSExportTest.JsExportSingle(value: 3.14159274)" type="System.Runtime.InteropServices.JavaScript.Tests.JSExportTest" method="JsExportSingle" time="0.0022" result="Pass" />
      <test name="System.Runtime.InteropServices.JavaScript.Tests.JSExportTest.JsExportSingle(value: 0)" type="System.Runtime.InteropServices.JavaScript.Tests.JSExportTest" method="JsExportSingle" time="0.00027" result="Pass" />
      <test name="System.Runtime.InteropServices.JavaScript.Tests.JSExportTest.JsExportSingle(value: 3.40282347E+38)" type="System.Runtime.InteropServices.JavaScript.Tests.JSExportTest" method="JsExportSingle" time="0.00015" result="Pass" />
      <test name="System.Runtime.InteropServices.JavaScript.Tests.JSExportTest.JsExportSingle(value: -3.40282347E+38)" type="System.Runtime.InteropServices.JavaScript.Tests.JSExportTest" method="JsExportSingle" time="0.000135" result="Pass" />
      <test name="System.Runtime.InteropServices.JavaScript.Tests.JSExportTest.JsExportSingle(value: -∞)" type="System.Runtime.InteropServices.JavaScript.Tests.JSExportTest" method="JsExportSingle" time="0.000165" result="Pass" />
      <test name="System.Runtime.InteropServices.JavaScript.Tests.JSExportTest.JsExportSingle(value: ∞)" type="System.Runtime.InteropServices.JavaScript.Tests.JSExportTest" method="JsExportSingle" time="0.0001249" result="Pass" />
      <test name="System.Runtime.InteropServices.JavaScript.Tests.JSExportTest.JsExportSingle(value: NaN)" type="System.Runtime.InteropServices.JavaScript.Tests.JSExportTest" method="JsExportSingle" time="0.00015" result="Pass" />
    </collection>
    <collection total="9" passed="8" failed="0" skipped="1" name="Test collection for System.Runtime.InteropServices.JavaScript.Tests.JSExportAsyncTest" time="0.377">
      <test name="System.Runtime.InteropServices.JavaScript.Tests.JSExportAsyncTest.SyncJsImportJsExportThrows" type="System.Runtime.InteropServices.JavaScript.Tests.JSExportAsyncTest" method="SyncJsImportJsExportThrows" time="0" result="Skip">
        <reason><![CDATA[Condition(s) not met: \"IsWasmThreadingSupported\"]]></reason>
      </test>
      <test name="System.Runtime.InteropServices.JavaScript.Tests.JSExportAsyncTest.JsExportInt32DiscardNoWait(value: 42)" type="System.Runtime.InteropServices.JavaScript.Tests.JSExportAsyncTest" method="JsExportInt32DiscardNoWait" time="0.05803" result="Pass" />
      <test name="System.Runtime.InteropServices.JavaScript.Tests.JSExportAsyncTest.JsExportInt32DiscardNoWait(value: 0)" type="System.Runtime.InteropServices.JavaScript.Tests.JSExportAsyncTest" method="JsExportInt32DiscardNoWait" time="0.05744" result="Pass" />
      <test name="System.Runtime.InteropServices.JavaScript.Tests.JSExportAsyncTest.JsExportInt32DiscardNoWait(value: 1)" type="System.Runtime.InteropServices.JavaScript.Tests.JSExportAsyncTest" method="JsExportInt32DiscardNoWait" time="0.0581299" result="Pass" />
      <test name="System.Runtime.InteropServices.JavaScript.Tests.JSExportAsyncTest.JsExportInt32DiscardNoWait(value: -1)" type="System.Runtime.InteropServices.JavaScript.Tests.JSExportAsyncTest" method="JsExportInt32DiscardNoWait" time="0.0564099" result="Pass" />
      <test name="System.Runtime.InteropServices.JavaScript.Tests.JSExportAsyncTest.JsExportInt32DiscardNoWait(value: 2147483647)" type="System.Runtime.InteropServices.JavaScript.Tests.JSExportAsyncTest" method="JsExportInt32DiscardNoWait" time="0.056045" result="Pass" />
      <test name="System.Runtime.InteropServices.JavaScript.Tests.JSExportAsyncTest.JsExportInt32DiscardNoWait(value: -2147483648)" type="System.Runtime.InteropServices.JavaScript.Tests.JSExportAsyncTest" method="JsExportInt32DiscardNoWait" time="0.05612" result="Pass" />
      <test name="System.Runtime.InteropServices.JavaScript.Tests.JSExportAsyncTest.JsExportBooleanAsync(value: True)" type="System.Runtime.InteropServices.JavaScript.Tests.JSExportAsyncTest" method="JsExportBooleanAsync" time="0.0176699" result="Pass" />
      <test name="System.Runtime.InteropServices.JavaScript.Tests.JSExportAsyncTest.JsExportBooleanAsync(value: False)" type="System.Runtime.InteropServices.JavaScript.Tests.JSExportAsyncTest" method="JsExportBooleanAsync" time="0.017185" result="Pass" />
    </collection>
    <collection total="249" passed="248" failed="0" skipped="1" name="Test collection for System.Runtime.InteropServices.JavaScript.Tests.JSImportTest" time="8.824">
      <test name="System.Runtime.InteropServices.JavaScript.Tests.JSImportTest.OptimizedPaths" type="System.Runtime.InteropServices.JavaScript.Tests.JSImportTest" method="OptimizedPaths" time="0.002265" result="Pass" />
      <test name="System.Runtime.InteropServices.JavaScript.Tests.JSImportTest.JsImportCallback_ActionIntLongDouble" type="System.Runtime.InteropServices.JavaScript.Tests.JSImportTest" method="JsImportCallback_ActionIntLongDouble" time="0.001645" result="Pass" />
      <test name="System.Runtime.InteropServices.JavaScript.Tests.JSImportTest.JsImportBackCallback_FunctionIntInt" type="System.Runtime.InteropServices.JavaScript.Tests.JSImportTest" method="JsImportBackCallback_FunctionIntInt" time="0.00101" result="Pass" />
      <test name="System.Runtime.InteropServices.JavaScript.Tests.JSImportTest.JsImportCallback_EchoActionThrows_MT" type="System.Runtime.InteropServices.JavaScript.Tests.JSImportTest" method="JsImportCallback_EchoActionThrows_MT" time="0" result="Skip">
        <reason><![CDATA[Condition(s) not met: \"IsWasmThreadingSupported\"]]></reason>
      </test>
      <test name="System.Runtime.InteropServices.JavaScript.Tests.JSImportTest.JSImportDateTimeOffset(value: 1970-01-01T00:00:00.0000000+00:00)" type="System.Runtime.InteropServices.JavaScript.Tests.JSImportTest" method="JSImportDateTimeOffset" time="0.00739" result="Pass" />
      <test name="System.Runtime.InteropServices.JavaScript.Tests.JSImportTest.JSImportDateTimeOffset(value: 2026-01-28T02:18:07.0330000+00:00)" type="System.Runtime.InteropServices.JavaScript.Tests.JSImportTest" method="JSImportDateTimeOffset" time="0.00418" result="Pass" />
      <test name="System.Runtime.InteropServices.JavaScript.Tests.JSImportTest.JSImportDateTimeOffset(value: 9999-12-31T23:59:59.9990000+00:00)" type="System.Runtime.InteropServices.JavaScript.Tests.JSImportTest" method="JSImportDateTimeOffset" time="0.00188" result="Pass" />
      <test name="System.Runtime.InteropServices.JavaScript.Tests.JSImportTest.JsImportCallback_EchoAction" type="System.Runtime.InteropServices.JavaScript.Tests.JSImportTest" method="JsImportCallback_EchoAction" time="0.002155" result="Pass" />
      <test name="System.Runtime.InteropServices.JavaScript.Tests.JSImportTest.JsImportBackCallback_FunctionIntIntIntInt" type="System.Runtime.InteropServices.JavaScript.Tests.JSImportTest" method="JsImportBackCallback_FunctionIntIntIntInt" time="0.001605" result="Pass" />
      <test name="System.Runtime.InteropServices.JavaScript.Tests.JSImportTest.Int32OutOfRange(value: 1.7976931348623157E+308, message: \&quot;Value is not an integer\&quot;)" type="System.Runtime.InteropServices.JavaScript.Tests.JSImportTest" method="Int32OutOfRange" time="0.001285" result="Pass" />
      <test name="System.Runtime.InteropServices.JavaScript.Tests.JSImportTest.Int32OutOfRange(value: -1.7976931348623157E+308, message: \&quot;Value is not an integer\&quot;)" type="System.Runtime.InteropServices.JavaScript.Tests.JSImportTest" method="Int32OutOfRange" time="0.0005499" result="Pass" />
      <test name="System.Runtime.InteropServices.JavaScript.Tests.JSImportTest.Int32OutOfRange(value: NaN, message: \&quot;Value is not an integer\&quot;)" type="System.Runtime.InteropServices.JavaScript.Tests.JSImportTest" method="Int32OutOfRange" time="0.00033" result="Pass" />
      <test name="System.Runtime.InteropServices.JavaScript.Tests.JSImportTest.Int32OutOfRange(value: -∞, message: \&quot;Value is not an integer\&quot;)" type="System.Runtime.InteropServices.JavaScript.Tests.JSImportTest" method="Int32OutOfRange" time="0.00031" result="Pass" />
      <test name="System.Runtime.InteropServices.JavaScript.Tests.JSImportTest.Int32OutOfRange(value: ∞, message: \&quot;Value is not an integer\&quot;)" type="System.Runtime.InteropServices.JavaScript.Tests.JSImportTest" method="Int32OutOfRange" time="0.000275" result="Pass" />
      <test name="System.Runtime.InteropServices.JavaScript.Tests.JSImportTest.Int32OutOfRange(value: 9007199254740991, message: \&quot;Overflow\&quot;)" type="System.Runtime.InteropServices.JavaScript.Tests.JSImportTest" method="Int32OutOfRange" time="0.000385" result="Pass" />
      <test name="System.Runtime.InteropServices.JavaScript.Tests.JSImportTest.JsImportObjectArrayTaskObjectFail" type="System.Runtime.InteropServices.JavaScript.Tests.JSImportTest" method="JsImportObjectArrayTaskObjectFail" time="0.111855" result="Pass" />
      <test name="System.Runtime.InteropServices.JavaScript.Tests.JSImportTest.JsImportBoolean(value: True)" type="System.Runtime.InteropServices.JavaScript.Tests.JSImportTest" method="JsImportBoolean" time="0.00378" result="Pass" />
      <test name="System.Runtime.InteropServices.JavaScript.Tests.JSImportTest.JsImportBoolean(value: False)" type="System.Runtime.InteropServices.JavaScript.Tests.JSImportTest" method="JsImportBoolean" time="0.0021399" result="Pass" />
      <test name="System.Runtime.InteropServices.JavaScript.Tests.JSImportTest.JsImportSpanOfDouble" type="System.Runtime.InteropServices.JavaScript.Tests.JSImportTest" method="JsImportSpanOfDouble" time="0.0018099" result="Pass" />
      <test name="System.Runtime.InteropServices.JavaScript.Tests.JSImportTest.JSImportReturnError" type="System.Runtime.InteropServices.JavaScript.Tests.JSImportTest" method="JSImportReturnError" time="0.000905" result="Pass" />
      <test name="System.Runtime.InteropServices.JavaScript.Tests.JSImportTest.ByteOutOfRange(value: 1.7976931348623157E+308, message: \&quot;Value is not an integer\&quot;)" type="System.Runtime.InteropServices.JavaScript.Tests.JSImportTest" method="ByteOutOfRange" time="0.000865" result="Pass" />
      <test name="System.Runtime.InteropServices.JavaScript.Tests.JSImportTest.ByteOutOfRange(value: -1.7976931348623157E+308, message: \&quot;Value is not an integer\&quot;)" type="System.Runtime.InteropServices.JavaScript.Tests.JSImportTest" method="ByteOutOfRange" time="0.000495" result="Pass" />
      <test name="System.Runtime.InteropServices.JavaScript.Tests.JSImportTest.ByteOutOfRange(value: NaN, message: \&quot;Value is not an integer\&quot;)" type="System.Runtime.InteropServices.JavaScript.Tests.JSImportTest" method="ByteOutOfRange" time="0.0003449" result="Pass" />
      <test name="System.Runtime.InteropServices.JavaScript.Tests.JSImportTest.ByteOutOfRange(value: -∞, message: \&quot;Value is not an integer\&quot;)" type="System.Runtime.InteropServices.JavaScript.Tests.JSImportTest" method="ByteOutOfRange" time="0.00034" result="Pass" />
      <test name="System.Runtime.InteropServices.JavaScript.Tests.JSImportTest.ByteOutOfRange(value: ∞, message: \&quot;Value is not an integer\&quot;)" type="System.Runtime.InteropServices.JavaScript.Tests.JSImportTest" method="ByteOutOfRange" time="0.00034" result="Pass" />
      <test name="System.Runtime.InteropServices.JavaScript.Tests.JSImportTest.ByteOutOfRange(value: 9007199254740991, message: \&quot;Overflow\&quot;)" type="System.Runtime.InteropServices.JavaScript.Tests.JSImportTest" method="ByteOutOfRange" time="0.0004349" result="Pass" />
      <test name="System.Runtime.InteropServices.JavaScript.Tests.JSImportTest.JSImportObject(value: Object { }, clazz: \&quot;ManagedObject\&quot;)" type="System.Runtime.InteropServices.JavaScript.Tests.JSImportTest" method="JSImportObject" time="0.0035749" result="Pass" />
      <test name="System.Runtime.InteropServices.JavaScript.Tests.JSImportTest.JSImportObject(value: null, clazz: null)" type="System.Runtime.InteropServices.JavaScript.Tests.JSImportTest" method="JSImportObject" time="0.001435" result="Pass" />
      <test name="System.Runtime.InteropServices.JavaScript.Tests.JSImportTest.MultipleImportAsync" type="System.Runtime.InteropServices.JavaScript.Tests.JSImportTest" method="MultipleImportAsync" time="0.010055" result="Pass" />
      <test name="System.Runtime.InteropServices.JavaScript.Tests.JSImportTest.JsImportTaskEchoComplete" type="System.Runtime.InteropServices.JavaScript.Tests.JSImportTest" method="JsImportTaskEchoComplete" time="0.108495" result="Pass" />
      <test name="System.Runtime.InteropServices.JavaScript.Tests.JSImportTest.JsImportVoidTaskComplete" type="System.Runtime.InteropServices.JavaScript.Tests.JSImportTest" method="JsImportVoidTaskComplete" time="0.11923" result="Pass" />
      <test name="System.Runtime.InteropServices.JavaScript.Tests.JSImportTest.JsImportSleep" type="System.Runtime.InteropServices.JavaScript.Tests.JSImportTest" method="JsImportSleep" time="0.108405" result="Pass" />
      <test name="System.Runtime.InteropServices.JavaScript.Tests.JSImportTest.JsImportDoubleArray(expected: [1, 2, 3, 1.7976931348623157E+308, -1.7976931348623157E+308, ···])" type="System.Runtime.InteropServices.JavaScript.Tests.JSImportTest" method="JsImportDoubleArray" time="0.001655" result="Pass" />
      <test name="System.Runtime.InteropServices.JavaScript.Tests.JSImportTest.JsImportDoubleArray(expected: [])" type="System.Runtime.InteropServices.JavaScript.Tests.JSImportTest" method="JsImportDoubleArray" time="0.000385" result="Pass" />
      <test name="System.Runtime.InteropServices.JavaScript.Tests.JSImportTest.JsImportDoubleArray(expected: null)" type="System.Runtime.InteropServices.JavaScript.Tests.JSImportTest" method="JsImportDoubleArray" time="0.00013" result="Pass" />
      <test name="System.Runtime.InteropServices.JavaScript.Tests.JSImportTest.ProxyOfProxyThrows" type="System.Runtime.InteropServices.JavaScript.Tests.JSImportTest" method="ProxyOfProxyThrows" time="0.001615" result="Pass" />
      <test name="System.Runtime.InteropServices.JavaScript.Tests.JSImportTest.JsImportSpanOfInt32" type="System.Runtime.InteropServices.JavaScript.Tests.JSImportTest" method="JsImportSpanOfInt32" time="0.00239" result="Pass" />
      <test name="System.Runtime.InteropServices.JavaScript.Tests.JSImportTest.JsImportCallback_ActionIntInt" type="System.Runtime.InteropServices.JavaScript.Tests.JSImportTest" method="JsImportCallback_ActionIntInt" time="0.001085" result="Pass" />
      <test name="System.Runtime.InteropServices.JavaScript.Tests.JSImportTest.JsImportNullableBigInt64(value: null)" type="System.Runtime.InteropServices.JavaScript.Tests.JSImportTest" method="JsImportNullableBigInt64" time="0.0036299" result="Pass" />
      <test name="System.Runtime.InteropServices.JavaScript.Tests.JSImportTest.JsImportNullableBigInt64(value: 42)" type="System.Runtime.InteropServices.JavaScript.Tests.JSImportTest" method="JsImportNullableBigInt64" time="0.005005" result="Pass" />
      <test name="System.Runtime.InteropServices.JavaScript.Tests.JSImportTest.JsImportNullableBigInt64(value: 0)" type="System.Runtime.InteropServices.JavaScript.Tests.JSImportTest" method="JsImportNullableBigInt64" time="0.00219" result="Pass" />
      <test name="System.Runtime.InteropServices.JavaScript.Tests.JSImportTest.JsImportNullableBigInt64(value: 1)" type="System.Runtime.InteropServices.JavaScript.Tests.JSImportTest" method="JsImportNullableBigInt64" time="0.001425" result="Pass" />
      <test name="System.Runtime.InteropServices.JavaScript.Tests.JSImportTest.JsImportNullableBigInt64(value: -1)" type="System.Runtime.InteropServices.JavaScript.Tests.JSImportTest" method="JsImportNullableBigInt64" time="0.00144" result="Pass" />
      <test name="System.Runtime.InteropServices.JavaScript.Tests.JSImportTest.JsImportNullableBigInt64(value: 9007199254740991)" type="System.Runtime.InteropServices.JavaScript.Tests.JSImportTest" method="JsImportNullableBigInt64" time="0.001925" result="Pass" />
      <test name="System.Runtime.InteropServices.JavaScript.Tests.JSImportTest.JsImportNullableBigInt64(value: -9007199254740991)" type="System.Runtime.InteropServices.JavaScript.Tests.JSImportTest" method="JsImportNullableBigInt64" time="0.001665" result="Pass" />
      <test name="System.Runtime.InteropServices.JavaScript.Tests.JSImportTest.JsImportNullableBigInt64(value: 9223372036854775807)" type="System.Runtime.InteropServices.JavaScript.Tests.JSImportTest" method="JsImportNullableBigInt64" time="0.00149" result="Pass" />
      <test name="System.Runtime.InteropServices.JavaScript.Tests.JSImportTest.JsImportNullableBigInt64(value: -9223372036854775808)" type="System.Runtime.InteropServices.JavaScript.Tests.JSImportTest" method="JsImportNullableBigInt64" time="0.00141" result="Pass" />
      <test name="System.Runtime.InteropServices.JavaScript.Tests.JSImportTest.JsImportThenVoid" type="System.Runtime.InteropServices.JavaScript.Tests.JSImportTest" method="JsImportThenVoid" time="0.00474" result="Pass" />
      <test name="System.Runtime.InteropServices.JavaScript.Tests.JSImportTest.JsImportEcho_ActionAction" type="System.Runtime.InteropServices.JavaScript.Tests.JSImportTest" method="JsImportEcho_ActionAction" time="0.001245" result="Pass" />
      <test name="System.Runtime.InteropServices.JavaScript.Tests.JSImportTest.JsImportTaskAwaitPendingExceptionValue" type="System.Runtime.InteropServices.JavaScript.Tests.JSImportTest" method="JsImportTaskAwaitPendingExceptionValue" time="0.109175" result="Pass" />
      <test name="System.Runtime.InteropServices.JavaScript.Tests.JSImportTest.JsImportIntPtr(value: 42)" type="System.Runtime.InteropServices.JavaScript.Tests.JSImportTest" method="JsImportIntPtr" time="0.0034149" result="Pass" />
      <test name="System.Runtime.InteropServices.JavaScript.Tests.JSImportTest.JsImportIntPtr(value: 0)" type="System.Runtime.InteropServices.JavaScript.Tests.JSImportTest" method="JsImportIntPtr" time="0.002085" result="Pass" />
      <test name="System.Runtime.InteropServices.JavaScript.Tests.JSImportTest.JsImportIntPtr(value: 1)" type="System.Runtime.InteropServices.JavaScript.Tests.JSImportTest" method="JsImportIntPtr" time="0.00128" result="Pass" />
      <test name="System.Runtime.InteropServices.JavaScript.Tests.JSImportTest.JsImportIntPtr(value: -1)" type="System.Runtime.InteropServices.JavaScript.Tests.JSImportTest" method="JsImportIntPtr" time="0.001285" result="Pass" />
      <test name="System.Runtime.InteropServices.JavaScript.Tests.JSImportTest.JsImportIntPtr(value: 2147483647)" type="System.Runtime.InteropServices.JavaScript.Tests.JSImportTest" method="JsImportIntPtr" time="0.002455" result="Pass" />
      <test name="System.Runtime.InteropServices.JavaScript.Tests.JSImportTest.JsImportIntPtr(value: -2147483648)" type="System.Runtime.InteropServices.JavaScript.Tests.JSImportTest" method="JsImportIntPtr" time="0.001405" result="Pass" />
      <test name="System.Runtime.InteropServices.JavaScript.Tests.JSImportTest.JsImportObjectArrayThrows(expected: [Action { Method = Void &lt;MarshalObjectArrayCasesThrow&gt;b__25_0(), Target = &lt;&gt;c { } }])" type="System.Runtime.InteropServices.JavaScript.Tests.JSImportTest" method="JsImportObjectArrayThrows" time="0.001365" result="Pass" />
      <test name="System.Runtime.InteropServices.JavaScript.Tests.JSImportTest.JsImportObjectArrayThrows(expected: [Action`1 { Method = Void &lt;MarshalObjectArrayCasesThrow&gt;b__25_1(Int32), Target = &lt;&gt;c { } }])" type="System.Runtime.InteropServices.JavaScript.Tests.JSImportTest" method="JsImportObjectArrayThrows" time="0.00038" result="Pass" />
      <test name="System.Runtime.InteropServices.JavaScript.Tests.JSImportTest.JsImportObjectArrayThrows(expected: [Func`2 { Method = Int32 &lt;MarshalObjectArrayCasesThrow&gt;b__25_2(Int32), Target = &lt;&gt;c { } }])" type="System.Runtime.InteropServices.JavaScript.Tests.JSImportTest" method="JsImportObjectArrayThrows" time="0.000455" result="Pass" />
      <test name="System.Runtime.InteropServices.JavaScript.Tests.JSImportTest.JsImportObjectArrayThrows(expected: [dummyDelegate { Method = Void dummyDelegateA(), Target = null }])" type="System.Runtime.InteropServices.JavaScript.Tests.JSImportTest" method="JsImportObjectArrayThrows" time="0.0001749" result="Pass" />
      <test name="System.Runtime.InteropServices.JavaScript.Tests.JSImportTest.JsImportObjectArrayThrows(expected: [0])" type="System.Runtime.InteropServices.JavaScript.Tests.JSImportTest" method="JsImportObjectArrayThrows" time="0.000175" result="Pass" />
      <test name="System.Runtime.InteropServices.JavaScript.Tests.JSImportTest.JsImportObjectArrayThrows(expected: [0])" type="System.Runtime.InteropServices.JavaScript.Tests.JSImportTest" method="JsImportObjectArrayThrows" time="0.00017" result="Pass" />
      <test name="System.Runtime.InteropServices.JavaScript.Tests.JSImportTest.JsImportObjectArrayThrows(expected: [0])" type="System.Runtime.InteropServices.JavaScript.Tests.JSImportTest" method="JsImportObjectArrayThrows" time="0.00012" result="Pass" />
      <test name="System.Runtime.InteropServices.JavaScript.Tests.JSImportTest.JsImportObjectArrayThrows(expected: [0])" type="System.Runtime.InteropServices.JavaScript.Tests.JSImportTest" method="JsImportObjectArrayThrows" time="0.0001" result="Pass" />
      <test name="System.Runtime.InteropServices.JavaScript.Tests.JSImportTest.JsImportObjectArrayThrows(expected: [[]])" type="System.Runtime.InteropServices.JavaScript.Tests.JSImportTest" method="JsImportObjectArrayThrows" time="0.0001799" result="Pass" />
      <test name="System.Runtime.InteropServices.JavaScript.Tests.JSImportTest.JsImportObjectArrayThrows(expected: [[]])" type="System.Runtime.InteropServices.JavaScript.Tests.JSImportTest" method="JsImportObjectArrayThrows" time="0.0002" result="Pass" />
      <test name="System.Runtime.InteropServices.JavaScript.Tests.JSImportTest.JsImportObjectArrayThrows(expected: [[···]])" type="System.Runtime.InteropServices.JavaScript.Tests.JSImportTest" method="JsImportObjectArrayThrows" time="0.000185" result="Pass" />
      <test name="System.Runtime.InteropServices.JavaScript.Tests.JSImportTest.JsImportString(value: null)" type="System.Runtime.InteropServices.JavaScript.Tests.JSImportTest" method="JsImportString" time="0.0030849" result="Pass" />
      <test name="System.Runtime.InteropServices.JavaScript.Tests.JSImportTest.JsImportString(value: \&quot;\&quot;)" type="System.Runtime.InteropServices.JavaScript.Tests.JSImportTest" method="JsImportString" time="0.0011599" result="Pass" />
      <test name="System.Runtime.InteropServices.JavaScript.Tests.JSImportTest.JsImportString(value: \&quot;Ahoj1452530815\&quot;)" type="System.Runtime.InteropServices.JavaScript.Tests.JSImportTest" method="JsImportString" time="0.00106" result="Pass" />
      <test name="System.Runtime.InteropServices.JavaScript.Tests.JSImportTest.JsImportString(value: \&quot;Ahoj!!!!!!!!!!!!!!!!!!!!!!!!!!!!!!!!!!!!!!!!!!!!!!\&quot;···)" type="System.Runtime.InteropServices.JavaScript.Tests.JSImportTest" method="JsImportString" time="0.0013" result="Pass" />
      <test name="System.Runtime.InteropServices.JavaScript.Tests.JSImportTest.JsImportString(value: \&quot;dotnet\&quot;)" type="System.Runtime.InteropServices.JavaScript.Tests.JSImportTest" method="JsImportString" time="0.001095" result="Pass" />
      <test name="System.Runtime.InteropServices.JavaScript.Tests.JSImportTest.CancelableImportAsync" type="System.Runtime.InteropServices.JavaScript.Tests.JSImportTest" method="CancelableImportAsync" time="0.0105799" result="Pass" />
      <test name="System.Runtime.InteropServices.JavaScript.Tests.JSImportTest.JsImportResolvedPromiseReturnsCompletedTask" type="System.Runtime.InteropServices.JavaScript.Tests.JSImportTest" method="JsImportResolvedPromiseReturnsCompletedTask" time="0.0051949" result="Pass" />
      <test name="System.Runtime.InteropServices.JavaScript.Tests.JSImportTest.CreateFunctionDoubleThrow" type="System.Runtime.InteropServices.JavaScript.Tests.JSImportTest" method="CreateFunctionDoubleThrow" time="0.002415" result="Pass" />
      <test name="System.Runtime.InteropServices.JavaScript.Tests.JSImportTest.JsImportNullableInt32(value: null)" type="System.Runtime.InteropServices.JavaScript.Tests.JSImportTest" method="JsImportNullableInt32" time="0.00339" result="Pass" />
      <test name="System.Runtime.InteropServices.JavaScript.Tests.JSImportTest.JsImportNullableInt32(value: 42)" type="System.Runtime.InteropServices.JavaScript.Tests.JSImportTest" method="JsImportNullableInt32" time="0.001755" result="Pass" />
      <test name="System.Runtime.InteropServices.JavaScript.Tests.JSImportTest.JsImportNullableInt32(value: 0)" type="System.Runtime.InteropServices.JavaScript.Tests.JSImportTest" method="JsImportNullableInt32" time="0.00108" result="Pass" />
      <test name="System.Runtime.InteropServices.JavaScript.Tests.JSImportTest.JsImportNullableInt32(value: 1)" type="System.Runtime.InteropServices.JavaScript.Tests.JSImportTest" method="JsImportNullableInt32" time="0.001205" result="Pass" />
      <test name="System.Runtime.InteropServices.JavaScript.Tests.JSImportTest.JsImportNullableInt32(value: -1)" type="System.Runtime.InteropServices.JavaScript.Tests.JSImportTest" method="JsImportNullableInt32" time="0.0011299" result="Pass" />
      <test name="System.Runtime.InteropServices.JavaScript.Tests.JSImportTest.JsImportNullableInt32(value: 2147483647)" type="System.Runtime.InteropServices.JavaScript.Tests.JSImportTest" method="JsImportNullableInt32" time="0.00104" result="Pass" />
      <test name="System.Runtime.InteropServices.JavaScript.Tests.JSImportTest.JsImportNullableInt32(value: -2147483648)" type="System.Runtime.InteropServices.JavaScript.Tests.JSImportTest" method="JsImportNullableInt32" time="0.001285" result="Pass" />
      <test name="System.Runtime.InteropServices.JavaScript.Tests.JSImportTest.JsImportCallback_ActionIntLong" type="System.Runtime.InteropServices.JavaScript.Tests.JSImportTest" method="JsImportCallback_ActionIntLong" time="0.00093" result="Pass" />
      <test name="System.Runtime.InteropServices.JavaScript.Tests.JSImportTest.JsImportEcho_ActionIntActionInt" type="System.Runtime.InteropServices.JavaScript.Tests.JSImportTest" method="JsImportEcho_ActionIntActionInt" time="0.00088" result="Pass" />
      <test name="System.Runtime.InteropServices.JavaScript.Tests.JSImportTest.JsImportStringArray(expected: [\&quot;Příliš\&quot;, \&quot;žluťoučký\&quot;])" type="System.Runtime.InteropServices.JavaScript.Tests.JSImportTest" method="JsImportStringArray" time="0.0056399" result="Pass" />
      <test name="System.Runtime.InteropServices.JavaScript.Tests.JSImportTest.JsImportStringArray(expected: [\&quot;hello\&quot;, \&quot;\&quot;, null])" type="System.Runtime.InteropServices.JavaScript.Tests.JSImportTest" method="JsImportStringArray" time="0.000355" result="Pass" />
      <test name="System.Runtime.InteropServices.JavaScript.Tests.JSImportTest.JsImportStringArray(expected: [])" type="System.Runtime.InteropServices.JavaScript.Tests.JSImportTest" method="JsImportStringArray" time="0.000145" result="Pass" />
      <test name="System.Runtime.InteropServices.JavaScript.Tests.JSImportTest.JsImportStringArray(expected: null)" type="System.Runtime.InteropServices.JavaScript.Tests.JSImportTest" method="JsImportStringArray" time="0.000095" result="Pass" />
      <test name="System.Runtime.InteropServices.JavaScript.Tests.JSImportTest.StructSize" type="System.Runtime.InteropServices.JavaScript.Tests.JSImportTest" method="StructSize" time="0.0004149" result="Pass" />
      <test name="System.Runtime.InteropServices.JavaScript.Tests.JSImportTest.JsImportCallback_Async" type="System.Runtime.InteropServices.JavaScript.Tests.JSImportTest" method="JsImportCallback_Async" time="0.01833" result="Pass" />
      <test name="System.Runtime.InteropServices.JavaScript.Tests.JSImportTest.JsImportTaskTypes" type="System.Runtime.InteropServices.JavaScript.Tests.JSImportTest" method="JsImportTaskTypes" time="5.49602" result="Pass" />
      <test name="System.Runtime.InteropServices.JavaScript.Tests.JSImportTest.JsImportNative" type="System.Runtime.InteropServices.JavaScript.Tests.JSImportTest" method="JsImportNative" time="0.0010749" result="Pass" />
      <test name="System.Runtime.InteropServices.JavaScript.Tests.JSImportTest.JsImportObjectArray(expected: [\&quot;hello\&quot;, \&quot;\&quot;])" type="System.Runtime.InteropServices.JavaScript.Tests.JSImportTest" method="JsImportObjectArray" time="0.00214" result="Pass" />
      <test name="System.Runtime.InteropServices.JavaScript.Tests.JSImportTest.JsImportObjectArray(expected: [1.1000000000000001, 2022-05-08T14:55:01.0000000Z, False, True])" type="System.Runtime.InteropServices.JavaScript.Tests.JSImportTest" method="JsImportObjectArray" time="0.00092" result="Pass" />
      <test name="System.Runtime.InteropServices.JavaScript.Tests.JSImportTest.JsImportObjectArray(expected: [1.1000000000000001, 2022-05-08T14:55:01.0000000Z, False, True])" type="System.Runtime.InteropServices.JavaScript.Tests.JSImportTest" method="JsImportObjectArray" time="0.000465" result="Pass" />
      <test name="System.Runtime.InteropServices.JavaScript.Tests.JSImportTest.JsImportObjectArray(expected: [null, Object { }, SomethingRef { }, SomethingStruct { }, System.Exception: test])" type="System.Runtime.InteropServices.JavaScript.Tests.JSImportTest" method="JsImportObjectArray" time="0.001" result="Pass" />
      <test name="System.Runtime.InteropServices.JavaScript.Tests.JSImportTest.JsImportObjectArray(expected: [\&quot;JSData\&quot;])" type="System.Runtime.InteropServices.JavaScript.Tests.JSImportTest" method="JsImportObjectArray" time="0.00083" result="Pass" />
      <test name="System.Runtime.InteropServices.JavaScript.Tests.JSImportTest.JsImportObjectArray(expected: [[], [], [], [], []])" type="System.Runtime.InteropServices.JavaScript.Tests.JSImportTest" method="JsImportObjectArray" time="0.00181" result="Pass" />
      <test name="System.Runtime.InteropServices.JavaScript.Tests.JSImportTest.JsImportObjectArray(expected: [[1, 2, 3], [1, 2, 3], [1, 2, 3], [\&quot;a\&quot;, \&quot;b\&quot;, \&quot;c\&quot;], []])" type="System.Runtime.InteropServices.JavaScript.Tests.JSImportTest" method="JsImportObjectArray" time="0.001825" result="Pass" />
      <test name="System.Runtime.InteropServices.JavaScript.Tests.JSImportTest.JsImportObjectArray(expected: [[[···], [···], [···], [···], Object { }, ···]])" type="System.Runtime.InteropServices.JavaScript.Tests.JSImportTest" method="JsImportObjectArray" time="0.001555" result="Pass" />
      <test name="System.Runtime.InteropServices.JavaScript.Tests.JSImportTest.JsImportObjectArray(expected: [])" type="System.Runtime.InteropServices.JavaScript.Tests.JSImportTest" method="JsImportObjectArray" time="0.00025" result="Pass" />
      <test name="System.Runtime.InteropServices.JavaScript.Tests.JSImportTest.JsImportObjectArray(expected: null)" type="System.Runtime.InteropServices.JavaScript.Tests.JSImportTest" method="JsImportObjectArray" time="0.00013" result="Pass" />
      <test name="System.Runtime.InteropServices.JavaScript.Tests.JSImportTest.JsImportVoidTaskPending" type="System.Runtime.InteropServices.JavaScript.Tests.JSImportTest" method="JsImportVoidTaskPending" time="1.01604" result="Pass" />
      <test name="System.Runtime.InteropServices.JavaScript.Tests.JSImportTest.OutOfRange" type="System.Runtime.InteropServices.JavaScript.Tests.JSImportTest" method="OutOfRange" time="0.00143" result="Pass" />
      <test name="System.Runtime.InteropServices.JavaScript.Tests.JSImportTest.JsImportVoidPtr(xvalue: 42)" type="System.Runtime.InteropServices.JavaScript.Tests.JSImportTest" method="JsImportVoidPtr" time="0.000895" result="Pass" />
      <test name="System.Runtime.InteropServices.JavaScript.Tests.JSImportTest.JsImportVoidPtr(xvalue: 0)" type="System.Runtime.InteropServices.JavaScript.Tests.JSImportTest" method="JsImportVoidPtr" time="0.00038" result="Pass" />
      <test name="System.Runtime.InteropServices.JavaScript.Tests.JSImportTest.JsImportVoidPtr(xvalue: 1)" type="System.Runtime.InteropServices.JavaScript.Tests.JSImportTest" method="JsImportVoidPtr" time="0.000155" result="Pass" />
      <test name="System.Runtime.InteropServices.JavaScript.Tests.JSImportTest.JsImportVoidPtr(xvalue: -1)" type="System.Runtime.InteropServices.JavaScript.Tests.JSImportTest" method="JsImportVoidPtr" time="0.00016" result="Pass" />
      <test name="System.Runtime.InteropServices.JavaScript.Tests.JSImportTest.JsImportVoidPtr(xvalue: 2147483647)" type="System.Runtime.InteropServices.JavaScript.Tests.JSImportTest" method="JsImportVoidPtr" time="0.000215" result="Pass" />
      <test name="System.Runtime.InteropServices.JavaScript.Tests.JSImportTest.JsImportVoidPtr(xvalue: -2147483648)" type="System.Runtime.InteropServices.JavaScript.Tests.JSImportTest" method="JsImportVoidPtr" time="0.0001449" result="Pass" />
      <test name="System.Runtime.InteropServices.JavaScript.Tests.JSImportTest.JsImportInstanceMember" type="System.Runtime.InteropServices.JavaScript.Tests.JSImportTest" method="JsImportInstanceMember" time="0.000785" result="Pass" />
      <test name="System.Runtime.InteropServices.JavaScript.Tests.JSImportTest.JsImportInt16(value: 42)" type="System.Runtime.InteropServices.JavaScript.Tests.JSImportTest" method="JsImportInt16" time="0.003805" result="Pass" />
      <test name="System.Runtime.InteropServices.JavaScript.Tests.JSImportTest.JsImportInt16(value: 0)" type="System.Runtime.InteropServices.JavaScript.Tests.JSImportTest" method="JsImportInt16" time="0.001585" result="Pass" />
      <test name="System.Runtime.InteropServices.JavaScript.Tests.JSImportTest.JsImportInt16(value: 1)" type="System.Runtime.InteropServices.JavaScript.Tests.JSImportTest" method="JsImportInt16" time="0.0012599" result="Pass" />
      <test name="System.Runtime.InteropServices.JavaScript.Tests.JSImportTest.JsImportInt16(value: -1)" type="System.Runtime.InteropServices.JavaScript.Tests.JSImportTest" method="JsImportInt16" time="0.001325" result="Pass" />
      <test name="System.Runtime.InteropServices.JavaScript.Tests.JSImportTest.JsImportInt16(value: 32767)" type="System.Runtime.InteropServices.JavaScript.Tests.JSImportTest" method="JsImportInt16" time="0.0013" result="Pass" />
      <test name="System.Runtime.InteropServices.JavaScript.Tests.JSImportTest.JsImportInt16(value: -32768)" type="System.Runtime.InteropServices.JavaScript.Tests.JSImportTest" method="JsImportInt16" time="0.0014999" result="Pass" />
      <test name="System.Runtime.InteropServices.JavaScript.Tests.JSImportTest.JSImportException(value: System.Exception: Test, clazz: \&quot;ManagedError\&quot;)" type="System.Runtime.InteropServices.JavaScript.Tests.JSImportTest" method="JSImportException" time="0.003655" result="Pass" />
      <test name="System.Runtime.InteropServices.JavaScript.Tests.JSImportTest.JSImportException(value: null, clazz: \&quot;JSTestError\&quot;)" type="System.Runtime.InteropServices.JavaScript.Tests.JSImportTest" method="JSImportException" time="0.003165" result="Pass" />
      <test name="System.Runtime.InteropServices.JavaScript.Tests.JSImportTest.JSImportException(value: null, clazz: null)" type="System.Runtime.InteropServices.JavaScript.Tests.JSImportTest" method="JSImportException" time="0.001335" result="Pass" />
      <test name="System.Runtime.InteropServices.JavaScript.Tests.JSImportTest.JsImportCallback_ActionLongLong" type="System.Runtime.InteropServices.JavaScript.Tests.JSImportTest" method="JsImportCallback_ActionLongLong" time="0.0011249" result="Pass" />
      <test name="System.Runtime.InteropServices.JavaScript.Tests.JSImportTest.RejectNull" type="System.Runtime.InteropServices.JavaScript.Tests.JSImportTest" method="RejectNull" time="0.012435" result="Pass" />
      <test name="System.Runtime.InteropServices.JavaScript.Tests.JSImportTest.JsImportTaskAwaitPendingException" type="System.Runtime.InteropServices.JavaScript.Tests.JSImportTest" method="JsImportTaskAwaitPendingException" time="0.1098" result="Pass" />
      <test name="System.Runtime.InteropServices.JavaScript.Tests.JSImportTest.JSImportDateTime(value: 1970-01-01T00:00:00.0000000Z)" type="System.Runtime.InteropServices.JavaScript.Tests.JSImportTest" method="JSImportDateTime" time="0.0031999" result="Pass" />
      <test name="System.Runtime.InteropServices.JavaScript.Tests.JSImportTest.JSImportDateTime(value: 2026-01-28T02:18:15.7850000Z)" type="System.Runtime.InteropServices.JavaScript.Tests.JSImportTest" method="JSImportDateTime" time="0.0016749" result="Pass" />
      <test name="System.Runtime.InteropServices.JavaScript.Tests.JSImportTest.JSImportDateTime(value: 9999-12-31T23:59:59.9990000Z)" type="System.Runtime.InteropServices.JavaScript.Tests.JSImportTest" method="JSImportDateTime" time="0.0013599" result="Pass" />
      <test name="System.Runtime.InteropServices.JavaScript.Tests.JSImportTest.CreateFunctionString" type="System.Runtime.InteropServices.JavaScript.Tests.JSImportTest" method="CreateFunctionString" time="0.00121" result="Pass" />
      <test name="System.Runtime.InteropServices.JavaScript.Tests.JSImportTest.JsImportNullableBoolean(value: null)" type="System.Runtime.InteropServices.JavaScript.Tests.JSImportTest" method="JsImportNullableBoolean" time="0.00349" result="Pass" />
      <test name="System.Runtime.InteropServices.JavaScript.Tests.JSImportTest.JsImportNullableBoolean(value: True)" type="System.Runtime.InteropServices.JavaScript.Tests.JSImportTest" method="JsImportNullableBoolean" time="0.001325" result="Pass" />
      <test name="System.Runtime.InteropServices.JavaScript.Tests.JSImportTest.JsImportNullableBoolean(value: False)" type="System.Runtime.InteropServices.JavaScript.Tests.JSImportTest" method="JsImportNullableBoolean" time="0.00171" result="Pass" />
      <test name="System.Runtime.InteropServices.JavaScript.Tests.JSImportTest.ProxyOfIntThrows" type="System.Runtime.InteropServices.JavaScript.Tests.JSImportTest" method="ProxyOfIntThrows" time="0.00081" result="Pass" />
      <test name="System.Runtime.InteropServices.JavaScript.Tests.JSImportTest.CreateFunctionInternal" type="System.Runtime.InteropServices.JavaScript.Tests.JSImportTest" method="CreateFunctionInternal" time="0.0011149" result="Pass" />
      <test name="System.Runtime.InteropServices.JavaScript.Tests.JSImportTest.JSObjectGetSet" type="System.Runtime.InteropServices.JavaScript.Tests.JSImportTest" method="JSObjectGetSet" time="0.002235" result="Pass" />
      <test name="System.Runtime.InteropServices.JavaScript.Tests.JSImportTest.JsImportSpanOfSingle" type="System.Runtime.InteropServices.JavaScript.Tests.JSImportTest" method="JsImportSpanOfSingle" time="0.0021598" result="Pass" />
      <test name="System.Runtime.InteropServices.JavaScript.Tests.JSImportTest.RejectException" type="System.Runtime.InteropServices.JavaScript.Tests.JSImportTest" method="RejectException" time="0.01371" result="Pass" />
      <test name="System.Runtime.InteropServices.JavaScript.Tests.JSImportTest.JsImportCallback_ActionIntThrow" type="System.Runtime.InteropServices.JavaScript.Tests.JSImportTest" method="JsImportCallback_ActionIntThrow" time="0.0013799" result="Pass" />
      <test name="System.Runtime.InteropServices.JavaScript.Tests.JSImportTest.JsImportNullableDouble(value: null)" type="System.Runtime.InteropServices.JavaScript.Tests.JSImportTest" method="JsImportNullableDouble" time="0.0040099" result="Pass" />
      <test name="System.Runtime.InteropServices.JavaScript.Tests.JSImportTest.JsImportNullableDouble(value: 3.1415926535897931)" type="System.Runtime.InteropServices.JavaScript.Tests.JSImportTest" method="JsImportNullableDouble" time="0.001655" result="Pass" />
      <test name="System.Runtime.InteropServices.JavaScript.Tests.JSImportTest.JsImportNullableDouble(value: 0)" type="System.Runtime.InteropServices.JavaScript.Tests.JSImportTest" method="JsImportNullableDouble" time="0.00154" result="Pass" />
      <test name="System.Runtime.InteropServices.JavaScript.Tests.JSImportTest.JsImportNullableDouble(value: 1.7976931348623157E+308)" type="System.Runtime.InteropServices.JavaScript.Tests.JSImportTest" method="JsImportNullableDouble" time="0.001335" result="Pass" />
      <test name="System.Runtime.InteropServices.JavaScript.Tests.JSImportTest.JsImportNullableDouble(value: -1.7976931348623157E+308)" type="System.Runtime.InteropServices.JavaScript.Tests.JSImportTest" method="JsImportNullableDouble" time="0.001635" result="Pass" />
      <test name="System.Runtime.InteropServices.JavaScript.Tests.JSImportTest.JsImportNullableDouble(value: -∞)" type="System.Runtime.InteropServices.JavaScript.Tests.JSImportTest" method="JsImportNullableDouble" time="0.001355" result="Pass" />
      <test name="System.Runtime.InteropServices.JavaScript.Tests.JSImportTest.JsImportNullableDouble(value: ∞)" type="System.Runtime.InteropServices.JavaScript.Tests.JSImportTest" method="JsImportNullableDouble" time="0.002585" result="Pass" />
      <test name="System.Runtime.InteropServices.JavaScript.Tests.JSImportTest.JsImportNullableDouble(value: NaN)" type="System.Runtime.InteropServices.JavaScript.Tests.JSImportTest" method="JsImportNullableDouble" time="0.002095" result="Pass" />
      <test name="System.Runtime.InteropServices.JavaScript.Tests.JSImportTest.JsImportObjectArrayTask" type="System.Runtime.InteropServices.JavaScript.Tests.JSImportTest" method="JsImportObjectArrayTask" time="0.21423" result="Pass" />
      <test name="System.Runtime.InteropServices.JavaScript.Tests.JSImportTest.JsImportDouble(value: 3.1415926535897931)" type="System.Runtime.InteropServices.JavaScript.Tests.JSImportTest" method="JsImportDouble" time="0.003075" result="Pass" />
      <test name="System.Runtime.InteropServices.JavaScript.Tests.JSImportTest.JsImportDouble(value: 0)" type="System.Runtime.InteropServices.JavaScript.Tests.JSImportTest" method="JsImportDouble" time="0.00153" result="Pass" />
      <test name="System.Runtime.InteropServices.JavaScript.Tests.JSImportTest.JsImportDouble(value: 1.7976931348623157E+308)" type="System.Runtime.InteropServices.JavaScript.Tests.JSImportTest" method="JsImportDouble" time="0.001495" result="Pass" />
      <test name="System.Runtime.InteropServices.JavaScript.Tests.JSImportTest.JsImportDouble(value: -1.7976931348623157E+308)" type="System.Runtime.InteropServices.JavaScript.Tests.JSImportTest" method="JsImportDouble" time="0.00119" result="Pass" />
      <test name="System.Runtime.InteropServices.JavaScript.Tests.JSImportTest.JsImportDouble(value: -∞)" type="System.Runtime.InteropServices.JavaScript.Tests.JSImportTest" method="JsImportDouble" time="0.001645" result="Pass" />
      <test name="System.Runtime.InteropServices.JavaScript.Tests.JSImportTest.JsImportDouble(value: ∞)" type="System.Runtime.InteropServices.JavaScript.Tests.JSImportTest" method="JsImportDouble" time="0.00121" result="Pass" />
      <test name="System.Runtime.InteropServices.JavaScript.Tests.JSImportTest.JsImportDouble(value: NaN)" type="System.Runtime.InteropServices.JavaScript.Tests.JSImportTest" method="JsImportDouble" time="0.0012599" result="Pass" />
      <test name="System.Runtime.InteropServices.JavaScript.Tests.JSImportTest.JsImportTaskEchoPendingException" type="System.Runtime.InteropServices.JavaScript.Tests.JSImportTest" method="JsImportTaskEchoPendingException" time="0.107735" result="Pass" />
      <test name="System.Runtime.InteropServices.JavaScript.Tests.JSImportTest.JsImportIntArray(expected: [1, 2, 3, 2147483647, -2147483648])" type="System.Runtime.InteropServices.JavaScript.Tests.JSImportTest" method="JsImportIntArray" time="0.0008299" result="Pass" />
      <test name="System.Runtime.InteropServices.JavaScript.Tests.JSImportTest.JsImportIntArray(expected: [])" type="System.Runtime.InteropServices.JavaScript.Tests.JSImportTest" method="JsImportIntArray" time="0.000325" result="Pass" />
      <test name="System.Runtime.InteropServices.JavaScript.Tests.JSImportTest.JsImportIntArray(expected: null)" type="System.Runtime.InteropServices.JavaScript.Tests.JSImportTest" method="JsImportIntArray" time="0.000125" result="Pass" />
      <test name="System.Runtime.InteropServices.JavaScript.Tests.JSImportTest.JsImportInt32DiscardNoWait(value: 42)" type="System.Runtime.InteropServices.JavaScript.Tests.JSImportTest" method="JsImportInt32DiscardNoWait" time="0.01039" result="Pass" />
      <test name="System.Runtime.InteropServices.JavaScript.Tests.JSImportTest.JsImportInt32DiscardNoWait(value: 0)" type="System.Runtime.InteropServices.JavaScript.Tests.JSImportTest" method="JsImportInt32DiscardNoWait" time="0.01206" result="Pass" />
      <test name="System.Runtime.InteropServices.JavaScript.Tests.JSImportTest.JsImportInt32DiscardNoWait(value: 1)" type="System.Runtime.InteropServices.JavaScript.Tests.JSImportTest" method="JsImportInt32DiscardNoWait" time="0.0110049" result="Pass" />
      <test name="System.Runtime.InteropServices.JavaScript.Tests.JSImportTest.JsImportInt32DiscardNoWait(value: -1)" type="System.Runtime.InteropServices.JavaScript.Tests.JSImportTest" method="JsImportInt32DiscardNoWait" time="0.010115" result="Pass" />
      <test name="System.Runtime.InteropServices.JavaScript.Tests.JSImportTest.JsImportInt32DiscardNoWait(value: 2147483647)" type="System.Runtime.InteropServices.JavaScript.Tests.JSImportTest" method="JsImportInt32DiscardNoWait" time="0.010115" result="Pass" />
      <test name="System.Runtime.InteropServices.JavaScript.Tests.JSImportTest.JsImportInt32DiscardNoWait(value: -2147483648)" type="System.Runtime.InteropServices.JavaScript.Tests.JSImportTest" method="JsImportInt32DiscardNoWait" time="0.010235" result="Pass" />
      <test name="System.Runtime.InteropServices.JavaScript.Tests.JSImportTest.DotnetInstance" type="System.Runtime.InteropServices.JavaScript.Tests.JSImportTest" method="DotnetInstance" time="0.0008899" result="Pass" />
      <test name="System.Runtime.InteropServices.JavaScript.Tests.JSImportTest.MissingImportAsync" type="System.Runtime.InteropServices.JavaScript.Tests.JSImportTest" method="MissingImportAsync" time="0.00214" result="Pass" />
      <test name="System.Runtime.InteropServices.JavaScript.Tests.JSImportTest.JsImportChar(value: '*')" type="System.Runtime.InteropServices.JavaScript.Tests.JSImportTest" method="JsImportChar" time="0.00325" result="Pass" />
      <test name="System.Runtime.InteropServices.JavaScript.Tests.JSImportTest.JsImportChar(value: 0x0001)" type="System.Runtime.InteropServices.JavaScript.Tests.JSImportTest" method="JsImportChar" time="0.00286" result="Pass" />
      <test name="System.Runtime.InteropServices.JavaScript.Tests.JSImportTest.JsImportChar(value: 'Ž')" type="System.Runtime.InteropServices.JavaScript.Tests.JSImportTest" method="JsImportChar" time="0.00129" result="Pass" />
      <test name="System.Runtime.InteropServices.JavaScript.Tests.JSImportTest.JsImportChar(value: '♡')" type="System.Runtime.InteropServices.JavaScript.Tests.JSImportTest" method="JsImportChar" time="0.001315" result="Pass" />
      <test name="System.Runtime.InteropServices.JavaScript.Tests.JSImportTest.JsImportChar(value: 0xffff)" type="System.Runtime.InteropServices.JavaScript.Tests.JSImportTest" method="JsImportChar" time="0.00119" result="Pass" />
      <test name="System.Runtime.InteropServices.JavaScript.Tests.JSImportTest.JsImportChar(value: '\\0')" type="System.Runtime.InteropServices.JavaScript.Tests.JSImportTest" method="JsImportChar" time="0.001355" result="Pass" />
      <test name="System.Runtime.InteropServices.JavaScript.Tests.JSImportTest.JSImportIJSObject(value: null, clazz: \&quot;JSData\&quot;)" type="System.Runtime.InteropServices.JavaScript.Tests.JSImportTest" method="JSImportIJSObject" time="0.00371" result="Pass" />
      <test name="System.Runtime.InteropServices.JavaScript.Tests.JSImportTest.JSImportIJSObject(value: null, clazz: null)" type="System.Runtime.InteropServices.JavaScript.Tests.JSImportTest" method="JSImportIJSObject" time="0.0017249" result="Pass" />
      <test name="System.Runtime.InteropServices.JavaScript.Tests.JSImportTest.JsImportReboundInstanceMember" type="System.Runtime.InteropServices.JavaScript.Tests.JSImportTest" method="JsImportReboundInstanceMember" time="0.000645" result="Pass" />
      <test name="System.Runtime.InteropServices.JavaScript.Tests.JSImportTest.JsImportTaskEchoPendingResult" type="System.Runtime.InteropServices.JavaScript.Tests.JSImportTest" method="JsImportTaskEchoPendingResult" time="0.108335" result="Pass" />
      <test name="System.Runtime.InteropServices.JavaScript.Tests.JSImportTest.JsImportCallback_Action" type="System.Runtime.InteropServices.JavaScript.Tests.JSImportTest" method="JsImportCallback_Action" time="0.000645" result="Pass" />
      <test name="System.Runtime.InteropServices.JavaScript.Tests.JSImportTest.JsImportCallback_FunctionIntInt" type="System.Runtime.InteropServices.JavaScript.Tests.JSImportTest" method="JsImportCallback_FunctionIntInt" time="0.00079" result="Pass" />
      <test name="System.Runtime.InteropServices.JavaScript.Tests.JSImportTest.JsImportArraySegmentOfSingle" type="System.Runtime.InteropServices.JavaScript.Tests.JSImportTest" method="JsImportArraySegmentOfSingle" time="0.00089" result="Pass" />
      <test name="System.Runtime.InteropServices.JavaScript.Tests.JSImportTest.JsImportArraySegmentOfByte" type="System.Runtime.InteropServices.JavaScript.Tests.JSImportTest" method="JsImportArraySegmentOfByte" time="0.00163" result="Pass" />
      <test name="System.Runtime.InteropServices.JavaScript.Tests.JSImportTest.JsImportByte(value: 42)" type="System.Runtime.InteropServices.JavaScript.Tests.JSImportTest" method="JsImportByte" time="0.00317" result="Pass" />
      <test name="System.Runtime.InteropServices.JavaScript.Tests.JSImportTest.JsImportByte(value: 1)" type="System.Runtime.InteropServices.JavaScript.Tests.JSImportTest" method="JsImportByte" time="0.00139" result="Pass" />
      <test name="System.Runtime.InteropServices.JavaScript.Tests.JSImportTest.JsImportByte(value: 255)" type="System.Runtime.InteropServices.JavaScript.Tests.JSImportTest" method="JsImportByte" time="0.001255" result="Pass" />
      <test name="System.Runtime.InteropServices.JavaScript.Tests.JSImportTest.JsImportByte(value: 0)" type="System.Runtime.InteropServices.JavaScript.Tests.JSImportTest" method="JsImportByte" time="0.001665" result="Pass" />
      <test name="System.Runtime.InteropServices.JavaScript.Tests.JSImportTest.JsImportSleep2" type="System.Runtime.InteropServices.JavaScript.Tests.JSImportTest" method="JsImportSleep2" time="0.106625" result="Pass" />
      <test name="System.Runtime.InteropServices.JavaScript.Tests.JSImportTest.PrototypeNotEqual" type="System.Runtime.InteropServices.JavaScript.Tests.JSImportTest" method="PrototypeNotEqual" time="0.00106" result="Pass" />
      <test name="System.Runtime.InteropServices.JavaScript.Tests.JSImportTest.GlobalThis" type="System.Runtime.InteropServices.JavaScript.Tests.JSImportTest" method="GlobalThis" time="0.00058" result="Pass" />
      <test name="System.Runtime.InteropServices.JavaScript.Tests.JSImportTest.JsImportSpanOfByte" type="System.Runtime.InteropServices.JavaScript.Tests.JSImportTest" method="JsImportSpanOfByte" time="0.00094" result="Pass" />
      <test name="System.Runtime.InteropServices.JavaScript.Tests.JSImportTest.RejectString" type="System.Runtime.InteropServices.JavaScript.Tests.JSImportTest" method="RejectString" time="0.0103549" result="Pass" />
      <test name="System.Runtime.InteropServices.JavaScript.Tests.JSImportTest.JsImportBigInt64(value: -1)" type="System.Runtime.InteropServices.JavaScript.Tests.JSImportTest" method="JsImportBigInt64" time="0.0035249" result="Pass" />
      <test name="System.Runtime.InteropServices.JavaScript.Tests.JSImportTest.JsImportBigInt64(value: 42)" type="System.Runtime.InteropServices.JavaScript.Tests.JSImportTest" method="JsImportBigInt64" time="0.00148" result="Pass" />
      <test name="System.Runtime.InteropServices.JavaScript.Tests.JSImportTest.JsImportBigInt64(value: 0)" type="System.Runtime.InteropServices.JavaScript.Tests.JSImportTest" method="JsImportBigInt64" time="0.001125" result="Pass" />
      <test name="System.Runtime.InteropServices.JavaScript.Tests.JSImportTest.JsImportBigInt64(value: 1)" type="System.Runtime.InteropServices.JavaScript.Tests.JSImportTest" method="JsImportBigInt64" time="0.001345" result="Pass" />
      <test name="System.Runtime.InteropServices.JavaScript.Tests.JSImportTest.JsImportBigInt64(value: 9007199254740991)" type="System.Runtime.InteropServices.JavaScript.Tests.JSImportTest" method="JsImportBigInt64" time="0.001255" result="Pass" />
      <test name="System.Runtime.InteropServices.JavaScript.Tests.JSImportTest.JsImportBigInt64(value: -9007199254740991)" type="System.Runtime.InteropServices.JavaScript.Tests.JSImportTest" method="JsImportBigInt64" time="0.00125" result="Pass" />
      <test name="System.Runtime.InteropServices.JavaScript.Tests.JSImportTest.JsImportBigInt64(value: -9223372036854775808)" type="System.Runtime.InteropServices.JavaScript.Tests.JSImportTest" method="JsImportBigInt64" time="0.001335" result="Pass" />
      <test name="System.Runtime.InteropServices.JavaScript.Tests.JSImportTest.JsImportBigInt64(value: 9223372036854775807)" type="System.Runtime.InteropServices.JavaScript.Tests.JSImportTest" method="JsImportBigInt64" time="0.00109" result="Pass" />
      <test name="System.Runtime.InteropServices.JavaScript.Tests.JSImportTest.CreateFunctionDouble" type="System.Runtime.InteropServices.JavaScript.Tests.JSImportTest" method="CreateFunctionDouble" time="0.000515" result="Pass" />
      <test name="System.Runtime.InteropServices.JavaScript.Tests.JSImportTest.JsImportTaskAwaitPendingResult(result: 3.1415926535897931)" type="System.Runtime.InteropServices.JavaScript.Tests.JSImportTest" method="JsImportTaskAwaitPendingResult" time="0.1082299" result="Pass" />
      <test name="System.Runtime.InteropServices.JavaScript.Tests.JSImportTest.JsImportTaskAwaitPendingResult(result: 0)" type="System.Runtime.InteropServices.JavaScript.Tests.JSImportTest" method="JsImportTaskAwaitPendingResult" time="0.10713" result="Pass" />
      <test name="System.Runtime.InteropServices.JavaScript.Tests.JSImportTest.JsImportTaskAwaitPendingResult(result: \&quot;test\&quot;)" type="System.Runtime.InteropServices.JavaScript.Tests.JSImportTest" method="JsImportTaskAwaitPendingResult" time="0.10848" result="Pass" />
      <test name="System.Runtime.InteropServices.JavaScript.Tests.JSImportTest.JsImportTaskAwaitPendingResult(result: null)" type="System.Runtime.InteropServices.JavaScript.Tests.JSImportTest" method="JsImportTaskAwaitPendingResult" time="0.107095" result="Pass" />
      <test name="System.Runtime.InteropServices.JavaScript.Tests.JSImportTest.JsImportArraySegmentOfInt32" type="System.Runtime.InteropServices.JavaScript.Tests.JSImportTest" method="JsImportArraySegmentOfInt32" time="0.00121" result="Pass" />
      <test name="System.Runtime.InteropServices.JavaScript.Tests.JSImportTest.JsImportSingle(value: 3.14159274)" type="System.Runtime.InteropServices.JavaScript.Tests.JSImportTest" method="JsImportSingle" time="0.003055" result="Pass" />
      <test name="System.Runtime.InteropServices.JavaScript.Tests.JSImportTest.JsImportSingle(value: 0)" type="System.Runtime.InteropServices.JavaScript.Tests.JSImportTest" method="JsImportSingle" time="0.001445" result="Pass" />
      <test name="System.Runtime.InteropServices.JavaScript.Tests.JSImportTest.JsImportSingle(value: 3.40282347E+38)" type="System.Runtime.InteropServices.JavaScript.Tests.JSImportTest" method="JsImportSingle" time="0.00109" result="Pass" />
      <test name="System.Runtime.InteropServices.JavaScript.Tests.JSImportTest.JsImportSingle(value: -3.40282347E+38)" type="System.Runtime.InteropServices.JavaScript.Tests.JSImportTest" method="JsImportSingle" time="0.001965" result="Pass" />
      <test name="System.Runtime.InteropServices.JavaScript.Tests.JSImportTest.JsImportSingle(value: -∞)" type="System.Runtime.InteropServices.JavaScript.Tests.JSImportTest" method="JsImportSingle" time="0.0012798" result="Pass" />
      <test name="System.Runtime.InteropServices.JavaScript.Tests.JSImportTest.JsImportSingle(value: ∞)" type="System.Runtime.InteropServices.JavaScript.Tests.JSImportTest" method="JsImportSingle" time="0.000985" result="Pass" />
      <test name="System.Runtime.InteropServices.JavaScript.Tests.JSImportTest.JsImportSingle(value: NaN)" type="System.Runtime.InteropServices.JavaScript.Tests.JSImportTest" method="JsImportSingle" time="0.00094" result="Pass" />
      <test name="System.Runtime.InteropServices.JavaScript.Tests.JSImportTest.JsImportInt32(value: 42)" type="System.Runtime.InteropServices.JavaScript.Tests.JSImportTest" method="JsImportInt32" time="0.0030649" result="Pass" />
      <test name="System.Runtime.InteropServices.JavaScript.Tests.JSImportTest.JsImportInt32(value: 0)" type="System.Runtime.InteropServices.JavaScript.Tests.JSImportTest" method="JsImportInt32" time="0.00101" result="Pass" />
      <test name="System.Runtime.InteropServices.JavaScript.Tests.JSImportTest.JsImportInt32(value: 1)" type="System.Runtime.InteropServices.JavaScript.Tests.JSImportTest" method="JsImportInt32" time="0.0011549" result="Pass" />
      <test name="System.Runtime.InteropServices.JavaScript.Tests.JSImportTest.JsImportInt32(value: -1)" type="System.Runtime.InteropServices.JavaScript.Tests.JSImportTest" method="JsImportInt32" time="0.000935" result="Pass" />
      <test name="System.Runtime.InteropServices.JavaScript.Tests.JSImportTest.JsImportInt32(value: 2147483647)" type="System.Runtime.InteropServices.JavaScript.Tests.JSImportTest" method="JsImportInt32" time="0.001175" result="Pass" />
      <test name="System.Runtime.InteropServices.JavaScript.Tests.JSImportTest.JsImportInt32(value: -2147483648)" type="System.Runtime.InteropServices.JavaScript.Tests.JSImportTest" method="JsImportInt32" time="0.0012049" result="Pass" />
      <test name="System.Runtime.InteropServices.JavaScript.Tests.JSImportTest.JsImportTaskAwait" type="System.Runtime.InteropServices.JavaScript.Tests.JSImportTest" method="JsImportTaskAwait" time="0.10718" result="Pass" />
      <test name="System.Runtime.InteropServices.JavaScript.Tests.JSImportTest.JsImportNullableIntPtr(value: null)" type="System.Runtime.InteropServices.JavaScript.Tests.JSImportTest" method="JsImportNullableIntPtr" time="0.00321" result="Pass" />
      <test name="System.Runtime.InteropServices.JavaScript.Tests.JSImportTest.JsImportNullableIntPtr(value: 42)" type="System.Runtime.InteropServices.JavaScript.Tests.JSImportTest" method="JsImportNullableIntPtr" time="0.001385" result="Pass" />
      <test name="System.Runtime.InteropServices.JavaScript.Tests.JSImportTest.JsImportNullableIntPtr(value: 0)" type="System.Runtime.InteropServices.JavaScript.Tests.JSImportTest" method="JsImportNullableIntPtr" time="0.00256" result="Pass" />
      <test name="System.Runtime.InteropServices.JavaScript.Tests.JSImportTest.JsImportNullableIntPtr(value: 1)" type="System.Runtime.InteropServices.JavaScript.Tests.JSImportTest" method="JsImportNullableIntPtr" time="0.001165" result="Pass" />
      <test name="System.Runtime.InteropServices.JavaScript.Tests.JSImportTest.JsImportNullableIntPtr(value: -1)" type="System.Runtime.InteropServices.JavaScript.Tests.JSImportTest" method="JsImportNullableIntPtr" time="0.0011249" result="Pass" />
      <test name="System.Runtime.InteropServices.JavaScript.Tests.JSImportTest.JsImportNullableIntPtr(value: 2147483647)" type="System.Runtime.InteropServices.JavaScript.Tests.JSImportTest" method="JsImportNullableIntPtr" time="0.00118" result="Pass" />
      <test name="System.Runtime.InteropServices.JavaScript.Tests.JSImportTest.JsImportNullableIntPtr(value: -2147483648)" type="System.Runtime.InteropServices.JavaScript.Tests.JSImportTest" method="JsImportNullableIntPtr" time="0.00117" result="Pass" />
      <test name="System.Runtime.InteropServices.JavaScript.Tests.JSImportTest.JsImportInt52(value: -1)" type="System.Runtime.InteropServices.JavaScript.Tests.JSImportTest" method="JsImportInt52" time="0.002685" result="Pass" />
      <test name="System.Runtime.InteropServices.JavaScript.Tests.JSImportTest.JsImportInt52(value: 42)" type="System.Runtime.InteropServices.JavaScript.Tests.JSImportTest" method="JsImportInt52" time="0.00107" result="Pass" />
      <test name="System.Runtime.InteropServices.JavaScript.Tests.JSImportTest.JsImportInt52(value: 0)" type="System.Runtime.InteropServices.JavaScript.Tests.JSImportTest" method="JsImportInt52" time="0.00144" result="Pass" />
      <test name="System.Runtime.InteropServices.JavaScript.Tests.JSImportTest.JsImportInt52(value: 1)" type="System.Runtime.InteropServices.JavaScript.Tests.JSImportTest" method="JsImportInt52" time="0.00113" result="Pass" />
      <test name="System.Runtime.InteropServices.JavaScript.Tests.JSImportTest.JsImportInt52(value: 9007199254740991)" type="System.Runtime.InteropServices.JavaScript.Tests.JSImportTest" method="JsImportInt52" time="0.002295" result="Pass" />
      <test name="System.Runtime.InteropServices.JavaScript.Tests.JSImportTest.JsImportInt52(value: -9007199254740991)" type="System.Runtime.InteropServices.JavaScript.Tests.JSImportTest" method="JsImportInt52" time="0.001095" result="Pass" />
      <test name="System.Runtime.InteropServices.JavaScript.Tests.JSImportTest.JsImportMath" type="System.Runtime.InteropServices.JavaScript.Tests.JSImportTest" method="JsImportMath" time="0.0008" result="Pass" />
      <test name="System.Runtime.InteropServices.JavaScript.Tests.JSImportTest.JsImportNullableDateTime(value: null)" type="System.Runtime.InteropServices.JavaScript.Tests.JSImportTest" method="JsImportNullableDateTime" time="0.0047899" result="Pass" />
      <test name="System.Runtime.InteropServices.JavaScript.Tests.JSImportTest.JsImportNullableDateTime(value: 1970-01-01T00:00:00.0000000Z)" type="System.Runtime.InteropServices.JavaScript.Tests.JSImportTest" method="JsImportNullableDateTime" time="0.00136" result="Pass" />
      <test name="System.Runtime.InteropServices.JavaScript.Tests.JSImportTest.JsImportNullableDateTime(value: 2026-01-28T02:18:18.0570000Z)" type="System.Runtime.InteropServices.JavaScript.Tests.JSImportTest" method="JsImportNullableDateTime" time="0.0012349" result="Pass" />
      <test name="System.Runtime.InteropServices.JavaScript.Tests.JSImportTest.JsImportNullableDateTime(value: 9999-12-31T23:59:59.9990000Z)" type="System.Runtime.InteropServices.JavaScript.Tests.JSImportTest" method="JsImportNullableDateTime" time="0.002305" result="Pass" />
      <test name="System.Runtime.InteropServices.JavaScript.Tests.JSImportTest.JsImportCallback_ActionInt" type="System.Runtime.InteropServices.JavaScript.Tests.JSImportTest" method="JsImportCallback_ActionInt" time="0.000585" result="Pass" />
      <test name="System.Runtime.InteropServices.JavaScript.Tests.JSImportTest.MissingImport" type="System.Runtime.InteropServices.JavaScript.Tests.JSImportTest" method="MissingImport" time="0.000905" result="Pass" />
      <test name="System.Runtime.InteropServices.JavaScript.Tests.JSImportTest.JsImportSingleArray(expected: [1, 2, 3, 3.40282347E+38, -3.40282347E+38, ···])" type="System.Runtime.InteropServices.JavaScript.Tests.JSImportTest" method="JsImportSingleArray" time="0.00228" result="Pass" />
      <test name="System.Runtime.InteropServices.JavaScript.Tests.JSImportTest.JsImportSingleArray(expected: [])" type="System.Runtime.InteropServices.JavaScript.Tests.JSImportTest" method="JsImportSingleArray" time="0.000235" result="Pass" />
      <test name="System.Runtime.InteropServices.JavaScript.Tests.JSImportTest.JsImportSingleArray(expected: null)" type="System.Runtime.InteropServices.JavaScript.Tests.JSImportTest" method="JsImportSingleArray" time="0.00008" result="Pass" />
      <test name="System.Runtime.InteropServices.JavaScript.Tests.JSImportTest.JsImportObjectArrayTaskObject" type="System.Runtime.InteropServices.JavaScript.Tests.JSImportTest" method="JsImportObjectArrayTaskObject" time="0.10842" result="Pass" />
      <test name="System.Runtime.InteropServices.JavaScript.Tests.JSImportTest.JsImportArraySegmentOfDouble" type="System.Runtime.InteropServices.JavaScript.Tests.JSImportTest" method="JsImportArraySegmentOfDouble" time="0.0008299" result="Pass" />
      <test name="System.Runtime.InteropServices.JavaScript.Tests.JSImportTest.JsImportObjectArrayToDouble(expected: [42])" type="System.Runtime.InteropServices.JavaScript.Tests.JSImportTest" method="JsImportObjectArrayToDouble" time="0.00028" result="Pass" />
      <test name="System.Runtime.InteropServices.JavaScript.Tests.JSImportTest.JsImportObjectArrayToDouble(expected: [42])" type="System.Runtime.InteropServices.JavaScript.Tests.JSImportTest" method="JsImportObjectArrayToDouble" time="0.000295" result="Pass" />
      <test name="System.Runtime.InteropServices.JavaScript.Tests.JSImportTest.JsImportObjectArrayToDouble(expected: [42])" type="System.Runtime.InteropServices.JavaScript.Tests.JSImportTest" method="JsImportObjectArrayToDouble" time="0.00015" result="Pass" />
      <test name="System.Runtime.InteropServices.JavaScript.Tests.JSImportTest.JsImportObjectArrayToDouble(expected: [3.1400001])" type="System.Runtime.InteropServices.JavaScript.Tests.JSImportTest" method="JsImportObjectArrayToDouble" time="0.00015" result="Pass" />
      <test name="System.Runtime.InteropServices.JavaScript.Tests.JSImportTest.JsImportObjectArrayToDouble(expected: ['A'])" type="System.Runtime.InteropServices.JavaScript.Tests.JSImportTest" method="JsImportObjectArrayToDouble" time="0.000115" result="Pass" />
      <test name="System.Runtime.InteropServices.JavaScript.Tests.JSImportTest.BadCast" type="System.Runtime.InteropServices.JavaScript.Tests.JSImportTest" method="BadCast" time="0.002525" result="Pass" />
      <test name="System.Runtime.InteropServices.JavaScript.Tests.JSImportTest.JsImportByteArray(expected: [1, 2, 3, 255, 0])" type="System.Runtime.InteropServices.JavaScript.Tests.JSImportTest" method="JsImportByteArray" time="0.00194" result="Pass" />
      <test name="System.Runtime.InteropServices.JavaScript.Tests.JSImportTest.JsImportByteArray(expected: [])" type="System.Runtime.InteropServices.JavaScript.Tests.JSImportTest" method="JsImportByteArray" time="0.00031" result="Pass" />
      <test name="System.Runtime.InteropServices.JavaScript.Tests.JSImportTest.JsImportByteArray(expected: null)" type="System.Runtime.InteropServices.JavaScript.Tests.JSImportTest" method="JsImportByteArray" time="0.0001" result="Pass" />
    </collection>
  </assembly>
</assemblies>