<?xml version="1.0" encoding="utf-8"?>
<assemblies>
  <assembly name="System.Runtime.InteropServices.JavaScript.Tests.dll" environment="32-bit .NET .NET 11.0 [collection-per-class, non-parallel]" test-framework="xUnit.net 2.9.3.0" run-date="2026-01-29" run-time="16:08:40" total="457" passed="455" failed="0" skipped="2" time="27.713" errors="0">
    <errors />
    <collection total="34" passed="34" failed="0" skipped="0" name="Test collection for System.Runtime.InteropServices.JavaScript.Http.Tests.HttpRequestMessageTest" time="1.035">
      <test name="System.Runtime.InteropServices.JavaScript.Http.Tests.HttpRequestMessageTest.Ctor_Default_CorrectDefaults" type="System.Runtime.InteropServices.JavaScript.Http.Tests.HttpRequestMessageTest" method="Ctor_Default_CorrectDefaults" time="0.080665" result="Pass" />
      <test name="System.Runtime.InteropServices.JavaScript.Http.Tests.HttpRequestMessageTest.Ctor_NullStringUri_Accepted" type="System.Runtime.InteropServices.JavaScript.Http.Tests.HttpRequestMessageTest" method="Ctor_NullStringUri_Accepted" time="0.00373" result="Pass" />
      <test name="System.Runtime.InteropServices.JavaScript.Http.Tests.HttpRequestMessageTest.Properties_SetOptionsAndGetTheirValue_NotSet_FetchOptions(uriData: \&quot;https://example.com\&quot;)" type="System.Runtime.InteropServices.JavaScript.Http.Tests.HttpRequestMessageTest" method="Properties_SetOptionsAndGetTheirValue_NotSet_FetchOptions" time="0.16082" result="Pass" />
      <test name="System.Runtime.InteropServices.JavaScript.Http.Tests.HttpRequestMessageTest.Properties_SetOptionsAndGetTheirValue_NotSet_FetchOptions(uriData: \&quot;blob:https://example.com\&quot;)" type="System.Runtime.InteropServices.JavaScript.Http.Tests.HttpRequestMessageTest" method="Properties_SetOptionsAndGetTheirValue_NotSet_FetchOptions" time="0.0382699" result="Pass" />
      <test name="System.Runtime.InteropServices.JavaScript.Http.Tests.HttpRequestMessageTest.Ctor_AbsoluteStringUri_CorrectValues(uri: \&quot;http://host/absolute/\&quot;)" type="System.Runtime.InteropServices.JavaScript.Http.Tests.HttpRequestMessageTest" method="Ctor_AbsoluteStringUri_CorrectValues" time="0.005955" result="Pass" />
      <test name="System.Runtime.InteropServices.JavaScript.Http.Tests.HttpRequestMessageTest.Ctor_AbsoluteStringUri_CorrectValues(uri: \&quot;blob:http://host/absolute/\&quot;)" type="System.Runtime.InteropServices.JavaScript.Http.Tests.HttpRequestMessageTest" method="Ctor_AbsoluteStringUri_CorrectValues" time="0.00229" result="Pass" />
      <test name="System.Runtime.InteropServices.JavaScript.Http.Tests.HttpRequestMessageTest.Ctor_AbsoluteStringUri_CorrectValues(uri: \&quot;foo://host/absolute\&quot;)" type="System.Runtime.InteropServices.JavaScript.Http.Tests.HttpRequestMessageTest" method="Ctor_AbsoluteStringUri_CorrectValues" time="0.00324" result="Pass" />
      <test name="System.Runtime.InteropServices.JavaScript.Http.Tests.HttpRequestMessageTest.Method_SetToNull_ThrowsArgumentNullException" type="System.Runtime.InteropServices.JavaScript.Http.Tests.HttpRequestMessageTest" method="Method_SetToNull_ThrowsArgumentNullException" time="0.00448" result="Pass" />
      <test name="System.Runtime.InteropServices.JavaScript.Http.Tests.HttpRequestMessageTest.Ctor_NullMethod_ThrowsArgumentNullException(uriData: \&quot;http://example.com\&quot;)" type="System.Runtime.InteropServices.JavaScript.Http.Tests.HttpRequestMessageTest" method="Ctor_NullMethod_ThrowsArgumentNullException" time="0.0035399" result="Pass" />
      <test name="System.Runtime.InteropServices.JavaScript.Http.Tests.HttpRequestMessageTest.Ctor_NullMethod_ThrowsArgumentNullException(uriData: \&quot;blob:http://example.com\&quot;)" type="System.Runtime.InteropServices.JavaScript.Http.Tests.HttpRequestMessageTest" method="Ctor_NullMethod_ThrowsArgumentNullException" time="0.002695" result="Pass" />
      <test name="System.Runtime.InteropServices.JavaScript.Http.Tests.HttpRequestMessageTest.Ctor_RelativeStringUri_CorrectValues" type="System.Runtime.InteropServices.JavaScript.Http.Tests.HttpRequestMessageTest" method="Ctor_RelativeStringUri_CorrectValues" time="0.0017749" result="Pass" />
      <test name="System.Runtime.InteropServices.JavaScript.Http.Tests.HttpRequestMessageTest.ToString_NonDefaultInstanceWithNoCustomHeaders_DumpAllFields(uriData: \&quot;http://a.com/\&quot;)" type="System.Runtime.InteropServices.JavaScript.Http.Tests.HttpRequestMessageTest" method="ToString_NonDefaultInstanceWithNoCustomHeaders_DumpAllFields" time="0.088975" result="Pass" />
      <test name="System.Runtime.InteropServices.JavaScript.Http.Tests.HttpRequestMessageTest.ToString_NonDefaultInstanceWithNoCustomHeaders_DumpAllFields(uriData: \&quot;blob:http://a.com/\&quot;)" type="System.Runtime.InteropServices.JavaScript.Http.Tests.HttpRequestMessageTest" method="ToString_NonDefaultInstanceWithNoCustomHeaders_DumpAllFields" time="0.002815" result="Pass" />
      <test name="System.Runtime.InteropServices.JavaScript.Http.Tests.HttpRequestMessageTest.Ctor_RelativeUri_CorrectValues" type="System.Runtime.InteropServices.JavaScript.Http.Tests.HttpRequestMessageTest" method="Ctor_RelativeUri_CorrectValues" time="0.001625" result="Pass" />
      <test name="System.Runtime.InteropServices.JavaScript.Http.Tests.HttpRequestMessageTest.Dispose_DisposeObject_ContentGetsDisposedAndSettersWillThrowButGettersStillWork(uriData: \&quot;http://example.com\&quot;)" type="System.Runtime.InteropServices.JavaScript.Http.Tests.HttpRequestMessageTest" method="Dispose_DisposeObject_ContentGetsDisposedAndSettersWillThrowButGettersStillWork" time="0.01374" result="Pass" />
      <test name="System.Runtime.InteropServices.JavaScript.Http.Tests.HttpRequestMessageTest.Dispose_DisposeObject_ContentGetsDisposedAndSettersWillThrowButGettersStillWork(uriData: \&quot;blob:http://example.com\&quot;)" type="System.Runtime.InteropServices.JavaScript.Http.Tests.HttpRequestMessageTest" method="Dispose_DisposeObject_ContentGetsDisposedAndSettersWillThrowButGettersStillWork" time="0.00545" result="Pass" />
      <test name="System.Runtime.InteropServices.JavaScript.Http.Tests.HttpRequestMessageTest.ToString_DefaultInstance_DumpAllFields" type="System.Runtime.InteropServices.JavaScript.Http.Tests.HttpRequestMessageTest" method="ToString_DefaultInstance_DumpAllFields" time="0.001895" result="Pass" />
      <test name="System.Runtime.InteropServices.JavaScript.Http.Tests.HttpRequestMessageTest.Properties_SetOptionsAndGetTheirValue_Set_FetchOptions(uriData: \&quot;https://example.com\&quot;)" type="System.Runtime.InteropServices.JavaScript.Http.Tests.HttpRequestMessageTest" method="Properties_SetOptionsAndGetTheirValue_Set_FetchOptions" time="0.0082149" result="Pass" />
      <test name="System.Runtime.InteropServices.JavaScript.Http.Tests.HttpRequestMessageTest.Properties_SetOptionsAndGetTheirValue_Set_FetchOptions(uriData: \&quot;blob:https://example.com\&quot;)" type="System.Runtime.InteropServices.JavaScript.Http.Tests.HttpRequestMessageTest" method="Properties_SetOptionsAndGetTheirValue_Set_FetchOptions" time="0.0026449" result="Pass" />
      <test name="System.Runtime.InteropServices.JavaScript.Http.Tests.HttpRequestMessageTest.Properties_SetOptionsAndGetTheirValue_NotSet_EnableStreamingResponse(uriData: \&quot;https://example.com\&quot;)" type="System.Runtime.InteropServices.JavaScript.Http.Tests.HttpRequestMessageTest" method="Properties_SetOptionsAndGetTheirValue_NotSet_EnableStreamingResponse" time="0.00287" result="Pass" />
      <test name="System.Runtime.InteropServices.JavaScript.Http.Tests.HttpRequestMessageTest.Properties_SetOptionsAndGetTheirValue_NotSet_EnableStreamingResponse(uriData: \&quot;blob:https://example.com\&quot;)" type="System.Runtime.InteropServices.JavaScript.Http.Tests.HttpRequestMessageTest" method="Properties_SetOptionsAndGetTheirValue_NotSet_EnableStreamingResponse" time="0.0022049" result="Pass" />
      <test name="System.Runtime.InteropServices.JavaScript.Http.Tests.HttpRequestMessageTest.Ctor_AbsoluteUri_CorrectValues(uriData: \&quot;http://host/absolute/\&quot;)" type="System.Runtime.InteropServices.JavaScript.Http.Tests.HttpRequestMessageTest" method="Ctor_AbsoluteUri_CorrectValues" time="0.0018298" result="Pass" />
      <test name="System.Runtime.InteropServices.JavaScript.Http.Tests.HttpRequestMessageTest.Ctor_AbsoluteUri_CorrectValues(uriData: \&quot;blob:http://host/absolute/\&quot;)" type="System.Runtime.InteropServices.JavaScript.Http.Tests.HttpRequestMessageTest" method="Ctor_AbsoluteUri_CorrectValues" time="0.0019749" result="Pass" />
      <test name="System.Runtime.InteropServices.JavaScript.Http.Tests.HttpRequestMessageTest.Ctor_AbsoluteUri_CorrectValues(uriData: \&quot;foo://host/absolute\&quot;)" type="System.Runtime.InteropServices.JavaScript.Http.Tests.HttpRequestMessageTest" method="Ctor_AbsoluteUri_CorrectValues" time="0.0007149" result="Pass" />
      <test name="System.Runtime.InteropServices.JavaScript.Http.Tests.HttpRequestMessageTest.HttpStreamingEnabledBy_WebAssemblyEnableStreamingResponse_Option" type="System.Runtime.InteropServices.JavaScript.Http.Tests.HttpRequestMessageTest" method="HttpStreamingEnabledBy_WebAssemblyEnableStreamingResponse_Option" time="0.4016199" result="Pass" />
      <test name="System.Runtime.InteropServices.JavaScript.Http.Tests.HttpRequestMessageTest.HttpStreamingDisabledBy_WasmEnableStreamingResponse_InProject" type="System.Runtime.InteropServices.JavaScript.Http.Tests.HttpRequestMessageTest" method="HttpStreamingDisabledBy_WasmEnableStreamingResponse_InProject" time="0.0638" result="Pass" />
      <test name="System.Runtime.InteropServices.JavaScript.Http.Tests.HttpRequestMessageTest.Properties_SetOptionsAndGetTheirValue_MatchingValues(uriData: \&quot;https://example.com\&quot;)" type="System.Runtime.InteropServices.JavaScript.Http.Tests.HttpRequestMessageTest" method="Properties_SetOptionsAndGetTheirValue_MatchingValues" time="0.00226" result="Pass" />
      <test name="System.Runtime.InteropServices.JavaScript.Http.Tests.HttpRequestMessageTest.Properties_SetOptionsAndGetTheirValue_MatchingValues(uriData: \&quot;blob:https://example.com\&quot;)" type="System.Runtime.InteropServices.JavaScript.Http.Tests.HttpRequestMessageTest" method="Properties_SetOptionsAndGetTheirValue_MatchingValues" time="0.00222" result="Pass" />
      <test name="System.Runtime.InteropServices.JavaScript.Http.Tests.HttpRequestMessageTest.Properties_SetOptionsAndGetTheirValue_Set_EnableStreamingResponse(uriData: \&quot;https://example.com\&quot;)" type="System.Runtime.InteropServices.JavaScript.Http.Tests.HttpRequestMessageTest" method="Properties_SetOptionsAndGetTheirValue_Set_EnableStreamingResponse" time="0.002465" result="Pass" />
      <test name="System.Runtime.InteropServices.JavaScript.Http.Tests.HttpRequestMessageTest.Properties_SetOptionsAndGetTheirValue_Set_EnableStreamingResponse(uriData: \&quot;blob:https://example.com\&quot;)" type="System.Runtime.InteropServices.JavaScript.Http.Tests.HttpRequestMessageTest" method="Properties_SetOptionsAndGetTheirValue_Set_EnableStreamingResponse" time="0.0024" result="Pass" />
      <test name="System.Runtime.InteropServices.JavaScript.Http.Tests.HttpRequestMessageTest.Ctor_NullUri_Accepted" type="System.Runtime.InteropServices.JavaScript.Http.Tests.HttpRequestMessageTest" method="Ctor_NullUri_Accepted" time="0.0013099" result="Pass" />
      <test name="System.Runtime.InteropServices.JavaScript.Http.Tests.HttpRequestMessageTest.ToString_NonDefaultInstanceWithCustomHeaders_DumpAllFields(uriData: \&quot;http://a.com/\&quot;)" type="System.Runtime.InteropServices.JavaScript.Http.Tests.HttpRequestMessageTest" method="ToString_NonDefaultInstanceWithCustomHeaders_DumpAllFields" time="0.10986" result="Pass" />
      <test name="System.Runtime.InteropServices.JavaScript.Http.Tests.HttpRequestMessageTest.ToString_NonDefaultInstanceWithCustomHeaders_DumpAllFields(uriData: \&quot;blob:http://a.com/\&quot;)" type="System.Runtime.InteropServices.JavaScript.Http.Tests.HttpRequestMessageTest" method="ToString_NonDefaultInstanceWithCustomHeaders_DumpAllFields" time="0.00487" result="Pass" />
      <test name="System.Runtime.InteropServices.JavaScript.Http.Tests.HttpRequestMessageTest.Version_SetToNull_ThrowsArgumentNullException" type="System.Runtime.InteropServices.JavaScript.Http.Tests.HttpRequestMessageTest" method="Version_SetToNull_ThrowsArgumentNullException" time="0.002135" result="Pass" />
    </collection>
    <collection total="251" passed="250" failed="0" skipped="1" name="Test collection for System.Runtime.InteropServices.JavaScript.Tests.JSImportTest" time="11.998">
      <test name="System.Runtime.InteropServices.JavaScript.Tests.JSImportTest.StructSize" type="System.Runtime.InteropServices.JavaScript.Tests.JSImportTest" method="StructSize" time="0.0064949" result="Pass" />
      <test name="System.Runtime.InteropServices.JavaScript.Tests.JSImportTest.TaskOfShortOutOfRange_ThrowsAssertionInTaskContinuation" type="System.Runtime.InteropServices.JavaScript.Tests.JSImportTest" method="TaskOfShortOutOfRange_ThrowsAssertionInTaskContinuation" time="0.04713" result="Pass" />
      <test name="System.Runtime.InteropServices.JavaScript.Tests.JSImportTest.JsImportBigInt64(value: -1)" type="System.Runtime.InteropServices.JavaScript.Tests.JSImportTest" method="JsImportBigInt64" time="0.365625" result="Pass" />
      <test name="System.Runtime.InteropServices.JavaScript.Tests.JSImportTest.JsImportBigInt64(value: 42)" type="System.Runtime.InteropServices.JavaScript.Tests.JSImportTest" method="JsImportBigInt64" time="0.02662" result="Pass" />
      <test name="System.Runtime.InteropServices.JavaScript.Tests.JSImportTest.JsImportBigInt64(value: 0)" type="System.Runtime.InteropServices.JavaScript.Tests.JSImportTest" method="JsImportBigInt64" time="0.023745" result="Pass" />
      <test name="System.Runtime.InteropServices.JavaScript.Tests.JSImportTest.JsImportBigInt64(value: 1)" type="System.Runtime.InteropServices.JavaScript.Tests.JSImportTest" method="JsImportBigInt64" time="0.020215" result="Pass" />
      <test name="System.Runtime.InteropServices.JavaScript.Tests.JSImportTest.JsImportBigInt64(value: 9007199254740991)" type="System.Runtime.InteropServices.JavaScript.Tests.JSImportTest" method="JsImportBigInt64" time="0.02026" result="Pass" />
      <test name="System.Runtime.InteropServices.JavaScript.Tests.JSImportTest.JsImportBigInt64(value: -9007199254740991)" type="System.Runtime.InteropServices.JavaScript.Tests.JSImportTest" method="JsImportBigInt64" time="0.0201499" result="Pass" />
      <test name="System.Runtime.InteropServices.JavaScript.Tests.JSImportTest.JsImportBigInt64(value: -9223372036854775808)" type="System.Runtime.InteropServices.JavaScript.Tests.JSImportTest" method="JsImportBigInt64" time="0.020565" result="Pass" />
      <test name="System.Runtime.InteropServices.JavaScript.Tests.JSImportTest.JsImportBigInt64(value: 9223372036854775807)" type="System.Runtime.InteropServices.JavaScript.Tests.JSImportTest" method="JsImportBigInt64" time="0.02038" result="Pass" />
      <test name="System.Runtime.InteropServices.JavaScript.Tests.JSImportTest.RejectException" type="System.Runtime.InteropServices.JavaScript.Tests.JSImportTest" method="RejectException" time="0.02014" result="Pass" />
      <test name="System.Runtime.InteropServices.JavaScript.Tests.JSImportTest.JsImportTaskEchoPendingResult" type="System.Runtime.InteropServices.JavaScript.Tests.JSImportTest" method="JsImportTaskEchoPendingResult" time="0.126625" result="Pass" />
      <test name="System.Runtime.InteropServices.JavaScript.Tests.JSImportTest.JsImportObjectArrayThrows(expected: [Action { Method = Void &lt;MarshalObjectArrayCasesThrow&gt;b__24_0(), Target = &lt;&gt;c { } }])" type="System.Runtime.InteropServices.JavaScript.Tests.JSImportTest" method="JsImportObjectArrayThrows" time="0.009125" result="Pass" />
      <test name="System.Runtime.InteropServices.JavaScript.Tests.JSImportTest.JsImportObjectArrayThrows(expected: [Action`1 { Method = Void &lt;MarshalObjectArrayCasesThrow&gt;b__24_1(Int32), Target = &lt;&gt;c { } }])" type="System.Runtime.InteropServices.JavaScript.Tests.JSImportTest" method="JsImportObjectArrayThrows" time="0.0028199" result="Pass" />
      <test name="System.Runtime.InteropServices.JavaScript.Tests.JSImportTest.JsImportObjectArrayThrows(expected: [Func`2 { Method = Int32 &lt;MarshalObjectArrayCasesThrow&gt;b__24_2(Int32), Target = &lt;&gt;c { } }])" type="System.Runtime.InteropServices.JavaScript.Tests.JSImportTest" method="JsImportObjectArrayThrows" time="0.001545" result="Pass" />
      <test name="System.Runtime.InteropServices.JavaScript.Tests.JSImportTest.JsImportObjectArrayThrows(expected: [dummyDelegate { Method = Void dummyDelegateA(), Target = null }])" type="System.Runtime.InteropServices.JavaScript.Tests.JSImportTest" method="JsImportObjectArrayThrows" time="0.001345" result="Pass" />
      <test name="System.Runtime.InteropServices.JavaScript.Tests.JSImportTest.JsImportObjectArrayThrows(expected: [0])" type="System.Runtime.InteropServices.JavaScript.Tests.JSImportTest" method="JsImportObjectArrayThrows" time="0.0012799" result="Pass" />
      <test name="System.Runtime.InteropServices.JavaScript.Tests.JSImportTest.JsImportObjectArrayThrows(expected: [0])" type="System.Runtime.InteropServices.JavaScript.Tests.JSImportTest" method="JsImportObjectArrayThrows" time="0.0012749" result="Pass" />
      <test name="System.Runtime.InteropServices.JavaScript.Tests.JSImportTest.JsImportObjectArrayThrows(expected: [0])" type="System.Runtime.InteropServices.JavaScript.Tests.JSImportTest" method="JsImportObjectArrayThrows" time="0.0012599" result="Pass" />
      <test name="System.Runtime.InteropServices.JavaScript.Tests.JSImportTest.JsImportObjectArrayThrows(expected: [0])" type="System.Runtime.InteropServices.JavaScript.Tests.JSImportTest" method="JsImportObjectArrayThrows" time="0.001215" result="Pass" />
      <test name="System.Runtime.InteropServices.JavaScript.Tests.JSImportTest.JsImportObjectArrayThrows(expected: [[]])" type="System.Runtime.InteropServices.JavaScript.Tests.JSImportTest" method="JsImportObjectArrayThrows" time="0.0014899" result="Pass" />
      <test name="System.Runtime.InteropServices.JavaScript.Tests.JSImportTest.JsImportObjectArrayThrows(expected: [[]])" type="System.Runtime.InteropServices.JavaScript.Tests.JSImportTest" method="JsImportObjectArrayThrows" time="0.0014549" result="Pass" />
      <test name="System.Runtime.InteropServices.JavaScript.Tests.JSImportTest.JsImportObjectArrayThrows(expected: [[···]])" type="System.Runtime.InteropServices.JavaScript.Tests.JSImportTest" method="JsImportObjectArrayThrows" time="0.001565" result="Pass" />
      <test name="System.Runtime.InteropServices.JavaScript.Tests.JSImportTest.MultipleImportAsync" type="System.Runtime.InteropServices.JavaScript.Tests.JSImportTest" method="MultipleImportAsync" time="0.0127149" result="Pass" />
      <test name="System.Runtime.InteropServices.JavaScript.Tests.JSImportTest.JsImportEcho_ActionAction" type="System.Runtime.InteropServices.JavaScript.Tests.JSImportTest" method="JsImportEcho_ActionAction" time="0.0057449" result="Pass" />
      <test name="System.Runtime.InteropServices.JavaScript.Tests.JSImportTest.CancelableImportAsync" type="System.Runtime.InteropServices.JavaScript.Tests.JSImportTest" method="CancelableImportAsync" time="0.02671" result="Pass" />
      <test name="System.Runtime.InteropServices.JavaScript.Tests.JSImportTest.JsImportByteArray(expected: [1, 2, 3, 255, 0])" type="System.Runtime.InteropServices.JavaScript.Tests.JSImportTest" method="JsImportByteArray" time="0.0177799" result="Pass" />
      <test name="System.Runtime.InteropServices.JavaScript.Tests.JSImportTest.JsImportByteArray(expected: [])" type="System.Runtime.InteropServices.JavaScript.Tests.JSImportTest" method="JsImportByteArray" time="0.001825" result="Pass" />
      <test name="System.Runtime.InteropServices.JavaScript.Tests.JSImportTest.JsImportByteArray(expected: null)" type="System.Runtime.InteropServices.JavaScript.Tests.JSImportTest" method="JsImportByteArray" time="0.0003899" result="Pass" />
      <test name="System.Runtime.InteropServices.JavaScript.Tests.JSImportTest.JsImportCallback_ActionInt" type="System.Runtime.InteropServices.JavaScript.Tests.JSImportTest" method="JsImportCallback_ActionInt" time="0.0052" result="Pass" />
      <test name="System.Runtime.InteropServices.JavaScript.Tests.JSImportTest.JsImportSpanOfInt32" type="System.Runtime.InteropServices.JavaScript.Tests.JSImportTest" method="JsImportSpanOfInt32" time="0.012725" result="Pass" />
      <test name="System.Runtime.InteropServices.JavaScript.Tests.JSImportTest.JsImportDouble(value: 3.1415926535897931)" type="System.Runtime.InteropServices.JavaScript.Tests.JSImportTest" method="JsImportDouble" time="0.0459649" result="Pass" />
      <test name="System.Runtime.InteropServices.JavaScript.Tests.JSImportTest.JsImportDouble(value: 0)" type="System.Runtime.InteropServices.JavaScript.Tests.JSImportTest" method="JsImportDouble" time="0.02877" result="Pass" />
      <test name="System.Runtime.InteropServices.JavaScript.Tests.JSImportTest.JsImportDouble(value: 1.7976931348623157E+308)" type="System.Runtime.InteropServices.JavaScript.Tests.JSImportTest" method="JsImportDouble" time="0.02012" result="Pass" />
      <test name="System.Runtime.InteropServices.JavaScript.Tests.JSImportTest.JsImportDouble(value: -1.7976931348623157E+308)" type="System.Runtime.InteropServices.JavaScript.Tests.JSImportTest" method="JsImportDouble" time="0.0200949" result="Pass" />
      <test name="System.Runtime.InteropServices.JavaScript.Tests.JSImportTest.JsImportDouble(value: -∞)" type="System.Runtime.InteropServices.JavaScript.Tests.JSImportTest" method="JsImportDouble" time="0.0198949" result="Pass" />
      <test name="System.Runtime.InteropServices.JavaScript.Tests.JSImportTest.JsImportDouble(value: ∞)" type="System.Runtime.InteropServices.JavaScript.Tests.JSImportTest" method="JsImportDouble" time="0.0199998" result="Pass" />
      <test name="System.Runtime.InteropServices.JavaScript.Tests.JSImportTest.JsImportDouble(value: NaN)" type="System.Runtime.InteropServices.JavaScript.Tests.JSImportTest" method="JsImportDouble" time="0.0198499" result="Pass" />
      <test name="System.Runtime.InteropServices.JavaScript.Tests.JSImportTest.GlobalThis" type="System.Runtime.InteropServices.JavaScript.Tests.JSImportTest" method="GlobalThis" time="0.00427" result="Pass" />
      <test name="System.Runtime.InteropServices.JavaScript.Tests.JSImportTest.JsImportSleep" type="System.Runtime.InteropServices.JavaScript.Tests.JSImportTest" method="JsImportSleep" time="0.10869" result="Pass" />
      <test name="System.Runtime.InteropServices.JavaScript.Tests.JSImportTest.JsImportNullableIntPtr(value: null)" type="System.Runtime.InteropServices.JavaScript.Tests.JSImportTest" method="JsImportNullableIntPtr" time="0.0429" result="Pass" />
      <test name="System.Runtime.InteropServices.JavaScript.Tests.JSImportTest.JsImportNullableIntPtr(value: 42)" type="System.Runtime.InteropServices.JavaScript.Tests.JSImportTest" method="JsImportNullableIntPtr" time="0.02536" result="Pass" />
      <test name="System.Runtime.InteropServices.JavaScript.Tests.JSImportTest.JsImportNullableIntPtr(value: 0)" type="System.Runtime.InteropServices.JavaScript.Tests.JSImportTest" method="JsImportNullableIntPtr" time="0.02026" result="Pass" />
      <test name="System.Runtime.InteropServices.JavaScript.Tests.JSImportTest.JsImportNullableIntPtr(value: 1)" type="System.Runtime.InteropServices.JavaScript.Tests.JSImportTest" method="JsImportNullableIntPtr" time="0.02006" result="Pass" />
      <test name="System.Runtime.InteropServices.JavaScript.Tests.JSImportTest.JsImportNullableIntPtr(value: -1)" type="System.Runtime.InteropServices.JavaScript.Tests.JSImportTest" method="JsImportNullableIntPtr" time="0.02364" result="Pass" />
      <test name="System.Runtime.InteropServices.JavaScript.Tests.JSImportTest.JsImportNullableIntPtr(value: 2147483647)" type="System.Runtime.InteropServices.JavaScript.Tests.JSImportTest" method="JsImportNullableIntPtr" time="0.023745" result="Pass" />
      <test name="System.Runtime.InteropServices.JavaScript.Tests.JSImportTest.JsImportNullableIntPtr(value: -2147483648)" type="System.Runtime.InteropServices.JavaScript.Tests.JSImportTest" method="JsImportNullableIntPtr" time="0.020185" result="Pass" />
      <test name="System.Runtime.InteropServices.JavaScript.Tests.JSImportTest.JsImportObjectArrayTaskObjectFail" type="System.Runtime.InteropServices.JavaScript.Tests.JSImportTest" method="JsImportObjectArrayTaskObjectFail" time="0.123375" result="Pass" />
      <test name="System.Runtime.InteropServices.JavaScript.Tests.JSImportTest.JsImportVoidPtr(xvalue: 42)" type="System.Runtime.InteropServices.JavaScript.Tests.JSImportTest" method="JsImportVoidPtr" time="0.003955" result="Pass" />
      <test name="System.Runtime.InteropServices.JavaScript.Tests.JSImportTest.JsImportVoidPtr(xvalue: 0)" type="System.Runtime.InteropServices.JavaScript.Tests.JSImportTest" method="JsImportVoidPtr" time="0.002025" result="Pass" />
      <test name="System.Runtime.InteropServices.JavaScript.Tests.JSImportTest.JsImportVoidPtr(xvalue: 1)" type="System.Runtime.InteropServices.JavaScript.Tests.JSImportTest" method="JsImportVoidPtr" time="0.0004249" result="Pass" />
      <test name="System.Runtime.InteropServices.JavaScript.Tests.JSImportTest.JsImportVoidPtr(xvalue: -1)" type="System.Runtime.InteropServices.JavaScript.Tests.JSImportTest" method="JsImportVoidPtr" time="0.0004449" result="Pass" />
      <test name="System.Runtime.InteropServices.JavaScript.Tests.JSImportTest.JsImportVoidPtr(xvalue: 2147483647)" type="System.Runtime.InteropServices.JavaScript.Tests.JSImportTest" method="JsImportVoidPtr" time="0.000385" result="Pass" />
      <test name="System.Runtime.InteropServices.JavaScript.Tests.JSImportTest.JsImportVoidPtr(xvalue: -2147483648)" type="System.Runtime.InteropServices.JavaScript.Tests.JSImportTest" method="JsImportVoidPtr" time="0.000375" result="Pass" />
      <test name="System.Runtime.InteropServices.JavaScript.Tests.JSImportTest.RejectString" type="System.Runtime.InteropServices.JavaScript.Tests.JSImportTest" method="RejectString" time="0.01404" result="Pass" />
      <test name="System.Runtime.InteropServices.JavaScript.Tests.JSImportTest.JsImportSleep2" type="System.Runtime.InteropServices.JavaScript.Tests.JSImportTest" method="JsImportSleep2" time="0.1098149" result="Pass" />
      <test name="System.Runtime.InteropServices.JavaScript.Tests.JSImportTest.JsImportBackCallback_FunctionIntInt" type="System.Runtime.InteropServices.JavaScript.Tests.JSImportTest" method="JsImportBackCallback_FunctionIntInt" time="0.009595" result="Pass" />
      <test name="System.Runtime.InteropServices.JavaScript.Tests.JSImportTest.JsImportString(value: null)" type="System.Runtime.InteropServices.JavaScript.Tests.JSImportTest" method="JsImportString" time="0.0391898" result="Pass" />
      <test name="System.Runtime.InteropServices.JavaScript.Tests.JSImportTest.JsImportString(value: \&quot;\&quot;)" type="System.Runtime.InteropServices.JavaScript.Tests.JSImportTest" method="JsImportString" time="0.0209298" result="Pass" />
      <test name="System.Runtime.InteropServices.JavaScript.Tests.JSImportTest.JsImportString(value: \&quot;Ahoj487988353\&quot;)" type="System.Runtime.InteropServices.JavaScript.Tests.JSImportTest" method="JsImportString" time="0.0241049" result="Pass" />
      <test name="System.Runtime.InteropServices.JavaScript.Tests.JSImportTest.JsImportString(value: \&quot;Ahoj!!!!!!!!!!!!!!!!!!!!!!!!!!!!!!!!!!!!!!!!!!!!!!\&quot;···)" type="System.Runtime.InteropServices.JavaScript.Tests.JSImportTest" method="JsImportString" time="0.021015" result="Pass" />
      <test name="System.Runtime.InteropServices.JavaScript.Tests.JSImportTest.JsImportString(value: \&quot;dotnet\&quot;)" type="System.Runtime.InteropServices.JavaScript.Tests.JSImportTest" method="JsImportString" time="0.028625" result="Pass" />
      <test name="System.Runtime.InteropServices.JavaScript.Tests.JSImportTest.JsImportTaskAwaitPendingResult(result: 3.1415926535897931)" type="System.Runtime.InteropServices.JavaScript.Tests.JSImportTest" method="JsImportTaskAwaitPendingResult" time="0.12413" result="Pass" />
      <test name="System.Runtime.InteropServices.JavaScript.Tests.JSImportTest.JsImportTaskAwaitPendingResult(result: 0)" type="System.Runtime.InteropServices.JavaScript.Tests.JSImportTest" method="JsImportTaskAwaitPendingResult" time="0.1088299" result="Pass" />
      <test name="System.Runtime.InteropServices.JavaScript.Tests.JSImportTest.JsImportTaskAwaitPendingResult(result: \&quot;test\&quot;)" type="System.Runtime.InteropServices.JavaScript.Tests.JSImportTest" method="JsImportTaskAwaitPendingResult" time="0.10648" result="Pass" />
      <test name="System.Runtime.InteropServices.JavaScript.Tests.JSImportTest.JsImportTaskAwaitPendingResult(result: null)" type="System.Runtime.InteropServices.JavaScript.Tests.JSImportTest" method="JsImportTaskAwaitPendingResult" time="0.10624" result="Pass" />
      <test name="System.Runtime.InteropServices.JavaScript.Tests.JSImportTest.JsImportIntArray(expected: [1, 2, 3, 2147483647, -2147483648])" type="System.Runtime.InteropServices.JavaScript.Tests.JSImportTest" method="JsImportIntArray" time="0.0119149" result="Pass" />
      <test name="System.Runtime.InteropServices.JavaScript.Tests.JSImportTest.JsImportIntArray(expected: [])" type="System.Runtime.InteropServices.JavaScript.Tests.JSImportTest" method="JsImportIntArray" time="0.00172" result="Pass" />
      <test name="System.Runtime.InteropServices.JavaScript.Tests.JSImportTest.JsImportIntArray(expected: null)" type="System.Runtime.InteropServices.JavaScript.Tests.JSImportTest" method="JsImportIntArray" time="0.00034" result="Pass" />
      <test name="System.Runtime.InteropServices.JavaScript.Tests.JSImportTest.JsImportIntPtr(value: 42)" type="System.Runtime.InteropServices.JavaScript.Tests.JSImportTest" method="JsImportIntPtr" time="0.04191" result="Pass" />
      <test name="System.Runtime.InteropServices.JavaScript.Tests.JSImportTest.JsImportIntPtr(value: 0)" type="System.Runtime.InteropServices.JavaScript.Tests.JSImportTest" method="JsImportIntPtr" time="0.021295" result="Pass" />
      <test name="System.Runtime.InteropServices.JavaScript.Tests.JSImportTest.JsImportIntPtr(value: 1)" type="System.Runtime.InteropServices.JavaScript.Tests.JSImportTest" method="JsImportIntPtr" time="0.0248799" result="Pass" />
      <test name="System.Runtime.InteropServices.JavaScript.Tests.JSImportTest.JsImportIntPtr(value: -1)" type="System.Runtime.InteropServices.JavaScript.Tests.JSImportTest" method="JsImportIntPtr" time="0.020075" result="Pass" />
      <test name="System.Runtime.InteropServices.JavaScript.Tests.JSImportTest.JsImportIntPtr(value: 2147483647)" type="System.Runtime.InteropServices.JavaScript.Tests.JSImportTest" method="JsImportIntPtr" time="0.0195399" result="Pass" />
      <test name="System.Runtime.InteropServices.JavaScript.Tests.JSImportTest.JsImportIntPtr(value: -2147483648)" type="System.Runtime.InteropServices.JavaScript.Tests.JSImportTest" method="JsImportIntPtr" time="0.021665" result="Pass" />
      <test name="System.Runtime.InteropServices.JavaScript.Tests.JSImportTest.DateTimeMinValueBoundaryCondition" type="System.Runtime.InteropServices.JavaScript.Tests.JSImportTest" method="DateTimeMinValueBoundaryCondition" time="0.0106199" result="Pass" />
      <test name="System.Runtime.InteropServices.JavaScript.Tests.JSImportTest.JsImportCallback_Action" type="System.Runtime.InteropServices.JavaScript.Tests.JSImportTest" method="JsImportCallback_Action" time="0.00195" result="Pass" />
      <test name="System.Runtime.InteropServices.JavaScript.Tests.JSImportTest.JsImportReboundInstanceMember" type="System.Runtime.InteropServices.JavaScript.Tests.JSImportTest" method="JsImportReboundInstanceMember" time="0.0025349" result="Pass" />
      <test name="System.Runtime.InteropServices.JavaScript.Tests.JSImportTest.JsImportVoidTaskPending" type="System.Runtime.InteropServices.JavaScript.Tests.JSImportTest" method="JsImportVoidTaskPending" time="1.0345" result="Pass" />
      <test name="System.Runtime.InteropServices.JavaScript.Tests.JSImportTest.JsImportCallback_Async" type="System.Runtime.InteropServices.JavaScript.Tests.JSImportTest" method="JsImportCallback_Async" time="0.0276499" result="Pass" />
      <test name="System.Runtime.InteropServices.JavaScript.Tests.JSImportTest.JsImportStringArray(expected: [\&quot;Příliš\&quot;, \&quot;žluťoučký\&quot;])" type="System.Runtime.InteropServices.JavaScript.Tests.JSImportTest" method="JsImportStringArray" time="0.0272199" result="Pass" />
      <test name="System.Runtime.InteropServices.JavaScript.Tests.JSImportTest.JsImportStringArray(expected: [\&quot;hello\&quot;, \&quot;\&quot;, null])" type="System.Runtime.InteropServices.JavaScript.Tests.JSImportTest" method="JsImportStringArray" time="0.004245" result="Pass" />
      <test name="System.Runtime.InteropServices.JavaScript.Tests.JSImportTest.JsImportStringArray(expected: [])" type="System.Runtime.InteropServices.JavaScript.Tests.JSImportTest" method="JsImportStringArray" time="0.0026849" result="Pass" />
      <test name="System.Runtime.InteropServices.JavaScript.Tests.JSImportTest.JsImportStringArray(expected: null)" type="System.Runtime.InteropServices.JavaScript.Tests.JSImportTest" method="JsImportStringArray" time="0.000435" result="Pass" />
      <test name="System.Runtime.InteropServices.JavaScript.Tests.JSImportTest.JsImportSpanOfDouble" type="System.Runtime.InteropServices.JavaScript.Tests.JSImportTest" method="JsImportSpanOfDouble" time="0.017795" result="Pass" />
      <test name="System.Runtime.InteropServices.JavaScript.Tests.JSImportTest.TaskOfDateTimeOutOfRange_ThrowsAssertionInTaskContinuation" type="System.Runtime.InteropServices.JavaScript.Tests.JSImportTest" method="TaskOfDateTimeOutOfRange_ThrowsAssertionInTaskContinuation" time="0.01261" result="Pass" />
      <test name="System.Runtime.InteropServices.JavaScript.Tests.JSImportTest.MissingImport" type="System.Runtime.InteropServices.JavaScript.Tests.JSImportTest" method="MissingImport" time="0.003505" result="Pass" />
      <test name="System.Runtime.InteropServices.JavaScript.Tests.JSImportTest.ProxyOfProxyThrows" type="System.Runtime.InteropServices.JavaScript.Tests.JSImportTest" method="ProxyOfProxyThrows" time="0.0041549" result="Pass" />
      <test name="System.Runtime.InteropServices.JavaScript.Tests.JSImportTest.JSImportReturnError" type="System.Runtime.InteropServices.JavaScript.Tests.JSImportTest" method="JSImportReturnError" time="0.0019599" result="Pass" />
      <test name="System.Runtime.InteropServices.JavaScript.Tests.JSImportTest.JsImportObjectArray(expected: [\&quot;hello\&quot;, \&quot;\&quot;])" type="System.Runtime.InteropServices.JavaScript.Tests.JSImportTest" method="JsImportObjectArray" time="0.0066099" result="Pass" />
      <test name="System.Runtime.InteropServices.JavaScript.Tests.JSImportTest.JsImportObjectArray(expected: [1.1000000000000001, 2022-05-08T14:55:01.0000000Z, False, True])" type="System.Runtime.InteropServices.JavaScript.Tests.JSImportTest" method="JsImportObjectArray" time="0.00721" result="Pass" />
      <test name="System.Runtime.InteropServices.JavaScript.Tests.JSImportTest.JsImportObjectArray(expected: [1.1000000000000001, 2022-05-08T14:55:01.0000000Z, False, True])" type="System.Runtime.InteropServices.JavaScript.Tests.JSImportTest" method="JsImportObjectArray" time="0.004265" result="Pass" />
      <test name="System.Runtime.InteropServices.JavaScript.Tests.JSImportTest.JsImportObjectArray(expected: [null, Object { }, SomethingRef { }, SomethingStruct { }, System.Exception: test])" type="System.Runtime.InteropServices.JavaScript.Tests.JSImportTest" method="JsImportObjectArray" time="0.0065649" result="Pass" />
      <test name="System.Runtime.InteropServices.JavaScript.Tests.JSImportTest.JsImportObjectArray(expected: [\&quot;JSData\&quot;])" type="System.Runtime.InteropServices.JavaScript.Tests.JSImportTest" method="JsImportObjectArray" time="0.0101249" result="Pass" />
      <test name="System.Runtime.InteropServices.JavaScript.Tests.JSImportTest.JsImportObjectArray(expected: [[], [], [], [], []])" type="System.Runtime.InteropServices.JavaScript.Tests.JSImportTest" method="JsImportObjectArray" time="0.0241098" result="Pass" />
      <test name="System.Runtime.InteropServices.JavaScript.Tests.JSImportTest.JsImportObjectArray(expected: [[1, 2, 3], [1, 2, 3], [1, 2, 3], [\&quot;a\&quot;, \&quot;b\&quot;, \&quot;c\&quot;], []])" type="System.Runtime.InteropServices.JavaScript.Tests.JSImportTest" method="JsImportObjectArray" time="0.028835" result="Pass" />
      <test name="System.Runtime.InteropServices.JavaScript.Tests.JSImportTest.JsImportObjectArray(expected: [[[···], [···], [···], [···], Object { }, ···]])" type="System.Runtime.InteropServices.JavaScript.Tests.JSImportTest" method="JsImportObjectArray" time="0.029805" result="Pass" />
      <test name="System.Runtime.InteropServices.JavaScript.Tests.JSImportTest.JsImportObjectArray(expected: [])" type="System.Runtime.InteropServices.JavaScript.Tests.JSImportTest" method="JsImportObjectArray" time="0.0019398" result="Pass" />
      <test name="System.Runtime.InteropServices.JavaScript.Tests.JSImportTest.JsImportObjectArray(expected: null)" type="System.Runtime.InteropServices.JavaScript.Tests.JSImportTest" method="JsImportObjectArray" time="0.000355" result="Pass" />
      <test name="System.Runtime.InteropServices.JavaScript.Tests.JSImportTest.JsImportCallback_FunctionIntInt" type="System.Runtime.InteropServices.JavaScript.Tests.JSImportTest" method="JsImportCallback_FunctionIntInt" time="0.00371" result="Pass" />
      <test name="System.Runtime.InteropServices.JavaScript.Tests.JSImportTest.JsImportCallback_ActionIntThrow" type="System.Runtime.InteropServices.JavaScript.Tests.JSImportTest" method="JsImportCallback_ActionIntThrow" time="0.0042349" result="Pass" />
      <test name="System.Runtime.InteropServices.JavaScript.Tests.JSImportTest.DotnetInstance" type="System.Runtime.InteropServices.JavaScript.Tests.JSImportTest" method="DotnetInstance" time="0.0129899" result="Pass" />
      <test name="System.Runtime.InteropServices.JavaScript.Tests.JSImportTest.JSObjectGetSet" type="System.Runtime.InteropServices.JavaScript.Tests.JSImportTest" method="JSObjectGetSet" time="0.015565" result="Pass" />
      <test name="System.Runtime.InteropServices.JavaScript.Tests.JSImportTest.OptimizedPaths" type="System.Runtime.InteropServices.JavaScript.Tests.JSImportTest" method="OptimizedPaths" time="0.0172949" result="Pass" />
      <test name="System.Runtime.InteropServices.JavaScript.Tests.JSImportTest.JsImportArraySegmentOfDouble" type="System.Runtime.InteropServices.JavaScript.Tests.JSImportTest" method="JsImportArraySegmentOfDouble" time="0.00834" result="Pass" />
      <test name="System.Runtime.InteropServices.JavaScript.Tests.JSImportTest.JsImportByte(value: 42)" type="System.Runtime.InteropServices.JavaScript.Tests.JSImportTest" method="JsImportByte" time="0.046565" result="Pass" />
      <test name="System.Runtime.InteropServices.JavaScript.Tests.JSImportTest.JsImportByte(value: 1)" type="System.Runtime.InteropServices.JavaScript.Tests.JSImportTest" method="JsImportByte" time="0.02163" result="Pass" />
      <test name="System.Runtime.InteropServices.JavaScript.Tests.JSImportTest.JsImportByte(value: 255)" type="System.Runtime.InteropServices.JavaScript.Tests.JSImportTest" method="JsImportByte" time="0.0199499" result="Pass" />
      <test name="System.Runtime.InteropServices.JavaScript.Tests.JSImportTest.JsImportByte(value: 0)" type="System.Runtime.InteropServices.JavaScript.Tests.JSImportTest" method="JsImportByte" time="0.020325" result="Pass" />
      <test name="System.Runtime.InteropServices.JavaScript.Tests.JSImportTest.RejectNull" type="System.Runtime.InteropServices.JavaScript.Tests.JSImportTest" method="RejectNull" time="0.01389" result="Pass" />
      <test name="System.Runtime.InteropServices.JavaScript.Tests.JSImportTest.JsImportBackCallback_FunctionIntIntIntInt" type="System.Runtime.InteropServices.JavaScript.Tests.JSImportTest" method="JsImportBackCallback_FunctionIntIntIntInt" time="0.0085899" result="Pass" />
      <test name="System.Runtime.InteropServices.JavaScript.Tests.JSImportTest.ByteOutOfRange(value: 1.7976931348623157E+308, message: \&quot;Value is not an integer\&quot;)" type="System.Runtime.InteropServices.JavaScript.Tests.JSImportTest" method="ByteOutOfRange" time="0.003475" result="Pass" />
      <test name="System.Runtime.InteropServices.JavaScript.Tests.JSImportTest.ByteOutOfRange(value: -1.7976931348623157E+308, message: \&quot;Value is not an integer\&quot;)" type="System.Runtime.InteropServices.JavaScript.Tests.JSImportTest" method="ByteOutOfRange" time="0.0032499" result="Pass" />
      <test name="System.Runtime.InteropServices.JavaScript.Tests.JSImportTest.ByteOutOfRange(value: NaN, message: \&quot;Value is not an integer\&quot;)" type="System.Runtime.InteropServices.JavaScript.Tests.JSImportTest" method="ByteOutOfRange" time="0.001505" result="Pass" />
      <test name="System.Runtime.InteropServices.JavaScript.Tests.JSImportTest.ByteOutOfRange(value: -∞, message: \&quot;Value is not an integer\&quot;)" type="System.Runtime.InteropServices.JavaScript.Tests.JSImportTest" method="ByteOutOfRange" time="0.001505" result="Pass" />
      <test name="System.Runtime.InteropServices.JavaScript.Tests.JSImportTest.ByteOutOfRange(value: ∞, message: \&quot;Value is not an integer\&quot;)" type="System.Runtime.InteropServices.JavaScript.Tests.JSImportTest" method="ByteOutOfRange" time="0.0015" result="Pass" />
      <test name="System.Runtime.InteropServices.JavaScript.Tests.JSImportTest.ByteOutOfRange(value: 9007199254740991, message: \&quot;Overflow\&quot;)" type="System.Runtime.InteropServices.JavaScript.Tests.JSImportTest" method="ByteOutOfRange" time="0.00138" result="Pass" />
      <test name="System.Runtime.InteropServices.JavaScript.Tests.JSImportTest.JsImportDoubleArray(expected: [1, 2, 3, 1.7976931348623157E+308, -1.7976931348623157E+308, ···])" type="System.Runtime.InteropServices.JavaScript.Tests.JSImportTest" method="JsImportDoubleArray" time="0.0073449" result="Pass" />
      <test name="System.Runtime.InteropServices.JavaScript.Tests.JSImportTest.JsImportDoubleArray(expected: [])" type="System.Runtime.InteropServices.JavaScript.Tests.JSImportTest" method="JsImportDoubleArray" time="0.0016599" result="Pass" />
      <test name="System.Runtime.InteropServices.JavaScript.Tests.JSImportTest.JsImportDoubleArray(expected: null)" type="System.Runtime.InteropServices.JavaScript.Tests.JSImportTest" method="JsImportDoubleArray" time="0.000295" result="Pass" />
      <test name="System.Runtime.InteropServices.JavaScript.Tests.JSImportTest.JsImportBoolean(value: True)" type="System.Runtime.InteropServices.JavaScript.Tests.JSImportTest" method="JsImportBoolean" time="0.04376" result="Pass" />
      <test name="System.Runtime.InteropServices.JavaScript.Tests.JSImportTest.JsImportBoolean(value: False)" type="System.Runtime.InteropServices.JavaScript.Tests.JSImportTest" method="JsImportBoolean" time="0.02167" result="Pass" />
      <test name="System.Runtime.InteropServices.JavaScript.Tests.JSImportTest.JsImportNative" type="System.Runtime.InteropServices.JavaScript.Tests.JSImportTest" method="JsImportNative" time="0.00198" result="Pass" />
      <test name="System.Runtime.InteropServices.JavaScript.Tests.JSImportTest.JSImportDateTimeOffset(value: 1970-01-01T00:00:00.0000000+00:00)" type="System.Runtime.InteropServices.JavaScript.Tests.JSImportTest" method="JSImportDateTimeOffset" time="0.0439449" result="Pass" />
      <test name="System.Runtime.InteropServices.JavaScript.Tests.JSImportTest.JSImportDateTimeOffset(value: 2026-01-29T16:08:50.7660000+00:00)" type="System.Runtime.InteropServices.JavaScript.Tests.JSImportTest" method="JSImportDateTimeOffset" time="0.0222099" result="Pass" />
      <test name="System.Runtime.InteropServices.JavaScript.Tests.JSImportTest.JSImportDateTimeOffset(value: 9999-12-31T23:59:59.9990000+00:00)" type="System.Runtime.InteropServices.JavaScript.Tests.JSImportTest" method="JSImportDateTimeOffset" time="0.023965" result="Pass" />
      <test name="System.Runtime.InteropServices.JavaScript.Tests.JSImportTest.JsImportTaskTypes" type="System.Runtime.InteropServices.JavaScript.Tests.JSImportTest" method="JsImportTaskTypes" time="4.941255" result="Pass" />
      <test name="System.Runtime.InteropServices.JavaScript.Tests.JSImportTest.JsImportInstanceMember" type="System.Runtime.InteropServices.JavaScript.Tests.JSImportTest" method="JsImportInstanceMember" time="0.001855" result="Pass" />
      <test name="System.Runtime.InteropServices.JavaScript.Tests.JSImportTest.JsImportNullableDouble(value: null)" type="System.Runtime.InteropServices.JavaScript.Tests.JSImportTest" method="JsImportNullableDouble" time="0.04024" result="Pass" />
      <test name="System.Runtime.InteropServices.JavaScript.Tests.JSImportTest.JsImportNullableDouble(value: 3.1415926535897931)" type="System.Runtime.InteropServices.JavaScript.Tests.JSImportTest" method="JsImportNullableDouble" time="0.0257149" result="Pass" />
      <test name="System.Runtime.InteropServices.JavaScript.Tests.JSImportTest.JsImportNullableDouble(value: 0)" type="System.Runtime.InteropServices.JavaScript.Tests.JSImportTest" method="JsImportNullableDouble" time="0.0211048" result="Pass" />
      <test name="System.Runtime.InteropServices.JavaScript.Tests.JSImportTest.JsImportNullableDouble(value: 1.7976931348623157E+308)" type="System.Runtime.InteropServices.JavaScript.Tests.JSImportTest" method="JsImportNullableDouble" time="0.021515" result="Pass" />
      <test name="System.Runtime.InteropServices.JavaScript.Tests.JSImportTest.JsImportNullableDouble(value: -1.7976931348623157E+308)" type="System.Runtime.InteropServices.JavaScript.Tests.JSImportTest" method="JsImportNullableDouble" time="0.0206749" result="Pass" />
      <test name="System.Runtime.InteropServices.JavaScript.Tests.JSImportTest.JsImportNullableDouble(value: -∞)" type="System.Runtime.InteropServices.JavaScript.Tests.JSImportTest" method="JsImportNullableDouble" time="0.020635" result="Pass" />
      <test name="System.Runtime.InteropServices.JavaScript.Tests.JSImportTest.JsImportNullableDouble(value: ∞)" type="System.Runtime.InteropServices.JavaScript.Tests.JSImportTest" method="JsImportNullableDouble" time="0.0206" result="Pass" />
      <test name="System.Runtime.InteropServices.JavaScript.Tests.JSImportTest.JsImportNullableDouble(value: NaN)" type="System.Runtime.InteropServices.JavaScript.Tests.JSImportTest" method="JsImportNullableDouble" time="0.0223999" result="Pass" />
      <test name="System.Runtime.InteropServices.JavaScript.Tests.JSImportTest.JsImportTaskAwaitPendingExceptionValue" type="System.Runtime.InteropServices.JavaScript.Tests.JSImportTest" method="JsImportTaskAwaitPendingExceptionValue" time="0.1134349" result="Pass" />
      <test name="System.Runtime.InteropServices.JavaScript.Tests.JSImportTest.JsImportInt32(value: 42)" type="System.Runtime.InteropServices.JavaScript.Tests.JSImportTest" method="JsImportInt32" time="0.03734" result="Pass" />
      <test name="System.Runtime.InteropServices.JavaScript.Tests.JSImportTest.JsImportInt32(value: 0)" type="System.Runtime.InteropServices.JavaScript.Tests.JSImportTest" method="JsImportInt32" time="0.02189" result="Pass" />
      <test name="System.Runtime.InteropServices.JavaScript.Tests.JSImportTest.JsImportInt32(value: 1)" type="System.Runtime.InteropServices.JavaScript.Tests.JSImportTest" method="JsImportInt32" time="0.02022" result="Pass" />
      <test name="System.Runtime.InteropServices.JavaScript.Tests.JSImportTest.JsImportInt32(value: -1)" type="System.Runtime.InteropServices.JavaScript.Tests.JSImportTest" method="JsImportInt32" time="0.022555" result="Pass" />
      <test name="System.Runtime.InteropServices.JavaScript.Tests.JSImportTest.JsImportInt32(value: 2147483647)" type="System.Runtime.InteropServices.JavaScript.Tests.JSImportTest" method="JsImportInt32" time="0.020475" result="Pass" />
      <test name="System.Runtime.InteropServices.JavaScript.Tests.JSImportTest.JsImportInt32(value: -2147483648)" type="System.Runtime.InteropServices.JavaScript.Tests.JSImportTest" method="JsImportInt32" time="0.01993" result="Pass" />
      <test name="System.Runtime.InteropServices.JavaScript.Tests.JSImportTest.JsImportArraySegmentOfInt32" type="System.Runtime.InteropServices.JavaScript.Tests.JSImportTest" method="JsImportArraySegmentOfInt32" time="0.00755" result="Pass" />
      <test name="System.Runtime.InteropServices.JavaScript.Tests.JSImportTest.JsImportObjectArrayToDouble(expected: [42])" type="System.Runtime.InteropServices.JavaScript.Tests.JSImportTest" method="JsImportObjectArrayToDouble" time="0.001655" result="Pass" />
      <test name="System.Runtime.InteropServices.JavaScript.Tests.JSImportTest.JsImportObjectArrayToDouble(expected: [42])" type="System.Runtime.InteropServices.JavaScript.Tests.JSImportTest" method="JsImportObjectArrayToDouble" time="0.002495" result="Pass" />
      <test name="System.Runtime.InteropServices.JavaScript.Tests.JSImportTest.JsImportObjectArrayToDouble(expected: [42])" type="System.Runtime.InteropServices.JavaScript.Tests.JSImportTest" method="JsImportObjectArrayToDouble" time="0.000525" result="Pass" />
      <test name="System.Runtime.InteropServices.JavaScript.Tests.JSImportTest.JsImportObjectArrayToDouble(expected: [3.1400001])" type="System.Runtime.InteropServices.JavaScript.Tests.JSImportTest" method="JsImportObjectArrayToDouble" time="0.00132" result="Pass" />
      <test name="System.Runtime.InteropServices.JavaScript.Tests.JSImportTest.JsImportObjectArrayToDouble(expected: ['A'])" type="System.Runtime.InteropServices.JavaScript.Tests.JSImportTest" method="JsImportObjectArrayToDouble" time="0.0008199" result="Pass" />
      <test name="System.Runtime.InteropServices.JavaScript.Tests.JSImportTest.JSImportObject(value: Object { }, clazz: \&quot;ManagedObject\&quot;)" type="System.Runtime.InteropServices.JavaScript.Tests.JSImportTest" method="JSImportObject" time="0.02635" result="Pass" />
      <test name="System.Runtime.InteropServices.JavaScript.Tests.JSImportTest.JSImportObject(value: null, clazz: null)" type="System.Runtime.InteropServices.JavaScript.Tests.JSImportTest" method="JSImportObject" time="0.023815" result="Pass" />
      <test name="System.Runtime.InteropServices.JavaScript.Tests.JSImportTest.JSImportIJSObject(value: null, clazz: \&quot;JSData\&quot;)" type="System.Runtime.InteropServices.JavaScript.Tests.JSImportTest" method="JSImportIJSObject" time="0.0297199" result="Pass" />
      <test name="System.Runtime.InteropServices.JavaScript.Tests.JSImportTest.JSImportIJSObject(value: null, clazz: null)" type="System.Runtime.InteropServices.JavaScript.Tests.JSImportTest" method="JSImportIJSObject" time="0.02117" result="Pass" />
      <test name="System.Runtime.InteropServices.JavaScript.Tests.JSImportTest.Int32OutOfRange(value: 1.7976931348623157E+308, message: \&quot;Value is not an integer\&quot;)" type="System.Runtime.InteropServices.JavaScript.Tests.JSImportTest" method="Int32OutOfRange" time="0.002465" result="Pass" />
      <test name="System.Runtime.InteropServices.JavaScript.Tests.JSImportTest.Int32OutOfRange(value: -1.7976931348623157E+308, message: \&quot;Value is not an integer\&quot;)" type="System.Runtime.InteropServices.JavaScript.Tests.JSImportTest" method="Int32OutOfRange" time="0.003005" result="Pass" />
      <test name="System.Runtime.InteropServices.JavaScript.Tests.JSImportTest.Int32OutOfRange(value: NaN, message: \&quot;Value is not an integer\&quot;)" type="System.Runtime.InteropServices.JavaScript.Tests.JSImportTest" method="Int32OutOfRange" time="0.001405" result="Pass" />
      <test name="System.Runtime.InteropServices.JavaScript.Tests.JSImportTest.Int32OutOfRange(value: -∞, message: \&quot;Value is not an integer\&quot;)" type="System.Runtime.InteropServices.JavaScript.Tests.JSImportTest" method="Int32OutOfRange" time="0.00154" result="Pass" />
      <test name="System.Runtime.InteropServices.JavaScript.Tests.JSImportTest.Int32OutOfRange(value: ∞, message: \&quot;Value is not an integer\&quot;)" type="System.Runtime.InteropServices.JavaScript.Tests.JSImportTest" method="Int32OutOfRange" time="0.00153" result="Pass" />
      <test name="System.Runtime.InteropServices.JavaScript.Tests.JSImportTest.Int32OutOfRange(value: 9007199254740991, message: \&quot;Overflow\&quot;)" type="System.Runtime.InteropServices.JavaScript.Tests.JSImportTest" method="Int32OutOfRange" time="0.00151" result="Pass" />
      <test name="System.Runtime.InteropServices.JavaScript.Tests.JSImportTest.JsImportInt16(value: 42)" type="System.Runtime.InteropServices.JavaScript.Tests.JSImportTest" method="JsImportInt16" time="0.0423199" result="Pass" />
      <test name="System.Runtime.InteropServices.JavaScript.Tests.JSImportTest.JsImportInt16(value: 0)" type="System.Runtime.InteropServices.JavaScript.Tests.JSImportTest" method="JsImportInt16" time="0.02187" result="Pass" />
      <test name="System.Runtime.InteropServices.JavaScript.Tests.JSImportTest.JsImportInt16(value: 1)" type="System.Runtime.InteropServices.JavaScript.Tests.JSImportTest" method="JsImportInt16" time="0.02025" result="Pass" />
      <test name="System.Runtime.InteropServices.JavaScript.Tests.JSImportTest.JsImportInt16(value: -1)" type="System.Runtime.InteropServices.JavaScript.Tests.JSImportTest" method="JsImportInt16" time="0.020365" result="Pass" />
      <test name="System.Runtime.InteropServices.JavaScript.Tests.JSImportTest.JsImportInt16(value: 32767)" type="System.Runtime.InteropServices.JavaScript.Tests.JSImportTest" method="JsImportInt16" time="0.023185" result="Pass" />
      <test name="System.Runtime.InteropServices.JavaScript.Tests.JSImportTest.JsImportInt16(value: -32768)" type="System.Runtime.InteropServices.JavaScript.Tests.JSImportTest" method="JsImportInt16" time="0.02184" result="Pass" />
      <test name="System.Runtime.InteropServices.JavaScript.Tests.JSImportTest.DateTimeMaxValueBoundaryCondition" type="System.Runtime.InteropServices.JavaScript.Tests.JSImportTest" method="DateTimeMaxValueBoundaryCondition" time="0.003705" result="Pass" />
      <test name="System.Runtime.InteropServices.JavaScript.Tests.JSImportTest.CreateFunctionDoubleThrow" type="System.Runtime.InteropServices.JavaScript.Tests.JSImportTest" method="CreateFunctionDoubleThrow" time="0.016885" result="Pass" />
      <test name="System.Runtime.InteropServices.JavaScript.Tests.JSImportTest.JsImportCallback_ActionIntLongDouble" type="System.Runtime.InteropServices.JavaScript.Tests.JSImportTest" method="JsImportCallback_ActionIntLongDouble" time="0.0118749" result="Pass" />
      <test name="System.Runtime.InteropServices.JavaScript.Tests.JSImportTest.JsImportNullableDateTime(value: null)" type="System.Runtime.InteropServices.JavaScript.Tests.JSImportTest" method="JsImportNullableDateTime" time="0.041835" result="Pass" />
      <test name="System.Runtime.InteropServices.JavaScript.Tests.JSImportTest.JsImportNullableDateTime(value: 1970-01-01T00:00:00.0000000Z)" type="System.Runtime.InteropServices.JavaScript.Tests.JSImportTest" method="JsImportNullableDateTime" time="0.02482" result="Pass" />
      <test name="System.Runtime.InteropServices.JavaScript.Tests.JSImportTest.JsImportNullableDateTime(value: 2026-01-29T16:08:57.5870000Z)" type="System.Runtime.InteropServices.JavaScript.Tests.JSImportTest" method="JsImportNullableDateTime" time="0.0232449" result="Pass" />
      <test name="System.Runtime.InteropServices.JavaScript.Tests.JSImportTest.JsImportNullableDateTime(value: 9999-12-31T23:59:59.9990000Z)" type="System.Runtime.InteropServices.JavaScript.Tests.JSImportTest" method="JsImportNullableDateTime" time="0.022805" result="Pass" />
      <test name="System.Runtime.InteropServices.JavaScript.Tests.JSImportTest.CreateFunctionString" type="System.Runtime.InteropServices.JavaScript.Tests.JSImportTest" method="CreateFunctionString" time="0.00612" result="Pass" />
      <test name="System.Runtime.InteropServices.JavaScript.Tests.JSImportTest.JSImportDateTime(value: 1970-01-01T00:00:00.0000000Z)" type="System.Runtime.InteropServices.JavaScript.Tests.JSImportTest" method="JSImportDateTime" time="0.04505" result="Pass" />
      <test name="System.Runtime.InteropServices.JavaScript.Tests.JSImportTest.JSImportDateTime(value: 2026-01-29T16:08:57.8160000Z)" type="System.Runtime.InteropServices.JavaScript.Tests.JSImportTest" method="JSImportDateTime" time="0.0219299" result="Pass" />
      <test name="System.Runtime.InteropServices.JavaScript.Tests.JSImportTest.JSImportDateTime(value: 9999-12-31T23:59:59.9990000Z)" type="System.Runtime.InteropServices.JavaScript.Tests.JSImportTest" method="JSImportDateTime" time="0.02326" result="Pass" />
      <test name="System.Runtime.InteropServices.JavaScript.Tests.JSImportTest.JsImportChar(value: '*')" type="System.Runtime.InteropServices.JavaScript.Tests.JSImportTest" method="JsImportChar" time="0.0421249" result="Pass" />
      <test name="System.Runtime.InteropServices.JavaScript.Tests.JSImportTest.JsImportChar(value: 0x0001)" type="System.Runtime.InteropServices.JavaScript.Tests.JSImportTest" method="JsImportChar" time="0.0218648" result="Pass" />
      <test name="System.Runtime.InteropServices.JavaScript.Tests.JSImportTest.JsImportChar(value: 'Ž')" type="System.Runtime.InteropServices.JavaScript.Tests.JSImportTest" method="JsImportChar" time="0.02243" result="Pass" />
      <test name="System.Runtime.InteropServices.JavaScript.Tests.JSImportTest.JsImportChar(value: '♡')" type="System.Runtime.InteropServices.JavaScript.Tests.JSImportTest" method="JsImportChar" time="0.02083" result="Pass" />
      <test name="System.Runtime.InteropServices.JavaScript.Tests.JSImportTest.JsImportChar(value: 0xffff)" type="System.Runtime.InteropServices.JavaScript.Tests.JSImportTest" method="JsImportChar" time="0.0202699" result="Pass" />
      <test name="System.Runtime.InteropServices.JavaScript.Tests.JSImportTest.JsImportChar(value: '\\0')" type="System.Runtime.InteropServices.JavaScript.Tests.JSImportTest" method="JsImportChar" time="0.020205" result="Pass" />
      <test name="System.Runtime.InteropServices.JavaScript.Tests.JSImportTest.MissingImportAsync" type="System.Runtime.InteropServices.JavaScript.Tests.JSImportTest" method="MissingImportAsync" time="0.004725" result="Pass" />
      <test name="System.Runtime.InteropServices.JavaScript.Tests.JSImportTest.JsImportArraySegmentOfByte" type="System.Runtime.InteropServices.JavaScript.Tests.JSImportTest" method="JsImportArraySegmentOfByte" time="0.0078199" result="Pass" />
      <test name="System.Runtime.InteropServices.JavaScript.Tests.JSImportTest.DateTimeMarshallingLosesMicrosecondComponentPrecisionLoss" type="System.Runtime.InteropServices.JavaScript.Tests.JSImportTest" method="DateTimeMarshallingLosesMicrosecondComponentPrecisionLoss" time="0.00518" result="Pass" />
      <test name="System.Runtime.InteropServices.JavaScript.Tests.JSImportTest.JSImportException(value: System.Exception: Test, clazz: \&quot;ManagedError\&quot;)" type="System.Runtime.InteropServices.JavaScript.Tests.JSImportTest" method="JSImportException" time="0.0292399" result="Pass" />
      <test name="System.Runtime.InteropServices.JavaScript.Tests.JSImportTest.JSImportException(value: null, clazz: \&quot;JSTestError\&quot;)" type="System.Runtime.InteropServices.JavaScript.Tests.JSImportTest" method="JSImportException" time="0.02256" result="Pass" />
      <test name="System.Runtime.InteropServices.JavaScript.Tests.JSImportTest.JSImportException(value: null, clazz: null)" type="System.Runtime.InteropServices.JavaScript.Tests.JSImportTest" method="JSImportException" time="0.020085" result="Pass" />
      <test name="System.Runtime.InteropServices.JavaScript.Tests.JSImportTest.PrototypeNotEqual" type="System.Runtime.InteropServices.JavaScript.Tests.JSImportTest" method="PrototypeNotEqual" time="0.0024948" result="Pass" />
      <test name="System.Runtime.InteropServices.JavaScript.Tests.JSImportTest.JsImportVoidTaskComplete" type="System.Runtime.InteropServices.JavaScript.Tests.JSImportTest" method="JsImportVoidTaskComplete" time="0.156635" result="Pass" />
      <test name="System.Runtime.InteropServices.JavaScript.Tests.JSImportTest.JsImportEcho_ActionIntActionInt" type="System.Runtime.InteropServices.JavaScript.Tests.JSImportTest" method="JsImportEcho_ActionIntActionInt" time="0.0057949" result="Pass" />
      <test name="System.Runtime.InteropServices.JavaScript.Tests.JSImportTest.JsImportSpanOfByte" type="System.Runtime.InteropServices.JavaScript.Tests.JSImportTest" method="JsImportSpanOfByte" time="0.004855" result="Pass" />
      <test name="System.Runtime.InteropServices.JavaScript.Tests.JSImportTest.JsImportNullableBoolean(value: null)" type="System.Runtime.InteropServices.JavaScript.Tests.JSImportTest" method="JsImportNullableBoolean" time="0.0457248" result="Pass" />
      <test name="System.Runtime.InteropServices.JavaScript.Tests.JSImportTest.JsImportNullableBoolean(value: True)" type="System.Runtime.InteropServices.JavaScript.Tests.JSImportTest" method="JsImportNullableBoolean" time="0.0297199" result="Pass" />
      <test name="System.Runtime.InteropServices.JavaScript.Tests.JSImportTest.JsImportNullableBoolean(value: False)" type="System.Runtime.InteropServices.JavaScript.Tests.JSImportTest" method="JsImportNullableBoolean" time="0.021615" result="Pass" />
      <test name="System.Runtime.InteropServices.JavaScript.Tests.JSImportTest.CreateFunctionInternal" type="System.Runtime.InteropServices.JavaScript.Tests.JSImportTest" method="CreateFunctionInternal" time="0.0049049" result="Pass" />
      <test name="System.Runtime.InteropServices.JavaScript.Tests.JSImportTest.JsImportTaskEchoComplete" type="System.Runtime.InteropServices.JavaScript.Tests.JSImportTest" method="JsImportTaskEchoComplete" time="0.108275" result="Pass" />
      <test name="System.Runtime.InteropServices.JavaScript.Tests.JSImportTest.JsImportCallback_EchoActionThrows_MT" type="System.Runtime.InteropServices.JavaScript.Tests.JSImportTest" method="JsImportCallback_EchoActionThrows_MT" time="0" result="Skip">
        <reason><![CDATA[Condition(s) not met: \"IsWasmThreadingSupported\"]]></reason>
      </test>
      <test name="System.Runtime.InteropServices.JavaScript.Tests.JSImportTest.JsImportTaskAwaitPendingException" type="System.Runtime.InteropServices.JavaScript.Tests.JSImportTest" method="JsImportTaskAwaitPendingException" time="0.113535" result="Pass" />
      <test name="System.Runtime.InteropServices.JavaScript.Tests.JSImportTest.JsImportInt32DiscardNoWait(value: 42)" type="System.Runtime.InteropServices.JavaScript.Tests.JSImportTest" method="JsImportInt32DiscardNoWait" time="0.01406" result="Pass" />
      <test name="System.Runtime.InteropServices.JavaScript.Tests.JSImportTest.JsImportInt32DiscardNoWait(value: 0)" type="System.Runtime.InteropServices.JavaScript.Tests.JSImportTest" method="JsImportInt32DiscardNoWait" time="0.0110049" result="Pass" />
      <test name="System.Runtime.InteropServices.JavaScript.Tests.JSImportTest.JsImportInt32DiscardNoWait(value: 1)" type="System.Runtime.InteropServices.JavaScript.Tests.JSImportTest" method="JsImportInt32DiscardNoWait" time="0.009415" result="Pass" />
      <test name="System.Runtime.InteropServices.JavaScript.Tests.JSImportTest.JsImportInt32DiscardNoWait(value: -1)" type="System.Runtime.InteropServices.JavaScript.Tests.JSImportTest" method="JsImportInt32DiscardNoWait" time="0.0095249" result="Pass" />
      <test name="System.Runtime.InteropServices.JavaScript.Tests.JSImportTest.JsImportInt32DiscardNoWait(value: 2147483647)" type="System.Runtime.InteropServices.JavaScript.Tests.JSImportTest" method="JsImportInt32DiscardNoWait" time="0.0093999" result="Pass" />
      <test name="System.Runtime.InteropServices.JavaScript.Tests.JSImportTest.JsImportInt32DiscardNoWait(value: -2147483648)" type="System.Runtime.InteropServices.JavaScript.Tests.JSImportTest" method="JsImportInt32DiscardNoWait" time="0.00938" result="Pass" />
      <test name="System.Runtime.InteropServices.JavaScript.Tests.JSImportTest.Int32ArrayWithOutOfRangeValues" type="System.Runtime.InteropServices.JavaScript.Tests.JSImportTest" method="Int32ArrayWithOutOfRangeValues" time="0.0046698" result="Pass" />
      <test name="System.Runtime.InteropServices.JavaScript.Tests.JSImportTest.JsImportSingle(value: 3.14159274)" type="System.Runtime.InteropServices.JavaScript.Tests.JSImportTest" method="JsImportSingle" time="0.053275" result="Pass" />
      <test name="System.Runtime.InteropServices.JavaScript.Tests.JSImportTest.JsImportSingle(value: 0)" type="System.Runtime.InteropServices.JavaScript.Tests.JSImportTest" method="JsImportSingle" time="0.0229349" result="Pass" />
      <test name="System.Runtime.InteropServices.JavaScript.Tests.JSImportTest.JsImportSingle(value: 3.40282347E+38)" type="System.Runtime.InteropServices.JavaScript.Tests.JSImportTest" method="JsImportSingle" time="0.0203849" result="Pass" />
      <test name="System.Runtime.InteropServices.JavaScript.Tests.JSImportTest.JsImportSingle(value: -3.40282347E+38)" type="System.Runtime.InteropServices.JavaScript.Tests.JSImportTest" method="JsImportSingle" time="0.020235" result="Pass" />
      <test name="System.Runtime.InteropServices.JavaScript.Tests.JSImportTest.JsImportSingle(value: -∞)" type="System.Runtime.InteropServices.JavaScript.Tests.JSImportTest" method="JsImportSingle" time="0.02082" result="Pass" />
      <test name="System.Runtime.InteropServices.JavaScript.Tests.JSImportTest.JsImportSingle(value: ∞)" type="System.Runtime.InteropServices.JavaScript.Tests.JSImportTest" method="JsImportSingle" time="0.0207398" result="Pass" />
      <test name="System.Runtime.InteropServices.JavaScript.Tests.JSImportTest.JsImportSingle(value: NaN)" type="System.Runtime.InteropServices.JavaScript.Tests.JSImportTest" method="JsImportSingle" time="0.020995" result="Pass" />
      <test name="System.Runtime.InteropServices.JavaScript.Tests.JSImportTest.JsImportThenVoid" type="System.Runtime.InteropServices.JavaScript.Tests.JSImportTest" method="JsImportThenVoid" time="0.022875" result="Pass" />
      <test name="System.Runtime.InteropServices.JavaScript.Tests.JSImportTest.JsImportCallback_EchoAction" type="System.Runtime.InteropServices.JavaScript.Tests.JSImportTest" method="JsImportCallback_EchoAction" time="0.0042249" result="Pass" />
      <test name="System.Runtime.InteropServices.JavaScript.Tests.JSImportTest.ProxyOfIntThrows" type="System.Runtime.InteropServices.JavaScript.Tests.JSImportTest" method="ProxyOfIntThrows" time="0.002325" result="Pass" />
      <test name="System.Runtime.InteropServices.JavaScript.Tests.JSImportTest.CreateFunctionDouble" type="System.Runtime.InteropServices.JavaScript.Tests.JSImportTest" method="CreateFunctionDouble" time="0.0020649" result="Pass" />
      <test name="System.Runtime.InteropServices.JavaScript.Tests.JSImportTest.JsImportObjectArrayTaskObject" type="System.Runtime.InteropServices.JavaScript.Tests.JSImportTest" method="JsImportObjectArrayTaskObject" time="0.10999" result="Pass" />
      <test name="System.Runtime.InteropServices.JavaScript.Tests.JSImportTest.JsImportInt52(value: -1)" type="System.Runtime.InteropServices.JavaScript.Tests.JSImportTest" method="JsImportInt52" time="0.0348649" result="Pass" />
      <test name="System.Runtime.InteropServices.JavaScript.Tests.JSImportTest.JsImportInt52(value: 42)" type="System.Runtime.InteropServices.JavaScript.Tests.JSImportTest" method="JsImportInt52" time="0.022645" result="Pass" />
      <test name="System.Runtime.InteropServices.JavaScript.Tests.JSImportTest.JsImportInt52(value: 0)" type="System.Runtime.InteropServices.JavaScript.Tests.JSImportTest" method="JsImportInt52" time="0.0204799" result="Pass" />
      <test name="System.Runtime.InteropServices.JavaScript.Tests.JSImportTest.JsImportInt52(value: 1)" type="System.Runtime.InteropServices.JavaScript.Tests.JSImportTest" method="JsImportInt52" time="0.0206749" result="Pass" />
      <test name="System.Runtime.InteropServices.JavaScript.Tests.JSImportTest.JsImportInt52(value: 9007199254740991)" type="System.Runtime.InteropServices.JavaScript.Tests.JSImportTest" method="JsImportInt52" time="0.0207449" result="Pass" />
      <test name="System.Runtime.InteropServices.JavaScript.Tests.JSImportTest.JsImportInt52(value: -9007199254740991)" type="System.Runtime.InteropServices.JavaScript.Tests.JSImportTest" method="JsImportInt52" time="0.02037" result="Pass" />
      <test name="System.Runtime.InteropServices.JavaScript.Tests.JSImportTest.BadCast" type="System.Runtime.InteropServices.JavaScript.Tests.JSImportTest" method="BadCast" time="0.014325" result="Pass" />
      <test name="System.Runtime.InteropServices.JavaScript.Tests.JSImportTest.JsImportNullableInt32(value: null)" type="System.Runtime.InteropServices.JavaScript.Tests.JSImportTest" method="JsImportNullableInt32" time="0.03961" result="Pass" />
      <test name="System.Runtime.InteropServices.JavaScript.Tests.JSImportTest.JsImportNullableInt32(value: 42)" type="System.Runtime.InteropServices.JavaScript.Tests.JSImportTest" method="JsImportNullableInt32" time="0.02814" result="Pass" />
      <test name="System.Runtime.InteropServices.JavaScript.Tests.JSImportTest.JsImportNullableInt32(value: 0)" type="System.Runtime.InteropServices.JavaScript.Tests.JSImportTest" method="JsImportNullableInt32" time="0.02135" result="Pass" />
      <test name="System.Runtime.InteropServices.JavaScript.Tests.JSImportTest.JsImportNullableInt32(value: 1)" type="System.Runtime.InteropServices.JavaScript.Tests.JSImportTest" method="JsImportNullableInt32" time="0.0209149" result="Pass" />
      <test name="System.Runtime.InteropServices.JavaScript.Tests.JSImportTest.JsImportNullableInt32(value: -1)" type="System.Runtime.InteropServices.JavaScript.Tests.JSImportTest" method="JsImportNullableInt32" time="0.02082" result="Pass" />
      <test name="System.Runtime.InteropServices.JavaScript.Tests.JSImportTest.JsImportNullableInt32(value: 2147483647)" type="System.Runtime.InteropServices.JavaScript.Tests.JSImportTest" method="JsImportNullableInt32" time="0.020855" result="Pass" />
      <test name="System.Runtime.InteropServices.JavaScript.Tests.JSImportTest.JsImportNullableInt32(value: -2147483648)" type="System.Runtime.InteropServices.JavaScript.Tests.JSImportTest" method="JsImportNullableInt32" time="0.02064" result="Pass" />
      <test name="System.Runtime.InteropServices.JavaScript.Tests.JSImportTest.JsImportNullableBigInt64(value: null)" type="System.Runtime.InteropServices.JavaScript.Tests.JSImportTest" method="JsImportNullableBigInt64" time="0.043455" result="Pass" />
      <test name="System.Runtime.InteropServices.JavaScript.Tests.JSImportTest.JsImportNullableBigInt64(value: 42)" type="System.Runtime.InteropServices.JavaScript.Tests.JSImportTest" method="JsImportNullableBigInt64" time="0.02602" result="Pass" />
      <test name="System.Runtime.InteropServices.JavaScript.Tests.JSImportTest.JsImportNullableBigInt64(value: 0)" type="System.Runtime.InteropServices.JavaScript.Tests.JSImportTest" method="JsImportNullableBigInt64" time="0.020855" result="Pass" />
      <test name="System.Runtime.InteropServices.JavaScript.Tests.JSImportTest.JsImportNullableBigInt64(value: 1)" type="System.Runtime.InteropServices.JavaScript.Tests.JSImportTest" method="JsImportNullableBigInt64" time="0.020635" result="Pass" />
      <test name="System.Runtime.InteropServices.JavaScript.Tests.JSImportTest.JsImportNullableBigInt64(value: -1)" type="System.Runtime.InteropServices.JavaScript.Tests.JSImportTest" method="JsImportNullableBigInt64" time="0.0206599" result="Pass" />
      <test name="System.Runtime.InteropServices.JavaScript.Tests.JSImportTest.JsImportNullableBigInt64(value: 9007199254740991)" type="System.Runtime.InteropServices.JavaScript.Tests.JSImportTest" method="JsImportNullableBigInt64" time="0.0206749" result="Pass" />
      <test name="System.Runtime.InteropServices.JavaScript.Tests.JSImportTest.JsImportNullableBigInt64(value: -9007199254740991)" type="System.Runtime.InteropServices.JavaScript.Tests.JSImportTest" method="JsImportNullableBigInt64" time="0.0207" result="Pass" />
      <test name="System.Runtime.InteropServices.JavaScript.Tests.JSImportTest.JsImportNullableBigInt64(value: 9223372036854775807)" type="System.Runtime.InteropServices.JavaScript.Tests.JSImportTest" method="JsImportNullableBigInt64" time="0.021235" result="Pass" />
      <test name="System.Runtime.InteropServices.JavaScript.Tests.JSImportTest.JsImportNullableBigInt64(value: -9223372036854775808)" type="System.Runtime.InteropServices.JavaScript.Tests.JSImportTest" method="JsImportNullableBigInt64" time="0.023415" result="Pass" />
      <test name="System.Runtime.InteropServices.JavaScript.Tests.JSImportTest.JsImportCallback_ActionIntInt" type="System.Runtime.InteropServices.JavaScript.Tests.JSImportTest" method="JsImportCallback_ActionIntInt" time="0.0061799" result="Pass" />
      <test name="System.Runtime.InteropServices.JavaScript.Tests.JSImportTest.JsImportCallback_ActionLongLong" type="System.Runtime.InteropServices.JavaScript.Tests.JSImportTest" method="JsImportCallback_ActionLongLong" time="0.0048049" result="Pass" />
      <test name="System.Runtime.InteropServices.JavaScript.Tests.JSImportTest.JsImportMath" type="System.Runtime.InteropServices.JavaScript.Tests.JSImportTest" method="JsImportMath" time="0.003" result="Pass" />
      <test name="System.Runtime.InteropServices.JavaScript.Tests.JSImportTest.OutOfRange" type="System.Runtime.InteropServices.JavaScript.Tests.JSImportTest" method="OutOfRange" time="0.002755" result="Pass" />
      <test name="System.Runtime.InteropServices.JavaScript.Tests.JSImportTest.JsImportTaskEchoPendingException" type="System.Runtime.InteropServices.JavaScript.Tests.JSImportTest" method="JsImportTaskEchoPendingException" time="0.112965" result="Pass" />
      <test name="System.Runtime.InteropServices.JavaScript.Tests.JSImportTest.JsImportTaskAwait" type="System.Runtime.InteropServices.JavaScript.Tests.JSImportTest" method="JsImportTaskAwait" time="0.109145" result="Pass" />
      <test name="System.Runtime.InteropServices.JavaScript.Tests.JSImportTest.JsImportResolvedPromiseReturnsCompletedTask" type="System.Runtime.InteropServices.JavaScript.Tests.JSImportTest" method="JsImportResolvedPromiseReturnsCompletedTask" time="0.00481" result="Pass" />
      <test name="System.Runtime.InteropServices.JavaScript.Tests.JSImportTest.JsImportCallback_ActionIntLong" type="System.Runtime.InteropServices.JavaScript.Tests.JSImportTest" method="JsImportCallback_ActionIntLong" time="0.0048599" result="Pass" />
      <test name="System.Runtime.InteropServices.JavaScript.Tests.JSImportTest.JsImportObjectArrayTask" type="System.Runtime.InteropServices.JavaScript.Tests.JSImportTest" method="JsImportObjectArrayTask" time="0.22243" result="Pass" />
      <test name="System.Runtime.InteropServices.JavaScript.Tests.JSImportTest.TaskOfByteOutOfRange_ThrowsAssertionInTaskContinuation" type="System.Runtime.InteropServices.JavaScript.Tests.JSImportTest" method="TaskOfByteOutOfRange_ThrowsAssertionInTaskContinuation" time="0.01274" result="Pass" />
    </collection>
    <collection total="159" passed="159" failed="0" skipped="0" name="Test collection for System.Runtime.InteropServices.JavaScript.Tests.JSExportTest" time="0.697">
      <test name="System.Runtime.InteropServices.JavaScript.Tests.JSExportTest.JsExportBoolean(value: True)" type="System.Runtime.InteropServices.JavaScript.Tests.JSExportTest" method="JsExportBoolean" time="0.005195" result="Pass" />
      <test name="System.Runtime.InteropServices.JavaScript.Tests.JSExportTest.JsExportBoolean(value: False)" type="System.Runtime.InteropServices.JavaScript.Tests.JSExportTest" method="JsExportBoolean" time="0.00393" result="Pass" />
      <test name="System.Runtime.InteropServices.JavaScript.Tests.JSExportTest.JsExportBigInt64(value: -1)" type="System.Runtime.InteropServices.JavaScript.Tests.JSExportTest" method="JsExportBigInt64" time="0.004315" result="Pass" />
      <test name="System.Runtime.InteropServices.JavaScript.Tests.JSExportTest.JsExportBigInt64(value: 42)" type="System.Runtime.InteropServices.JavaScript.Tests.JSExportTest" method="JsExportBigInt64" time="0.0037549" result="Pass" />
      <test name="System.Runtime.InteropServices.JavaScript.Tests.JSExportTest.JsExportBigInt64(value: 0)" type="System.Runtime.InteropServices.JavaScript.Tests.JSExportTest" method="JsExportBigInt64" time="0.00081" result="Pass" />
      <test name="System.Runtime.InteropServices.JavaScript.Tests.JSExportTest.JsExportBigInt64(value: 1)" type="System.Runtime.InteropServices.JavaScript.Tests.JSExportTest" method="JsExportBigInt64" time="0.000795" result="Pass" />
      <test name="System.Runtime.InteropServices.JavaScript.Tests.JSExportTest.JsExportBigInt64(value: 9007199254740991)" type="System.Runtime.InteropServices.JavaScript.Tests.JSExportTest" method="JsExportBigInt64" time="0.000665" result="Pass" />
      <test name="System.Runtime.InteropServices.JavaScript.Tests.JSExportTest.JsExportBigInt64(value: -9007199254740991)" type="System.Runtime.InteropServices.JavaScript.Tests.JSExportTest" method="JsExportBigInt64" time="0.0007999" result="Pass" />
      <test name="System.Runtime.InteropServices.JavaScript.Tests.JSExportTest.JsExportBigInt64(value: -9223372036854775808)" type="System.Runtime.InteropServices.JavaScript.Tests.JSExportTest" method="JsExportBigInt64" time="0.00073" result="Pass" />
      <test name="System.Runtime.InteropServices.JavaScript.Tests.JSExportTest.JsExportBigInt64(value: 9223372036854775807)" type="System.Runtime.InteropServices.JavaScript.Tests.JSExportTest" method="JsExportBigInt64" time="0.0007049" result="Pass" />
      <test name="System.Runtime.InteropServices.JavaScript.Tests.JSExportTest.JsExportStructClassRecords" type="System.Runtime.InteropServices.JavaScript.Tests.JSExportTest" method="JsExportStructClassRecords" time="0.04887" result="Pass" />
      <test name="System.Runtime.InteropServices.JavaScript.Tests.JSExportTest.JsExportInt32(value: 42)" type="System.Runtime.InteropServices.JavaScript.Tests.JSExportTest" method="JsExportInt32" time="0.0041049" result="Pass" />
      <test name="System.Runtime.InteropServices.JavaScript.Tests.JSExportTest.JsExportInt32(value: 0)" type="System.Runtime.InteropServices.JavaScript.Tests.JSExportTest" method="JsExportInt32" time="0.003705" result="Pass" />
      <test name="System.Runtime.InteropServices.JavaScript.Tests.JSExportTest.JsExportInt32(value: 1)" type="System.Runtime.InteropServices.JavaScript.Tests.JSExportTest" method="JsExportInt32" time="0.000735" result="Pass" />
      <test name="System.Runtime.InteropServices.JavaScript.Tests.JSExportTest.JsExportInt32(value: -1)" type="System.Runtime.InteropServices.JavaScript.Tests.JSExportTest" method="JsExportInt32" time="0.00072" result="Pass" />
      <test name="System.Runtime.InteropServices.JavaScript.Tests.JSExportTest.JsExportInt32(value: 2147483647)" type="System.Runtime.InteropServices.JavaScript.Tests.JSExportTest" method="JsExportInt32" time="0.000635" result="Pass" />
      <test name="System.Runtime.InteropServices.JavaScript.Tests.JSExportTest.JsExportInt32(value: -2147483648)" type="System.Runtime.InteropServices.JavaScript.Tests.JSExportTest" method="JsExportInt32" time="0.0006349" result="Pass" />
      <test name="System.Runtime.InteropServices.JavaScript.Tests.JSExportTest.JSExportCompletedTaskReturnsResolvedPromise" type="System.Runtime.InteropServices.JavaScript.Tests.JSExportTest" method="JSExportCompletedTaskReturnsResolvedPromise" time="0.0067349" result="Pass" />
      <test name="System.Runtime.InteropServices.JavaScript.Tests.JSExportTest.JsExportNullableBoolean(value: null)" type="System.Runtime.InteropServices.JavaScript.Tests.JSExportTest" method="JsExportNullableBoolean" time="0.0042999" result="Pass" />
      <test name="System.Runtime.InteropServices.JavaScript.Tests.JSExportTest.JsExportNullableBoolean(value: True)" type="System.Runtime.InteropServices.JavaScript.Tests.JSExportTest" method="JsExportNullableBoolean" time="0.00391" result="Pass" />
      <test name="System.Runtime.InteropServices.JavaScript.Tests.JSExportTest.JsExportNullableBoolean(value: False)" type="System.Runtime.InteropServices.JavaScript.Tests.JSExportTest" method="JsExportNullableBoolean" time="0.00088" result="Pass" />
      <test name="System.Runtime.InteropServices.JavaScript.Tests.JSExportTest.JsExportChar(value: '*')" type="System.Runtime.InteropServices.JavaScript.Tests.JSExportTest" method="JsExportChar" time="0.0041649" result="Pass" />
      <test name="System.Runtime.InteropServices.JavaScript.Tests.JSExportTest.JsExportChar(value: 0x0001)" type="System.Runtime.InteropServices.JavaScript.Tests.JSExportTest" method="JsExportChar" time="0.003795" result="Pass" />
      <test name="System.Runtime.InteropServices.JavaScript.Tests.JSExportTest.JsExportChar(value: 'Ž')" type="System.Runtime.InteropServices.JavaScript.Tests.JSExportTest" method="JsExportChar" time="0.0006849" result="Pass" />
      <test name="System.Runtime.InteropServices.JavaScript.Tests.JSExportTest.JsExportChar(value: '♡')" type="System.Runtime.InteropServices.JavaScript.Tests.JSExportTest" method="JsExportChar" time="0.0006699" result="Pass" />
      <test name="System.Runtime.InteropServices.JavaScript.Tests.JSExportTest.JsExportChar(value: 0xffff)" type="System.Runtime.InteropServices.JavaScript.Tests.JSExportTest" method="JsExportChar" time="0.000635" result="Pass" />
      <test name="System.Runtime.InteropServices.JavaScript.Tests.JSExportTest.JsExportChar(value: '\\0')" type="System.Runtime.InteropServices.JavaScript.Tests.JSExportTest" method="JsExportChar" time="0.0006199" result="Pass" />
      <test name="System.Runtime.InteropServices.JavaScript.Tests.JSExportTest.JsExportTaskOfDateTime_TaskReturnValue_OverflowNETDateTime" type="System.Runtime.InteropServices.JavaScript.Tests.JSExportTest" method="JsExportTaskOfDateTime_TaskReturnValue_OverflowNETDateTime" time="0.026795" result="Pass" />
      <test name="System.Runtime.InteropServices.JavaScript.Tests.JSExportTest.JsExportInt16(value: 42)" type="System.Runtime.InteropServices.JavaScript.Tests.JSExportTest" method="JsExportInt16" time="0.004065" result="Pass" />
      <test name="System.Runtime.InteropServices.JavaScript.Tests.JSExportTest.JsExportInt16(value: 0)" type="System.Runtime.InteropServices.JavaScript.Tests.JSExportTest" method="JsExportInt16" time="0.0037249" result="Pass" />
      <test name="System.Runtime.InteropServices.JavaScript.Tests.JSExportTest.JsExportInt16(value: 1)" type="System.Runtime.InteropServices.JavaScript.Tests.JSExportTest" method="JsExportInt16" time="0.00073" result="Pass" />
      <test name="System.Runtime.InteropServices.JavaScript.Tests.JSExportTest.JsExportInt16(value: -1)" type="System.Runtime.InteropServices.JavaScript.Tests.JSExportTest" method="JsExportInt16" time="0.000675" result="Pass" />
      <test name="System.Runtime.InteropServices.JavaScript.Tests.JSExportTest.JsExportInt16(value: 32767)" type="System.Runtime.InteropServices.JavaScript.Tests.JSExportTest" method="JsExportInt16" time="0.000635" result="Pass" />
      <test name="System.Runtime.InteropServices.JavaScript.Tests.JSExportTest.JsExportInt16(value: -32768)" type="System.Runtime.InteropServices.JavaScript.Tests.JSExportTest" method="JsExportInt16" time="0.00075" result="Pass" />
      <test name="System.Runtime.InteropServices.JavaScript.Tests.JSExportTest.JsExportDateTimeOffset(value: 1970-01-01T00:00:00.0000000+00:00)" type="System.Runtime.InteropServices.JavaScript.Tests.JSExportTest" method="JsExportDateTimeOffset" time="0.0043999" result="Pass" />
      <test name="System.Runtime.InteropServices.JavaScript.Tests.JSExportTest.JsExportDateTimeOffset(value: 2026-01-29T16:09:02.6590000+00:00)" type="System.Runtime.InteropServices.JavaScript.Tests.JSExportTest" method="JsExportDateTimeOffset" time="0.003705" result="Pass" />
      <test name="System.Runtime.InteropServices.JavaScript.Tests.JSExportTest.JsExportDateTimeOffset(value: 9999-12-31T23:59:59.9990000+00:00)" type="System.Runtime.InteropServices.JavaScript.Tests.JSExportTest" method="JsExportDateTimeOffset" time="0.00072" result="Pass" />
      <test name="System.Runtime.InteropServices.JavaScript.Tests.JSExportTest.JsExportDateTime_ReturnValue_OverflowNETDateTime" type="System.Runtime.InteropServices.JavaScript.Tests.JSExportTest" method="JsExportDateTime_ReturnValue_OverflowNETDateTime" time="0.0047099" result="Pass" />
      <test name="System.Runtime.InteropServices.JavaScript.Tests.JSExportTest.JsExportNullableDouble(value: null)" type="System.Runtime.InteropServices.JavaScript.Tests.JSExportTest" method="JsExportNullableDouble" time="0.00448" result="Pass" />
      <test name="System.Runtime.InteropServices.JavaScript.Tests.JSExportTest.JsExportNullableDouble(value: 3.1415926535897931)" type="System.Runtime.InteropServices.JavaScript.Tests.JSExportTest" method="JsExportNullableDouble" time="0.003995" result="Pass" />
      <test name="System.Runtime.InteropServices.JavaScript.Tests.JSExportTest.JsExportNullableDouble(value: 0)" type="System.Runtime.InteropServices.JavaScript.Tests.JSExportTest" method="JsExportNullableDouble" time="0.000915" result="Pass" />
      <test name="System.Runtime.InteropServices.JavaScript.Tests.JSExportTest.JsExportNullableDouble(value: 1.7976931348623157E+308)" type="System.Runtime.InteropServices.JavaScript.Tests.JSExportTest" method="JsExportNullableDouble" time="0.00098" result="Pass" />
      <test name="System.Runtime.InteropServices.JavaScript.Tests.JSExportTest.JsExportNullableDouble(value: -1.7976931348623157E+308)" type="System.Runtime.InteropServices.JavaScript.Tests.JSExportTest" method="JsExportNullableDouble" time="0.00104" result="Pass" />
      <test name="System.Runtime.InteropServices.JavaScript.Tests.JSExportTest.JsExportNullableDouble(value: -∞)" type="System.Runtime.InteropServices.JavaScript.Tests.JSExportTest" method="JsExportNullableDouble" time="0.000925" result="Pass" />
      <test name="System.Runtime.InteropServices.JavaScript.Tests.JSExportTest.JsExportNullableDouble(value: ∞)" type="System.Runtime.InteropServices.JavaScript.Tests.JSExportTest" method="JsExportNullableDouble" time="0.00093" result="Pass" />
      <test name="System.Runtime.InteropServices.JavaScript.Tests.JSExportTest.JsExportNullableDouble(value: NaN)" type="System.Runtime.InteropServices.JavaScript.Tests.JSExportTest" method="JsExportNullableDouble" time="0.00094" result="Pass" />
      <test name="System.Runtime.InteropServices.JavaScript.Tests.JSExportTest.JsExportException(value: System.Exception: Test, clazz: \&quot;ManagedError\&quot;)" type="System.Runtime.InteropServices.JavaScript.Tests.JSExportTest" method="JsExportException" time="0.004325" result="Pass" />
      <test name="System.Runtime.InteropServices.JavaScript.Tests.JSExportTest.JsExportException(value: null, clazz: \&quot;JSTestError\&quot;)" type="System.Runtime.InteropServices.JavaScript.Tests.JSExportTest" method="JsExportException" time="0.00407" result="Pass" />
      <test name="System.Runtime.InteropServices.JavaScript.Tests.JSExportTest.JsExportException(value: null, clazz: null)" type="System.Runtime.InteropServices.JavaScript.Tests.JSExportTest" method="JsExportException" time="0.00059" result="Pass" />
      <test name="System.Runtime.InteropServices.JavaScript.Tests.JSExportTest.JsExportInt52(value: -1)" type="System.Runtime.InteropServices.JavaScript.Tests.JSExportTest" method="JsExportInt52" time="0.00299" result="Pass" />
      <test name="System.Runtime.InteropServices.JavaScript.Tests.JSExportTest.JsExportInt52(value: 42)" type="System.Runtime.InteropServices.JavaScript.Tests.JSExportTest" method="JsExportInt52" time="0.00381" result="Pass" />
      <test name="System.Runtime.InteropServices.JavaScript.Tests.JSExportTest.JsExportInt52(value: 0)" type="System.Runtime.InteropServices.JavaScript.Tests.JSExportTest" method="JsExportInt52" time="0.00076" result="Pass" />
      <test name="System.Runtime.InteropServices.JavaScript.Tests.JSExportTest.JsExportInt52(value: 1)" type="System.Runtime.InteropServices.JavaScript.Tests.JSExportTest" method="JsExportInt52" time="0.000815" result="Pass" />
      <test name="System.Runtime.InteropServices.JavaScript.Tests.JSExportTest.JsExportInt52(value: 9007199254740991)" type="System.Runtime.InteropServices.JavaScript.Tests.JSExportTest" method="JsExportInt52" time="0.000825" result="Pass" />
      <test name="System.Runtime.InteropServices.JavaScript.Tests.JSExportTest.JsExportInt52(value: -9007199254740991)" type="System.Runtime.InteropServices.JavaScript.Tests.JSExportTest" method="JsExportInt52" time="0.000905" result="Pass" />
      <test name="System.Runtime.InteropServices.JavaScript.Tests.JSExportTest.JsExportCallback_FunctionIntIntThrow" type="System.Runtime.InteropServices.JavaScript.Tests.JSExportTest" method="JsExportCallback_FunctionIntIntThrow" time="0.009105" result="Pass" />
      <test name="System.Runtime.InteropServices.JavaScript.Tests.JSExportTest.JsExportIJSObject(value: null, clazz: \&quot;JSData\&quot;)" type="System.Runtime.InteropServices.JavaScript.Tests.JSExportTest" method="JsExportIJSObject" time="0.0033849" result="Pass" />
      <test name="System.Runtime.InteropServices.JavaScript.Tests.JSExportTest.JsExportIJSObject(value: null, clazz: null)" type="System.Runtime.InteropServices.JavaScript.Tests.JSExportTest" method="JsExportIJSObject" time="0.0036" result="Pass" />
      <test name="System.Runtime.InteropServices.JavaScript.Tests.JSExportTest.JsExportNullableBigInt64(value: null)" type="System.Runtime.InteropServices.JavaScript.Tests.JSExportTest" method="JsExportNullableBigInt64" time="0.004285" result="Pass" />
      <test name="System.Runtime.InteropServices.JavaScript.Tests.JSExportTest.JsExportNullableBigInt64(value: 42)" type="System.Runtime.InteropServices.JavaScript.Tests.JSExportTest" method="JsExportNullableBigInt64" time="0.00397" result="Pass" />
      <test name="System.Runtime.InteropServices.JavaScript.Tests.JSExportTest.JsExportNullableBigInt64(value: 0)" type="System.Runtime.InteropServices.JavaScript.Tests.JSExportTest" method="JsExportNullableBigInt64" time="0.0009049" result="Pass" />
      <test name="System.Runtime.InteropServices.JavaScript.Tests.JSExportTest.JsExportNullableBigInt64(value: 1)" type="System.Runtime.InteropServices.JavaScript.Tests.JSExportTest" method="JsExportNullableBigInt64" time="0.000905" result="Pass" />
      <test name="System.Runtime.InteropServices.JavaScript.Tests.JSExportTest.JsExportNullableBigInt64(value: -1)" type="System.Runtime.InteropServices.JavaScript.Tests.JSExportTest" method="JsExportNullableBigInt64" time="0.0009" result="Pass" />
      <test name="System.Runtime.InteropServices.JavaScript.Tests.JSExportTest.JsExportNullableBigInt64(value: 9007199254740991)" type="System.Runtime.InteropServices.JavaScript.Tests.JSExportTest" method="JsExportNullableBigInt64" time="0.000905" result="Pass" />
      <test name="System.Runtime.InteropServices.JavaScript.Tests.JSExportTest.JsExportNullableBigInt64(value: -9007199254740991)" type="System.Runtime.InteropServices.JavaScript.Tests.JSExportTest" method="JsExportNullableBigInt64" time="0.0008899" result="Pass" />
      <test name="System.Runtime.InteropServices.JavaScript.Tests.JSExportTest.JsExportNullableBigInt64(value: 9223372036854775807)" type="System.Runtime.InteropServices.JavaScript.Tests.JSExportTest" method="JsExportNullableBigInt64" time="0.00093" result="Pass" />
      <test name="System.Runtime.InteropServices.JavaScript.Tests.JSExportTest.JsExportNullableBigInt64(value: -9223372036854775808)" type="System.Runtime.InteropServices.JavaScript.Tests.JSExportTest" method="JsExportNullableBigInt64" time="0.0010749" result="Pass" />
      <test name="System.Runtime.InteropServices.JavaScript.Tests.JSExportTest.JsExportCatchToString" type="System.Runtime.InteropServices.JavaScript.Tests.JSExportTest" method="JsExportCatchToString" time="0.004315" result="Pass" />
      <test name="System.Runtime.InteropServices.JavaScript.Tests.JSExportTest.JsExportDouble(value: 3.1415926535897931)" type="System.Runtime.InteropServices.JavaScript.Tests.JSExportTest" method="JsExportDouble" time="0.0042299" result="Pass" />
      <test name="System.Runtime.InteropServices.JavaScript.Tests.JSExportTest.JsExportDouble(value: 0)" type="System.Runtime.InteropServices.JavaScript.Tests.JSExportTest" method="JsExportDouble" time="0.003795" result="Pass" />
      <test name="System.Runtime.InteropServices.JavaScript.Tests.JSExportTest.JsExportDouble(value: 1.7976931348623157E+308)" type="System.Runtime.InteropServices.JavaScript.Tests.JSExportTest" method="JsExportDouble" time="0.00069" result="Pass" />
      <test name="System.Runtime.InteropServices.JavaScript.Tests.JSExportTest.JsExportDouble(value: -1.7976931348623157E+308)" type="System.Runtime.InteropServices.JavaScript.Tests.JSExportTest" method="JsExportDouble" time="0.0006949" result="Pass" />
      <test name="System.Runtime.InteropServices.JavaScript.Tests.JSExportTest.JsExportDouble(value: -∞)" type="System.Runtime.InteropServices.JavaScript.Tests.JSExportTest" method="JsExportDouble" time="0.00077" result="Pass" />
      <test name="System.Runtime.InteropServices.JavaScript.Tests.JSExportTest.JsExportDouble(value: ∞)" type="System.Runtime.InteropServices.JavaScript.Tests.JSExportTest" method="JsExportDouble" time="0.00067" result="Pass" />
      <test name="System.Runtime.InteropServices.JavaScript.Tests.JSExportTest.JsExportDouble(value: NaN)" type="System.Runtime.InteropServices.JavaScript.Tests.JSExportTest" method="JsExportDouble" time="0.00071" result="Pass" />
      <test name="System.Runtime.InteropServices.JavaScript.Tests.JSExportTest.InternalsVisibleToDoesntBreak" type="System.Runtime.InteropServices.JavaScript.Tests.JSExportTest" method="InternalsVisibleToDoesntBreak" time="0.014345" result="Pass" />
      <test name="System.Runtime.InteropServices.JavaScript.Tests.JSExportTest.JsExportCallback_FunctionLongLong_OverflowInt52_JSSide" type="System.Runtime.InteropServices.JavaScript.Tests.JSExportTest" method="JsExportCallback_FunctionLongLong_OverflowInt52_JSSide" time="0.0063148" result="Pass" />
      <test name="System.Runtime.InteropServices.JavaScript.Tests.JSExportTest.JsExportTaskOfBigLong(value: -1)" type="System.Runtime.InteropServices.JavaScript.Tests.JSExportTest" method="JsExportTaskOfBigLong" time="0.032775" result="Pass" />
      <test name="System.Runtime.InteropServices.JavaScript.Tests.JSExportTest.JsExportTaskOfBigLong(value: 42)" type="System.Runtime.InteropServices.JavaScript.Tests.JSExportTest" method="JsExportTaskOfBigLong" time="0.01021" result="Pass" />
      <test name="System.Runtime.InteropServices.JavaScript.Tests.JSExportTest.JsExportTaskOfBigLong(value: 0)" type="System.Runtime.InteropServices.JavaScript.Tests.JSExportTest" method="JsExportTaskOfBigLong" time="0.0086949" result="Pass" />
      <test name="System.Runtime.InteropServices.JavaScript.Tests.JSExportTest.JsExportTaskOfBigLong(value: 1)" type="System.Runtime.InteropServices.JavaScript.Tests.JSExportTest" method="JsExportTaskOfBigLong" time="0.00869" result="Pass" />
      <test name="System.Runtime.InteropServices.JavaScript.Tests.JSExportTest.JsExportTaskOfBigLong(value: 9007199254740991)" type="System.Runtime.InteropServices.JavaScript.Tests.JSExportTest" method="JsExportTaskOfBigLong" time="0.008795" result="Pass" />
      <test name="System.Runtime.InteropServices.JavaScript.Tests.JSExportTest.JsExportTaskOfBigLong(value: -9007199254740991)" type="System.Runtime.InteropServices.JavaScript.Tests.JSExportTest" method="JsExportTaskOfBigLong" time="0.008645" result="Pass" />
      <test name="System.Runtime.InteropServices.JavaScript.Tests.JSExportTest.JsExportTaskOfBigLong(value: -9223372036854775808)" type="System.Runtime.InteropServices.JavaScript.Tests.JSExportTest" method="JsExportTaskOfBigLong" time="0.00859" result="Pass" />
      <test name="System.Runtime.InteropServices.JavaScript.Tests.JSExportTest.JsExportTaskOfBigLong(value: 9223372036854775807)" type="System.Runtime.InteropServices.JavaScript.Tests.JSExportTest" method="JsExportTaskOfBigLong" time="0.008665" result="Pass" />
      <test name="System.Runtime.InteropServices.JavaScript.Tests.JSExportTest.JsExportTaskOfShortOutOfRange_ThrowsAssertionInTaskContinuation" type="System.Runtime.InteropServices.JavaScript.Tests.JSExportTest" method="JsExportTaskOfShortOutOfRange_ThrowsAssertionInTaskContinuation" time="0.02856" result="Pass" />
      <test name="System.Runtime.InteropServices.JavaScript.Tests.JSExportTest.JsExportDateTime(value: 1970-01-01T00:00:00.0000000Z)" type="System.Runtime.InteropServices.JavaScript.Tests.JSExportTest" method="JsExportDateTime" time="0.00408" result="Pass" />
      <test name="System.Runtime.InteropServices.JavaScript.Tests.JSExportTest.JsExportDateTime(value: 2026-01-29T16:09:03.9560000Z)" type="System.Runtime.InteropServices.JavaScript.Tests.JSExportTest" method="JsExportDateTime" time="0.00381" result="Pass" />
      <test name="System.Runtime.InteropServices.JavaScript.Tests.JSExportTest.JsExportDateTime(value: 9999-12-31T23:59:59.9990000Z)" type="System.Runtime.InteropServices.JavaScript.Tests.JSExportTest" method="JsExportDateTime" time="0.00071" result="Pass" />
      <test name="System.Runtime.InteropServices.JavaScript.Tests.JSExportTest.JsExportObject(value: Object { }, clazz: \&quot;ManagedObject\&quot;)" type="System.Runtime.InteropServices.JavaScript.Tests.JSExportTest" method="JsExportObject" time="0.003485" result="Pass" />
      <test name="System.Runtime.InteropServices.JavaScript.Tests.JSExportTest.JsExportObject(value: null, clazz: null)" type="System.Runtime.InteropServices.JavaScript.Tests.JSExportTest" method="JsExportObject" time="0.003495" result="Pass" />
      <test name="System.Runtime.InteropServices.JavaScript.Tests.JSExportTest.JsExportIntPtr(value: 42)" type="System.Runtime.InteropServices.JavaScript.Tests.JSExportTest" method="JsExportIntPtr" time="0.00422" result="Pass" />
      <test name="System.Runtime.InteropServices.JavaScript.Tests.JSExportTest.JsExportIntPtr(value: 0)" type="System.Runtime.InteropServices.JavaScript.Tests.JSExportTest" method="JsExportIntPtr" time="0.0040399" result="Pass" />
      <test name="System.Runtime.InteropServices.JavaScript.Tests.JSExportTest.JsExportIntPtr(value: 1)" type="System.Runtime.InteropServices.JavaScript.Tests.JSExportTest" method="JsExportIntPtr" time="0.00073" result="Pass" />
      <test name="System.Runtime.InteropServices.JavaScript.Tests.JSExportTest.JsExportIntPtr(value: -1)" type="System.Runtime.InteropServices.JavaScript.Tests.JSExportTest" method="JsExportIntPtr" time="0.00071" result="Pass" />
      <test name="System.Runtime.InteropServices.JavaScript.Tests.JSExportTest.JsExportIntPtr(value: 2147483647)" type="System.Runtime.InteropServices.JavaScript.Tests.JSExportTest" method="JsExportIntPtr" time="0.000685" result="Pass" />
      <test name="System.Runtime.InteropServices.JavaScript.Tests.JSExportTest.JsExportIntPtr(value: -2147483648)" type="System.Runtime.InteropServices.JavaScript.Tests.JSExportTest" method="JsExportIntPtr" time="0.000645" result="Pass" />
      <test name="System.Runtime.InteropServices.JavaScript.Tests.JSExportTest.JsExportTaskOfLong_TaskReturnValue_OverflowInt52" type="System.Runtime.InteropServices.JavaScript.Tests.JSExportTest" method="JsExportTaskOfLong_TaskReturnValue_OverflowInt52" time="0.0134" result="Pass" />
      <test name="System.Runtime.InteropServices.JavaScript.Tests.JSExportTest.JsExportCompletedTaskOfBigLong(value: -1)" type="System.Runtime.InteropServices.JavaScript.Tests.JSExportTest" method="JsExportCompletedTaskOfBigLong" time="0.010715" result="Pass" />
      <test name="System.Runtime.InteropServices.JavaScript.Tests.JSExportTest.JsExportCompletedTaskOfBigLong(value: 42)" type="System.Runtime.InteropServices.JavaScript.Tests.JSExportTest" method="JsExportCompletedTaskOfBigLong" time="0.008595" result="Pass" />
      <test name="System.Runtime.InteropServices.JavaScript.Tests.JSExportTest.JsExportCompletedTaskOfBigLong(value: 0)" type="System.Runtime.InteropServices.JavaScript.Tests.JSExportTest" method="JsExportCompletedTaskOfBigLong" time="0.008765" result="Pass" />
      <test name="System.Runtime.InteropServices.JavaScript.Tests.JSExportTest.JsExportCompletedTaskOfBigLong(value: 1)" type="System.Runtime.InteropServices.JavaScript.Tests.JSExportTest" method="JsExportCompletedTaskOfBigLong" time="0.008665" result="Pass" />
      <test name="System.Runtime.InteropServices.JavaScript.Tests.JSExportTest.JsExportCompletedTaskOfBigLong(value: 9007199254740991)" type="System.Runtime.InteropServices.JavaScript.Tests.JSExportTest" method="JsExportCompletedTaskOfBigLong" time="0.0087648" result="Pass" />
      <test name="System.Runtime.InteropServices.JavaScript.Tests.JSExportTest.JsExportCompletedTaskOfBigLong(value: -9007199254740991)" type="System.Runtime.InteropServices.JavaScript.Tests.JSExportTest" method="JsExportCompletedTaskOfBigLong" time="0.008745" result="Pass" />
      <test name="System.Runtime.InteropServices.JavaScript.Tests.JSExportTest.JsExportCompletedTaskOfBigLong(value: -9223372036854775808)" type="System.Runtime.InteropServices.JavaScript.Tests.JSExportTest" method="JsExportCompletedTaskOfBigLong" time="0.00875" result="Pass" />
      <test name="System.Runtime.InteropServices.JavaScript.Tests.JSExportTest.JsExportCompletedTaskOfBigLong(value: 9223372036854775807)" type="System.Runtime.InteropServices.JavaScript.Tests.JSExportTest" method="JsExportCompletedTaskOfBigLong" time="0.008735" result="Pass" />
      <test name="System.Runtime.InteropServices.JavaScript.Tests.JSExportTest.JsExportFunctionDateTimeDateTime" type="System.Runtime.InteropServices.JavaScript.Tests.JSExportTest" method="JsExportFunctionDateTimeDateTime" time="0.005605" result="Pass" />
      <test name="System.Runtime.InteropServices.JavaScript.Tests.JSExportTest.JsExportFuncOfDateTime_Argument_OverflowNETDateTime" type="System.Runtime.InteropServices.JavaScript.Tests.JSExportTest" method="JsExportFuncOfDateTime_Argument_OverflowNETDateTime" time="0.003685" result="Pass" />
      <test name="System.Runtime.InteropServices.JavaScript.Tests.JSExportTest.JsExportNullableInt32(value: null)" type="System.Runtime.InteropServices.JavaScript.Tests.JSExportTest" method="JsExportNullableInt32" time="0.004325" result="Pass" />
      <test name="System.Runtime.InteropServices.JavaScript.Tests.JSExportTest.JsExportNullableInt32(value: 42)" type="System.Runtime.InteropServices.JavaScript.Tests.JSExportTest" method="JsExportNullableInt32" time="0.003875" result="Pass" />
      <test name="System.Runtime.InteropServices.JavaScript.Tests.JSExportTest.JsExportNullableInt32(value: 0)" type="System.Runtime.InteropServices.JavaScript.Tests.JSExportTest" method="JsExportNullableInt32" time="0.0008499" result="Pass" />
      <test name="System.Runtime.InteropServices.JavaScript.Tests.JSExportTest.JsExportNullableInt32(value: 1)" type="System.Runtime.InteropServices.JavaScript.Tests.JSExportTest" method="JsExportNullableInt32" time="0.0008449" result="Pass" />
      <test name="System.Runtime.InteropServices.JavaScript.Tests.JSExportTest.JsExportNullableInt32(value: -1)" type="System.Runtime.InteropServices.JavaScript.Tests.JSExportTest" method="JsExportNullableInt32" time="0.00093" result="Pass" />
      <test name="System.Runtime.InteropServices.JavaScript.Tests.JSExportTest.JsExportNullableInt32(value: 2147483647)" type="System.Runtime.InteropServices.JavaScript.Tests.JSExportTest" method="JsExportNullableInt32" time="0.000825" result="Pass" />
      <test name="System.Runtime.InteropServices.JavaScript.Tests.JSExportTest.JsExportNullableInt32(value: -2147483648)" type="System.Runtime.InteropServices.JavaScript.Tests.JSExportTest" method="JsExportNullableInt32" time="0.000925" result="Pass" />
      <test name="System.Runtime.InteropServices.JavaScript.Tests.JSExportTest.JsExportNullableIntPtr(value: null)" type="System.Runtime.InteropServices.JavaScript.Tests.JSExportTest" method="JsExportNullableIntPtr" time="0.0043399" result="Pass" />
      <test name="System.Runtime.InteropServices.JavaScript.Tests.JSExportTest.JsExportNullableIntPtr(value: 42)" type="System.Runtime.InteropServices.JavaScript.Tests.JSExportTest" method="JsExportNullableIntPtr" time="0.0039249" result="Pass" />
      <test name="System.Runtime.InteropServices.JavaScript.Tests.JSExportTest.JsExportNullableIntPtr(value: 0)" type="System.Runtime.InteropServices.JavaScript.Tests.JSExportTest" method="JsExportNullableIntPtr" time="0.00084" result="Pass" />
      <test name="System.Runtime.InteropServices.JavaScript.Tests.JSExportTest.JsExportNullableIntPtr(value: 1)" type="System.Runtime.InteropServices.JavaScript.Tests.JSExportTest" method="JsExportNullableIntPtr" time="0.0008249" result="Pass" />
      <test name="System.Runtime.InteropServices.JavaScript.Tests.JSExportTest.JsExportNullableIntPtr(value: -1)" type="System.Runtime.InteropServices.JavaScript.Tests.JSExportTest" method="JsExportNullableIntPtr" time="0.000805" result="Pass" />
      <test name="System.Runtime.InteropServices.JavaScript.Tests.JSExportTest.JsExportNullableIntPtr(value: 2147483647)" type="System.Runtime.InteropServices.JavaScript.Tests.JSExportTest" method="JsExportNullableIntPtr" time="0.00084" result="Pass" />
      <test name="System.Runtime.InteropServices.JavaScript.Tests.JSExportTest.JsExportNullableIntPtr(value: -2147483648)" type="System.Runtime.InteropServices.JavaScript.Tests.JSExportTest" method="JsExportNullableIntPtr" time="0.00081" result="Pass" />
      <test name="System.Runtime.InteropServices.JavaScript.Tests.JSExportTest.JsExportSingle(value: 3.14159274)" type="System.Runtime.InteropServices.JavaScript.Tests.JSExportTest" method="JsExportSingle" time="0.004275" result="Pass" />
      <test name="System.Runtime.InteropServices.JavaScript.Tests.JSExportTest.JsExportSingle(value: 0)" type="System.Runtime.InteropServices.JavaScript.Tests.JSExportTest" method="JsExportSingle" time="0.0037" result="Pass" />
      <test name="System.Runtime.InteropServices.JavaScript.Tests.JSExportTest.JsExportSingle(value: 3.40282347E+38)" type="System.Runtime.InteropServices.JavaScript.Tests.JSExportTest" method="JsExportSingle" time="0.00065" result="Pass" />
      <test name="System.Runtime.InteropServices.JavaScript.Tests.JSExportTest.JsExportSingle(value: -3.40282347E+38)" type="System.Runtime.InteropServices.JavaScript.Tests.JSExportTest" method="JsExportSingle" time="0.000635" result="Pass" />
      <test name="System.Runtime.InteropServices.JavaScript.Tests.JSExportTest.JsExportSingle(value: -∞)" type="System.Runtime.InteropServices.JavaScript.Tests.JSExportTest" method="JsExportSingle" time="0.000755" result="Pass" />
      <test name="System.Runtime.InteropServices.JavaScript.Tests.JSExportTest.JsExportSingle(value: ∞)" type="System.Runtime.InteropServices.JavaScript.Tests.JSExportTest" method="JsExportSingle" time="0.000725" result="Pass" />
      <test name="System.Runtime.InteropServices.JavaScript.Tests.JSExportTest.JsExportSingle(value: NaN)" type="System.Runtime.InteropServices.JavaScript.Tests.JSExportTest" method="JsExportSingle" time="0.0006449" result="Pass" />
      <test name="System.Runtime.InteropServices.JavaScript.Tests.JSExportTest.JsExportByte(value: 42)" type="System.Runtime.InteropServices.JavaScript.Tests.JSExportTest" method="JsExportByte" time="0.00411" result="Pass" />
      <test name="System.Runtime.InteropServices.JavaScript.Tests.JSExportTest.JsExportByte(value: 1)" type="System.Runtime.InteropServices.JavaScript.Tests.JSExportTest" method="JsExportByte" time="0.00384" result="Pass" />
      <test name="System.Runtime.InteropServices.JavaScript.Tests.JSExportTest.JsExportByte(value: 255)" type="System.Runtime.InteropServices.JavaScript.Tests.JSExportTest" method="JsExportByte" time="0.0006149" result="Pass" />
      <test name="System.Runtime.InteropServices.JavaScript.Tests.JSExportTest.JsExportByte(value: 0)" type="System.Runtime.InteropServices.JavaScript.Tests.JSExportTest" method="JsExportByte" time="0.00063" result="Pass" />
      <test name="System.Runtime.InteropServices.JavaScript.Tests.JSExportTest.JsExportCallback_FunctionIntInt" type="System.Runtime.InteropServices.JavaScript.Tests.JSExportTest" method="JsExportCallback_FunctionIntInt" time="0.00483" result="Pass" />
      <test name="System.Runtime.InteropServices.JavaScript.Tests.JSExportTest.JsExportTaskOfInt(value: 42)" type="System.Runtime.InteropServices.JavaScript.Tests.JSExportTest" method="JsExportTaskOfInt" time="0.019395" result="Pass" />
      <test name="System.Runtime.InteropServices.JavaScript.Tests.JSExportTest.JsExportTaskOfInt(value: 0)" type="System.Runtime.InteropServices.JavaScript.Tests.JSExportTest" method="JsExportTaskOfInt" time="0.010535" result="Pass" />
      <test name="System.Runtime.InteropServices.JavaScript.Tests.JSExportTest.JsExportTaskOfInt(value: 1)" type="System.Runtime.InteropServices.JavaScript.Tests.JSExportTest" method="JsExportTaskOfInt" time="0.0087349" result="Pass" />
      <test name="System.Runtime.InteropServices.JavaScript.Tests.JSExportTest.JsExportTaskOfInt(value: -1)" type="System.Runtime.InteropServices.JavaScript.Tests.JSExportTest" method="JsExportTaskOfInt" time="0.008685" result="Pass" />
      <test name="System.Runtime.InteropServices.JavaScript.Tests.JSExportTest.JsExportTaskOfInt(value: 2147483647)" type="System.Runtime.InteropServices.JavaScript.Tests.JSExportTest" method="JsExportTaskOfInt" time="0.00876" result="Pass" />
      <test name="System.Runtime.InteropServices.JavaScript.Tests.JSExportTest.JsExportTaskOfInt(value: -2147483648)" type="System.Runtime.InteropServices.JavaScript.Tests.JSExportTest" method="JsExportTaskOfInt" time="0.008585" result="Pass" />
      <test name="System.Runtime.InteropServices.JavaScript.Tests.JSExportTest.JsExportNullableDateTime(value: null)" type="System.Runtime.InteropServices.JavaScript.Tests.JSExportTest" method="JsExportNullableDateTime" time="0.0045" result="Pass" />
      <test name="System.Runtime.InteropServices.JavaScript.Tests.JSExportTest.JsExportNullableDateTime(value: 1970-01-01T00:00:00.0000000Z)" type="System.Runtime.InteropServices.JavaScript.Tests.JSExportTest" method="JsExportNullableDateTime" time="0.0040399" result="Pass" />
      <test name="System.Runtime.InteropServices.JavaScript.Tests.JSExportTest.JsExportNullableDateTime(value: 2026-01-29T16:09:05.2660000Z)" type="System.Runtime.InteropServices.JavaScript.Tests.JSExportTest" method="JsExportNullableDateTime" time="0.001025" result="Pass" />
      <test name="System.Runtime.InteropServices.JavaScript.Tests.JSExportTest.JsExportNullableDateTime(value: 9999-12-31T23:59:59.9990000Z)" type="System.Runtime.InteropServices.JavaScript.Tests.JSExportTest" method="JsExportNullableDateTime" time="0.00104" result="Pass" />
      <test name="System.Runtime.InteropServices.JavaScript.Tests.JSExportTest.JsExportCallback_FunctionLongLong_OverflowInt52_NETSide" type="System.Runtime.InteropServices.JavaScript.Tests.JSExportTest" method="JsExportCallback_FunctionLongLong_OverflowInt52_NETSide" time="0.016015" result="Pass" />
      <test name="System.Runtime.InteropServices.JavaScript.Tests.JSExportTest.JsExportTaskOfStringTypeAssertion_ThrowsAssertionInTaskContinuation" type="System.Runtime.InteropServices.JavaScript.Tests.JSExportTest" method="JsExportTaskOfStringTypeAssertion_ThrowsAssertionInTaskContinuation" time="0.0182299" result="Pass" />
      <test name="System.Runtime.InteropServices.JavaScript.Tests.JSExportTest.JsExportVoidPtr(xvalue: 42)" type="System.Runtime.InteropServices.JavaScript.Tests.JSExportTest" method="JsExportVoidPtr" time="0.00284" result="Pass" />
      <test name="System.Runtime.InteropServices.JavaScript.Tests.JSExportTest.JsExportVoidPtr(xvalue: 0)" type="System.Runtime.InteropServices.JavaScript.Tests.JSExportTest" method="JsExportVoidPtr" time="0.0038298" result="Pass" />
      <test name="System.Runtime.InteropServices.JavaScript.Tests.JSExportTest.JsExportVoidPtr(xvalue: 1)" type="System.Runtime.InteropServices.JavaScript.Tests.JSExportTest" method="JsExportVoidPtr" time="0.000615" result="Pass" />
      <test name="System.Runtime.InteropServices.JavaScript.Tests.JSExportTest.JsExportVoidPtr(xvalue: -1)" type="System.Runtime.InteropServices.JavaScript.Tests.JSExportTest" method="JsExportVoidPtr" time="0.0006799" result="Pass" />
      <test name="System.Runtime.InteropServices.JavaScript.Tests.JSExportTest.JsExportVoidPtr(xvalue: 2147483647)" type="System.Runtime.InteropServices.JavaScript.Tests.JSExportTest" method="JsExportVoidPtr" time="0.000535" result="Pass" />
      <test name="System.Runtime.InteropServices.JavaScript.Tests.JSExportTest.JsExportVoidPtr(xvalue: -2147483648)" type="System.Runtime.InteropServices.JavaScript.Tests.JSExportTest" method="JsExportVoidPtr" time="0.000495" result="Pass" />
      <test name="System.Runtime.InteropServices.JavaScript.Tests.JSExportTest.JsExportString(value: null)" type="System.Runtime.InteropServices.JavaScript.Tests.JSExportTest" method="JsExportString" time="0.002915" result="Pass" />
      <test name="System.Runtime.InteropServices.JavaScript.Tests.JSExportTest.JsExportString(value: \&quot;\&quot;)" type="System.Runtime.InteropServices.JavaScript.Tests.JSExportTest" method="JsExportString" time="0.00342" result="Pass" />
      <test name="System.Runtime.InteropServices.JavaScript.Tests.JSExportTest.JsExportString(value: \&quot;Ahoj285729770\&quot;)" type="System.Runtime.InteropServices.JavaScript.Tests.JSExportTest" method="JsExportString" time="0.00068" result="Pass" />
      <test name="System.Runtime.InteropServices.JavaScript.Tests.JSExportTest.JsExportString(value: \&quot;Ahoj!!!!!!!!!!!!!!!!!!!!!!!!!!!!!!!!!!!!!!!!!!!!!!\&quot;···)" type="System.Runtime.InteropServices.JavaScript.Tests.JSExportTest" method="JsExportString" time="0.00077" result="Pass" />
      <test name="System.Runtime.InteropServices.JavaScript.Tests.JSExportTest.JsExportString(value: \&quot;dotnet\&quot;)" type="System.Runtime.InteropServices.JavaScript.Tests.JSExportTest" method="JsExportString" time="0.0006449" result="Pass" />
      <test name="System.Runtime.InteropServices.JavaScript.Tests.JSExportTest.JsExportStringNoNs" type="System.Runtime.InteropServices.JavaScript.Tests.JSExportTest" method="JsExportStringNoNs" time="0.003795" result="Pass" />
      <test name="System.Runtime.InteropServices.JavaScript.Tests.JSExportTest.JsExportCatchStack" type="System.Runtime.InteropServices.JavaScript.Tests.JSExportTest" method="JsExportCatchStack" time="0.0122049" result="Pass" />
    </collection>
    <collection total="9" passed="8" failed="0" skipped="1" name="Test collection for System.Runtime.InteropServices.JavaScript.Tests.JSExportAsyncTest" time="0.388">
      <test name="System.Runtime.InteropServices.JavaScript.Tests.JSExportAsyncTest.SyncJsImportJsExportThrows" type="System.Runtime.InteropServices.JavaScript.Tests.JSExportAsyncTest" method="SyncJsImportJsExportThrows" time="0" result="Skip">
        <reason><![CDATA[Condition(s) not met: \"IsWasmThreadingSupported\"]]></reason>
      </test>
      <test name="System.Runtime.InteropServices.JavaScript.Tests.JSExportAsyncTest.JsExportBooleanAsync(value: True)" type="System.Runtime.InteropServices.JavaScript.Tests.JSExportAsyncTest" method="JsExportBooleanAsync" time="0.0285" result="Pass" />
      <test name="System.Runtime.InteropServices.JavaScript.Tests.JSExportAsyncTest.JsExportBooleanAsync(value: False)" type="System.Runtime.InteropServices.JavaScript.Tests.JSExportAsyncTest" method="JsExportBooleanAsync" time="0.01764" result="Pass" />
      <test name="System.Runtime.InteropServices.JavaScript.Tests.JSExportAsyncTest.JsExportInt32DiscardNoWait(value: 42)" type="System.Runtime.InteropServices.JavaScript.Tests.JSExportAsyncTest" method="JsExportInt32DiscardNoWait" time="0.059645" result="Pass" />
      <test name="System.Runtime.InteropServices.JavaScript.Tests.JSExportAsyncTest.JsExportInt32DiscardNoWait(value: 0)" type="System.Runtime.InteropServices.JavaScript.Tests.JSExportAsyncTest" method="JsExportInt32DiscardNoWait" time="0.058875" result="Pass" />
      <test name="System.Runtime.InteropServices.JavaScript.Tests.JSExportAsyncTest.JsExportInt32DiscardNoWait(value: 1)" type="System.Runtime.InteropServices.JavaScript.Tests.JSExportAsyncTest" method="JsExportInt32DiscardNoWait" time="0.056145" result="Pass" />
      <test name="System.Runtime.InteropServices.JavaScript.Tests.JSExportAsyncTest.JsExportInt32DiscardNoWait(value: -1)" type="System.Runtime.InteropServices.JavaScript.Tests.JSExportAsyncTest" method="JsExportInt32DiscardNoWait" time="0.05587" result="Pass" />
      <test name="System.Runtime.InteropServices.JavaScript.Tests.JSExportAsyncTest.JsExportInt32DiscardNoWait(value: 2147483647)" type="System.Runtime.InteropServices.JavaScript.Tests.JSExportAsyncTest" method="JsExportInt32DiscardNoWait" time="0.0557749" result="Pass" />
      <test name="System.Runtime.InteropServices.JavaScript.Tests.JSExportAsyncTest.JsExportInt32DiscardNoWait(value: -2147483648)" type="System.Runtime.InteropServices.JavaScript.Tests.JSExportAsyncTest" method="JsExportInt32DiscardNoWait" time="0.0559" result="Pass" />
    </collection>
    <collection total="1" passed="1" failed="0" skipped="0" name="Test collection for System.Runtime.InteropServices.JavaScript.Tests.SecondRuntimeTest" time="2.067">
      <test name="System.Runtime.InteropServices.JavaScript.Tests.SecondRuntimeTest.RunSecondRuntimeAndTestStaticState" type="System.Runtime.InteropServices.JavaScript.Tests.SecondRuntimeTest" method="RunSecondRuntimeAndTestStaticState" time="2.06716" result="Pass" />
    </collection>
    <collection total="3" passed="3" failed="0" skipped="0" name="Test collection for System.Runtime.InteropServices.JavaScript.Tests.YieldAwaitableTests" time="0.021">
      <test name="System.Runtime.InteropServices.JavaScript.Tests.YieldAwaitableTests.TaskYieldsToBrowserLoop" type="System.Runtime.InteropServices.JavaScript.Tests.YieldAwaitableTests" method="TaskYieldsToBrowserLoop" time="0.0069899" result="Pass" />
      <test name="System.Runtime.InteropServices.JavaScript.Tests.YieldAwaitableTests.TaskDelay0DoesNotYieldToBrowserLoop" type="System.Runtime.InteropServices.JavaScript.Tests.YieldAwaitableTests" method="TaskDelay0DoesNotYieldToBrowserLoop" time="0.002015" result="Pass" />
      <test name="System.Runtime.InteropServices.JavaScript.Tests.YieldAwaitableTests.TaskDelay1YieldsToBrowserLoop" type="System.Runtime.InteropServices.JavaScript.Tests.YieldAwaitableTests" method="TaskDelay1YieldsToBrowserLoop" time="0.0120849" result="Pass" />
    </collection>
  </assembly>
</assemblies>