
  Determining projects to restore...
  All projects are up-to-date for restore.
  TestUtilities -> /home/pavelsavara/dev/runtime/artifacts/bin/TestUtilities/Release/net10.0/TestUtilities.dll
  StreamConformanceTests -> /home/pavelsavara/dev/runtime/artifacts/bin/StreamConformanceTests/Release/net11.0/StreamConformanceTests.dll
  WasmTriggerPublishApp for CoreCLR not implemented
/home/pavelsavara/dev/runtime/.dotnet/sdk/11.0.100-alpha.1.26060.102/Sdks/Microsoft.NET.Sdk/targets/Microsoft.NET.Sdk.targets(404,5): error MSB4018: The "GenerateRuntimeConfigurationFiles" task failed unexpectedly. [/home/pavelsavara/dev/runtime/src/libraries/System.Runtime/tests/System.IO.UnmanagedMemoryStream.Tests/System.IO.UnmanagedMemoryStream.Tests.csproj]
/home/pavelsavara/dev/runtime/.dotnet/sdk/11.0.100-alpha.1.26060.102/Sdks/Microsoft.NET.Sdk/targets/Microsoft.NET.Sdk.targets(404,5): error MSB4018: System.IO.IOException: The process cannot access the file '/home/pavelsavara/dev/runtime/artifacts/bin/System.IO.UnmanagedMemoryStream.Tests/Release/net11.0/browser-wasm/System.IO.UnmanagedMemoryStream.Tests.runtimeconfig.json' because it is being used by another process. [/home/pavelsavara/dev/runtime/src/libraries/System.Runtime/tests/System.IO.UnmanagedMemoryStream.Tests/System.IO.UnmanagedMemoryStream.Tests.csproj]
/home/pavelsavara/dev/runtime/.dotnet/sdk/11.0.100-alpha.1.26060.102/Sdks/Microsoft.NET.Sdk/targets/Microsoft.NET.Sdk.targets(404,5): error MSB4018:    at Microsoft.Win32.SafeHandles.SafeFileHandle.Init(String path, FileMode mode, FileAccess access, FileShare share, FileOptions options, Int64 preallocationSize, Int64& fileLength, UnixFileMode& filePermissions) [/home/pavelsavara/dev/runtime/src/libraries/System.Runtime/tests/System.IO.UnmanagedMemoryStream.Tests/System.IO.UnmanagedMemoryStream.Tests.csproj]
/home/pavelsavara/dev/runtime/.dotnet/sdk/11.0.100-alpha.1.26060.102/Sdks/Microsoft.NET.Sdk/targets/Microsoft.NET.Sdk.targets(404,5): error MSB4018:    at Microsoft.Win32.SafeHandles.SafeFileHandle.Open(String fullPath, FileMode mode, FileAccess access, FileShare share, FileOptions options, Int64 preallocationSize, UnixFileMode openPermissions, Int64& fileLength, UnixFileMode& filePermissions, Boolean failForSymlink, Boolean& wasSymlink, Func`4 createOpenException) [/home/pavelsavara/dev/runtime/src/libraries/System.Runtime/tests/System.IO.UnmanagedMemoryStream.Tests/System.IO.UnmanagedMemoryStream.Tests.csproj]
/home/pavelsavara/dev/runtime/.dotnet/sdk/11.0.100-alpha.1.26060.102/Sdks/Microsoft.NET.Sdk/targets/Microsoft.NET.Sdk.targets(404,5): error MSB4018:    at System.IO.Strategies.OSFileStreamStrategy..ctor(String path, FileMode mode, FileAccess access, FileShare share, FileOptions options, Int64 preallocationSize, Nullable`1 unixCreateMode) [/home/pavelsavara/dev/runtime/src/libraries/System.Runtime/tests/System.IO.UnmanagedMemoryStream.Tests/System.IO.UnmanagedMemoryStream.Tests.csproj]
/home/pavelsavara/dev/runtime/.dotnet/sdk/11.0.100-alpha.1.26060.102/Sdks/Microsoft.NET.Sdk/targets/Microsoft.NET.Sdk.targets(404,5): error MSB4018:    at System.IO.File.Create(String path) [/home/pavelsavara/dev/runtime/src/libraries/System.Runtime/tests/System.IO.UnmanagedMemoryStream.Tests/System.IO.UnmanagedMemoryStream.Tests.csproj]
/home/pavelsavara/dev/runtime/.dotnet/sdk/11.0.100-alpha.1.26060.102/Sdks/Microsoft.NET.Sdk/targets/Microsoft.NET.Sdk.targets(404,5): error MSB4018:    at Microsoft.NET.Build.Tasks.GenerateRuntimeConfigurationFiles.WriteToJsonFile(String fileName, Object value) [/home/pavelsavara/dev/runtime/src/libraries/System.Runtime/tests/System.IO.UnmanagedMemoryStream.Tests/System.IO.UnmanagedMemoryStream.Tests.csproj]
/home/pavelsavara/dev/runtime/.dotnet/sdk/11.0.100-alpha.1.26060.102/Sdks/Microsoft.NET.Sdk/targets/Microsoft.NET.Sdk.targets(404,5): error MSB4018:    at Microsoft.NET.Build.Tasks.GenerateRuntimeConfigurationFiles.WriteRuntimeConfig(RuntimeFramework[] runtimeFrameworks, LockFileTargetLibrary platformLibrary, Boolean isFrameworkDependent, IList`1 packageFolders) [/home/pavelsavara/dev/runtime/src/libraries/System.Runtime/tests/System.IO.UnmanagedMemoryStream.Tests/System.IO.UnmanagedMemoryStream.Tests.csproj]
/home/pavelsavara/dev/runtime/.dotnet/sdk/11.0.100-alpha.1.26060.102/Sdks/Microsoft.NET.Sdk/targets/Microsoft.NET.Sdk.targets(404,5): error MSB4018:    at Microsoft.NET.Build.Tasks.GenerateRuntimeConfigurationFiles.ExecuteCore() [/home/pavelsavara/dev/runtime/src/libraries/System.Runtime/tests/System.IO.UnmanagedMemoryStream.Tests/System.IO.UnmanagedMemoryStream.Tests.csproj]
/home/pavelsavara/dev/runtime/.dotnet/sdk/11.0.100-alpha.1.26060.102/Sdks/Microsoft.NET.Sdk/targets/Microsoft.NET.Sdk.targets(404,5): error MSB4018:    at Microsoft.NET.Build.Tasks.TaskBase.Execute() [/home/pavelsavara/dev/runtime/src/libraries/System.Runtime/tests/System.IO.UnmanagedMemoryStream.Tests/System.IO.UnmanagedMemoryStream.Tests.csproj]
/home/pavelsavara/dev/runtime/.dotnet/sdk/11.0.100-alpha.1.26060.102/Sdks/Microsoft.NET.Sdk/targets/Microsoft.NET.Sdk.targets(404,5): error MSB4018:    at Microsoft.Build.BackEnd.TaskExecutionHost.Execute() [/home/pavelsavara/dev/runtime/src/libraries/System.Runtime/tests/System.IO.UnmanagedMemoryStream.Tests/System.IO.UnmanagedMemoryStream.Tests.csproj]
/home/pavelsavara/dev/runtime/.dotnet/sdk/11.0.100-alpha.1.26060.102/Sdks/Microsoft.NET.Sdk/targets/Microsoft.NET.Sdk.targets(404,5): error MSB4018:    at Microsoft.Build.BackEnd.TaskBuilder.ExecuteInstantiatedTask(TaskExecutionHost taskExecutionHost, TaskLoggingContext taskLoggingContext, TaskHost taskHost, ItemBucket bucket, TaskExecutionMode howToExecuteTask) [/home/pavelsavara/dev/runtime/src/libraries/System.Runtime/tests/System.IO.UnmanagedMemoryStream.Tests/System.IO.UnmanagedMemoryStream.Tests.csproj]

Build FAILED.

/home/pavelsavara/dev/runtime/.dotnet/sdk/11.0.100-alpha.1.26060.102/Sdks/Microsoft.NET.Sdk/targets/Microsoft.NET.Sdk.targets(404,5): error MSB4018: The "GenerateRuntimeConfigurationFiles" task failed unexpectedly. [/home/pavelsavara/dev/runtime/src/libraries/System.Runtime/tests/System.IO.UnmanagedMemoryStream.Tests/System.IO.UnmanagedMemoryStream.Tests.csproj]
/home/pavelsavara/dev/runtime/.dotnet/sdk/11.0.100-alpha.1.26060.102/Sdks/Microsoft.NET.Sdk/targets/Microsoft.NET.Sdk.targets(404,5): error MSB4018: System.IO.IOException: The process cannot access the file '/home/pavelsavara/dev/runtime/artifacts/bin/System.IO.UnmanagedMemoryStream.Tests/Release/net11.0/browser-wasm/System.IO.UnmanagedMemoryStream.Tests.runtimeconfig.json' because it is being used by another process. [/home/pavelsavara/dev/runtime/src/libraries/System.Runtime/tests/System.IO.UnmanagedMemoryStream.Tests/System.IO.UnmanagedMemoryStream.Tests.csproj]
/home/pavelsavara/dev/runtime/.dotnet/sdk/11.0.100-alpha.1.26060.102/Sdks/Microsoft.NET.Sdk/targets/Microsoft.NET.Sdk.targets(404,5): error MSB4018:    at Microsoft.Win32.SafeHandles.SafeFileHandle.Init(String path, FileMode mode, FileAccess access, FileShare share, FileOptions options, Int64 preallocationSize, Int64& fileLength, UnixFileMode& filePermissions) [/home/pavelsavara/dev/runtime/src/libraries/System.Runtime/tests/System.IO.UnmanagedMemoryStream.Tests/System.IO.UnmanagedMemoryStream.Tests.csproj]
/home/pavelsavara/dev/runtime/.dotnet/sdk/11.0.100-alpha.1.26060.102/Sdks/Microsoft.NET.Sdk/targets/Microsoft.NET.Sdk.targets(404,5): error MSB4018:    at Microsoft.Win32.SafeHandles.SafeFileHandle.Open(String fullPath, FileMode mode, FileAccess access, FileShare share, FileOptions options, Int64 preallocationSize, UnixFileMode openPermissions, Int64& fileLength, UnixFileMode& filePermissions, Boolean failForSymlink, Boolean& wasSymlink, Func`4 createOpenException) [/home/pavelsavara/dev/runtime/src/libraries/System.Runtime/tests/System.IO.UnmanagedMemoryStream.Tests/System.IO.UnmanagedMemoryStream.Tests.csproj]
/home/pavelsavara/dev/runtime/.dotnet/sdk/11.0.100-alpha.1.26060.102/Sdks/Microsoft.NET.Sdk/targets/Microsoft.NET.Sdk.targets(404,5): error MSB4018:    at System.IO.Strategies.OSFileStreamStrategy..ctor(String path, FileMode mode, FileAccess access, FileShare share, FileOptions options, Int64 preallocationSize, Nullable`1 unixCreateMode) [/home/pavelsavara/dev/runtime/src/libraries/System.Runtime/tests/System.IO.UnmanagedMemoryStream.Tests/System.IO.UnmanagedMemoryStream.Tests.csproj]
/home/pavelsavara/dev/runtime/.dotnet/sdk/11.0.100-alpha.1.26060.102/Sdks/Microsoft.NET.Sdk/targets/Microsoft.NET.Sdk.targets(404,5): error MSB4018:    at System.IO.File.Create(String path) [/home/pavelsavara/dev/runtime/src/libraries/System.Runtime/tests/System.IO.UnmanagedMemoryStream.Tests/System.IO.UnmanagedMemoryStream.Tests.csproj]
/home/pavelsavara/dev/runtime/.dotnet/sdk/11.0.100-alpha.1.26060.102/Sdks/Microsoft.NET.Sdk/targets/Microsoft.NET.Sdk.targets(404,5): error MSB4018:    at Microsoft.NET.Build.Tasks.GenerateRuntimeConfigurationFiles.WriteToJsonFile(String fileName, Object value) [/home/pavelsavara/dev/runtime/src/libraries/System.Runtime/tests/System.IO.UnmanagedMemoryStream.Tests/System.IO.UnmanagedMemoryStream.Tests.csproj]
/home/pavelsavara/dev/runtime/.dotnet/sdk/11.0.100-alpha.1.26060.102/Sdks/Microsoft.NET.Sdk/targets/Microsoft.NET.Sdk.targets(404,5): error MSB4018:    at Microsoft.NET.Build.Tasks.GenerateRuntimeConfigurationFiles.WriteRuntimeConfig(RuntimeFramework[] runtimeFrameworks, LockFileTargetLibrary platformLibrary, Boolean isFrameworkDependent, IList`1 packageFolders) [/home/pavelsavara/dev/runtime/src/libraries/System.Runtime/tests/System.IO.UnmanagedMemoryStream.Tests/System.IO.UnmanagedMemoryStream.Tests.csproj]
/home/pavelsavara/dev/runtime/.dotnet/sdk/11.0.100-alpha.1.26060.102/Sdks/Microsoft.NET.Sdk/targets/Microsoft.NET.Sdk.targets(404,5): error MSB4018:    at Microsoft.NET.Build.Tasks.GenerateRuntimeConfigurationFiles.ExecuteCore() [/home/pavelsavara/dev/runtime/src/libraries/System.Runtime/tests/System.IO.UnmanagedMemoryStream.Tests/System.IO.UnmanagedMemoryStream.Tests.csproj]
/home/pavelsavara/dev/runtime/.dotnet/sdk/11.0.100-alpha.1.26060.102/Sdks/Microsoft.NET.Sdk/targets/Microsoft.NET.Sdk.targets(404,5): error MSB4018:    at Microsoft.NET.Build.Tasks.TaskBase.Execute() [/home/pavelsavara/dev/runtime/src/libraries/System.Runtime/tests/System.IO.UnmanagedMemoryStream.Tests/System.IO.UnmanagedMemoryStream.Tests.csproj]
/home/pavelsavara/dev/runtime/.dotnet/sdk/11.0.100-alpha.1.26060.102/Sdks/Microsoft.NET.Sdk/targets/Microsoft.NET.Sdk.targets(404,5): error MSB4018:    at Microsoft.Build.BackEnd.TaskExecutionHost.Execute() [/home/pavelsavara/dev/runtime/src/libraries/System.Runtime/tests/System.IO.UnmanagedMemoryStream.Tests/System.IO.UnmanagedMemoryStream.Tests.csproj]
/home/pavelsavara/dev/runtime/.dotnet/sdk/11.0.100-alpha.1.26060.102/Sdks/Microsoft.NET.Sdk/targets/Microsoft.NET.Sdk.targets(404,5): error MSB4018:    at Microsoft.Build.BackEnd.TaskBuilder.ExecuteInstantiatedTask(TaskExecutionHost taskExecutionHost, TaskLoggingContext taskLoggingContext, TaskHost taskHost, ItemBucket bucket, TaskExecutionMode howToExecuteTask) [/home/pavelsavara/dev/runtime/src/libraries/System.Runtime/tests/System.IO.UnmanagedMemoryStream.Tests/System.IO.UnmanagedMemoryStream.Tests.csproj]
    0 Warning(s)
    1 Error(s)

Time Elapsed 00:00:04.48
