<?xml version="1.0" encoding="utf-8"?>
<assemblies>
  <assembly name="Microsoft.Extensions.Logging.Testing.Tests.dll" environment="32-bit .NET .NET 11.0 [collection-per-class, non-parallel]" test-framework="xUnit.net 2.9.3.0" run-date="2026-01-30" run-time="01:04:47" total="14" passed="14" failed="0" skipped="0" time="0.119" errors="0">
    <errors />
    <collection total="4" passed="4" failed="0" skipped="0" name="Test collection for Microsoft.Extensions.Logging.Testing.Tests.XunitLoggerProviderTest" time="0.043">
      <test name="Microsoft.Extensions.Logging.Testing.Tests.XunitLoggerProviderTest.LoggerProviderDoesNotThrowIfOutputHelperThrows" type="Microsoft.Extensions.Logging.Testing.Tests.XunitLoggerProviderTest" method="LoggerProviderDoesNotThrowIfOutputHelperThrows" time="0.031" result="Pass" />
      <test name="Microsoft.Extensions.Logging.Testing.Tests.XunitLoggerProviderTest.LoggerProviderDoesNotWriteLogMessagesBelowMinimumLevel" type="Microsoft.Extensions.Logging.Testing.Tests.XunitLoggerProviderTest" method="LoggerProviderDoesNotWriteLogMessagesBelowMinimumLevel" time="0.0078" result="Pass" />
      <test name="Microsoft.Extensions.Logging.Testing.Tests.XunitLoggerProviderTest.LoggerProviderPrependsPrefixToEachLine" type="Microsoft.Extensions.Logging.Testing.Tests.XunitLoggerProviderTest" method="LoggerProviderPrependsPrefixToEachLine" time="0.002" result="Pass" />
      <test name="Microsoft.Extensions.Logging.Testing.Tests.XunitLoggerProviderTest.LoggerProviderWritesToTestOutputHelper" type="Microsoft.Extensions.Logging.Testing.Tests.XunitLoggerProviderTest" method="LoggerProviderWritesToTestOutputHelper" time="0.0017999" result="Pass" />
    </collection>
    <collection total="10" passed="10" failed="0" skipped="0" name="Test collection for Microsoft.Extensions.Logging.Testing.Tests.LogValuesAssertTest" time="0.004">
      <test name="Microsoft.Extensions.Logging.Testing.Tests.LogValuesAssertTest.DefaultComparer_Performs_CaseSensitiveComparison(expectedValues: [[\&quot;RouteKey\&quot;] = \&quot;id\&quot;, [\&quot;RouteValue\&quot;] = \&quot;Failure\&quot;], actualValues: [[\&quot;ROUTEKEY\&quot;] = \&quot;id\&quot;, [\&quot;RouteValue\&quot;] = \&quot;Failure\&quot;])" type="Microsoft.Extensions.Logging.Testing.Tests.LogValuesAssertTest" method="DefaultComparer_Performs_CaseSensitiveComparison" time="0.0023999" result="Pass" />
      <test name="Microsoft.Extensions.Logging.Testing.Tests.LogValuesAssertTest.DefaultComparer_Performs_CaseSensitiveComparison(expectedValues: [[\&quot;RouteKey\&quot;] = \&quot;id\&quot;, [\&quot;RouteValue\&quot;] = \&quot;Failure\&quot;], actualValues: [[\&quot;RouteKey\&quot;] = \&quot;id\&quot;, [\&quot;RouteValue\&quot;] = \&quot;FAILURE\&quot;])" type="Microsoft.Extensions.Logging.Testing.Tests.LogValuesAssertTest" method="DefaultComparer_Performs_CaseSensitiveComparison" time="0.0004" result="Pass" />
      <test name="Microsoft.Extensions.Logging.Testing.Tests.LogValuesAssertTest.Asserts_Failure_ExpectedValues_MoreThan_ActualValues(expectedValues: [[\&quot;RouteValue\&quot;] = \&quot;Failure\&quot;, [\&quot;RouteKey\&quot;] = \&quot;id\&quot;], actualValues: [])" type="Microsoft.Extensions.Logging.Testing.Tests.LogValuesAssertTest" method="Asserts_Failure_ExpectedValues_MoreThan_ActualValues" time="0.0003" result="Pass" />
      <test name="Microsoft.Extensions.Logging.Testing.Tests.LogValuesAssertTest.Asserts_Failure_ExpectedValues_MoreThan_ActualValues(expectedValues: [[\&quot;RouteValue\&quot;] = \&quot;Failure\&quot;, [\&quot;RouteKey\&quot;] = \&quot;id\&quot;, [\&quot;RouteConstraint\&quot;] = \&quot;Something\&quot;], actualValues: [[\&quot;RouteValue\&quot;] = \&quot;Failure\&quot;, [\&quot;RouteKey\&quot;] = \&quot;id\&quot;])" type="Microsoft.Extensions.Logging.Testing.Tests.LogValuesAssertTest" method="Asserts_Failure_ExpectedValues_MoreThan_ActualValues" time="0.0005" result="Pass" />
      <test name="Microsoft.Extensions.Logging.Testing.Tests.LogValuesAssertTest.Asserts_Success_OnSpecifiedKeyAndValue" type="Microsoft.Extensions.Logging.Testing.Tests.LogValuesAssertTest" method="Asserts_Success_OnSpecifiedKeyAndValue" time="0.0001" result="Pass" />
      <test name="Microsoft.Extensions.Logging.Testing.Tests.LogValuesAssertTest.Asserts_Success_ExpectedValues_SubsetOf_ActualValues(expectedValues: [], actualValues: [])" type="Microsoft.Extensions.Logging.Testing.Tests.LogValuesAssertTest" method="Asserts_Success_ExpectedValues_SubsetOf_ActualValues" time="0.0001" result="Pass" />
      <test name="Microsoft.Extensions.Logging.Testing.Tests.LogValuesAssertTest.Asserts_Success_ExpectedValues_SubsetOf_ActualValues(expectedValues: [], actualValues: [[\&quot;RouteValue\&quot;] = \&quot;Failure\&quot;, [\&quot;RouteKey\&quot;] = \&quot;id\&quot;])" type="Microsoft.Extensions.Logging.Testing.Tests.LogValuesAssertTest" method="Asserts_Success_ExpectedValues_SubsetOf_ActualValues" time="0.0001" result="Pass" />
      <test name="Microsoft.Extensions.Logging.Testing.Tests.LogValuesAssertTest.Asserts_Success_ExpectedValues_SubsetOf_ActualValues(expectedValues: [[\&quot;RouteValue\&quot;] = \&quot;Failure\&quot;, [\&quot;RouteKey\&quot;] = \&quot;id\&quot;], actualValues: [[\&quot;RouteValue\&quot;] = \&quot;Failure\&quot;, [\&quot;RouteKey\&quot;] = \&quot;id\&quot;, [\&quot;RouteConstraint\&quot;] = \&quot;Something\&quot;])" type="Microsoft.Extensions.Logging.Testing.Tests.LogValuesAssertTest" method="Asserts_Success_ExpectedValues_SubsetOf_ActualValues" time="0" result="Pass" />
      <test name="Microsoft.Extensions.Logging.Testing.Tests.LogValuesAssertTest.Asserts_Success_ExpectedValues_SubsetOf_ActualValues(expectedValues: [[\&quot;RouteValue\&quot;] = \&quot;Failure\&quot;, [\&quot;RouteKey\&quot;] = \&quot;id\&quot;], actualValues: [[\&quot;RouteValue\&quot;] = \&quot;Failure\&quot;, [\&quot;RouteKey\&quot;] = \&quot;id\&quot;])" type="Microsoft.Extensions.Logging.Testing.Tests.LogValuesAssertTest" method="Asserts_Success_ExpectedValues_SubsetOf_ActualValues" time="0.0002" result="Pass" />
      <test name="Microsoft.Extensions.Logging.Testing.Tests.LogValuesAssertTest.Asserts_Success_IgnoringOrderOfItems" type="Microsoft.Extensions.Logging.Testing.Tests.LogValuesAssertTest" method="Asserts_Success_IgnoringOrderOfItems" time="0.0001" result="Pass" />
    </collection>
  </assembly>
</assemblies>