### ISSUE TITLE
Test failure: Regressions/coreclr/0582/csgen.1/csgen.1.cmd

### ISSUE THREAD

**Issue by v-wenyuxu** [dotnet/runtime#102296]
**Failed in:** [runtime-coreclr jitstress2-jitstressregs 20240515.1](https://dev.azure.com/dnceng-public/public/_build/results?buildId=676436&view=ms.vss-test-web.build-test-results-tab&runId=16770744&resultId=119807&paneView=debug)

**Failed tests:**
```
coreclr windows x86 Checked jitstress2_jitstressregs0x80 @ Windows.10.Amd64.Open
    - Regressions/coreclr/0582/csgen.1/csgen.1.cmd
```

**Error message:**
```
 
Assert failure(PID 448 [0x000001c0], Thread: 1248 [0x04e0]): Assertion failed 'false && !"Mismatch in align instruction"' in 'BB:Static1(double[,,][],byref,int,byref)' during 'Generate code' (IL size 368; hash 0xadca06fd; FullOpts)

    File: D:_work1ssrccoreclrjitemit.cpp:5931
    Image: C:hwA0520956pcorerun.exe


Return code:      1
Raw output file:      C:hwA0520956wB96709D5uploadscoreclr
Raw output:
BEGIN EXECUTION
 "C:hwA0520956pcorerun.exe" -p "System.Reflection.Metadata.MetadataUpdater.IsSupported=false" -p "System.Runtime.Serialization.EnableUnsafeBinaryFormatterSerialization=true"  csgen.1.dll 


Mismatch in align instruction.
Containing IG: IG06
loopHeadPredIG: IG83
loopHeadIG: IG84
igInLoop: IG87
igInLoop->igLoopBackEdge: IG85
igInLoop has align instruction for : IG88
Loop:
	IG84
	IG85
	IG86
	IG87
	IG88
	IG89
	IG90
	IG91
	IG92
	IG93
	IG94
	IG95
	IG96
	IG97
	IG98
	IG99
	IG100
	IG101
	IG102
	IG103
	IG104
	IG105
	IG106
	IG107
	IG108
	IG109
	IG110
	IG111
	IG112
	IG113
	IG114
	IG115
	IG116
	IG117
	IG118
	IG119
	IG120
	IG121
	IG122
Did not find IG with back edge to IG84
Expected: 100
Actual: -1073740286
END EXECUTION - FAILED
FAILED
Test failed. Trying to see if dump file was created in C:cores since 5/15/2024 5:31:48 PM
Processing C:corescorerun.exe.448.dmp
Invoking: C:Program Files (x86)Windows Kits10Debuggerscdb.exe -c "$<C:hwA0520956		mpcgadsn.tmp" -z "C:corescorerun.exe.448.dmp"
stdout: 
Microsoft (R) Windows Debugger Version 10.0.18362.1 X86
Copyright (c) Microsoft Corporation. All rights reserved.


Loading Dump File [C:corescorerun.exe.448.dmp]
User Mini Dump File with Full Memory: Only application data is available


************* Path validation summary **************
Response                         Time (ms)     Location
OK                                             C:hwA0520956pPDB
Symbol search path is: C:hwA0520956pPDB
Executable search path is: 
Windows 10 Version 14393 MP (4 procs) Free x86 compatible
Product: Server, suite: TerminalServer DataCenter SingleUserTS
10.0.14393.6343 (rs1_release.230913-1727)
Machine Name:
Debug session time: Wed May 15 17:31:51.000 2024 (UTC + 0:00)
System Uptime: 0 days 2:09:03.866
Process Uptime: 0 days 0:00:03.000
.............................

************* Symbol Loading Error Summary **************
Module name            Error
ntdll                  The system cannot find the file specified

You can troubleshoot most symbol related issues by turning on symbol loading diagnostics (!sym noisy) and repeating the command that caused symbols to be loaded.
You should also verify that your symbol search path (.sympath) is correct.
This dump file has an exception of interest stored in it.
The stored exception information can be accessed via .ecxr.
(1c0.4e0): Unknown exception - code c0000602 (first/second chance not available)
For analysis of this file, run !analyze -v
*** WARNING: Unable to verify checksum for coreclr.dll
eax=00b78478 ebx=00000000 ecx=00000000 edx=00000000 esi=00b78428 edi=00b78478
eip=72155c9c esp=00b7875c ebp=00b797f4 iopl=0         nv up ei pl nz ac po nc
cs=0023  ss=002b  ds=002b  es=002b  fs=0053  gs=002b             efl=00000212
coreclr!FailFastOnAssert+0x21:
72155c9c 5e              pop     esi
0:000> cdb: Reading initial command '$<C:hwA0520956		mpcgadsn.tmp'
0:000> .load C:Users
unner.dotnetsossos.dll
0:000> ~*k

.  0  Id: 1c0.4e0 Suspend: 0 Teb: 00824000 Unfrozen
ChildEBP RetAddr  
00b78768 72156978 coreclr!FailFastOnAssert+0x21
00b797f4 71d1aa48 coreclr!_DbgBreakCheck+0x337
*** WARNING: Unable to verify checksum for clrjit.dll
00b7985c 7058d13e coreclr!CEEInfo::doAssert+0x68
00b7b890 7058c295 clrjit!assertAbort+0xd8
00b7cc50 70584169 clrjit!emitter::getLoopSize+0x238
00b7cc8c 70589304 clrjit!emitter::emitCalculatePaddingForLoopAlignment+0x81
00b7cce8 70567a60 clrjit!emitter::emitLoopAlignAdjustments+0x1bb
00b7ccf8 70563304 clrjit!CodeGen::genGenerateMachineCode+0x360
00b7cd04 7068a228 clrjit!CodeGenPhase::DoPhase+0x14
00b7cd
```

**Stack trace:**
```
   at Xunit.Assert.True(Nullable`1 condition, String userMessage) in /_/src/Microsoft.DotNet.XUnitAssert/src/BooleanAsserts.cs:line 146
   at Xunit.Assert.True(Boolean condition, String userMessage) in /_/src/Microsoft.DotNet.XUnitAssert/src/BooleanAsserts.cs:line 128
   at TestLibrary.OutOfProcessTest.RunOutOfProcessTest(String assemblyPath, String testPathPrefix)
   at Program.<<Main>$>g__TestExecutor11|0_12(StreamWriter tempLogSw, StreamWriter statsCsvSw, <>c__DisplayClass0_0&)
```

**Comment by JulieLeeMSFT** [comment]
@TIHan, PTAL.

**Comment by v-wenyuxu** [comment]
**Failed in:** [runtime-coreclr jitstress2-jitstressregs 20240521.1](https://dev.azure.com/dnceng-public/public/_build/results?buildId=683265&view=ms.vss-test-web.build-test-results-tab&runId=16962520&resultId=119807&paneView=debug)

**Failed tests:**
```
coreclr windows x86 Checked jitstress2_jitstressregs0x80 @ Windows.10.Amd64.Open
    - Regressions/coreclr/0582/csgen.1/csgen.1.cmd
```

**Error message:**
```
 
Assert failure(PID 8116 [0x00001fb4], Thread: 9944 [0x26d8]): Assertion failed 'false && !"Mismatch in align instruction"' in 'BB:Static1(double[,,][],byref,int,byref)' during 'Generate code' (IL size 343; hash 0xadca06fd; FullOpts)

    File: D:_work1ssrccoreclrjitemit.cpp:5931
    Image: C:hwA4D7096Fpcorerun.exe


Return code:      1
Raw output file:      C:hwA4D7096FwB7420998uploadscoreclr
Raw output:
BEGIN EXECUTION
 "C:hwA4D7096Fpcorerun.exe" -p "System.Reflection.Metadata.MetadataUpdater.IsSupported=false" -p "System.Runtime.Serialization.EnableUnsafeBinaryFormatterSerialization=true"  csgen.1.dll 


Mismatch in align instruction.
Containing IG: IG06
loopHeadPredIG: IG83
loopHeadIG: IG84
igInLoop: IG87
igInLoop->igLoopBackEdge: IG85
igInLoop has align instruction for : IG88
Loop:
	IG84
	IG85
	IG86
	IG87
	IG88
	IG89
	IG90
	IG91
	IG92
	IG93
	IG94
	IG95
	IG96
	IG97
	IG98
	IG99
	IG100
	IG101
	IG102
	IG103
	IG104
	IG105
	IG106
	IG107
	IG108
	IG109
	IG110
	IG111
	IG112
	IG113
	IG114
	IG115
	IG116
	IG117
	IG118
	IG119
	IG120
	IG121
	IG122
Did not find IG with back edge to IG84
Expected: 100
Actual: -1073740286
END EXECUTION - FAILED
FAILED
Test failed. Trying to see if dump file was created in C:cores since 5/21/2024 10:12:33 PM
Processing C:corescorerun.exe.8116.dmp
Invoking: C:Program Files (x86)Windows Kits10Debuggerscdb.exe -c "$<C:hwA4D7096F		mp3whfra.tmp" -z "C:corescorerun.exe.8116.dmp"
stdout: 
Microsoft (R) Windows Debugger Version 10.0.18362.1 X86
Copyright (c) Microsoft Corporation. All rights reserved.


Loading Dump File [C:corescorerun.exe.8116.dmp]
User Mini Dump File with Full Memory: Only application data is available


************* Path validation summary **************
Response                         Time (ms)     Location
OK                                             C:hwA4D7096FpPDB
Symbol search path is: C:hwA4D7096FpPDB
Executable search path is: 
Windows 10 Version 14393 MP (4 procs) Free x86 compatible
Product: Server, suite: TerminalServer DataCenter SingleUserTS
10.0.14393.6343 (rs1_release.230913-1727)
Machine Name:
Debug session time: Tue May 21 22:12:38.000 2024 (UTC + 0:00)
System Uptime: 0 days 1:16:59.228
Process Uptime: 0 days 0:00:04.000
.............................

************* Symbol Loading Error Summary **************
Module name            Error
ntdll                  The system cannot find the file specified

You can troubleshoot most symbol related issues by turning on symbol loading diagnostics (!sym noisy) and repeating the command that caused symbols to be loaded.
You should also verify that your symbol search path (.sympath) is correct.
This dump file has an exception of interest stored in it.
The stored exception information can be accessed via .ecxr.
(1fb4.26d8): Unknown exception - code c0000602 (first/second chance not available)
For analysis of this file, run !analyze -v
*** WARNING: Unable to verify checksum for coreclr.dll
eax=00778288 ebx=00000000 ecx=00000000 edx=00000000 esi=00778238 edi=00778288
eip=726af170 esp=0077856c ebp=00779604 iopl=0         nv up ei pl nz ac po nc
cs=0023  ss=002b  ds=002b  es=002b  fs=0053  gs=002b             efl=00000212
coreclr!FailFastOnAssert+0x21:
726af170 5e              pop     esi
0:000> cdb: Reading initial command '$<C:hwA4D7096F		mp3whfra.tmp'
0:000> .load C:Users
unner.dotnetsossos.dll
0:000> ~*k

.  0  Id: 1fb4.26d8 Suspend: 0 Teb: 0043a000 Unfrozen
ChildEBP RetAddr  
00778578 726afee0 coreclr!FailFastOnAssert+0x21
00779604 7226ba48 coreclr!_DbgBreakCheck+0x337
*** WARNING: Unable to verify checksum for clrjit.dll
0077966c 70add14e coreclr!CEEInfo::doAssert+0x68
0077b6a0 70adc2a5 clrjit!assertAbort+0xd8
0077ca60 70ad4179 clrjit!emitter::getLoopSize+0x238
0077ca9c 70ad9314 clrjit!emitter::emitCalculatePaddingForLoopAlignment+0x81
0077caf8 70ab7a70 clrjit!emitter::emitLoopAlignAdjustments+0x1bb
0077cb08 70ab3314 clrjit!CodeGen::genGenerateMachineCode+0x360
0077cb14 70bda9a8 clrjit!CodeGenPhase::DoPhase+0x
```

**Stack trace:**
```
   at Xunit.Assert.True(Nullable`1 condition, String userMessage) in /_/src/Microsoft.DotNet.XUnitAssert/src/BooleanAsserts.cs:line 146
   at Xunit.Assert.True(Boolean condition, String userMessage) in /_/src/Microsoft.DotNet.XUnitAssert/src/BooleanAsserts.cs:line 128
   at TestLibrary.OutOfProcessTest.RunOutOfProcessTest(String assemblyPath, String testPathPrefix)
   at Program.<<Main>$>g__TestExecutor11|0_12(StreamWriter tempLogSw, StreamWriter statsCsvSw, <>c__DisplayClass0_0&)
```

**Comment by TIHan** [comment]
I'm able to reproduce the assertion, will be looking into it.

**Comment by TIHan** [comment]
Assertion first starts appearing after https://github.com/dotnet/runtime/pull/101894 but not sure if the change is the actual cause.

Here are the dumps from before and after the change.
[dump_before.txt](https://github.com/dotnet/runtime/files/15410787/dump_pass.txt)
[dump_after.txt](https://github.com/dotnet/runtime/files/15410790/dump_fail.txt)

**Comment by TIHan** [comment]
@kunalspathak and I went through this one for several hours, it's not trivial. I'll sum up what we learned.

## Why does the assertion occur?

When validating loop alignment, the align instruction's loop header IG does not match the loop back edge IG.
```
Mismatch in align instruction.
Containing IG: IG06
loopHeadPredIG: IG83
loopHeadIG: IG84
igInLoop: IG87
igInLoop->igLoopBackEdge: IG85
igInLoop has align instruction for : IG88
```
Notice `loopHeadIG: IG84` and `igInLoop->igLoopBackEdge: IG85`. These should be identical, either `IG84` or `IG85` - we don't know yet.

## Why are `loopHeadIG` and `igLoopBackEdge` different?

`loopHeadIG` is set to `IG84` by `emitConnectAlignInstrWithCurIG()`. At this point, `IG84` does not have any instructions.

Later on, the block that holds `IG84`, its `bbEmitCookie` gets set via `emitAddLabel`:
```cpp
        if (needLabel)
        {
            // Mark a label and update the current set of live GC refs

            block->bbEmitCookie = GetEmitter()->emitAddLabel(gcInfo.gcVarPtrSetCur, gcInfo.gcRegGCrefSetCur,
                                                             gcInfo.gcRegByrefSetCur, block->Prev());
```

The result from `emitAddLabel` is `IG85`, which means the `bbEmitCookie` is now set to `IG85`.
The `bbEmitCookie` is used to set `igLoopBackEdge`. This explains why `loopHeadIG` and `igLoopBackEdge` are not the same.

## Why does `emitAddLabel` return `IG85`?

When we call `emitAddLabel`, the current IG is `IG84` with **no instructions**.
However, `emitAddLabel` handles a special GC case:
```cpp
    // if starting a new block that can be a target of a branch and the last instruction was GC-capable call.
    if ((prevBlock != nullptr) && emitComp->compCurBB->HasFlag(BBF_HAS_LABEL) && emitLastInsIsCallWithGC())
    {
        // no GC-capable calls expected in prolog
        assert(!emitIGisInEpilog(emitLastInsIG));

        // We have just emitted a call that can do GC and conservatively recorded what is alive after the call.
        // Now we see that the next instruction may be reachable by a branch with a different liveness.
        // We want to maintain the invariant that the GC info at IP after a GC-capable call is the same
        // regardless how it is reached.
        // One way to ensure that is by adding an instruction (NOP or BRK) after the call.
        if ((emitThisGCrefRegs != gcrefRegs) || (emitThisByrefRegs != byrefRegs) ||
            !VarSetOps::Equal(emitComp, emitThisGCrefVars, GCvars))
        {
            if (prevBlock->KindIs(BBJ_THROW))
            {
                emitIns(INS_BREAKPOINT);
            }
            else
            {
                // other block kinds should emit something at the end that is not a call.
                assert(prevBlock->KindIs(BBJ_ALWAYS));
                // CONSIDER: In many cases we could instead patch up the GC info for previous call instruction.
                emitIns(INS_nop);
            }
        }
    }
```

For this scenario, the `emitIns(INS_nop);` will be hit and now `IG84` has one instruction, `nop`.
Because `IG84` has an instruction, a new IG has to be created:
```cpp
    /* Create a new IG if the current one is non-empty */

    if (emitCurIGnonEmpty())
    {
        emitNxtIG();
    }
```
This is where `IG85` is created and is now the current IG, which gets returned from `emitAddLabel`.

## What can we do?

@kunalspathak and I will be looking into this more. We do not know yet what the behavior should be when this happens. Do we update the align instruction's `loopHeadIG` with `IG85`? Or do we just bail on alignment in this very rare case?

**Comment by v-wenyuxu** [comment]
**Failed in:** [runtime-coreclr jitstress2-jitstressregs 20240526.1](https://dev.azure.com/dnceng-public/public/_build/results?buildId=688029&view=ms.vss-test-web.build-test-results-tab&runId=17086316&resultId=119807&paneView=debug)

**Failed tests:**
```
coreclr windows x86 Checked jitstress2_jitstressregs0x80 @ Windows.10.Amd64.Open
    - Regressions/coreclr/0582/csgen.1/csgen.1.cmd
```

**Error message:**
```
 
Assert failure(PID 3256 [0x00000cb8], Thread: 1116 [0x045c]): Assertion failed 'false && !"Mismatch in align instruction"' in 'BB:Static1(double[,,][],byref,int,byref)' during 'Generate code' (IL size 343; hash 0xadca06fd; FullOpts)

    File: D:_work1ssrccoreclrjitemit.cpp:5931
    Image: C:hwAE1A0919pcorerun.exe


Return code:      1
Raw output file:      C:hwAE1A0919wB5700A30uploadscoreclr
Raw output:
BEGIN EXECUTION
 "C:hwAE1A0919pcorerun.exe" -p "System.Reflection.Metadata.MetadataUpdater.IsSupported=false" -p "System.Runtime.Serialization.EnableUnsafeBinaryFormatterSerialization=true"  csgen.1.dll 


Mismatch in align instruction.
Containing IG: IG52
loopHeadPredIG: IG86
loopHeadIG: IG87
igInLoop: IG90
igInLoop->igLoopBackEdge: IG88
igInLoop has align instruction for : IG91
Loop:
	IG87
	IG88
	IG89
	IG90
	IG91
	IG92
	IG93
	IG94
	IG95
	IG96
	IG97
	IG98
	IG99
	IG100
	IG101
	IG102
	IG103
	IG104
	IG105
	IG106
	IG107
	IG108
	IG109
	IG110
	IG111
	IG112
	IG113
	IG114
	IG115
	IG116
	IG117
	IG118
	IG119
	IG120
	IG121
	IG122
Did not find IG with back edge to IG87
Expected: 100
Actual: -1073740286
END EXECUTION - FAILED
FAILED
Test failed. Trying to see if dump file was created in C:cores since 5/26/2024 6:53:53 PM
Processing C:corescorerun.exe.3256.dmp
Invoking: C:Program Files (x86)Windows Kits10Debuggerscdb.exe -c "$<C:hwAE1A0919		mptu5pzw.tmp" -z "C:corescorerun.exe.3256.dmp"
stdout: 
Microsoft (R) Windows Debugger Version 10.0.18362.1 X86
Copyright (c) Microsoft Corporation. All rights reserved.


Loading Dump File [C:corescorerun.exe.3256.dmp]
User Mini Dump File with Full Memory: Only application data is available


************* Path validation summary **************
Response                         Time (ms)     Location
OK                                             C:hwAE1A0919pPDB
Symbol search path is: C:hwAE1A0919pPDB
Executable search path is: 
Windows 10 Version 14393 MP (4 procs) Free x86 compatible
Product: Server, suite: TerminalServer DataCenter SingleUserTS
10.0.14393.6343 (rs1_release.230913-1727)
Machine Name:
Debug session time: Sun May 26 18:53:58.000 2024 (UTC + 0:00)
System Uptime: 0 days 0:08:59.094
Process Uptime: 0 days 0:00:05.000
.............................

************* Symbol Loading Error Summary **************
Module name            Error
ntdll                  The system cannot find the file specified

You can troubleshoot most symbol related issues by turning on symbol loading diagnostics (!sym noisy) and repeating the command that caused symbols to be loaded.
You should also verify that your symbol search path (.sympath) is correct.
This dump file has an exception of interest stored in it.
The stored exception information can be accessed via .ecxr.
(cb8.45c): Unknown exception - code c0000602 (first/second chance not available)
For analysis of this file, run !analyze -v
*** WARNING: Unable to verify checksum for coreclr.dll
eax=01378308 ebx=00000000 ecx=00000000 edx=00000000 esi=013782b8 edi=01378308
eip=7266a69d esp=013785ec ebp=01379684 iopl=0         nv up ei pl nz ac pe nc
cs=0023  ss=002b  ds=002b  es=002b  fs=0053  gs=002b             efl=00000216
coreclr!FailFastOnAssert+0x21:
7266a69d 5e              pop     esi
0:000> cdb: Reading initial command '$<C:hwAE1A0919		mptu5pzw.tmp'
0:000> .load C:Users
unner.dotnetsossos.dll
0:000> ~*k

.  0  Id: cb8.45c Suspend: 0 Teb: 0112f000 Unfrozen
ChildEBP RetAddr  
013785f8 7266b40d coreclr!FailFastOnAssert+0x21
01379684 72226618 coreclr!_DbgBreakCheck+0x337
*** WARNING: Unable to verify checksum for clrjit.dll
013796ec 70abd36e coreclr!CEEInfo::doAssert+0x68
0137b720 70abc4ca clrjit!assertAbort+0xd8
0137cae0 70ab431a clrjit!emitter::getLoopSize+0x238
0137cb1c 70ab9509 clrjit!emitter::emitCalculatePaddingForLoopAlignment+0x81
0137cb78 70a97b80 clrjit!emitter::emitLoopAlignAdjustments+0x1bb
0137cb88 70a93334 clrjit!CodeGen::genGenerateMachineCode+0x360
0137cb94 70bbb1b8 clrjit!CodeGenPhase::DoPhase+0x14
0137cbc8 70a97788 cl
```

**Stack trace:**
```
   at Xunit.Assert.True(Nullable`1 condition, String userMessage) in /_/src/Microsoft.DotNet.XUnitAssert/src/BooleanAsserts.cs:line 146
   at Xunit.Assert.True(Boolean condition, String userMessage) in /_/src/Microsoft.DotNet.XUnitAssert/src/BooleanAsserts.cs:line 128
   at TestLibrary.OutOfProcessTest.RunOutOfProcessTest(String assemblyPath, String testPathPrefix)
   at Program.<<Main>$>g__TestExecutor11|0_12(StreamWriter tempLogSw, StreamWriter statsCsvSw, <>c__DisplayClass0_0&)
```

**Comment by jakobbotsch** [comment]
> However, `emitAddLabel` handles a special GC case:
> 
> ```c++
>     // if starting a new block that can be a target of a branch and the last instruction was GC-capable call.
>     if ((prevBlock != nullptr) && emitComp->compCurBB->HasFlag(BBF_HAS_LABEL) && emitLastInsIsCallWithGC())
>     {
>         // no GC-capable calls expected in prolog
>         assert(!emitIGisInEpilog(emitLastInsIG));
> 
>         // We have just emitted a call that can do GC and conservatively recorded what is alive after the call.
>         // Now we see that the next instruction may be reachable by a branch with a different liveness.
>         // We want to maintain the invariant that the GC info at IP after a GC-capable call is the same
>         // regardless how it is reached.
>         // One way to ensure that is by adding an instruction (NOP or BRK) after the call.
>         if ((emitThisGCrefRegs != gcrefRegs) || (emitThisByrefRegs != byrefRegs) ||
>             !VarSetOps::Equal(emitComp, emitThisGCrefVars, GCvars))
>         {
>             if (prevBlock->KindIs(BBJ_THROW))
>             {
>                 emitIns(INS_BREAKPOINT);
>             }
>             else
>             {
>                 // other block kinds should emit something at the end that is not a call.
>                 assert(prevBlock->KindIs(BBJ_ALWAYS));
>                 // CONSIDER: In many cases we could instead patch up the GC info for previous call instruction.
>                 emitIns(INS_nop);
>             }
>         }
>     }
> ```
> 
> For this scenario, the `emitIns(INS_nop);` will be hit and now `IG84` has one instruction, `nop`.

This code was added by #95565. I do wonder why we didn't see the failures as part of that PR.
