### ISSUE TITLE
Test failure: Interop/COM/NETClients/Lifetime/NETClientLifetime/NETClientLifetime.cmd

### ISSUE THREAD

**Issue by v-wenyuxu** [dotnet/runtime#112334]
**Failed in:** [runtime-coreclr jitstress-random 20250209.1](https://dev.azure.com/dnceng-public/public/_build/results?buildId=945874&view=ms.vss-test-web.build-test-results-tab&runId=25112604&resultId=118813&paneView=debug)

**Failed tests:**
```
coreclr windows x64 Checked jitstress_random_2 @ Windows.10.Amd64.Open
    - Interop/COM/NETClients/Lifetime/NETClientLifetime/NETClientLifetime.cmd
coreclr windows x64 Checked jitstress_random_1 @ Windows.10.Amd64.Open
    - Interop/COM/NETClients/Lifetime/NETClientLifetime/NETClientLifetime.cmd
```

**Error message:**
```
 
Assert failure(PID 4840 [0x000012e8], Thread: 5296 [0x14b0]): !"Cannot cleanup RCWs in cleanup list. Most likely because the RCW is disabled for eager cleanup."

CORECLR! RCWCache::ReleaseWrappersWorker + 0x578 (0x00007ffd`718db348)
CORECLR! ReleaseRCWsInCaches + 0x13E (0x00007ffd`716af14e)
CORECLR! ReleaseRCWsInCachesNoThrow + 0x1ED (0x00007ffd`716af46d)
CORECLR! Thread::CleanupCOMState + 0xED (0x00007ffd`71545fcd)
CORECLR! Thread::OnThreadTerminate + 0x18A (0x00007ffd`715512ca)
CORECLR! DestroyThread + 0x159 (0x00007ffd`71548c69)
CORECLR! KickOffThread + 0x27A (0x00007ffd`715e40fa)
KERNEL32! BaseThreadInitThunk + 0x14 (0x00007ffd`a0c584d4)
NTDLL! RtlUserThreadStart + 0x21 (0x00007ffd`a12b1a11)
    File: D:_work1ssrccoreclrm
untimecallablewrapper.cpp:893
    Image: C:hwA70508BCpcorerun.exe


Return code:      1
Raw output file:      C:hwA70508BCwA6F00947uploadsCOMNETClientsLifetimeNETClientLifetimeoutput.txt
Raw output:
BEGIN EXECUTION
 "C:hwA70508BCpcorerun.exe" -p "System.Reflection.Metadata.MetadataUpdater.IsSupported=false" -p "System.Runtime.Serialization.EnableUnsafeBinaryFormatterSerialization=true"  NETClientLifetime.dll 
Calling Validate_COMServer_CleanUp...
Calling Validate_COMServer_DisableEagerCleanUp...
Test Failure: Xunit.Sdk.EqualException: Assert.Equal() Failure: Values differ
Expected: 0
Actual:   1
   at Xunit.Assert.Equal[T](T expected, T actual, IEqualityComparer`1 comparer) in /_/src/Microsoft.DotNet.XUnitAssert/src/EqualityAsserts.cs:line 174
   at NetClient.Program.Validate_COMServer_DisableEagerCleanUp()
   at NetClient.Program.<>c__DisplayClass6_0.<TestEntryPoint>b__0()
Expected: 100
Actual: -1073740286
END EXECUTION - FAILED
FAILED
Test failed. Trying to see if dump file was created in C:cores since 2/9/2025 7:51:06 PM
Processing C:corescorerun.exe.4840.dmp
Invoking: C:Program Files (x86)Windows Kits10Debuggersdcdb.exe -c "$<C:hwA70508BC		mpyns5yp.tmp" -z "C:corescorerun.exe.4840.dmp"
stdout: 
Microsoft (R) Windows Debugger Version 10.0.18362.1 AMD64
Copyright (c) Microsoft Corporation. All rights reserved.


Loading Dump File [C:corescorerun.exe.4840.dmp]
User Mini Dump File with Full Memory: Only application data is available


************* Path validation summary **************
Response                         Time (ms)     Location
OK                                             C:hwA70508BCpPDB
Symbol search path is: C:hwA70508BCpPDB
Executable search path is: 
Windows 10 Version 14393 MP (4 procs) Free x64
Product: Server, suite: TerminalServer DataCenter SingleUserTS
10.0.14393.6343 (rs1_release.230913-1727)
Machine Name:
Debug session time: Sun Feb  9 19:51:10.000 2025 (UTC + 0:00)
System Uptime: 0 days 1:10:31.562
Process Uptime: 0 days 0:00:04.000
..............................................

************* Symbol Loading Error Summary **************
Module name            Error
ntdll                  The system cannot find the file specified

You can troubleshoot most symbol related issues by turning on symbol loading diagnostics (!sym noisy) and repeating the command that caused symbols to be loaded.
You should also verify that your symbol search path (.sympath) is correct.
This dump file has an exception of interest stored in it.
The stored exception information can be accessed via .ecxr.
(12e8.14b0): Unknown exception - code c0000602 (first/second chance not available)
For analysis of this file, run !analyze -v
*** WARNING: Unable to verify checksum for coreclr.dll
KERNELBASE!RaiseFailFastException+0xae:
00007ffd`9e3e973e 803ddd77120000  cmp     byte ptr [KERNELBASE!local_unwind+0x75f2 (00007ffd`9e510f22)],0 ds:00007ffd`9e510f22=00
0:007> cdb: Reading initial command '$<C:hwA70508BC		mpyns5yp.tmp'
0:007> .load C:Users
unner.dotnetsossos.dll
0:007> ~*k

   0  Id: 12e8.edc Suspend: 0 Teb: 00000098`b497e000 Unfrozen
Child-SP          RetAddr           Call Site
00000098`b4b7d818 00007ffd`9e364ddf ntdll!NtWaitForMultipleObjects+0x14
00000098`b4b7d820 00007ffd`71549529 KERNELBASE!WaitFor
```

**Stack trace:**
```
   at TestLibrary.OutOfProcessTest.RunOutOfProcessTest(String assemblyPath, String testPathPrefix)
   at Program.<<Main>$>g__TestExecutor225|25_226(StreamWriter tempLogSw, StreamWriter statsCsvSw, <>c__DisplayClass25_0&)
```

**Comment by EgorBo** [comment]
The stack-trace implies it's a VM/Interop issue

**Comment by JulieLeeMSFT** [comment]
Thanks @EgorBo for the initial triage. 
@AaronRobinsonMSFT, @janvorli, could you please take a look?

**Comment by v-wenyuxu** [comment]
**Failed in:** [runtime-coreclr jitstress-random 20250216.1](https://dev.azure.com/dnceng-public/public/_build/results?buildId=953982&view=ms.vss-test-web.build-test-results-tab&runId=25368290&resultId=119325&paneView=debug)

**Failed tests:**
```
coreclr windows x86 Checked jitstress_random_1 @ Windows.10.Amd64.Open
    - Interop/COM/NETClients/Lifetime/NETClientLifetime/NETClientLifetime.cmd
```

**Error message:**
```
 
Assert failure(PID 4392 [0x00001128], Thread: 896 [0x0380]): !"Cannot cleanup RCWs in cleanup list. Most likely because the RCW is disabled for eager cleanup."

CORECLR! RCWCache::ReleaseWrappersWorker + 0x3E8 (0x71f2fc04)
CORECLR! ReleaseRCWsInCaches + 0x15A (0x71db0571)
CORECLR! ReleaseRCWsInCachesNoThrow + 0xC2 (0x71db06b9)
CORECLR! Thread::CleanupCOMState + 0xB1 (0x71cb4a21)
CORECLR! Thread::OnThreadTerminate + 0xF2 (0x71cbc3d1)
CORECLR! DestroyThread + 0xE2 (0x71cb67af)
CORECLR! KickOffThread + 0x166 (0x71d1fde6)
KERNEL32! BaseThreadInitThunk + 0x24 (0x75bf62c4)
NTDLL! RtlSubscribeWnfStateChangeNotification + 0x439 (0x775908b9)
NTDLL! RtlSubscribeWnfStateChangeNotification + 0x404 (0x77590884)
    File: D:_work1ssrccoreclrm
untimecallablewrapper.cpp:893
    Image: C:hwC1A809E4pcorerun.exe


Return code:      1
Raw output file:      C:hwC1A809E4w9A3F08BFuploadsCOMNETClientsLifetimeNETClientLifetimeoutput.txt
Raw output:
BEGIN EXECUTION
 "C:hwC1A809E4pcorerun.exe" -p "System.Reflection.Metadata.MetadataUpdater.IsSupported=false" -p "System.Runtime.Serialization.EnableUnsafeBinaryFormatterSerialization=true"  NETClientLifetime.dll 
Calling Validate_COMServer_CleanUp...
Calling Validate_COMServer_DisableEagerCleanUp...
Test Failure: Xunit.Sdk.EqualException: Assert.Equal() Failure: Values differ
Expected: 0
Actual:   6
   at Xunit.Assert.Equal[T](T expected, T actual, IEqualityComparer`1 comparer) in /_/src/Microsoft.DotNet.XUnitAssert/src/EqualityAsserts.cs:line 174
   at NetClient.Program.Validate_COMServer_DisableEagerCleanUp()
   at NetClient.Program.<>c__DisplayClass6_0.<TestEntryPoint>b__0()
Expected: 100
Actual: -1073740286
END EXECUTION - FAILED
FAILED
Test failed. Trying to see if dump file was created in C:cores since 2/16/2025 8:05:03 PM
Processing C:corescorerun.exe.4392.dmp
Invoking: C:Program Files (x86)Windows Kits10Debuggerscdb.exe -c "$<C:hwC1A809E4		mpwp304n.tmp" -z "C:corescorerun.exe.4392.dmp"
stdout: 
Microsoft (R) Windows Debugger Version 10.0.18362.1 X86
Copyright (c) Microsoft Corporation. All rights reserved.


Loading Dump File [C:corescorerun.exe.4392.dmp]
User Mini Dump File with Full Memory: Only application data is available


************* Path validation summary **************
Response                         Time (ms)     Location
OK                                             C:hwC1A809E4pPDB
Symbol search path is: C:hwC1A809E4pPDB
Executable search path is: 
Windows 10 Version 14393 MP (4 procs) Free x86 compatible
Product: Server, suite: TerminalServer DataCenter SingleUserTS
10.0.14393.6343 (rs1_release.230913-1727)
Machine Name:
Debug session time: Sun Feb 16 20:05:08.000 2025 (UTC + 0:00)
System Uptime: 0 days 6:09:22.992
Process Uptime: 0 days 0:00:05.000
................................................

************* Symbol Loading Error Summary **************
Module name            Error
ntdll                  The system cannot find the file specified

You can troubleshoot most symbol related issues by turning on symbol loading diagnostics (!sym noisy) and repeating the command that caused symbols to be loaded.
You should also verify that your symbol search path (.sympath) is correct.
This dump file has an exception of interest stored in it.
The stored exception information can be accessed via .ecxr.
(1128.380): Unknown exception - code c0000602 (first/second chance not available)
For analysis of this file, run !analyze -v
*** WARNING: Unable to verify checksum for coreclr.dll
eax=08d4e038 ebx=00000000 ecx=00000000 edx=00000000 esi=08d4dfe8 edi=08d4e038
eip=72007ae5 esp=08d4e318 ebp=08d4f3a4 iopl=0         nv up ei pl nz ac po nc
cs=0023  ss=002b  ds=002b  es=002b  fs=0053  gs=002b             efl=00000212
coreclr!FailFastOnAssert+0x21:
72007ae5 5e              pop     esi
0:007> cdb: Reading initial command '$<C:hwC1A809E4		mpwp304n.tmp'
0:007> .load C:Users
unner.dotnetsossos.dll
0:007> ~*k

   0  Id: 1128.1d68 Suspend: 0 Teb: 007c7000 Unfrozen
ChildEBP RetAddr  
WARNING: Stack 
```

**Stack trace:**
```
   at Xunit.Assert.True(Nullable`1 condition, String userMessage) in /_/src/Microsoft.DotNet.XUnitAssert/src/BooleanAsserts.cs:line 141
   at TestLibrary.OutOfProcessTest.RunOutOfProcessTest(String assemblyPath, String testPathPrefix)
   at Program.<<Main>$>g__TestExecutor225|25_226(StreamWriter tempLogSw, StreamWriter statsCsvSw, <>c__DisplayClass25_0&)
```

**Comment by v-wenyuxu** [comment]
**Failed in:** [runtime-coreclr jitstress-random 20250223.1](https://dev.azure.com/dnceng-public/public/_build/results?buildId=960376&view=ms.vss-test-web.build-test-results-tab&runId=25566956&resultId=118855&paneView=debug)

**Failed tests:**
```
coreclr windows x64 Checked jitstress_random_2 @ Windows.10.Amd64.Open
    - Interop/COM/NETClients/Lifetime/NETClientLifetime/NETClientLifetime.cmd
```

**Error message:**
```
 
Assert failure(PID 4028 [0x00000fbc], Thread: 6548 [0x1994]): !"Cannot cleanup RCWs in cleanup list. Most likely because the RCW is disabled for eager cleanup."

CORECLR! RCWCache::ReleaseWrappersWorker + 0x578 (0x00007ffa`9f71a5a8)
CORECLR! ReleaseRCWsInCaches + 0x13E (0x00007ffa`9f4ee6be)
CORECLR! ReleaseRCWsInCachesNoThrow + 0x1ED (0x00007ffa`9f4ee9dd)
CORECLR! Thread::CleanupCOMState + 0xED (0x00007ffa`9f3856cd)
CORECLR! Thread::OnThreadTerminate + 0x18A (0x00007ffa`9f39097a)
CORECLR! DestroyThread + 0x159 (0x00007ffa`9f388369)
CORECLR! KickOffThread + 0x27A (0x00007ffa`9f42370a)
KERNEL32! BaseThreadInitThunk + 0x14 (0x00007ffa`a86d84d4)
NTDLL! RtlUserThreadStart + 0x21 (0x00007ffa`aae81a11)
    File: D:_work1ssrccoreclrm
untimecallablewrapper.cpp:893
    Image: C:hwA3960920pcorerun.exe


Return code:      1
Raw output file:      C:hwA3960920wA4E30942uploadsCOMNETClientsLifetimeNETClientLifetimeoutput.txt
Raw output:
BEGIN EXECUTION
 "C:hwA3960920pcorerun.exe" -p "System.Reflection.Metadata.MetadataUpdater.IsSupported=false" -p "System.Runtime.Serialization.EnableUnsafeBinaryFormatterSerialization=true"  NETClientLifetime.dll 
Calling Validate_COMServer_CleanUp...
Calling Validate_COMServer_DisableEagerCleanUp...
Test Failure: Xunit.Sdk.EqualException: Assert.Equal() Failure: Values differ
Expected: 0
Actual:   6
   at Xunit.Assert.Equal[T](T expected, T actual, IEqualityComparer`1 comparer) in /_/src/Microsoft.DotNet.XUnitAssert/src/EqualityAsserts.cs:line 174
   at NetClient.Program.Validate_COMServer_DisableEagerCleanUp()
   at NetClient.Program.<>c__DisplayClass6_0.<TestEntryPoint>b__0()
Expected: 100
Actual: -1073740286
END EXECUTION - FAILED
FAILED
Test failed. Trying to see if dump file was created in C:cores since 2/23/2025 7:48:11 PM
Processing C:corescorerun.exe.4028.dmp
Invoking: C:Program Files (x86)Windows Kits10Debuggersdcdb.exe -c "$<C:hwA3960920		mptfjg3w.tmp" -z "C:corescorerun.exe.4028.dmp"
stdout: 
Microsoft (R) Windows Debugger Version 10.0.18362.1 AMD64
Copyright (c) Microsoft Corporation. All rights reserved.


Loading Dump File [C:corescorerun.exe.4028.dmp]
User Mini Dump File with Full Memory: Only application data is available


************* Path validation summary **************
Response                         Time (ms)     Location
OK                                             C:hwA3960920pPDB
Symbol search path is: C:hwA3960920pPDB
Executable search path is: 
Windows 10 Version 14393 MP (4 procs) Free x64
Product: Server, suite: TerminalServer DataCenter SingleUserTS
10.0.14393.6343 (rs1_release.230913-1727)
Machine Name:
Debug session time: Sun Feb 23 19:48:15.000 2025 (UTC + 0:00)
System Uptime: 0 days 1:09:18.635
Process Uptime: 0 days 0:00:04.000
..............................................

************* Symbol Loading Error Summary **************
Module name            Error
ntdll                  The system cannot find the file specified

You can troubleshoot most symbol related issues by turning on symbol loading diagnostics (!sym noisy) and repeating the command that caused symbols to be loaded.
You should also verify that your symbol search path (.sympath) is correct.
This dump file has an exception of interest stored in it.
The stored exception information can be accessed via .ecxr.
(fbc.1994): Unknown exception - code c0000602 (first/second chance not available)
For analysis of this file, run !analyze -v
*** WARNING: Unable to verify checksum for coreclr.dll
KERNELBASE!RaiseFailFastException+0xae:
00007ffa`a801a06e 803dad6e120000  cmp     byte ptr [KERNELBASE!local_unwind+0x7542 (00007ffa`a8140f22)],0 ds:00007ffa`a8140f22=00
0:007> cdb: Reading initial command '$<C:hwA3960920		mptfjg3w.tmp'
0:007> .load C:Users
unner.dotnetsossos.dll
0:007> ~*k

   0  Id: fbc.1ba8 Suspend: 0 Teb: 00000019`0347e000 Unfrozen
Child-SP          RetAddr           Call Site
00000019`0377d338 00007ffa`a7f94ddf ntdll!NtWaitForMultipleObjects+0x14
00000019`0377d340 00007ffa`9f388be9 KERNELBASE!WaitFor
```

**Stack trace:**
```
   at Xunit.Assert.True(Nullable`1 condition, String userMessage) in /_/src/Microsoft.DotNet.XUnitAssert/src/BooleanAsserts.cs:line 141
   at TestLibrary.OutOfProcessTest.RunOutOfProcessTest(String assemblyPath, String testPathPrefix)
   at Program.<<Main>$>g__TestExecutor225|25_226(StreamWriter tempLogSw, StreamWriter statsCsvSw, <>c__DisplayClass25_0&)
```

**Comment by v-wenyuxu** [comment]
**Failed in:** [runtime-coreclr jitstress-random 20250302.1](https://dev.azure.com/dnceng-public/public/_build/results?buildId=966740&view=ms.vss-test-web.build-test-results-tab&runId=25761348&resultId=118856&paneView=debug)

**Failed tests:**
```
coreclr windows x64 Checked jitstress_random_2 @ Windows.10.Amd64.Open
    - Interop/COM/NETClients/Lifetime/NETClientLifetime/NETClientLifetime.cmd
```

**Error message:**
```
 
Assert failure(PID 14624 [0x00003920], Thread: 3048 [0x0be8]): !"Cannot cleanup RCWs in cleanup list. Most likely because the RCW is disabled for eager cleanup."

CORECLR! RCWCache::ReleaseWrappersWorker + 0x578 (0x00007fff`788aa818)
CORECLR! ReleaseRCWsInCaches + 0x13E (0x00007fff`7867e94e)
CORECLR! ReleaseRCWsInCachesNoThrow + 0x1ED (0x00007fff`7867ec6d)
CORECLR! Thread::CleanupCOMState + 0xED (0x00007fff`7851597d)
CORECLR! Thread::OnThreadTerminate + 0x18A (0x00007fff`78520c7a)
CORECLR! DestroyThread + 0x159 (0x00007fff`78518629)
CORECLR! KickOffThread + 0x27A (0x00007fff`785b3a7a)
KERNEL32! BaseThreadInitThunk + 0x14 (0x00007fff`aa8784d4)
NTDLL! RtlUserThreadStart + 0x21 (0x00007fff`aa971a11)
    File: D:_work1ssrccoreclrm
untimecallablewrapper.cpp:893
    Image: C:hwA0E008B6pcorerun.exe


Return code:      1
Raw output file:      C:hwA0E008B6wB23E09B3uploadsCOMNETClientsLifetimeNETClientLifetimeoutput.txt
Raw output:
BEGIN EXECUTION
 "C:hwA0E008B6pcorerun.exe" -p "System.Reflection.Metadata.MetadataUpdater.IsSupported=false" -p "System.Runtime.Serialization.EnableUnsafeBinaryFormatterSerialization=true"  NETClientLifetime.dll 
Calling Validate_COMServer_CleanUp...
Calling Validate_COMServer_DisableEagerCleanUp...
Test Failure: Xunit.Sdk.EqualException: Assert.Equal() Failure: Values differ
Expected: 0
Actual:   6
   at Xunit.Assert.Equal[T](T expected, T actual, IEqualityComparer`1 comparer) in /_/src/Microsoft.DotNet.XUnitAssert/src/EqualityAsserts.cs:line 174
   at NetClient.Program.Validate_COMServer_DisableEagerCleanUp()
   at NetClient.Program.<>c__DisplayClass6_0.<TestEntryPoint>b__0()
Expected: 100
Actual: -1073740286
END EXECUTION - FAILED
FAILED
Test failed. Trying to see if dump file was created in C:cores since 3/2/2025 8:03:05 PM
Processing C:corescorerun.exe.14624.dmp
Invoking: C:Program Files (x86)Windows Kits10Debuggersdcdb.exe -c "$<C:hwA0E008B6		mpr1a4tl.tmp" -z "C:corescorerun.exe.14624.dmp"
stdout: 
Microsoft (R) Windows Debugger Version 10.0.18362.1 AMD64
Copyright (c) Microsoft Corporation. All rights reserved.


Loading Dump File [C:corescorerun.exe.14624.dmp]
User Mini Dump File with Full Memory: Only application data is available


************* Path validation summary **************
Response                         Time (ms)     Location
OK                                             C:hwA0E008B6pPDB
Symbol search path is: C:hwA0E008B6pPDB
Executable search path is: 
Windows 10 Version 14393 MP (4 procs) Free x64
Product: Server, suite: TerminalServer DataCenter SingleUserTS
10.0.14393.6343 (rs1_release.230913-1727)
Machine Name:
Debug session time: Sun Mar  2 20:03:09.000 2025 (UTC + 0:00)
System Uptime: 0 days 2:36:04.456
Process Uptime: 0 days 0:00:04.000
..............................................

************* Symbol Loading Error Summary **************
Module name            Error
ntdll                  The system cannot find the file specified

You can troubleshoot most symbol related issues by turning on symbol loading diagnostics (!sym noisy) and repeating the command that caused symbols to be loaded.
You should also verify that your symbol search path (.sympath) is correct.
This dump file has an exception of interest stored in it.
The stored exception information can be accessed via .ecxr.
(3920.be8): Unknown exception - code c0000602 (first/second chance not available)
For analysis of this file, run !analyze -v
*** WARNING: Unable to verify checksum for coreclr.dll
KERNELBASE!RaiseFailFastException+0xae:
00007fff`a721a06e 803dad6e120000  cmp     byte ptr [KERNELBASE!local_unwind+0x7542 (00007fff`a7340f22)],0 ds:00007fff`a7340f22=00
0:007> cdb: Reading initial command '$<C:hwA0E008B6		mpr1a4tl.tmp'
0:007> .load C:Users
unner.dotnetsossos.dll
0:007> ~*k

   0  Id: 3920.23c8 Suspend: 0 Teb: 000000bd`bf047000 Unfrozen
Child-SP          RetAddr           Call Site
000000bd`bf37d868 00007fff`a7194ddf ntdll!NtWaitForMultipleObjects+0x14
000000bd`bf37d870 00007fff`78518eb9 KERNELBASE!Wai
```

**Stack trace:**
```
   at TestLibrary.OutOfProcessTest.RunOutOfProcessTest(String assemblyPath, String testPathPrefix)
   at Program.<<Main>$>g__TestExecutor225|25_226(StreamWriter tempLogSw, StreamWriter statsCsvSw, <>c__DisplayClass25_0&)
```

**Comment by v-wenyuxu** [comment]
**Failed in:** [runtime-coreclr jitstress-random 20250309.1](https://dev.azure.com/dnceng-public/public/_build/results?buildId=973342&view=ms.vss-test-web.build-test-results-tab&runId=25946842&resultId=119035&paneView=debug)

**Failed tests:**
```
coreclr windows x86 Checked jitstress_random_1 @ Windows.10.Amd64.Open
    - Interop/COM/NETClients/Lifetime/NETClientLifetime/NETClientLifetime.cmd
```

**Error message:**
```
 
Assert failure(PID 12304 [0x00003010], Thread: 14144 [0x3740]): !"Cannot cleanup RCWs in cleanup list. Most likely because the RCW is disabled for eager cleanup."

CORECLR! RCWCache::ReleaseWrappersWorker + 0x3E8 (0x71fbf4c4)
CORECLR! ReleaseRCWsInCaches + 0x15A (0x71e3fd4b)
CORECLR! ReleaseRCWsInCachesNoThrow + 0xC2 (0x71e3fe94)
CORECLR! Thread::CleanupCOMState + 0xB1 (0x71d44291)
CORECLR! Thread::OnThreadTerminate + 0xF2 (0x71d4bc43)
CORECLR! DestroyThread + 0xE2 (0x71d4601f)
CORECLR! KickOffThread + 0x166 (0x71daf716)
KERNEL32! BaseThreadInitThunk + 0x24 (0x76b862c4)
NTDLL! RtlSubscribeWnfStateChangeNotification + 0x439 (0x775808b9)
NTDLL! RtlSubscribeWnfStateChangeNotification + 0x404 (0x77580884)
    File: D:_work1ssrccoreclrm
untimecallablewrapper.cpp:893
    Image: C:hwCC050ACApcorerun.exe


Return code:      1
Raw output file:      C:hwCC050ACAwB339098FuploadsCOMNETClientsLifetimeNETClientLifetimeoutput.txt
Raw output:
BEGIN EXECUTION
 "C:hwCC050ACApcorerun.exe" -p "System.Reflection.Metadata.MetadataUpdater.IsSupported=false" -p "System.Runtime.Serialization.EnableUnsafeBinaryFormatterSerialization=true"  NETClientLifetime.dll 
Calling Validate_COMServer_CleanUp...
Calling Validate_COMServer_DisableEagerCleanUp...
Test Failure: Xunit.Sdk.EqualException: Assert.Equal() Failure: Values differ
Expected: 0
Actual:   6
   at Xunit.Assert.Equal[T](T expected, T actual, IEqualityComparer`1 comparer) in /_/src/Microsoft.DotNet.XUnitAssert/src/EqualityAsserts.cs:line 174
   at NetClient.Program.Validate_COMServer_DisableEagerCleanUp()
   at NetClient.Program.<>c__DisplayClass6_0.<TestEntryPoint>b__0()
Expected: 100
Actual: -1073740286
END EXECUTION - FAILED
FAILED
Test failed. Trying to see if dump file was created in C:cores since 3/9/2025 7:47:11 PM
Processing C:corescorerun.exe.12304.dmp
Invoking: C:Program Files (x86)Windows Kits10Debuggerscdb.exe -c "$<C:hwCC050ACA		mp03cm0a.tmp" -z "C:corescorerun.exe.12304.dmp"
stdout: 
Microsoft (R) Windows Debugger Version 10.0.18362.1 X86
Copyright (c) Microsoft Corporation. All rights reserved.


Loading Dump File [C:corescorerun.exe.12304.dmp]
User Mini Dump File with Full Memory: Only application data is available


************* Path validation summary **************
Response                         Time (ms)     Location
OK                                             C:hwCC050ACApPDB
Symbol search path is: C:hwCC050ACApPDB
Executable search path is: 
Windows 10 Version 14393 MP (4 procs) Free x86 compatible
Product: Server, suite: TerminalServer DataCenter SingleUserTS
10.0.14393.6343 (rs1_release.230913-1727)
Machine Name:
Debug session time: Sun Mar  9 19:47:19.000 2025 (UTC + 0:00)
System Uptime: 0 days 1:06:21.687
Process Uptime: 0 days 0:00:08.000
................................................

************* Symbol Loading Error Summary **************
Module name            Error
ntdll                  The system cannot find the file specified

You can troubleshoot most symbol related issues by turning on symbol loading diagnostics (!sym noisy) and repeating the command that caused symbols to be loaded.
You should also verify that your symbol search path (.sympath) is correct.
This dump file has an exception of interest stored in it.
The stored exception information can be accessed via .ecxr.
(3010.3740): Unknown exception - code c0000602 (first/second chance not available)
For analysis of this file, run !analyze -v
*** WARNING: Unable to verify checksum for coreclr.dll
eax=08cbd8e0 ebx=00000000 ecx=00000000 edx=00000000 esi=08cbd890 edi=08cbd8e0
eip=72097256 esp=08cbdbc4 ebp=08cbec50 iopl=0         nv up ei pl nz ac pe nc
cs=0023  ss=002b  ds=002b  es=002b  fs=0053  gs=002b             efl=00000216
coreclr!FailFastOnAssert+0x21:
72097256 5e              pop     esi
0:007> cdb: Reading initial command '$<C:hwCC050ACA		mp03cm0a.tmp'
0:007> .load C:Users
unner.dotnetsossos.dll
0:007> ~*k

   0  Id: 3010.1e2c Suspend: 0 Teb: 024a5000 Unfrozen
ChildEBP RetAddr  
WARNING: 
```

**Stack trace:**
```
   at Xunit.Assert.True(Nullable`1 condition, String userMessage) in /_/src/Microsoft.DotNet.XUnitAssert/src/BooleanAsserts.cs:line 141
   at TestLibrary.OutOfProcessTest.RunOutOfProcessTest(String assemblyPath, String testPathPrefix)
   at Program.<<Main>$>g__TestExecutor225|25_226(StreamWriter tempLogSw, StreamWriter statsCsvSw, <>c__DisplayClass25_0&)
```

**Comment by v-wenyuxu** [comment]
**Failed in:** [runtime-coreclr jitstress-random 20250312.1](https://dev.azure.com/dnceng-public/public/_build/results?buildId=978392&view=ms.vss-test-web.build-test-results-tab&runId=26074576&resultId=119333&paneView=debug)

**Failed tests:**
```
coreclr windows x64 Checked jitstress_random_1 @ Windows.10.Amd64.Open
    - Interop/COM/NETClients/Lifetime/NETClientLifetime/NETClientLifetime.cmd
```

**Error message:**
```
 
Assert failure(PID 3016 [0x00000bc8], Thread: 5996 [0x176c]): !"Cannot cleanup RCWs in cleanup list. Most likely because the RCW is disabled for eager cleanup."

CORECLR! RCWCache::ReleaseWrappersWorker + 0x578 (0x00007ffd`ca86cca8)
CORECLR! ReleaseRCWsInCaches + 0x13E (0x00007ffd`ca640dee)
CORECLR! ReleaseRCWsInCachesNoThrow + 0x1ED (0x00007ffd`ca64110d)
CORECLR! Thread::CleanupCOMState + 0xED (0x00007ffd`ca4d599d)
CORECLR! Thread::OnThreadTerminate + 0x18A (0x00007ffd`ca4e0c9a)
CORECLR! DestroyThread + 0x159 (0x00007ffd`ca4d8649)
CORECLR! KickOffThread + 0x27A (0x00007ffd`ca575d7a)
KERNEL32! BaseThreadInitThunk + 0x14 (0x00007ffd`f89184d4)
NTDLL! RtlUserThreadStart + 0x21 (0x00007ffd`facb1a11)
    File: D:_work1ssrccoreclrm
untimecallablewrapper.cpp:893
    Image: C:hwA96D098Fpcorerun.exe


Return code:      1
Raw output file:      C:hwA96D098FwACF60950uploadsCOMNETClientsLifetimeNETClientLifetimeoutput.txt
Raw output:
BEGIN EXECUTION
 "C:hwA96D098Fpcorerun.exe" -p "System.Reflection.Metadata.MetadataUpdater.IsSupported=false" -p "System.Runtime.Serialization.EnableUnsafeBinaryFormatterSerialization=true"  NETClientLifetime.dll 
Calling Validate_COMServer_CleanUp...
Calling Validate_COMServer_DisableEagerCleanUp...
Test Failure: Xunit.Sdk.EqualException: Assert.Equal() Failure: Values differ
Expected: 0
Actual:   6
   at Xunit.Assert.Equal[T](T expected, T actual, IEqualityComparer`1 comparer) in /_/src/Microsoft.DotNet.XUnitAssert/src/EqualityAsserts.cs:line 174
   at NetClient.Program.Validate_COMServer_DisableEagerCleanUp()
   at NetClient.Program.<>c__DisplayClass6_0.<TestEntryPoint>b__0()
Expected: 100
Actual: -1073740286
END EXECUTION - FAILED
FAILED
Test failed. Trying to see if dump file was created in C:cores since 3/13/2025 5:24:59 AM
Processing C:corescorerun.exe.3016.dmp
Invoking: C:Program Files (x86)Windows Kits10Debuggersdcdb.exe -c "$<C:hwA96D098F		mpnhb0nz.tmp" -z "C:corescorerun.exe.3016.dmp"
stdout: 
Microsoft (R) Windows Debugger Version 10.0.18362.1 AMD64
Copyright (c) Microsoft Corporation. All rights reserved.


Loading Dump File [C:corescorerun.exe.3016.dmp]
User Mini Dump File with Full Memory: Only application data is available


************* Path validation summary **************
Response                         Time (ms)     Location
OK                                             C:hwA96D098FpPDB
Symbol search path is: C:hwA96D098FpPDB
Executable search path is: 
Windows 10 Version 14393 MP (4 procs) Free x64
Product: Server, suite: TerminalServer DataCenter SingleUserTS
10.0.14393.6343 (rs1_release.230913-1727)
Machine Name:
Debug session time: Thu Mar 13 05:25:04.000 2025 (UTC + 0:00)
System Uptime: 0 days 0:31:26.139
Process Uptime: 0 days 0:00:05.000
..............................................

************* Symbol Loading Error Summary **************
Module name            Error
ntdll                  The system cannot find the file specified

You can troubleshoot most symbol related issues by turning on symbol loading diagnostics (!sym noisy) and repeating the command that caused symbols to be loaded.
You should also verify that your symbol search path (.sympath) is correct.
This dump file has an exception of interest stored in it.
The stored exception information can be accessed via .ecxr.
(bc8.176c): Unknown exception - code c0000602 (first/second chance not available)
For analysis of this file, run !analyze -v
*** WARNING: Unable to verify checksum for coreclr.dll
KERNELBASE!RaiseFailFastException+0xae:
00007ffd`f733a06e 803dad6e120000  cmp     byte ptr [KERNELBASE!local_unwind+0x7542 (00007ffd`f7460f22)],0 ds:00007ffd`f7460f22=00
0:007> cdb: Reading initial command '$<C:hwA96D098F		mpnhb0nz.tmp'
0:007> .load C:Users
unner.dotnetsossos.dll
0:007> ~*k

   0  Id: bc8.af0 Suspend: 0 Teb: 00000048`dcfa6000 Unfrozen
Child-SP          RetAddr           Call Site
00000048`dd17d918 00007ffd`f72b4ddf ntdll!NtWaitForMultipleObjects+0x14
00000048`dd17d920 00007ffd`ca4d8ed9 KERNELBASE!WaitForM
```

**Stack trace:**
```
   at Xunit.Assert.True(Nullable`1 condition, String userMessage) in /_/src/Microsoft.DotNet.XUnitAssert/src/BooleanAsserts.cs:line 141
   at TestLibrary.OutOfProcessTest.RunOutOfProcessTest(String assemblyPath, String testPathPrefix)
   at Program.<<Main>$>g__TestExecutor225|25_226(StreamWriter tempLogSw, StreamWriter statsCsvSw, <>c__DisplayClass25_0&)
```

**Comment by v-wenyuxu** [comment]
**Failed in:** [runtime-coreclr jitstress-random 20250316.1](https://dev.azure.com/dnceng-public/public/_build/results?buildId=982146&view=ms.vss-test-web.build-test-results-tab&runId=26198854&resultId=119333&paneView=debug)

**Failed tests:**
```
coreclr windows x86 Checked jitstress_random_2 @ Windows.10.Amd64.Open
    - Interop/COM/NETClients/Lifetime/NETClientLifetime/NETClientLifetime.cmd
```

**Error message:**
```
 
Assert failure(PID 5316 [0x000014c4], Thread: 1300 [0x0514]): !"Cannot cleanup RCWs in cleanup list. Most likely because the RCW is disabled for eager cleanup."

CORECLR! RCWCache::ReleaseWrappersWorker + 0x3E8 (0x72c8fce4)
CORECLR! ReleaseRCWsInCaches + 0x15A (0x72b1056a)
CORECLR! ReleaseRCWsInCachesNoThrow + 0xC2 (0x72b106b2)
CORECLR! Thread::CleanupCOMState + 0xB1 (0x72a146e1)
CORECLR! Thread::OnThreadTerminate + 0xF2 (0x72a1c093)
CORECLR! DestroyThread + 0xE2 (0x72a16471)
CORECLR! KickOffThread + 0x166 (0x72a7fd46)
KERNEL32! BaseThreadInitThunk + 0x24 (0x74b662c4)
NTDLL! RtlSubscribeWnfStateChangeNotification + 0x439 (0x77b908b9)
NTDLL! RtlSubscribeWnfStateChangeNotification + 0x404 (0x77b90884)
    File: D:_work1ssrccoreclrm
untimecallablewrapper.cpp:893
    Image: C:hwA9310921pcorerun.exe


Return code:      1
Raw output file:      C:hwA9310921w9B71088EuploadsCOMNETClientsLifetimeNETClientLifetimeoutput.txt
Raw output:
BEGIN EXECUTION
 "C:hwA9310921pcorerun.exe" -p "System.Reflection.Metadata.MetadataUpdater.IsSupported=false" -p "System.Runtime.Serialization.EnableUnsafeBinaryFormatterSerialization=true"  NETClientLifetime.dll 
Calling Validate_COMServer_CleanUp...
Calling Validate_COMServer_DisableEagerCleanUp...
Test Failure: Xunit.Sdk.EqualException: Assert.Equal() Failure: Values differ
Expected: 0
Actual:   6
   at Xunit.Assert.Equal[T](T expected, T actual, IEqualityComparer`1 comparer) in /_/src/Microsoft.DotNet.XUnitAssert/src/EqualityAsserts.cs:line 174
   at NetClient.Program.Validate_COMServer_DisableEagerCleanUp()
   at NetClient.Program.<>c__DisplayClass6_0.<TestEntryPoint>b__0()
Expected: 100
Actual: -1073740286
END EXECUTION - FAILED
FAILED
Test failed. Trying to see if dump file was created in C:cores since 3/16/2025 7:43:54 PM
Processing C:corescorerun.exe.5316.dmp
Invoking: C:Program Files (x86)Windows Kits10Debuggerscdb.exe -c "$<C:hwA9310921		mpkebtgf.tmp" -z "C:corescorerun.exe.5316.dmp"
stdout: 
Microsoft (R) Windows Debugger Version 10.0.18362.1 X86
Copyright (c) Microsoft Corporation. All rights reserved.


Loading Dump File [C:corescorerun.exe.5316.dmp]
User Mini Dump File with Full Memory: Only application data is available


************* Path validation summary **************
Response                         Time (ms)     Location
OK                                             C:hwA9310921pPDB
Symbol search path is: C:hwA9310921pPDB
Executable search path is: 
Windows 10 Version 14393 MP (4 procs) Free x86 compatible
Product: Server, suite: TerminalServer DataCenter SingleUserTS
10.0.14393.6343 (rs1_release.230913-1727)
Machine Name:
Debug session time: Sun Mar 16 19:44:02.000 2025 (UTC + 0:00)
System Uptime: 0 days 0:06:31.929
Process Uptime: 0 days 0:00:07.000
................................................

************* Symbol Loading Error Summary **************
Module name            Error
ntdll                  The system cannot find the file specified

You can troubleshoot most symbol related issues by turning on symbol loading diagnostics (!sym noisy) and repeating the command that caused symbols to be loaded.
You should also verify that your symbol search path (.sympath) is correct.
This dump file has an exception of interest stored in it.
The stored exception information can be accessed via .ecxr.
(14c4.514): Unknown exception - code c0000602 (first/second chance not available)
For analysis of this file, run !analyze -v
*** WARNING: Unable to verify checksum for coreclr.dll
eax=08f3d8f0 ebx=00000000 ecx=00000000 edx=00000000 esi=08f3d8a0 edi=08f3d8f0
eip=72d67a77 esp=08f3dbd0 ebp=08f3ec5c iopl=0         nv up ei pl nz ac pe nc
cs=0023  ss=002b  ds=002b  es=002b  fs=0053  gs=002b             efl=00000216
coreclr!FailFastOnAssert+0x21:
72d67a77 5e              pop     esi
0:007> cdb: Reading initial command '$<C:hwA9310921		mpkebtgf.tmp'
0:007> .load C:Users
unner.dotnetsossos.dll
0:007> ~*k

   0  Id: 14c4.1468 Suspend: 0 Teb: 009de000 Unfrozen
ChildEBP RetAddr  
WARNING: Stack
```

**Stack trace:**
```
   at TestLibrary.OutOfProcessTest.RunOutOfProcessTest(String assemblyPath, String testPathPrefix)
   at Program.<<Main>$>g__TestExecutor225|25_226(StreamWriter tempLogSw, StreamWriter statsCsvSw, <>c__DisplayClass25_0&)
```

**Comment by v-wenyuxu** [comment]
**Failed in:** [runtime-coreclr jitstress-random 20250323.1](https://dev.azure.com/dnceng-public/public/_build/results?buildId=990490&view=ms.vss-test-web.build-test-results-tab&runId=26439556&resultId=116824&paneView=debug)

**Failed tests:**
```
coreclr windows arm64 Checked jitstress_random_1 @ Windows.11.Arm64.Open
    - Interop/COM/NETClients/Lifetime/NETClientLifetime/NETClientLifetime.cmd
```

**Error message:**
```
 
Assert failure(PID 8912 [0x000022d0], Thread: 3448 [0x0d78]): !"Cannot cleanup RCWs in cleanup list. Most likely because the RCW is disabled for eager cleanup."

CORECLR! RCWCache::ReleaseWrappersWorker + 0x52C (0x00007ffb`e18598ec)
CORECLR! ReleaseRCWsInCaches + 0x28 (0x00007ffb`e1762f90)
CORECLR! ReleaseRCWsInCachesNoThrow + 0xC8 (0x00007ffb`e1763108)
CORECLR! Thread::CleanupCOMState + 0x28 (0x00007ffb`e16ab760)
CORECLR! Thread::OnThreadTerminate + 0xFC (0x00007ffb`e16b24ac)
CORECLR! DestroyThread + 0xB0 (0x00007ffb`e16ad2e8)
CORECLR! KickOffThread + 0x1A4 (0x00007ffb`e1706624)
KERNEL32! BaseThreadInitThunk + 0x40 (0x00007ffc`36818740)
<no module>! <no symbol> + 0x0 (0x31317ffc`397d0e54)
    File: D:_work1ssrccoreclrm
untimecallablewrapper.cpp:893
    Image: C:hwB4770965pcorerun.exe


Return code:      1
Raw output file:      C:hwB4770965wABF009A3uploadsCOMNETClientsLifetimeNETClientLifetimeoutput.txt
Raw output:
BEGIN EXECUTION
 "C:hwB4770965pcorerun.exe" -p "System.Reflection.Metadata.MetadataUpdater.IsSupported=false" -p "System.Runtime.Serialization.EnableUnsafeBinaryFormatterSerialization=true"  NETClientLifetime.dll 
Calling Validate_COMServer_CleanUp...
Calling Validate_COMServer_DisableEagerCleanUp...
Test Failure: Xunit.Sdk.EqualException: Assert.Equal() Failure: Values differ
Expected: 0
Actual:   2
   at Xunit.Assert.Equal[T](T expected, T actual, IEqualityComparer`1 comparer) in /_/src/Microsoft.DotNet.XUnitAssert/src/EqualityAsserts.cs:line 174
   at NetClient.Program.Validate_COMServer_DisableEagerCleanUp()
   at NetClient.Program.<>c__DisplayClass6_0.<TestEntryPoint>b__0()
Expected: 100
Actual: -1073740286
END EXECUTION - FAILED
FAILED
Test failed. Trying to see if dump file was created in C:cores since 3/23/2025 7:35:22 PM
Processing C:corescorerun.exe.8912.dmp
Unable to find cdb.exe at C:Program Files (x86)Windows Kits10Debuggersrm64cdb.exe
Test Harness Exitcode is : 1
To run the test:
Set up CORE_ROOT and run.
> C:hwB4770965wABF009A3eInteropInterop../COM/NETClients/Lifetime/NETClientLifetime/NETClientLifetime.cmd
```

**Stack trace:**
```
   at TestLibrary.OutOfProcessTest.RunOutOfProcessTest(String assemblyPath, String testPathPrefix)
   at Program.<<Main>$>g__TestExecutor225|25_226(StreamWriter tempLogSw, StreamWriter statsCsvSw, <>c__DisplayClass25_0&)
```

**Comment by agocke** [comment]
@jkoritzinsky Can you take a look at this?

**Comment by SakeTao** [comment]
**Failed in:** [runtime-coreclr jitstress-random 20250330.1](https://dev.azure.com/dnceng-public/public/_build/results?buildId=998621&view=ms.vss-test-web.build-test-results-tab&runId=26652384&resultId=109631&paneView=debug)

**Failed tests:**
```
coreclr windows arm64 Checked jitstress_random_1 @ Windows.11.Arm64.Open
    - Interop/COM/NETClients/Lifetime/NETClientLifetime/NETClientLifetime.cmd
coreclr windows arm64 Checked jitstress_random_2 @ Windows.11.Arm64.Open
    - Interop/COM/NETClients/Lifetime/NETClientLifetime/NETClientLifetime.cmd
```

**Error message:**
```
 
Assert failure(PID 5744 [0x00001670], Thread: 3420 [0x0d5c]): !"Cannot cleanup RCWs in cleanup list. Most likely because the RCW is disabled for eager cleanup."

CORECLR! RCWCache::ReleaseWrappersWorker + 0x52C (0x00007ffc`c0aa742c)
CORECLR! ReleaseRCWsInCaches + 0x28 (0x00007ffc`c09b0730)
CORECLR! ReleaseRCWsInCachesNoThrow + 0xC8 (0x00007ffc`c09b08a8)
CORECLR! Thread::CleanupCOMState + 0x28 (0x00007ffc`c08f9770)
CORECLR! Thread::OnThreadTerminate + 0xFC (0x00007ffc`c09004bc)
CORECLR! DestroyThread + 0xB0 (0x00007ffc`c08fb2f8)
CORECLR! KickOffThread + 0x1A4 (0x00007ffc`c0953bf4)
KERNEL32! BaseThreadInitThunk + 0x40 (0x00007ffd`112e8740)
<no module>! <no symbol> + 0x0 (0xc00ffffd`13130e54)
    File: D:_work1ssrccoreclrm
untimecallablewrapper.cpp:893
    Image: C:hwA3F10886pcorerun.exe


Return code:      1
Raw output file:      C:hwA3F10886wB26C09C6uploadsCOMNETClientsLifetimeNETClientLifetimeoutput.txt
Raw output:
BEGIN EXECUTION
 "C:hwA3F10886pcorerun.exe" -p "System.Reflection.Metadata.MetadataUpdater.IsSupported=false" -p "System.Runtime.Serialization.EnableUnsafeBinaryFormatterSerialization=true"  NETClientLifetime.dll 
Calling Validate_COMServer_CleanUp...
Calling Validate_COMServer_DisableEagerCleanUp...
Test Failure: Xunit.Sdk.EqualException: Assert.Equal() Failure: Values differ
Expected: 0
Actual:   6
   at Xunit.Assert.Equal[T](T expected, T actual, IEqualityComparer`1 comparer) in /_/src/Microsoft.DotNet.XUnitAssert/src/EqualityAsserts.cs:line 174
   at NetClient.Program.Validate_COMServer_DisableEagerCleanUp()
   at NetClient.Program.<>c__DisplayClass6_0.<TestEntryPoint>b__0()
Expected: 100
Actual: -1073740286
END EXECUTION - FAILED
FAILED
Test failed. Trying to see if dump file was created in C:cores since 3/30/2025 7:33:52 PM
Processing C:corescorerun.exe.5744.dmp
Unable to find cdb.exe at C:Program Files (x86)Windows Kits10Debuggersrm64cdb.exe
Test Harness Exitcode is : 1
To run the test:
Set up CORE_ROOT and run.
> C:hwA3F10886wB26C09C6eInteropInterop../COM/NETClients/Lifetime/NETClientLifetime/NETClientLifetime.cmd
```

**Stack trace:**
```
   at Xunit.Assert.True(Boolean condition, String userMessage) in /_/src/Microsoft.DotNet.XUnitAssert/src/BooleanAsserts.cs:line 123
   at TestLibrary.OutOfProcessTest.RunOutOfProcessTest(String assemblyPath, String testPathPrefix)
   at Program.<<Main>$>g__TestExecutor225|25_226(StreamWriter tempLogSw, StreamWriter statsCsvSw, <>c__DisplayClass25_0&)
```

**Comment by SakeTao** [comment]
**Failed in:** [runtime-coreclr jitstress-random 20250406.1](https://dev.azure.com/dnceng-public/public/_build/results?buildId=1006929&view=ms.vss-test-web.build-test-results-tab&runId=26889316&resultId=119200&paneView=debug)

**Failed tests:**
```
coreclr windows x64 Checked jitstress_random_2 @ Windows.10.Amd64.Open
    - Interop/COM/NETClients/Lifetime/NETClientLifetime/NETClientLifetime.cmd
coreclr windows x86 Checked jitstress_random_2 @ Windows.10.Amd64.Open
    - Interop/COM/NETClients/Lifetime/NETClientLifetime/NETClientLifetime.cmd
```

**Error message:**
```
 
Assert failure(PID 10220 [0x000027ec], Thread: 6976 [0x1b40]): !"Cannot cleanup RCWs in cleanup list. Most likely because the RCW is disabled for eager cleanup."

CORECLR! RCWCache::ReleaseWrappersWorker + 0x578 (0x00007ff8`2a0a1ac8)
CORECLR! ReleaseRCWsInCaches + 0x13E (0x00007ff8`29e746ae)
CORECLR! ReleaseRCWsInCachesNoThrow + 0x1ED (0x00007ff8`29e749cd)
CORECLR! Thread::CleanupCOMState + 0xED (0x00007ff8`29d0297d)
CORECLR! Thread::OnThreadTerminate + 0x18A (0x00007ff8`29d0dc7a)
CORECLR! DestroyThread + 0x159 (0x00007ff8`29d05629)
CORECLR! KickOffThread + 0x27A (0x00007ff8`29da9e2a)
KERNEL32! BaseThreadInitThunk + 0x14 (0x00007ff8`653d84d4)
NTDLL! RtlUserThreadStart + 0x21 (0x00007ff8`655d1a11)
    File: D:_work1ssrccoreclrm
untimecallablewrapper.cpp:893
    Image: C:hwBBFF0A4Bpcorerun.exe


Return code:      1
Raw output file:      C:hwBBFF0A4BwAE7C0978uploadsCOMNETClientsLifetimeNETClientLifetimeoutput.txt
Raw output:
BEGIN EXECUTION
 "C:hwBBFF0A4Bpcorerun.exe" -p "System.Reflection.Metadata.MetadataUpdater.IsSupported=false" -p "System.Runtime.Serialization.EnableUnsafeBinaryFormatterSerialization=true"  NETClientLifetime.dll 
Calling Validate_COMServer_CleanUp...
Calling Validate_COMServer_DisableEagerCleanUp...
Test Failure: Xunit.Sdk.EqualException: Assert.Equal() Failure: Values differ
Expected: 0
Actual:   6
   at Xunit.Assert.Equal[T](T expected, T actual, IEqualityComparer`1 comparer) in /_/src/Microsoft.DotNet.XUnitAssert/src/EqualityAsserts.cs:line 174
   at NetClient.Program.Validate_COMServer_DisableEagerCleanUp()
   at NetClient.Program.<>c__DisplayClass6_0.<TestEntryPoint>b__0()
Expected: 100
Actual: -1073740286
END EXECUTION - FAILED
FAILED
Test failed. Trying to see if dump file was created in C:cores since 4/6/2025 7:27:29 PM
Processing C:corescorerun.exe.10220.dmp
Invoking: C:Program Files (x86)Windows Kits10Debuggersdcdb.exe -c "$<C:hwBBFF0A4B		mpnbwnn0.tmp" -z "C:corescorerun.exe.10220.dmp"
stdout: 
Microsoft (R) Windows Debugger Version 10.0.18362.1 AMD64
Copyright (c) Microsoft Corporation. All rights reserved.


Loading Dump File [C:corescorerun.exe.10220.dmp]
User Mini Dump File with Full Memory: Only application data is available


************* Path validation summary **************
Response                         Time (ms)     Location
OK                                             C:hwBBFF0A4BpPDB
Symbol search path is: C:hwBBFF0A4BpPDB
Executable search path is: 
Windows 10 Version 14393 MP (4 procs) Free x64
Product: Server, suite: TerminalServer DataCenter SingleUserTS
10.0.14393.6343 (rs1_release.230913-1727)
Machine Name:
Debug session time: Sun Apr  6 19:27:34.000 2025 (UTC + 0:00)
System Uptime: 0 days 0:33:28.160
Process Uptime: 0 days 0:00:04.000
..............................................

************* Symbol Loading Error Summary **************
Module name            Error
ntdll                  The system cannot find the file specified

You can troubleshoot most symbol related issues by turning on symbol loading diagnostics (!sym noisy) and repeating the command that caused symbols to be loaded.
You should also verify that your symbol search path (.sympath) is correct.
This dump file has an exception of interest stored in it.
The stored exception information can be accessed via .ecxr.
(27ec.1b40): Unknown exception - code c0000602 (first/second chance not available)
For analysis of this file, run !analyze -v
*** WARNING: Unable to verify checksum for coreclr.dll
KERNELBASE!RaiseFailFastException+0xae:
00007ff8`61d0a06e 803dad6e120000  cmp     byte ptr [KERNELBASE!local_unwind+0x7542 (00007ff8`61e30f22)],0 ds:00007ff8`61e30f22=00
0:007> cdb: Reading initial command '$<C:hwBBFF0A4B		mpnbwnn0.tmp'
0:007> .load C:Users
unner.dotnetsossos.dll
0:007> ~*k

   0  Id: 27ec.c34 Suspend: 0 Teb: 00000028`46176000 Unfrozen
Child-SP          RetAddr           Call Site
00000028`4637d2d8 00007ff8`61c84ddf ntdll!NtWaitForMultipleObjects+0x14
00000028`4637d2e0 00007ff8`29d05eb9 KERNELBASE!Wai
```

**Stack trace:**
```
   at Xunit.Assert.True(Nullable`1 condition, String userMessage) in /_/src/Microsoft.DotNet.XUnitAssert/src/BooleanAsserts.cs:line 141
   at TestLibrary.OutOfProcessTest.RunOutOfProcessTest(String assemblyPath, String testPathPrefix)
   at Program.<<Main>$>g__TestExecutor225|25_226(StreamWriter tempLogSw, StreamWriter statsCsvSw, <>c__DisplayClass25_0&)
```

**Comment by SakeTao** [comment]
**Failed in:** [runtime-coreclr jitstress-random 20250413.1](https://dev.azure.com/dnceng-public/public/_build/results?buildId=1014895&view=ms.vss-test-web.build-test-results-tab&runId=27150824&resultId=119346&paneView=debug)

**Failed tests:**
```
coreclr windows x64 Checked jitstress_random_2 @ Windows.10.Amd64.Open
    - Interop/COM/NETClients/Lifetime/NETClientLifetime/NETClientLifetime.cmd
coreclr windows x64 Checked jitstress_random_1 @ Windows.10.Amd64.Open
    - Interop/COM/NETClients/Lifetime/NETClientLifetime/NETClientLifetime.cmd
```

**Error message:**
```
 
Assert failure(PID 4520 [0x000011a8], Thread: 5760 [0x1680]): !"Cannot cleanup RCWs in cleanup list. Most likely because the RCW is disabled for eager cleanup."

CORECLR! RCWCache::ReleaseWrappersWorker + 0x578 (0x00007ffc`30490cc8)
CORECLR! ReleaseRCWsInCaches + 0x13E (0x00007ffc`3026332e)
CORECLR! ReleaseRCWsInCachesNoThrow + 0x1ED (0x00007ffc`3026364d)
CORECLR! Thread::CleanupCOMState + 0xED (0x00007ffc`300f242d)
CORECLR! Thread::OnThreadTerminate + 0x18A (0x00007ffc`300fd6fa)
CORECLR! DestroyThread + 0x159 (0x00007ffc`300f50d9)
CORECLR! KickOffThread + 0x27A (0x00007ffc`30198b6a)
KERNEL32! BaseThreadInitThunk + 0x14 (0x00007ffc`5f7f84d4)
NTDLL! RtlUserThreadStart + 0x21 (0x00007ffc`61151a11)
    File: D:_work1ssrccoreclrm
untimecallablewrapper.cpp:893
    Image: C:hwA69F0957pcorerun.exe


Return code:      1
Raw output file:      C:hwA69F0957wA71408BCuploadsCOMNETClientsLifetimeNETClientLifetimeoutput.txt
Raw output:
BEGIN EXECUTION
 "C:hwA69F0957pcorerun.exe" -p "System.Reflection.Metadata.MetadataUpdater.IsSupported=false" -p "System.Runtime.Serialization.EnableUnsafeBinaryFormatterSerialization=true"  NETClientLifetime.dll 
Calling Validate_COMServer_CleanUp...
Calling Validate_COMServer_DisableEagerCleanUp...
Test Failure: Xunit.Sdk.EqualException: Assert.Equal() Failure: Values differ
Expected: 0
Actual:   1
   at Xunit.Assert.Equal[T](T expected, T actual, IEqualityComparer`1 comparer) in /_/src/Microsoft.DotNet.XUnitAssert/src/EqualityAsserts.cs:line 174
   at NetClient.Program.Validate_COMServer_DisableEagerCleanUp()
   at NetClient.Program.<>c__DisplayClass6_0.<TestEntryPoint>b__0()
Expected: 100
Actual: -1073740286
END EXECUTION - FAILED
FAILED
Test failed. Trying to see if dump file was created in C:cores since 4/13/2025 7:53:00 PM
Processing C:corescorerun.exe.4520.dmp
Invoking: C:Program Files (x86)Windows Kits10Debuggersdcdb.exe -c "$<C:hwA69F0957		mpoh2tp1.tmp" -z "C:corescorerun.exe.4520.dmp"
stdout: 
Microsoft (R) Windows Debugger Version 10.0.18362.1 AMD64
Copyright (c) Microsoft Corporation. All rights reserved.


Loading Dump File [C:corescorerun.exe.4520.dmp]
User Mini Dump File with Full Memory: Only application data is available


************* Path validation summary **************
Response                         Time (ms)     Location
OK                                             C:hwA69F0957pPDB
Symbol search path is: C:hwA69F0957pPDB
Executable search path is: 
Windows 10 Version 14393 MP (4 procs) Free x64
Product: Server, suite: TerminalServer DataCenter SingleUserTS
10.0.14393.6343 (rs1_release.230913-1727)
Machine Name:
Debug session time: Sun Apr 13 19:53:05.000 2025 (UTC + 0:00)
System Uptime: 0 days 0:11:42.607
Process Uptime: 0 days 0:00:05.000
..............................................

************* Symbol Loading Error Summary **************
Module name            Error
ntdll                  The system cannot find the file specified

You can troubleshoot most symbol related issues by turning on symbol loading diagnostics (!sym noisy) and repeating the command that caused symbols to be loaded.
You should also verify that your symbol search path (.sympath) is correct.
This dump file has an exception of interest stored in it.
The stored exception information can be accessed via .ecxr.
(11a8.1680): Unknown exception - code c0000602 (first/second chance not available)
For analysis of this file, run !analyze -v
*** WARNING: Unable to verify checksum for coreclr.dll
KERNELBASE!RaiseFailFastException+0xae:
00007ffc`5d68a06e 803dad6e120000  cmp     byte ptr [KERNELBASE!local_unwind+0x7542 (00007ffc`5d7b0f22)],0 ds:00007ffc`5d7b0f22=00
0:007> cdb: Reading initial command '$<C:hwA69F0957		mpoh2tp1.tmp'
0:007> .load C:Users
unner.dotnetsossos.dll
0:007> ~*k

   0  Id: 11a8.17b8 Suspend: 0 Teb: 000000e1`921e9000 Unfrozen
Child-SP          RetAddr           Call Site
000000e1`9237d6b8 00007ffc`5d604ddf ntdll!NtWaitForMultipleObjects+0x14
000000e1`9237d6c0 00007ffc`300f5969 KERNELBASE!WaitF
```

**Stack trace:**
```
   at Xunit.Assert.True(Nullable`1 condition, String userMessage) in /_/src/Microsoft.DotNet.XUnitAssert/src/BooleanAsserts.cs:line 141
   at TestLibrary.OutOfProcessTest.RunOutOfProcessTest(String assemblyPath, String testPathPrefix)
   at Program.<<Main>$>g__TestExecutor225|25_226(StreamWriter tempLogSw, StreamWriter statsCsvSw, <>c__DisplayClass25_0&)
```

**Comment by BruceForstall** [comment]
This continues to fail regularly. Any progress on an investigation/fix?

Note that it also occurs on `coreclr windows arm64 Checked jitstress_random_1 @ Windows.11.Arm64.Open` in the last run.

**Comment by jkoritzinsky** [comment]
I'm starting to investigate now.
