### ISSUE TITLE
Test failure: JIT/Regression/JitBlue/Runtime_72845/Runtime_72845/Runtime_72845.cmd

### ISSUE THREAD

**Issue by SakeTao** [dotnet/runtime#120170]
**Failed in:** [runtime-coreclr pgostress 20250926.1](https://dev.azure.com/dnceng-public/cbb18261-c48f-4abb-8651-8cdcb5474649/_build/results?buildId=1159791)

**Failed tests:**
```
coreclr windows x86 Checked instrument_if_optimizing @ Windows.10.Amd64.Open
    - JIT/Regression/JitBlue/Runtime_72845/Runtime_72845/Runtime_72845.cmd
```

**Error message:**
```
Unhandled exception. System.TypeInitializationException: The type initializer for 'EqualityComparerPER`1' threw an exception.
 ---> System.NullReferenceException: Object reference not set to an instance of an object.
   at Microsoft.FSharp.Core.LanguagePrimitives.HashCompare.isArray(Type ty) in D:_work1ssrcsharpsrcFSharp.Coreprim-types.fs:line 1691
   at Microsoft.FSharp.Core.LanguagePrimitives.HashCompare.checkType@1743(Boolean er, HashSet`1 processed, Int32 index, Type[] types) in D:_work1ssrcsharpsrcFSharp.Coreprim-types.fs:line 1758
   at Microsoft.FSharp.Core.LanguagePrimitives.HashCompare.canUseDefaultEqualityComparer(Boolean er, Type rootType) in D:_work1ssrcsharpsrcFSharp.Coreprim-types.fs:line 1776
   at Microsoft.FSharp.Core.LanguagePrimitives.HashCompare.getEqualityComparer[T](Boolean er) in D:_work1ssrcsharpsrcFSharp.Coreprim-types.fs:line 1828
   at Microsoft.FSharp.Core.LanguagePrimitives.HashCompare.EqualityComparerPER`1..cctor() in D:_work1ssrcsharpsrcFSharp.Coreprim-types.fs:line 1861
   --- End of inner exception stack trace ---
   at Microsoft.FSharp.Core.LanguagePrimitives.HashCompare.GenericEqualityWithComparerIntrinsic[T](IEqualityComparer comp, T x, T y) in D:_work1ssrcsharpsrcFSharp.Coreprim-types.fs:line 1886
   at Microsoft.FSharp.Collections.FSharpList`1.Equals(FSharpList`1 obj, IEqualityComparer comp)
   at Runtime_72845.main(String[] _arg1)

Return code:      1
Raw output file:      C:hwAD960928wBB02099EuploadsJitBlueRuntime_72845Runtime_72845output.txt
Raw output:
BEGIN EXECUTION
 "C:hwAD960928pcorerun.exe" -p "System.Reflection.Metadata.MetadataUpdater.IsSupported=false" -p "System.Runtime.Serialization.EnableUnsafeBinaryFormatterSerialization=true"  Runtime_72845.dll 
Expected: 100
Actual: -532462766
END EXECUTION - FAILED
FAILED
Test failed. Trying to see if dump file was created in C:cores since 9/27/2025 8:04:07 AM
Processing C:corescorerun.exe.3628.dmp
Invoking: C:Program Files (x86)Windows Kits10Debuggerscdb.exe -c "$<C:hwAD960928		mpfxeclh.tmp" -z "C:corescorerun.exe.3628.dmp"
stdout: 
Microsoft (R) Windows Debugger Version 10.0.18362.1 X86
Copyright (c) Microsoft Corporation. All rights reserved.


Loading Dump File [C:corescorerun.exe.3628.dmp]
User Mini Dump File with Full Memory: Only application data is available


************* Path validation summary **************
Response                         Time (ms)     Location
OK                                             C:hwAD960928pPDB
Symbol search path is: C:hwAD960928pPDB
Executable search path is: 
Windows 10 Version 14393 MP (4 procs) Free x86 compatible
Product: Server, suite: TerminalServer DataCenter SingleUserTS
10.0.14393.6343 (rs1_release.230913-1727)
Machine Name:
Debug session time: Sat Sep 27 08:04:13.000 2025 (UTC + 0:00)
System Uptime: 0 days 0:23:55.695
Process Uptime: 0 days 0:00:06.000
..........................................

************* Symbol Loading Error Summary **************
Module name            Error
ntdll                  The system cannot find the file specified

You can troubleshoot most symbol related issues by turning on symbol loading diagnostics (!sym noisy) and repeating the command that caused symbols to be loaded.
You should also verify that your symbol search path (.sympath) is correct.
This dump file has an exception of interest stored in it.
The stored exception information can be accessed via .ecxr.
(e2c.ee4): CLR exception - code e0434352 (first/second chance not available)
For analysis of this file, run !analyze -v
eax=00000000 ebx=00000000 ecx=00000005 edx=00000000 esi=00000003 edi=00000003
eip=7778f3ec esp=0077a5d8 ebp=0077a768 iopl=0         nv up ei pl nz na pe nc
cs=0023  ss=002b  ds=002b  es=002b  fs=0053  gs=002b             efl=00000206
ntdll!NtWaitForMultipleObjects+0xc:
7778f3ec c21400          ret     14h
0:000> cdb: Reading initial command '$<C:hwAD960928		mpfxeclh.tmp'
0:000> .cordll -lp "C:hwAD960928p"
The call to LoadLibrary(sos) failed, Win32 error 0n2
    "T
```

**Stack trace:**
```
   at TestLibrary.OutOfProcessTest.RunOutOfProcessTest(String assemblyPath, String testPathPrefix)
   at Program.<<Main>$>g__TestExecutor648|0_649(StreamWriter tempLogSw, StreamWriter statsCsvSw, <>c__DisplayClass0_0&)
```

**Comment by EgorBo** [comment]
failure in the newly added instrument_if_optimizing pipeline @AndyAyersMS

**Comment by AndyAyersMS** [comment]
Failure is in the codegen for `Microsoft.FSharp.Core.LanguagePrimitives.HashCompare.isArray(Type ty)`. This seems to be bad code when devirt is disabled (as it is when we are instrumenting). It repros with
```
set DOTNET_JitEnableDevirtualization=0 
```
which does no instrumentation. Codegen in this case is
```
****** START compiling Microsoft.FSharp.Core.LanguagePrimitives+HashCompare:isArray(System.Type):bool (MethodHash=b2e2215b)

IN0014: 000000 push     ebp
IN0015: 000001 mov      ebp, esp
IN0016: 000003 push     edi
IN0017: 000004 push     esi
IN0018: 000005 push     ebx
IN0019: 000006 mov      esi, ecx
IN001a: 000008 xor      edi, edi

G_M56996_IG02:        ; offs=0x00000A, size=0x0013, bbWeight=1, PerfScore 8.75, gcrefRegs=000000C0 {esi edi}, byrefRegs=00000000 {}, BB01 [0000], BB02 [0001], byref, isz

IN0001: 00000A mov      ecx, esi
IN0002: 00000C mov      eax, dword ptr [esi]
IN0003: 00000E mov      eax, dword ptr [eax+0x38]
IN0004: 000011 call     [eax+0x08]System.Type:IsArrayImpl():bool:this
IN0005: 000014 test     eax, eax
IN0006: 000016 je       SHORT G_M56996_IG04
IN0007: 000018 mov      eax, 1

G_M56996_IG03:        ; offs=0x00001D, size=0x0005, bbWeight=1, PerfScore 3.00, epilog, nogc, extend

IN001b: 00001D pop      ebx
IN001c: 00001E pop      esi
IN001d: 00001F pop      edi
IN001e: 000020 pop      ebp
IN001f: 000021 ret      

G_M56996_IG04:        ; offs=0x000022, size=0x001E, bbWeight=0, PerfScore 0.00, gcVars=00000000 {}, gcrefRegs=000000C0 {esi edi}, byrefRegs=00000000 {}, BB03 [0002], gcvars, byref

IN0008: 000022 push     0
IN0009: 000024 push     0
IN000a: 000026 push     1
IN000b: 000028 mov      ecx, dword ptr [edi]
IN000c: 00002A mov      ecx, dword ptr [ecx+0x64]
IN000d: 00002D mov      ecx, dword ptr [ecx+0x10]
IN000e: 000030 push     ecx
IN000f: 000031 mov      edi, 0x899BFB4      ; 'System.Array'
IN0010: 000036 mov      ecx, edi
IN0011: 000038 mov      edx, esi
IN0012: 00003A call     CORINFO_HELP_TAILCALL
IN0013: 00003F int3     
```
where we use `edi` in `IN000b` without setting it to anything.

**Comment by AndyAyersMS** [comment]
It's an ordering issue during lower. We spill the control expr arg (here a constant). `LowerTailCallViaJitHelper` moves this arg (now an expanded to an indir chain) earlier in execution order, before the spill store.

@jakobbotsch any thoughts? Not immediately obvious to me how to fix this.

**Comment by jakobbotsch** [comment]
> It's an ordering issue during lower. We spill the control expr arg (here a constant). `LowerTailCallViaJitHelper` moves this arg (now an expanded to an indir chain) earlier in execution order, before the spill store.
> 
> [@jakobbotsch](https://github.com/jakobbotsch) any thoughts? Not immediately obvious to me how to fix this.

Hmm, that's the old tailcall mechanism. I think the code is trying to set up a helper call that passes the old target address as an argument to `CORINFO_HELP_TAILCALL` instead. But since that's x86, that needs to properly preserve push order, which can be non-trivial.
Seems we need to change what lowering is doing to stop trying to move the call target nodes around, and instead move the `PUTARG_STK` nodes forward if necessary. In fact `MoveCFGCallArgs` does exactly that, so you can try removing the code that reorders the call target and instead call that function at the end. (However, I am not 100% sure whether it needs to work in the other direction than it currently does for x86 call arg order.)

**Comment by AndyAyersMS** [comment]
That seems to work.

Ah, too soon. It fixes the test but causes a bunch of asserts in spmi. (ok, fixed those).

**Comment by SakeTao** [comment]
**Failed in:** [runtime-coreclr pgostress 20251003.1](https://dev.azure.com/dnceng-public/cbb18261-c48f-4abb-8651-8cdcb5474649/_build/results?buildId=1165465)

**Failed tests:**
```
coreclr windows x86 Checked instrument_if_optimizing @ Windows.10.Amd64.Open
    - JIT/Regression/JitBlue/Runtime_72845/Runtime_72845/Runtime_72845.cmd
```

**Error message:**
```
Unhandled exception. System.TypeInitializationException: The type initializer for 'EqualityComparerPER`1' threw an exception.
 ---> System.NullReferenceException: Object reference not set to an instance of an object.
   at Microsoft.FSharp.Core.LanguagePrimitives.HashCompare.isArray(Type ty) in D:_work1ssrcsharpsrcFSharp.Coreprim-types.fs:line 1691
   at Microsoft.FSharp.Core.LanguagePrimitives.HashCompare.checkType@1743(Boolean er, HashSet`1 processed, Int32 index, Type[] types) in D:_work1ssrcsharpsrcFSharp.Coreprim-types.fs:line 1758
   at Microsoft.FSharp.Core.LanguagePrimitives.HashCompare.canUseDefaultEqualityComparer(Boolean er, Type rootType) in D:_work1ssrcsharpsrcFSharp.Coreprim-types.fs:line 1776
   at Microsoft.FSharp.Core.LanguagePrimitives.HashCompare.getEqualityComparer[T](Boolean er) in D:_work1ssrcsharpsrcFSharp.Coreprim-types.fs:line 1828
   at Microsoft.FSharp.Core.LanguagePrimitives.HashCompare.EqualityComparerPER`1..cctor() in D:_work1ssrcsharpsrcFSharp.Coreprim-types.fs:line 1861
   --- End of inner exception stack trace ---
   at Microsoft.FSharp.Core.LanguagePrimitives.HashCompare.GenericEqualityWithComparerIntrinsic[T](IEqualityComparer comp, T x, T y) in D:_work1ssrcsharpsrcFSharp.Coreprim-types.fs:line 1886
   at Microsoft.FSharp.Collections.FSharpList`1.Equals(FSharpList`1 obj, IEqualityComparer comp)
   at Runtime_72845.main(String[] _arg1)

Return code:      1
Raw output file:      C:hwB05C0978wB6AE0999uploadsJitBlueRuntime_72845Runtime_72845output.txt
Raw output:
BEGIN EXECUTION
 "C:hwB05C0978pcorerun.exe" -p "System.Reflection.Metadata.MetadataUpdater.IsSupported=false" -p "System.Runtime.Serialization.EnableUnsafeBinaryFormatterSerialization=true"  Runtime_72845.dll 
Expected: 100
Actual: -532462766
END EXECUTION - FAILED
FAILED
Test failed. Trying to see if dump file was created in C:cores since 10/4/2025 8:05:26 AM
Processing C:corescorerun.exe.5444.dmp
Invoking: C:Program Files (x86)Windows Kits10Debuggerscdb.exe -c "$<C:hwB05C0978		mp2rvdz0.tmp" -z "C:corescorerun.exe.5444.dmp"
stdout: 
Microsoft (R) Windows Debugger Version 10.0.18362.1 X86
Copyright (c) Microsoft Corporation. All rights reserved.


Loading Dump File [C:corescorerun.exe.5444.dmp]
User Mini Dump File with Full Memory: Only application data is available


************* Path validation summary **************
Response                         Time (ms)     Location
OK                                             C:hwB05C0978pPDB
Symbol search path is: C:hwB05C0978pPDB
Executable search path is: 
Windows 10 Version 14393 MP (4 procs) Free x86 compatible
Product: Server, suite: TerminalServer DataCenter SingleUserTS
10.0.14393.6343 (rs1_release.230913-1727)
Machine Name:
Debug session time: Sat Oct  4 08:05:42.000 2025 (UTC + 0:00)
System Uptime: 0 days 0:08:12.283
Process Uptime: 0 days 0:00:16.000
..........................................

************* Symbol Loading Error Summary **************
Module name            Error
ntdll                  The system cannot find the file specified

You can troubleshoot most symbol related issues by turning on symbol loading diagnostics (!sym noisy) and repeating the command that caused symbols to be loaded.
You should also verify that your symbol search path (.sympath) is correct.
This dump file has an exception of interest stored in it.
The stored exception information can be accessed via .ecxr.
(1544.7d4): CLR exception - code e0434352 (first/second chance not available)
For analysis of this file, run !analyze -v
eax=00000000 ebx=00000000 ecx=00000005 edx=00000000 esi=00000003 edi=00000003
eip=7711f3ec esp=0351ae50 ebp=0351afe0 iopl=0         nv up ei pl nz ac pe nc
cs=0023  ss=002b  ds=002b  es=002b  fs=0053  gs=002b             efl=00000216
ntdll!NtWaitForMultipleObjects+0xc:
7711f3ec c21400          ret     14h
0:000> cdb: Reading initial command '$<C:hwB05C0978		mp2rvdz0.tmp'
0:000> .cordll -lp "C:hwB05C0978p"
The call to LoadLibrary(sos) failed, Win32 error 0n2
    "
```

**Stack trace:**
```
   at TestLibrary.OutOfProcessTest.RunOutOfProcessTest(String assemblyPath, String testPathPrefix)
   at Program.<<Main>$>g__TestExecutor652|0_653(StreamWriter tempLogSw, StreamWriter statsCsvSw, <>c__DisplayClass0_0&)
```

**Comment by SakeTao** [comment]
**Failed in:** [runtime-coreclr pgostress 20251010.1](https://dev.azure.com/dnceng-public/cbb18261-c48f-4abb-8651-8cdcb5474649/_build/results?buildId=1170980)

**Failed tests:**
```
coreclr windows x86 Checked instrument_if_optimizing @ Windows.10.Amd64.Open
    - JIT/Regression/JitBlue/Runtime_72845/Runtime_72845/Runtime_72845.cmd
```

**Error message:**
```
Unhandled exception. System.TypeInitializationException: The type initializer for 'EqualityComparerPER`1' threw an exception.
 ---> System.NullReferenceException: Object reference not set to an instance of an object.
   at Microsoft.FSharp.Core.LanguagePrimitives.HashCompare.isArray(Type ty) in D:_work1ssrcsharpsrcFSharp.Coreprim-types.fs:line 1691
   at Microsoft.FSharp.Core.LanguagePrimitives.HashCompare.checkType@1743(Boolean er, HashSet`1 processed, Int32 index, Type[] types) in D:_work1ssrcsharpsrcFSharp.Coreprim-types.fs:line 1758
   at Microsoft.FSharp.Core.LanguagePrimitives.HashCompare.canUseDefaultEqualityComparer(Boolean er, Type rootType) in D:_work1ssrcsharpsrcFSharp.Coreprim-types.fs:line 1776
   at Microsoft.FSharp.Core.LanguagePrimitives.HashCompare.getEqualityComparer[T](Boolean er) in D:_work1ssrcsharpsrcFSharp.Coreprim-types.fs:line 1828
   at Microsoft.FSharp.Core.LanguagePrimitives.HashCompare.EqualityComparerPER`1..cctor() in D:_work1ssrcsharpsrcFSharp.Coreprim-types.fs:line 1861
   --- End of inner exception stack trace ---
   at Microsoft.FSharp.Core.LanguagePrimitives.HashCompare.GenericEqualityWithComparerIntrinsic[T](IEqualityComparer comp, T x, T y) in D:_work1ssrcsharpsrcFSharp.Coreprim-types.fs:line 1886
   at Microsoft.FSharp.Collections.FSharpList`1.Equals(FSharpList`1 obj, IEqualityComparer comp)
   at Runtime_72845.main(String[] _arg1)

Return code:      1
Raw output file:      C:hwA67D09A2wA1DF08DBuploadsJitBlueRuntime_72845Runtime_72845output.txt
Raw output:
BEGIN EXECUTION
 "C:hwA67D09A2pcorerun.exe" -p "System.Reflection.Metadata.MetadataUpdater.IsSupported=false" -p "System.Runtime.Serialization.EnableUnsafeBinaryFormatterSerialization=true"  Runtime_72845.dll 
Expected: 100
Actual: -532462766
END EXECUTION - FAILED
FAILED
Test failed. Trying to see if dump file was created in C:cores since 10/11/2025 7:39:51 AM
Processing C:corescorerun.exe.3724.dmp
Invoking: C:Program Files (x86)Windows Kits10Debuggerscdb.exe -c "$<C:hwA67D09A2		mp331u2a.tmp" -z "C:corescorerun.exe.3724.dmp"
stdout: 
Microsoft (R) Windows Debugger Version 10.0.18362.1 X86
Copyright (c) Microsoft Corporation. All rights reserved.


Loading Dump File [C:corescorerun.exe.3724.dmp]
User Mini Dump File with Full Memory: Only application data is available


************* Path validation summary **************
Response                         Time (ms)     Location
OK                                             C:hwA67D09A2pPDB
Symbol search path is: C:hwA67D09A2pPDB
Executable search path is: 
Windows 10 Version 14393 MP (4 procs) Free x86 compatible
Product: Server, suite: TerminalServer DataCenter SingleUserTS
10.0.14393.6343 (rs1_release.230913-1727)
Machine Name:
Debug session time: Sat Oct 11 07:39:58.000 2025 (UTC + 0:00)
System Uptime: 0 days 1:05:31.553
Process Uptime: 0 days 0:00:06.000
..........................................

************* Symbol Loading Error Summary **************
Module name            Error
ntdll                  The system cannot find the file specified

You can troubleshoot most symbol related issues by turning on symbol loading diagnostics (!sym noisy) and repeating the command that caused symbols to be loaded.
You should also verify that your symbol search path (.sympath) is correct.
This dump file has an exception of interest stored in it.
The stored exception information can be accessed via .ecxr.
(e8c.1f5c): CLR exception - code e0434352 (first/second chance not available)
For analysis of this file, run !analyze -v
eax=00000000 ebx=00000000 ecx=00000005 edx=00000000 esi=00000003 edi=00000003
eip=7755f3ec esp=02b7aad0 ebp=02b7ac60 iopl=0         nv up ei pl nz ac po nc
cs=0023  ss=002b  ds=002b  es=002b  fs=0053  gs=002b             efl=00000212
ntdll!NtWaitForMultipleObjects+0xc:
7755f3ec c21400          ret     14h
0:000> cdb: Reading initial command '$<C:hwA67D09A2		mp331u2a.tmp'
0:000> .cordll -lp "C:hwA67D09A2p"
The call to LoadLibrary(sos) failed, Win32 error 0n2
    
```

**Stack trace:**
```
   at TestLibrary.OutOfProcessTest.RunOutOfProcessTest(String assemblyPath, String testPathPrefix)
   at Program.<<Main>$>g__TestExecutor653|0_654(StreamWriter tempLogSw, StreamWriter statsCsvSw, <>c__DisplayClass0_0&)
```

**Comment by SakeTao** [comment]
**Failed in:** [runtime-coreclr libraries-pgo 20251012.1](https://dev.azure.com/dnceng-public/cbb18261-c48f-4abb-8651-8cdcb5474649/_build/results?buildId=1172007)

**Failed tests:**
```
net10.0-windows-Release-x86-instrument_if_optimizing-Windows.10.Amd64.Open
    - System.Formats.Cbor.Tests.CborPropertyTests.Roundtrip_Double
    - System.Formats.Cbor.Tests.CborPropertyTests.Roundtrip_UInt64
    - System.Formats.Cbor.Tests.CborPropertyTests.Roundtrip_ByteString
    - System.Formats.Cbor.Tests.CborPropertyTests.Roundtrip_Decimal
    - System.Formats.Cbor.Tests.CborPropertyTests.Roundtrip_Int64
    - System.Formats.Cbor.Tests.CborPropertyTests.Roundtrip_Half
    - System.Formats.Cbor.Tests.CborPropertyTests.ByteString_Encoding_ShouldContainInputBytes
    - System.Formats.Cbor.Tests.CborPropertyTests.Roundtrip_IndefiniteTextString
    - System.Formats.Cbor.Tests.CborPropertyTests.CborDocument_SkipValue
    - System.Formats.Cbor.Tests.CborPropertyTests.Roundtrip_IndefiniteByteString
    - System.Formats.Cbor.Tests.CborPropertyTests.Roundtrip_TextString
    - System.Formats.Cbor.Tests.CborPropertyTests.CborDocument_SkipToParent
    - System.Formats.Cbor.Tests.CborPropertyTests.Roundtrip_NegativeInteger
    - System.Formats.Cbor.Tests.CborPropertyTests.CborDocument_Roundtrip
```

**Error message:**
```
System.TypeInitializationException : The type initializer for 'EqualityComparerPER`1' threw an exception.
---- System.NullReferenceException : Object reference not set to an instance of an object.
```

**Stack trace:**
```
   at Microsoft.FSharp.Core.LanguagePrimitives.HashCompare.GenericEqualityIntrinsic[T](T x, T y) in D:\a\_work\1\s\src\fsharp\src\FSharp.Core\prim-types.fs:line 1868
   at <StartupCode$FsCheck-Xunit>.$PropertyAttribute.testExec@196(PropertyTestCase this, IMessageBus messageBus, Object[] constructorArguments, CancellationTokenSource cancellationTokenSource, XunitTest test, RunSummary summary, TestOutputHelper outputHelper, Unit unitVar0)
----- Inner Stack Trace -----
   at Microsoft.FSharp.Core.LanguagePrimitives.HashCompare.isArray(Type ty) in D:\a\_work\1\s\src\fsharp\src\FSharp.Core\prim-types.fs:line 1691
   at Microsoft.FSharp.Core.LanguagePrimitives.HashCompare.getEqualityComparer[T](Boolean er) in D:\a\_work\1\s\src\fsharp\src\FSharp.Core\prim-types.fs:line 1831
   at Microsoft.FSharp.Core.LanguagePrimitives.HashCompare.EqualityComparerPER`1..cctor() in D:\a\_work\1\s\src\fsharp\src\FSharp.Core\prim-types.fs:line 1861
```

**Comment by SakeTao** [comment]
**Failed in:** [runtime-coreclr pgostress 20251017.1](https://dev.azure.com/dnceng-public/cbb18261-c48f-4abb-8651-8cdcb5474649/_build/results?buildId=1178909)

**Failed tests:**
```
coreclr windows x86 Checked instrument_if_optimizing @ Windows.10.Amd64.Open
    - JIT/Regression/JitBlue/Runtime_72845/Runtime_72845/Runtime_72845.cmd
```

**Error message:**
```
Unhandled exception. System.TypeInitializationException: The type initializer for 'EqualityComparerPER`1' threw an exception.
 ---> System.NullReferenceException: Object reference not set to an instance of an object.
   at Microsoft.FSharp.Core.LanguagePrimitives.HashCompare.isArray(Type ty) in D:_work1ssrcsharpsrcFSharp.Coreprim-types.fs:line 1691
   at Microsoft.FSharp.Core.LanguagePrimitives.HashCompare.checkType@1743(Boolean er, HashSet`1 processed, Int32 index, Type[] types) in D:_work1ssrcsharpsrcFSharp.Coreprim-types.fs:line 1758
   at Microsoft.FSharp.Core.LanguagePrimitives.HashCompare.canUseDefaultEqualityComparer(Boolean er, Type rootType) in D:_work1ssrcsharpsrcFSharp.Coreprim-types.fs:line 1776
   at Microsoft.FSharp.Core.LanguagePrimitives.HashCompare.getEqualityComparer[T](Boolean er) in D:_work1ssrcsharpsrcFSharp.Coreprim-types.fs:line 1828
   at Microsoft.FSharp.Core.LanguagePrimitives.HashCompare.EqualityComparerPER`1..cctor() in D:_work1ssrcsharpsrcFSharp.Coreprim-types.fs:line 1861
   --- End of inner exception stack trace ---
   at Microsoft.FSharp.Core.LanguagePrimitives.HashCompare.GenericEqualityWithComparerIntrinsic[T](IEqualityComparer comp, T x, T y) in D:_work1ssrcsharpsrcFSharp.Coreprim-types.fs:line 1886
   at Microsoft.FSharp.Collections.FSharpList`1.Equals(FSharpList`1 obj, IEqualityComparer comp)
   at Runtime_72845.main(String[] _arg1)

Return code:      1
Raw output file:      C:hwAC160961wB5C30999uploadsJitBlueRuntime_72845Runtime_72845output.txt
Raw output:
BEGIN EXECUTION
 "C:hwAC160961pcorerun.exe" -p "System.Reflection.Metadata.MetadataUpdater.IsSupported=false" -p "System.Runtime.Serialization.EnableUnsafeBinaryFormatterSerialization=true"  Runtime_72845.dll 
Expected: 100
Actual: -532462766
END EXECUTION - FAILED
FAILED
Test failed. Trying to see if dump file was created in C:cores since 10/18/2025 7:54:55 AM
Processing C:corescorerun.exe.6800.dmp
Invoking: C:Program Files (x86)Windows Kits10Debuggerscdb.exe -c "$<C:hwAC160961		mpo1bvqs.tmp" -z "C:corescorerun.exe.6800.dmp"
stdout: 
Microsoft (R) Windows Debugger Version 10.0.18362.1 X86
Copyright (c) Microsoft Corporation. All rights reserved.


Loading Dump File [C:corescorerun.exe.6800.dmp]
User Mini Dump File with Full Memory: Only application data is available


************* Path validation summary **************
Response                         Time (ms)     Location
OK                                             C:hwAC160961pPDB
Symbol search path is: C:hwAC160961pPDB
Executable search path is: 
Windows 10 Version 14393 MP (4 procs) Free x86 compatible
Product: Server, suite: TerminalServer DataCenter SingleUserTS
10.0.14393.6343 (rs1_release.230913-1727)
Machine Name:
Debug session time: Sat Oct 18 07:55:03.000 2025 (UTC + 0:00)
System Uptime: 0 days 0:09:31.338
Process Uptime: 0 days 0:00:08.000
..........................................

************* Symbol Loading Error Summary **************
Module name            Error
ntdll                  The system cannot find the file specified

You can troubleshoot most symbol related issues by turning on symbol loading diagnostics (!sym noisy) and repeating the command that caused symbols to be loaded.
You should also verify that your symbol search path (.sympath) is correct.
This dump file has an exception of interest stored in it.
The stored exception information can be accessed via .ecxr.
(1a90.1298): CLR exception - code e0434352 (first/second chance not available)
For analysis of this file, run !analyze -v
eax=00000000 ebx=00000000 ecx=00000005 edx=00000000 esi=00000003 edi=00000003
eip=773bf3ec esp=0317aea0 ebp=0317b030 iopl=0         nv up ei pl nz ac pe nc
cs=0023  ss=002b  ds=002b  es=002b  fs=0053  gs=002b             efl=00000216
ntdll!NtWaitForMultipleObjects+0xc:
773bf3ec c21400          ret     14h
0:000> cdb: Reading initial command '$<C:hwAC160961		mpo1bvqs.tmp'
0:000> .cordll -lp "C:hwAC160961p"
The call to LoadLibrary(sos) failed, Win32 error 0n2
   
```

**Stack trace:**
```
   at TestLibrary.OutOfProcessTest.RunOutOfProcessTest(String assemblyPath, String testPathPrefix)
   at Program.<<Main>$>g__TestExecutor654|0_655(StreamWriter tempLogSw, StreamWriter statsCsvSw, <>c__DisplayClass0_0&)
```
