### ISSUE TITLE
Access violation in WRITE_BARRIER_BIT_REGIONS64 reading the region-to-generation map (uncommitted page)

### ISSUE THREAD

**Issue by jimm98y** [dotnet/runtime#131476]
### Description

# Access violation in WRITE_BARRIER_BIT_REGIONS64 reading the region-to-generation map (uncommitted page) — .NET 8.0.22, Workstation GC + regions, x64

### Description

Generated by Claude Opus 5 after a few hours of debugging the memory dump:

A long-running Windows service fail-fasted with no managed exception. Analysis of a full WER dump shows the process died from an access violation **inside the JIT write barrier** (`WRITE_BARRIER_BIT_REGIONS64`) while reading the **region-to-generation map**. The byte being read lies on a page that is `MEM_RESERVE` — never committed.

Because an AV inside a write barrier is not recoverable, `ProcessCLRException` routed it to `EEPolicy::HandleFatalError`, so the process was fail-fasted and no managed exception object was ever produced.

@kkokosa This looks like the **regions/x64 counterpart of #123490** (fixed by #131310 for Workstation-segments/x86): a GC bookkeeping-table grow leaving a sub-table's pages uncommitted, with a later access faulting on reserved memory.

### Configuration

| | |
|---|---|
| Runtime | **.NET 8.0.22** — `coreclr.dll` 8.0.2225.52707, `C:\Program Files\dotnet\shared\Microsoft.NETCore.App\8.0.22` |
| OS | Windows 11 Enterprise 10.0.26100.1 (`ge_release`), x64 |
| GC | **Workstation, regions** (`Number of GC Heaps: 1`; 4 MB regions) |
| Barrier variant | `WRITE_BARRIER_BIT_REGIONS64` (bit-marking tail, no software write watch) |
| Host | Windows Service (`ServiceBase.Run`), self-contained-ish deployment on shared framework |
| Uptime before crash | ~1,313,170 s ≈ **15.2 days** |
| Dump | WER full dump (`MiniDumpWithFullMemory` + `MiniDumpWithFullMemoryInfo`) |

Memory state at the crash — no pressure of any kind:

```
GC Allocated Heap Size:  0x56a38bf8 (1,453,558,776 bytes  = 1.45 GB)
GC Committed Heap Size:  0x58a99000 (1,487,507,456 bytes  = 1.49 GB)

!address -summary
MEM_COMMIT     2691 regions        0`75891000  (  1.836 GB)
MEM_RESERVE     692 regions      241`38d9a000  (  2.255 TB)
MEM_FREE        266 regions     7dbe`519c5000  (125.743 TB)
```

---

### `!analyze -v` is misleading — please don't triage from it

The exception record in this dump has `NumberParameters: 0`, so `ExceptionInformation[0]`/`[1]` are absent, and `.ecxr` yields the **FailFast** context (`ntdll!NtRaiseException`) rather than the original fault. `!analyze -v` consequently produces a fabricated bucket:

```
Failure.Bucket: NULL_POINTER_READ_c0000005_coreclr.dll!ProcessCLRException
READ_ADDRESS:   0000000000000000
CONTEXT:        000000efccb7a550 -- all registers zero, rip=0, rsp=0
FAULTING_THREAD: ffffffff
```

None of that is real. The same applies to the `System.AccessViolationException` on the heap: its `_target` (`0x2D8B6F889B3`) and `_accessType` (1) do **not** agree with the actual faulting instruction, which is consistent with `SetExceptionAVParameters` having been handed a record with no AV parameters. All numbers below come from the `FaultingExceptionFrame`'s saved `CONTEXT` instead.

---

### Faulting context

Recovered via `.cxr` on `FaultingExceptionFrame.m_ctx`:

```
0:024> dt coreclr!FaultingExceptionFrame 000000efccb7a7f0
   +0x000 __VFN_table      : 0x00007ff9c3a232b8
   +0x008 m_Next           : 0x000000efccb7f8c8 Frame
   +0x010 m_fFilterExecuted: 0n0
   +0x018 m_ReturnAddress  : 0x00007ff9654f2e08
   +0x020 m_ctx            : _CONTEXT

0:024> .cxr 000000ef`ccb7a810
rax=000002d8b6f889b3 rbx=00000298f2ff9740 rcx=00000000000a63cb
rdx=00000298f2ff97b0 rsi=0000000000000001 rdi=00000298f2ff9638
rip=00007ff9654f2e08 rsp=000000efccb7de30 rbp=0000000000000001
 r8=00000298f2ff9800  r9=00000298f2ff9638 r10=00000298f2ff9f70
r11=000002988276ff70 r12=000002990f03bc44 r13=0000000000000000
r14=00007ff963be9df8 r15=00000298f2ff97b0
```

`rip` is the **resume IP** written by `AdjustContextForJITHelpers`, not the faulting instruction. The instruction there is a post-call spill reload:

```
00007ff9`654f2e01 33d2            xor  edx,edx
00007ff9`654f2e03 e818d270fe      call 00007ff9`63c00020        ; CORINFO_HELP_ARRADDR_ST
00007ff9`654f2e08 8bb42480000000  mov  esi,dword ptr [rsp+80h]  ; <- resume IP
00007ff9`654f2e0f 89735c          mov  dword ptr [rbx+5Ch],esi
```

### The barrier and the faulting instruction

```
0:024> u 00007ff9`63a90010 L20
63a90010  mov  qword ptr [rcx],rdx           ; reference store — succeeded
63a90013  mov  r8,rcx
63a90016  mov  rax,2D8B6F889B3h              ; RegionToGeneration table (skewed)
63a90020  shr  rcx,16h                       ; RegionShrDest = 22
63a90024  cmp  byte ptr [rcx+rax],0          ; <=== FAULTS HERE
63a90028  jne  63a9002e
63a9002a  rep ret
63a9002e  mov  r9,298A3400000h               ; lower bound
63a90038  cmp  rdx,r9
63a9003b  jae  63a9003e
63a9003d  ret
63a9003e  mov  r9,2D8A3000000h               ; upper bound
63a90048  cmp  rdx,r9
63a9004b  jb   63a9004f
63a9004d  rep ret
63a9004f  shr  rdx,16h                       ; RegionShrSrc = 22
63a90053  mov  dl,byte ptr [rdx+rax]
63a90056  cmp  dl,byte ptr [rcx+rax]
63a90059  jb   63a9005e
63a9005b  rep ret
63a9005e  mov  rax,2D84FEC9840h              ; card table
63a90068  mov  ecx,r8d
63a9006b  shr  r8,0Bh
63a9006f  shr  ecx,8
63a90072  and  ecx,7
63a90075  mov  dl,1
63a90077  shl  dl,cl
63a90079  test byte ptr [r8+rax],dl
```

The fault is pinned to `63a90024`: `rcx` is already shifted (`0xa63cb`) while `rdx` is still unshifted (`0x298f2ff97b0`, pre-`63a9004f`), and `63a90024` is the only memory access in that window.

```
fault address = rcx + rax
              = 0xa63cb + 0x2d8b6f889b3
              = 000002d8`b702ed7e
```

### Globals vs. patched immediates

```
0:024> dp coreclr!g_card_table L1
00007ff9`c3aad7f0  000002d8`4fec9840
0:024> dp coreclr!g_lowest_address L1
00007ff9`c3aad7e8  00000298`a3400000
0:024> dp coreclr!g_highest_address L1
00007ff9`c3aad7e0  000002d8`a3000000
0:024> dp coreclr!g_card_bundle_table L1
00007ff9`c3aad7c0  000002d8`b2ec2b28
0:024> dp coreclr!g_sw_ww_table L1
00007ff9`c3aad668  00000000`00000000
```

| Immediate | Value | Matching global | Match? |
|---|---|---|---|
| `63a9002e` lower bound | `298A3400000h` | `g_lowest_address` = `00000298a3400000` | **yes** |
| `63a9003e` upper bound | `2D8A3000000h` | `g_highest_address` = `000002d8a3000000` | **yes** |
| `63a9005e` card table | `2D84FEC9840h` | `g_card_table` = `000002d84fec9840` | **yes** |
| `63a90016` region-to-gen | `2D8B6F889B3h` | `g_region_to_generation_table` = *TODO: run `dp coreclr!g_region_to_generation_table L1`* | *TODO* |

Since `g_region_to_generation_table` and `g_card_table` are both stomped by `StompWriteBarrierResize()`, and the card-table immediate is current, a partial/torn stomp seems unlikely — pointing at the table's **memory** rather than the barrier's constant.

Unskewing to the table's real base:

```
g_lowest_address >> 22 = 0x298a3400000 >> 22 = 0xa628d
real table base        = 0x2d8b6f889b3 + 0xa628d = 000002d8`b702ec40
index for destination  = 0xa63cb - 0xa628d       = 0x13e
fault address          = 0x2d8b702ec40 + 0x13e   = 000002d8`b702ed7e   (matches)
```

The faulting byte is only **0x13e bytes into the table** — the table's own first page is not mapped.

### Memory state of the region-to-generation table

```
0:024> !address 000002d8`b6f889b3
Base Address:       000002d8`b30c8000
End Address:        000002d8`b702e000
Region Size:        00000000`03f66000 (  63.398 MB)
State:              00002000  MEM_RESERVE
Protect:            <info not present at the target>
Type:               00020000  MEM_PRIVATE
Allocation Base:    000002d8`a3010000
Allocation Protect: 00000004  PAGE_READWRITE
```

The GC bookkeeping allocation is based at `000002d8a3010000`, with committed pages ending at `000002d8b302e000`/`b30c8000` and ~63 MB reserved beyond. The region-to-generation table base (`0x2d8b702ec40`) sits just past the end of that reserved chunk, and the byte at index `0x13e` is unmapped.

For contrast, the card table is healthy — a live object's card resolves inside committed space:

```
Regex object 00000298a546a238 >> 11 = 0x5314a8d4
+ g_card_table (0x2d84fec9840)      = 000002d8`a3014114   (committed)
```

### Escalation path

```
0f  <faulting instruction in barrier at 63a90024>
0e  ntdll!KiUserExceptionDispatch+0x2e
0d  ntdll!RtlDispatchException+0x206
0c  ntdll!RtlpCallVectoredHandlers+0xd6
0b  coreclr!CLRVectoredExceptionHandlerShim+0x144   excep.cpp @ 7503
0a  coreclr!HandleManagedFault+0xd3                 excep.cpp @ 6576
09  KERNELBASE!RaiseException+0x8a
08  ntdll!RtlRaiseException+0x221                   (c0000005 in args)
07  ntdll!RtlDispatchException+0x437
06  ntdll!RtlpExecuteHandlerForException+0xf
05  coreclr!ProcessCLRException+0xf129f             exceptionhandling.cpp @ 1066
04  coreclr!EEPolicy::HandleFatalError+0x133        eepolicy.cpp @ 810
03  coreclr!EEPolicy::LogFatalError+0x59a           eepolicy.cpp @ 571
02  coreclr!WatsonLastChance+0x1c6                  excep.cpp @ 3837
01  KERNELBASE!RaiseFailFastException+0x153
00  ntdll!NtRaiseException+0x14
```

### Managed stack (thread 24, TID 0x1db8 — ThreadPool worker)

```
[FaultingExceptionFrame: 000000efccb7a7f0]
System.Text.RegularExpressions.Match..ctor(Regex, Int32, String, Int32)      Match.cs @ 59
System.Text.RegularExpressions.RegexRunner.InitializeForScan(...)            RegexRunner.cs @ 291
System.Text.RegularExpressions.Regex.RunSingleMatch(...)                     Regex.cs @ 400
<application frames — ordinary Regex.Match() on a shared static Regex>
System.Threading.ThreadPoolWorkQueue.Dispatch()                              ThreadPoolWorkQueue.cs @ 1015
System.Threading.PortableThreadPool+WorkerThread.WorkerThreadStart()         PortableThreadPool.WorkerThread.NonBrowser.cs @ 102
```

Nothing unusual on the application side — a plain `Regex.Match(string)` against a process-wide `static readonly Regex`, on a thread-pool worker doing a large configuration rebuild. No unsafe code, no P/Invoke, no `GC.TryStartNoGCRegion` on this path. Stack usage was ~22 KB of a 1.5 MB reservation, so no stack overflow.

`Match..ctor` had multiple native code versions (dynamic PGO active), if relevant:

```
Current CodeAddr: 00007ff9654f2d50
  00007ff9654dab10  (OptimizedTier1 + Instrumented)
  00007ff9654f2d50  (OptimizedTier1)
  00007ff9b7ac89b0  (ReadyToRun)
```

---

### Two anomalies I could not resolve — flagging rather than explaining

**1. The destination region is not owned by any generation.**

`rcx` pre-shift was the barrier's destination; `rcx >> 22 = 0xa63cb` inverts to region base `0x298f2c00000`. That region is `MEM_COMMIT`/`PAGE_READWRITE` inside the GC's reservation (`Allocation Base 00000298a3010000`), but it is **absent from `!eeheap -gc`** and rejected by `!GCWhere`:

```
0:024> !GCWhere 00000298`f2ff9740
Address 298f2ff9740 not found in the managed heap.

0:024> !verifyobj 00000298`f2ff9740
0x00   ObjectNotOnTheHeap   Tried to validate 298f2ff9740 but its address was not on any segment.
```

Neighbouring 4 MB regions at `0x298f2000000`, `0x298f2800000`, `0x298f3000000` are all present in `!eeheap -gc`; `0x298f2400000` and `0x298f2c00000` are not. Note `0x298f2c00000` **is** inside `[g_lowest_address, g_highest_address]`, so it should be covered by the region map.

Despite that, the object at `0x298f2ff9740` is a well-formed `Match`:

```
0:024> dq 00000298`f2ff9740 L10
+0x00  00007ff9`64282e18   ; Match MethodTable (confirmed by !ip2md)
+0x08  00000299`0f03bc38   ; Text — the input string
+0x18  00000299`0f03bdb0   ; _caps
+0x40  00000298`a546a238   ; _regex — the actual Regex instance
+0x48  00000299`0f03bdf0   ; _matches
+0x50  00000299`0f03bdd0   ; _matchcount
```

All of those references are valid and land in the live gen0 region (`02990f000028`–`02990f3ad9f8`).

`!verifyheap` reported **12,557,451 objects verified, 0 errors** — but it would not have walked this object, since its region isn't enumerated.

**2. `rcx` does not correspond to the array element address.**

The resume IP follows the `CORINFO_HELP_ARRADDR_ST` call at `654f2e03`, whose array operand was `_matches = 0x2990f03bdf0`:

```
&_matches[0] = 0x2990f03be00  →  >> 22 = 0xa643c
rbx + 0x48   = 0x298f2ff9788  →  >> 22 = 0xa63cb   (= observed rcx)
```

So the shifted `rcx` matches a destination inside the `Match`'s own region rather than the gen0 array element. I cannot reconcile that with the resume IP and am reporting it as observed. 

---

### Relationship to #123490 / #131310

[#131310](https://github.com/dotnet/runtime/pull/131310) (fixing [#123490](https://github.com/dotnet/runtime/issues/123490)) describes, for Workstation-segments on x86:

> A compacting foreground GC creates expansion segment S and marks its mark-array slice committed on the current array → before S is linked to generation lists, a card-table grow fires and allocates a new, larger mark array → `commit_new_mark_array` walks only the generation segment lists, missing the unlinked S → S's pages are never committed on the new array while its `heap_segment_flags_ma_committed` flag remains set → a later BGC trusts the stale flag and crashes writing to uncommitted memory.

The failure mode here is the same shape — a bookkeeping-table grow leaving a sub-table's pages uncommitted, with the fault surfacing later on reserved memory — but on a different path: **x64, regions (`USE_REGIONS`), the region-to-generation map, consumed by the JIT write barrier** rather than the mark array consumed by BGC marking. Filing separately in case the regions path needs its own fix; happy to have it closed as a duplicate if #131310's root cause covers it.

### Repro

None. Single occurrence after 15.2 days of continuous operation in a production service. Not reproducible on demand. The workload that was running is a large configuration rebuild that allocates heavily (~1.45 GB live heap), so it crosses bookkeeping-table growth boundaries repeatedly.

### What would help

1. Confirmation of whether the barrier's region-to-generation immediate is expected to match `g_region_to_generation_table` at all times, and whether the region map is expected to be fully committed for `[g_lowest_address, g_highest_address]`.
2. Whether a region can legitimately be inside `[g_lowest_address, g_highest_address]`, hold live objects, and be absent from `!eeheap -gc`/`!GCWhere` — or whether that is itself evidence of the bug.
3. Whether #131310's root cause has a `USE_REGIONS` analogue, and if a fix would be backported to 8.0.

### Reproduction Steps

No repro

### Expected behavior

App should not crash

### Actual behavior

App crashes

### Known Workarounds

None

**Comment by mangod9** [comment]
would you be able to share the dump privately so we could investigate? Also since .NET 8 will be out of support in a few months, do you plan to move to 10, since that has had a few reliability fixes

**Comment by jimm98y** [comment]
Unfortunately, we've determined that the dump is covered by NDA so we cannot share it. If you want to run some specific tests on the dump, please let me know what to do. We have already moved our product to NET10, but since this is a "boxed" software it means some of our customers and projects are still on older version which uses NET8.

**Comment by kkokosa** [comment]
Thanks for the detailed analysis. Since the dump cannot be shared, could you please run the following metadata-only commands and paste the complete output? These commands should not expose managed objects, strings, or application data.

First restore the `FaultingExceptionFrame` context as you did previously, then run:

```text
.echo === Barrier table and fault ===
dp coreclr!g_region_to_generation_table L1
r rcx rdx rip
? @rcx << 0n22
? poi(coreclr!g_region_to_generation_table) + @rcx
!address poi(coreclr!g_region_to_generation_table) + @rcx

.echo === Locate GC bookkeeping symbols ===
x coreclr!*bookkeeping_start*
x coreclr!*bookkeeping_covered_committed*
x coreclr!*bookkeeping_sizes*
x coreclr!*card_table_element_layout*
x coreclr!*map_region_to_generation*
x coreclr!*seg_mapping_table*
x coreclr!*global_region_allocator*

.echo === GC bookkeeping pointers ===
dp coreclr!WKS::gc_heap::bookkeeping_start L1
dp coreclr!WKS::gc_heap::bookkeeping_covered_committed L1
dp coreclr!WKS::gc_heap::map_region_to_generation L1
dp coreclr!WKS::gc_heap::map_region_to_generation_skewed L1
dp coreclr!WKS::gc_heap::seg_mapping_table L1

.echo === Region allocator boundaries ===
dt coreclr!WKS::region_allocator coreclr!WKS::global_region_allocator global_region_*

.echo === Bookkeeping layout ===
dq coreclr!WKS::gc_heap::card_table_element_layout L10
dq coreclr!WKS::gc_heap::bookkeeping_sizes L10
```

If any fully qualified command reports that its symbol cannot be found, please include that error and the corresponding  `x coreclr!*name*`  output. The exact symbol name printed by  x  may differ in this runtime build.

Please also run the following after substituting the values obtained above:

```text
!address <bookkeeping_start>
!address <map_region_to_generation>
!address <actual-fault-address>
```

**Comment by jimm98y** [comment]
Here is the output:
```
For analysis of this file, run !analyze -v
ntdll!NtRaiseException+0x14:
00007ff9`e7d44a34 c3              ret
0:024> dt coreclr!FaultingExceptionFrame 000000efccb7a7f0
   +0x000 __VFN_table : 0x00007ff9`c3a232b8 
   +0x008 m_Next           : 0x000000ef`ccb7f8c8 Frame
   +0x010 m_fFilterExecuted : 0n0
   +0x018 m_ReturnAddress  : 0x00007ff9`654f2e08
   +0x020 m_ctx            : _CONTEXT
0:024> .cxr 000000ef`ccb7a810
rax=000002d8b6f889b3 rbx=00000298f2ff9740 rcx=00000000000a63cb
rdx=00000298f2ff97b0 rsi=0000000000000001 rdi=00000298f2ff9638
rip=00007ff9654f2e08 rsp=000000efccb7de30 rbp=0000000000000001
 r8=00000298f2ff9800  r9=00000298f2ff9638 r10=00000298f2ff9f70
r11=000002988276ff70 r12=000002990f03bc44 r13=0000000000000000
r14=00007ff963be9df8 r15=00000298f2ff97b0
iopl=0         nv up ei pl zr na po nc
cs=0033  ss=002b  ds=002b  es=002b  fs=0053  gs=002b             efl=00010246
00007ff9`654f2e08 8bb42480000000  mov     esi,dword ptr [rsp+80h] ss:000000ef`ccb7deb0=00000016
0:024> .echo === Barrier table and fault ===
=== Barrier table and fault ===
0:024> dp coreclr!g_region_to_generation_table L1
00007ff9`c3aad7d0  000002d8`b6f889b3
0:024> r rcx
Last set context:
rcx=00000000000a63cb
0:024> r rdx
Last set context:
rdx=00000298f2ff97b0
0:024> r rip
Last set context:
rip=00007ff9654f2e08
0:024> ? @rcx << 0n22
Evaluate expression: 2855930953728 = 00000298`f2c00000
0:024> ? poi(coreclr!g_region_to_generation_table) + @rcx
Evaluate expression: 3129806613886 = 000002d8`b702ed7e
0:024> !address 000002d8`b702ed7e

                                     
Mapping file section regions...
Mapping module regions...
Mapping PEB regions...
Mapping TEB and stack regions...
Mapping heap regions...
Mapping page heap regions...
Mapping other regions...
Mapping stack trace database regions...
Mapping activation context regions...

Usage:                  <unknown>
Base Address:           000002d8`b702e000
End Address:            000002d8`b702f000
Region Size:            00000000`00001000 (   4.000 kB)
State:                  00001000          MEM_COMMIT
Protect:                00000004          PAGE_READWRITE
Type:                   00020000          MEM_PRIVATE
Allocation Base:        000002d8`a3010000
Allocation Protect:     00000004          PAGE_READWRITE


Content source: 1 (target), length: 282
0:024> .echo === Locate GC bookkeeping symbols ===
=== Locate GC bookkeeping symbols ===
0:024> x coreclr!*bookkeeping_start*
00007ff9`c3ab2068 coreclr!SVR::gc_heap::bookkeeping_start = 0x00000000`00000000 ""
00007ff9`c3ab3e20 coreclr!WKS::gc_heap::bookkeeping_start = 0x000002d8`a3010000 "???"
0:024> x coreclr!*bookkeeping_covered_committed*
00007ff9`c3ab3e28 coreclr!WKS::gc_heap::bookkeeping_covered_committed = 0x00000299`3b400000 "--- memory read error at address 0x00000299`3b400000 ---"
00007ff9`c3ab2070 coreclr!SVR::gc_heap::bookkeeping_covered_committed = 0x00000000`00000000 ""
0:024> x coreclr!*bookkeeping_sizes*
00007ff9`c3ab3e30 coreclr!WKS::gc_heap::bookkeeping_sizes = unsigned int64 [7]
00007ff9`c3ab2080 coreclr!SVR::gc_heap::bookkeeping_sizes = unsigned int64 [7]
0:024> x coreclr!*card_table_element_layout*
00007ff9`c3ab20e0 coreclr!SVR::gc_heap::card_table_element_layout = unsigned int64 [8]
00007ff9`c3ab3e80 coreclr!WKS::gc_heap::card_table_element_layout = unsigned int64 [8]
00007ff9`c3762818 coreclr!SVR::gc_heap::get_card_table_element_layout (unsigned char *, unsigned char *, unsigned int64 *)
00007ff9`c3740a4c coreclr!WKS::gc_heap::get_card_table_element_layout (unsigned char *, unsigned char *, unsigned int64 *)
0:024> x coreclr!*map_region_to_generation*
00007ff9`c3ab1e30 coreclr!SVR::gc_heap::map_region_to_generation = 0x00000000`00000000
00007ff9`c3ab1e38 coreclr!SVR::gc_heap::map_region_to_generation_skewed = 0x00000000`00000000
00007ff9`c3ab38e8 coreclr!WKS::gc_heap::map_region_to_generation = 0x000002d8`b702ec40
00007ff9`c3ab38f0 coreclr!WKS::gc_heap::map_region_to_generation_skewed = 0x000002d8`b6f889b3
0:024> x coreclr!*seg_mapping_table*
00007ff9`c3ab2160 coreclr!SVR::seg_mapping_table = 0x00000000`00000000
00007ff9`c3ab3ed8 coreclr!WKS::seg_mapping_table = 0x000002d8`afe02b50
00007ff9`c36cb164 coreclr!SVR::seg_mapping_table_segment_of (unsigned char *)
00007ff9`c36aeb34 coreclr!WKS::seg_mapping_table_segment_of (unsigned char *)
00007ff9`c37e4972 coreclr!SVR::seg_mapping_table_heap_of =  (inline caller) coreclr!SVR::GCHeap::Alloc+12fcd2
00007ff9`c37e498c coreclr!SVR::seg_mapping_table_heap_of_worker =  (inline caller) coreclr!SVR::GCHeap::Alloc+12fcec
00007ff9`c36b4d7a coreclr!SVR::seg_mapping_table_heap_of =  (inline caller) coreclr!SVR::GCHeap::Alloc+da
00007ff9`c36b4d8c coreclr!SVR::seg_mapping_table_heap_of_worker =  (inline caller) coreclr!SVR::GCHeap::Alloc+ec
00007ff9`c36c8e67 coreclr!SVR::seg_mapping_table_heap_of =  (inline caller) coreclr!SVR::GCHeap::FixAllocContext+17
00007ff9`c36c8e79 coreclr!SVR::seg_mapping_table_heap_of_worker =  (inline caller) coreclr!SVR::GCHeap::FixAllocContext+29
00007ff9`c392de8e coreclr!SVR::seg_mapping_table_heap_of =  (inline caller) coreclr!SVR::GCHeap::GetContainingObject+1e
00007ff9`c392de9e coreclr!SVR::seg_mapping_table_heap_of_worker =  (inline caller) coreclr!SVR::GCHeap::GetContainingObject+2e
00007ff9`c36c9b76 coreclr!SVR::seg_mapping_table_heap_of =  (inline caller) coreclr!SVR::GCHeap::Promote+66
00007ff9`c36c9b7c coreclr!SVR::seg_mapping_table_heap_of_worker =  (inline caller) coreclr!SVR::GCHeap::Promote+6c
00007ff9`c36cb015 coreclr!SVR::seg_mapping_table_heap_of =  (inline caller) coreclr!SVR::GCHeap::PublishObject+5
00007ff9`c36cb027 coreclr!SVR::seg_mapping_table_heap_of_worker =  (inline caller) coreclr!SVR::GCHeap::PublishObject+17
00007ff9`c36c933d coreclr!SVR::seg_mapping_table_heap_of =  (inline caller) coreclr!SVR::GCHeap::RegisterForFinalization+1d
00007ff9`c36c934f coreclr!SVR::seg_mapping_table_heap_of_worker =  (inline caller) coreclr!SVR::GCHeap::RegisterForFinalization+2f
00007ff9`c36c9d1e coreclr!SVR::seg_mapping_table_heap_of =  (inline caller) coreclr!SVR::GCHeap::Relocate+3e
00007ff9`c36c9d39 coreclr!SVR::seg_mapping_table_heap_of_worker =  (inline caller) coreclr!SVR::GCHeap::Relocate+59
00007ff9`c393032c coreclr!SVR::seg_mapping_table_heap_of =  (inline caller) coreclr!SVR::gc_heap::background_mark_simple1+13c
00007ff9`c393033e coreclr!SVR::seg_mapping_table_heap_of_worker =  (inline caller) coreclr!SVR::gc_heap::background_mark_simple1+14e
00007ff9`c3930478 coreclr!SVR::seg_mapping_table_heap_of =  (inline caller) coreclr!SVR::gc_heap::background_mark_simple1+288
00007ff9`c393048a coreclr!SVR::seg_mapping_table_heap_of_worker =  (inline caller) coreclr!SVR::gc_heap::background_mark_simple1+29a
00007ff9`c39305c8 coreclr!SVR::seg_mapping_table_heap_of =  (inline caller) coreclr!SVR::gc_heap::background_mark_simple1+3d8
00007ff9`c39305da coreclr!SVR::seg_mapping_table_heap_of_worker =  (inline caller) coreclr!SVR::gc_heap::background_mark_simple1+3ea
00007ff9`c393073f coreclr!SVR::seg_mapping_table_heap_of =  (inline caller) coreclr!SVR::gc_heap::background_mark_simple1+54f
00007ff9`c3930751 coreclr!SVR::seg_mapping_table_heap_of_worker =  (inline caller) coreclr!SVR::gc_heap::background_mark_simple1+561
00007ff9`c393091e coreclr!SVR::seg_mapping_table_heap_of =  (inline caller) coreclr!SVR::gc_heap::background_mark_simple1+72e
00007ff9`c3930930 coreclr!SVR::seg_mapping_table_heap_of_worker =  (inline caller) coreclr!SVR::gc_heap::background_mark_simple1+740
00007ff9`c3930b21 coreclr!SVR::seg_mapping_table_heap_of =  (inline caller) coreclr!SVR::gc_heap::background_mark_simple1+931
00007ff9`c3930b33 coreclr!SVR::seg_mapping_table_heap_of_worker =  (inline caller) coreclr!SVR::gc_heap::background_mark_simple1+943
00007ff9`c3931328 coreclr!SVR::seg_mapping_table_heap_of =  (inline caller) coreclr!SVR::gc_heap::background_promote+48
00007ff9`c393133c coreclr!SVR::seg_mapping_table_heap_of_worker =  (inline caller) coreclr!SVR::gc_heap::background_promote+5c
00007ff9`c3931460 coreclr!SVR::seg_mapping_table_heap_of =  (inline caller) coreclr!SVR::gc_heap::background_promote_callback+40
00007ff9`c3931478 coreclr!SVR::seg_mapping_table_heap_of_worker =  (inline caller) coreclr!SVR::gc_heap::background_promote_callback+58
00007ff9`c39348d7 coreclr!SVR::seg_mapping_table_heap_of =  (inline caller) coreclr!SVR::gc_heap::compact_loh+2b7
00007ff9`c39348e9 coreclr!SVR::seg_mapping_table_heap_of_worker =  (inline caller) coreclr!SVR::gc_heap::compact_loh+2c9
00007ff9`c37e7ca9 coreclr!SVR::seg_mapping_table_heap_of =  (inline caller) coreclr!SVR::gc_heap::compact_plug+12bfa9
00007ff9`c37e7cbb coreclr!SVR::seg_mapping_table_heap_of_worker =  (inline caller) coreclr!SVR::gc_heap::compact_plug+12bfbb
00007ff9`c3935405 coreclr!SVR::seg_mapping_table_heap_of =  (inline caller) coreclr!SVR::gc_heap::copy_mark_bits_for_addresses+91
00007ff9`c3935417 coreclr!SVR::seg_mapping_table_heap_of_worker =  (inline caller) coreclr!SVR::gc_heap::copy_mark_bits_for_addresses+a3
00007ff9`c3762c54 coreclr!SVR::size_seg_mapping_table_of =  (inline caller) coreclr!SVR::gc_heap::get_card_table_element_sizes+a8
00007ff9`c3936bf8 coreclr!SVR::seg_mapping_table_heap_of =  (inline caller) coreclr!SVR::gc_heap::ha_mark_object_simple+1b8
00007ff9`c3936c0a coreclr!SVR::seg_mapping_table_heap_of_worker =  (inline caller) coreclr!SVR::gc_heap::ha_mark_object_simple+1ca
00007ff9`c36c329c coreclr!SVR::seg_mapping_table_add_ro_segment =  (inline caller) coreclr!SVR::gc_heap::insert_ro_segment+a8
00007ff9`c37611af coreclr!SVR::size_seg_mapping_table_of =  (inline caller) coreclr!SVR::gc_heap::make_card_table+127
00007ff9`c3740a04 coreclr!WKS::size_seg_mapping_table_of =  (inline caller) coreclr!WKS::gc_heap::get_card_table_element_sizes+a8
00007ff9`c36c37bb coreclr!WKS::seg_mapping_table_add_ro_segment =  (inline caller) coreclr!WKS::gc_heap::insert_ro_segment+97
00007ff9`c374204b coreclr!WKS::size_seg_mapping_table_of =  (inline caller) coreclr!WKS::gc_heap::make_card_table+127
0:024> x coreclr!*global_region_allocator*
00007ff9`c3aa9e90 coreclr!WKS::global_region_allocator = class WKS::region_allocator
00007ff9`c3aa9bc0 coreclr!SVR::global_region_allocator = class SVR::region_allocator
0:024> .echo === GC bookkeeping pointers ===
=== GC bookkeeping pointers ===
0:024> dp coreclr!WKS::gc_heap::bookkeeping_start L1
00007ff9`c3ab3e20  000002d8`a3010000
0:024> dp coreclr!WKS::gc_heap::bookkeeping_covered_committed L1
00007ff9`c3ab3e28  00000299`3b400000
0:024> dp coreclr!WKS::gc_heap::map_region_to_generation L1
00007ff9`c3ab38e8  000002d8`b702ec40
0:024> dp coreclr!WKS::gc_heap::map_region_to_generation_skewed L1
00007ff9`c3ab38f0  000002d8`b6f889b3
0:024> dp coreclr!WKS::gc_heap::seg_mapping_table L1
Couldn't resolve error at 'coreclr!WKS::gc_heap::seg_mapping_table '
0:024> .echo === Region allocator boundaries ===
=== Region allocator boundaries ===
0:024> dt coreclr!WKS::region_allocator coreclr!WKS::global_region_allocator global_region_*
   +0x000 global_region_start                  : Ptr64 UChar
   +0x008 global_region_end                    : Ptr64 UChar
   +0x010 global_region_left_used              : Ptr64 UChar
   +0x018 global_region_right_used             : Ptr64 UChar
0:024> .echo === Bookkeeping layout ===
=== Bookkeeping layout ===
0:024> dq coreclr!WKS::gc_heap::card_table_element_layout L10
00007ff9`c3ab3e80  00000000`00000040 00000000`07fff840
00007ff9`c3ab3e90  00000000`0ffff040 00000000`1001f040
00007ff9`c3ab3ea0  00000000`1401ec40 00000000`1402ec40
00007ff9`c3ab3eb0  00000000`14b2f000 00000000`94b27000
00007ff9`c3ab3ec0  00000298`82e8e850 00000000`000002e0
00007ff9`c3ab3ed0  00000000`000005c0 000002d8`afe02b50
00007ff9`c3ab3ee0  00000000`00008000 00000000`00008000
00007ff9`c3ab3ef0  00000000`00000000 000002d3`866d7000
0:024> dq coreclr!WKS::gc_heap::bookkeeping_sizes L10
00007ff9`c3ab3e30  00000000`00130000 00000000`00130000
00007ff9`c3ab3e40  00000000`000004c4 00000000`00098000
00007ff9`c3ab3e50  00000000`00000260 00000000`0001a200
00007ff9`c3ab3e60  00000000`01300000 00000040`00000000
00007ff9`c3ab3e70  00000298`800c8090 00000000`4037e403
00007ff9`c3ab3e80  00000000`00000040 00000000`07fff840
00007ff9`c3ab3e90  00000000`0ffff040 00000000`1001f040
00007ff9`c3ab3ea0  00000000`1401ec40 00000000`1402ec40
0:024> !address 000002d8`a3010000

Usage:                  <unknown>
Base Address:           000002d8`a3010000
End Address:            000002d8`a3141000
Region Size:            00000000`00131000 (   1.191 MB)
State:                  00001000          MEM_COMMIT
Protect:                00000004          PAGE_READWRITE
Type:                   00020000          MEM_PRIVATE
Allocation Base:        000002d8`a3010000
Allocation Protect:     00000004          PAGE_READWRITE


Content source: 1 (target), length: 131000
0:024> !address 000002d8`b702ec40

Usage:                  <unknown>
Base Address:           000002d8`b702e000
End Address:            000002d8`b702f000
Region Size:            00000000`00001000 (   4.000 kB)
State:                  00001000          MEM_COMMIT
Protect:                00000004          PAGE_READWRITE
Type:                   00020000          MEM_PRIVATE
Allocation Base:        000002d8`a3010000
Allocation Protect:     00000004          PAGE_READWRITE


Content source: 1 (target), length: 3c0
0:024> !address  00007ff9`63a90024

Usage:                  <unknown>
Base Address:           00007ff9`63a90000
End Address:            00007ff9`63aa0000
Region Size:            00000000`00010000 (  64.000 kB)
State:                  00001000          MEM_COMMIT
Protect:                00000020          PAGE_EXECUTE_READ
Type:                   00040000          MEM_MAPPED
Allocation Base:        00007ff9`63a90000
Allocation Protect:     00000040          PAGE_EXECUTE_READWRITE


Content source: 1 (target), length: ffdc
```

**Comment by kkokosa** [comment]
Thanks, can you also run:

```text
 .echo === Exact alleged fault byte ===
 db 000002d8`b702ed7e L1
 !vprot 000002d8`b702ed7e
 
 .echo === Region allocator values ===
 dq coreclr!WKS::global_region_allocator L4
 
 .echo === Original exception metadata ===
 .lastevent
 .exr -1
```

**Comment by jimm98y** [comment]
Sure:
```
0:024> .echo === Exact alleged fault byte ===
=== Exact alleged fault byte ===
0:024>  db 000002d8`b702ed7e L1
000002d8`b702ed7e  00                                               .
0:024> !vprot 000002d8`b702ed7e
BaseAddress:       000002d8b702e000
AllocationBase:    000002d8a3010000
AllocationProtect: 00000004  PAGE_READWRITE
RegionSize:        0000000000001000
State:             00001000  MEM_COMMIT
Protect:           00000004  PAGE_READWRITE
Type:              00020000  MEM_PRIVATE
0:024> .echo === Region allocator values ===
=== Region allocator values ===
0:024> dq coreclr!WKS::global_region_allocator L4
00007ff9`c3aa9e90  00000298`a3400000 000002d8`a3000000
00007ff9`c3aa9ea0  00000299`10c00000 000002d8`a3000000
0:024> .echo === Original exception metadata ===
=== Original exception metadata ===
0:024> .lastevent
Last event: 3dc4.1db8: Access violation - code c0000005 (first/second chance not available)
  debugger time: Thu Jul 30 13:23:14.284 2026 (UTC + 2:00)
0:024> .exr -1
ExceptionAddress: 00007ff9c3804560 (coreclr!ProcessCLRException+0x00000000000f1280)
   ExceptionCode: c0000005 (Access violation)
  ExceptionFlags: 00000001
NumberParameters: 0

```

**Comment by janvorli** [comment]
@jimm98y 
> rip is the resume IP written by `AdjustContextForJITHelpers`, not the faulting instruction

That cannot be correct. The `CORINFO_HELP_ARRADDR_ST` is a managed function, the `AdjustContextForJITHelpers` applies only to hand written asm helpers.

Can you please share the output of 
`!u 00007ff9`63c00020`
?

**Comment by jimm98y** [comment]
Here it is:
```
0:024> !u 00007ff963c00020
	Op: sub
	Dest: 28h
	Dest: 28
	Src: rsp
	Srct: ccb77598
```

**Comment by janvorli** [comment]
That should have shown a disassembly of managed code. It looks like you may have installed another windbg extension that overrides the sos  for this command. Can you please try
`!sos u 00007ff963c00020` 
instead?

**Comment by jimm98y** [comment]
```
0:024> !sos u 00007ff963c00020
Normal JIT generated code
System.Runtime.CompilerServices.CastHelpers.StelemRef(System.Array, IntPtr, System.Object)
ilAddr is 00007FF9BECF8118 pImport is 0000027AF6CDBCE0
Begin 00007FF963C00020, size 5d

/_/src/coreclr/System.Private.CoreLib/src/System/Runtime/CompilerServices/CastHelpers.cs @ 434:
>>> 00007ff9`63c00020 4883ec28        sub     rsp,28h
00007ff9`63c00024 8b4108          mov     eax,dword ptr [rcx+8]
00007ff9`63c00027 483bd0          cmp     rdx,rax
00007ff9`63c0002a 734b            jae     00007ff9`63c00077
00007ff9`63c0002c 488d44d110      lea     rax,[rcx+rdx*8+10h]

/_/src/coreclr/System.Private.CoreLib/src/System/Runtime/CompilerServices/CastHelpers.cs @ 435:
00007ff9`63c00031 488b11          mov     rdx,qword ptr [rcx]
00007ff9`63c00034 488b5230        mov     rdx,qword ptr [rdx+30h]

/_/src/coreclr/System.Private.CoreLib/src/System/Runtime/CompilerServices/CastHelpers.cs @ 437:
00007ff9`63c00038 4d85c0          test    r8,r8
00007ff9`63c0003b 7414            je      00007ff9`63c00051

/_/src/coreclr/System.Private.CoreLib/src/System/Runtime/CompilerServices/CastHelpers.cs @ 440:
00007ff9`63c0003d 493b10          cmp     rdx,qword ptr [r8]
00007ff9`63c00040 7519            jne     00007ff9`63c0005b

/_/src/coreclr/System.Private.CoreLib/src/System/Runtime/CompilerServices/CastHelpers.cs @ 444:
00007ff9`63c00042 488bc8          mov     rcx,rax
00007ff9`63c00045 498bd0          mov     rdx,r8

/_/src/coreclr/System.Private.CoreLib/src/System/Runtime/CompilerServices/CastHelpers.cs @ 455:
00007ff9`63c00048 4883c428        add     rsp,28h
00007ff9`63c0004c e96ff4b85f      jmp     coreclr!JIT_WriteBarrier_Callable (00007ff9`c378f4c0)

/_/src/coreclr/System.Private.CoreLib/src/System/Runtime/CompilerServices/CastHelpers.cs @ 448:
00007ff9`63c00051 33c9            xor     ecx,ecx
00007ff9`63c00053 488908          mov     qword ptr [rax],rcx

/_/src/coreclr/System.Private.CoreLib/src/System/Runtime/CompilerServices/CastHelpers.cs @ 455:
00007ff9`63c00056 4883c428        add     rsp,28h
00007ff9`63c0005a c3              ret

/_/src/coreclr/System.Private.CoreLib/src/System/Runtime/CompilerServices/CastHelpers.cs @ 452:
00007ff9`63c0005b 49bad8c4b363f97f0000 mov r10,7FF963B3C4D8h (MT: System.Object[])
00007ff9`63c00065 4c3911          cmp     qword ptr [rcx],r10
00007ff9`63c00068 74d8            je      00007ff9`63c00042

/_/src/coreclr/System.Private.CoreLib/src/System/Runtime/CompilerServices/CastHelpers.cs @ 455:
00007ff9`63c0006a 488bc8          mov     rcx,rax
00007ff9`63c0006d 4883c428        add     rsp,28h
00007ff9`63c00071 ff25f143ffff    jmp     qword ptr [00007ff9`63bf4468]
00007ff9`63c00077 e8f465ca5f      call    coreclr!JIT_RngChkFail (00007ff9`c38a6670)
00007ff9`63c0007c cc              int     3
```

**Comment by janvorli** [comment]
Thank you. That confirms that there was no AdjustContextForJITHelpers involved.

Can you please get the stack trace of the failing thread using both of the following commands?
`k`
`!clrstack -f`

**Comment by jimm98y** [comment]
```
0:024> k
 # Child-SP          RetAddr               Call Site
00 000000ef`ccb77598 00007ff9`e5460483     ntdll!NtRaiseException+0x14
01 000000ef`ccb775a0 00007ff9`c3848b2e     KERNELBASE!RaiseFailFastException+0x153
02 000000ef`ccb77b80 00007ff9`c388533a     coreclr!WatsonLastChance+0x1c6 [D:\a\_work\1\s\src\coreclr\vm\excep.cpp @ 3837] 
03 000000ef`ccb77bf0 00007ff9`c38845cb     coreclr!EEPolicy::LogFatalError+0x59a [D:\a\_work\1\s\src\coreclr\vm\eepolicy.cpp @ 571] 
04 000000ef`ccb78890 00007ff9`c380457f     coreclr!EEPolicy::HandleFatalError+0x133 [D:\a\_work\1\s\src\coreclr\vm\eepolicy.cpp @ 810] 
05 000000ef`ccb78e90 00007ff9`e7d462ff     coreclr!ProcessCLRException+0xf129f [D:\a\_work\1\s\src\coreclr\vm\exceptionhandling.cpp @ 1066] 
06 000000ef`ccb79050 00007ff9`e7bf2327     ntdll!RtlpExecuteHandlerForException+0xf
07 000000ef`ccb79080 00007ff9`e7bea961     ntdll!RtlDispatchException+0x437
08 000000ef`ccb79850 00007ff9`e541a80a     ntdll!RtlRaiseException+0x221
09 000000ef`ccb7a680 00007ff9`c3844c5b     KERNELBASE!RaiseException+0x8a
0a 000000ef`ccb7a780 00007ff9`c3756dc4     coreclr!HandleManagedFault+0xd3 [D:\a\_work\1\s\src\coreclr\vm\excep.cpp @ 6576] 
0b 000000ef`ccb7ad00 00007ff9`e7bf2d26     coreclr!CLRVectoredExceptionHandlerShim+0x144 [D:\a\_work\1\s\src\coreclr\vm\excep.cpp @ 7503] 
0c 000000ef`ccb7ad60 00007ff9`e7bf20f6     ntdll!RtlpCallVectoredHandlers+0xd6
0d 000000ef`ccb7adf0 00007ff9`e7d45c3e     ntdll!RtlDispatchException+0x206
0e 000000ef`ccb7b040 00007ff9`63a90046     ntdll!KiUserExceptionDispatch+0x2e
0f 000000ef`ccb7de28 00007ff9`654f2e08     0x00007ff9`63a90046
10 000000ef`ccb7de30 00007ff9`654ca1bc     0x00007ff9`654f2e08
11 000000ef`ccb7de90 00007ff9`654c9ea5     0x00007ff9`654ca1bc
12 000000ef`ccb7df00 00007ff9`654f5496     0x00007ff9`654c9ea5
13 000000ef`ccb7df90 00007ff9`65503ccd     0x00007ff9`654f5496
14 000000ef`ccb7e020 00007ff9`6550424d     0x00007ff9`65503ccd
15 000000ef`ccb7e200 00007ff9`6550424d     0x00007ff9`6550424d
16 000000ef`ccb7e3e0 00007ff9`6550424d     0x00007ff9`6550424d
17 000000ef`ccb7e5c0 00007ff9`6550424d     0x00007ff9`6550424d
18 000000ef`ccb7e7a0 00007ff9`6550424d     0x00007ff9`6550424d
19 000000ef`ccb7e980 00007ff9`6550424d     0x00007ff9`6550424d
1a 000000ef`ccb7eb60 00007ff9`6550424d     0x00007ff9`6550424d
1b 000000ef`ccb7ed40 00007ff9`6550424d     0x00007ff9`6550424d
1c 000000ef`ccb7ef20 00007ff9`6550424d     0x00007ff9`6550424d
1d 000000ef`ccb7f100 00007ff9`661fd75f     0x00007ff9`6550424d
1e 000000ef`ccb7f2e0 00007ff9`661fc081     0x00007ff9`661fd75f
1f 000000ef`ccb7f350 00007ff9`661fb6c9     0x00007ff9`661fc081
20 000000ef`ccb7f3e0 00007ff9`661fb334     0x00007ff9`661fb6c9
21 000000ef`ccb7f4b0 00007ff9`645349b6     0x00007ff9`661fb334
22 000000ef`ccb7f540 00007ff9`665d7830     0x00007ff9`645349b6
23 000000ef`ccb7f5c0 00007ff9`c378ef73     0x00007ff9`665d7830
24 000000ef`ccb7f6a0 00007ff9`c365a02a     coreclr!CallDescrWorkerInternal+0x83 [D:\a\_work\1\s\src\coreclr\vm\amd64\CallDescrWorkerAMD64.asm @ 100] 
25 000000ef`ccb7f6e0 00007ff9`c377b116     coreclr!DispatchCallSimple+0x66 [D:\a\_work\1\s\src\coreclr\vm\callhelpers.cpp @ 221] 
26 000000ef`ccb7f770 00007ff9`c3672602     coreclr!ThreadNative::KickOffThread_Worker+0x66 [D:\a\_work\1\s\src\coreclr\vm\comsynchronizable.cpp @ 158] 
27 (Inline Function) --------`--------     coreclr!ManagedThreadBase_DispatchInner+0xd [D:\a\_work\1\s\src\coreclr\vm\threads.cpp @ 7222] 
28 000000ef`ccb7f7d0 00007ff9`c3672544     coreclr!ManagedThreadBase_DispatchMiddle+0x5e [D:\a\_work\1\s\src\coreclr\vm\threads.cpp @ 7266] 
29 000000ef`ccb7f880 00007ff9`c36719db     coreclr!ManagedThreadBase_DispatchOuter+0x90 [D:\a\_work\1\s\src\coreclr\vm\threads.cpp @ 7425] 
2a (Inline Function) --------`--------     coreclr!ManagedThreadBase_FullTransition+0x28 [D:\a\_work\1\s\src\coreclr\vm\threads.cpp @ 7470] 
2b (Inline Function) --------`--------     coreclr!ManagedThreadBase::KickOff+0x28 [D:\a\_work\1\s\src\coreclr\vm\threads.cpp @ 7505] 
2c 000000ef`ccb7f8f0 00007ff9`e725e8d7     coreclr!ThreadNative::KickOffThread+0x7b [D:\a\_work\1\s\src\coreclr\vm\comsynchronizable.cpp @ 230] 
2d 000000ef`ccb7f950 00007ff9`e7c6c53c     kernel32!BaseThreadInitThunk+0x17
2e 000000ef`ccb7f980 00000000`00000000     ntdll!RtlUserThreadStart+0x2c
0:024> !clrstack -f
OS Thread Id: 0x1db8 (24)
        Child SP               IP Call Site
000000EFCCB77598 00007FF9E7D44A34 ntdll!NtRaiseException + 20
000000EFCCB775A0 00007FF9E5460483 KERNELBASE!RaiseFailFastException + 339
000000EFCCB77B80 00007FF9C3848B2E coreclr!WatsonLastChance + 454 at D:\a\_work\1\s\src\coreclr\vm\excep.cpp:3837
000000EFCCB77BF0 00007FF9C388533A coreclr!EEPolicy::LogFatalError + 1434 at D:\a\_work\1\s\src\coreclr\vm\eepolicy.cpp:571
000000EFCCB78890 00007FF9C38845CB coreclr!EEPolicy::HandleFatalError + 307 at D:\a\_work\1\s\src\coreclr\vm\eepolicy.cpp:810
000000EFCCB78E90 00007FF9C380457F coreclr!ProcessCLRException + 987807 at D:\a\_work\1\s\src\coreclr\vm\exceptionhandling.cpp:1066
000000EFCCB79050 00007FF9E7D462FF ntdll!RtlpExecuteHandlerForException + 15
000000EFCCB79080 00007FF9E7BF2327 ntdll!RtlDispatchException + 1079
000000EFCCB79850 00007FF9E7BEA961 ntdll!RtlRaiseException + 545
000000EFCCB7A680 00007FF9E541A80A KERNELBASE!RaiseException + 138
000000EFCCB7A780 00007FF9C3844C5B coreclr!HandleManagedFault + 211 at D:\a\_work\1\s\src\coreclr\vm\excep.cpp:6576
000000EFCCB7A7F0                  [FaultingExceptionFrame: 000000efccb7a7f0] 
000000EFCCB7AD00 00007FF9C3756DC4 coreclr!CLRVectoredExceptionHandlerShim + 324 at D:\a\_work\1\s\src\coreclr\vm\excep.cpp:7503
000000EFCCB7AD60 00007FF9E7BF2D26 ntdll!RtlpCallVectoredHandlers + 214
000000EFCCB7ADF0 00007FF9E7BF20F6 ntdll!RtlDispatchException + 518
000000EFCCB7B040 00007FF9E7D45C3E ntdll!KiUserExceptionDispatch + 46
000000EFCCB7DE28 00007FF963A90046 
000000EFCCB7DE30 00007ff9654f2e08 System.Text.RegularExpressions.dll!System.Text.RegularExpressions.Match..ctor(System.Text.RegularExpressions.Regex, Int32, System.String, Int32) + 184 [/_/src/libraries/System.Text.RegularExpressions/src/System/Text/RegularExpressions/Match.cs @ 59]
000000EFCCB7DE90 00007ff9654ca1bc System.Text.RegularExpressions.dll!System.Text.RegularExpressions.RegexRunner.InitializeForScan(System.Text.RegularExpressions.Regex, System.ReadOnlySpan`1, Int32, System.Text.RegularExpressions.RegexRunnerMode) + 252 [/_/src/libraries/System.Text.RegularExpressions/src/System/Text/RegularExpressions/RegexRunner.cs @ 291]
000000EFCCB7DF00 00007ff9654c9ea5 System.Text.RegularExpressions.dll!System.Text.RegularExpressions.Regex.RunSingleMatch(System.Text.RegularExpressions.RegexRunnerMode, Int32, System.String, Int32, Int32, Int32) + 213 [/_/src/libraries/System.Text.RegularExpressions/src/System/Text/RegularExpressions/Regex.cs @ 400]

...appframes...

000000EFCCB7F540 00007ff9645349b6 System.Private.CoreLib.dll!System.Threading.ThreadPoolWorkQueue.Dispatch() + 406 [/_/src/libraries/System.Private.CoreLib/src/System/Threading/ThreadPoolWorkQueue.cs @ 1015]
000000EFCCB7F5C0 00007ff9665d7830 System.Private.CoreLib.dll!System.Threading.PortableThreadPool+WorkerThread.WorkerThreadStart() + 304 [/_/src/libraries/System.Private.CoreLib/src/System/Threading/PortableThreadPool.WorkerThread.NonBrowser.cs @ 102]
000000EFCCB7F6A0 00007FF9C378EF73 coreclr!CallDescrWorkerInternal + 131 at D:\a\_work\1\s\src\coreclr\vm\amd64\CallDescrWorkerAMD64.asm:100
000000EFCCB7F6E0 00007FF9C365A02A coreclr!DispatchCallSimple + 102 at D:\a\_work\1\s\src\coreclr\vm\callhelpers.cpp:221
000000EFCCB7F770 00007FF9C377B116 coreclr!ThreadNative::KickOffThread_Worker + 102 at D:\a\_work\1\s\src\coreclr\vm\comsynchronizable.cpp:158
000000EFCCB7F7D0 00007FF9C3672602 coreclr!ManagedThreadBase_DispatchMiddle + 94 at D:\a\_work\1\s\src\coreclr\vm\threads.cpp:7266
000000EFCCB7F880 00007FF9C3672544 coreclr!ManagedThreadBase_DispatchOuter + 144 at D:\a\_work\1\s\src\coreclr\vm\threads.cpp:7425
000000EFCCB7F8C8                  [DebuggerU2MCatchHandlerFrame: 000000efccb7f8c8] 
000000EFCCB7F8F0 00007FF9C36719DB coreclr!ThreadNative::KickOffThread + 123 at D:\a\_work\1\s\src\coreclr\vm\comsynchronizable.cpp:230
000000EFCCB7F950 00007FF9E725E8D7 kernel32!BaseThreadInitThunk + 23
000000EFCCB7F980 00007FF9E7C6C53C ntdll!RtlUserThreadStart + 44
```

**Comment by janvorli** [comment]
Ok, so the crash really occurred at 00007ff9`63a90046. Let's disassemble that code (whole function):
`uf 00007ff9`63a90046`

Also, let's see if we can dump the original EXCEPTION_RECORD that we got at frame `0b` from the OS:
`.frame 0a`
`dt pExceptionRecord`

**Comment by jimm98y** [comment]
```
0:024> uf 00007ff963a90046
00007ff9`63a90046 0000            add     byte ptr [rax],al
00007ff9`63a90048 493bd1          cmp     rdx,r9
00007ff9`63a9004b 7202            jb      00007ff9`63a9004f  Branch

00007ff9`63a9004d f3c3            rep ret

00007ff9`63a9004f 48c1ea16        shr     rdx,16h
00007ff9`63a90053 8a1402          mov     dl,byte ptr [rdx+rax]
00007ff9`63a90056 3a1401          cmp     dl,byte ptr [rcx+rax]
00007ff9`63a90059 7203            jb      00007ff9`63a9005e  Branch

00007ff9`63a9005b f3c3            rep ret

00007ff9`63a9005e 48b84098ec4fd8020000 mov rax,2D84FEC9840h
00007ff9`63a90068 418bc8          mov     ecx,r8d
00007ff9`63a9006b 49c1e80b        shr     r8,0Bh
00007ff9`63a9006f c1e908          shr     ecx,8
00007ff9`63a90072 83e107          and     ecx,7
00007ff9`63a90075 b201            mov     dl,1
00007ff9`63a90077 d2e2            shl     dl,cl
00007ff9`63a90079 41841400        test    byte ptr [r8+rax],dl
00007ff9`63a9007d 7402            je      00007ff9`63a90081  Branch

00007ff9`63a9007f f3c3            rep ret

00007ff9`63a90081 f041081400      lock or byte ptr [r8+rax],dl
00007ff9`63a90086 48b8282becb2d8020000 mov rax,2D8B2EC2B28h
00007ff9`63a90090 49c1e80a        shr     r8,0Ah
00007ff9`63a90094 41803c00ff      cmp     byte ptr [r8+rax],0FFh
00007ff9`63a90099 7502            jne     00007ff9`63a9009d  Branch

00007ff9`63a9009b f3c3            rep ret

00007ff9`63a9009d 41c60400ff      mov     byte ptr [r8+rax],0FFh
00007ff9`63a900a2 c3              ret
0:024> .frame 0a
0a 000000ef`ccb7a780 00007ff9`c3756dc4     coreclr!HandleManagedFault+0xd3 [D:\a\_work\1\s\src\coreclr\vm\excep.cpp @ 6576] 
0:024> dt pExceptionRecord
Local var @ rbx Type _EXCEPTION_RECORD*
   +0x000 ExceptionCode    : 0xc0000005
   +0x004 ExceptionFlags   : 0
   +0x008 ExceptionRecord  : (null) 
   +0x010 ExceptionAddress : 0x00007ff9`654f2e08 Void
   +0x018 NumberParameters : 2
   +0x020 ExceptionInformation : [15] 1
```

**Comment by janvorli** [comment]
Ah, I see, in the end the AI was right saying "rip is the resume IP written by AdjustContextForJITHelpers". The System.Runtime.CompilerServices.CastHelpers.StelemRef tail calls the write barrier, so the crash was really in the barrier.

However, the crash address and instruction is weird. The `add     byte ptr [rax],al` is actually not a real instruction in the barrier, it is in the middle of an instruction. 

One more thing to look at from the pExceptionRecord - The ExceptionInformation[1] should show the address that was being accessed by the faulting instruction. If it was really the `add     byte ptr [rax],al` , then I'd expect it to contain the RAX value you got by the .cxr command (000002d8b6f889b3).

Can you please run 
`dx pExceptionRecord->ExceptionInformation`

**Comment by jimm98y** [comment]
```
0:024> dx pExceptionRecord->ExceptionInformation
pExceptionRecord->ExceptionInformation                 [Type: unsigned __int64 [15]]
    [0]              : 0x1 [Type: unsigned __int64]
    [1]              : 0x2d8b6f889b3 [Type: unsigned __int64]
    [2]              : 0x0 [Type: unsigned __int64]
    [3]              : 0x0 [Type: unsigned __int64]
    [4]              : 0x0 [Type: unsigned __int64]
    [5]              : 0x0 [Type: unsigned __int64]
    [6]              : 0x0 [Type: unsigned __int64]
    [7]              : 0x0 [Type: unsigned __int64]
    [8]              : 0x0 [Type: unsigned __int64]
    [9]              : 0x0 [Type: unsigned __int64]
    [10]             : 0x0 [Type: unsigned __int64]
    [11]             : 0x0 [Type: unsigned __int64]
    [12]             : 0x0 [Type: unsigned __int64]
    [13]             : 0x0 [Type: unsigned __int64]
    [14]             : 0x0 [Type: unsigned __int64]
```

**Comment by janvorli** [comment]
Ok, that confirms it. Let's disassemble the whole barrier (we have started at the faulting instruction only before):
`u 00007ff963a90000 L31`

I would like to see if the code was corrupted or if we somehow ended up in the middle of the valid instruction.

**Comment by jimm98y** [comment]
Here it is:
```
0:024> u 00007ff963a90000 L31
00007ff9`63a90000 c3              ret
00007ff9`63a90001 666666666666660f1f840000000000 nop word ptr [rax+rax]
00007ff9`63a90010 488911          mov     qword ptr [rcx],rdx
00007ff9`63a90013 4c8bc1          mov     r8,rcx
00007ff9`63a90016 48b8b389f8b6d8020000 mov rax,2D8B6F889B3h
00007ff9`63a90020 48c1e916        shr     rcx,16h
00007ff9`63a90024 803c0100        cmp     byte ptr [rcx+rax],0
00007ff9`63a90028 7504            jne     00007ff9`63a9002e
00007ff9`63a9002a f3c3            rep ret
00007ff9`63a9002c 6690            nop
00007ff9`63a9002e 49b9000040a398020000 mov r9,298A3400000h
00007ff9`63a90038 493bd1          cmp     rdx,r9
00007ff9`63a9003b 7301            jae     00007ff9`63a9003e
00007ff9`63a9003d c3              ret
00007ff9`63a9003e 49b9000000a3d8020000 mov r9,2D8A3000000h
00007ff9`63a90048 493bd1          cmp     rdx,r9
00007ff9`63a9004b 7202            jb      00007ff9`63a9004f
00007ff9`63a9004d f3c3            rep ret
00007ff9`63a9004f 48c1ea16        shr     rdx,16h
00007ff9`63a90053 8a1402          mov     dl,byte ptr [rdx+rax]
00007ff9`63a90056 3a1401          cmp     dl,byte ptr [rcx+rax]
00007ff9`63a90059 7203            jb      00007ff9`63a9005e
00007ff9`63a9005b f3c3            rep ret
00007ff9`63a9005d 90              nop
00007ff9`63a9005e 48b84098ec4fd8020000 mov rax,2D84FEC9840h
00007ff9`63a90068 418bc8          mov     ecx,r8d
00007ff9`63a9006b 49c1e80b        shr     r8,0Bh
00007ff9`63a9006f c1e908          shr     ecx,8
00007ff9`63a90072 83e107          and     ecx,7
00007ff9`63a90075 b201            mov     dl,1
00007ff9`63a90077 d2e2            shl     dl,cl
00007ff9`63a90079 41841400        test    byte ptr [r8+rax],dl
00007ff9`63a9007d 7402            je      00007ff9`63a90081
00007ff9`63a9007f f3c3            rep ret
00007ff9`63a90081 f041081400      lock or byte ptr [r8+rax],dl
00007ff9`63a90086 48b8282becb2d8020000 mov rax,2D8B2EC2B28h
00007ff9`63a90090 49c1e80a        shr     r8,0Ah
00007ff9`63a90094 41803c00ff      cmp     byte ptr [r8+rax],0FFh
00007ff9`63a90099 7502            jne     00007ff9`63a9009d
00007ff9`63a9009b f3c3            rep ret
00007ff9`63a9009d 41c60400ff      mov     byte ptr [r8+rax],0FFh
00007ff9`63a900a2 c3              ret
00007ff9`63a900a3 081400          or      byte ptr [rax+rax],dl
00007ff9`63a900a6 48b8282becb2d8020000 mov rax,2D8B2EC2B28h
00007ff9`63a900b0 49c1e80a        shr     r8,0Ah
00007ff9`63a900b4 41803c00ff      cmp     byte ptr [r8+rax],0FFh
00007ff9`63a900b9 7502            jne     00007ff9`63a900bd
00007ff9`63a900bb f3c3            rep ret
00007ff9`63a900bd 41c60400ff      mov     byte ptr [r8+rax],0FFh
```

**Comment by jimm98y** [comment]
If it helps, the AI wanted to run a few more commands after I gave it this thread so far and this is the result:

The original analysis in this issue is wrong. Retracting it — root cause is a race in write-barrier variant switching, unrelated to the GC region-to-generation map or #123490/#131310.

The region map is healthy. map_region_to_generation = 2d8b702ec40 matches the barrier immediate; the table is 0x10000 bytes covering exactly [g_lowest_address, g_highest_address]; and the byte I claimed was unmapped is MEM_COMMIT/PAGE_READWRITE reading 00. The MEM_RESERVE I reported was !address on the skewed base, which is a fictitious pointer that never needs to be mapped.

Actual fault: RIP 0x63a90046 = JIT_WriteBarrier + 0x36, 8 bytes into mov r9,<g_highest_address> — not an instruction boundary. It decodes as add byte ptr [rax],al, writing to rax = 0x2D8B6F889B3 (reserved). Consistent with ExceptionInformation[0] = 1 and AccessViolationException._target, both of which I wrongly dismissed as fabricated.

+0x36 is a boundary in JIT_WriteBarrier_WriteWatch_Bit_Region64 — the gen0 early-out rep ret. The region-map byte for this destination is 00 (gen0), which is exactly the path reaching it.

Direct evidence the barrier was swapped underneath the thread: bytes 63a900a3–63a900c2, past the end of the installed 0x93-byte Bit_Region64, still contain the tail of the 0xB3-byte write-watch variant, at exactly +0x20, with a live patched g_card_bundle_table immediate (2D8B2EC2B28h — matches the current global). 63a900c3 onward is untouched JIT_WriteBarrier placeholder padding, so this is not initialization debris.

GC state corroborates: bgc_thread non-null, current_c_gc_state = c_gc_state_free, g_sw_ww_enabled_for_gc_heap = 0 — a BGC had run and the switch back to the non-write-watch barrier had completed.

So ChangeWriteBarrierTo memcpy'd a shorter barrier over a longer one while a thread's RIP was inside it, at an offset that is a valid instruction boundary only in the longer one.

The barrier bodies are byte-identical in release/9.0, release/10.0 and main, so this is not fixed by moving to .NET 10. DOTNET_gcConcurrent=0 should avoid it, since write-watch switching is the only thing that changes barrier layout at runtime under regions. Possible fix: JIT_WriteBarrier_Callable already dispatches via jmp qword ptr [JIT_WriteBarrier_Loc], so swapping that pointer between two pre-patched buffers would make the switch atomic. Suggest relabeling area-VM-coreclr.

**Comment by janvorli** [comment]
Nice :-). I was just finishing a comment saying the same thing:
Ok, so we ended up in the middle of an instruction (the one at 00007ff963a9003e). That actually reminds me a similar issue I've fixed in the past where we've accidentally overwritten the barrier code while another thread was executing it.
The way the write barriers work is that there is a single allocated memory page (the one at 00007ff963a90000 in our case) where we copy the code of the actual write barrier we want to use.

**Comment by janvorli** [comment]
Now I need to check whether that issue was fixed only in .NET > 8 and never ported back or if it is yet another case.

**Comment by janvorli** [comment]
Anyways, thank you so much for your cooperation in the investigations!

**Comment by jimm98y** [comment]
Thank you very much for looking into this so quickly!!! Have a nice evening!

**Comment by janvorli** [comment]
@jimm98y I also wonder - was this a one-off issue or did it happen multiple times before? And what kind of hardware is it running on? I am interested mostly in the CPU type and number of CPUs and possibly sockets.

**Comment by jimm98y** [comment]
I think this happened only once. Recently we were facing multiple AccessViolationExceptions due to NET10 PGO exposing issues in our legacy codebase that went unnoticed for many years. The machine in question was a VM running on INTEL XEON SILVER 4514Y with 6 virtual cores.
