### ISSUE TITLE
segfault error 4 in libcoreclr.so

### ISSUE THREAD

**Issue by gregolsky** [dotnet/runtime#42885]
### Description

Process crashes on a regular basis (few times a week). 

```
Raven.Server[19552]: segfault at 7fb366943030 ip 00007fb6d0863a7a sp 00007fb6cdd93ea0 error 4 in libcoreclr.so[7fb6d0794000+2f0000]
```

We were able to take a coredump and this is what we got from `lldb-3.9` on thread 19552:
```
(lldb) register read
General Purpose Registers:
       rax = 0x00000000012afc00
       rbx = 0x0000000001222da0
       rcx = 0x00007f8a77555720
       rdx = 0x0000000000000001
       rdi = 0x0000000001222da0
       rsi = 0x00007fb6cdd93f28
       rbp = 0x00007fb6cdd93f00
       rsp = 0x00007fb6cdd93ea0
        r8 = 0x0000000000000015
        r9 = 0x00007fb660206e48
       r10 = 0x0000060c183060c1
       r11 = 0x0000000000000000
       r12 = 0x0000000001222da0
       r13 = 0x0000000000000000
       r14 = 0x00007fb366943030
       r15 = 0x0000000000000001
       rip = 0x00007fb6d0863a7a  libcoreclr.so`SVR::gc_heap::mark_object_simple(unsigned char**, int) + 26
    rflags = 0x0000000000010206
        cs = 0x0000000000000033
        fs = 0x0000000000000000
        gs = 0x0000000000000000
        ss = 0x000000000000002b
        ds = 0x0000000000000000
        es = 0x0000000000000000

(lldb) bt
* thread #1: tid = 19552, 0x00007fb6d0863a7a libcoreclr.so`SVR::gc_heap::mark_object_simple(unsigned char**, int) + 26, name = 'Raven.Server', stop reason = signal SIGSEGV
  * frame #0: 0x00007fb6d0863a7a libcoreclr.so`SVR::gc_heap::mark_object_simple(unsigned char**, int) + 26
    frame #1: 0x00007fb6d0866d73 libcoreclr.so`SVR::GCHeap::Promote(Object**, ScanContext*, unsigned int) + 355
    frame #2: 0x00007fb6d078d21e libcoreclr.so`GcInfoDecoder::ReportUntrackedSlots(GcSlotDecoder&, REGDISPLAY*, unsigned int, void (*)(void*, Object**, unsigned int), void*) + 238
    frame #3: 0x00007fb6d078b816 libcoreclr.so`GcInfoDecoder::EnumerateLiveSlots(REGDISPLAY*, bool, unsigned int, void (*)(void*, Object**, unsigned int), void*) + 2598
    frame #4: 0x00007fb6d0618c43 libcoreclr.so`EECodeManager::EnumGcRefs(REGDISPLAY*, EECodeInfo*, unsigned int, void (*)(void*, Object**, unsigned int), void*, unsigned int) + 291
    frame #5: 0x00007fb6d06f43ce libcoreclr.so`GcStackCrawlCallBack(CrawlFrame*, void*) + 590
    frame #6: 0x00007fb6d06835ed libcoreclr.so`Thread::MakeStackwalkerCallback(CrawlFrame*, StackWalkAction (*)(CrawlFrame*, void*), void*) + 157
    frame #7: 0x00007fb6d0683821 libcoreclr.so`Thread::StackWalkFramesEx(REGDISPLAY*, StackWalkAction (*)(CrawlFrame*, void*), void*, unsigned int, Frame*) + 433
    frame #8: 0x00007fb6d0683bfc libcoreclr.so`Thread::StackWalkFrames(StackWalkAction (*)(CrawlFrame*, void*), void*, unsigned int, Frame*) + 204
    frame #9: 0x00007fb6d08b32cc libcoreclr.so`ScanStackRoots(Thread*, void (*)(Object**, ScanContext*, unsigned int), ScanContext*) + 364
    frame #10: 0x00007fb6d08b30f5 libcoreclr.so`GCToEEInterface::GcScanRoots(void (*)(Object**, ScanContext*, unsigned int), int, int, ScanContext*) + 261
    frame #11: 0x00007fb6d085b46f libcoreclr.so`SVR::gc_heap::mark_phase(int, int) + 943
    frame #12: 0x00007fb6d085881d libcoreclr.so`SVR::gc_heap::gc1() + 461
    frame #13: 0x00007fb6d084af43 libcoreclr.so`SVR::gc_heap::garbage_collect(int) + 2659
    frame #14: 0x00007fb6d0849fe2 libcoreclr.so`SVR::gc_heap::gc_thread_function() + 674
    frame #15: 0x00007fb6d0849d36 libcoreclr.so`SVR::gc_heap::gc_thread_stub(void*) + 54
    frame #16: 0x00007fb6d08b5698 libcoreclr.so`(anonymous namespace)::CreateNonSuspendableThread(void (*)(void*), void*, char16_t const*)::$_1::__invoke(void*) + 168
    frame #17: 0x00007fb6d09c771d libcoreclr.so`CorUnix::CPalThread::ThreadEntry(void*) + 349
    frame #18: 0x00007fb6d20c26db libpthread.so.0`start_thread + 219
    frame #19: 0x00007fb6d12a8a3f libc.so.6`clone + 63
(lldb) setthread 1
(lldb) t 1
(lldb) * thread #1: tid = 19552, 0x00007fb6d0863a7a libcoreclr.so`SVR::gc_heap::mark_object_simple(unsigned char**, int) + 26, name = 'Raven.Server', stop reason = signal SIGSEGV
    frame #0: 0x00007fb6d0863a7a libcoreclr.so`SVR::gc_heap::mark_object_simple(unsigned char**, int) + 26
libcoreclr.so`SVR::gc_heap::mark_object_simple:
->  0x7fb6d0863a7a <+26>: movq   (%r14), %rcx
    0x7fb6d0863a7d <+29>: movq   %rcx, %rax
    0x7fb6d0863a80 <+32>: orq    $0x1, %rax
    0x7fb6d0863a84 <+36>: movq   %rax, (%r14)
```

We've run `dotnet-dump analyze` `verifyheap` command and it did not detect any corruption:
```
No heap corruption detected.
<END_COMMAND_OUTPUT>
```

Calculated the failed method offset 0x00007fb6d0863a7a - 0x7fb6d0794000 = 0xCFA7A and did `addr2line`:
```
$ addr2line -e libcoreclr.so -fCi 0xCFA7A
NibbleWriter::WriteEncodedU32(unsigned int)
??:?
```

### Configuration

* Which version of .NET is the code running on? **3.1.7**
* What OS and version, and what distro if applicable? **Ubuntu 18.04**
* What is the architecture (x64, x86, ARM, ARM64)? **x64**
* Do you know whether it is specific to that configuration? **no**

**Comment by ayende** [comment]
The relevant assembly that caused the issue is:

```
libcoreclr.so`SVR::gc_heap::mark_object_simple:
    0x7fb6d0863a60 <+0>:    pushq  %rbp
    0x7fb6d0863a61 <+1>:    movq   %rsp, %rbp
    0x7fb6d0863a64 <+4>:    pushq  %r15
    0x7fb6d0863a66 <+6>:    pushq  %r14
    0x7fb6d0863a68 <+8>:    pushq  %r13
    0x7fb6d0863a6a <+10>:   pushq  %r12
    0x7fb6d0863a6c <+12>:   pushq  %rbx
    0x7fb6d0863a6d <+13>:   subq   $0x38, %rsp
    0x7fb6d0863a71 <+17>:   movl   %edx, -0x2c(%rbp)
    0x7fb6d0863a74 <+20>:   movq   %rdi, %rbx
    0x7fb6d0863a77 <+23>:   movq   (%rsi), %r14
->  0x7fb6d0863a7a <+26>:   movq   (%r14), %rcx    <<< Thread 1: signal SIGSEGV
    0x7fb6d0863a7d <+29>:   movq   %rcx, %rax
    0x7fb6d0863a80 <+32>:   orq    $0x1, %rax
    0x7fb6d0863a84 <+36>:   movq   %rax, (%r14)
    0x7fb6d0863a87 <+39>:   testb  $0x1, %cl
```

The issue seems to be in `%r14`, which is set to `0x00007fb366943030`.

Following that address we get:

```
(lldb) memory read 0x00007fb366943030
0x7fb366943030: 00 00 00 00 00 00 00 00 00 00 00 00 00 00 00 00  ................
0x7fb366943040: 00 00 00 00 00 00 00 00 00 00 00 00 00 00 00 00  ................
```

So this looks like a null reference issue. 
Looking at the region, we have:

```
(lldb) memory region 0x00007fb366943030
[0x00007fb3615e0000-0x00007fb407ffe000) ---
```
So this is a range of about 2.6 GB , but there is not further information provided.

LLDB doesn't have a way to provide the memory map of a process, so I used `eeheap` to check things:

```
(lldb) eeheap
Loader Heap:
--------------------------------------
System Domain:     00007fb6d0ca1d10
LowFrequencyHeap:  00007FB656970000(3000:3000) 00007FB657310000(40000:40000) 00007FB657350000(10000:10000) 00007FB657360000(10000:10000) 00007FB657410000(10000:10000) 00007FB657430000(60000:60000) 00007FB657490000(20000:20000) 00007FB6574C0000(10000:10000) 00007FB6574D0000(10000:10000) 00007FB6574E0000(10000:10000) 00007FB657540000(10000:10000) 00007FB657560000(10000:10000) 00007FB6575C0000(10000:10000) 00007FB6575D0000(10000:10000) 00007FB6575E0000(10000:10000) 00007FB657B40000(10000:10000) 00007FB657B50000(10000:10000) 00007FB657B60000(10000:10000) 00007FB657CC0000(10000:10000) 00007FB657DD0000(10000:10000) 00007FB657F50000(10000:10000) 00007FB657FA0000(10000:10000) 00007FB658110000(10000:10000) 00007FB658260000(10000:10000) 00007FB6582D0000(10000:10000) 00007FB6584D0000(10000:10000) 00007FB6584F0000(10000:10000) 00007FB658650000(10000:10000) 00007FB658710000(10000:10000) 00007FB6587A0000(10000:10000) 00007FB658880000(10000:10000) 00007FB658890000(10000:10000) 00007FB6588A0000(30000:30000) 00007FB6588D0000(10000:10000) 00007FB6588F0000(10000:10000) 00007FB6589C0000(10000:10000) 00007FB658AA0000(10000:10000) 00007FB658BD0000(10000:10000) 00007FB658CB0000(10000:10000) 00007FB658E30000(10000:10000) 00007FB658E50000(10000:10000) 00007FB658E90000(10000:10000) 00007FB6590A0000(10000:10000) 00007FB659190000(10000:10000) 00007FB6591E0000(10000:10000) 00007FB659310000(10000:10000) 00007FB659380000(10000:10000) 00007FB6593A0000(10000:10000) 00007FB659450000(10000:10000) 00007FB659480000(10000:10000) 00007FB659490000(10000:10000) 00007FB6594A0000(10000:10000) 00007FB6594C0000(10000:10000) 00007FB6595B0000(10000:10000) 00007FB659710000(10000:10000) 00007FB659770000(10000:10000) 00007FB659870000(10000:10000) 00007FB659BA0000(20000:20000) 00007FB65A460000(40000:40000) 00007FB65A4A0000(10000:10000) 00007FB65A4C0000(10000:10000) 00007FB65A5A0000(10000:10000) 00007FB65A5E0000(10000:10000) 00007FB65A660000(10000:10000) 00007FB65A790000(10000:10000) 00007FB65A860000(10000:10000) 00007FB65A880000(40000:40000) 00007FB65A8C0000(10000:10000) 00007FB65A9C0000(10000:10000) 00007FB65A9F0000(10000:10000) 00007FB65AA50000(10000:10000) 00007FB65AAC0000(20000:20000) 00007FB65AAF0000(10000:10000) 00007FB65AB90000(10000:10000) 00007FB65ABC0000(10000:10000) 00007FB65ABE0000(10000:10000) 00007FB65AC90000(10000:10000) 00007FB65ACC0000(10000:10000) 00007FB65ACE0000(10000:10000) 00007FB65AD00000(70000:70000) 00007FB65AD70000(20000:20000) 00007FB65ADA0000(10000:10000) 00007FB65ADB0000(10000:10000) 00007FB65ADC0000(40000:40000) 00007FB65AE00000(10000:10000) 00007FB65AE10000(10000:10000) 00007FB65AE20000(10000:10000) 00007FB65AE50000(10000:10000) 00007FB65AEE0000(10000:10000) 00007FB65AF10000(10000:10000) 00007FB65AF40000(10000:10000) 00007FB65AFD0000(10000:10000) 00007FB65B020000(10000:10000) 00007FB65B0B0000(10000:10000) 00007FB65B100000(10000:10000) 00007FB65B260000(10000:10000) 00007FB65B3A0000(10000:10000) 00007FB65B480000(10000:10000) 00007FB65B570000(10000:10000) 00007FB65B5B0000(10000:10000) 00007FB65B680000(10000:10000) 00007FB65B700000(10000:10000) 00007FB65B730000(10000:10000) 00007FB65B760000(10000:10000) 00007FB65B790000(10000:10000) 00007FB65B9B0000(10000:10000) 00007FB65B9D0000(10000:10000) 00007FB65BA20000(10000:10000) 00007FB65BA50000(10000:10000) 00007FB65BA80000(10000:10000) 00007FB65BAA0000(10000:10000) 00007FB65BAF0000(10000:10000) 00007FB65BB50000(10000:10000) 00007FB65BB90000(10000:10000) 00007FB65BBC0000(10000:10000) 00007FB65BBE0000(10000:10000) 00007FB65BD00000(10000:10000) 00007FB65BD20000(10000:10000) 00007FB65BD40000(10000:10000) 00007FB65BD80000(10000:10000) 00007FB65BDA0000(10000:10000) 00007FB65BE10000(10000:10000) 00007FB65BE30000(10000:10000) 00007FB65BE50000(10000:10000) 00007FB65BED0000(10000:10000) 00007FB65BF60000(10000:10000) 00007FB65BF80000(10000:10000) 00007FB65BFB0000(10000:10000) 00007FB65C0A0000(10000:10000) 00007FB65C0D0000(10000:10000) 00007FB65C230000(10000:10000) 00007FB65C240000(10000:10000) 00007FB65C260000(10000:10000) 00007FB65C290000(10000:10000) 00007FB65C2B0000(10000:10000) 00007FB65C4D0000(10000:10000) 00007FB65C500000(10000:10000) 00007FB65C540000(10000:10000) 00007FB65C560000(10000:10000) 00007FB65C590000(10000:10000) 00007FB65C5B0000(40000:40000) 00007FB65C5F0000(10000:10000) 00007FB65C600000(20000:20000) 00007FB65C630000(10000:10000) 00007FB65C640000(10000:10000) 00007FB65C650000(10000:10000) 00007FB65C690000(10000:10000) 00007FB65C700000(10000:10000) 00007FB65C740000(10000:10000) 00007FB65C760000(10000:10000) 00007FB65C790000(10000:10000) 00007FB65C800000(10000:10000) 00007FB65C860000(10000:10000) 00007FB65C8A0000(10000:10000) 00007FB65C8E0000(10000:10000) 00007FB65C8F0000(10000:10000) 00007FB65C950000(10000:10000) 00007FB65C960000(10000:10000) 00007FB65C9A0000(10000:10000) 00007FB65CA90000(10000:10000) 00007FB65CAC0000(10000:10000) 00007FB65CB00000(10000:10000) 00007FB65CB50000(10000:10000) 00007FB65CB60000(20000:20000) 00007FB65CBA0000(10000:10000) 00007FB65CBF0000(10000:10000) 00007FB65CE30000(10000:10000) 00007FB65CE60000(10000:10000) 00007FB65CE90000(10000:10000) 00007FB65CEE0000(10000:10000) 00007FB65CF20000(10000:10000) 00007FB65CF90000(10000:10000) 00007FB65CFE0000(10000:10000) 00007FB65D010000(10000:10000) 00007FB65D050000(10000:10000) 00007FB65D080000(10000:10000) 00007FB65D0B0000(10000:10000) 00007FB65D0D0000(10000:10000) 00007FB65D100000(10000:10000) 00007FB65D120000(10000:10000) 00007FB65D140000(10000:10000) 00007FB65D170000(10000:10000) 00007FB65D1B0000(10000:10000) 00007FB65D1D0000(10000:10000) 00007FB65D200000(10000:10000) 00007FB65D220000(10000:10000) 00007FB65D240000(10000:10000) 00007FB65D260000(10000:10000) 00007FB65D290000(10000:10000) 00007FB65D2C0000(10000:10000) 00007FB65D2F0000(10000:10000) 00007FB65D350000(10000:10000) 00007FB65D5A0000(10000:10000) 00007FB65D5E0000(10000:10000) 00007FB65D610000(10000:10000) 00007FB65D650000(10000:10000) 00007FB65D680000(10000:10000) 00007FB65D6C0000(10000:10000) 00007FB65D740000(10000:10000) 00007FB65D770000(10000:10000) 00007FB65D7A0000(10000:10000) 00007FB65D7D0000(10000:10000) 00007FB65D800000(10000:10000) 00007FB65D830000(10000:10000) 00007FB65D860000(10000:10000) 00007FB65D890000(10000:10000) 00007FB65D8D0000(10000:10000) 00007FB65D8F0000(10000:10000) 00007FB65D930000(10000:10000) 00007FB65D970000(10000:10000) 00007FB65D9A0000(10000:10000) 00007FB65D9D0000(10000:10000) 00007FB65DBF0000(10000:10000) 00007FB65DC10000(10000:10000) 00007FB65DC30000(10000:10000) 00007FB65DC60000(10000:10000) 00007FB65DC80000(10000:10000) 00007FB65DCB0000(10000:10000) 00007FB65DCD0000(10000:10000) 00007FB65DD00000(10000:10000) 00007FB65DD30000(10000:10000) 00007FB65DD50000(10000:10000) 00007FB65DD70000(10000:10000) 00007FB65DDA0000(10000:10000) 00007FB65DDD0000(10000:10000) 00007FB65DE10000(10000:10000) 00007FB65DE60000(10000:10000) 00007FB65DE80000(10000:10000) 00007FB65DEA0000(10000:10000) 00007FB65DEC0000(10000:10000) 00007FB65DEE0000(10000:10000) 00007FB65DF00000(10000:10000) 00007FB65DF30000(10000:10000) 00007FB65DF50000(10000:10000) 00007FB65DF70000(10000:10000) 00007FB65E180000(10000:10000) 00007FB65E1A0000(10000:10000) 00007FB65E1C0000(10000:10000) 00007FB65E1E0000(10000:10000) 00007FB65E200000(10000:10000) 00007FB65E210000(10000:10000) 00007FB65E230000(10000:10000) 00007FB65E250000(10000:10000) 00007FB65E270000(10000:10000) 00007FB65E2D0000(10000:10000) 00007FB65E2F0000(10000:10000) 00007FB65E300000(10000:10000) 00007FB65E310000(10000:10000) 00007FB65E320000(10000:10000) 00007FB65E340000(10000:10000) 00007FB65E350000(10000:10000) 00007FB65E360000(10000:10000) 00007FB65E370000(10000:10000) 00007FB65E390000(10000:10000) 00007FB65E3B0000(10000:10000) 00007FB65E3D0000(10000:10000) 00007FB65E3E0000(10000:10000) 00007FB65E3F0000(10000:10000) 00007FB65E410000(10000:10000) 00007FB65E450000(10000:10000) 00007FB65E470000(10000:10000) 00007FB65E490000(10000:10000) 00007FB65E4B0000(10000:10000) 00007FB65E4D0000(10000:10000) 00007FB65E6F0000(10000:10000) 00007FB65E700000(10000:10000) 00007FB65E730000(10000:10000) 00007FB65E750000(10000:10000) 00007FB65E770000(10000:10000) 00007FB65E780000(10000:10000) 00007FB65E7E0000(10000:10000) 00007FB65E800000(30000:30000) 00007FB65E840000(10000:10000) 00007FB65E860000(10000:10000) 00007FB65E880000(10000:10000) 00007FB65E8A0000(10000:10000) 00007FB65E8D0000(10000:10000) 00007FB65E8E0000(10000:10000) 00007FB65E900000(10000:10000) 00007FB65E910000(10000:10000) 00007FB65E920000(10000:10000) 00007FB65E930000(10000:10000) 00007FB65E950000(10000:10000) 00007FB65E960000(10000:10000) 00007FB65E970000(10000:10000) 00007FB65E9C0000(10000:10000) 00007FB65EBD0000(10000:10000) 00007FB65EBE0000(10000:10000) 00007FB65EC00000(10000:10000) 00007FB65EC10000(10000:10000) 00007FB65EC20000(10000:10000) 00007FB65EC30000(10000:10000) 00007FB65EC40000(10000:10000) 00007FB65EC50000(10000:10000) 00007FB65EC70000(10000:10000) 00007FB65ECD0000(10000:10000) 00007FB65ECF0000(10000:10000) 00007FB65ED00000(10000:10000) 00007FB65ED10000(10000:10000) 00007FB65ED20000(10000:10000) 00007FB65ED40000(10000:10000) 00007FB65ED50000(10000:10000) 00007FB65ED60000(10000:10000) 00007FB65ED70000(10000:10000) 00007FB65ED80000(10000:10000) 00007FB65ED90000(10000:10000) 00007FB65EDB0000(10000:10000) 00007FB65EDC0000(10000:10000) 00007FB65EDD0000(10000:10000) 00007FB65EFE0000(10000:10000) 00007FB65EFF0000(10000:10000) 00007FB65F010000(10000:10000) 00007FB65F020000(10000:10000) 00007FB65F030000(10000:10000) 00007FB65F040000(10000:10000) 00007FB65F0B0000(10000:10000) 00007FB65F0E0000(10000:10000) 00007FB65F110000(10000:10000) 00007FB65F150000(10000:10000) 00007FB65F3A0000(10000:10000) 00007FB65F3C0000(10000:10000) 00007FB65F3E0000(10000:10000) 00007FB65F420000(10000:10000) 00007FB65F690000(10000:10000) 00007FB65F6B0000(10000:10000) 00007FB65F6D0000(10000:10000) 00007FB65F700000(10000:10000) 00007FB65F770000(10000:10000) 00007FB65F780000(20000:20000) 00007FB65F7A0000(30000:30000) 00007FB65F7D0000(10000:10000) 00007FB65F7E0000(10000:10000) 00007FB65F7F0000(10000:10000) 00007FB65F800000(20000:20000) 00007FB65F8C0000(10000:10000) 00007FB65F8E0000(10000:10000) 00007FB65FA00000(10000:10000) 00007FB65FA10000(10000:10000) 00007FB65FA40000(10000:10000) 00007FB65FA50000(10000:10000) 00007FB65FA70000(10000:10000) 00007FB65FAA0000(10000:10000) 00007FB65FAB0000(10000:10000) 00007FB65FAD0000(10000:10000) 00007FB65FAF0000(10000:10000) 00007FB65FB00000(10000:10000) 00007FB65FB10000(10000:10000) 00007FB65FB30000(10000:10000) 00007FB65FB40000(10000:10000) 00007FB65FB70000(10000:10000) 00007FB65FD90000(10000:10000) 00007FB65FDB0000(10000:10000) 00007FB65FDC0000(10000:10000) 00007FB65FDD0000(10000:10000) 00007FB65FDF0000(10000:10000) 00007FB65FE00000(10000:10000) 00007FB65FE10000(10000:10000) 00007FB65FE20000(10000:10000) 00007FB65FE40000(10000:10000) 00007FB65FE50000(10000:10000) 00007FB65FE60000(10000:10000) 00007FB65FE70000(10000:10000) 00007FB65FE90000(10000:10000) 00007FB65FEA0000(10000:10000) 00007FB65FEB0000(10000:10000) 00007FB65FEC0000(10000:10000) 00007FB65FEE0000(10000:10000) 00007FB65FEF0000(10000:10000) 00007FB65FF00000(10000:10000) 00007FB65FF20000(10000:10000) 00007FB65FF80000(10000:10000) 00007FB660190000(10000:10000) 00007FB6601C0000(10000:10000) 00007FB660200000(10000:10000) 00007FB660260000(10000:10000) 00007FB660270000(10000:10000) 00007FB660290000(10000:10000) 00007FB6604A0000(10000:10000) 00007FB6604B0000(10000:10000) 00007FB6604E0000(10000:10000) 00007FB660500000(10000:10000) 00007FB660520000(10000:10000) 00007FB660530000(10000:10000) 00007FB660570000(10000:10000) 00007FB6605D0000(10000:10000) 00007FB6605F0000(10000:10000) 00007FB660600000(10000:10000) 00007FB660610000(10000:10000) 00007FB660630000(10000:10000) 00007FB660650000(10000:10000) 00007FB660670000(10000:10000) 00007FB660890000(10000:10000) 00007FB6608B0000(10000:10000) 00007FB6608D0000(10000:10000) 00007FB660950000(10000:10000) 00007FB660960000(10000:10000) 00007FB660980000(10000:10000) 00007FB6609B0000(10000:10000) 00007FB6609C0000(10000:10000) 00007FB6609D0000(10000:10000) 00007FB6609F0000(10000:10000) 00007FB660A70000(10000:10000) 00007FB660A90000(10000:10000) 00007FB660CC0000(10000:10000) 00007FB660CD0000(10000:10000) 00007FB660CF0000(10000:10000) 00007FB660D10000(10000:10000) 00007FB660D30000(10000:10000) 00007FB660D60000(10000:10000) 00007FB660D80000(10000:10000) 00007FB660DE0000(10000:10000) 00007FB660E00000(10000:10000) 00007FB660E20000(10000:10000) 00007FB660E50000(10000:10000) 00007FB660EC0000(10000:10000) 00007FB660ED0000(10000:10000) 00007FB660EF0000(10000:10000) 00007FB660F10000(10000:10000) 00007FB660F50000(10000:10000) 00007FB661160000(10000:10000) 00007FB661180000(10000:10000) 00007FB6611A0000(10000:10000) 00007FB661210000(10000:10000) 00007FB661230000(10000:10000) 00007FB661250000(10000:10000) 00007FB661280000(10000:10000) 00007FB6612B0000(10000:10000) 00007FB661370000(10000:10000) 00007FB6613D0000(10000:10000) 00007FB6616A0000(10000:10000) 00007FB6616D0000(10000:10000) Size: 0x1d63000 (30814208) bytes.
HighFrequencyHeap: 00007FB656974000(9000:9000) 00007FB6573F0000(10000:10000) 00007FB657400000(10000:10000) 00007FB657420000(10000:10000) 00007FB6574B0000(10000:10000) 00007FB6574F0000(10000:10000) 00007FB657550000(10000:10000) 00007FB657B70000(10000:10000) 00007FB657EA0000(10000:10000) 00007FB658100000(10000:10000) 00007FB6581C0000(10000:10000) 00007FB658270000(10000:10000) 00007FB658280000(10000:10000) 00007FB6584E0000(10000:10000) 00007FB6586C0000(10000:10000) 00007FB658790000(10000:10000) 00007FB6587B0000(10000:10000) 00007FB658800000(10000:10000) 00007FB6588E0000(10000:10000) 00007FB658A30000(10000:10000) 00007FB658AF0000(10000:10000) 00007FB658CA0000(10000:10000) 00007FB658DC0000(10000:10000) 00007FB658E40000(10000:10000) 00007FB658E60000(10000:10000) 00007FB658E70000(10000:10000) 00007FB658E80000(10000:10000) 00007FB659180000(10000:10000) 00007FB659360000(10000:10000) 00007FB659370000(10000:10000) 00007FB659390000(10000:10000) 00007FB6593B0000(10000:10000) 00007FB659440000(10000:10000) 00007FB659460000(10000:10000) 00007FB659470000(10000:10000) 00007FB6594B0000(10000:10000) 00007FB659550000(10000:10000) 00007FB6595C0000(10000:10000) 00007FB6597D0000(10000:10000) 00007FB659880000(10000:10000) 00007FB65A4B0000(10000:10000) 00007FB65A510000(10000:10000) 00007FB65A5B0000(10000:10000) 00007FB65A5D0000(10000:10000) 00007FB65A5F0000(10000:10000) 00007FB65A600000(10000:10000) 00007FB65A670000(10000:10000) 00007FB65A870000(10000:10000) 00007FB65A9B0000(10000:10000) 00007FB65A9D0000(10000:10000) 00007FB65A9E0000(10000:10000) 00007FB65AA60000(10000:10000) 00007FB65AAB0000(10000:10000) 00007FB65AAE0000(10000:10000) 00007FB65ABA0000(10000:10000) 00007FB65ABB0000(10000:10000) 00007FB65ABD0000(10000:10000) 00007FB65ABF0000(10000:10000) 00007FB65AC80000(10000:10000) 00007FB65ACA0000(10000:10000) 00007FB65ACB0000(10000:10000) 00007FB65ACD0000(10000:10000) 00007FB65ACF0000(10000:10000) 00007FB65AD90000(10000:10000) 00007FB65AE30000(10000:10000) 00007FB65AE40000(10000:10000) 00007FB65AE60000(10000:10000) 00007FB65AE70000(10000:10000) 00007FB65AE80000(10000:10000) 00007FB65AEF0000(10000:10000) 00007FB65AF00000(10000:10000) 00007FB65AF20000(10000:10000) 00007FB65AF30000(10000:10000) 00007FB65AF50000(10000:10000) 00007FB65AFC0000(10000:10000) 00007FB65AFE0000(10000:10000) 00007FB65AFF0000(10000:10000) 00007FB65B000000(10000:10000) 00007FB65B010000(10000:10000) 00007FB65B030000(10000:10000) 00007FB65B040000(10000:10000) 00007FB65B0C0000(10000:10000) 00007FB65B0D0000(10000:10000) 00007FB65B0E0000(10000:10000) 00007FB65B0F0000(10000:10000) 00007FB65B1B0000(10000:10000) 00007FB65B1C0000(10000:10000) 00007FB65B2F0000(10000:10000) 00007FB65B510000(10000:10000) 00007FB65B580000(10000:10000) 00007FB65B590000(10000:10000) 00007FB65B5A0000(10000:10000) 00007FB65B600000(10000:10000) 00007FB65B670000(10000:10000) 00007FB65B690000(10000:10000) 00007FB65B6F0000(10000:10000) 00007FB65B710000(10000:10000) 00007FB65B720000(10000:10000) 00007FB65B740000(10000:10000) 00007FB65B750000(10000:10000) 00007FB65B770000(10000:10000) 00007FB65B780000(10000:10000) 00007FB65B9A0000(10000:10000) 00007FB65B9C0000(10000:10000) 00007FB65BA30000(10000:10000) 00007FB65BA40000(10000:10000) 00007FB65BA60000(10000:10000) 00007FB65BA70000(10000:10000) 00007FB65BA90000(10000:10000) 00007FB65BAB0000(10000:10000) 00007FB65BAC0000(10000:10000) 00007FB65BAE0000(10000:10000) 00007FB65BB00000(10000:10000) 00007FB65BB10000(10000:10000) 00007FB65BB20000(10000:10000) 00007FB65BB40000(10000:10000) 00007FB65BB70000(10000:10000) 00007FB65BB80000(10000:10000) 00007FB65BBA0000(10000:10000) 00007FB65BBB0000(10000:10000) 00007FB65BBD0000(10000:10000) 00007FB65BBF0000(10000:10000) 00007FB65BD10000(10000:10000) 00007FB65BD30000(10000:10000) 00007FB65BD50000(10000:10000) 00007FB65BD60000(10000:10000) 00007FB65BD70000(10000:10000) 00007FB65BD90000(10000:10000) 00007FB65BDB0000(10000:10000) 00007FB65BDC0000(10000:10000) 00007FB65BE20000(10000:10000) 00007FB65BE40000(10000:10000) 00007FB65BE60000(10000:10000) 00007FB65BEE0000(10000:10000) 00007FB65BF30000(10000:10000) 00007FB65BF40000(10000:10000) 00007FB65BF50000(10000:10000) 00007FB65BF70000(10000:10000) 00007FB65BF90000(10000:10000) 00007FB65BFA0000(10000:10000) 00007FB65BFC0000(10000:10000) 00007FB65C0B0000(10000:10000) 00007FB65C0C0000(10000:10000) 00007FB65C0E0000(10000:10000) 00007FB65C250000(10000:10000) 00007FB65C270000(10000:10000) 00007FB65C280000(10000:10000) 00007FB65C2A0000(10000:10000) 00007FB65C2C0000(10000:10000) 00007FB65C4E0000(10000:10000) 00007FB65C4F0000(10000:10000) 00007FB65C510000(10000:10000) 00007FB65C520000(10000:10000) 00007FB65C530000(10000:10000) 00007FB65C550000(10000:10000) 00007FB65C570000(10000:10000) 00007FB65C580000(10000:10000) 00007FB65C5A0000(10000:10000) 00007FB65C620000(10000:10000) 00007FB65C660000(10000:10000) 00007FB65C670000(10000:10000) 00007FB65C680000(10000:10000) 00007FB65C6A0000(10000:10000) 00007FB65C6B0000(10000:10000) 00007FB65C710000(10000:10000) 00007FB65C720000(10000:10000) 00007FB65C730000(10000:10000) 00007FB65C750000(10000:10000) 00007FB65C770000(10000:10000) 00007FB65C7A0000(10000:10000) 00007FB65C850000(10000:10000) 00007FB65C870000(10000:10000) 00007FB65C880000(10000:10000) 00007FB65C890000(10000:10000) 00007FB65C8B0000(10000:10000) 00007FB65C8C0000(10000:10000) 00007FB65C8D0000(10000:10000) 00007FB65C900000(10000:10000) 00007FB65C970000(10000:10000) 00007FB65C980000(10000:10000) 00007FB65C990000(10000:10000) 00007FB65C9B0000(10000:10000) 00007FB65CAA0000(10000:10000) 00007FB65CAB0000(10000:10000) 00007FB65CAD0000(10000:10000) 00007FB65CAE0000(10000:10000) 00007FB65CAF0000(10000:10000) 00007FB65CB10000(10000:10000) 00007FB65CB20000(10000:10000) 00007FB65CB30000(10000:10000) 00007FB65CB40000(10000:10000) 00007FB65CB80000(10000:10000) 00007FB65CB90000(10000:10000) 00007FB65CBB0000(10000:10000) 00007FB65CBC0000(10000:10000) 00007FB65CBD0000(10000:10000) 00007FB65CBE0000(10000:10000) 00007FB65CC00000(10000:10000) 00007FB65CC10000(10000:10000) 00007FB65CC20000(10000:10000) 00007FB65CE40000(10000:10000) 00007FB65CE50000(10000:10000) 00007FB65CE70000(10000:10000) 00007FB65CE80000(10000:10000) 00007FB65CEA0000(10000:10000) 00007FB65CEB0000(10000:10000) 00007FB65CEC0000(10000:10000) 00007FB65CED0000(10000:10000) 00007FB65CEF0000(10000:10000) 00007FB65CF00000(10000:10000) 00007FB65CF10000(10000:10000) 00007FB65CF30000(10000:10000) 00007FB65CF80000(10000:10000) 00007FB65CFA0000(10000:10000) 00007FB65CFB0000(10000:10000) 00007FB65CFC0000(10000:10000) 00007FB65CFD0000(10000:10000) 00007FB65CFF0000(10000:10000) 00007FB65D000000(10000:10000) 00007FB65D020000(10000:10000) 00007FB65D030000(10000:10000) 00007FB65D040000(10000:10000) 00007FB65D060000(10000:10000) 00007FB65D070000(10000:10000) 00007FB65D090000(10000:10000) 00007FB65D0A0000(10000:10000) 00007FB65D0C0000(10000:10000) 00007FB65D0E0000(10000:10000) 00007FB65D0F0000(10000:10000) 00007FB65D110000(10000:10000) 00007FB65D130000(10000:10000) 00007FB65D150000(10000:10000) 00007FB65D160000(10000:10000) 00007FB65D180000(10000:10000) 00007FB65D190000(10000:10000) 00007FB65D1A0000(10000:10000) 00007FB65D1C0000(10000:10000) 00007FB65D1E0000(10000:10000) 00007FB65D1F0000(10000:10000) 00007FB65D210000(10000:10000) 00007FB65D230000(10000:10000) 00007FB65D250000(10000:10000) 00007FB65D270000(10000:10000) 00007FB65D280000(10000:10000) 00007FB65D2A0000(10000:10000) 00007FB65D2B0000(10000:10000) 00007FB65D2D0000(10000:10000) 00007FB65D2E0000(10000:10000) 00007FB65D300000(10000:10000) 00007FB65D310000(10000:10000) 00007FB65D320000(10000:10000) 00007FB65D330000(10000:10000) 00007FB65D340000(10000:10000) 00007FB65D360000(10000:10000) 00007FB65D370000(10000:10000) 00007FB65D380000(10000:10000) 00007FB65D590000(10000:10000) 00007FB65D5B0000(10000:10000) 00007FB65D5C0000(10000:10000) 00007FB65D5D0000(10000:10000) 00007FB65D5F0000(10000:10000) 00007FB65D600000(10000:10000) 00007FB65D620000(10000:10000) 00007FB65D630000(10000:10000) 00007FB65D660000(10000:10000) 00007FB65D670000(10000:10000) 00007FB65D690000(10000:10000) 00007FB65D6A0000(10000:10000) 00007FB65D6B0000(10000:10000) 00007FB65D6D0000(10000:10000) 00007FB65D720000(10000:10000) 00007FB65D730000(10000:10000) 00007FB65D750000(10000:10000) 00007FB65D760000(10000:10000) 00007FB65D780000(10000:10000) 00007FB65D790000(10000:10000) 00007FB65D7B0000(10000:10000) 00007FB65D7C0000(10000:10000) 00007FB65D7E0000(10000:10000) 00007FB65D7F0000(10000:10000) 00007FB65D810000(10000:10000) 00007FB65D820000(10000:10000) 00007FB65D840000(10000:10000) 00007FB65D850000(10000:10000) 00007FB65D870000(10000:10000) 00007FB65D880000(10000:10000) 00007FB65D8A0000(10000:10000) 00007FB65D8B0000(10000:10000) 00007FB65D8C0000(10000:10000) 00007FB65D8E0000(10000:10000) 00007FB65D900000(10000:10000) 00007FB65D910000(10000:10000) 00007FB65D920000(10000:10000) 00007FB65D940000(10000:10000) 00007FB65D950000(10000:10000) 00007FB65D960000(10000:10000) 00007FB65D980000(10000:10000) 00007FB65D990000(10000:10000) 00007FB65D9B0000(10000:10000) 00007FB65D9C0000(10000:10000) 00007FB65D9E0000(10000:10000) 00007FB65DC00000(10000:10000) 00007FB65DC20000(10000:10000) 00007FB65DC40000(10000:10000) 00007FB65DC50000(10000:10000) 00007FB65DC70000(10000:10000) 00007FB65DC90000(10000:10000) 00007FB65DCA0000(10000:10000) 00007FB65DCC0000(10000:10000) 00007FB65DCE0000(10000:10000) 00007FB65DCF0000(10000:10000) 00007FB65DD10000(10000:10000) 00007FB65DD20000(10000:10000) 00007FB65DD40000(10000:10000) 00007FB65DD60000(10000:10000) 00007FB65DD80000(10000:10000) 00007FB65DD90000(10000:10000) 00007FB65DDB0000(10000:10000) 00007FB65DDC0000(10000:10000) 00007FB65DDE0000(10000:10000) 00007FB65DDF0000(10000:10000) 00007FB65DE00000(10000:10000) 00007FB65DE20000(10000:10000) 00007FB65DE30000(10000:10000) 00007FB65DE40000(10000:10000) 00007FB65DE50000(10000:10000) 00007FB65DE70000(10000:10000) 00007FB65DE90000(10000:10000) 00007FB65DEB0000(10000:10000) 00007FB65DED0000(10000:10000) 00007FB65DEF0000(10000:10000) 00007FB65DF10000(10000:10000) 00007FB65DF20000(10000:10000) 00007FB65DF40000(10000:10000) 00007FB65DF60000(10000:10000) 00007FB65E190000(10000:10000) 00007FB65E1B0000(10000:10000) 00007FB65E1D0000(10000:10000) 00007FB65E1F0000(10000:10000) 00007FB65E220000(10000:10000) 00007FB65E240000(10000:10000) 00007FB65E260000(10000:10000) 00007FB65E280000(10000:10000) 00007FB65E2E0000(10000:10000) 00007FB65E330000(10000:10000) 00007FB65E380000(10000:10000) 00007FB65E3A0000(10000:10000) 00007FB65E3C0000(10000:10000) 00007FB65E400000(10000:10000) 00007FB65E420000(10000:10000) 00007FB65E440000(10000:10000) 00007FB65E460000(10000:10000) 00007FB65E480000(10000:10000) 00007FB65E4A0000(10000:10000) 00007FB65E4C0000(10000:10000) 00007FB65E4E0000(10000:10000) 00007FB65E710000(10000:10000) 00007FB65E720000(10000:10000) 00007FB65E740000(10000:10000) 00007FB65E760000(10000:10000) 00007FB65E790000(10000:10000) 00007FB65E7F0000(10000:10000) 00007FB65E830000(10000:10000) 00007FB65E850000(10000:10000) 00007FB65E870000(10000:10000) 00007FB65E890000(10000:10000) 00007FB65E8B0000(10000:10000) 00007FB65E8C0000(10000:10000) 00007FB65E8F0000(10000:10000) 00007FB65E940000(10000:10000) 00007FB65EBF0000(10000:10000) 00007FB65EC60000(10000:10000) 00007FB65ECC0000(10000:10000) 00007FB65ECE0000(10000:10000) 00007FB65ED30000(10000:10000) 00007FB65EDA0000(10000:10000) 00007FB65F000000(10000:10000) 00007FB65F050000(10000:10000) 00007FB65F0A0000(10000:10000) 00007FB65F0C0000(10000:10000) 00007FB65F0D0000(10000:10000) 00007FB65F0F0000(10000:10000) 00007FB65F100000(10000:10000) 00007FB65F120000(10000:10000) 00007FB65F130000(10000:10000) 00007FB65F140000(10000:10000) 00007FB65F3B0000(10000:10000) 00007FB65F3D0000(10000:10000) 00007FB65F3F0000(10000:10000) 00007FB65F400000(10000:10000) 00007FB65F410000(10000:10000) 00007FB65F430000(10000:10000) 00007FB65F480000(10000:10000) 00007FB65F6A0000(10000:10000) 00007FB65F6C0000(10000:10000) 00007FB65F6E0000(10000:10000) 00007FB65F6F0000(10000:10000) 00007FB65F710000(10000:10000) 00007FB65F760000(10000:10000) 00007FB65F820000(10000:10000) 00007FB65F8D0000(10000:10000) 00007FB65F9F0000(10000:10000) 00007FB65FA20000(10000:10000) 00007FB65FA30000(10000:10000) 00007FB65FA60000(10000:10000) 00007FB65FA80000(10000:10000) 00007FB65FA90000(10000:10000) 00007FB65FAC0000(10000:10000) 00007FB65FB20000(10000:10000) 00007FB65FB50000(10000:10000) 00007FB65FB60000(10000:10000) 00007FB65FB80000(10000:10000) 00007FB65FDA0000(10000:10000) 00007FB65FDE0000(10000:10000) 00007FB65FE30000(10000:10000) 00007FB65FE80000(10000:10000) 00007FB65FED0000(10000:10000) 00007FB65FF10000(10000:10000) 00007FB65FF70000(10000:10000) 00007FB6601A0000(10000:10000) 00007FB6601B0000(10000:10000) 00007FB6601D0000(10000:10000) 00007FB6601E0000(10000:10000) 00007FB6601F0000(10000:10000) 00007FB660250000(10000:10000) 00007FB660280000(10000:10000) 00007FB6604C0000(10000:10000) 00007FB6604F0000(10000:10000) 00007FB660510000(10000:10000) 00007FB660540000(10000:10000) 00007FB660550000(10000:10000) 00007FB660560000(10000:10000) 00007FB6605C0000(10000:10000) 00007FB6605E0000(10000:10000) 00007FB660620000(10000:10000) 00007FB660640000(10000:10000) 00007FB660660000(10000:10000) 00007FB660880000(10000:10000) 00007FB6608A0000(10000:10000) 00007FB6608C0000(10000:10000) 00007FB6608E0000(10000:10000) 00007FB660930000(10000:10000) 00007FB660940000(10000:10000) 00007FB660970000(10000:10000) 00007FB660990000(10000:10000) 00007FB6609A0000(10000:10000) 00007FB6609E0000(10000:10000) 00007FB660A00000(10000:10000) 00007FB660A10000(10000:10000) 00007FB660A60000(10000:10000) 00007FB660A80000(10000:10000) 00007FB660AA0000(10000:10000) 00007FB660AB0000(10000:10000) 00007FB660CE0000(10000:10000) 00007FB660D00000(10000:10000) 00007FB660D20000(10000:10000) 00007FB660D40000(10000:10000) 00007FB660D50000(10000:10000) 00007FB660D90000(10000:10000) 00007FB660DF0000(10000:10000) 00007FB660E10000(10000:10000) 00007FB660E30000(10000:10000) 00007FB660E40000(10000:10000) 00007FB660EB0000(10000:10000) 00007FB660EE0000(10000:10000) 00007FB660F00000(10000:10000) 00007FB660F20000(10000:10000) 00007FB660F30000(10000:10000) 00007FB660F40000(10000:10000) 00007FB661170000(10000:10000) 00007FB661190000(10000:10000) 00007FB6611B0000(10000:10000) 00007FB661200000(10000:10000) 00007FB661220000(10000:10000) 00007FB661240000(10000:10000) 00007FB661260000(10000:10000) 00007FB661270000(10000:10000) 00007FB661290000(10000:10000) 00007FB6612A0000(10000:10000) 00007FB6612C0000(10000:10000) 00007FB6612D0000(10000:10000) 00007FB661320000(10000:10000) 00007FB661330000(10000:10000) 00007FB661340000(10000:10000) 00007FB661350000(10000:10000) 00007FB661360000(10000:10000) 00007FB661380000(10000:10000) 00007FB6613E0000(10000:10000) 00007FB6613F0000(10000:10000) 00007FB661440000(10000:10000) 00007FB661450000(10000:10000) 00007FB661460000(10000:10000) 00007FB661470000(10000:10000) 00007FB661480000(10000:10000) 00007FB661490000(10000:10000) 00007FB6616B0000(10000:10000) 00007FB6616C0000(10000:10000) Size: 0x1f09000 (32542720) bytes.
StubHeap:          00007FB65697D000(3000:3000) Size: 0x3000 (12288) bytes.
Virtual Call Stub Heap:
  IndcellHeap:     00007FB656980000(6000:6000) 00007FB65D640000(10000:10000) 00007FB6604D0000(10000:10000) Size: 0x26000 (155648) bytes.
  LookupHeap:      00007FB65698F000(4000:4000) 00007FB65BE70000(10000:10000) 00007FB660D70000(10000:10000) Size: 0x24000 (147456) bytes.
  ResolveHeap:     00007FB6569C4000(57000:57000) Size: 0x57000 (356352) bytes.
  DispatchHeap:    00007FB656993000(31000:31000) Size: 0x31000 (200704) bytes.
  CacheEntryHeap:  00007FB656986000(9000:9000) 00007FB65C780000(10000:10000) 00007FB65E430000(10000:10000) Size: 0x29000 (167936) bytes.
Total size:        Size: 0x3d6a000 (64397312) bytes.
--------------------------------------
Domain 1:          0000000001219cc0
LowFrequencyHeap:  00007FB656970000(3000:3000) 00007FB657310000(40000:40000) 00007FB657350000(10000:10000) 00007FB657360000(10000:10000) 00007FB657410000(10000:10000) 00007FB657430000(60000:60000) 00007FB657490000(20000:20000) 00007FB6574C0000(10000:10000) 00007FB6574D0000(10000:10000) 00007FB6574E0000(10000:10000) 00007FB657540000(10000:10000) 00007FB657560000(10000:10000) 00007FB6575C0000(10000:10000) 00007FB6575D0000(10000:10000) 00007FB6575E0000(10000:10000) 00007FB657B40000(10000:10000) 00007FB657B50000(10000:10000) 00007FB657B60000(10000:10000) 00007FB657CC0000(10000:10000) 00007FB657DD0000(10000:10000) 00007FB657F50000(10000:10000) 00007FB657FA0000(10000:10000) 00007FB658110000(10000:10000) 00007FB658260000(10000:10000) 00007FB6582D0000(10000:10000) 00007FB6584D0000(10000:10000) 00007FB6584F0000(10000:10000) 00007FB658650000(10000:10000) 00007FB658710000(10000:10000) 00007FB6587A0000(10000:10000) 00007FB658880000(10000:10000) 00007FB658890000(10000:10000) 00007FB6588A0000(30000:30000) 00007FB6588D0000(10000:10000) 00007FB6588F0000(10000:10000) 00007FB6589C0000(10000:10000) 00007FB658AA0000(10000:10000) 00007FB658BD0000(10000:10000) 00007FB658CB0000(10000:10000) 00007FB658E30000(10000:10000) 00007FB658E50000(10000:10000) 00007FB658E90000(10000:10000) 00007FB6590A0000(10000:10000) 00007FB659190000(10000:10000) 00007FB6591E0000(10000:10000) 00007FB659310000(10000:10000) 00007FB659380000(10000:10000) 00007FB6593A0000(10000:10000) 00007FB659450000(10000:10000) 00007FB659480000(10000:10000) 00007FB659490000(10000:10000) 00007FB6594A0000(10000:10000) 00007FB6594C0000(10000:10000) 00007FB6595B0000(10000:10000) 00007FB659710000(10000:10000) 00007FB659770000(10000:10000) 00007FB659870000(10000:10000) 00007FB659BA0000(20000:20000) 00007FB65A460000(40000:40000) 00007FB65A4A0000(10000:10000) 00007FB65A4C0000(10000:10000) 00007FB65A5A0000(10000:10000) 00007FB65A5E0000(10000:10000) 00007FB65A660000(10000:10000) 00007FB65A790000(10000:10000) 00007FB65A860000(10000:10000) 00007FB65A880000(40000:40000) 00007FB65A8C0000(10000:10000) 00007FB65A9C0000(10000:10000) 00007FB65A9F0000(10000:10000) 00007FB65AA50000(10000:10000) 00007FB65AAC0000(20000:20000) 00007FB65AAF0000(10000:10000) 00007FB65AB90000(10000:10000) 00007FB65ABC0000(10000:10000) 00007FB65ABE0000(10000:10000) 00007FB65AC90000(10000:10000) 00007FB65ACC0000(10000:10000) 00007FB65ACE0000(10000:10000) 00007FB65AD00000(70000:70000) 00007FB65AD70000(20000:20000) 00007FB65ADA0000(10000:10000) 00007FB65ADB0000(10000:10000) 00007FB65ADC0000(40000:40000) 00007FB65AE00000(10000:10000) 00007FB65AE10000(10000:10000) 00007FB65AE20000(10000:10000) 00007FB65AE50000(10000:10000) 00007FB65AEE0000(10000:10000) 00007FB65AF10000(10000:10000) 00007FB65AF40000(10000:10000) 00007FB65AFD0000(10000:10000) 00007FB65B020000(10000:10000) 00007FB65B0B0000(10000:10000) 00007FB65B100000(10000:10000) 00007FB65B260000(10000:10000) 00007FB65B3A0000(10000:10000) 00007FB65B480000(10000:10000) 00007FB65B570000(10000:10000) 00007FB65B5B0000(10000:10000) 00007FB65B680000(10000:10000) 00007FB65B700000(10000:10000) 00007FB65B730000(10000:10000) 00007FB65B760000(10000:10000) 00007FB65B790000(10000:10000) 00007FB65B9B0000(10000:10000) 00007FB65B9D0000(10000:10000) 00007FB65BA20000(10000:10000) 00007FB65BA50000(10000:10000) 00007FB65BA80000(10000:10000) 00007FB65BAA0000(10000:10000) 00007FB65BAF0000(10000:10000) 00007FB65BB50000(10000:10000) 00007FB65BB90000(10000:10000) 00007FB65BBC0000(10000:10000) 00007FB65BBE0000(10000:10000) 00007FB65BD00000(10000:10000) 00007FB65BD20000(10000:10000) 00007FB65BD40000(10000:10000) 00007FB65BD80000(10000:10000) 00007FB65BDA0000(10000:10000) 00007FB65BE10000(10000:10000) 00007FB65BE30000(10000:10000) 00007FB65BE50000(10000:10000) 00007FB65BED0000(10000:10000) 00007FB65BF60000(10000:10000) 00007FB65BF80000(10000:10000) 00007FB65BFB0000(10000:10000) 00007FB65C0A0000(10000:10000) 00007FB65C0D0000(10000:10000) 00007FB65C230000(10000:10000) 00007FB65C240000(10000:10000) 00007FB65C260000(10000:10000) 00007FB65C290000(10000:10000) 00007FB65C2B0000(10000:10000) 00007FB65C4D0000(10000:10000) 00007FB65C500000(10000:10000) 00007FB65C540000(10000:10000) 00007FB65C560000(10000:10000) 00007FB65C590000(10000:10000) 00007FB65C5B0000(40000:40000) 00007FB65C5F0000(10000:10000) 00007FB65C600000(20000:20000) 00007FB65C630000(10000:10000) 00007FB65C640000(10000:10000) 00007FB65C650000(10000:10000) 00007FB65C690000(10000:10000) 00007FB65C700000(10000:10000) 00007FB65C740000(10000:10000) 00007FB65C760000(10000:10000) 00007FB65C790000(10000:10000) 00007FB65C800000(10000:10000) 00007FB65C860000(10000:10000) 00007FB65C8A0000(10000:10000) 00007FB65C8E0000(10000:10000) 00007FB65C8F0000(10000:10000) 00007FB65C950000(10000:10000) 00007FB65C960000(10000:10000) 00007FB65C9A0000(10000:10000) 00007FB65CA90000(10000:10000) 00007FB65CAC0000(10000:10000) 00007FB65CB00000(10000:10000) 00007FB65CB50000(10000:10000) 00007FB65CB60000(20000:20000) 00007FB65CBA0000(10000:10000) 00007FB65CBF0000(10000:10000) 00007FB65CE30000(10000:10000) 00007FB65CE60000(10000:10000) 00007FB65CE90000(10000:10000) 00007FB65CEE0000(10000:10000) 00007FB65CF20000(10000:10000) 00007FB65CF90000(10000:10000) 00007FB65CFE0000(10000:10000) 00007FB65D010000(10000:10000) 00007FB65D050000(10000:10000) 00007FB65D080000(10000:10000) 00007FB65D0B0000(10000:10000) 00007FB65D0D0000(10000:10000) 00007FB65D100000(10000:10000) 00007FB65D120000(10000:10000) 00007FB65D140000(10000:10000) 00007FB65D170000(10000:10000) 00007FB65D1B0000(10000:10000) 00007FB65D1D0000(10000:10000) 00007FB65D200000(10000:10000) 00007FB65D220000(10000:10000) 00007FB65D240000(10000:10000) 00007FB65D260000(10000:10000) 00007FB65D290000(10000:10000) 00007FB65D2C0000(10000:10000) 00007FB65D2F0000(10000:10000) 00007FB65D350000(10000:10000) 00007FB65D5A0000(10000:10000) 00007FB65D5E0000(10000:10000) 00007FB65D610000(10000:10000) 00007FB65D650000(10000:10000) 00007FB65D680000(10000:10000) 00007FB65D6C0000(10000:10000) 00007FB65D740000(10000:10000) 00007FB65D770000(10000:10000) 00007FB65D7A0000(10000:10000) 00007FB65D7D0000(10000:10000) 00007FB65D800000(10000:10000) 00007FB65D830000(10000:10000) 00007FB65D860000(10000:10000) 00007FB65D890000(10000:10000) 00007FB65D8D0000(10000:10000) 00007FB65D8F0000(10000:10000) 00007FB65D930000(10000:10000) 00007FB65D970000(10000:10000) 00007FB65D9A0000(10000:10000) 00007FB65D9D0000(10000:10000) 00007FB65DBF0000(10000:10000) 00007FB65DC10000(10000:10000) 00007FB65DC30000(10000:10000) 00007FB65DC60000(10000:10000) 00007FB65DC80000(10000:10000) 00007FB65DCB0000(10000:10000) 00007FB65DCD0000(10000:10000) 00007FB65DD00000(10000:10000) 00007FB65DD30000(10000:10000) 00007FB65DD50000(10000:10000) 00007FB65DD70000(10000:10000) 00007FB65DDA0000(10000:10000) 00007FB65DDD0000(10000:10000) 00007FB65DE10000(10000:10000) 00007FB65DE60000(10000:10000) 00007FB65DE80000(10000:10000) 00007FB65DEA0000(10000:10000) 00007FB65DEC0000(10000:10000) 00007FB65DEE0000(10000:10000) 00007FB65DF00000(10000:10000) 00007FB65DF30000(10000:10000) 00007FB65DF50000(10000:10000) 00007FB65DF70000(10000:10000) 00007FB65E180000(10000:10000) 00007FB65E1A0000(10000:10000) 00007FB65E1C0000(10000:10000) 00007FB65E1E0000(10000:10000) 00007FB65E200000(10000:10000) 00007FB65E210000(10000:10000) 00007FB65E230000(10000:10000) 00007FB65E250000(10000:10000) 00007FB65E270000(10000:10000) 00007FB65E2D0000(10000:10000) 00007FB65E2F0000(10000:10000) 00007FB65E300000(10000:10000) 00007FB65E310000(10000:10000) 00007FB65E320000(10000:10000) 00007FB65E340000(10000:10000) 00007FB65E350000(10000:10000) 00007FB65E360000(10000:10000) 00007FB65E370000(10000:10000) 00007FB65E390000(10000:10000) 00007FB65E3B0000(10000:10000) 00007FB65E3D0000(10000:10000) 00007FB65E3E0000(10000:10000) 00007FB65E3F0000(10000:10000) 00007FB65E410000(10000:10000) 00007FB65E450000(10000:10000) 00007FB65E470000(10000:10000) 00007FB65E490000(10000:10000) 00007FB65E4B0000(10000:10000) 00007FB65E4D0000(10000:10000) 00007FB65E6F0000(10000:10000) 00007FB65E700000(10000:10000) 00007FB65E730000(10000:10000) 00007FB65E750000(10000:10000) 00007FB65E770000(10000:10000) 00007FB65E780000(10000:10000) 00007FB65E7E0000(10000:10000) 00007FB65E800000(30000:30000) 00007FB65E840000(10000:10000) 00007FB65E860000(10000:10000) 00007FB65E880000(10000:10000) 00007FB65E8A0000(10000:10000) 00007FB65E8D0000(10000:10000) 00007FB65E8E0000(10000:10000) 00007FB65E900000(10000:10000) 00007FB65E910000(10000:10000) 00007FB65E920000(10000:10000) 00007FB65E930000(10000:10000) 00007FB65E950000(10000:10000) 00007FB65E960000(10000:10000) 00007FB65E970000(10000:10000) 00007FB65E9C0000(10000:10000) 00007FB65EBD0000(10000:10000) 00007FB65EBE0000(10000:10000) 00007FB65EC00000(10000:10000) 00007FB65EC10000(10000:10000) 00007FB65EC20000(10000:10000) 00007FB65EC30000(10000:10000) 00007FB65EC40000(10000:10000) 00007FB65EC50000(10000:10000) 00007FB65EC70000(10000:10000) 00007FB65ECD0000(10000:10000) 00007FB65ECF0000(10000:10000) 00007FB65ED00000(10000:10000) 00007FB65ED10000(10000:10000) 00007FB65ED20000(10000:10000) 00007FB65ED40000(10000:10000) 00007FB65ED50000(10000:10000) 00007FB65ED60000(10000:10000) 00007FB65ED70000(10000:10000) 00007FB65ED80000(10000:10000) 00007FB65ED90000(10000:10000) 00007FB65EDB0000(10000:10000) 00007FB65EDC0000(10000:10000) 00007FB65EDD0000(10000:10000) 00007FB65EFE0000(10000:10000) 00007FB65EFF0000(10000:10000) 00007FB65F010000(10000:10000) 00007FB65F020000(10000:10000) 00007FB65F030000(10000:10000) 00007FB65F040000(10000:10000) 00007FB65F0B0000(10000:10000) 00007FB65F0E0000(10000:10000) 00007FB65F110000(10000:10000) 00007FB65F150000(10000:10000) 00007FB65F3A0000(10000:10000) 00007FB65F3C0000(10000:10000) 00007FB65F3E0000(10000:10000) 00007FB65F420000(10000:10000) 00007FB65F690000(10000:10000) 00007FB65F6B0000(10000:10000) 00007FB65F6D0000(10000:10000) 00007FB65F700000(10000:10000) 00007FB65F770000(10000:10000) 00007FB65F780000(20000:20000) 00007FB65F7A0000(30000:30000) 00007FB65F7D0000(10000:10000) 00007FB65F7E0000(10000:10000) 00007FB65F7F0000(10000:10000) 00007FB65F800000(20000:20000) 00007FB65F8C0000(10000:10000) 00007FB65F8E0000(10000:10000) 00007FB65FA00000(10000:10000) 00007FB65FA10000(10000:10000) 00007FB65FA40000(10000:10000) 00007FB65FA50000(10000:10000) 00007FB65FA70000(10000:10000) 00007FB65FAA0000(10000:10000) 00007FB65FAB0000(10000:10000) 00007FB65FAD0000(10000:10000) 00007FB65FAF0000(10000:10000) 00007FB65FB00000(10000:10000) 00007FB65FB10000(10000:10000) 00007FB65FB30000(10000:10000) 00007FB65FB40000(10000:10000) 00007FB65FB70000(10000:10000) 00007FB65FD90000(10000:10000) 00007FB65FDB0000(10000:10000) 00007FB65FDC0000(10000:10000) 00007FB65FDD0000(10000:10000) 00007FB65FDF0000(10000:10000) 00007FB65FE00000(10000:10000) 00007FB65FE10000(10000:10000) 00007FB65FE20000(10000:10000) 00007FB65FE40000(10000:10000) 00007FB65FE50000(10000:10000) 00007FB65FE60000(10000:10000) 00007FB65FE70000(10000:10000) 00007FB65FE90000(10000:10000) 00007FB65FEA0000(10000:10000) 00007FB65FEB0000(10000:10000) 00007FB65FEC0000(10000:10000) 00007FB65FEE0000(10000:10000) 00007FB65FEF0000(10000:10000) 00007FB65FF00000(10000:10000) 00007FB65FF20000(10000:10000) 00007FB65FF80000(10000:10000) 00007FB660190000(10000:10000) 00007FB6601C0000(10000:10000) 00007FB660200000(10000:10000) 00007FB660260000(10000:10000) 00007FB660270000(10000:10000) 00007FB660290000(10000:10000) 00007FB6604A0000(10000:10000) 00007FB6604B0000(10000:10000) 00007FB6604E0000(10000:10000) 00007FB660500000(10000:10000) 00007FB660520000(10000:10000) 00007FB660530000(10000:10000) 00007FB660570000(10000:10000) 00007FB6605D0000(10000:10000) 00007FB6605F0000(10000:10000) 00007FB660600000(10000:10000) 00007FB660610000(10000:10000) 00007FB660630000(10000:10000) 00007FB660650000(10000:10000) 00007FB660670000(10000:10000) 00007FB660890000(10000:10000) 00007FB6608B0000(10000:10000) 00007FB6608D0000(10000:10000) 00007FB660950000(10000:10000) 00007FB660960000(10000:10000) 00007FB660980000(10000:10000) 00007FB6609B0000(10000:10000) 00007FB6609C0000(10000:10000) 00007FB6609D0000(10000:10000) 00007FB6609F0000(10000:10000) 00007FB660A70000(10000:10000) 00007FB660A90000(10000:10000) 00007FB660CC0000(10000:10000) 00007FB660CD0000(10000:10000) 00007FB660CF0000(10000:10000) 00007FB660D10000(10000:10000) 00007FB660D30000(10000:10000) 00007FB660D60000(10000:10000) 00007FB660D80000(10000:10000) 00007FB660DE0000(10000:10000) 00007FB660E00000(10000:10000) 00007FB660E20000(10000:10000) 00007FB660E50000(10000:10000) 00007FB660EC0000(10000:10000) 00007FB660ED0000(10000:10000) 00007FB660EF0000(10000:10000) 00007FB660F10000(10000:10000) 00007FB660F50000(10000:10000) 00007FB661160000(10000:10000) 00007FB661180000(10000:10000) 00007FB6611A0000(10000:10000) 00007FB661210000(10000:10000) 00007FB661230000(10000:10000) 00007FB661250000(10000:10000) 00007FB661280000(10000:10000) 00007FB6612B0000(10000:10000) 00007FB661370000(10000:10000) 00007FB6613D0000(10000:10000) 00007FB6616A0000(10000:10000) 00007FB6616D0000(10000:10000) Size: 0x1d63000 (30814208) bytes.
HighFrequencyHeap: 00007FB656974000(9000:9000) 00007FB6573F0000(10000:10000) 00007FB657400000(10000:10000) 00007FB657420000(10000:10000) 00007FB6574B0000(10000:10000) 00007FB6574F0000(10000:10000) 00007FB657550000(10000:10000) 00007FB657B70000(10000:10000) 00007FB657EA0000(10000:10000) 00007FB658100000(10000:10000) 00007FB6581C0000(10000:10000) 00007FB658270000(10000:10000) 00007FB658280000(10000:10000) 00007FB6584E0000(10000:10000) 00007FB6586C0000(10000:10000) 00007FB658790000(10000:10000) 00007FB6587B0000(10000:10000) 00007FB658800000(10000:10000) 00007FB6588E0000(10000:10000) 00007FB658A30000(10000:10000) 00007FB658AF0000(10000:10000) 00007FB658CA0000(10000:10000) 00007FB658DC0000(10000:10000) 00007FB658E40000(10000:10000) 00007FB658E60000(10000:10000) 00007FB658E70000(10000:10000) 00007FB658E80000(10000:10000) 00007FB659180000(10000:10000) 00007FB659360000(10000:10000) 00007FB659370000(10000:10000) 00007FB659390000(10000:10000) 00007FB6593B0000(10000:10000) 00007FB659440000(10000:10000) 00007FB659460000(10000:10000) 00007FB659470000(10000:10000) 00007FB6594B0000(10000:10000) 00007FB659550000(10000:10000) 00007FB6595C0000(10000:10000) 00007FB6597D0000(10000:10000) 00007FB659880000(10000:10000) 00007FB65A4B0000(10000:10000) 00007FB65A510000(10000:10000) 00007FB65A5B0000(10000:10000) 00007FB65A5D0000(10000:10000) 00007FB65A5F0000(10000:10000) 00007FB65A600000(10000:10000) 00007FB65A670000(10000:10000) 00007FB65A870000(10000:10000) 00007FB65A9B0000(10000:10000) 00007FB65A9D0000(10000:10000) 00007FB65A9E0000(10000:10000) 00007FB65AA60000(10000:10000) 00007FB65AAB0000(10000:10000) 00007FB65AAE0000(10000:10000) 00007FB65ABA0000(10000:10000) 00007FB65ABB0000(10000:10000) 00007FB65ABD0000(10000:10000) 00007FB65ABF0000(10000:10000) 00007FB65AC80000(10000:10000) 00007FB65ACA0000(10000:10000) 00007FB65ACB0000(10000:10000) 00007FB65ACD0000(10000:10000) 00007FB65ACF0000(10000:10000) 00007FB65AD90000(10000:10000) 00007FB65AE30000(10000:10000) 00007FB65AE40000(10000:10000) 00007FB65AE60000(10000:10000) 00007FB65AE70000(10000:10000) 00007FB65AE80000(10000:10000) 00007FB65AEF0000(10000:10000) 00007FB65AF00000(10000:10000) 00007FB65AF20000(10000:10000) 00007FB65AF30000(10000:10000) 00007FB65AF50000(10000:10000) 00007FB65AFC0000(10000:10000) 00007FB65AFE0000(10000:10000) 00007FB65AFF0000(10000:10000) 00007FB65B000000(10000:10000) 00007FB65B010000(10000:10000) 00007FB65B030000(10000:10000) 00007FB65B040000(10000:10000) 00007FB65B0C0000(10000:10000) 00007FB65B0D0000(10000:10000) 00007FB65B0E0000(10000:10000) 00007FB65B0F0000(10000:10000) 00007FB65B1B0000(10000:10000) 00007FB65B1C0000(10000:10000) 00007FB65B2F0000(10000:10000) 00007FB65B510000(10000:10000) 00007FB65B580000(10000:10000) 00007FB65B590000(10000:10000) 00007FB65B5A0000(10000:10000) 00007FB65B600000(10000:10000) 00007FB65B670000(10000:10000) 00007FB65B690000(10000:10000) 00007FB65B6F0000(10000:10000) 00007FB65B710000(10000:10000) 00007FB65B720000(10000:10000) 00007FB65B740000(10000:10000) 00007FB65B750000(10000:10000) 00007FB65B770000(10000:10000) 00007FB65B780000(10000:10000) 00007FB65B9A0000(10000:10000) 00007FB65B9C0000(10000:10000) 00007FB65BA30000(10000:10000) 00007FB65BA40000(10000:10000) 00007FB65BA60000(10000:10000) 00007FB65BA70000(10000:10000) 00007FB65BA90000(10000:10000) 00007FB65BAB0000(10000:10000) 00007FB65BAC0000(10000:10000) 00007FB65BAE0000(10000:10000) 00007FB65BB00000(10000:10000) 00007FB65BB10000(10000:10000) 00007FB65BB20000(10000:10000) 00007FB65BB40000(10000:10000) 00007FB65BB70000(10000:10000) 00007FB65BB80000(10000:10000) 00007FB65BBA0000(10000:10000) 00007FB65BBB0000(10000:10000) 00007FB65BBD0000(10000:10000) 00007FB65BBF0000(10000:10000) 00007FB65BD10000(10000:10000) 00007FB65BD30000(10000:10000) 00007FB65BD50000(10000:10000) 00007FB65BD60000(10000:10000) 00007FB65BD70000(10000:10000) 00007FB65BD90000(10000:10000) 00007FB65BDB0000(10000:10000) 00007FB65BDC0000(10000:10000) 00007FB65BE20000(10000:10000) 00007FB65BE40000(10000:10000) 00007FB65BE60000(10000:10000) 00007FB65BEE0000(10000:10000) 00007FB65BF30000(10000:10000) 00007FB65BF40000(10000:10000) 00007FB65BF50000(10000:10000) 00007FB65BF70000(10000:10000) 00007FB65BF90000(10000:10000) 00007FB65BFA0000(10000:10000) 00007FB65BFC0000(10000:10000) 00007FB65C0B0000(10000:10000) 00007FB65C0C0000(10000:10000) 00007FB65C0E0000(10000:10000) 00007FB65C250000(10000:10000) 00007FB65C270000(10000:10000) 00007FB65C280000(10000:10000) 00007FB65C2A0000(10000:10000) 00007FB65C2C0000(10000:10000) 00007FB65C4E0000(10000:10000) 00007FB65C4F0000(10000:10000) 00007FB65C510000(10000:10000) 00007FB65C520000(10000:10000) 00007FB65C530000(10000:10000) 00007FB65C550000(10000:10000) 00007FB65C570000(10000:10000) 00007FB65C580000(10000:10000) 00007FB65C5A0000(10000:10000) 00007FB65C620000(10000:10000) 00007FB65C660000(10000:10000) 00007FB65C670000(10000:10000) 00007FB65C680000(10000:10000) 00007FB65C6A0000(10000:10000) 00007FB65C6B0000(10000:10000) 00007FB65C710000(10000:10000) 00007FB65C720000(10000:10000) 00007FB65C730000(10000:10000) 00007FB65C750000(10000:10000) 00007FB65C770000(10000:10000) 00007FB65C7A0000(10000:10000) 00007FB65C850000(10000:10000) 00007FB65C870000(10000:10000) 00007FB65C880000(10000:10000) 00007FB65C890000(10000:10000) 00007FB65C8B0000(10000:10000) 00007FB65C8C0000(10000:10000) 00007FB65C8D0000(10000:10000) 00007FB65C900000(10000:10000) 00007FB65C970000(10000:10000) 00007FB65C980000(10000:10000) 00007FB65C990000(10000:10000) 00007FB65C9B0000(10000:10000) 00007FB65CAA0000(10000:10000) 00007FB65CAB0000(10000:10000) 00007FB65CAD0000(10000:10000) 00007FB65CAE0000(10000:10000) 00007FB65CAF0000(10000:10000) 00007FB65CB10000(10000:10000) 00007FB65CB20000(10000:10000) 00007FB65CB30000(10000:10000) 00007FB65CB40000(10000:10000) 00007FB65CB80000(10000:10000) 00007FB65CB90000(10000:10000) 00007FB65CBB0000(10000:10000) 00007FB65CBC0000(10000:10000) 00007FB65CBD0000(10000:10000) 00007FB65CBE0000(10000:10000) 00007FB65CC00000(10000:10000) 00007FB65CC10000(10000:10000) 00007FB65CC20000(10000:10000) 00007FB65CE40000(10000:10000) 00007FB65CE50000(10000:10000) 00007FB65CE70000(10000:10000) 00007FB65CE80000(10000:10000) 00007FB65CEA0000(10000:10000) 00007FB65CEB0000(10000:10000) 00007FB65CEC0000(10000:10000) 00007FB65CED0000(10000:10000) 00007FB65CEF0000(10000:10000) 00007FB65CF00000(10000:10000) 00007FB65CF10000(10000:10000) 00007FB65CF30000(10000:10000) 00007FB65CF80000(10000:10000) 00007FB65CFA0000(10000:10000) 00007FB65CFB0000(10000:10000) 00007FB65CFC0000(10000:10000) 00007FB65CFD0000(10000:10000) 00007FB65CFF0000(10000:10000) 00007FB65D000000(10000:10000) 00007FB65D020000(10000:10000) 00007FB65D030000(10000:10000) 00007FB65D040000(10000:10000) 00007FB65D060000(10000:10000) 00007FB65D070000(10000:10000) 00007FB65D090000(10000:10000) 00007FB65D0A0000(10000:10000) 00007FB65D0C0000(10000:10000) 00007FB65D0E0000(10000:10000) 00007FB65D0F0000(10000:10000) 00007FB65D110000(10000:10000) 00007FB65D130000(10000:10000) 00007FB65D150000(10000:10000) 00007FB65D160000(10000:10000) 00007FB65D180000(10000:10000) 00007FB65D190000(10000:10000) 00007FB65D1A0000(10000:10000) 00007FB65D1C0000(10000:10000) 00007FB65D1E0000(10000:10000) 00007FB65D1F0000(10000:10000) 00007FB65D210000(10000:10000) 00007FB65D230000(10000:10000) 00007FB65D250000(10000:10000) 00007FB65D270000(10000:10000) 00007FB65D280000(10000:10000) 00007FB65D2A0000(10000:10000) 00007FB65D2B0000(10000:10000) 00007FB65D2D0000(10000:10000) 00007FB65D2E0000(10000:10000) 00007FB65D300000(10000:10000) 00007FB65D310000(10000:10000) 00007FB65D320000(10000:10000) 00007FB65D330000(10000:10000) 00007FB65D340000(10000:10000) 00007FB65D360000(10000:10000) 00007FB65D370000(10000:10000) 00007FB65D380000(10000:10000) 00007FB65D590000(10000:10000) 00007FB65D5B0000(10000:10000) 00007FB65D5C0000(10000:10000) 00007FB65D5D0000(10000:10000) 00007FB65D5F0000(10000:10000) 00007FB65D600000(10000:10000) 00007FB65D620000(10000:10000) 00007FB65D630000(10000:10000) 00007FB65D660000(10000:10000) 00007FB65D670000(10000:10000) 00007FB65D690000(10000:10000) 00007FB65D6A0000(10000:10000) 00007FB65D6B0000(10000:10000) 00007FB65D6D0000(10000:10000) 00007FB65D720000(10000:10000) 00007FB65D730000(10000:10000) 00007FB65D750000(10000:10000) 00007FB65D760000(10000:10000) 00007FB65D780000(10000:10000) 00007FB65D790000(10000:10000) 00007FB65D7B0000(10000:10000) 00007FB65D7C0000(10000:10000) 00007FB65D7E0000(10000:10000) 00007FB65D7F0000(10000:10000) 00007FB65D810000(10000:10000) 00007FB65D820000(10000:10000) 00007FB65D840000(10000:10000) 00007FB65D850000(10000:10000) 00007FB65D870000(10000:10000) 00007FB65D880000(10000:10000) 00007FB65D8A0000(10000:10000) 00007FB65D8B0000(10000:10000) 00007FB65D8C0000(10000:10000) 00007FB65D8E0000(10000:10000) 00007FB65D900000(10000:10000) 00007FB65D910000(10000:10000) 00007FB65D920000(10000:10000) 00007FB65D940000(10000:10000) 00007FB65D950000(10000:10000) 00007FB65D960000(10000:10000) 00007FB65D980000(10000:10000) 00007FB65D990000(10000:10000) 00007FB65D9B0000(10000:10000) 00007FB65D9C0000(10000:10000) 00007FB65D9E0000(10000:10000) 00007FB65DC00000(10000:10000) 00007FB65DC20000(10000:10000) 00007FB65DC40000(10000:10000) 00007FB65DC50000(10000:10000) 00007FB65DC70000(10000:10000) 00007FB65DC90000(10000:10000) 00007FB65DCA0000(10000:10000) 00007FB65DCC0000(10000:10000) 00007FB65DCE0000(10000:10000) 00007FB65DCF0000(10000:10000) 00007FB65DD10000(10000:10000) 00007FB65DD20000(10000:10000) 00007FB65DD40000(10000:10000) 00007FB65DD60000(10000:10000) 00007FB65DD80000(10000:10000) 00007FB65DD90000(10000:10000) 00007FB65DDB0000(10000:10000) 00007FB65DDC0000(10000:10000) 00007FB65DDE0000(10000:10000) 00007FB65DDF0000(10000:10000) 00007FB65DE00000(10000:10000) 00007FB65DE20000(10000:10000) 00007FB65DE30000(10000:10000) 00007FB65DE40000(10000:10000) 00007FB65DE50000(10000:10000) 00007FB65DE70000(10000:10000) 00007FB65DE90000(10000:10000) 00007FB65DEB0000(10000:10000) 00007FB65DED0000(10000:10000) 00007FB65DEF0000(10000:10000) 00007FB65DF10000(10000:10000) 00007FB65DF20000(10000:10000) 00007FB65DF40000(10000:10000) 00007FB65DF60000(10000:10000) 00007FB65E190000(10000:10000) 00007FB65E1B0000(10000:10000) 00007FB65E1D0000(10000:10000) 00007FB65E1F0000(10000:10000) 00007FB65E220000(10000:10000) 00007FB65E240000(10000:10000) 00007FB65E260000(10000:10000) 00007FB65E280000(10000:10000) 00007FB65E2E0000(10000:10000) 00007FB65E330000(10000:10000) 00007FB65E380000(10000:10000) 00007FB65E3A0000(10000:10000) 00007FB65E3C0000(10000:10000) 00007FB65E400000(10000:10000) 00007FB65E420000(10000:10000) 00007FB65E440000(10000:10000) 00007FB65E460000(10000:10000) 00007FB65E480000(10000:10000) 00007FB65E4A0000(10000:10000) 00007FB65E4C0000(10000:10000) 00007FB65E4E0000(10000:10000) 00007FB65E710000(10000:10000) 00007FB65E720000(10000:10000) 00007FB65E740000(10000:10000) 00007FB65E760000(10000:10000) 00007FB65E790000(10000:10000) 00007FB65E7F0000(10000:10000) 00007FB65E830000(10000:10000) 00007FB65E850000(10000:10000) 00007FB65E870000(10000:10000) 00007FB65E890000(10000:10000) 00007FB65E8B0000(10000:10000) 00007FB65E8C0000(10000:10000) 00007FB65E8F0000(10000:10000) 00007FB65E940000(10000:10000) 00007FB65EBF0000(10000:10000) 00007FB65EC60000(10000:10000) 00007FB65ECC0000(10000:10000) 00007FB65ECE0000(10000:10000) 00007FB65ED30000(10000:10000) 00007FB65EDA0000(10000:10000) 00007FB65F000000(10000:10000) 00007FB65F050000(10000:10000) 00007FB65F0A0000(10000:10000) 00007FB65F0C0000(10000:10000) 00007FB65F0D0000(10000:10000) 00007FB65F0F0000(10000:10000) 00007FB65F100000(10000:10000) 00007FB65F120000(10000:10000) 00007FB65F130000(10000:10000) 00007FB65F140000(10000:10000) 00007FB65F3B0000(10000:10000) 00007FB65F3D0000(10000:10000) 00007FB65F3F0000(10000:10000) 00007FB65F400000(10000:10000) 00007FB65F410000(10000:10000) 00007FB65F430000(10000:10000) 00007FB65F480000(10000:10000) 00007FB65F6A0000(10000:10000) 00007FB65F6C0000(10000:10000) 00007FB65F6E0000(10000:10000) 00007FB65F6F0000(10000:10000) 00007FB65F710000(10000:10000) 00007FB65F760000(10000:10000) 00007FB65F820000(10000:10000) 00007FB65F8D0000(10000:10000) 00007FB65F9F0000(10000:10000) 00007FB65FA20000(10000:10000) 00007FB65FA30000(10000:10000) 00007FB65FA60000(10000:10000) 00007FB65FA80000(10000:10000) 00007FB65FA90000(10000:10000) 00007FB65FAC0000(10000:10000) 00007FB65FB20000(10000:10000) 00007FB65FB50000(10000:10000) 00007FB65FB60000(10000:10000) 00007FB65FB80000(10000:10000) 00007FB65FDA0000(10000:10000) 00007FB65FDE0000(10000:10000) 00007FB65FE30000(10000:10000) 00007FB65FE80000(10000:10000) 00007FB65FED0000(10000:10000) 00007FB65FF10000(10000:10000) 00007FB65FF70000(10000:10000) 00007FB6601A0000(10000:10000) 00007FB6601B0000(10000:10000) 00007FB6601D0000(10000:10000) 00007FB6601E0000(10000:10000) 00007FB6601F0000(10000:10000) 00007FB660250000(10000:10000) 00007FB660280000(10000:10000) 00007FB6604C0000(10000:10000) 00007FB6604F0000(10000:10000) 00007FB660510000(10000:10000) 00007FB660540000(10000:10000) 00007FB660550000(10000:10000) 00007FB660560000(10000:10000) 00007FB6605C0000(10000:10000) 00007FB6605E0000(10000:10000) 00007FB660620000(10000:10000) 00007FB660640000(10000:10000) 00007FB660660000(10000:10000) 00007FB660880000(10000:10000) 00007FB6608A0000(10000:10000) 00007FB6608C0000(10000:10000) 00007FB6608E0000(10000:10000) 00007FB660930000(10000:10000) 00007FB660940000(10000:10000) 00007FB660970000(10000:10000) 00007FB660990000(10000:10000) 00007FB6609A0000(10000:10000) 00007FB6609E0000(10000:10000) 00007FB660A00000(10000:10000) 00007FB660A10000(10000:10000) 00007FB660A60000(10000:10000) 00007FB660A80000(10000:10000) 00007FB660AA0000(10000:10000) 00007FB660AB0000(10000:10000) 00007FB660CE0000(10000:10000) 00007FB660D00000(10000:10000) 00007FB660D20000(10000:10000) 00007FB660D40000(10000:10000) 00007FB660D50000(10000:10000) 00007FB660D90000(10000:10000) 00007FB660DF0000(10000:10000) 00007FB660E10000(10000:10000) 00007FB660E30000(10000:10000) 00007FB660E40000(10000:10000) 00007FB660EB0000(10000:10000) 00007FB660EE0000(10000:10000) 00007FB660F00000(10000:10000) 00007FB660F20000(10000:10000) 00007FB660F30000(10000:10000) 00007FB660F40000(10000:10000) 00007FB661170000(10000:10000) 00007FB661190000(10000:10000) 00007FB6611B0000(10000:10000) 00007FB661200000(10000:10000) 00007FB661220000(10000:10000) 00007FB661240000(10000:10000) 00007FB661260000(10000:10000) 00007FB661270000(10000:10000) 00007FB661290000(10000:10000) 00007FB6612A0000(10000:10000) 00007FB6612C0000(10000:10000) 00007FB6612D0000(10000:10000) 00007FB661320000(10000:10000) 00007FB661330000(10000:10000) 00007FB661340000(10000:10000) 00007FB661350000(10000:10000) 00007FB661360000(10000:10000) 00007FB661380000(10000:10000) 00007FB6613E0000(10000:10000) 00007FB6613F0000(10000:10000) 00007FB661440000(10000:10000) 00007FB661450000(10000:10000) 00007FB661460000(10000:10000) 00007FB661470000(10000:10000) 00007FB661480000(10000:10000) 00007FB661490000(10000:10000) 00007FB6616B0000(10000:10000) 00007FB6616C0000(10000:10000) Size: 0x1f09000 (32542720) bytes.
StubHeap:          00007FB65697D000(3000:3000) Size: 0x3000 (12288) bytes.
Virtual Call Stub Heap:
  IndcellHeap:     00007FB656980000(6000:6000) 00007FB65D640000(10000:10000) 00007FB6604D0000(10000:10000) Size: 0x26000 (155648) bytes.
  LookupHeap:      00007FB65698F000(4000:4000) 00007FB65BE70000(10000:10000) 00007FB660D70000(10000:10000) Size: 0x24000 (147456) bytes.
  ResolveHeap:     00007FB6569C4000(57000:57000) Size: 0x57000 (356352) bytes.
  DispatchHeap:    00007FB656993000(31000:31000) Size: 0x31000 (200704) bytes.
  CacheEntryHeap:  00007FB656986000(9000:9000) 00007FB65C780000(10000:10000) 00007FB65E430000(10000:10000) Size: 0x29000 (167936) bytes.
Total size:        Size: 0x3d6a000 (64397312) bytes.
--------------------------------------
Jit code heap:
LoaderCodeHeap:    0000000000000000(0:0) Size: 0x0 (0) bytes.
HostCodeHeap:      00007FB661400000 Size: 0x40000 (262144) bytes.
HostCodeHeap:      00007FB6612E0000 Size: 0x40000 (262144) bytes.
HostCodeHeap:      00007FB6611C0000 Size: 0x40000 (262144) bytes.
LoaderCodeHeap:    0000000000000000(0:0) Size: 0x0 (0) bytes.
HostCodeHeap:      00007FB660DA0000 Size: 0x40000 (262144) bytes.
LoaderCodeHeap:    0000000000000000(0:0) Size: 0x0 (0) bytes.
HostCodeHeap:      00007FB660A20000 Size: 0x40000 (262144) bytes.
HostCodeHeap:      00007FB6608F0000 Size: 0x40000 (262144) bytes.
LoaderCodeHeap:    0000000000000000(0:0) Size: 0x0 (0) bytes.
HostCodeHeap:      00007FB660580000 Size: 0x40000 (262144) bytes.
LoaderCodeHeap:    0000000000000000(0:0) Size: 0x0 (0) bytes.
HostCodeHeap:      00007FB660210000 Size: 0x40000 (262144) bytes.
LoaderCodeHeap:    0000000000000000(0:0) Size: 0x0 (0) bytes.
HostCodeHeap:      00007FB65FF30000 Size: 0x40000 (262144) bytes.
LoaderCodeHeap:    0000000000000000(0:0) Size: 0x0 (0) bytes.
HostCodeHeap:      00007FB65F720000 Size: 0x40000 (262144) bytes.
LoaderCodeHeap:    0000000000000000(0:0) Size: 0x0 (0) bytes.
HostCodeHeap:      00007FB65F440000 Size: 0x40000 (262144) bytes.
LoaderCodeHeap:    0000000000000000(0:0) Size: 0x0 (0) bytes.
HostCodeHeap:      00007FB65F160000 Size: 0x40000 (262144) bytes.
HostCodeHeap:      00007FB65F060000 Size: 0x40000 (262144) bytes.
LoaderCodeHeap:    0000000000000000(0:0) Size: 0x0 (0) bytes.
LoaderCodeHeap:    0000000000000000(0:0) Size: 0x0 (0) bytes.
LoaderCodeHeap:    0000000000000000(0:0) Size: 0x0 (0) bytes.
LoaderCodeHeap:    0000000000000000(0:0) Size: 0x0 (0) bytes.
LoaderCodeHeap:    0000000000000000(0:0) Size: 0x0 (0) bytes.
LoaderCodeHeap:    0000000000000000(0:0) Size: 0x0 (0) bytes.
LoaderCodeHeap:    0000000000000000(0:0) Size: 0x0 (0) bytes.
HostCodeHeap:      00007FB65C6C0000 Size: 0x40000 (262144) bytes.
LoaderCodeHeap:    0000000000000000(0:0) Size: 0x0 (0) bytes.
HostCodeHeap:      00007FB65BEF0000 Size: 0x40000 (262144) bytes.
HostCodeHeap:      00007FB65BEC0000 Size: 0x10000 (65536) bytes.
HostCodeHeap:      00007FB65BB60000 Size: 0x10000 (65536) bytes.
HostCodeHeap:      00007FB65BB30000 Size: 0x10000 (65536) bytes.
HostCodeHeap:      00007FB65BAD0000 Size: 0x10000 (65536) bytes.
LoaderCodeHeap:    0000000000000000(0:0) Size: 0x0 (0) bytes.
LoaderCodeHeap:    0000000000000000(0:0) Size: 0x0 (0) bytes.
HostCodeHeap:      00007FB65B1D0000 Size: 0x10000 (65536) bytes.
LoaderCodeHeap:    0000000000000000(0:0) Size: 0x0 (0) bytes.
LoaderCodeHeap:    0000000000000000(0:0) Size: 0x0 (0) bytes.
HostCodeHeap:      00007FB65A5C0000 Size: 0x10000 (65536) bytes.
LoaderCodeHeap:    0000000000000000(0:0) Size: 0x0 (0) bytes.
LoaderCodeHeap:    0000000000000000(0:0) Size: 0x0 (0) bytes.
LoaderCodeHeap:    0000000000000000(0:0) Size: 0x0 (0) bytes.
Total size:        Size: 0x420000 (4325376) bytes.
--------------------------------------
Module Thunk heaps:
Module 00007fb656974020: Size: 0x0 (0) bytes.
Module 00007fb65742dc00: Size: 0x0 (0) bytes.
Module 00007fb6574f1408: Size: 0x0 (0) bytes.
Module 00007fb6575519a8: Size: 0x0 (0) bytes.
Module 00007fb657553b60: Size: 0x0 (0) bytes.
Module 00007fb6575553e0: Size: 0x0 (0) bytes.
Module 00007fb657558968: Size: 0x0 (0) bytes.
Module 00007fb65755f0a0: Size: 0x0 (0) bytes.
Module 00007fb657b70468: Size: 0x0 (0) bytes.
Module 00007fb657b71cd0: Size: 0x0 (0) bytes.
Module 00007fb657b732d0: Size: 0x0 (0) bytes.
Module 00007fb657b78860: Size: 0x0 (0) bytes.
Module 00007fb657b7c280: Size: 0x0 (0) bytes.
Module 00007fb657b7cd98: Size: 0x0 (0) bytes.
Module 00007fb657ea2570: Size: 0x0 (0) bytes.
Module 00007fb657ea5950: Size: 0x0 (0) bytes.
Module 00007fb657ea64d0: Size: 0x0 (0) bytes.
Module 00007fb657ea80a0: Size: 0x0 (0) bytes.
Module 00007fb657eabb08: Size: 0x0 (0) bytes.
Module 00007fb657eaeca8: Size: 0x0 (0) bytes.
Module 00007fb657eaf6a8: Size: 0x0 (0) bytes.
Module 00007fb658103b78: Size: 0x0 (0) bytes.
Module 00007fb65810b5f0: Size: 0x0 (0) bytes.
Module 00007fb6581c4440: Size: 0x0 (0) bytes.
Module 00007fb6582884a8: Size: 0x0 (0) bytes.
Module 00007fb65828ea70: Size: 0x0 (0) bytes.
Module 00007fb65828f708: Size: 0x0 (0) bytes.
Module 00007fb6584e31c8: Size: 0x0 (0) bytes.
Module 00007fb6584e88b8: Size: 0x0 (0) bytes.
Module 00007fb6584ea198: Size: 0x0 (0) bytes.
Module 00007fb6584eea20: Size: 0x0 (0) bytes.
Module 00007fb6586c5ca8: Size: 0x0 (0) bytes.
Module 00007fb6586ce978: Size: 0x0 (0) bytes.
Module 00007fb6587b5d20: Size: 0x0 (0) bytes.
Module 00007fb658804510: Size: 0x0 (0) bytes.
Module 00007fb658806fb8: Size: 0x0 (0) bytes.
Module 00007fb658809f10: Size: 0x0 (0) bytes.
Module 00007fb6588e6840: Size: 0x0 (0) bytes.
Module 00007fb6588ed538: Size: 0x0 (0) bytes.
Module 00007fb658a36fb8: Size: 0x0 (0) bytes.
Module 00007fb658a3e890: Size: 0x0 (0) bytes.
Module 00007fb658afa850: Size: 0x0 (0) bytes.
Module 00007fb658afbc60: Size: 0x0 (0) bytes.
Module 00007fb658afca28: Size: 0x0 (0) bytes.
Module 00007fb658afd7e8: Size: 0x0 (0) bytes.
Module 00007fb658afea48: Size: 0x0 (0) bytes.
Module 00007fb658aff358: Size: 0x0 (0) bytes.
Module 00007fb658cad660: Size: 0x0 (0) bytes.
Module 00007fb658dcdea8: Size: 0x0 (0) bytes.
Module 00007fb658dce808: Size: 0x0 (0) bytes.
Module 00007fb658e86dc0: Size: 0x0 (0) bytes.
Module 00007fb658e8e698: Size: 0x0 (0) bytes.
Module 00007fb659184730: Size: 0x0 (0) bytes.
Module 00007fb659184f78: Size: 0x0 (0) bytes.
Module 00007fb659189848: Size: 0x0 (0) bytes.
Module 00007fb65918b0e0: Size: 0x0 (0) bytes.
Module 00007fb65918c958: Size: 0x0 (0) bytes.
Module 00007fb65944a9b0: Size: 0x0 (0) bytes.
Module 00007fb65944f430: Size: 0x0 (0) bytes.
Module 00007fb65947c6f8: Size: 0x0 (0) bytes.
Module 00007fb659550020: Size: 0x0 (0) bytes.
Module 00007fb659559160: Size: 0x0 (0) bytes.
Module 00007fb6595c0f20: Size: 0x0 (0) bytes.
Module 00007fb6595ca640: Size: 0x0 (0) bytes.
Module 00007fb6595cd548: Size: 0x0 (0) bytes.
Module 00007fb6595cf960: Size: 0x0 (0) bytes.
Module 00007fb6597d4a28: Size: 0x0 (0) bytes.
Module 00007fb6597dd968: Size: 0x0 (0) bytes.
Module 00007fb6598821e0: Size: 0x0 (0) bytes.
Module 00007fb659884660: Size: 0x0 (0) bytes.
Module 00007fb659884f00: Size: 0x0 (0) bytes.
Module 00007fb65a4bfa30: Size: 0x0 (0) bytes.
Module 00007fb65a513878: Size: 0x0 (0) bytes.
Module 00007fb65a514e78: Size: 0x0 (0) bytes.
Module 00007fb65a518b78: Size: 0x0 (0) bytes.
Module 00007fb65a606cf0: Size: 0x0 (0) bytes.
Module 00007fb65a677878: Size: 0x0 (0) bytes.
Module 00007fb65a6782e8: Size: 0x0 (0) bytes.
Module 00007fb65a67a078: Size: 0x0 (0) bytes.
Module 00007fb65a67afe0: Size: 0x0 (0) bytes.
Module 00007fb65a67c248: Size: 0x0 (0) bytes.
Module 00007fb65a67dc78: Size: 0x0 (0) bytes.
Module 00007fb65a870278: Size: 0x0 (0) bytes.
Module 00007fb65a870fe0: Size: 0x0 (0) bytes.
Module 00007fb65a87b148: Size: 0x0 (0) bytes.
Module 00007fb65a9ef088: Size: 0x0 (0) bytes.
Module 00007fb65aa6c870: Size: 0x0 (0) bytes.
Module 00007fb65aab77a8: Size: 0x0 (0) bytes.
Module 00007fb65aae3a48: Size: 0x0 (0) bytes.
Module 00007fb65aae45e0: Size: 0x0 (0) bytes.
Module 00007fb65aae8580: Size: 0x0 (0) bytes.
Module 00007fb65aba7d50: Size: 0x0 (0) bytes.
Module 00007fb65abdd2b8: Size: 0x0 (0) bytes.
Module 00007fb65abde6f0: Size: 0x0 (0) bytes.
Module 00007fb65acb83f8: Size: 0x0 (0) bytes.
Module 00007fb65acd4b00: Size: 0x0 (0) bytes.
Module 00007fb65acf7348: Size: 0x0 (0) bytes.
Module 00007fb65acf81a8: Size: 0x0 (0) bytes.
Module 00007fb65acf95a8: Size: 0x0 (0) bytes.
Module 00007fb65ad9a840: Size: 0x0 (0) bytes.
Module 00007fb65ae890e0: Size: 0x0 (0) bytes.
Module 00007fb65af072e0: Size: 0x0 (0) bytes.
Module 00007fb65af07eb0: Size: 0x0 (0) bytes.
Module 00007fb65af535d8: Size: 0x0 (0) bytes.
Module 00007fb65b04e230: Size: 0x0 (0) bytes.
Module 00007fb65b0f1920: Size: 0x0 (0) bytes.
Module 00007fb65b0fa578: Size: 0x0 (0) bytes.
Module 00007fb65b1ce588: Size: 0x0 (0) bytes.
Module 00007fb65b1cf708: Size: 0x0 (0) bytes.
Module 00007fb65b2f4500: Size: 0x0 (0) bytes.
Module 00007fb65b2f6628: Size: 0x0 (0) bytes.
Module 00007fb65b2f7680: Size: 0x0 (0) bytes.
Module 00007fb65b2f8d80: Size: 0x0 (0) bytes.
Module 00007fb65b2fc150: Size: 0x0 (0) bytes.
Module 00007fb65b2ff690: Size: 0x0 (0) bytes.
Module 00007fb65b511b30: Size: 0x0 (0) bytes.
Module 00007fb65b5af798: Size: 0x0 (0) bytes.
Module 00007fb65b60e958: Size: 0x0 (0) bytes.
Module 00007fb65b694e48: Size: 0x0 (0) bytes.
Module 00007fb65b9cd420: Size: 0x0 (0) bytes.
Module 00007fb65bbfb838: Size: 0x0 (0) bytes.
Module 00007fb65bdc8e98: Size: 0x0 (0) bytes.
Module 00007fb65be20100: Size: 0x0 (0) bytes.
Module 00007fb65be233e8: Size: 0x0 (0) bytes.
Module 00007fb65be672b8: Size: 0x0 (0) bytes.
Module 00007fb65bfc47d0: Size: 0x0 (0) bytes.
Module 00007fb65c0e48c8: Size: 0x0 (0) bytes.
Module 00007fb65c252d58: Size: 0x0 (0) bytes.
Module 00007fb65c5acba0: Size: 0x0 (0) bytes.
Module 00007fb65c7a7d68: Size: 0x0 (0) bytes.
Module 00007fb65c7af260: Size: 0x0 (0) bytes.
Module 00007fb65c8de8e8: Size: 0x0 (0) bytes.
Module 00007fb65c900da8: Size: 0x0 (0) bytes.
Module 00007fb65c901a18: Size: 0x0 (0) bytes.
Module 00007fb65c9022c0: Size: 0x0 (0) bytes.
Module 00007fb65c902c00: Size: 0x0 (0) bytes.
Module 00007fb65c903e98: Size: 0x0 (0) bytes.
Module 00007fb65c9bdae8: Size: 0x0 (0) bytes.
Module 00007fb65c9be388: Size: 0x0 (0) bytes.
Module 00007fb65cf37380: Size: 0x0 (0) bytes.
Module 00007fb65d6da940: Size: 0x0 (0) bytes.
Module 00007fb65ded9908: Size: 0x0 (0) bytes.
Module 00007fb65deda158: Size: 0x0 (0) bytes.
Module 00007fb65dedb548: Size: 0x0 (0) bytes.
Module 00007fb65df65258: Size: 0x0 (0) bytes.
Module 00007fb65df682d8: Size: 0x0 (0) bytes.
Module 00007fb65df68d80: Size: 0x0 (0) bytes.
Module 00007fb65df6be00: Size: 0x0 (0) bytes.
Module 00007fb65df6cde8: Size: 0x0 (0) bytes.
Module 00007fb65e192540: Size: 0x0 (0) bytes.
Module 00007fb65e1d7ab8: Size: 0x0 (0) bytes.
Module 00007fb65e1d84d0: Size: 0x0 (0) bytes.
Module 00007fb65e1d8d28: Size: 0x0 (0) bytes.
Module 00007fb65e1de528: Size: 0x0 (0) bytes.
Module 00007fb65e1f1a88: Size: 0x0 (0) bytes.
Module 00007fb65e1f2298: Size: 0x0 (0) bytes.
Module 00007fb65e1f2ed0: Size: 0x0 (0) bytes.
Module 00007fb65e1f9b70: Size: 0x0 (0) bytes.
Module 00007fb65e220020: Size: 0x0 (0) bytes.
Module 00007fb65e247e50: Size: 0x0 (0) bytes.
Module 00007fb65e248ec0: Size: 0x0 (0) bytes.
Module 00007fb65e26cd58: Size: 0x0 (0) bytes.
Module 00007fb65e2816c0: Size: 0x0 (0) bytes.
Module 00007fb65e2e0b30: Size: 0x0 (0) bytes.
Module 00007fb65e2e15f8: Size: 0x0 (0) bytes.
Module 00007fb65e2e5620: Size: 0x0 (0) bytes.
Module 00007fb65e2e6188: Size: 0x0 (0) bytes.
Module 00007fb65e2e6c38: Size: 0x0 (0) bytes.
Module 00007fb65e2e75a8: Size: 0x0 (0) bytes.
Module 00007fb65e2e9c38: Size: 0x0 (0) bytes.
Module 00007fb65e2ea740: Size: 0x0 (0) bytes.
Module 00007fb65e2ebed0: Size: 0x0 (0) bytes.
Module 00007fb65e2ecdf8: Size: 0x0 (0) bytes.
Module 00007fb65e2ed6c0: Size: 0x0 (0) bytes.
Module 00007fb65e2ee510: Size: 0x0 (0) bytes.
Module 00007fb65e2ef160: Size: 0x0 (0) bytes.
Module 00007fb65e330020: Size: 0x0 (0) bytes.
Module 00007fb65e330bc0: Size: 0x0 (0) bytes.
Module 00007fb65e332da8: Size: 0x0 (0) bytes.
Module 00007fb65e333858: Size: 0x0 (0) bytes.
Module 00007fb65e334628: Size: 0x0 (0) bytes.
Module 00007fb65e335210: Size: 0x0 (0) bytes.
Module 00007fb65e335a28: Size: 0x0 (0) bytes.
Module 00007fb65e336d70: Size: 0x0 (0) bytes.
Module 00007fb65e337588: Size: 0x0 (0) bytes.
Module 00007fb65e338320: Size: 0x0 (0) bytes.
Module 00007fb65e338de8: Size: 0x0 (0) bytes.
Module 00007fb65e3398a0: Size: 0x0 (0) bytes.
Module 00007fb65e33a660: Size: 0x0 (0) bytes.
Module 00007fb65e33b030: Size: 0x0 (0) bytes.
Module 00007fb65e33bfb0: Size: 0x0 (0) bytes.
Module 00007fb65e33cbb8: Size: 0x0 (0) bytes.
Module 00007fb65e33d408: Size: 0x0 (0) bytes.
Module 00007fb65e33ddb0: Size: 0x0 (0) bytes.
Module 00007fb65e33ead0: Size: 0x0 (0) bytes.
Module 00007fb65e33f838: Size: 0x0 (0) bytes.
Module 00007fb65e380480: Size: 0x0 (0) bytes.
Module 00007fb65e380f40: Size: 0x0 (0) bytes.
Module 00007fb65e383608: Size: 0x0 (0) bytes.
Module 00007fb65e3ad300: Size: 0x0 (0) bytes.
Module 00007fb65e3c46c8: Size: 0x0 (0) bytes.
Module 00007fb65e3cac60: Size: 0x0 (0) bytes.
Module 00007fb65e3cc770: Size: 0x0 (0) bytes.
Module 00007fb65e46e110: Size: 0x0 (0) bytes.
Module 00007fb65e4c0558: Size: 0x0 (0) bytes.
Module 00007fb65e4c1018: Size: 0x0 (0) bytes.
Module 00007fb65e4c1a48: Size: 0x0 (0) bytes.
Module 00007fb65e4c2810: Size: 0x0 (0) bytes.
Module 00007fb65e790350: Size: 0x0 (0) bytes.
Module 00007fb65e94af40: Size: 0x0 (0) bytes.
Module 00007fb65ebfae68: Size: 0x0 (0) bytes.
Module 00007fb65ec6cec8: Size: 0x0 (0) bytes.
Module 00007fb65ece1d60: Size: 0x0 (0) bytes.
Module 00007fb65ece7eb8: Size: 0x0 (0) bytes.
Module 00007fb65ed37a78: Size: 0x0 (0) bytes.
Module 00007fb65ed3d1c8: Size: 0x0 (0) bytes.
Module 00007fb65edacb18: Size: 0x0 (0) bytes.
Module 00007fb65edad388: Size: 0x0 (0) bytes.
Module 00007fb65f007388: Size: 0x0 (0) bytes.
Module 00007fb65f0083b8: Size: 0x0 (0) bytes.
Module 00007fb65f7628a0: Size: 0x0 (0) bytes.
Module 00007fb65f765678: Size: 0x0 (0) bytes.
Module 00007fb65f76c468: Size: 0x0 (0) bytes.
Module 00007fb65f76e3c0: Size: 0x0 (0) bytes.
Module 00007fb65f822008: Size: 0x0 (0) bytes.
Module 00007fb65f8ddd90: Size: 0x0 (0) bytes.
Module 00007fb65fa3b288: Size: 0x0 (0) bytes.
Module 00007fb65fdeaf78: Size: 0x0 (0) bytes.
Module 00007fb65fdebb78: Size: 0x0 (0) bytes.
Module 00007fb65fdec4d0: Size: 0x0 (0) bytes.
Module 00007fb65fded158: Size: 0x0 (0) bytes.
Module 00007fb65fdedc00: Size: 0x0 (0) bytes.
Module 00007fb65fdee6c0: Size: 0x0 (0) bytes.
Module 00007fb65fdef170: Size: 0x0 (0) bytes.
Module 00007fb65fe30020: Size: 0x0 (0) bytes.
Module 00007fb65fe30ad0: Size: 0x0 (0) bytes.
Module 00007fb65fe31588: Size: 0x0 (0) bytes.
Module 00007fb65fe32028: Size: 0x0 (0) bytes.
Module 00007fb65fe32970: Size: 0x0 (0) bytes.
Module 00007fb65fe35000: Size: 0x0 (0) bytes.
Module 00007fb65fe35ac0: Size: 0x0 (0) bytes.
Module 00007fb65fe36630: Size: 0x0 (0) bytes.
Module 00007fb65fe370f8: Size: 0x0 (0) bytes.
Module 00007fb65fe37a50: Size: 0x0 (0) bytes.
Module 00007fb65fe385d0: Size: 0x0 (0) bytes.
Module 00007fb65fe39088: Size: 0x0 (0) bytes.
Module 00007fb65fe39a08: Size: 0x0 (0) bytes.
Module 00007fb65fe3a4b8: Size: 0x0 (0) bytes.
Module 00007fb65fe3af68: Size: 0x0 (0) bytes.
Module 00007fb65fe3ba28: Size: 0x0 (0) bytes.
Module 00007fb65fe3c4d0: Size: 0x0 (0) bytes.
Module 00007fb65fe3cf78: Size: 0x0 (0) bytes.
Module 00007fb65fe3d850: Size: 0x0 (0) bytes.
Module 00007fb65fe3e308: Size: 0x0 (0) bytes.
Module 00007fb65fe3edb0: Size: 0x0 (0) bytes.
Module 00007fb65fe3f8a8: Size: 0x0 (0) bytes.
Module 00007fb65fe80268: Size: 0x0 (0) bytes.
Module 00007fb65fe80d20: Size: 0x0 (0) bytes.
Module 00007fb65fe81630: Size: 0x0 (0) bytes.
Module 00007fb65fe823f0: Size: 0x0 (0) bytes.
Module 00007fb65fe82e98: Size: 0x0 (0) bytes.
Module 00007fb65fe83828: Size: 0x0 (0) bytes.
Module 00007fb65fe842f0: Size: 0x0 (0) bytes.
Module 00007fb65fe84fc8: Size: 0x0 (0) bytes.
Module 00007fb65fe860b8: Size: 0x0 (0) bytes.
Module 00007fb65fe86b78: Size: 0x0 (0) bytes.
Module 00007fb65fe87508: Size: 0x0 (0) bytes.
Module 00007fb65fe88220: Size: 0x0 (0) bytes.
Module 00007fb65fe88cd8: Size: 0x0 (0) bytes.
Module 00007fb660e47288: Size: 0x0 (0) bytes.
Module 00007fb661207dc8: Size: 0x0 (0) bytes.
Module 00007fb66120bbd8: Size: 0x0 (0) bytes.
Module 00007fb661220020: Size: 0x0 (0) bytes.
Module 00007fb66138a4f0: Size: 0x0 (0) bytes.
Total size:      Size: 0x0 (0) bytes.
--------------------------------------
Module Lookup Table heaps:
Module 00007fb656974020: Size: 0x0 (0) bytes.
Module 00007fb65742dc00: Size: 0x0 (0) bytes.
Module 00007fb6574f1408: Size: 0x0 (0) bytes.
Module 00007fb6575519a8: Size: 0x0 (0) bytes.
Module 00007fb657553b60: Size: 0x0 (0) bytes.
Module 00007fb6575553e0: Size: 0x0 (0) bytes.
Module 00007fb657558968: Size: 0x0 (0) bytes.
Module 00007fb65755f0a0: Size: 0x0 (0) bytes.
Module 00007fb657b70468: Size: 0x0 (0) bytes.
Module 00007fb657b71cd0: Size: 0x0 (0) bytes.
Module 00007fb657b732d0: Size: 0x0 (0) bytes.
Module 00007fb657b78860: Size: 0x0 (0) bytes.
Module 00007fb657b7c280: Size: 0x0 (0) bytes.
Module 00007fb657b7cd98: Size: 0x0 (0) bytes.
Module 00007fb657ea2570: Size: 0x0 (0) bytes.
Module 00007fb657ea5950: Size: 0x0 (0) bytes.
Module 00007fb657ea64d0: Size: 0x0 (0) bytes.
Module 00007fb657ea80a0: Size: 0x0 (0) bytes.
Module 00007fb657eabb08: Size: 0x0 (0) bytes.
Module 00007fb657eaeca8: Size: 0x0 (0) bytes.
Module 00007fb657eaf6a8: Size: 0x0 (0) bytes.
Module 00007fb658103b78: Size: 0x0 (0) bytes.
Module 00007fb65810b5f0: Size: 0x0 (0) bytes.
Module 00007fb6581c4440: Size: 0x0 (0) bytes.
Module 00007fb6582884a8: Size: 0x0 (0) bytes.
Module 00007fb65828ea70: Size: 0x0 (0) bytes.
Module 00007fb65828f708: Size: 0x0 (0) bytes.
Module 00007fb6584e31c8: Size: 0x0 (0) bytes.
Module 00007fb6584e88b8: Size: 0x0 (0) bytes.
Module 00007fb6584ea198: Size: 0x0 (0) bytes.
Module 00007fb6584eea20: Size: 0x0 (0) bytes.
Module 00007fb6586c5ca8: Size: 0x0 (0) bytes.
Module 00007fb6586ce978: Size: 0x0 (0) bytes.
Module 00007fb6587b5d20: Size: 0x0 (0) bytes.
Module 00007fb658804510: Size: 0x0 (0) bytes.
Module 00007fb658806fb8: Size: 0x0 (0) bytes.
Module 00007fb658809f10: Size: 0x0 (0) bytes.
Module 00007fb6588e6840: Size: 0x0 (0) bytes.
Module 00007fb6588ed538: Size: 0x0 (0) bytes.
Module 00007fb658a36fb8: Size: 0x0 (0) bytes.
Module 00007fb658a3e890: Size: 0x0 (0) bytes.
Module 00007fb658afa850: Size: 0x0 (0) bytes.
Module 00007fb658afbc60: Size: 0x0 (0) bytes.
Module 00007fb658afca28: Size: 0x0 (0) bytes.
Module 00007fb658afd7e8: Size: 0x0 (0) bytes.
Module 00007fb658afea48: Size: 0x0 (0) bytes.
Module 00007fb658aff358: Size: 0x0 (0) bytes.
Module 00007fb658cad660: Size: 0x0 (0) bytes.
Module 00007fb658dcdea8: Size: 0x0 (0) bytes.
Module 00007fb658dce808: Size: 0x0 (0) bytes.
Module 00007fb658e86dc0: Size: 0x0 (0) bytes.
Module 00007fb658e8e698: Size: 0x0 (0) bytes.
Module 00007fb659184730: Size: 0x0 (0) bytes.
Module 00007fb659184f78: Size: 0x0 (0) bytes.
Module 00007fb659189848: Size: 0x0 (0) bytes.
Module 00007fb65918b0e0: Size: 0x0 (0) bytes.
Module 00007fb65918c958: Size: 0x0 (0) bytes.
Module 00007fb65944a9b0: Size: 0x0 (0) bytes.
Module 00007fb65944f430: Size: 0x0 (0) bytes.
Module 00007fb65947c6f8: Size: 0x0 (0) bytes.
Module 00007fb659550020: Size: 0x0 (0) bytes.
Module 00007fb659559160: Size: 0x0 (0) bytes.
Module 00007fb6595c0f20: Size: 0x0 (0) bytes.
Module 00007fb6595ca640: Size: 0x0 (0) bytes.
Module 00007fb6595cd548: Size: 0x0 (0) bytes.
Module 00007fb6595cf960: Size: 0x0 (0) bytes.
Module 00007fb6597d4a28: Size: 0x0 (0) bytes.
Module 00007fb6597dd968: Size: 0x0 (0) bytes.
Module 00007fb6598821e0: Size: 0x0 (0) bytes.
Module 00007fb659884660: Size: 0x0 (0) bytes.
Module 00007fb659884f00: Size: 0x0 (0) bytes.
Module 00007fb65a4bfa30: Size: 0x0 (0) bytes.
Module 00007fb65a513878: Size: 0x0 (0) bytes.
Module 00007fb65a514e78: Size: 0x0 (0) bytes.
Module 00007fb65a518b78: Size: 0x0 (0) bytes.
Module 00007fb65a606cf0: Size: 0x0 (0) bytes.
Module 00007fb65a677878: Size: 0x0 (0) bytes.
Module 00007fb65a6782e8: Size: 0x0 (0) bytes.
Module 00007fb65a67a078: Size: 0x0 (0) bytes.
Module 00007fb65a67afe0: Size: 0x0 (0) bytes.
Module 00007fb65a67c248: Size: 0x0 (0) bytes.
Module 00007fb65a67dc78: Size: 0x0 (0) bytes.
Module 00007fb65a870278: Size: 0x0 (0) bytes.
Module 00007fb65a870fe0: Size: 0x0 (0) bytes.
Module 00007fb65a87b148: Size: 0x0 (0) bytes.
Module 00007fb65a9ef088: Size: 0x0 (0) bytes.
Module 00007fb65aa6c870: Size: 0x0 (0) bytes.
Module 00007fb65aab77a8: Size: 0x0 (0) bytes.
Module 00007fb65aae3a48: Size: 0x0 (0) bytes.
Module 00007fb65aae45e0: Size: 0x0 (0) bytes.
Module 00007fb65aae8580: Size: 0x0 (0) bytes.
Module 00007fb65aba7d50: Size: 0x0 (0) bytes.
Module 00007fb65abdd2b8: Size: 0x0 (0) bytes.
Module 00007fb65abde6f0: Size: 0x0 (0) bytes.
Module 00007fb65acb83f8: Size: 0x0 (0) bytes.
Module 00007fb65acd4b00: Size: 0x0 (0) bytes.
Module 00007fb65acf7348: Size: 0x0 (0) bytes.
Module 00007fb65acf81a8: Size: 0x0 (0) bytes.
Module 00007fb65acf95a8: Size: 0x0 (0) bytes.
Module 00007fb65ad9a840: Size: 0x0 (0) bytes.
Module 00007fb65ae890e0: Size: 0x0 (0) bytes.
Module 00007fb65af072e0: Size: 0x0 (0) bytes.
Module 00007fb65af07eb0: Size: 0x0 (0) bytes.
Module 00007fb65af535d8: Size: 0x0 (0) bytes.
Module 00007fb65b04e230: Size: 0x0 (0) bytes.
Module 00007fb65b0f1920: Size: 0x0 (0) bytes.
Module 00007fb65b0fa578: Size: 0x0 (0) bytes.
Module 00007fb65b1ce588: Size: 0x0 (0) bytes.
Module 00007fb65b1cf708: Size: 0x0 (0) bytes.
Module 00007fb65b2f4500: Size: 0x0 (0) bytes.
Module 00007fb65b2f6628: Size: 0x0 (0) bytes.
Module 00007fb65b2f7680: Size: 0x0 (0) bytes.
Module 00007fb65b2f8d80: Size: 0x0 (0) bytes.
Module 00007fb65b2fc150: Size: 0x0 (0) bytes.
Module 00007fb65b2ff690: Size: 0x0 (0) bytes.
Module 00007fb65b511b30: Size: 0x0 (0) bytes.
Module 00007fb65b5af798: Size: 0x0 (0) bytes.
Module 00007fb65b60e958: Size: 0x0 (0) bytes.
Module 00007fb65b694e48: Size: 0x0 (0) bytes.
Module 00007fb65b9cd420: Size: 0x0 (0) bytes.
Module 00007fb65bbfb838: Size: 0x0 (0) bytes.
Module 00007fb65bdc8e98: Size: 0x0 (0) bytes.
Module 00007fb65be20100: Size: 0x0 (0) bytes.
Module 00007fb65be233e8: Size: 0x0 (0) bytes.
Module 00007fb65be672b8: Size: 0x0 (0) bytes.
Module 00007fb65bfc47d0: Size: 0x0 (0) bytes.
Module 00007fb65c0e48c8: Size: 0x0 (0) bytes.
Module 00007fb65c252d58: Size: 0x0 (0) bytes.
Module 00007fb65c5acba0: Size: 0x0 (0) bytes.
Module 00007fb65c7a7d68: Size: 0x0 (0) bytes.
Module 00007fb65c7af260: Size: 0x0 (0) bytes.
Module 00007fb65c8de8e8: Size: 0x0 (0) bytes.
Module 00007fb65c900da8: Size: 0x0 (0) bytes.
Module 00007fb65c901a18: Size: 0x0 (0) bytes.
Module 00007fb65c9022c0: Size: 0x0 (0) bytes.
Module 00007fb65c902c00: Size: 0x0 (0) bytes.
Module 00007fb65c903e98: Size: 0x0 (0) bytes.
Module 00007fb65c9bdae8: Size: 0x0 (0) bytes.
Module 00007fb65c9be388: Size: 0x0 (0) bytes.
Module 00007fb65cf37380: Size: 0x0 (0) bytes.
Module 00007fb65d6da940: Size: 0x0 (0) bytes.
Module 00007fb65ded9908: Size: 0x0 (0) bytes.
Module 00007fb65deda158: Size: 0x0 (0) bytes.
Module 00007fb65dedb548: Size: 0x0 (0) bytes.
Module 00007fb65df65258: Size: 0x0 (0) bytes.
Module 00007fb65df682d8: Size: 0x0 (0) bytes.
Module 00007fb65df68d80: Size: 0x0 (0) bytes.
Module 00007fb65df6be00: Size: 0x0 (0) bytes.
Module 00007fb65df6cde8: Size: 0x0 (0) bytes.
Module 00007fb65e192540: Size: 0x0 (0) bytes.
Module 00007fb65e1d7ab8: Size: 0x0 (0) bytes.
Module 00007fb65e1d84d0: Size: 0x0 (0) bytes.
Module 00007fb65e1d8d28: Size: 0x0 (0) bytes.
Module 00007fb65e1de528: Size: 0x0 (0) bytes.
Module 00007fb65e1f1a88: Size: 0x0 (0) bytes.
Module 00007fb65e1f2298: Size: 0x0 (0) bytes.
Module 00007fb65e1f2ed0: Size: 0x0 (0) bytes.
Module 00007fb65e1f9b70: Size: 0x0 (0) bytes.
Module 00007fb65e220020: Size: 0x0 (0) bytes.
Module 00007fb65e247e50: Size: 0x0 (0) bytes.
Module 00007fb65e248ec0: Size: 0x0 (0) bytes.
Module 00007fb65e26cd58: Size: 0x0 (0) bytes.
Module 00007fb65e2816c0: Size: 0x0 (0) bytes.
Module 00007fb65e2e0b30: Size: 0x0 (0) bytes.
Module 00007fb65e2e15f8: Size: 0x0 (0) bytes.
Module 00007fb65e2e5620: Size: 0x0 (0) bytes.
Module 00007fb65e2e6188: Size: 0x0 (0) bytes.
Module 00007fb65e2e6c38: Size: 0x0 (0) bytes.
Module 00007fb65e2e75a8: Size: 0x0 (0) bytes.
Module 00007fb65e2e9c38: Size: 0x0 (0) bytes.
Module 00007fb65e2ea740: Size: 0x0 (0) bytes.
Module 00007fb65e2ebed0: Size: 0x0 (0) bytes.
Module 00007fb65e2ecdf8: Size: 0x0 (0) bytes.
Module 00007fb65e2ed6c0: Size: 0x0 (0) bytes.
Module 00007fb65e2ee510: Size: 0x0 (0) bytes.
Module 00007fb65e2ef160: Size: 0x0 (0) bytes.
Module 00007fb65e330020: Size: 0x0 (0) bytes.
Module 00007fb65e330bc0: Size: 0x0 (0) bytes.
Module 00007fb65e332da8: Size: 0x0 (0) bytes.
Module 00007fb65e333858: Size: 0x0 (0) bytes.
Module 00007fb65e334628: Size: 0x0 (0) bytes.
Module 00007fb65e335210: Size: 0x0 (0) bytes.
Module 00007fb65e335a28: Size: 0x0 (0) bytes.
Module 00007fb65e336d70: Size: 0x0 (0) bytes.
Module 00007fb65e337588: Size: 0x0 (0) bytes.
Module 00007fb65e338320: Size: 0x0 (0) bytes.
Module 00007fb65e338de8: Size: 0x0 (0) bytes.
Module 00007fb65e3398a0: Size: 0x0 (0) bytes.
Module 00007fb65e33a660: Size: 0x0 (0) bytes.
Module 00007fb65e33b030: Size: 0x0 (0) bytes.
Module 00007fb65e33bfb0: Size: 0x0 (0) bytes.
Module 00007fb65e33cbb8: Size: 0x0 (0) bytes.
Module 00007fb65e33d408: Size: 0x0 (0) bytes.
Module 00007fb65e33ddb0: Size: 0x0 (0) bytes.
Module 00007fb65e33ead0: Size: 0x0 (0) bytes.
Module 00007fb65e33f838: Size: 0x0 (0) bytes.
Module 00007fb65e380480: Size: 0x0 (0) bytes.
Module 00007fb65e380f40: Size: 0x0 (0) bytes.
Module 00007fb65e383608: Size: 0x0 (0) bytes.
Module 00007fb65e3ad300: Size: 0x0 (0) bytes.
Module 00007fb65e3c46c8: Size: 0x0 (0) bytes.
Module 00007fb65e3cac60: Size: 0x0 (0) bytes.
Module 00007fb65e3cc770: Size: 0x0 (0) bytes.
Module 00007fb65e46e110: Size: 0x0 (0) bytes.
Module 00007fb65e4c0558: Size: 0x0 (0) bytes.
Module 00007fb65e4c1018: Size: 0x0 (0) bytes.
Module 00007fb65e4c1a48: Size: 0x0 (0) bytes.
Module 00007fb65e4c2810: Size: 0x0 (0) bytes.
Module 00007fb65e790350: Size: 0x0 (0) bytes.
Module 00007fb65e94af40: Size: 0x0 (0) bytes.
Module 00007fb65ebfae68: Size: 0x0 (0) bytes.
Module 00007fb65ec6cec8: Size: 0x0 (0) bytes.
Module 00007fb65ece1d60: Size: 0x0 (0) bytes.
Module 00007fb65ece7eb8: Size: 0x0 (0) bytes.
Module 00007fb65ed37a78: Size: 0x0 (0) bytes.
Module 00007fb65ed3d1c8: Size: 0x0 (0) bytes.
Module 00007fb65edacb18: Size: 0x0 (0) bytes.
Module 00007fb65edad388: Size: 0x0 (0) bytes.
Module 00007fb65f007388: Size: 0x0 (0) bytes.
Module 00007fb65f0083b8: Size: 0x0 (0) bytes.
Module 00007fb65f7628a0: Size: 0x0 (0) bytes.
Module 00007fb65f765678: Size: 0x0 (0) bytes.
Module 00007fb65f76c468: Size: 0x0 (0) bytes.
Module 00007fb65f76e3c0: Size: 0x0 (0) bytes.
Module 00007fb65f822008: Size: 0x0 (0) bytes.
Module 00007fb65f8ddd90: Size: 0x0 (0) bytes.
Module 00007fb65fa3b288: Size: 0x0 (0) bytes.
Module 00007fb65fdeaf78: Size: 0x0 (0) bytes.
Module 00007fb65fdebb78: Size: 0x0 (0) bytes.
Module 00007fb65fdec4d0: Size: 0x0 (0) bytes.
Module 00007fb65fded158: Size: 0x0 (0) bytes.
Module 00007fb65fdedc00: Size: 0x0 (0) bytes.
Module 00007fb65fdee6c0: Size: 0x0 (0) bytes.
Module 00007fb65fdef170: Size: 0x0 (0) bytes.
Module 00007fb65fe30020: Size: 0x0 (0) bytes.
Module 00007fb65fe30ad0: Size: 0x0 (0) bytes.
Module 00007fb65fe31588: Size: 0x0 (0) bytes.
Module 00007fb65fe32028: Size: 0x0 (0) bytes.
Module 00007fb65fe32970: Size: 0x0 (0) bytes.
Module 00007fb65fe35000: Size: 0x0 (0) bytes.
Module 00007fb65fe35ac0: Size: 0x0 (0) bytes.
Module 00007fb65fe36630: Size: 0x0 (0) bytes.
Module 00007fb65fe370f8: Size: 0x0 (0) bytes.
Module 00007fb65fe37a50: Size: 0x0 (0) bytes.
Module 00007fb65fe385d0: Size: 0x0 (0) bytes.
Module 00007fb65fe39088: Size: 0x0 (0) bytes.
Module 00007fb65fe39a08: Size: 0x0 (0) bytes.
Module 00007fb65fe3a4b8: Size: 0x0 (0) bytes.
Module 00007fb65fe3af68: Size: 0x0 (0) bytes.
Module 00007fb65fe3ba28: Size: 0x0 (0) bytes.
Module 00007fb65fe3c4d0: Size: 0x0 (0) bytes.
Module 00007fb65fe3cf78: Size: 0x0 (0) bytes.
Module 00007fb65fe3d850: Size: 0x0 (0) bytes.
Module 00007fb65fe3e308: Size: 0x0 (0) bytes.
Module 00007fb65fe3edb0: Size: 0x0 (0) bytes.
Module 00007fb65fe3f8a8: Size: 0x0 (0) bytes.
Module 00007fb65fe80268: Size: 0x0 (0) bytes.
Module 00007fb65fe80d20: Size: 0x0 (0) bytes.
Module 00007fb65fe81630: Size: 0x0 (0) bytes.
Module 00007fb65fe823f0: Size: 0x0 (0) bytes.
Module 00007fb65fe82e98: Size: 0x0 (0) bytes.
Module 00007fb65fe83828: Size: 0x0 (0) bytes.
Module 00007fb65fe842f0: Size: 0x0 (0) bytes.
Module 00007fb65fe84fc8: Size: 0x0 (0) bytes.
Module 00007fb65fe860b8: Size: 0x0 (0) bytes.
Module 00007fb65fe86b78: Size: 0x0 (0) bytes.
Module 00007fb65fe87508: Size: 0x0 (0) bytes.
Module 00007fb65fe88220: Size: 0x0 (0) bytes.
Module 00007fb65fe88cd8: Size: 0x0 (0) bytes.
Module 00007fb660e47288: Size: 0x0 (0) bytes.
Module 00007fb661207dc8: Size: 0x0 (0) bytes.
Module 00007fb66120bbd8: Size: 0x0 (0) bytes.
Module 00007fb661220020: Size: 0x0 (0) bytes.
Module 00007fb66138a4f0: Size: 0x0 (0) bytes.
Total size:      Size: 0x0 (0) bytes.
--------------------------------------
Total LoaderHeap size:   Size: 0x7ef4000 (133120000) bytes.
=======================================
Number of GC Heaps: 4
------------------------------
Heap 0 (00000000012920A0)
generation 0 starts at 0x00007FB24D1274F0
generation 1 starts at 0x00007FB24BD68CB0
generation 2 starts at 0x00007FB207FFF000
ephemeral segment allocation context: none
         segment             begin         allocated              size
00007FB207FFE000  00007FB207FFF000  00007FB24F73CFF0  0x4773dff0(1198776304)
Large object heap starts at 0x00007FB607FFF000
         segment             begin         allocated              size
00007FB607FFE000  00007FB607FFF000  00007FB617FF1A78  0xfff2a78(268380792)
00007F8BAFFFC000  00007F8BAFFFD000  00007F8BBFFEA908  0xffed908(268359944)
00007F8623FF8000  00007F8623FF9000  00007F862925F9C0  0x52669c0(86403520)
00007F8633FFA000  00007F8633FFB000  00007F8641E763B8  0xde7b3b8(233288632)
Heap Size:       Size: 0x7a8000e8 (2055209192) bytes.
------------------------------
Heap 1 (0000000001222DA0)
generation 0 starts at 0x00007FB348A5C6F8
generation 1 starts at 0x00007FB3472C3ED8
generation 2 starts at 0x00007FB307FFF000
ephemeral segment allocation context: none
         segment             begin         allocated              size
00007FB307FFE000  00007FB307FFF000  00007FB35D78FEC8  0x55790ec8(1433997000)
Large object heap starts at 0x00007FB617FFF000
         segment             begin         allocated              size
00007FB617FFE000  00007FB617FFF000  00007FB627FF9B40  0xfffab40(268413760)
00007F8BBFFFE000  00007F8BBFFFF000  00007F8BCFFDE138  0xffdf138(268300600)
00007F8613FF6000  00007F8613FF7000  00007F8623FF21A8  0xfffb1a8(268415400)
00007F8767FFC000  00007F8767FFD000  00007F876B992A50  0x3995a50(60381776)
Heap Size:       Size: 0x890fb738 (2299508536) bytes.
------------------------------
Heap 2 (000000000126B460)
generation 0 starts at 0x00007FB445248350
generation 1 starts at 0x00007FB443013F38
generation 2 starts at 0x00007FB407FFF000
ephemeral segment allocation context: none
         segment             begin         allocated              size
00007FB407FFE000  00007FB407FFF000  00007FB447A28DA0  0x3fa29da0(1067621792)
Large object heap starts at 0x00007FB627FFF000
         segment             begin         allocated              size
00007FB627FFE000  00007FB627FFF000  00007FB637FCEE98  0xffcfe98(268238488)
00007F8B41EA6000  00007F8B41EA7000  00007F8B51E26438  0xff7f438(267908152)
00007F8687FF8000  00007F8687FF9000  00007F8694379808  0xc380808(204998664)
Heap Size:       Size: 0x6bcf9878 (1808767096) bytes.
------------------------------
Heap 3 (000000000126E6B0)
generation 0 starts at 0x00007FB547650268
generation 1 starts at 0x00007FB5465D1910
generation 2 starts at 0x00007FB507FFF000
ephemeral segment allocation context: none
         segment             begin         allocated              size
00007FB507FFE000  00007FB507FFF000  00007FB549E3FCE8  0x41e40ce8(1105464552)
Large object heap starts at 0x00007FB637FFF000
         segment             begin         allocated              size
00007FB637FFE000  00007FB637FFF000  00007FB647FAB3B0  0xffac3b0(268092336)
00007F948481A000  00007F948481B000  00007F9494743988  0xff28988(267553160)
00007F8A47A9E000  00007F8A47A9F000  00007F8A55348A30  0xd8a9a30(227187248)
00007F8643FFC000  00007F8643FFD000  00007F8653164F08  0xf167f08(253132552)
Heap Size:       Size: 0x7e727358 (2121429848) bytes.
------------------------------
GC Heap Size:    Size: 0x1edd1c3f0 (8284914672) bytes.
```

What I find really interesting is that I can't find this memory region anywhere. 

Note that the Heap 2 segment is `00007FB407FFE000`, which is where the problematic memory region ends.

I'm not sure what conclusion to draw from this.

Our application uses native memory quite heavily, but this is the single cluster (out of hundreds) where we are seeing this kind of behavior.

I tried looking upward in the stack, giving:

```
(lldb) frame select 1
frame #1: 0x00007fb6d0866d73 libcoreclr.so`SVR::GCHeap::Promote(Object**, ScanContext*, unsigned int) + 355
libcoreclr.so`SVR::GCHeap::Promote:
    0x7fb6d0866d73 <+355>: movl   $0x80001, %edi            ; imm = 0x80001
    0x7fb6d0866d78 <+360>: movl   $0x6, %esi
    0x7fb6d0866d7d <+365>: callq  0x7fb6d05f3fc0            ; StressLog::LogOn(unsigned int, unsigned int)
    0x7fb6d0866d82 <+370>: testl  %eax, %eax
(lldb) register read
General Purpose Registers:
       rbx = 0x00007fb366943030
       rbp = 0x00007fb6cdd93f60
       rsp = 0x00007fb6cdd93f10
       r12 = 0x0000000001222da0
       r13 = 0x0000000000000000
       r14 = 0x00007f9d612d6408
       r15 = 0x0000000000000001
       rip = 0x00007fb6d0866d73  libcoreclr.so`SVR::GCHeap::Promote(Object**, ScanContext*, unsigned int) + 355
16 registers were unavailable.
```

And here is the relevant disassembly:

```
    0x7fb6d0866d28 <+280>: cmpl   $0x5, (%rax)
    0x7fb6d0866d2b <+283>: jl     0x7fb6d0866d47            ; <+311>
    0x7fb6d0866d2d <+285>: leaq   0x4472c4(%rip), %rax      ; GCEventStatus::enabledKeywords
    0x7fb6d0866d34 <+292>: testb  $0x1, (%rax)
    0x7fb6d0866d37 <+295>: je     0x7fb6d0866d47            ; <+311>
    0x7fb6d0866d39 <+297>: movq   %r12, %rdi
    0x7fb6d0866d3c <+300>: movq   %rbx, %rsi
    0x7fb6d0866d3f <+303>: movq   %r14, %rdx
    0x7fb6d0866d42 <+306>: callq  0x7fb6d08b0a70            ; SVR::gc_heap::fire_etw_pin_object_event(unsigned char*, unsigned char**)
    0x7fb6d0866d47 <+311>: incq   0x880(%r12)
    0x7fb6d0866d4f <+319>: cmpq   0x848(%r12), %rbx
    0x7fb6d0866d57 <+327>: jb     0x7fb6d0866d73            ; <+355>
    0x7fb6d0866d59 <+329>: cmpq   0x850(%r12), %rbx
    0x7fb6d0866d61 <+337>: jae    0x7fb6d0866d73            ; <+355>
    0x7fb6d0866d63 <+339>: leaq   -0x38(%rbp), %rsi
    0x7fb6d0866d67 <+343>: movq   -0x40(%rbp), %rdi
    0x7fb6d0866d6b <+347>: movl   %r15d, %edx
    0x7fb6d0866d6e <+350>: callq  0x7fb6d0863a60            ; SVR::gc_heap::mark_object_simple(unsigned char**, int)
->  0x7fb6d0866d73 <+355>: movl   $0x80001, %edi            ; imm = 0x80001
    0x7fb6d0866d78 <+360>: movl   $0x6, %esi
```

Any pointers to figure out what is going on would be very helpful.

**Comment by jkotas** [comment]
This is likely caused by argument or local variable in the method containing garbage instead of a valid object reference.

You need to go to `Thread::StackWalkFrames`, find the `Thread*` and `MethodDesc*` that this scanning, and find this `Thread*` and `MethodDesc*` in the process. Figure the local or argument that it is scanning and try to look for clues how the invalid object reference got into that local.

**Comment by ayende** [comment]
I'll see what this gives us.
That would explain why `verifyheap` isn't showing any issues.

Any possibility that this relates to: https://github.com/dotnet/runtime/issues/41413 ?
We are calling `GC.GetTotalMemory()` on a regular basis.

**Comment by jkotas** [comment]
> Any possibility that this relates to: #41413 ?

Unlikely.

**Comment by ayende** [comment]
This is what I get when I switch to the `StackWalkFrames()`

```
(lldb) register read
General Purpose Registers:
       rbx = 0x00007fb1c0a0bd40
       rbp = 0x00007fb6cdd95b90
       rsp = 0x00007fb6cdd94ab0
       r12 = 0x00007fb6cdd95bb8
       r13 = 0x00007fb6d06f4180  libcoreclr.so`GcStackCrawlCallBack(CrawlFrame*, void*)
       r14 = 0x0000000000000000
       r15 = 0x0000000000008500
       rip = 0x00007fb6d0683bfc  libcoreclr.so`Thread::StackWalkFrames(StackWalkAction (*)(CrawlFrame*, void*), void*, unsigned int, Frame*) + 204
16 registers were unavailable.
```

I'm not sure _how_ to get the relevant values.

I _think_ you mean to go to the `StackWalkFramesEx()`, where we actually have a thread. 
There, I get:

```
(lldb) register read
General Purpose Registers:
       rbx = 0x0000000000000002
       rbp = 0x00007fb6cdd94aa0
       rsp = 0x00007fb6cdd946e0
       r12 = 0x00007fb6d06f4180  libcoreclr.so`GcStackCrawlCallBack(CrawlFrame*, void*)
       r13 = 0x00007fb6cdd94700
       r14 = 0x00007fb6cdd95bb8
       r15 = 0x00007fb1c0a0bd40
       rip = 0x00007fb6d0683821  libcoreclr.so`Thread::StackWalkFramesEx(REGDISPLAY*, StackWalkAction (*)(CrawlFrame*, void*), void*, unsigned int, Frame*) + 433
16 registers were unavailable.
```

And the instructions are:

```
    0x7fb6d06837d1 <+353>: callq  0x7fb6d06838e0            ; StackFrameIterator::Init(Thread*, Frame*, REGDISPLAY*, unsigned int)
    0x7fb6d06837d6 <+358>: movl   $0x2, %ebx
    0x7fb6d06837db <+363>: cmpl   $0x1, %eax
    0x7fb6d06837de <+366>: jne    0x7fb6d068386e            ; <+510>
    0x7fb6d06837e4 <+372>: movl   $0x2, %eax
    0x7fb6d06837e9 <+377>: leaq   -0x3a0(%rbp), %r13
    0x7fb6d06837f0 <+384>: cmpb   $0x0, -0x19c(%rbp)
    0x7fb6d06837f7 <+391>: jne    0x7fb6d0683810            ; <+416>
    0x7fb6d06837f9 <+393>: cmpq   $-0x1, -0x188(%rbp)
    0x7fb6d0683801 <+401>: jne    0x7fb6d0683810            ; <+416>
    0x7fb6d0683803 <+403>: cmpl   $0x5, -0xd0(%rbp)
    0x7fb6d068380a <+410>: movl   %eax, %ebx
    0x7fb6d068380c <+412>: jne    0x7fb6d068386e            ; <+510>
    0x7fb6d068380e <+414>: nop
    0x7fb6d0683810 <+416>: movq   %r15, %rdi
    0x7fb6d0683813 <+419>: movq   %r13, %rsi
    0x7fb6d0683816 <+422>: movq   %r12, %rdx
    0x7fb6d0683819 <+425>: movq   %r14, %rcx
    0x7fb6d068381c <+428>: callq  0x7fb6d0683550            ; Thread::MakeStackwalkerCallback(CrawlFrame*, StackWalkAction (*)(CrawlFrame*, void*), void*)
->  0x7fb6d0683821 <+433>: movl   $0x1, %ebx
```

Trying to use: `print t_pStackWalkerWalkingThread` doesn't give anything. Do I need any debug symbols setup?

I tried to go to:
`frame #5: 0x00007fb6d06f43ce libcoreclr.so`GcStackCrawlCallBack(CrawlFrame*, void*) + 590`

I assume that the `CrawlFrame` is interesting in this regard, but I'm not sure how to get the right values out from the core dump.
This is what I tried:

```
(lldb) re r
General Purpose Registers:
       rbx = 0x00007fb6cdd94700
       rbp = 0x00007fb6cdd94690
       rsp = 0x00007fb6cdd94520
       r12 = 0x00000000ffffffff
       r13 = 0x0000000000000000
       r14 = 0x000000000129c5d0
       r15 = 0x00007fb65e2eed10
       rip = 0x00007fb6d06f43ce  libcoreclr.so`GcStackCrawlCallBack(CrawlFrame*, void*) + 590
16 registers were unavailable.

(lldb) memory read  0x00007fb6cdd94700
0x7fb6cdd94700: 00 00 00 00 b1 7f 00 00 78 ad 61 5e b6 7f 00 00  ........x.a^....
0x7fb6cdd94710: 68 7e dc 58 b6 7f 00 00 00 d0 2c 01 00 00 00 00  h~.X......,.....
(lldb) memory read 0x00007fb6cdd94690
0x7fb6cdd94690: d0 46 d9 cd b6 7f 00 00 ed 35 68 d0 b6 7f 00 00  .F.......5h.....
0x7fb6cdd946a0: 00 00 00 00 00 00 00 00 02 00 00 00 00 00 00 00  ................
(lldb) memory read 0x00007fb6cdd94520
0x7fb6cdd94520: ff ff ff ff 00 01 00 00 00 00 00 00 00 00 00 00  ................
0x7fb6cdd94530: 02 00 00 00 00 00 00 00 70 45 d9 cd b6 7f 00 00  ........pE......
(lldb) memory read 0x00007fb65e2eed10
0x7fb65e2eed10: 60 00 0e 2b 09 00 08 00 20 32 03 5e b6 7f 00 00  `..+.... 2.^....
0x7fb65e2eed20: 80 00 1a 5f b6 7f 00 00 e8 ff ff ff ff ff ff ff  ..._............
(lldb) p pCF
error: use of undeclared identifier 'pCF'
(lldb) p
Enter expressions, then terminate with an empty line to evaluate:
1 pCF
2
error: use of undeclared identifier 'pCF'
(lldb)
```

Any help would be great.

**Comment by jkotas** [comment]
> Do I need any debug symbols setup?

I think so. Try https://docs.microsoft.com/en-us/dotnet/core/diagnostics/dotnet-symbol

**Comment by ayende** [comment]
Thank you, the symbols helps a *lot*, that said, I'm not sure how to interpret the data, I have.
Below I included the information I have, but I'm not sure how to go from the MethodDesc to the actual method name. 
I'm pretty sure based on our information that we are corrupting something on the stack, but I'm not sure how to know what method is being inspected. Lookin at the code, it looks like we have method names only on debug? `m_pszDebugMethodName` ?

Currently going through the code and trying to figure out how to find what the method name really is.

```
(MethodDesc) $2 = {
  m_wFlags3AndTokenRemainder = 96
  m_chunkIndex = '\x0e'
  m_bFlags2 = '+'
  m_wSlotNumber = 9
  m_wFlags = 8
}
```


And:


```
(lldb) p *pCF
(CrawlFrame) $7 = {
  codeManState = {
    dwIsSet = 0
    stateBuf = {
      [0] = '\xb1'
      [1] = '\x7f'
      [2] = '\0'
      [3] = '\0'
      [4] = 'x'
      [5] = '\xad'
      [6] = 'a'
      [7] = '^'
      [8] = '\xb6'
      [9] = '\x7f'
      [10] = '\0'
      [11] = '\0'
      [12] = 'h'
      [13] = '~'
      [14] = '\xdc'
      [15] = 'X'
      [16] = '\xb6'
      [17] = '\x7f'
      [18] = '\0'
      [19] = '\0'
      [20] = '\0'
      [21] = '\xd0'
      [22] = ','
      [23] = '\x01'
      [24] = '\0'
      [25] = '\0'
      [26] = '\0'
      [27] = '\0'
      [28] = '\xd9'
      [29] = '\x01'
      [30] = '\0'
      [31] = '\0'
      [32] = '\0'
      [33] = '\0'
      [34] = '\0'
      [35] = '\0'
      [36] = '\f'
      [37] = 'c'
      [38] = '\x90'
      [39] = '^'
      [40] = '\xb6'
      [41] = '\x7f'
      [42] = '\0'
      [43] = '\0'
      [44] = '\0'
      [45] = '\0'
      [46] = '\0'
      [47] = '\0'
      [48] = '\0'
      [49] = '\0'
      [50] = '\0'
      [51] = '\0'
      [52] = '\0'
      [53] = '\0'
      [54] = '\0'
      [55] = '\0'
      [56] = '\0'
      [57] = '\0'
      [58] = '\0'
      [59] = '\0'
      [60] = '\0'
      [61] = '\0'
      [62] = '\0'
      [63] = '\0'
      [64] = '\0'
      [65] = '\0'
      [66] = '\0'
      [67] = '\0'
      [68] = '\0'
      [69] = '\0'
      [70] = '\0'
      [71] = '\0'
      [72] = '\0'
      [73] = '\0'
      [74] = '\0'
      [75] = '\0'
      [76] = '\0'
      [77] = '\0'
      [78] = '\0'
      [79] = '\0'
      [80] = '\0'
      [81] = '\0'
      [82] = '\0'
      [83] = '\0'
      [84] = '\0'
      [85] = '\x01'
      [86] = '\0'
      [87] = '\0'
      [88] = '\0'
      [89] = '\0'
      [90] = '\0'
      [91] = '\0'
      [92] = '\0'
      [93] = '\0'
      [94] = '\0'
      [95] = '\0'
      [96] = '\0'
      [97] = '\0'
      [98] = '\0'
      [99] = '\0'
      [100] = '\0'
      [101] = '\0'
      [102] = '\0'
      [103] = '\0'
      [104] = '\0'
      [105] = '\0'
      [106] = '\0'
      [107] = '\0'
      [108] = '\0'
      [109] = 'p'
      [110] = '\xc8'
      [111] = 'P'
      [112] = '\xb9'
      [113] = '\x93'
      [114] = '\xa3'
      [115] = '\x95'
      [116] = '\0'
      [117] = 'k'
      [118] = '\xbe'
      [119] = '\xc0'
      [120] = '\xb1'
      [121] = '\x7f'
      [122] = '\0'
      [123] = '\0'
      [124] = '\xb8'
      [125] = 'X'
      [126] = '\xd9'
      [127] = '\xcd'
      [128] = '\xb6'
      [129] = '\x7f'
      [130] = '\0'
      [131] = '\0'
      [132] = '\x80'
      [133] = 'A'
      [134] = 'o'
      [135] = '\xd0'
      [136] = '\xb6'
      [137] = '\x7f'
      [138] = '\0'
      [139] = '\0'
      [140] = '\0'
      [141] = '\0'
      [142] = '\0'
      [143] = '\0'
      [144] = '\0'
      [145] = '\0'
      [146] = '\0'
      [147] = '\0'
      [148] = '\0'
      [149] = '\x85'
      [150] = '\0'
      [151] = '\0'
      [152] = '\0'
      [153] = '\0'
      [154] = '\0'
      [155] = '\0'
      [156] = '\x90'
      [157] = 'X'
      [158] = '\xd9'
      [159] = '\xcd'
      [160] = '\xb6'
      [161] = '\x7f'
      [162] = '\0'
      [163] = '\0'
      [164] = '\xfc'
      [165] = ';'
      [166] = 'h'
      [167] = '\xd0'
      [168] = '\xb6'
      [169] = '\x7f'
      [170] = '\0'
      [171] = '\0'
      [172] = '\x90'
      [173] = 'S'
      [174] = '\xd9'
      [175] = '\xcd'
      [176] = '\xb6'
      [177] = '\x7f'
      [178] = '\0'
      [179] = '\0'
      [180] = '\xb0'
      [181] = 'L'
      [182] = '\xd9'
      [183] = '\xcd'
      [184] = '\xb6'
      [185] = '\x7f'
      [186] = '\0'
      [187] = '\0'
      [188] = '\xe0'
      [189] = 'G'
      [190] = '\xd9'
      [191] = '\xcd'
      [192] = '\xb6'
      [193] = '\x7f'
      [194] = '\0'
      [195] = '\0'
      [196] = '\x80'
      [197] = 'R'
      [198] = '\xd9'
      [199] = '\xcd'
      [200] = '\xb6'
      [201] = '\x7f'
      [202] = '\0'
      [203] = '\0'
      [204] = '\x80'
      [205] = 'Q'
      [206] = '\xd9'
      [207] = '\xcd'
      [208] = '\xb6'
      [209] = '\x7f'
      [210] = '\0'
      [211] = '\0'
      [212] = '\0'
      [213] = '\0'
      [214] = '\0'
      [215] = '\0'
      [216] = '\0'
      [217] = '\0'
      [218] = '\0'
      [219] = '\0'
      [220] = '\0'
      [221] = '\0'
      [222] = '\0'
      [223] = '\0'
      [224] = '\0'
      [225] = '\0'
      [226] = '\0'
      [227] = '\0'
      [228] = '\0'
      [229] = '\0'
      [230] = '\0'
      [231] = '\0'
      [232] = '\0'
      [233] = '\0'
      [234] = '\0'
      [235] = '\0'
      [236] = '\0'
      [237] = '\0'
      [238] = '\0'
      [239] = '\0'
      [240] = '\0'
      [241] = '\0'
      [242] = '\0'
      [243] = '\0'
      [244] = '\0'
      [245] = '\0'
      [246] = '\0'
      [247] = '\0'
      [248] = '\0'
      [249] = '\0'
      [250] = '\0'
      [251] = '\0'
      [252] = '\0'
      [253] = '\0'
      [254] = '\0'
      [255] = '\0'
      ...
    }
  }
  isFrameless = true
  isFirst = false
  isInterrupted = false
  hasFaulted = false
  isIPadjusted = false
  isNativeMarker = false
  isProfilerDoStackSnapshot = false
  isNoFrameTransition = false
  taNoFrameTransitionMarker = 0
  pFrame = 0x00007f9d612e4c60
  pFunc = 0x00007fb65e2eed10
  pAppDomain = 0x0000000001219cc0
  pRD = 0x00007fb6cdd94ab0
  codeInfo = {
    m_codeAddress = 140421271741534
    m_methodToken = {
      m_pRangeSection = 0x00007fb1d417eb40
      m_pCodeHeader = 140421271733064
    }
    m_pMD = 0x00007fb65e2eed10
    m_pJM = 0x00000000012cd000
    m_relOffset = 8462
    m_pFunctionEntry = 0x00007fb66020071c
  }
  isFilterFunclet = false
  isFilterFuncletCached = false
  fShouldParentToFuncletSkipReportingGCReferences = false
  fShouldCrawlframeReportGCReferences = true
  fShouldParentFrameUseUnwindTargetPCforGCReporting = false
  ehClauseForCatch = {
    Flags = COR_ILEXCEPTION_CLAUSE_NONE
    TryStartPC = 0
    TryEndPC = 0
    HandlerStartPC = 0
    HandlerEndPC = 0
     = (TypeHandle = 0x0000000000000000, ClassToken = 0, FilterOffset = 0)
  }
  pThread = 0x00007fb1c0a0bd40
  pSecurityObject = 0x0000000000000000
  isCachedMethod = NO
  stackWalkCache = {
    m_CacheEntry = (IP = 0, RSPOffset = 0, RBPOffset = 0)
  }
  pCurGSCookie = 0x00007f9d612e4c58
  pFirstGSCookie = 0x00007f9d612b0798
}
```

```
(lldb) p *pCF->pThread
(Thread) $10 = {
  m_State = (m_val = 135712)
  m_fPreemptiveGCDisabled = (m_val = 0)
  m_pFrame = 0x00007f9d612b07a0
  m_pDomain = 0x0000000001219cc0
  m_dwLockCount = 0
  m_ThreadId = 1113
  m_pHead = 0x00007fb1c0a0bd70
  m_embeddedEntry = {
    pNext = 0x00007fb1c0a0bd70
    pPrev = 0x00007fb1c0a0bd70
    dwULockID = 0
    dwLLockID = 0
    wReaderLevel = 0
  }
  m_pBlockingLock = {
    Volatile<DeadlockAwareLock *> = {
      m_val = 0x0000000000000000
    }
  }
  m_alloc_context = {
    alloc_ptr = 0x0000000000000000 <no value available>
    alloc_limit = 0x0000000000000000 <no value available>
    alloc_bytes = 11636724640
    alloc_bytes_loh = 0
    gc_reserved_1 = 0x0000000001229cc0
    gc_reserved_2 = 0x0000000001282f30
    alloc_count = 0
  }
  m_thAllocContextObj = {
     = {
      m_asTAddr = 140421184303712
      m_asPtr = 0x00007fb65acf3260
      m_asMT = 0x00007fb65acf3260
      m_asTypeDesc = 0x00007fb65acf3260
      m_asArrayTypeDesc = 0x00007fb65acf3260
      m_asParamTypeDesc = 0x00007fb65acf3260
      m_asTypeVarTypeDesc = 0x00007fb65acf3260
      m_asFnPtrTypeDesc = 0x00007fb65acf3260
    }
  }
  m_stackLocalAllocator = 0x0000000000000000
  m_ThreadTasks = 0
  m_StateNC = 400
  m_dwBeginLockCount = 0
  m_dwForbidSuspendThread = (m_val = 0)
  m_dwHashCodeSeed = 3672457076
  m_pLoadLimiter = 0x0000000000000000
  m_AbortInfo = 0
  m_AbortType = 0
  m_AbortEndTime = 18446744073709551615
  m_RudeAbortEndTime = 18446744073709551615
  m_fRudeAbortInitiated = NO
  m_AbortController = 0
  m_AbortRequestLock = 0
  m_ThrewControlForThread = 0
  m_OSContext = 0x00007fb1c0a0c330
  m_pPendingTypeLoad = 0x0000000000000000
  m_pIBCInfo = 0x0000000000000000
  m_Link = {
    m_pNext = 0x00007fb1e057abc0
  }
  m_dwLastError = 0
  m_CacheStackBase = 0x00007f9d612e6000
  m_CacheStackLimit = 0x00007f9d60ae6000
  m_CacheStackSufficientExecutionLimit = 140313908764672
  m_CacheStackStackAllocNonRiskyExecutionLimit = 140313909157888
  m_pvHJRetAddr = 0x00007fb366943030
  m_ppvHJRetAddrPtr = 0x00007f9d612d6408
  m_HijackedFunction = 0x00007fb65e2eed10
  m_Win32FaultAddress = 3231760024
  m_Win32FaultCode = 32689
  m_UserInterrupt = 0
  m_DebugSuspendEvent = {
    CLREventBase = {
      m_handle = 0x00000000000093f0
      m_dwFlags = (m_val = 0)
    }
  }
  m_EventWait = {
    CLREventBase = {
      m_handle = 0x00000000000093f4
      m_dwFlags = (m_val = 0)
    }
  }
  m_WaitEventLink = {
    m_WaitSB = 0x6f542e73656c6946
    m_EventWait = 0x0000000974736201
    m_Thread = 0x00007fb1c0a0bed8
    m_Next = 0x0000000000000000
    m_LinkSB = {
      m_pNext = 0x0000000000000000
    }
    m_RefCount = 1852339564
  }
  m_ThreadHandle = 0x00000000000093f8
  m_ThreadHandleForClose = 0xffffffffffffffff
  m_ThreadHandleForResume = 0xffffffffffffffff
  m_WeOwnThreadHandle = YES
  m_OSThreadId = 20707
  m_ExposedObject = 0x00007faa71444228
  m_StrongHndToExposedObject = 0x00007faa71443d30
  m_Priority = 2147483648
  m_ExternalRefCount = 2
  m_UnmanagedRefCount = 0
  m_TraceCallCount = 0
  m_fPromoted = 1
  m_LastThrownObjectHandle = 0x0000000000000000
  m_ltoIsUnhandled = NO
  m_ExceptionState = {
    m_pCurrentTracker = 0x0000000000000000
    m_OOMTracker = {
      m_CorruptionSeverity = NotSet
      m_fDeliveredFirstChanceNotification = NO
      m_pPrevNestedInfo = 0x00000073656c6946
      m_pThread = 0x0000000000000000
      m_ScannedStackRange = {
        m_sfLowBound = (SP = 18446744073709551615)
        m_sfHighBound = (SP = 0)
      }
      m_ptrs = {
        ExceptionRecord = 0x73746e656d676573
        ContextRecord = 0x69636e616368755f
      }
      m_fOwnsExceptionPointers = NO
      m_hThrowable = 0x0000000000000000
      m_StackTraceInfo = {
        m_pStackTrace = 0x0000000000000000
        m_cStackTrace = 0
        m_dFrameCount = 0
        m_cDynamicMethodItems = 0
        m_dCurrentDynamicIndex = 0
      }
      m_uCatchToCallPC = 4189022083579117600
      m_fResetEnclosingClauseSPForCatchFunclet = NO
       = {
        m_pSkipToParentFunctionMD = 0x0000000522797400
        m_pMethodDescOfCatcher = 0x0000000522797400
      }
      m_sfResumeStackFrame = (SP = 0)
      m_sfFirstPassTopmostFrame = (SP = 0)
      m_pClauseForCatchToken = 0x4d6d6e73656c6946
      m_ClauseForCatch = {
        Flags = 577070080
        TryStartPC = 5
        TryEndPC = 3231760376
        HandlerStartPC = 32689
        HandlerEndPC = 32
         = (TypeHandle = 0x6c717273656c6946, ClassToken = 1701603654, FilterOffset = 1701603654)
      }
      m_dwIndexClauseForCatch = 0
      m_sfEstablisherOfActualHandlerFrame = (SP = 0)
      m_sfCallerOfActualHandlerFrame = (SP = 0)
      m_ExceptionFlags = (m_flags = 0)
      m_ExceptionCode = 1819832947
      m_pLimitFrame = 0x0000000000000000
      m_DebuggerExState = {
        m_sfDebuggerIndicatedFramePointer = (SP = 0)
        m_pDebuggerInterceptFunc = 0x0000000000000000
        m_sfDebuggerInterceptFramePointer = (SP = 0)
        m_pDebuggerContext = 0x0000000000000000
        m_pDebuggerInterceptNativeOffset = 0
        m_dDebuggerInterceptHandlerDepth = 0
      }
      m_EHClauseInfo = {
        m_IPForEHClause = 0
        m_sfForEHClause = (SP = 0)
        m_csfEHClause = {
          StackFrame = (SP = 0)
        }
        m_ClauseType = COR_PRF_CLAUSE_NONE
        m_fManagedCodeEntered = NO
      }
      m_EnclosingClauseInfo = {
        m_uEnclosingClauseCallerSP = 0
        m_dwEnclosingClauseOffset = 0
        m_fEnclosingClauseIsFunclet = false
      }
      m_EnclosingClauseInfoForGCReporting = {
        m_uEnclosingClauseCallerSP = 0
        m_dwEnclosingClauseOffset = 0
        m_fEnclosingClauseIsFunclet = false
      }
      m_fFixupCallerSPForGCReporting = false
      m_sfCurrentEstablisherFrame = (SP = 0)
      m_sfLastUnwoundEstablisherFrame = (SP = 0)
      m_pInitialExplicitFrame = 0x0000000000000000
      m_csfEHClauseOfCollapsedTracker = {
        StackFrame = (SP = 0)
      }
      m_EnclosingClauseInfoOfCollapsedTracker = {
        m_uEnclosingClauseCallerSP = 0
        m_dwEnclosingClauseOffset = 0
        m_fEnclosingClauseIsFunclet = false
      }
    }
    m_LastActiveExceptionCorruptionSeverity = NotSet
    m_fCanReflectionTargetHandleException = YES
    m_flag = TEF_None
  }
  m_ProbeLimit = 140313908641792
  m_LastAllowableStackAddress = 140313908641792
  m_debuggerFilterContext = 0x0000000000000000
  m_pProfilerFilterContext = 0x0000000000000000
  m_hijackLock = (m_val = 0)
  m_debuggerCantStop = 0
  m_hCurrNotification = 0x00007fb1c0a0c118
  m_fInteropDebuggingHijacked = NO
  m_profilerCallbackState = 0
  m_dwProfilerEvacuationCounter = (m_val = 0)
  m_workerThreadPoolCompletionCount = 0
  m_ioThreadPoolCompletionCount = 0
  m_monitorLockContentionCount = 260
  m_pLoadingFile = 0x0000000000000000
  m_PreventAsync = 0
  m_PreventAbort = 0
  m_nNestedMarshalingExceptions = 0
  m_CleanupIPs = {
    m_Slots = ([0] = 0x0000000000000000, [1] = 0x0000000000000000, [2] = 0x0000000000000000, [3] = 0x0000000000000000)
    m_Next = 0x0000000000000000
  }
  m_pSavedRedirectContext = 0x0000000000000000
  m_ThreadLocalBlock = {
    m_pTLMTable = 0x00000000014d21e0
    m_TLMTableSize = 256
    m_TLMTableLock = {
       = (m_lock = 0)
      m_Initialized = (m_val = Initialized)
    }
    m_pThreadStaticHandleTable = 0x00007fb1c0a0bbf0
    m_PinningHandleList = {
      head = 0x0000000000000000
    }
  }
  m_dwAVInRuntimeImplOkayCount = 0
  m_dwHostTaskRefCount = 0
  m_pExceptionDuringStartup = 0x0000000000000000
  m_fCompletionPortDrained = NO
  m_RequestedStackSize = 0
  m_debuggerActivePatchSkipper = {
    Volatile<DebuggerPatchSkip *> = {
      m_val = 0x0000000000000000
    }
  }
  m_fAllowProfilerCallbacks = YES
  m_pIOCompletionContext = 0x00007fb1c0a0bc80
  m_dwThreadHandleBeingUsed = (m_val = 0)
  m_pCreatingThrowableForException = 0x0000000000000000
  m_dwIndexClauseForCatch = 0
  m_sfEstablisherOfActualHandlerFrame = (SP = 0)
  DebugBlockingInfo = {
    m_firstBlockingItem = 0x0000000000000000
  }
  m_fDisableComObjectEagerCleanup = true
  m_fHasDeadThreadBeenConsideredForGCTrigger = false
  m_random = {
    inext = 0
    inextp = 21
    SeedArray = {
      [0] = 5
      [1] = 476279277
      [2] = 605355751
      [3] = 1127826802
      [4] = 1826811911
      [5] = 353899761
      [6] = 844372159
      [7] = 1847303988
      [8] = 1124306222
      [9] = 117439730
      [10] = 845498904
      [11] = 597488773
      [12] = 1529320794
      [13] = 172747155
      [14] = 1332017942
      [15] = 505752612
      [16] = 1922129347
      [17] = 479009950
      [18] = 712454452
      [19] = 1400879374
      [20] = 551299410
      [21] = 1406081905
      [22] = 1572295493
      [23] = 1063261468
      [24] = 1264640076
      [25] = 745410912
      [26] = 1006939940
      [27] = 976376008
      [28] = 349472612
      [29] = 692754850
      [30] = 1797569241
      [31] = 770301592
      [32] = 554561476
      [33] = 1395368898
      [34] = 764649540
      [35] = 514033967
      [36] = 1745035987
      [37] = 1524641980
      [38] = 262374128
      [39] = 1644084436
      [40] = 1304426440
      [41] = 1859993698
      [42] = 896673891
      [43] = 1901195376
      [44] = 2138438281
      [45] = 1169293948
      [46] = 1053139579
      [47] = 1010494108
      [48] = 945610365
      [49] = 1740492326
      [50] = 322699601
      [51] = 609462615
      [52] = 1930386924
      [53] = 1710971448
      [54] = 947573642
      [55] = 1253826490
    }
    initialized = true
  }
  m_fGCSpecial = false
  m_pAllLoggedTypes = 0x0000000000000000
  m_gcModeOnSuspension = (m_val = 1)
  m_activityId = {
    Data1 = 0
    Data2 = 0
    Data3 = 0
    Data4 = ([0] = '\0', [1] = '\0', [2] = '\0', [3] = '\0', [4] = '\0', [5] = '\0', [6] = '\0', [7] = '\0')
  }
  m_HijackReturnKind = RT_Object
  m_DeserializationTracker = 0x00007fb17f75c478
  m_currentPrepareCodeConfig = 0x0000000000000000
}
```

**Comment by ayende** [comment]
Trying further, I _think_ that this should give me the relevant: `MethodDescChunk *`, based on `MethodDesc::GetMethodDescChunk()`.


```
(lldb) p (PTR_MethodDescChunk)(pMD - (sizeof(MethodDescChunk) + pMD->m_chunkIndex *4))
(PTR_MethodDescChunk) $23 = 0x00007fb65e2eea90
(lldb) p *$23
(MethodDescChunk) $24 = {
  m_methodTable = (m_ptr = 0)
  m_next = (m_ptr = 0)
  m_size = '\0'
  m_count = '\0'
  m_flagsAndTokenRange = 0
}
```

That doesn't seem to be the right value, so I'm afraid that I'm lost.

**Comment by ayende** [comment]
Okay, I think I got it:

` p (PTR_MethodDescChunk)((char*)pMD- (sizeof(MethodDescChunk) + pMD->m_chunkIndex *4))`

Which gives:

```
(lldb) p *$27
(MethodDescChunk) $28 = {
  m_methodTable = (m_ptr = 140421238046112)
  m_next = (m_ptr = 2251826305237085)
  m_size = '\b'
  m_count = '2'
  m_flagsAndTokenRange = 24067
}
```

Which is more reasonable, this gives me:

```
(lldb) p (MethodTable *)$27->m_methodTable.m_ptr
(MethodTable *) $32 = 0x00007fb65e033da0
(lldb) p *$32
(MethodTable) $33 = {
  m_dwFlags = 1213546837
  m_BaseSize = 10022017
  m_wFlags2 = 0
  m_wToken = 36168
  m_wNumVirtuals = 9388
  m_wNumInterfaces = 160
  m_pParentMethodTable = (m_addr = 13658653438555979776)
  m_pLoaderModule = (m_ptr = 38182259261280)
  m_pWriteableData = (m_ptr = 18269777316236243712)
   = {
    m_pEEClass = (m_ptr = 16750445335439837512)
    m_pCanonMT = (m_ptr = 16750445335439837512)
  }
   = {
    m_pPerInstInfo = (m_ptr = 9202646444185009992)
    m_ElementTypeHnd = 9202646444185009992
    m_pMultipurposeSlot1 = 9202646444185009992
  }
   = {
    m_pInterfaceMap = (m_ptr = 16717361816979505152)
    m_pMultipurposeSlot2 = 16717361816979505152
  }
}
```

This is where I'm forced to stop, because I cannot trace it further:

```
(lldb) p (PTR_Module)(38182259261280)
(PTR_Module) $34 = 0x000022b9ffffff60
(lldb) p *$34
error: Couldn't apply expression side effects : Couldn't dematerialize a result variable: couldn't read its memory
```

BTW, I'm basically trying to get the `GetNameOfMethodDef()` to work, but I don't know if I can. This gets pretty complex and I think that I'm lost.

Given the information that I have, how do I turn the `MethodDesc*` into a method name so I can inspect it further.
You mentioned that one I have the `Thread*` and `MethodDesc*` I can go further in identifying them. How do I go about doing this?

**Comment by jkotas** [comment]
> how do I turn the MethodDesc* into a method name so I can inspect it further.

It is very labor intensive to do this manually.

You need to get a working SOS: https://github.com/dotnet/diagnostics/blob/master/documentation/installing-sos-instructions.md and then use `DumpMD` SOS command.

**Comment by ayende** [comment]
🤦 Of course, for some reason I was so focused on the native side of things, I forgot about SOS

**Comment by ayende** [comment]
And with that, I now have a pretty good lead. The `pFunc` in question leads to:

`Raven.Server.Documents.Indexes.Static.Generated.Index_VacancyListIndex.<.ctor>b__0_5(System.Object)`

Now, this is automatically generated code, included below. I apologize for how that looks. 
There are big methods with a LOT of internally complex objects here, but there is no use of unmanaged code or anything like that.
I don't think that this code is doing anything related to messing up the stack / variables in any way.

[index.cs.txt](https://github.com/dotnet/runtime/files/5326355/index.cs.txt)

We have had some issues before with the number of local variables that were created because of this style of code. 
The JIT would copy the variables and hit the limit of number of local variables per method.

Could it be something similar? Any idea how to go forward?
When looking at the stack trace, I have things like :`mark_object_simple(this=0x0000000001222da0, po=0x00007fb6cdd93f28, thread=1)`

I assume that if I can narrow down what is the type of the object, I can get more information about the root cause.
I tried:

dumpobj 0x00007fb6cdd93f28

But it complained about missing class field. How do I go from the pointer / `Object*` to the real value?

```
(lldb) bt
* thread #1: tid = 19552, 0x00007fb6d0863a7a libcoreclr.so`SVR::gc_heap::mark_object_simple(unsigned char**, int) [inlined] Object::RawGetMethodTable() const at object.h:147, name = 'Raven.Server', stop reason = signal SIGSEGV
    frame #0: 0x00007fb6d0863a7a libcoreclr.so`SVR::gc_heap::mark_object_simple(unsigned char**, int) [inlined] Object::RawGetMethodTable() const at object.h:147
    frame #1: 0x00007fb6d0863a7a libcoreclr.so`SVR::gc_heap::mark_object_simple(unsigned char**, int) [inlined] SVR::CObjectHeader::IsMarked() const at gc.cpp:4047
    frame #2: 0x00007fb6d0863a7a libcoreclr.so`SVR::gc_heap::mark_object_simple(unsigned char**, int) [inlined] SVR::gc_heap::gc_mark1(o="") at gc.cpp:18326
    frame #3: 0x00007fb6d0863a7a libcoreclr.so`SVR::gc_heap::mark_object_simple(this=0x0000000001222da0, po=0x00007fb6cdd93f28, thread=1) + 26 at gc.cpp:19310
    frame #4: 0x00007fb6d0866d73 libcoreclr.so`SVR::GCHeap::Promote(ppObject=0x00007f9d612d6408, sc=<unavailable>, flags=0) + 355 at gc.cpp:35256
    frame #5: 0x00007fb6d078d21e libcoreclr.so`GcInfoDecoder::ReportUntrackedSlots(GcSlotDecoder&, REGDISPLAY*, unsigned int, void (*)(void*, Object**, unsigned int), void*) [inlined] GcInfoDecoder::ReportStackSlotToGC(spBase=<unavailable>, gcFlags=<unavailable>, pCallBack=(libcoreclr.so`GcEnumObject(void*, Object**, unsigned int) at gcenv.ee.common.cpp:148), hCallBack=0x00007fb6cdd95bb8)(void*, Object**, unsigned int), void*) + 238 at gcinfodecoder.cpp:1841
    frame #6: 0x00007fb6d078d1c7 libcoreclr.so`GcInfoDecoder::ReportUntrackedSlots(GcSlotDecoder&, REGDISPLAY*, unsigned int, void (*)(void*, Object**, unsigned int), void*) + 91 at gcinfodecoder.h:685
    frame #7: 0x00007fb6d078d16c libcoreclr.so`GcInfoDecoder::ReportUntrackedSlots(this=0x00007fb6cdd94470, slotDecoder=<unavailable>, pRD=<unavailable>, inputFlags=<unavailable>, pCallBack=(libcoreclr.so`GcEnumObject(void*, Object**, unsigned int) at gcenv.ee.common.cpp:148), hCallBack=0x00007fb6cdd95bb8)(void*, Object**, unsigned int), void*) + 60 at gcinfodecoder.cpp:1027
    frame #8: 0x00007fb6d078b816 libcoreclr.so`GcInfoDecoder::EnumerateLiveSlots(this=<unavailable>, pRD=<unavailable>, reportScratchSlots=<unavailable>, inputFlags=<unavailable>, pCallBack=<unavailable>, hCallBack=<unavailable>)(void*, Object**, unsigned int), void*) + 2598 at gcinfodecoder.cpp:976
  * frame #9: 0x00007fb6d0618c43 libcoreclr.so`EECodeManager::EnumGcRefs(this=<unavailable>, pRD=0x00007fb6cdd94ab0, pCodeInfo=0x00007fb6cdd94938, flags=<unavailable>, pCallBack=(libcoreclr.so`GcEnumObject(void*, Object**, unsigned int) at gcenv.ee.common.cpp:148), hCallBack=0x00007fb6cdd95bb8, relOffsetOverride=<unavailable>)(void*, Object**, unsigned int), void*, unsigned int) + 291 at eetwain.cpp:5140
    frame #10: 0x00007fb6d06f43ce libcoreclr.so`GcStackCrawlCallBack(pCF=0x00007fb6cdd94700, pData=0x00007fb6cdd95bb8) + 590 at gcenv.ee.common.cpp:283
    frame #11: 0x00007fb6d06835ed libcoreclr.so`Thread::MakeStackwalkerCallback(this=<unavailable>, pCF=0x00007fb6cdd94700, pCallback=(libcoreclr.so`GcStackCrawlCallBack(CrawlFrame*, void*) at gcenv.ee.common.cpp:201), pData=0x00007fb6cdd95bb8)(CrawlFrame*, void*), void*) + 157 at stackwalk.cpp:889
```

**Comment by ayende** [comment]
We have another failed coredump, and there we have the same stack trace, but the failure is on:

`Raven.Server.Documents.Indexes.Static.Generated.Index_VacancyMatchSuggestionsIndex.<.ctor>b__0_6(System.Object)`

Looking at the error further, I get:

```
(lldb) frame select 4
frame #4: 0x00007f987ff30d73 libcoreclr.so`SVR::GCHeap::Promote(ppObject=0x00007f8fd730d348, sc=<unavailable>, flags=0) + 355 at gc.cpp:35256
(lldb) p ppObject
(Object **) $4 = 0x00007f8fd730d348
(lldb) p *ppObject
(Object *) $5 = 0x00007f952ec05438
(lldb) dumpobj $5
<Note: this object has an invalid CLASS field>
Invalid object
DumpObj $5  failed
(lldb) p *$5
(Object) $6 = {
  m_pMethTab = 0x0000000000000000
}
```

Note that we have a null `m_pMethTab`

Looking further, here is the faulting instruction:

```
(lldb) di
libcoreclr.so`SVR::gc_heap::mark_object_simple:
    0x7f987ff2da60 <+0>:    pushq  %rbp
    0x7f987ff2da61 <+1>:    movq   %rsp, %rbp
    0x7f987ff2da64 <+4>:    pushq  %r15
    0x7f987ff2da66 <+6>:    pushq  %r14
    0x7f987ff2da68 <+8>:    pushq  %r13
    0x7f987ff2da6a <+10>:   pushq  %r12
    0x7f987ff2da6c <+12>:   pushq  %rbx
    0x7f987ff2da6d <+13>:   subq   $0x38, %rsp
    0x7f987ff2da71 <+17>:   movl   %edx, -0x2c(%rbp)
    0x7f987ff2da74 <+20>:   movq   %rdi, %rbx
    0x7f987ff2da77 <+23>:   movq   (%rsi), %r14
->  0x7f987ff2da7a <+26>:   movq   (%r14), %rcx
    0x7f987ff2da7d <+29>:   movq   %rcx, %rax
```

And the registers say:

```
(lldb) register read
General Purpose Registers:
       rax = 0x0000000000b0bc00
       rbx = 0x0000000000aca6b0
       rcx = 0x00007f6a56d5dda8
       rdx = 0x0000000000000003
       rdi = 0x0000000000aca6b0
       rsi = 0x00007f987d311f28
       rbp = 0x00007f987d311f00
       rsp = 0x00007f987d311ea0
        r8 = 0x0000000000000010
        r9 = 0x00007f980eb3d790
       r10 = 0x0003060c183060c1
       r11 = 0x0000000000000000
       r12 = 0x0000000000a7eda0
       r13 = 0x0000000000000000
       r14 = 0x00007f952ec05438
       r15 = 0x0000000000000003
```

So we have an issue with `r14`, which contains `0x00007f952ec05438`, which is the value of `GCHeap::Promote(ppObject=0x00007f8fd730d348, sc=<unavailable>, flags=0)`.

The good news is that we have a good idea where this goes off the rails, but I'm not sure how to narrow this further.

**Comment by ayende** [comment]
This time the faulty code is elsewhere, but the situation is similar. A lot of operations and deeply nested structure.

[index.cs.txt](https://github.com/dotnet/runtime/files/5326443/index.cs.txt)

**Comment by jkotas** [comment]
> Could it be something similar?

Probably not.

> Any idea how to go forward?

ppObject argument of `GCHeap::Promote` will point to a local or argument of the method. The next step is to find the name of the local or argument that it points to and see whether there is any common pattern between different dumps.

**Comment by ayende** [comment]
How do I find the name of the argument? I don't think that I saw a command for that.

**Comment by jkotas** [comment]
There is no command for that. It requires looking at the disassembly and corelating with the source code.

**Comment by ayende** [comment]
I'm afraid that I'm not sure that I'm following. I looked at the disassembly, and I can point what variable it is looking it in terms of the unmanaged code.
The issue is, I assume, to track down the _managed_ variable that it is tracking. 

I tried to follow the `GcInfoDecoder` code, but I am afraid that I got lost in there.

**Comment by jkotas** [comment]
> The issue is, I assume, to track down the managed variable that it is tracking.

Right. The way to do that is to manually match the instructions in the disassembly with the C# source code. The SOS "u" command can interleave the disassembly with line numbers and IL (https://github.com/dotnet/diagnostics/issues/452) that can help you with this.

**Comment by Maoni0** [comment]
managed heap corruptions usually aren't debugged by the GC team... CCing @ChrisAhna to see if he has cycles to help.

**Comment by mangod9** [comment]
Also if you could share a repro and/or a few dumps that would be helpful to continue investigating further. Thx

**Comment by ayende** [comment]
I'm pretty sure that this isn't a heap corruption. `verifyheap` completes successfully.
The scenario in question looks like a problem when scanning the roots on the stack.
I'm not sure if this is a problem with the JIT doing something suspicious on code generation or if we have a GC hole in place.

I'm going to be dumping the method in question and see if I can find anything to dig into.

The dump itself is > 200GB and contains customer data, so it isn't really something that I can share. 

Here is the method IL that cause the failure. Note that this is *big* 7,680 IL instructions. 

This is what I'm trying:

```
(lldb) dumpmd 0x00007f980d63b840
Method Name:          Raven.Server.Documents.Indexes.Static.Generated.Index_VacancyMatchSuggestionsIndex.<.ctor>b__0_6(System.Object)
Class:                00007f980d655f90
MethodTable:          00007f980d63b870
mdToken:              000000000600005B
Module:               00007f980d63b020
IsJitted:             yes
Current CodeAddr:     00007f980e98ad10
Version History:
  ILCodeVersion:      0000000000000000
  ReJIT ID:           0
  IL Addr:            0000000000000000
     CodeAddr:           00007f980e98ad10  (OptimizedTier1)
     NativeCodeVersion:  00007F933D47AFD0
     CodeAddr:           00007f980e1d4d80  (QuickJitted)
     NativeCodeVersion:  0000000000000000
```

`dumpil` is here:

[method.il.txt](https://github.com/dotnet/runtime/files/5338990/method.il.txt)

I then dumped the assembly using: `dis -s 00007f980e98ad10 -c 2048`

[method.asm.txt](https://github.com/dotnet/runtime/files/5339077/method.asm.txt)

I took a look at the disassembly, but I'm not sure what I'm looking for there. 

Here is what I think are the key parts that fail:

```
frame #4: 0x00007f987ff30d73 libcoreclr.so`SVR::GCHeap::Promote(ppObject=0x00007f8fd730d348, sc=<unavailable>, flags=0) + 355 at gc.cpp:35256
(lldb) p *0x00007f8fd730d348
error: indirection requires pointer operand ('long' invalid)
(lldb) p *ppObject
(Object *) $1 = 0x00007f952ec05438
(lldb) p *$1
(Object) $2 = {
  m_pMethTab = 0x0000000000000000
}
(lldb) up
frame #5: 0x00007f987fe5721e libcoreclr.so`GcInfoDecoder::ReportUntrackedSlots(GcSlotDecoder&, REGDISPLAY*, unsigned int, void (*)(void*, Object**, unsigned int), void*) [inlined] GcInfoDecoder::ReportStackSlotToGC(spBase=<unavailable>, gcFlags=<unavailable>, pCallBack=(libcoreclr.so`GcEnumObject(void*, Object**, unsigned int) at gcenv.ee.common.cpp:148), hCallBack=0x00007f987d313bb8)(void*, Object**, unsigned int), void*) + 238 at gcinfodecoder.cpp:1841
(lldb) frame variable
(GcStackSlotBase) spBase = <variable not available>

(unsigned int) gcFlags = <variable not available>

(GCEnumCallback) pCallBack = 0x00007f987fdbe0c0 (libcoreclr.so`GcEnumObject(void*, Object**, unsigned int) at gcenv.ee.common.cpp:148)
(void *) hCallBack = 0x00007f987d313bb8
(OBJECTREF *) pObjRef = <variable not available>
```

So we call `Promote` on an object that has a null method table.
Going up, we `ReportUntrackedSlots`, but I don't know how to find where it is in the method disassembly.

**Comment by Maoni0** [comment]
I'm not sure if this is a problem with the JIT doing something suspicious on code generation or if we have a GC hole in place.

if the codegen has a problem, it is a GC hole which is a form of managed heap corruption. by "managed heap corruption" I didn't mean it's only corrupted by the user code; it just means anything that causes the heap to look incorrect.

**Comment by ayende** [comment]
More information following conversation with @cshung (thanks a _lot_).

The method in question is pretty scary.  Here is the result of the assembly in question:
Warning, this is 3.5MB in size.
[dump.txt](https://github.com/dotnet/runtime/files/5425734/dump.txt)

The GC is busy looking at a particular thread when this is happening, here is the stack trace that this thread is running:

```
(lldb) thread select 2089
(lldb) * thread #2089: tid = 6656, 0x00007f98817929f3 libpthread.so.0`__pthread_cond_wait + 579, stop reason = signal SIGSEGV
    frame #0: 0x00007f98817929f3 libpthread.so.0`__pthread_cond_wait + 579
libpthread.so.0`__pthread_cond_wait:
->  0x7f98817929f3 <+579>: cmpq   $-0x1000, %rax            ; imm = 0xF000
    0x7f98817929f9 <+585>: movq   0x30(%rsp), %r8
    0x7f98817929fe <+590>: ja     0x7f9881792b30            ; <+896>
    0x7f9881792a04 <+596>: movl   %r9d, %edi
(lldb) bt
* thread #2089: tid = 6656, 0x00007f98817929f3 libpthread.so.0`__pthread_cond_wait + 579, stop reason = signal SIGSEGV
  * frame #0: 0x00007f98817929f3 libpthread.so.0`__pthread_cond_wait + 579
    frame #1: 0x00007f9880087565 libcoreclr.so`CorUnix::CPalSynchronizationManager::ThreadNativeWait(ptnwdNativeWaitData=<unavailable>, dwTimeout=<unavailable>, ptwrWakeupReason=<unavailable>, pdwSignaledObject=<unavailable>) + 309 at synchmanager.cpp:479
    frame #2: 0x00007f9880087174 libcoreclr.so`CorUnix::CPalSynchronizationManager::BlockThread(this=0x0000000000ab4490, pthrCurrent=0x00007f936df6fcd0, dwTimeout=4294967295, fAlertable=false, fIsSleep=<unavailable>, ptwrWakeupReason=0x00007f8fd72f7018, pdwSignaledObject=<unavailable>) + 388 at synchmanager.cpp:302
    frame #3: 0x00007f988008b78f libcoreclr.so`CorUnix::InternalWaitForMultipleObjectsEx(pThread=0x00007f936df6fcd0, nCount=<unavailable>, lpHandles=<unavailable>, bWaitAll=<unavailable>, dwMilliseconds=<unavailable>, bAlertable=<unavailable>, bPrioritize=<unavailable>) + 1743 at wait.cpp:640
    frame #4: 0x00007f988008ba39 libcoreclr.so`::WaitForSingleObjectEx(hHandle=<unavailable>, dwMilliseconds=4294967295, bAlertable=NO) + 89 at wait.cpp:139
    frame #5: 0x00007f987fe279f4 libcoreclr.so`CLREventBase::WaitEx(unsigned int, WaitMode, PendingSync*) [inlined] CLREventWaitHelper2(handle=<unavailable>, dwMilliseconds=<unavailable>, alertable=<unavailable>) + 228 at synch.cpp:377
    frame #6: 0x00007f987fe279ef libcoreclr.so`CLREventBase::WaitEx(unsigned int, WaitMode, PendingSync*) [inlined] CLREventWaitHelper(void*, unsigned int, int)::$_1::operator()(CLREventWaitHelper(void*, unsigned int, int)::Param*) const + 14 at synch.cpp:402
    frame #7: 0x00007f987fe279e1 libcoreclr.so`CLREventBase::WaitEx(unsigned int, WaitMode, PendingSync*) + 106 at synch.cpp:404
    frame #8: 0x00007f987fe27977 libcoreclr.so`CLREventBase::WaitEx(this=<unavailable>, dwMilliseconds=4294967295, mode=<unavailable>, syncState=0x0000000000000000) + 103 at synch.cpp:471
    frame #9: 0x00007f987ff200ee libcoreclr.so`SVR::gc_heap::try_allocate_more_space(alloc_context*, unsigned long, unsigned int, int) [inlined] SVR::gc_heap::wait_for_gc_done(timeOut=-1) + 82 at gc.cpp:10789
    frame #10: 0x00007f987ff2009c libcoreclr.so`SVR::gc_heap::try_allocate_more_space(this=<unavailable>, acontext=<unavailable>, size=<unavailable>, flags=<unavailable>, gen_number=<unavailable>) + 28 at gc.cpp:13856
    frame #11: 0x00007f987ff42961 libcoreclr.so`SVR::GCHeap::Alloc(gc_alloc_context*, unsigned long, unsigned int) [inlined] SVR::gc_heap::allocate_more_space(size=<unavailable>, flags=2, alloc_generation_number=0) + 38 at gc.cpp:14344
    frame #12: 0x00007f987ff4293b libcoreclr.so`SVR::GCHeap::Alloc(gc_alloc_context*, unsigned long, unsigned int) + 47 at gc.cpp:14400
    frame #13: 0x00007f987ff4290c libcoreclr.so`SVR::GCHeap::Alloc(this=<unavailable>, context=<unavailable>, size=<unavailable>, flags=<unavailable>) + 92 at gc.cpp:35827
    frame #14: 0x00007f987fdbe966 libcoreclr.so`AllocateSzArray(MethodTable*, int, GC_ALLOC_FLAGS, int) + 112 at gchelpers.cpp:240
    frame #15: 0x00007f987fdbe8f6 libcoreclr.so`AllocateSzArray(pArrayMT=0x00007f9806ad5510, cElements=<unavailable>, flags=<unavailable>, bAllocateInLargeHeap=YES) + 214 at gchelpers.cpp:543
    frame #16: 0x00007f987fdcc26b libcoreclr.so`JIT_NewArr1(arrayMT=<unavailable>, size=<unavailable>) + 187 at jithelpers.cpp:3145
    frame #17: 0x00007f980e3a7e12
    frame #18: 0x00007f980e98cdc0
    frame #19: 0x00007f980e6479bb
    frame #20: 0x00007f980e2d1c36
    frame #21: 0x00007f980e2db53c
    frame #22: 0x00007f980dc6c42b
    frame #23: 0x00007f980d24e513
    frame #24: 0x00007f980d248e58
    frame #25: 0x00007f980d246d6b
    frame #26: 0x00007f980d24611f
    frame #27: 0x00007f980af56afc
    frame #28: 0x00007f980af5502e
    frame #29: 0x00007f9806575512
    frame #30: 0x00007f980657edc1
    frame #31: 0x00007f980657562e
    frame #32: 0x00007f987fe5d5ff libcoreclr.so`CallDescrWorkerInternal + 124 at unixasmmacrosamd64.inc:866
    frame #33: 0x00007f987fd8d445 libcoreclr.so`CallDescrWorkerWithHandler(pCallDescrData=0x00007f960fa477a8, fCriticalCall=<unavailable>) + 117 at callhelpers.cpp:70
    frame #34: 0x00007f987fd8df20 libcoreclr.so`MethodDescCallSite::CallTargetWorker(this=<unavailable>, pArguments=0x00007f8fd7311c90, pReturnValue=0x0000000000000000, cbReturnValue=0) + 1264 at callhelpers.cpp:604
    frame #35: 0x00007f987fd98273 libcoreclr.so`ThreadNative::KickOffThread_Worker(void*) [inlined] MethodDescCallSite::Call(this=<unavailable>, pArguments=<unavailable>) + 20 at callhelpers.h:468
    frame #36: 0x00007f987fd9825f libcoreclr.so`ThreadNative::KickOffThread_Worker(ptr=0x00007f8fd7311e68) + 447 at comsynchronizable.cpp:246
    frame #37: 0x00007f987fd5f645 libcoreclr.so`ManagedThreadBase_DispatchOuter(ManagedThreadCallState*) [inlined] ManagedThreadBase_DispatchInner(pCallState=<unavailable>) + 341 at threads.cpp:7454
    frame #38: 0x00007f987fd5f63c libcoreclr.so`ManagedThreadBase_DispatchOuter(ManagedThreadCallState*) [inlined] ManagedThreadBase_DispatchMiddle(pCallState=<unavailable>) + 73 at threads.cpp:7498
    frame #39: 0x00007f987fd5f5f3 libcoreclr.so`ManagedThreadBase_DispatchOuter(ManagedThreadCallState*) [inlined] ManagedThreadBase_DispatchOuter(ManagedThreadCallState*)::$_6::operator()(ManagedThreadBase_DispatchOuter(ManagedThreadCallState*)::TryArgs*) const::{lambda(Param*)#1}::operator()(Param*) const + 4 at threads.cpp:7662
    frame #40: 0x00007f987fd5f5ef libcoreclr.so`ManagedThreadBase_DispatchOuter(ManagedThreadCallState*) + 107 at threads.cpp:7664
    frame #41: 0x00007f987fd5f584 libcoreclr.so`ManagedThreadBase_DispatchOuter(pCallState=<unavailable>) + 148 at threads.cpp:7690
    frame #42: 0x00007f987fd5fc5d libcoreclr.so`ManagedThreadBase::KickOff(void (*)(void*), void*) [inlined] ManagedThreadBase_FullTransition(pTarget=<unavailable>, args=<unavailable>, filterType=ManagedThread)(void*), void*, UnhandledExceptionLocation) + 24 at threads.cpp:7710
    frame #43: 0x00007f987fd5fc45 libcoreclr.so`ManagedThreadBase::KickOff(pTarget=<unavailable>, args=<unavailable>)(void*), void*) + 21 at threads.cpp:7745
    frame #44: 0x00007f987fd984e1 libcoreclr.so`ThreadNative::KickOffThread(pass=<unavailable>) + 369 at comsynchronizable.cpp:360
    frame #45: 0x00007f988009171d libcoreclr.so`CorUnix::CPalThread::ThreadEntry(pvParam=0x00007f936df6fcd0) + 349 at thread.cpp:1807
    frame #46: 0x00007f988178c6db libpthread.so.0`start_thread + 219
    frame #47: 0x00007f9880972a3f libc.so.6`clone + 63
```

What we can see is that this method tried to allocate an array, had to wait for GC to run and then the GC died while analyzing it.
Note in particular `    frame #18: 0x00007f980e98cdc0`

Here is the relevant code from around that location:

```
00007f980e98cd9d 4889851082feff       mov     qword ptr [rbp - 0x17df0], rax
00007f980e98cda4 488b951082feff       mov     rdx, qword ptr [rbp - 0x17df0]
00007f980e98cdab 488bb598faffff       mov     rsi, qword ptr [rbp - 0x568]
00007f980e98cdb2 488b85a0faffff       mov     rax, qword ptr [rbp - 0x560]
00007f980e98cdb9 488b7808             mov     rdi, qword ptr [rax + 0x8]
00007f980e98cdbd ff5018               call    qword ptr [rax + 0x18]
000020b0 is a safepoint: 
000020af +r14 +rbx
00007f980e98cdc0 4889850882feff       mov     qword ptr [rbp - 0x17df8], rax
00007f980e98cdc7 488b950882feff       mov     rdx, qword ptr [rbp - 0x17df8]
00007f980e98cdce 488bb5a8faffff       mov     rsi, qword ptr [rbp - 0x558]
00007f980e98cdd5 488b85b0faffff       mov     rax, qword ptr [rbp - 0x550]
00007f980e98cddc 488b7808             mov     rdi, qword ptr [rax + 0x8]
00007f980e98cde0 ff5018               call    qword ptr [rax + 0x18]
```

In particular, note `mov     qword ptr [rbp - 0x17df8], rax`. The stack usage on this method is > 100Kb.
I think that this is related to the complexity of the function as well as the use of `dynamic`, which massively increase the amount of work that it being done here.

I also noticed something in the function prolog:

```
00007f980e98ad10 55                   push    rbp
00007f980e98ad11 4157                 push    r15
00007f980e98ad13 4156                 push    r14
00007f980e98ad15 4155                 push    r13
00007f980e98ad17 4154                 push    r12
00007f980e98ad19 53                   push    rbx
00007f980e98ad1a 488d8424f861feff     lea     rax, [rsp - 0x19e08]
00007f980e98ad22 488da42400f0ffff     lea     rsp, [rsp - 0x1000]
00007f980e98ad2a 48850424             test    rax, qword ptr [rsp]
00007f980e98ad2e 483be0               cmp     rsp, rax
00007f980e98ad31 7def                 jge     0x7f980e98ad22
00007f980e98ad33 488da0089e0100       lea     rsp, [rax + 0x19e08]
00007f980e98ad3a 4881ec089e0100       sub     rsp, 0x19e08
00007f980e98ad41 c5f877               vzeroupper 
00007f980e98ad44 488dac24309e0100     lea     rbp, [rsp + 0x19e30]
```

I'm not used to reading assembly, so I'm looking at:
`lea     rax, [rsp - 0x19e08]` and `lea     rbp, [rsp + 0x19e30]`

And I noticed that there is a 40 bytes difference between them, is this expected?

I also noticed something _really_ strange here:

```
frame #10: 0x00007f987fdbe3ce libcoreclr.so`GcStackCrawlCallBack(pCF=0x00007f987d312700, pData=0x00007f987d313bb8) + 590 at gcenv.ee.common.cpp:283

(lldb) p *pCF->pThread
(Thread) $0 = {
 // redacted
  m_pvHJRetAddr = 0x00007f952ec05438
  m_ppvHJRetAddrPtr = 0x00007f8fd730d348
  m_HijackedFunction = 0x00007f980d63b840
 // redacted
}  
```

Note this value: `m_ppvHJRetAddrPtr = 0x00007f8fd730d348`

This match the `ppObject` value here:

```
frame #4: 0x00007f987ff30d73 libcoreclr.so`SVR::GCHeap::Promote(ppObject=0x00007f8fd730d348, sc=<unavailable>, flags=0) + 355 at gc.cpp:35256
```

I didn't expect that at all, this looks the "object" we are looking at is actually code, not an object.

**Comment by AndyAyersMS** [comment]
For really large stack frames we have to tickle the stack page by page to keep the OS happy; that's the prolog loop you see.

The 40 byte difference in the `lea`s arises because we want RBP to point at the pushed RBP value. After that push we do 5 more 8 byte pushes (40 bytes), then decrement RSP by another 0x19E08 bytes as part of the stack ticking, so after all that we need to add 0x19E30 bytes to RSP to get the address of that first push.

So nothing seems amiss there in the prolog.

**Comment by cshung** [comment]
> I also noticed something really strange here:

The `m_ppvHJRetAddrPtr` happens to be the same as `ppObject` sounds really suspicious. @kouvel, can you please take a look?

**Comment by janvorli** [comment]
@ayende could you please get the gcinfo for the problematic method? The sos command for that is
```
sos GCInfo 0x00007F980E98AD10
```
I suspect that the GC info is incorrect and that one of the stack slots it describes is actually the stack slot of the return address. The diassembly has shown some of the GC info, but it doesn't show the untracked slots and from one of the stack traces above, I can see that it was reporting an untracked slot.

**Comment by gregolsky** [comment]
@janvorli Here's the output of the command: https://gist.github.com/gregolsky/456c818d61ccf2a043479ea9651a5094

**Comment by janvorli** [comment]
@gregolsky thank you for the command output. There is nothing suspicious there, so the next thought I have is that there was a problem with stack walking and we got a wrong RBP and so the slot address that we compute relative to RBP is incorrect. 
Can you please select frame 9 in thread 1 and print the structure the pRD->pCurrentContext points to (`p/x *pRD->pCurrentContext`)? That would show what the stack walker decided the RBP to be in the problematic function.

**Comment by gregolsky** [comment]
@janvorli I added the output to the gist https://gist.github.com/gregolsky/456c818d61ccf2a043479ea9651a5094#file-p_x_prd-_pcurrentcontext-txt . Thanks!

**Comment by janvorli** [comment]
That's interesting. RBP value is 0x00007f8fd7311340, so the `m_ppvHJRetAddrPtr` which is 0x00007f8fd730d348 is at RBP-0x3ff8. That is inside of the locals of the function (the lowest slot that is in the output of the GCInfo command is at RBP-0x19d00, the highest slot is at RBP-0x30).

I was thinking that the `m_ppvHJRetAddrPtr` might be an outdated value since we never clear the `m_ppvHJRetAddrPtr` and `m_HijackedFunction` and so it may be just a coincidence that during the previous hijacking that happened some time ago, the state of the stack was such that the slot contained a return address. However, the `m_HijackedFunction`  matches the problematic function, so it seems it is up to date.
However, it it still possible that this is the case. We can try to dump some additional things to confirm that. Can you please do the following?
* Switch to thread 2089 and get the stack trace including managed frames using `clrstack -f`
* Run `clru 0x00007f952ec05438` to see to which method was the hijacked method supposed to return. The strange thing is that this address is not on the call stack of the thread 2089 shown above.

**Comment by gregolsky** [comment]
@janvorli Thanks and here you go:
https://gist.github.com/gregolsky/456c818d61ccf2a043479ea9651a5094#file-t_2089__crlstack-f
https://gist.github.com/gregolsky/456c818d61ccf2a043479ea9651a5094#file-t_2089__clru_0x00007f952ec05438

**Comment by janvorli** [comment]
Hmm, the hijacked address is not a managed method. Can you please run `image lookup -a 0x00007f952ec05438` to see if it finds a native symbol matching that address?

**Comment by gregolsky** [comment]
@janvorli It gives no output:
```
(lldb) image lookup -a 0x00007f952ec05438
(lldb)
```

**Comment by janvorli** [comment]
Ok, so it is not a code address. I have looked at the disassembly of the function to see how the value could get to the slot. I can see there is a long chain of copying that value from stack slot to another before it reached that slot (it got moved 140 times). Could you please dump a couple of memory locations to see if the value is the same in the slots it came from too?
```
x/gx 0x00007f8fd7311340-0x3f28
x/gx 0x00007f8fd7311340-0x3e68
x/gx 0x00007f8fd7311340-0x3db8
x/gx 0x00007f8fd7311340-0x3d18
```

**Comment by gregolsky** [comment]
Here's what we got:
```
(lldb) x/gx 0x00007f8fd7311340-0x3f28
0x7f8fd730d418: 0x0000000000000000
(lldb) x/gx 0x00007f8fd7311340-0x3e68
0x7f8fd730d4d8: 0x0000000000000000
(lldb) x/gx 0x00007f8fd7311340-0x3db8
0x7f8fd730d588: 0x0000000000000000
(lldb) x/gx 0x00007f8fd7311340-0x3d18
0x7f8fd730d628: 0x0000000000000000
(lldb)
```

**Comment by janvorli** [comment]
Hmm, that's strange. Just to verify I have the base address correct, can you please also print the following?
```
x/gx 0x00007f8fd7311340-0x3ff8
```

**Comment by gregolsky** [comment]
Here you go:
```
(lldb) x/gx 0x00007f8fd7311340-0x3ff8
0x7f8fd730d348: 0x00007f952ec05438
```

**Comment by janvorli** [comment]
Ok, that matches then. Can you dump me one more please ? It is the slot that the value from rbp - 0x3ff8 was moved to later:
```
x/gx 0x00007f8fd7311340-0x40d8
```

**Comment by gregolsky** [comment]
Sure:
```
(lldb) x/gx 0x00007f8fd7311340-0x40d8
0x7f8fd730d268: 0x0000000000000000
```

**Comment by janvorli** [comment]
So, it seems only that slot got corrupted by the 0x00007f952ec05438. I need to dig through the huge disassembly of that function to see if that slot could have been modified by some method that was called by that method. I don't see any other direct modifications of that slot by the method except for copying data into it from RBP-0x3f28 and then copying it further to RBP-0x40d8. 

One more thing that might give us some clue - Can you please dump this?
```
p/x *(HelperMethodFrame*)0x0007f8fd72f7398
```
This is an explicit frame on the stack of the thread 2089 at which the stack walker started to walk the thread.

**Comment by gregolsky** [comment]
Here:
```
(lldb) p/x *(HelperMethodFrame*)0x0007f8fd72f7398
(HelperMethodFrame) $2 = {
  Frame = {
    m_Next = 0x00007f8fd7311c60
  }
  m_pMD = 0x0000000000000000
  m_Attribs = 0x00000000
  m_pThread = 0x00007f936df57600
  m_FCallEntry = 0x0000000000000000
  m_MachState = {
    MachState = {
      m_Rip = 0x00007f980e3a7e12
      m_Rsp = 0x00007f8fd72f74e0
      m_Capture = (R12 = 0x00007f8fd72f73c8, R13 = 0x0000000000000000, R14 = 0x00007f9806ad5510, R15 = 0x00007f95b976e408, Rbx = 0x00007f95b976da88, Rbp = 0x00007f8fd72f74d0)
      m_Ptrs = {
        pR12 = 0x00007f8fd72f74b0
        pR13 = 0x00007f8fd72f74b8
        pR14 = 0x00007f8fd72f74c0
        pR15 = 0x00007f8fd72f74c8
        pRbx = 0x00007f8fd72f74a8
        pRbp = 0x00007f8fd72f74d0
      }
      _pRetAddr = 0x00007f8fd72f73c8
      m_Unwound = (R12 = 0x00007f93ef582618, R13 = 0x00007f93b84c5578, R14 = 0x00007f960fa477a8, R15 = 0x00007f95b976e408, Rbx = 0x00007f95b976da88, Rbp = 0x00007f8fd72f7500)
    }
    m_CaptureRip = 0x00007f987fdcc226
    m_CaptureRsp = 0x00007f8fd72f7378
  }
}
(lldb)
```

**Comment by janvorli** [comment]
Thank you. One more thing. Can you please get me the result of the following two commands? 
```
clru -il -gcinfo 0x00007f980e3a7e12
sos GCInfo 0x00007f980e3a7e12
```

**Comment by gregolsky** [comment]
Here's the output:
```
(lldb) clru -il -gcinfo 0x00007f980e3a7e12
Normal JIT generated code
DynamicClass.CallSite.Target(System.Runtime.CompilerServices.Closure, System.Runtime.CompilerServices.CallSite, System.Object)
u -il -gcinfo 0x00007f980e3a7e12  failed
(lldb)
```

```
(lldb) sos GCInfo 0x00007f980e3a7e12
entry point 00007F980E3A7DC0
Normal JIT generated code
GC info 00007F933C97F020
Pointer table:
Prolog size: 0
Security object: <none>
GS cookie: <none>
PSPSym: <none>
Generics inst context: <none>
PSP slot: <none>
GenericInst slot: <none>
Varargs: 0
Frame pointer: rbp
Wants Report Only Leaf: 0
Size of parameter area: 0
Return Kind: Object
Code size: 159
Untracked: +rbp-20
00000052 is a safepoint:
00000051 +r15 +r14
0000006c is a safepoint:
0000006b +r15
0000009d is a safepoint:
0000009c +rbx
000000b1 is a safepoint:
000000fa is a safepoint:
000000f9 +r14 +rbx
00000102 is a safepoint:
00000101 +r14 +rbx
0000010f is a safepoint:
0000012a is a safepoint:
00000135 is a safepoint:
00000134 +rbx
00000153 is a safepoint:
00000158 is a safepoint:
(lldb)
```

**Comment by janvorli** [comment]
Can you please try just
```
clru 0x00007f980e3a7e12
```
to see if it succeeds?
If not, then this should work:
```
disass -s 0x0007F980E3A7DC0 -c 159
```

**Comment by janvorli** [comment]
Actually, maybe the -c option should be 0x159 - I am not sure whether GCInfo command displays that as hex or dec.

**Comment by gregolsky** [comment]
```
(lldb) clru 0x00007f980e3a7e12
Normal JIT generated code
DynamicClass.CallSite.Target(System.Runtime.CompilerServices.Closure, System.Runtime.CompilerServices.CallSite, System.Object)
Can only work with dynamic not implemented
(lldb)
```

```
(lldb) disass -s 0x0007F980E3A7DC0 -c 159
    0x7f980e3a7dc0: pushq  %rbp
    0x7f980e3a7dc1: pushq  %r15
    0x7f980e3a7dc3: pushq  %r14
    0x7f980e3a7dc5: pushq  %rbx
    0x7f980e3a7dc6: pushq  %rax
    0x7f980e3a7dc7: leaq   0x20(%rsp), %rbp
    0x7f980e3a7dcc: xorl   %eax, %eax
    0x7f980e3a7dce: movq   %rax, -0x20(%rbp)
    0x7f980e3a7dd2: movq   %rdi, %r15
    0x7f980e3a7dd5: movq   %rsi, %rbx
    0x7f980e3a7dd8: movq   %rdx, %r14
    0x7f980e3a7ddb: testq  %r14, %r14
    0x7f980e3a7dde: je     0x7f980e3a7e84
    0x7f980e3a7de4: movabsq $0x7f980a3d6478, %rdi     ; imm = 0x7F980A3D6478
    0x7f980e3a7dee: cmpq   %rdi, (%r14)
    0x7f980e3a7df1: sete   %dil
    0x7f980e3a7df5: movzbl %dil, %edi
    0x7f980e3a7df9: testl  %edi, %edi
    0x7f980e3a7dfb: je     0x7f980e3a7e84
    0x7f980e3a7e01: movabsq $0x7f9806ad5510, %rdi     ; imm = 0x7F9806AD5510
    0x7f980e3a7e0b: xorl   %esi, %esi
    0x7f980e3a7e0d: callq  0x7f987fdcc520            ; JIT_NewArr1OBJ_MP_FastPortable at jithelpers.cpp:3039
    0x7f980e3a7e12: movq   %r14, %rbx
    0x7f980e3a7e15: movabsq $0x7f980a3d5130, %rdi     ; imm = 0x7F980A3D5130
    0x7f980e3a7e1f: cmpq   %rdi, (%rbx)
    0x7f980e3a7e22: je     0x7f980e3a7e2f
    0x7f980e3a7e24: movq   %r14, %rsi
    0x7f980e3a7e27: callq  0x7f987fdcb2d0            ; ::JIT_ChkCastClassSpecial_Portable(MethodTable *, Object *) [inlined] Object::GetMethodTable() const at jithelpers.cpp:2332
    0x7f980e3a7e2c: movq   %rax, %rbx
    0x7f980e3a7e2f: movq   0x8(%r15), %rdi
    0x7f980e3a7e33: cmpl   $0x0, 0x8(%rdi)
    0x7f980e3a7e37: jbe    0x7f980e3a7f13
    0x7f980e3a7e3d: movq   0x10(%rdi), %rsi
    0x7f980e3a7e41: movq   %rsi, %rax
    0x7f980e3a7e44: testq  %rax, %rax
    0x7f980e3a7e47: je     0x7f980e3a7e5d
    0x7f980e3a7e49: movabsq $0x7f980b432228, %rdi     ; imm = 0x7F980B432228
    0x7f980e3a7e53: cmpq   %rdi, (%rax)
    0x7f980e3a7e56: je     0x7f980e3a7e5d
    0x7f980e3a7e58: callq  0x7f987fdcb2d0            ; ::JIT_ChkCastClassSpecial_Portable(MethodTable *, Object *) [inlined] Object::GetMethodTable() const at jithelpers.cpp:2332
    0x7f980e3a7e5d: leaq   -0x20(%rbp), %rdx
    0x7f980e3a7e61: movq   %rbx, %rdi
    0x7f980e3a7e64: movq   %rax, %rsi
    0x7f980e3a7e67: movq   (%rbx), %rax
    0x7f980e3a7e6a: movq   0x40(%rax), %rax
    0x7f980e3a7e6e: callq  *0x20(%rax)
    0x7f980e3a7e71: testl  %eax, %eax
    0x7f980e3a7e73: je     0x7f980e3a7edb
    0x7f980e3a7e75: movq   -0x20(%rbp), %rax
    0x7f980e3a7e79: leaq   -0x18(%rbp), %rsp
    0x7f980e3a7e7d: popq   %rbx
    0x7f980e3a7e7e: popq   %r14
    0x7f980e3a7e80: popq   %r15
    0x7f980e3a7e82: popq   %rbp
    0x7f980e3a7e83: retq
    0x7f980e3a7e84: movzbl 0x10(%rbx), %eax
    0x7f980e3a7e88: movb   $0x0, 0x10(%rbx)
    0x7f980e3a7e8c: testl  %eax, %eax
    0x7f980e3a7e8e: je     0x7f980e3a7e9d
    0x7f980e3a7e90: xorl   %eax, %eax
    0x7f980e3a7e92: leaq   -0x18(%rbp), %rsp
    0x7f980e3a7e96: popq   %rbx
    0x7f980e3a7e97: popq   %r14
    0x7f980e3a7e99: popq   %r15
    0x7f980e3a7e9b: popq   %rbp
    0x7f980e3a7e9c: retq
    0x7f980e3a7e9d: movq   %rbx, %rdi
    0x7f980e3a7ea0: movabsq $0x7f980dec2830, %rsi     ; imm = 0x7F980DEC2830
    0x7f980e3a7eaa: cmpq   %rsi, (%rdi)
    0x7f980e3a7ead: je     0x7f980e3a7eba
    0x7f980e3a7eaf: movq   %rsi, %rdi
    0x7f980e3a7eb2: movq   %rbx, %rsi
    0x7f980e3a7eb5: callq  0x7f987fdcb2d0            ; ::JIT_ChkCastClassSpecial_Portable(MethodTable *, Object *) [inlined] Object::GetMethodTable() const at jithelpers.cpp:2332
    0x7f980e3a7eba: movq   %rbx, %rdi
    0x7f980e3a7ebd: callq  0x7f980af2c150
    0x7f980e3a7ec2: movq   0x8(%rax), %rdi
    0x7f980e3a7ec6: movq   %rbx, %rsi
    0x7f980e3a7ec9: movq   %r14, %rdx
    0x7f980e3a7ecc: callq  *0x18(%rax)
    0x7f980e3a7ecf: nop
    0x7f980e3a7ed0: leaq   -0x18(%rbp), %rsp
    0x7f980e3a7ed4: popq   %rbx
    0x7f980e3a7ed5: popq   %r14
    0x7f980e3a7ed7: popq   %r15
    0x7f980e3a7ed9: popq   %rbp
    0x7f980e3a7eda: retq
    0x7f980e3a7edb: movabsq $0x7f980b41a040, %rdi     ; imm = 0x7F980B41A040
    0x7f980e3a7ee5: callq  0x7f987fdcb8b0            ; JIT_NewS_MP_FastPortable at jithelpers.cpp:2659
    0x7f980e3a7eea: movq   %rax, %rbx
    0x7f980e3a7eed: movq   %rbx, %rdi
    0x7f980e3a7ef0: callq  0x7f9806a55008
    0x7f980e3a7ef5: movabsq $0x7f97e800a7e0, %rdi     ; imm = 0x7F97E800A7E0
    0x7f980e3a7eff: movq   (%rdi), %rsi
    0x7f980e3a7f02: leaq   0x10(%rbx), %rdi
    0x7f980e3a7f06: callq  0x7f987fe5db30            ; JIT_WriteBarrier
    0x7f980e3a7f0b: movq   %rbx, %rdi
    0x7f980e3a7f0e: callq  0x7f987fdd1f00            ; IL_Throw at jithelpers.cpp:4715
    0x7f980e3a7f13: callq  0x7f987fdd23e0            ; JIT_RngChkFail at jithelpers.cpp:4810
    0x7f980e3a7f18: int3
    0x7f980e3a7f19: addb   %al, (%rax)
    0x7f980e3a7f1b: addb   %bl, (%rcx)
(lldb)
```

```
(lldb) disass -s 0x0007F980E3A7DC0 -c 0x159
    0x7f980e3a7dc0: pushq  %rbp
    0x7f980e3a7dc1: pushq  %r15
    0x7f980e3a7dc3: pushq  %r14
    0x7f980e3a7dc5: pushq  %rbx
    0x7f980e3a7dc6: pushq  %rax
    0x7f980e3a7dc7: leaq   0x20(%rsp), %rbp
    0x7f980e3a7dcc: xorl   %eax, %eax
    0x7f980e3a7dce: movq   %rax, -0x20(%rbp)
    0x7f980e3a7dd2: movq   %rdi, %r15
    0x7f980e3a7dd5: movq   %rsi, %rbx
    0x7f980e3a7dd8: movq   %rdx, %r14
    0x7f980e3a7ddb: testq  %r14, %r14
    0x7f980e3a7dde: je     0x7f980e3a7e84
    0x7f980e3a7de4: movabsq $0x7f980a3d6478, %rdi     ; imm = 0x7F980A3D6478
    0x7f980e3a7dee: cmpq   %rdi, (%r14)
    0x7f980e3a7df1: sete   %dil
    0x7f980e3a7df5: movzbl %dil, %edi
    0x7f980e3a7df9: testl  %edi, %edi
    0x7f980e3a7dfb: je     0x7f980e3a7e84
    0x7f980e3a7e01: movabsq $0x7f9806ad5510, %rdi     ; imm = 0x7F9806AD5510
    0x7f980e3a7e0b: xorl   %esi, %esi
    0x7f980e3a7e0d: callq  0x7f987fdcc520            ; JIT_NewArr1OBJ_MP_FastPortable at jithelpers.cpp:3039
    0x7f980e3a7e12: movq   %r14, %rbx
    0x7f980e3a7e15: movabsq $0x7f980a3d5130, %rdi     ; imm = 0x7F980A3D5130
    0x7f980e3a7e1f: cmpq   %rdi, (%rbx)
    0x7f980e3a7e22: je     0x7f980e3a7e2f
    0x7f980e3a7e24: movq   %r14, %rsi
    0x7f980e3a7e27: callq  0x7f987fdcb2d0            ; ::JIT_ChkCastClassSpecial_Portable(MethodTable *, Object *) [inlined] Object::GetMethodTable() const at jithelpers.cpp:2332
    0x7f980e3a7e2c: movq   %rax, %rbx
    0x7f980e3a7e2f: movq   0x8(%r15), %rdi
    0x7f980e3a7e33: cmpl   $0x0, 0x8(%rdi)
    0x7f980e3a7e37: jbe    0x7f980e3a7f13
    0x7f980e3a7e3d: movq   0x10(%rdi), %rsi
    0x7f980e3a7e41: movq   %rsi, %rax
    0x7f980e3a7e44: testq  %rax, %rax
    0x7f980e3a7e47: je     0x7f980e3a7e5d
    0x7f980e3a7e49: movabsq $0x7f980b432228, %rdi     ; imm = 0x7F980B432228
    0x7f980e3a7e53: cmpq   %rdi, (%rax)
    0x7f980e3a7e56: je     0x7f980e3a7e5d
    0x7f980e3a7e58: callq  0x7f987fdcb2d0            ; ::JIT_ChkCastClassSpecial_Portable(MethodTable *, Object *) [inlined] Object::GetMethodTable() const at jithelpers.cpp:2332
    0x7f980e3a7e5d: leaq   -0x20(%rbp), %rdx
    0x7f980e3a7e61: movq   %rbx, %rdi
    0x7f980e3a7e64: movq   %rax, %rsi
    0x7f980e3a7e67: movq   (%rbx), %rax
    0x7f980e3a7e6a: movq   0x40(%rax), %rax
    0x7f980e3a7e6e: callq  *0x20(%rax)
    0x7f980e3a7e71: testl  %eax, %eax
    0x7f980e3a7e73: je     0x7f980e3a7edb
    0x7f980e3a7e75: movq   -0x20(%rbp), %rax
    0x7f980e3a7e79: leaq   -0x18(%rbp), %rsp
    0x7f980e3a7e7d: popq   %rbx
    0x7f980e3a7e7e: popq   %r14
    0x7f980e3a7e80: popq   %r15
    0x7f980e3a7e82: popq   %rbp
    0x7f980e3a7e83: retq
    0x7f980e3a7e84: movzbl 0x10(%rbx), %eax
    0x7f980e3a7e88: movb   $0x0, 0x10(%rbx)
    0x7f980e3a7e8c: testl  %eax, %eax
    0x7f980e3a7e8e: je     0x7f980e3a7e9d
    0x7f980e3a7e90: xorl   %eax, %eax
    0x7f980e3a7e92: leaq   -0x18(%rbp), %rsp
    0x7f980e3a7e96: popq   %rbx
    0x7f980e3a7e97: popq   %r14
    0x7f980e3a7e99: popq   %r15
    0x7f980e3a7e9b: popq   %rbp
    0x7f980e3a7e9c: retq
    0x7f980e3a7e9d: movq   %rbx, %rdi
    0x7f980e3a7ea0: movabsq $0x7f980dec2830, %rsi     ; imm = 0x7F980DEC2830
    0x7f980e3a7eaa: cmpq   %rsi, (%rdi)
    0x7f980e3a7ead: je     0x7f980e3a7eba
    0x7f980e3a7eaf: movq   %rsi, %rdi
    0x7f980e3a7eb2: movq   %rbx, %rsi
    0x7f980e3a7eb5: callq  0x7f987fdcb2d0            ; ::JIT_ChkCastClassSpecial_Portable(MethodTable *, Object *) [inlined] Object::GetMethodTable() const at jithelpers.cpp:2332
    0x7f980e3a7eba: movq   %rbx, %rdi
    0x7f980e3a7ebd: callq  0x7f980af2c150
    0x7f980e3a7ec2: movq   0x8(%rax), %rdi
    0x7f980e3a7ec6: movq   %rbx, %rsi
    0x7f980e3a7ec9: movq   %r14, %rdx
    0x7f980e3a7ecc: callq  *0x18(%rax)
    0x7f980e3a7ecf: nop
    0x7f980e3a7ed0: leaq   -0x18(%rbp), %rsp
    0x7f980e3a7ed4: popq   %rbx
    0x7f980e3a7ed5: popq   %r14
    0x7f980e3a7ed7: popq   %r15
    0x7f980e3a7ed9: popq   %rbp
    0x7f980e3a7eda: retq
    0x7f980e3a7edb: movabsq $0x7f980b41a040, %rdi     ; imm = 0x7F980B41A040
    0x7f980e3a7ee5: callq  0x7f987fdcb8b0            ; JIT_NewS_MP_FastPortable at jithelpers.cpp:2659
    0x7f980e3a7eea: movq   %rax, %rbx
    0x7f980e3a7eed: movq   %rbx, %rdi
    0x7f980e3a7ef0: callq  0x7f9806a55008
    0x7f980e3a7ef5: movabsq $0x7f97e800a7e0, %rdi     ; imm = 0x7F97E800A7E0
    0x7f980e3a7eff: movq   (%rdi), %rsi
    0x7f980e3a7f02: leaq   0x10(%rbx), %rdi
    0x7f980e3a7f06: callq  0x7f987fe5db30            ; JIT_WriteBarrier
    0x7f980e3a7f0b: movq   %rbx, %rdi
    0x7f980e3a7f0e: callq  0x7f987fdd1f00            ; IL_Throw at jithelpers.cpp:4715
    0x7f980e3a7f13: callq  0x7f987fdd23e0            ; JIT_RngChkFail at jithelpers.cpp:4810
    0x7f980e3a7f18: int3
    0x7f980e3a7f19: addb   %al, (%rax)
    0x7f980e3a7f1b: addb   %bl, (%rcx)
(lldb)
```

**Comment by janvorli** [comment]
@gregolsky thank you for the output. I would like to ask you for one more dump. Can you please get me the complete output of `bt` on the thread #1? I am still looking for clues.

**Comment by gregolsky** [comment]
@janvorli Of course. Here you go
```
(lldb) t 1
(lldb) * thread #1: tid = 6462, 0x00007f987ff2da7a libcoreclr.so`SVR::gc_heap::mark_object_simple(unsigned char**, int) [inlined] Object::RawGetMethodTable() const at object.h:147, name = 'Raven.Server', stop reason = signal SIGSEGV
    frame #0: 0x00007f987ff2da7a libcoreclr.so`SVR::gc_heap::mark_object_simple(unsigned char**, int) [inlined] Object::RawGetMethodTable() const at object.h:147
(lldb) bt
* thread #1: tid = 6462, 0x00007f987ff2da7a libcoreclr.so`SVR::gc_heap::mark_object_simple(unsigned char**, int) [inlined] Object::RawGetMethodTable() const at object.h:147, name = 'Raven.Server', stop reason = signal SIGSEGV
  * frame #0: 0x00007f987ff2da7a libcoreclr.so`SVR::gc_heap::mark_object_simple(unsigned char**, int) [inlined] Object::RawGetMethodTable() const at object.h:147
    frame #1: 0x00007f987ff2da7a libcoreclr.so`SVR::gc_heap::mark_object_simple(unsigned char**, int) [inlined] SVR::CObjectHeader::IsMarked() const at gc.cpp:4047
    frame #2: 0x00007f987ff2da7a libcoreclr.so`SVR::gc_heap::mark_object_simple(unsigned char**, int) [inlined] SVR::gc_heap::gc_mark1(o="") at gc.cpp:18326
    frame #3: 0x00007f987ff2da7a libcoreclr.so`SVR::gc_heap::mark_object_simple(this=0x0000000000aca6b0, po=0x00007f987d311f28, thread=3) + 26 at gc.cpp:19310
    frame #4: 0x00007f987ff30d73 libcoreclr.so`SVR::GCHeap::Promote(ppObject=0x00007f8fd730d348, sc=<unavailable>, flags=0) + 355 at gc.cpp:35256
    frame #5: 0x00007f987fe5721e libcoreclr.so`GcInfoDecoder::ReportUntrackedSlots(GcSlotDecoder&, REGDISPLAY*, unsigned int, void (*)(void*, Object**, unsigned int), void*) [inlined] GcInfoDecoder::ReportStackSlotToGC(spBase=<unavailable>, gcFlags=<unavailable>, pCallBack=(libcoreclr.so`GcEnumObject(void*, Object**, unsigned int) at gcenv.ee.common.cpp:148), hCallBack=0x00007f987d313bb8)(void*, Object**, unsigned int), void*) + 238 at gcinfodecoder.cpp:1841
    frame #6: 0x00007f987fe571c7 libcoreclr.so`GcInfoDecoder::ReportUntrackedSlots(GcSlotDecoder&, REGDISPLAY*, unsigned int, void (*)(void*, Object**, unsigned int), void*) + 91 at gcinfodecoder.h:685
    frame #7: 0x00007f987fe5716c libcoreclr.so`GcInfoDecoder::ReportUntrackedSlots(this=0x00007f987d312470, slotDecoder=<unavailable>, pRD=<unavailable>, inputFlags=<unavailable>, pCallBack=(libcoreclr.so`GcEnumObject(void*, Object**, unsigned int) at gcenv.ee.common.cpp:148), hCallBack=0x00007f987d313bb8)(void*, Object**, unsigned int), void*) + 60 at gcinfodecoder.cpp:1027
    frame #8: 0x00007f987fe55816 libcoreclr.so`GcInfoDecoder::EnumerateLiveSlots(this=<unavailable>, pRD=<unavailable>, reportScratchSlots=<unavailable>, inputFlags=<unavailable>, pCallBack=<unavailable>, hCallBack=<unavailable>)(void*, Object**, unsigned int), void*) + 2598 at gcinfodecoder.cpp:976
    frame #9: 0x00007f987fce2c43 libcoreclr.so`EECodeManager::EnumGcRefs(this=<unavailable>, pRD=0x00007f987d312ab0, pCodeInfo=0x00007f987d312938, flags=<unavailable>, pCallBack=(libcoreclr.so`GcEnumObject(void*, Object**, unsigned int) at gcenv.ee.common.cpp:148), hCallBack=0x00007f987d313bb8, relOffsetOverride=<unavailable>)(void*, Object**, unsigned int), void*, unsigned int) + 291 at eetwain.cpp:5140
    frame #10: 0x00007f987fdbe3ce libcoreclr.so`GcStackCrawlCallBack(pCF=0x00007f987d312700, pData=0x00007f987d313bb8) + 590 at gcenv.ee.common.cpp:283
    frame #11: 0x00007f987fd4d5ed libcoreclr.so`Thread::MakeStackwalkerCallback(this=<unavailable>, pCF=0x00007f987d312700, pCallback=(libcoreclr.so`GcStackCrawlCallBack(CrawlFrame*, void*) at gcenv.ee.common.cpp:201), pData=0x00007f987d313bb8)(CrawlFrame*, void*), void*) + 157 at stackwalk.cpp:889
    frame #12: 0x00007f987fd4d821 libcoreclr.so`Thread::StackWalkFramesEx(this=<unavailable>, pRD=<unavailable>, pCallback=<unavailable>, pData=<unavailable>, flags=34048, pStartFrame=0x0000000000000000)(CrawlFrame*, void*), void*, unsigned int, Frame*) + 433 at stackwalk.cpp:969
    frame #13: 0x00007f987fd4dbfc libcoreclr.so`Thread::StackWalkFrames(this=0x00007f936df57600, pCallback=(libcoreclr.so`GcStackCrawlCallBack(CrawlFrame*, void*) at gcenv.ee.common.cpp:201), pData=0x00007f987d313bb8, flags=34048, pStartFrame=0x0000000000000000)(CrawlFrame*, void*), void*, unsigned int, Frame*) + 204 at stackwalk.cpp:1052
    frame #14: 0x00007f987ff7d2cc libcoreclr.so`ScanStackRoots(pThread=0x00007f936df57600, fn=(libcoreclr.so`SVR::GCHeap::Promote(Object**, ScanContext*, unsigned int) at gc.cpp:35192), sc=<unavailable>)(Object**, ScanContext*, unsigned int), ScanContext*) + 364 at gcenv.ee.cpp:148
    frame #15: 0x00007f987ff7d0f5 libcoreclr.so`GCToEEInterface::GcScanRoots(fn=<unavailable>, condemned=<unavailable>, max_gen=<unavailable>, sc=<unavailable>)(Object**, ScanContext*, unsigned int), int, int, ScanContext*) + 261 at gcenv.ee.cpp:177
    frame #16: 0x00007f987ff2546f libcoreclr.so`SVR::gc_heap::mark_phase(this=<unavailable>, condemned_gen_number=<unavailable>, mark_only_p=NO) + 943 at gc.cpp:20717
    frame #17: 0x00007f987ff2281d libcoreclr.so`SVR::gc_heap::gc1(this=<unavailable>) + 461 at gc.cpp:16344
    frame #18: 0x00007f987ff14f43 libcoreclr.so`SVR::gc_heap::garbage_collect(this=<unavailable>, n=<unavailable>) + 2659 at gc.cpp:17973
    frame #19: 0x00007f987ff13fe2 libcoreclr.so`SVR::gc_heap::gc_thread_function(this=<unavailable>) + 674 at gc.cpp:5812
    frame #20: 0x00007f987ff13d36 libcoreclr.so`SVR::gc_heap::gc_thread_stub(arg=<unavailable>) + 54 at gc.cpp:26058
    frame #21: 0x00007f987ff7f698 libcoreclr.so`(anonymous namespace)::CreateNonSuspendableThread(void (*)(void*), void*, char16_t const*)::$_1::__invoke(void*) [inlined] (anonymous namespace)::CreateNonSuspendableThread(void (*)(void*), void*, char16_t const*)::$_1::operator()(void*) const + 168 at gcenv.ee.cpp:1363
    frame #22: 0x00007f987ff7f5fd libcoreclr.so`(anonymous namespace)::CreateNonSuspendableThread(argument=<unavailable>)(void*), void*, char16_t const*)::$_1::__invoke(void*) + 13 at gcenv.ee.cpp:1348
    frame #23: 0x00007f988009171d libcoreclr.so`CorUnix::CPalThread::ThreadEntry(pvParam=0x0000000000ae6c40) + 349 at thread.cpp:1807
    frame #24: 0x00007f988178c6db libpthread.so.0`start_thread + 219
    frame #25: 0x00007f9880972a3f libc.so.6`clone + 63
(lldb)
```

**Comment by janvorli** [comment]
I've just got another idea on the possible cause of the problem. I have noticed that the method was tier-jitted. I wonder if the return address location was somehow obtained for the original non-optimized version and then used for the tier-jitted one. That could explain why it would point into the middle of a method's locals.
Can you please get me the output of the following commands? This will be huge, so it would be best to share it as a gist.
```
clru 0x00007f980e1d4d80  
```
I also wonder - is it possible that you have `COMPlus_TC_OnStackReplacement` env variable set?

**Comment by gregolsky** [comment]
@janvorli About `COMPlus_TC_OnStackReplacement` - we don't have that set AFAIK.

Here's the gist for you:
https://gist.github.com/gregolsky/4e6bcf763c2b36c20d693fa58a536121

**Comment by janvorli** [comment]
Thank you for the log. Unfortunately my idea does not match the difference between those two versions.
 
One more idea - It seems that we have a problem if we attempted to hijack the return address while executing the prolog of the problematic method. Namely the part that probes the stack page by page to ensure that if there is not enough stack left for the large locals area, we hit it there and not in the middle of the method. I've just noticed that the real return address location is exactly 0x4000 bytes higher than the location that was hijacked. The fact that it is a multiple of the memory page size seems to indicate it might be this kind of a problem.
In 5.0, we have switched to a native stack probing helper function, but in 3.1, the probing code is generated by the JIT "inline".
Looking at how JIT generates the probing code in 3.1, it seems to me that it is not unwindable while executing the probing, because the RSP changes in the loop and the only way to get the current frame address is RAX until the RBP is set. And the managed code unwinder cannot use RAX as a stack frame register. 

The prolog code with the probing looks like this:
```
00007f980e98ad10 55                   push    rbp
00007f980e98ad11 4157                 push    r15
00007f980e98ad13 4156                 push    r14
00007f980e98ad15 4155                 push    r13
00007f980e98ad17 4154                 push    r12
00007f980e98ad19 53                   push    rbx
00007f980e98ad1a 488d8424f861feff     lea     rax, [rsp - 0x19e08]
00007f980e98ad22 488da42400f0ffff     lea     rsp, [rsp - 0x1000]3:25 PM 11/3/2020
00007f980e98ad2a 48850424             test    rax, qword ptr [rsp]
00007f980e98ad2e 483be0               cmp     rsp, rax
00007f980e98ad31 7def                 jge     0x7f980e98ad22
00007f980e98ad33 488da0089e0100       lea     rsp, [rax + 0x19e08]
00007f980e98ad3a 4881ec089e0100       sub     rsp, 0x19e08
00007f980e98ad41 c5f877               vzeroupper 
00007f980e98ad44 488dac24309e0100     lea     rbp, [rsp + 0x19e30]
```

If I am right w.r.t. the issue cause, then it seems that setting the RBP before the probing loop would fix the problem.

cc: @echesakovMSFT, @BruceForstall

**Comment by janvorli** [comment]
I now believe this is really what has happened.
I've created a simple test app with a method with a large frame and stepped through the code on Linux x64, stopping in the middle of the probing code. The `clrstack` sos command wasn't able to unwind the stack correctly. Since the same code that `clrstack` uses is used for all kinds of unwinding of managed code on Unix, this confirms that it is a problem. In the current issue, I believe what happens is that the thread is suspended for hijacking when it is executing the probing code.. We find that we are not at a GC safe location, so we need to hijack the return address. To do that, we unwind to the caller frame to find the return address location. The unwinder thinks that the SP points to the last pushed register (see rbx in my previous comment), so it derives the return address slot from that. However, the SP is already 0x4000 bytes lower due to the probing and so instead of patching the real return address slot, we patch a location in the middle of locals of that method. To do that, we save the value at that location (it would be the real return address without this issue) and put an address of `OnHijackTripThread` there. The thread suspension then waits for a while for the thread to reach that function, but it doesn't happen since we haven't really put it into the return address slot. And the current method code executes for longer than the time the hijacking waits for the thread to reach the `OnHijackTripThread`. So the thread is unhijacked, the original value being written back into the slot that we've thought is a return address slot. And that causes the corruption. The value we have read from there in the probing loop was a random garbage from memory, as the locals area was not cleared at that point yet. The thread later suspends itself when it ends up executing the `gc_heap::try_allocate_more_space`, the runtime suspension completes and GC starts walking threads. When it walks the thread with our problematic method, it fetches the garbage value from a location in the method locals, tries to report it as a GC reference and crashes.

**Comment by echesakovMSFT** [comment]
@janvorli Thank you Jan for investigating this! The probing loop is, indeed, non-unwindable. Unfortunate, as you know, on linux-x64 we can't simply probe below RSP (as we do on win-x64 and win-x86) since there are checks in the kernel that would detect such memory accesses, treat them as illegal and terminate the violating app. I am also afraid that we can't simply move setting RBP before the probing loop in the JIT as you suggested. I see only one solution to the issue - "call a stack probing helper" as we do in 5.0. But I would like to hear a second opinion on this from @BruceForstall or someone else in @dotnet/jit-contrib

**Comment by echesakovMSFT** [comment]
cc @JulieLeeMSFT

**Comment by ayende** [comment]
Given that the issue is now known. Are there any work arounds?
If we'll upgrade to 5.0? Can we expect this to go away?

**Comment by BruceForstall** [comment]
@ayende I can't think of any good workarounds. Possibly changing the size of the generated code to reduce the size of local variables to less than ~4K would help. Or to force a GC before functions with known large frame sizes were called. But those are unsatisfactory. If you update to 5.0 the problem should go away, as the probing logic was changed, though @janvorli can probably verify that's true with his test app.

**Comment by BruceForstall** [comment]
> I am also afraid that we can't simply move setting RBP before the probing loop in the JIT as you suggested.

There are a lot of considerations for when and how RBP can be established. Some are described here: https://github.com/dotnet/runtime/issues/4651#issuecomment-157184918. I would be worried about unexpected problems if we try to change this.

**Comment by janvorli** [comment]
@gregolsky, @ayende  I have a fix for the problem. Would you be willing to test it? I can either build a libcoreclr.so with that fix for you or I can give you instructions on how you can build it yourself.

**Comment by ayende** [comment]
The easiest option would be a binary, yes.

**Comment by janvorli** [comment]
Ok, to make sure that I'll build a correct drop-in replacement of libcoreclr.so, can you please confirm that you are using version 3.1.7 as you've mentioned in the issue description?

**Comment by gregolsky** [comment]
@janvorli The original version we used and found the issue in was 3.1.7, but we updated since and we're now using 3.1.8 there.

**Comment by janvorli** [comment]
OK, thank you. I'll build and share the binary today.

**Comment by janvorli** [comment]
Here is the binary (gzipped): https://1drv.ms/u/s!AkLV4wRkyHYhyhdJATD-FBghk-TA?e=BeSNB8 
Please ungzip it and replace the original `libcoreclr.so` by it.

**Comment by gregolsky** [comment]
Thank you very much Jan. We are going to update affected system on Monday - we will let you know how this went. If it's confirmed successful, then is the fix going to be integrated into next `3.1.x`?

**Comment by janvorli** [comment]
Yes, that's the plan. It would be also great if you watched the performance with the updated version. The fix is basically to prevent suspension of a thread when running in method prologs, so it can possibly make GC pauses a bit longer. I have an idea how to make the fix focused just on the problematic methods with large frames, but I'd prefer to keep things simple if no perf regressions show up.

**Comment by gregolsky** [comment]
@janvorli Servers were updated yesterday and today morning 2 of 3 crashed one after another with few minutes difference. Unfortunately those 2 crashed machines weren't instrumented to grab memory dumps yet, so all we have ATM is the kernel message:
```
Raven.Server[1511]: segfault at 30 ip 00007ff82c24383d sp 00007ff026ffac68 error 4 in libcoreclr.so[7ff82c11a000+26e000]
Nov 17 08:44:48 <CUT> kernel: Code: 74 10 45 85 d2 75 10 48 8b 4f 30 66 83 79 fe 00 74 05 b8 01 00 00 00 c3 0f 1f 44 00 00 f6 47 03 10 75 03 31 c0 c3 48 8b 47 18 <48> 8b 40 30 48 8b 40 40 48 8b 80 a8 02 00 00 48 8b 00 c3 55 48 89
```

Do you think we should revert to previous version of the `so` or try to grab a core dump on the new version?

**Comment by janvorli** [comment]
If you could get a core dump, it would be great.

**Comment by gregolsky** [comment]
We have a new core dump - for some reason the crash rate changed. 

```
Raven.Server[23094]: segfault at 7f9959c891e0 ip 00007f9bec03cab7 sp 00007f9be9536eb0 error 4 in libcoreclr.so[7f9bebf57000+372000]
```

```
(lldb) bt
* thread #1: tid = 23094, 0x00007f9bec03cab7 libcoreclr.so`SVR::gc_heap::mark_object_simple(unsigned char**, int) + 23, name = 'Raven.Server', stop reason = signal SIGSEGV
  * frame #0: 0x00007f9bec03cab7 libcoreclr.so`SVR::gc_heap::mark_object_simple(unsigned char**, int) + 23
    frame #1: 0x00007f9bec0402a7 libcoreclr.so`SVR::GCHeap::Promote(Object**, ScanContext*, unsigned int) + 343
    frame #2: 0x00007f9bebf4e44e libcoreclr.so`GcInfoDecoder::ReportUntrackedSlots(GcSlotDecoder&, REGDISPLAY*, unsigned int, void (*)(void*, Object**, unsigned int), void*) + 238
    frame #3: 0x00007f9bebf4d427 libcoreclr.so`GcInfoDecoder::EnumerateLiveSlots(REGDISPLAY*, bool, unsigned int, void (*)(void*, Object**, unsigned int), void*) + 4551
    frame #4: 0x00007f9bebdc0387 libcoreclr.so`EECodeManager::EnumGcRefs(REGDISPLAY*, EECodeInfo*, unsigned int, void (*)(void*, Object**, unsigned int), void*, unsigned int) + 295
    frame #5: 0x00007f9bebeae7f4 libcoreclr.so`GcStackCrawlCallBack(CrawlFrame*, void*) + 692
    frame #6: 0x00007f9bebe33acd libcoreclr.so`Thread::MakeStackwalkerCallback(CrawlFrame*, StackWalkAction (*)(CrawlFrame*, void*), void*) + 157
    frame #7: 0x00007f9bebe33d31 libcoreclr.so`Thread::StackWalkFramesEx(REGDISPLAY*, StackWalkAction (*)(CrawlFrame*, void*), void*, unsigned int, Frame*) + 465
    frame #8: 0x00007f9bebe34156 libcoreclr.so`Thread::StackWalkFrames(StackWalkAction (*)(CrawlFrame*, void*), void*, unsigned int, Frame*) + 214
    frame #9: 0x00007f9bec0967ac libcoreclr.so`ScanStackRoots(Thread*, void (*)(Object**, ScanContext*, unsigned int), ScanContext*) + 380
    frame #10: 0x00007f9bec0965d9 libcoreclr.so`GCToEEInterface::GcScanRoots(void (*)(Object**, ScanContext*, unsigned int), int, int, ScanContext*) + 297
    frame #11: 0x00007f9bec032c29 libcoreclr.so`SVR::gc_heap::mark_phase(int, int) + 905
    frame #12: 0x00007f9bec02f84b libcoreclr.so`SVR::gc_heap::gc1() + 619
    frame #13: 0x00007f9bec01f285 libcoreclr.so`SVR::gc_heap::garbage_collect(int) + 2901
    frame #14: 0x00007f9bec01e244 libcoreclr.so`SVR::gc_heap::gc_thread_function() + 884
    frame #15: 0x00007f9bec01dec6 libcoreclr.so`SVR::gc_heap::gc_thread_stub(void*) + 54
    frame #16: 0x00007f9bec098cd2 libcoreclr.so`(anonymous namespace)::CreateNonSuspendableThread(void (*)(void*), void*, char16_t const*)::$_1::__invoke(void*) + 178
    frame #17: 0x00007f9bec1c70e2 libcoreclr.so`CorUnix::CPalThread::ThreadEntry(void*) + 434
    frame #18: 0x00007f9bed89f6db libpthread.so.0`start_thread + 219
    frame #19: 0x00007f9beca85a3f libc.so.6`clone + 63
```

```
(lldb) register read
General Purpose Registers:
       rax = 0x00000000022e9d00
       rbx = 0x00007f9959c891e0
       rcx = 0x00007f687eb7dce8
       rdx = 0x0000000000000001
       rdi = 0x0000000002311d20
       rsi = 0x00007f9be9536f20
       rbp = 0x00007f9be9536f00
       rsp = 0x00007f9be9536eb0
        r8 = 0x00007f9be953732c
        r9 = 0x00007f9b7b053fb0
       r10 = 0x0000000000000001
       r11 = 0x00000000fffec008
       r12 = 0x0000000000000000
       r13 = 0x00007f9959c891e0
       r14 = 0x00007f86f9cad378
       r15 = 0x0000000000000001
       rip = 0x00007f9bec03cab7  libcoreclr.so`SVR::gc_heap::mark_object_simple(unsigned char**, int) + 23
    rflags = 0x0000000000010202
        cs = 0x0000000000000033
        fs = 0x0000000000000000
        gs = 0x0000000000000000
        ss = 0x000000000000002b
        ds = 0x0000000000000000
        es = 0x0000000000000000
```

@janvorli I'm missing debug symbols for the new libcoreclr.so:
```
ERROR: HttpSymbolStore: 404 Not Found 'http://msdl.microsoft.com/download/symbols/libcoreclr.so%2Felf-buildid-1d9729180cacc67b1a9a2c0fc1dd1e2d17c8e688%2Flibcoreclr.so'
```

Could you send us this file please?

**Comment by janvorli** [comment]
> Could you send us this file please?

Of course, I am sorry I haven't shared it before. Here is the link to get it:
https://1drv.ms/u/s!AkLV4wRkyHYhyiaEm1tZKVuZyBDd?e=rd5T4n

You'll need to ungzip it.

**Comment by gregolsky** [comment]
OK @janvorli we've got it in place and we can continue. I tried to figure out the method (the RavenDB index in question) that it is related to, but failed with `XXXX is not a MethodDesc`. 

I attach:
- thread list
- bt on thread 1 (similar to the previous one)
- bt on thread 1004 (OS thread ID 24170) I believe it was cleaning after
- show pCF obj on thread 1

https://gist.github.com/gregolsky/2a1241f5cabe39b09adf396bedd3efac

Do you know why would `dumpmd` fail for me? What did I do wrong?
How do we proceed?

**Comment by gregolsky** [comment]
Could we get an update on this one please?

**Comment by janvorli** [comment]
@gregolsky thank you for the reminder, I am sorry for the delay. I'll take a look at the stuff you've logged and get back to you later today.

**Comment by janvorli** [comment]
It is really strange that the dumpmd cannot dump the MethodDesc, it seems as if it was corrupted or something. Do you happen to use unloading or collectible dynamic assemblies (https://docs.microsoft.com/en-us/dotnet/framework/reflection-and-codedom/collectible-assemblies)?
Can you please try to run the following command which should get method info including methoddesc for the code at pCF->codeInfo.m_codeAddress?
```
ip2md 140305758513499
```
That one should match the one you were trying to dump before.

**Comment by janvorli** [comment]
Can you also please dump the stack trace for thread #1004 using `clrstack -f?` That would show managed methods (please feel free to remove method names that would reveal something you don't want to be public) and also frame pointer of each frame. That would enable us to see where was the slot that was being scanned.

And also please `ip2md 0x00007f9959c891e0` that would show us what method was the method being hijacked supposed to return to. If it doesn't get a managed method, please try `image lookup --address 0x00007f9959c891e0` to see if it was a native code.

**Comment by gregolsky** [comment]
We don't use these as far as I know. Our indexes are compiled at runtime, but not unloaded.

ip2md wasn't successful:
```
(lldb) ip2md 140305758513499
Failed to request MethodData, not in JIT code range
IP2MD 140305758513499  failed
```

```
(lldb) t 1004
(lldb) * thread #1004: tid = 24170, 0x00007f9bed8a59f3 libpthread.so.0`__pthread_cond_wait + 579, stop reason = signal SIGSEGV
    frame #0: 0x00007f9bed8a59f3 libpthread.so.0`__pthread_cond_wait + 579
libpthread.so.0`__pthread_cond_wait:
->  0x7f9bed8a59f3 <+579>: cmpq   $-0x1000, %rax            ; imm = 0xF000
    0x7f9bed8a59f9 <+585>: movq   0x30(%rsp), %r8
    0x7f9bed8a59fe <+590>: ja     0x7f9bed8a5b30            ; <+896>
    0x7f9bed8a5a04 <+596>: movl   %r9d, %edi
(lldb) clrstack -f
OS Thread Id: 0x5e6a (1004)
Unable to walk the managed stack. The current thread is likely not a
managed thread. You can run clrthreads to get a list of managed threads in
the process
Failed to start stack walk: 80131c49
```

For 1004 the only thing that shows anything (at least to me) is `dumpstack`
```
(lldb) dumpstack
OS Thread Id: 0x5e6a (1004)
TEB information is not available so a stack size of 0xFFFF is assumed
Current frame: libpthread.so.0!__pthread_cond_wait + 0x243
Child-SP         RetAddr          Caller, Callee
00007F86F9C9A100 00007f9bec1bba6b libcoreclr.so!CorUnix::CPalSynchronizationManager::ThreadNativeWait(CorUnix::_ThreadNativeWaitData*, unsigned int, CorUnix::ThreadWakeupReason*, unsigned int*) + 0x13b [/home/janvorli/git/coreclr/src/pal/src/synchmgr/synchmanager.cpp:489], calling libcoreclr.so!pthread_cond_wait
00007F86F9C9A160 00007f9bec1bb721 libcoreclr.so!CorUnix::CPalSynchronizationManager::BlockThread(CorUnix::CPalThread*, unsigned int, bool, bool, CorUnix::ThreadWakeupReason*, unsigned int*) + 0x1d1 [/home/janvorli/git/coreclr/src/pal/src/synchmgr/synchmanager.cpp:308], calling libcoreclr.so!CorUnix::CPalSynchronizationManager::ThreadNativeWait(CorUnix::_ThreadNativeWaitData*, unsigned int, CorUnix::ThreadWakeupReason*, unsigned int*) [/home/janvorli/git/coreclr/src/pal/src/synchmgr/synchmanager.cpp:446]
00007F86F9C9A1C0 00007f9bec1c01d2 libcoreclr.so!CorUnix::InternalWaitForMultipleObjectsEx(CorUnix::CPalThread*, unsigned int, void* const*, int, unsigned int, int, int) + 0x882 [/home/janvorli/git/coreclr/src/pal/src/synchmgr/wait.cpp:649]
00007F86F9C9A1D0 00007f9bec1c0409 libcoreclr.so!WaitForSingleObjectEx + 0x59 [/home/janvorli/git/coreclr/src/pal/src/synchmgr/wait.cpp:0], calling libcoreclr.so!CorUnix::InternalWaitForMultipleObjectsEx(CorUnix::CPalThread*, unsigned int, void* const*, int, unsigned int, int, int) [/home/janvorli/git/coreclr/src/pal/src/synchmgr/wait.cpp:363]
00007F86F9C9A360 00007f9bec1c0409 libcoreclr.so!WaitForSingleObjectEx + 0x59 [/home/janvorli/git/coreclr/src/pal/src/synchmgr/wait.cpp:0], calling libcoreclr.so!CorUnix::InternalWaitForMultipleObjectsEx(CorUnix::CPalThread*, unsigned int, void* const*, int, unsigned int, int, int) [/home/janvorli/git/coreclr/src/pal/src/synchmgr/wait.cpp:363]
00007F86F9C9A3A0 00007f9bebf1bc4a libcoreclr.so!CLREventBase::WaitEx(unsigned int, WaitMode, PendingSync*) + 0xfa [/home/janvorli/git/coreclr/src/vm/synch.cpp:402], calling libcoreclr.so!WaitForSingleObjectEx [/home/janvorli/git/coreclr/src/pal/src/synchmgr/wait.cpp:130]
00007F86F9C9A3B0 00007f9bec1a749a libcoreclr.so!CorUnix::CPalObjectBase::ReleaseReference(CorUnix::CPalThread*) + 0x3a [/home/janvorli/git/coreclr/src/pal/src/objmgr/palobjbase.cpp:333]
00007F86F9C9A440 00007f9bebf1fb66 libcoreclr.so!Thread::RareDisablePreemptiveGC() + 0x1b6 [/home/janvorli/git/coreclr/src/vm/threads.h:1322]
00007F86F9C9A490 00007f9bebec6f47 libcoreclr.so!JIT_RareDisableHelperWorker + 0x47 [/home/janvorli/git/coreclr/src/vm/frames.h:0], calling libcoreclr.so!Thread::RareDisablePreemptiveGC() [/home/janvorli/git/coreclr/src/vm/threadsuspend.cpp:2502]
00007F86F9C9A4B0 00007f9b76f78840 00007f9b76f78840, calling 00007f9b72b2ec80
00007F86F9C9A4F0 00007f9b7412e9ad 00007f9b7412e9ad
00007F86F9C9A590 00007f9b7412e9ad 00007f9b7412e9ad
00007F86F9C9A5F0 00007f9bebf569fa libcoreclr.so!JIT_RareDisableHelper + 0x17 [/home/janvorli/git/coreclr/src/pal/inc/unixasmmacrosamd64.inc:909], calling libcoreclr.so!JIT_RareDisableHelperWorker [/home/janvorli/git/coreclr/src/vm/jithelpers.cpp:5485]
00007F86F9C9A630 00007f9b7a263a72 00007f9b7a263a72
00007F86F9C9A670 00007f9b7a263a52 00007f9b7a263a52
00007F86F9C9A6D0 00007f9b7a7950c8 00007f9b7a7950c8, calling 00007f9b7a2639d0
00007F86F9C9A890 00007f9b7ae5695b 00007f9b7ae5695b
00007F86F9C9A8B0 00007f9b7a7940e6 00007f9b7a7940e6, calling libcoreclr.so!JIT_CheckedWriteBarrier [/home/janvorli/git/coreclr/src/vm/amd64/jithelpers_fast.S:34]
00007F86F9C9A8F0 00007f9bebebd019 libcoreclr.so!JIT_NewS_MP_FastPortable(CORINFO_CLASS_STRUCT_*) + 0x19 [/home/janvorli/git/coreclr/src/vm/threads.inl:34], calling libcoreclr.so!__tls_get_addr
00007F86F9C9A908 00007f9b7aeabb76 00007f9b7aeabb76, calling libcoreclr.so!JIT_WriteBarrier [/home/janvorli/git/coreclr/src/vm/amd64/jithelpers_fast.S:90]
00007F86F9C9A940 00007f9b7aeab771 00007f9b7aeab771, calling 00007f9b7aeab810
```

```
(lldb) ip2md 0x00007f9959c891e0
Failed to request MethodData, not in JIT code range
IP2MD 0x00007f9959c891e0  failed
```

```
(lldb) image lookup --address 0x00007f9959c891e0
(lldb)
```

**Comment by janvorli** [comment]
I've just realized what is the most likely reason for the MethodDesc and all other stuff not working properly. Since I've modified the libcoreclr.so, I should have also shared the libmscordaccore.so, which needs to match the libcoreclr.so. Since this file is read by SOS, you can just update the libmscordaccore.so and open the same dump. I think things will just work.
I am sorry for not realizing this before.
Here is the link to the libmscordaccore.so from the same build as the libcoreclr.so that I've shared:
https://1drv.ms/u/s!AkLV4wRkyHYhyicH7KgLp98enyMq?e=m87LVB

**Comment by gregolsky** [comment]
Thank you! Glad we have that sorted out. Attaching the requested outputs:
https://gist.github.com/gregolsky/5e0dc324b646289b03afd8d41fc4ab69

**Comment by janvorli** [comment]
I am afraid I've made a mistake when building the libcoreclr for you. I am really sorry for that. It seems that I have somehow missed making the change, so I've basically shared a self build of plain 3.1.8 without any change. I remember I was originally building it on Ubuntu and then I've realized that it would be better to build it on CentOS 7 where we build the official builds. And I guess I somehow by mistake haven't cherry-picked the change and built just plain 3.1.8 by accident. I've just checked the source tree on the VM I've built that (where I've been sending you the libraries from) and that confirmed it.
I have built a correct version, all the three binaries can be downloaded from here:
https://1drv.ms/u/s!AkLV4wRkyHYhyig5TFnuAeN6VfvB?e=SHdWWl

**Comment by gregolsky** [comment]
OK then. We will install it and grab another core dump if it crashes.

**Comment by gregolsky** [comment]
@janvorli I am not sure if this is a concidence or was it planned, but on the first look it seems the memory usage has been decreased significantly after installation of the custom binary... Is that possible? Similar behavior can be observer on other 2 cluster nodes.

![image](https://user-images.githubusercontent.com/1541805/102090969-6f2b9400-3e1e-11eb-94b6-f7b2343c2ee2.png)

**Comment by janvorli** [comment]
@gregolsky that was not expected. Maybe somehow the issue doesn't always lead to crash, but somehow falsely keeps objects alive. But I don't have a clear explanation for such a  mechanism.

**Comment by gregolsky** [comment]
@janvorli I would like to report that we did not experience another segfault since the installation (2020-12-14) of the custom libcoreclr.so on the system.

**Comment by janvorli** [comment]
Great! Thank you for the info. I'll ask for approval for getting the change I've made for you into 3.1.

**Comment by janvorli** [comment]
@gregolsky the fix was approved for the 3.1.12 release that should be released in about a month.

**Comment by gregolsky** [comment]
@janvorli That's great news! Thank you for an update.

**Comment by ToxicLand** [comment]
Is this also fixed in 5.0.3? Using 5.0.2, I am also experiencing a crash with the same error, few times a week.

**Comment by janvorli** [comment]
@ToxicLand what are the symptoms in your case? Are you sure it is the same problem?

**Comment by ToxicLand** [comment]
The program I use crashes with a very similar log:
Feb 18 06:25:51 ns3135016 kernel: [616938.853900] .NET Background[15168]: segfault at 7f5c00000000 ip 00007f5f1e170ebb sp 00007f599affc7c0 error 4 in libcoreclr.so[7f5f1de69000+36a000]
Feb 18 06:25:51 ns3135016 kernel: [616938.854111] Code: 8b 8c 24 68 07 00 00 48 89 de 48 c1 ee 09 41 8b 04 b1 48 89 d9 48 c1 e9 04 bf 01 00 00 00 d3 e7 0f a3 c8 72 ba f0 41 09 3c b1 <48> 8b 33 48 83 e6 fe 8b 0e 8b 46 04 85 c9 0f 88 89 00 00 00 31 f6
Feb 18 06:25:51 ns3135016 systemd[1]: gs.magic.home0.service: Main process exited, code=killed, status=11/SEGV
Feb 18 06:25:51 ns3135016 systemd[1]: gs.magic.home0.service: Failed with result 'signal'.

It seem to happen about twice a week.

**Comment by janvorli** [comment]
Ah, this indicates just SIGSEGV, there can be many reasons for such a problem and it doesn't indicate that it is related to the specific issue here. Can you please create a new issue for your problem? I'll try to cooperate with you there to get more details on the issue.

**Comment by gregolsky** [comment]
@janvorli Could you confirm it landed in the `3.1.12` release? I now see it has a 6.0 milestone on it?

**Comment by jkotas** [comment]
Yes, it landed in 3.1.12 release. See https://github.com/dotnet/coreclr/pull/28119
