### ISSUE TITLE
Reloc failures with NativeAOT on Apple Silicon

### ISSUE THREAD

**Issue by am11** [dotnet/runtime#67232]
I am trying to enable NativeAOT on OSX arm64. With this patch https://github.com/dotnet/runtime/compare/main...am11:feature/nativeaot/osx-arm64 (tested with both `@GOTPAGE` and `@PAGE` assembler directives), it builds the nupkg. Consuming that package results in the following errors during the `ilc` step:

```sh
# with `<add key="TestSource" value="/Users/am11/projects/runtime/artifacts/packages/Release/Shipping" />`
# in NuGet.config
$ dotnet nuget locals all --clear && rm -rf obj bin && dotnet publish --use-current-runtime -v:diag ...
... snip ...
21:06:05.007   1:7>Target "IlcCompile: (TargetId:181)" in file "/Users/am11/.nuget/packages/microsoft.dotnet.ilcompiler/7.0.0-dev/build/Microsoft.NETCore.Native.targets" from project "/Users/am11/projects/naot1/naot1.csproj" (target "LinkNative" depends on it):
                   Building target "IlcCompile" completely.
                   Output file "obj/release/net7.0/osx-arm64/native/naot1.o" does not exist.
                   Task "Message" skipped, due to false condition; ($(_BuildingInCompatibleMode) != 'true') was evaluated as (true != 'true').
                   Task "Message" (TaskId:126)
                     Task Parameter:Text=Generating compatible native code. To optimize for size or speed, visit https://aka.ms/OptimizeCoreRT (TaskId:126)
                     Task Parameter:Importance=high (TaskId:126)
                     Generating compatible native code. To optimize for size or speed, visit https://aka.ms/OptimizeCoreRT (TaskId:126)
                   Done executing task "Message". (TaskId:126)
                   Task "Exec" (TaskId:127)
                     Task Parameter:Command="/Users/am11/.nuget/packages/runtime.osx-arm64.microsoft.dotnet.ilcompiler/7.0.0-dev/tools/ilc" @"obj/release/net7.0/osx-arm64/native/naot1.ilc.rsp" (TaskId:127)
                     "/Users/am11/.nuget/packages/runtime.osx-arm64.microsoft.dotnet.ilcompiler/7.0.0-dev/tools/ilc" @"obj/release/net7.0/osx-arm64/native/naot1.ilc.rsp" (TaskId:127)
                     <unknown>:0: error: ADR/ADRP relocations must be GOT relative (TaskId:127)
                     <unknown>:0: error: unknown AArch64 fixup kind! (TaskId:127)
                     <unknown>:0: error: unknown AArch64 fixup kind! (TaskId:127)
                     <unknown>:0: error: fixup value out of range (TaskId:127)
                     <unknown>:0: error: ADR/ADRP relocations must be GOT relative (TaskId:127)
                     <unknown>:0: error: unknown AArch64 fixup kind! (TaskId:127)
                     <unknown>:0: error: unknown AArch64 fixup kind! (TaskId:127)
                     <unknown>:0: error: fixup value out of range (TaskId:127)
... repeats 1000s of times ...
```

somewhere after the objwriter has succeeded: https://github.com/dotnet/runtime/blob/071e772d9d3bd8b50a5380bce6214277a1e61c98/src/coreclr/tools/aot/ILCompiler.Compiler/Compiler/DependencyAnalysis/ObjectWriter.cs#L1183 and before the `clang` command is executed. While the ilc task does not fail, MSBuild fails on the clang step:

```sh
                 Set Property: _IgnoreLinkerWarnings=false
                   Set Property: _IgnoreLinkerWarnings=true
                   Task "Exec" (TaskId:129)
                     Task Parameter:IgnoreStandardErrorWarningFormat=True (TaskId:129)
                     Task Parameter:Command=clang "obj/release/net7.0/osx-arm64/native/naot1.o" -o "bin/release/net7.0/osx-arm64/native/naot1" /Users/am11/.nuget/packages/runtime.osx-arm64.microsoft.dotnet.ilcompiler/7.0.0-dev/sdk/libbootstrapper.a /Users/am11/.nuget/packages/runtime.osx-arm64.microsoft.dotnet.ilcompiler/7.0.0-dev/sdk/libRuntime.WorkstationGC.a /Users/am11/.nuget/packages/runtime.osx-arm64.microsoft.dotnet.ilcompiler/7.0.0-dev/framework/libSystem.Native.a /Users/am11/.nuget/packages/runtime.osx-arm64.microsoft.dotnet.ilcompiler/7.0.0-dev/framework/libSystem.Globalization.Native.a /Users/am11/.nuget/packages/runtime.osx-arm64.microsoft.dotnet.ilcompiler/7.0.0-dev/framework/libSystem.IO.Compression.Native.a /Users/am11/.nuget/packages/runtime.osx-arm64.microsoft.dotnet.ilcompiler/7.0.0-dev/framework/libSystem.Net.Security.Native.a /Users/am11/.nuget/packages/runtime.osx-arm64.microsoft.dotnet.ilcompiler/7.0.0-dev/framework/libSystem.Security.Cryptography.Native.Apple.a -g -Wl,-rpath,'@executable_path' -lstdc++ -ldl -lm -lz -licucore -framework CoreFoundation -framework Foundation -framework Security -framework GSS (TaskId:129)
                     clang "obj/release/net7.0/osx-arm64/native/naot1.o" -o "bin/release/net7.0/osx-arm64/native/naot1" /Users/am11/.nuget/packages/runtime.osx-arm64.microsoft.dotnet.ilcompiler/7.0.0-dev/sdk/libbootstrapper.a /Users/am11/.nuget/packages/runtime.osx-arm64.microsoft.dotnet.ilcompiler/7.0.0-dev/sdk/libRuntime.WorkstationGC.a /Users/am11/.nuget/packages/runtime.osx-arm64.microsoft.dotnet.ilcompiler/7.0.0-dev/framework/libSystem.Native.a /Users/am11/.nuget/packages/runtime.osx-arm64.microsoft.dotnet.ilcompiler/7.0.0-dev/framework/libSystem.Globalization.Native.a /Users/am11/.nuget/packages/runtime.osx-arm64.microsoft.dotnet.ilcompiler/7.0.0-dev/framework/libSystem.IO.Compression.Native.a /Users/am11/.nuget/packages/runtime.osx-arm64.microsoft.dotnet.ilcompiler/7.0.0-dev/framework/libSystem.Net.Security.Native.a /Users/am11/.nuget/packages/runtime.osx-arm64.microsoft.dotnet.ilcompiler/7.0.0-dev/framework/libSystem.Security.Cryptography.Native.Apple.a -g -Wl,-rpath,'@executable_path' -lstdc++ -ldl -lm -lz -licucore -framework CoreFoundation -framework Foundation -framework Security -framework GSS (TaskId:129)
                     ld: malformed __LD,__compact_unwind section, bad length file 'obj/release/net7.0/osx-arm64/native/naot1.o' (TaskId:129)
                     clang: error: linker command failed with exit code 1 (use -v to see invocation) (TaskId:129)
21:06:12.873   1:7>/Users/am11/.nuget/packages/microsoft.dotnet.ilcompiler/7.0.0-dev/build/Microsoft.NETCore.Native.targets(337,5): error MSB3073: The command "clang "obj/release/net7.0/osx-arm64/native/naot1.o" -o "bin/release/net7.0/osx-arm64/native/naot1" /Users/am11/.nuget/packages/runtime.osx-arm64.microsoft.dotnet.ilcompiler/7.0.0-dev/sdk/libbootstrapper.a /Users/am11/.nuget/packages/runtime.osx-arm64.microsoft.dotnet.ilcompiler/7.0.0-dev/sdk/libRuntime.WorkstationGC.a /Users/am11/.nuget/packages/runtime.osx-arm64.microsoft.dotnet.ilcompiler/7.0.0-dev/framework/libSystem.Native.a /Users/am11/.nuget/packages/runtime.osx-arm64.microsoft.dotnet.ilcompiler/7.0.0-dev/framework/libSystem.Globalization.Native.a /Users/am11/.nuget/packages/runtime.osx-arm64.microsoft.dotnet.ilcompiler/7.0.0-dev/framework/libSystem.IO.Compression.Native.a /Users/am11/.nuget/packages/runtime.osx-arm64.microsoft.dotnet.ilcompiler/7.0.0-dev/framework/libSystem.Net.Security.Native.a /Users/am11/.nuget/packages/runtime.osx-arm64.microsoft.dotnet.ilcompiler/7.0.0-dev/framework/libSystem.Security.Cryptography.Native.Apple.a -g -Wl,-rpath,'@executable_path' -lstdc++ -ldl -lm -lz -licucore -framework CoreFoundation -framework Foundation -framework Security -framework GSS" exited with code 1. [/Users/am11/projects/naot1/naot1.csproj]
                   Done executing task "Exec" -- FAILED. (TaskId:129)
21:06:12.873   1:7>Done building target "LinkNative" in project "naot1.csproj" -- FAILED.: (TargetId:182)
```

With objdump, that `__LD,__compact_unwind` section looks like:

```asm
Disassembly of section __LD,__compact_unwind:

00000000003b2858 <ltmp8>:
  3b2858: 40 4b 00 00   udf     #19264
  3b285c: 00 00 00 00   udf     #0
  3b2860: 74 00 00 00   udf     #116
  3b2864: 00 00 00 03   <unknown>
                ...
  3b2874: c0 4b 00 00   udf     #19392
  3b2878: 00 00 00 00   udf     #0
  3b287c: 74 00 00 00   udf     #116
  3b2880: 00 00 00 03   <unknown>
                ...
  3b2890: 40 4c 00 00   udf     #19520
  3b2894: 00 00 00 00   udf     #0
  3b2898: 74 00 00 00   udf     #116
  3b289c: 00 00 00 03   <unknown>
                ...
  3b28ac: c0 4c 00 00   udf     #19648
  3b28b0: 00 00 00 00   udf     #0
  3b28b4: 74 00 00 00   udf     #116
  3b28b8: 00 00 00 03   <unknown>
... repeats ...
```

**Comment by MichalStrehovsky** [comment]
Ah, so those messages are still generated by the object writer in ILC.

For example here: https://github.com/dotnet/llvm-project/blob/f1120a92d05f1c57e75af7d16504012570ef3409/llvm/lib/Target/AArch64/MCTargetDesc/AArch64MachObjectWriter.cpp#L102-L103.

Looks like we need to decide what kind of relocation to generate when we're generating it.

**Comment by MichalStrehovsky** [comment]
Really nice progress!

What is the reloc it's complaining about? Is it `FK_PCRel_4` by any chance? We add special handling to it in our LLVM patch: https://github.com/dotnet/llvm-project/commit/67f5503adc0fe9d886a33df58f49a4b3e2b8c21e. Maybe having it take the same path as `FK_Data_4` would work?

You'll know if the reloc got messed up if it ends up pointing at garbage after linking.

**Comment by am11** [comment]
Those were indeed all `FK_PCRel_4`. 😄

Pushed a commit to treat it as `FK_Data_4`. With that `ilc` msbuild task completes without producing any diagnostics.

clang task, however, continues to fail (still complaining about `__LD,__compact_unwind section, bad length file`). Interestingly, now the `__LD,__compact_unwind` section has disappeared when I run with `objdump -d` (as it was showing previously), but it shows up with `objdump --full-contents -d`.

Running `ld` command with `-v` shows nothing useful:

```sh
 % "/Applications/Xcode.app/Contents/Developer/Toolchains/XcodeDefault.xctoolchain/usr/bin/ld" \
       -demangle -lto_library /Applications/Xcode.app/Contents/Developer/Toolchains/XcodeDefault.xctoolchain/usr/lib/libLTO.dylib \
       -dynamic -arch arm64 -platform_version macos 12.0.0 12.1 \
       -syslibroot /Applications/Xcode.app/Contents/Developer/Platforms/MacOSX.platform/Developer/SDKs/MacOSX.sdk \
       -o bin/release/net7.0/osx-arm64/native/naot1 \
       -L/usr/local/lib obj/release/net7.0/osx-arm64/native/naot1.o \
       /Users/am11/.nuget/packages/runtime.osx-arm64.microsoft.dotnet.ilcompiler/7.0.0-dev/sdk/libbootstrapper.a \
       /Users/am11/.nuget/packages/runtime.osx-arm64.microsoft.dotnet.ilcompiler/7.0.0-dev/sdk/libRuntime.WorkstationGC.a \
       /Users/am11/.nuget/packages/runtime.osx-arm64.microsoft.dotnet.ilcompiler/7.0.0-dev/framework/libSystem.Native.a \
       /Users/am11/.nuget/packages/runtime.osx-arm64.microsoft.dotnet.ilcompiler/7.0.0-dev/framework/libSystem.Globalization.Native.a \
       /Users/am11/.nuget/packages/runtime.osx-arm64.microsoft.dotnet.ilcompiler/7.0.0-dev/framework/libSystem.IO.Compression.Native.a \
       /Users/am11/.nuget/packages/runtime.osx-arm64.microsoft.dotnet.ilcompiler/7.0.0-dev/framework/libSystem.Net.Security.Native.a \
       /Users/am11/.nuget/packages/runtime.osx-arm64.microsoft.dotnet.ilcompiler/7.0.0-dev/framework/libSystem.Security.Cryptography.Native.Apple.a \
       -rpath @executable_path -lc++ -ldl -lm -lz -licucore \
       -framework CoreFoundation -framework Foundation -framework Security -framework GSS \
       -lSystem /Applications/Xcode.app/Contents/Developer/Toolchains/XcodeDefault.xctoolchain/usr/lib/clang/13.0.0/lib/darwin/libclang_rt.osx.a \
       -v

@(#)PROGRAM:ld  PROJECT:ld64-711
BUILD 21:57:24 Nov 17 2021
configured to support archs: armv6 armv7 armv7s arm64 arm64e arm64_32 i386 x86_64 x86_64h armv6m armv7k armv7m armv7em
Library search paths:
	/usr/local/lib
	/Applications/Xcode.app/Contents/Developer/Platforms/MacOSX.platform/Developer/SDKs/MacOSX.sdk/usr/lib
Framework search paths:
	/Applications/Xcode.app/Contents/Developer/Platforms/MacOSX.platform/Developer/SDKs/MacOSX.sdk/System/Library/Frameworks/
ld: malformed __LD,__compact_unwind section, bad length file 'obj/release/net7.0/osx-arm64/native/naot1.o'
```

**Comment by MichalStrehovsky** [comment]
Digging in Apple's source code, the error seems to be:

https://github.com/apple-oss-distributions/ld64/blob/dbf8f7feb5579761f1623b004bd468bdea7c6225/src/ld/parsers/macho_relocatable_file.cpp#L5631-L5632

the size of __compact_unwind section is not divisible by the size of the unwind entry. That's odd because we don't generate the Apple weird thing, we generate DWARF CFI.

However, looking at LLVM source code, I think this is kicking in:

https://github.com/dotnet/llvm-project/blob/f1120a92d05f1c57e75af7d16504012570ef3409/llvm/lib/MC/MCObjectFileInfo.cpp#L30-L32

And LLVM does generate something on our behalf. Probably broken from the sound of it.

I would dig around that - can we still make do without a __compact_unwind section? If it's not present in the executable, maybe ld would still do the right thing and convert it from CFI to the compact unwind scheme for us.

Maybe the right thing would be to start generating compact unwinding because Apple tends to unceremoniously cut off things they don't like anymore after a couple years of supporting both the thing they stopped liking and the new shiny thing. Unwinding codes are currently generated in RyuJIT.

**Comment by am11** [comment]
Thanks, and nice detective work finding those links! (I was only searching across org:dotnet 😅)

Disabling compact unwind (https://github.com/dotnet/llvm-project/pull/185/commits/090a4651fd8f1ccc27bf5c87f8ec00a9861daf09) revealed some missing symbols errors. Those error messages were generous enough to point me to the missing `C_FUNC()`: https://github.com/am11/runtime/commit/3bcd7b6c (I previously fixed couple of those in https://github.com/am11/runtime/commit/b8cc922c79653098a1ad9d3eb64bec7c1d8db58e which were failing the runtime build, but the new ones only show up when consuming `Microsoft.DotNet.ILCompiler` package 🤷) 

Looks like we are getting there. Next error is:

```
  ld: in section __DATA,.corert_eh_table reloc 0: unknown relocation type 15 file 'obj/release/net7.0/osx-arm64/native/naot1.o'
```

[Apparently](https://github.com/dotnet/llvm-project/blob/f1120a92d05f1c57e75af7d16504012570ef3409/llvm/include/llvm/BinaryFormat/MachO.h#L427), reloc 15 is assigned to `PPC_RELOC_LOCAL_SECTDIFF` (suggesting _something_ is off the kilter.. 👀).

**Comment by MichalStrehovsky** [comment]
`.corert_eh_table` uses the 32-bit relative relocs that would be translated to `FK_PCRel_4` I think - so something might be going wrong around that.

Can you try updating this:

https://github.com/dotnet/runtime/blob/59bb459449107850a3a477aa8bba65c57bec9736/src/coreclr/tools/Common/TypeSystem/Common/TargetDetails.cs#L94-L100

and make it so that it returns `false` for ARM64 macOS? (use `Architecture` and `OperatingSystem` that is conveniently available on the class).

This will make the compiler avoid generating 32bit relative relocations in favor of full pointers. It will make the executables a bit bigger. We would want to try find a way to do 32bit relative relocs eventually, but let's first find out if that's really the problem.

**Comment by am11** [comment]
Having SupportsRelativePointers to return false had no effect, getting the ditto ld error. :(

**Comment by MichalStrehovsky** [comment]
Ah, there's an extra code path that is not active for Wasm or CppCodegen (for which `SupportsRelativePointers` was introduced) - replace `IMAGE_REL_BASED_RELPTR32` with `IMAGE_REL_BASED_DIR64` in src\coreclr\tools\aot\ILCompiler.Compiler\Compiler\DependencyAnalysis\ObjectWriter.cs. This is nothing but a hack (it's going to crash if we take a GC or exception at runtime), but it might help narrowing down the problem/make further progress.

**Comment by am11** [comment]
Thanks, this workaround worked for `.corert_eh_table` section. Now I am getting it from another section:

```
  ld: in section __TEXT,__const reloc 0: unknown relocation type 15 file 'obj/release/net7.0/osx-arm64/native/naot1.o'
```

I'll try to find out what is causing type 15 failure (to avoid workarounds).

**Comment by MichalStrehovsky** [comment]
> I'll try to find out what is causing type 15 failure (to avoid workarounds).

Yeah, that sounds like a better plan. This workaround is starting to get out of hand (I think now it's relocs generated by RyuJIT).

I was able to make quick progress on issues like this in the past by reducing the problem into a ZeroSharp no-runtime size (https://github.com/MichalStrehovsky/zerosharp) repro case. The object files generated out of that are just a couple kilobytes in size and it's easier to trace through the problematic code within the compiler with that. But it's not mandatory to go in that direction, just a possible avenue if too many things are happening in a full Hello World.

**Comment by am11** [comment]
Pushed a commit to objwriter (https://github.com/dotnet/llvm-project/pull/185/commits/7280b550bb8ac3cce72a1ee288dc744b1ab9b1b6) which fixes type 15 error. After that `dotnet publish` produced the binary successfully but it does not print `Hello World!` yet. :)

```gdb
 % lldb bin/release/net7.0/osx-arm64/publish/naot1                
Added Microsoft public symbol server
Added symbol directory path: /usr/local/share/dotnet/shared/Microsoft.NETCore.App/6.0.2
Added symbol directory path: /usr/local/share/dotnet/packs/Microsoft.NETCore.App.Host.osx-arm64/6.0.2/runtimes/osx-arm64/native
(lldb) target create "../naot1/bin/release/net7.0/osx-arm64/publish/naot1"
Current executable set to '/Users/am11/projects/naot1/bin/release/net7.0/osx-arm64/publish/naot1' (arm64).
(lldb) r
Process 38291 launched: '/Users/am11/projects/naot1/bin/release/net7.0/osx-arm64/publish/naot1' (arm64)
Process 38291 stopped
* thread #1, queue = 'com.apple.main-thread', stop reason = EXC_BAD_ACCESS (code=2, address=0x100460988)
    frame #0: 0x0000000100460988 naot1`tls_CurrentThread
naot1`tls_CurrentThread:
->  0x100460988 <+0>:  ldp    x16, x17, [x9, #-0xd0]
    0x10046098c <+4>:  udf    #0x1
    0x100460990 <+8>:  udf    #0x102
    0x100460994 <+12>: udf    #0x0
Target 0: (naot1) stopped.
(lldb) bt all
* thread #1, queue = 'com.apple.main-thread', stop reason = EXC_BAD_ACCESS (code=2, address=0x100460988)
  * frame #0: 0x0000000100460988 naot1`tls_CurrentThread
    frame #1: 0x00000001001a6db0 naot1`InitializeModules + 80
    frame #2: 0x0000000100006438 naot1`main [inlined] InitializeRuntime() at main.cpp:169:5 [opt]
    frame #3: 0x00000001000063ac naot1`main(argc=1, argv=0x000000016fdff798) at main.cpp:201:19 [opt]
    frame #4: 0x0000000100c350f4 dyld`start + 520
  thread #2
    frame #0: 0x00000001a96f1eac libsystem_kernel.dylib`mach_absolute_time + 108
    frame #1: 0x00000001a96f3838 libsystem_kernel.dylib`__commpage_gettimeofday_internal + 44
    frame #2: 0x00000001a95f9534 libsystem_c.dylib`gettimeofday + 52
    frame #3: 0x000000010004fcb4 naot1`::QueryPerformanceCounter(lpPerformanceCount=0x000000016fe86f68) at PalRedhawkUnix.cpp:1090:9 [opt]
    frame #4: 0x0000000100012090 naot1`EnsureYieldProcessorNormalizedInitialized() [inlined] PalQueryPerformanceCounter(arg1=0x000000016fe86f68) at PalRedhawkFunctions.h:131:12 [opt]
    frame #5: 0x0000000100012088 naot1`EnsureYieldProcessorNormalizedInitialized() at yieldprocessornormalized.cpp:76:9 [opt]
    frame #6: 0x0000000100012024 naot1`EnsureYieldProcessorNormalizedInitialized() at yieldprocessornormalized.cpp:118:9 [opt]
    frame #7: 0x000000010000801c naot1`FinalizerStart(pContext=0x0000600003000090) at FinalizerHelpers.cpp:54:5 [opt]
    frame #8: 0x00000001a972d240 libsystem_pthread.dylib`_pthread_start + 148
```

**Comment by MichalStrehovsky** [comment]
Great progress!

If I'm looking at the right thing, `tls_currentThread` is data, not code, so I guess we shouldn't be running it. But seeing a problem around it is not completely surprising since TLS access is likely going to be different on macOS than it is on Linux. The fix will probably be around the `INLINE_GET_TLS_VAR` macro in src\coreclr\nativeaot\Runtime. It should expand to however threadlocal statics are accessed on ARM64. There already is an `if APPLE` on the x64 version of the macro.

**Comment by am11** [comment]
Yup, that was it: https://github.com/am11/runtime/commit/5106fc986382dae29aeaf93402f0f3dea408bc7d (based on  [ELF sequence](https://github.com/dotnet/llvm-project/blob/objwriter/12.x/llvm/lib/Target/AArch64/AArch64ISelLowering.cpp#L6091) vs. [MachO](https://github.com/dotnet/llvm-project/blob/objwriter/12.x/llvm/lib/Target/AArch64/AArch64ISelLowering.cpp#L5935))

It has moved the needle a bit; next up is `RhpNewArray`:
```gdb
(lldb) r
Process 89591 launched: '/Users/am11/projects/naot1/bin/release/net7.0/osx-arm64/publish/naot1' (arm64)
This version of LLDB has no plugin for the mipsassem language. Inspection of frame variables will be limited.
Process 89591 stopped
* thread #1, queue = 'com.apple.main-thread', stop reason = EXC_BAD_ACCESS (code=2, address=0x1a9734530)
    frame #0: 0x000000010005c750 naot1`RhpNewArray at AllocFast.S:213
   210 	        ldr         x12, [x3, #OFFSETOF__Thread__m_alloc_context__alloc_ptr]
   211 	
   212 	        // Update the alloc pointer to account for the allocation.
-> 213 	        str         x2, [x3, #OFFSETOF__Thread__m_alloc_context__alloc_ptr]
   214 	
   215 	        // Set the new objects MethodTable pointer and element count.
   216 	        str         x0, [x12, #OFFSETOF__Object__m_pEEType]
Target 0: (naot1) stopped.

(lldb) bt
* thread #1, queue = 'com.apple.main-thread', stop reason = EXC_BAD_ACCESS (code=2, address=0x1a9734530)
  * frame #0: 0x000000010005c750 naot1`RhpNewArray at AllocFast.S:213
    frame #1: 0x00000001001a7114 naot1`S_P_CoreLib_Internal_Runtime_CompilerHelpers_StartupCodeHelpers__CreateTypeManagers + 100
    frame #2: 0x00000001001a6db0 naot1`InitializeModules + 80
    frame #3: 0x0000000100006458 naot1`main [inlined] InitializeRuntime() at main.cpp:169:5 [opt]
    frame #4: 0x00000001000063cc naot1`main(argc=1, argv=0x000000016fdff7a0) at main.cpp:201:19 [opt]
    frame #5: 0x0000000100c350f4 dyld`start + 520
    
(lldb) register read
General Purpose Registers:
        x0 = 0x0000000100f04290
        x1 = 0x0000000000000001
        x2 = 0xd53bd071f9400430
        x3 = 0x00000001a9734530  libdyld.dylib`tlv_get_addr
        x4 = 0x000000000000000a
        x5 = 0x0000000000000000
        x6 = 0x0000000000000002
        x7 = 0x0000000000000000
        x8 = 0x00000000ffffffff
        x9 = 0x0000000000000000
       x10 = 0x0000000000000070
       x11 = 0x0000000000000001
       x12 = 0xd53bd071f9400410
       x13 = 0x0000000001dfb800
       x14 = 0x0000000001c00000
       x15 = 0x0000000000000044
       x16 = 0x0000000000000000
       x17 = 0x0000000100f04290
       x18 = 0x0000000000000000
       x19 = 0x0000000000000001
       x20 = 0x0000000100460968  naot1`__Module
       x21 = 0x0000000100000000  naot1`_mh_execute_header
       x22 = 0x00000001003773a0  naot1`c_classlibFunctions
       x23 = 0x000000000000000a
       x24 = 0x0000000000000000
       x25 = 0x0000000000000000
       x26 = 0x0000000000000000
       x27 = 0x0000000000000000
       x28 = 0x0000000000000000
        fp = 0x000000016fdff570
        lr = 0x000000010005c738  naot1`RhpNewArray + 56
        sp = 0x000000016fdff560
        pc = 0x000000010005c750  naot1`RhpNewArray + 80
      cpsr = 0x80001000

# a weird "error: warning: warning:" from printer
(lldb) p OFFSETOF__Thread__m_alloc_context__alloc_ptr
error: warning: warning: got name from symbols: OFFSETOF__Thread__m_alloc_context__alloc_ptr
error: <user expression 8>:1:1: reference to 'OFFSETOF__Thread__m_alloc_context__alloc_ptr' is ambiguous
OFFSETOF__Thread__m_alloc_context__alloc_ptr
^
note: candidate found by name lookup is 'OFFSETOF__Thread__m_alloc_context__alloc_ptr'

note: candidate found by name lookup is 'OFFSETOF__Thread__m_alloc_context__alloc_ptr'

# but this suggests offset is zero
(lldb) image lookup -n OFFSETOF__Thread__m_alloc_context__alloc_ptr
1 match found in /Users/am11/projects/naot1/bin/release/net7.0/osx-arm64/publish/naot1:
        Address: 0x0000000000000000 (0x0000000000000000)
        Summary: 0x0000000000000000
```

**Comment by MichalStrehovsky** [comment]
That looks related to the TLS access. We're here:

https://github.com/dotnet/runtime/blob/9b2e2a830a4e2e67c920aa200329533baba5c363/src/coreclr/nativeaot/Runtime/arm64/AllocFast.S#L193-L213

My suspicion is that `INLINE_GETTHREAD` loaded a bogus address into x3. It's supposed to load the `tls_CurrentThread` thread-local static.

https://github.com/dotnet/runtime/blob/9b2e2a830a4e2e67c920aa200329533baba5c363/src/coreclr/nativeaot/Runtime/unix/unixasmmacrosarm64.inc#L215-L217

I would put a breakpoint here:

https://github.com/dotnet/runtime/blob/9b2e2a830a4e2e67c920aa200329533baba5c363/src/coreclr/nativeaot/Runtime/threadstore.inl#L6-L10

and see what value the variable has (and how the compiler got to it in assembly). Then compare with what INLINE_GETTHREAD came up with. (Make sure you're looking at the same thread, we already have the finalizer thread running at this point in startup).

**Comment by am11** [comment]
Ah, right, had to move x0 to the target register and also pop stack before endm for `APPLE` branch: https://github.com/am11/runtime/commit/750fc8349ce41a66998cd5a847d2e22c979c285e. Thanks for the debugging pointers, I just printed its address with ` p (Thread *) &tls_CurrentThread` and then compared what's the effect on x3 before and after Alloc.S:196.

_Now_ we are in the managed main and getting to the code emitted via objwriter:
```gdb
(lldb) target create "../naot1/bin/release/net7.0/osx-arm64/native/naot1"
Current executable set to '/Users/am11/projects/naot1/bin/release/net7.0/osx-arm64/native/naot1' (arm64).

(lldb) r
Process 86586 launched: '/Users/am11/projects/naot1/bin/release/net7.0/osx-arm64/native/naot1' (arm64)
Process 86586 stopped
* thread #1, queue = 'com.apple.main-thread', stop reason = EXC_BAD_ACCESS (code=1, address=0x0)
    frame #0: 0x00000001001fa8a4 naot1`S_P_CoreLib_System_Collections_Generic_EqualityComparer_1<System___Canon>__Create + 52
naot1`S_P_CoreLib_System_Collections_Generic_EqualityComparer_1<System___Canon>__Create:
->  0x1001fa8a4 <+52>: ldr    x1, [x0]
    0x1001fa8a8 <+56>: ldr    x1, [x1, #0x1e8]
    0x1001fa8ac <+60>: blr    x1
    0x1001fa8b0 <+64>: bl     0x1001a3b10               ; S_P_CoreLib_Internal_IntrinsicSupport_EqualityComparerHelpers__GetComparer
Target 0: (naot1) stopped.

(lldb) bt all
* thread #1, queue = 'com.apple.main-thread', stop reason = EXC_BAD_ACCESS (code=1, address=0x0)
  * frame #0: 0x00000001001fa8a4 naot1`S_P_CoreLib_System_Collections_Generic_EqualityComparer_1<System___Canon>__Create + 52
    frame #1: 0x0000000100190dd4 naot1`S_P_CoreLib_System_Collections_Generic_NonRandomizedStringEqualityComparer___cctor + 36
    frame #2: 0x000000010019722c naot1`S_P_CoreLib_System_Runtime_CompilerServices_ClassConstructorRunner__EnsureClassConstructorRun + 204
    frame #3: 0x00000001001970e4 naot1`S_P_CoreLib_System_Runtime_CompilerServices_ClassConstructorRunner__CheckStaticClassConstructionReturnGCStaticBase + 20
    frame #4: 0x0000000100190d48 naot1`S_P_CoreLib_System_Collections_Generic_NonRandomizedStringEqualityComparer__GetStringComparer + 24
    frame #5: 0x000000010020cc80 naot1`S_P_CoreLib_System_Collections_Generic_Dictionary_2<System___Canon__System___Canon>___ctor_2 + 128
    frame #6: 0x00000001000e2a04 naot1`S_P_CoreLib_System_AppContext__SetData + 84
    frame #7: 0x00000001002125a0 naot1`Internal_CompilerGenerated__Module___SetAppContextSwitches + 32
    frame #8: 0x0000000100212734 naot1`__managed__Main + 228
    frame #9: 0x0000000100006454 naot1`main(argc=1, argv=0x000000016fdff798) at main.cpp:205:18 [opt]
    frame #10: 0x0000000100c350f4 dyld`start + 520
  thread #2
    frame #0: 0x00000001a96f1eac libsystem_kernel.dylib`mach_absolute_time + 108
    frame #1: 0x00000001a96f3838 libsystem_kernel.dylib`__commpage_gettimeofday_internal + 44
    frame #2: 0x00000001a95f9534 libsystem_c.dylib`gettimeofday + 52
    frame #3: 0x000000010004fcc4 naot1`::QueryPerformanceCounter(lpPerformanceCount=0x000000016fe86f68) at PalRedhawkUnix.cpp:1090:9 [opt]
    frame #4: 0x00000001000120a0 naot1`EnsureYieldProcessorNormalizedInitialized() [inlined] PalQueryPerformanceCounter(arg1=0x000000016fe86f68) at PalRedhawkFunctions.h:131:12 [opt]
    frame #5: 0x0000000100012098 naot1`EnsureYieldProcessorNormalizedInitialized() at yieldprocessornormalized.cpp:76:9 [opt]
    frame #6: 0x0000000100012034 naot1`EnsureYieldProcessorNormalizedInitialized() at yieldprocessornormalized.cpp:118:9 [opt]
    frame #7: 0x000000010000802c naot1`FinalizerStart(pContext=0x0000600003000090) at FinalizerHelpers.cpp:54:5 [opt]
    frame #8: 0x00000001a972d240 libsystem_pthread.dylib`_pthread_start + 148

(lldb) register read
General Purpose Registers:
        x0 = 0x0000000000000000
        x1 = 0x0000000100373628  (void *)0x0000000100469238: __writableDataString
        x2 = 0x00000001003eeaf0  __TypeThreadStaticIndexS_P_CoreLib_System_Threading_ManagedThreadId
        x3 = 0x0000000000000018
        x4 = 0x0000000000000000
        x5 = 0x0000000101800000
        x6 = 0x0000000000000007
        x7 = 0x0000000000000000
        x8 = 0x0000000100ec11f0
        x9 = 0x0000600000004090
       x10 = 0x00000001a9734530  libdyld.dylib`tlv_get_addr
       x11 = 0x0000000000000001
       x12 = 0x000000010045f1e8  g_ephemeral_high
       x13 = 0x0000000101807fd0
       x14 = 0x0000000101806608
       x15 = 0x0000000101806620
       x16 = 0x0000000000000000
       x17 = 0x0000000100f04290
       x18 = 0x0000000000000000
       x19 = 0x000000010041bf70  vtable for S_P_CoreLib_System_Collections_Generic_EqualityComparer_1<String>
       x20 = 0x00000001198061d8
       x21 = 0x00000001198061e0
       x22 = 0x0000000101806440
       x23 = 0x0000000119804820
       x24 = 0x0000000000000000
       x25 = 0x0000000000000000
       x26 = 0x0000000000000000
       x27 = 0x0000000000000000
       x28 = 0x0000000000000000
        fp = 0x000000016fdff420
        lr = 0x00000001001fa8a4  naot1`S_P_CoreLib_System_Collections_Generic_EqualityComparer_1<System___Canon>__Create + 52
        sp = 0x000000016fdff420
        pc = 0x00000001001fa8a4  naot1`S_P_CoreLib_System_Collections_Generic_EqualityComparer_1<System___Canon>__Create + 52
      cpsr = 0x60001000
```

**Comment by MichalStrehovsky** [comment]
This doesn't ring any bell - can you paste the full disassembly of the faulting method? It's not clear where we are. I'm guessing that this is an attempt to do a virtual call to access the `TypeHandle` property here:

https://github.com/dotnet/runtime/blob/07e87bc4cb0358f57e7116e047f7d2017b049cf9/src/coreclr/nativeaot/System.Private.CoreLib/src/System/Collections/Generic/EqualityComparer.CoreRT.cs#L30

...but the `System.Type` we got out of the `typeof` is bogus. Right before that you should see a call to this method:

https://github.com/dotnet/runtime/blob/07e87bc4cb0358f57e7116e047f7d2017b049cf9/src/coreclr/nativeaot/System.Private.CoreLib/src/Internal/Runtime/CompilerHelpers/LdTokenHelpers.cs#L34-L37

Validate that the parameter to the method is correct (it should be a `MethodTable*` and should have an associated textual symbol) and then try to step through what it's doing.

Might be easier to debug through this with optimizations off (drop the `-O` parameter from the ilc command line or `dotnet publish` as `Debug`).

**Comment by am11** [comment]
With debug, here is the full disassembly at IP/PC (`0x1002f0bb8` in the middle of disassembly):
```gdb
(lldb) r
Process 88778 launched: '/Users/am11/projects/naot1/bin/Debug/net7.0/osx-arm64/publish/naot1' (arm64)
Process 88778 stopped
* thread #1, queue = 'com.apple.main-thread', stop reason = EXC_BAD_ACCESS (code=1, address=0x0)
    frame #0: 0x00000001002f0bb8 naot1`S_P_CoreLib_System_Collections_Generic_EqualityComparer_1<System___Canon>__Create + 168
naot1`S_P_CoreLib_System_Collections_Generic_EqualityComparer_1<System___Canon>__Create:
->  0x1002f0bb8 <+168>: ldr    wzr, [x0]
    0x1002f0bbc <+172>: blr    x1
    0x1002f0bc0 <+176>: str    x0, [x29, #0x48]
    0x1002f0bc4 <+180>: ldr    x0, [x29, #0x48]
Target 0: (naot1) stopped.
(lldb) bt
* thread #1, queue = 'com.apple.main-thread', stop reason = EXC_BAD_ACCESS (code=1, address=0x0)
  * frame #0: 0x00000001002f0bb8 naot1`S_P_CoreLib_System_Collections_Generic_EqualityComparer_1<System___Canon>__Create + 168
    frame #1: 0x00000001002f0c74 naot1`S_P_CoreLib_System_Collections_Generic_EqualityComparer_1<System___Canon>__get_Default + 68
    frame #2: 0x000000010023dec4 naot1`S_P_CoreLib_System_Collections_Generic_NonRandomizedStringEqualityComparer___cctor + 36
    frame #3: 0x0000000100247ba0 naot1`S_P_CoreLib_System_Runtime_CompilerServices_ClassConstructorRunner__EnsureClassConstructorRun + 384
    frame #4: 0x0000000100247988 naot1`S_P_CoreLib_System_Runtime_CompilerServices_ClassConstructorRunner__CheckStaticClassConstructionReturnGCStaticBase + 24
    frame #5: 0x000000010023de28 naot1`S_P_CoreLib_System_Collections_Generic_NonRandomizedStringEqualityComparer__GetStringComparer + 40
    frame #6: 0x000000010030e32c naot1`S_P_CoreLib_System_Collections_Generic_Dictionary_2<System___Canon__System___Canon>___ctor_2 + 268
    frame #7: 0x000000010030e1dc naot1`S_P_CoreLib_System_Collections_Generic_Dictionary_2<System___Canon__System___Canon>___ctor + 28
    frame #8: 0x0000000100123414 naot1`S_P_CoreLib_System_AppContext__SetData + 116
    frame #9: 0x0000000100317a9c naot1`Internal_CompilerGenerated__Module___SetAppContextSwitches + 28
    frame #10: 0x0000000100317bbc naot1`__managed__Main + 60
    frame #11: 0x000000010000df64 naot1`main(argc=1, argv=0x000000016fdff7a0) at main.cpp:205:18 [opt]
    frame #12: 0x0000000100f190f4 dyld`start + 520
(lldb) disassemble -a 0x1002f0bb8
naot1`S_P_CoreLib_System_Collections_Generic_EqualityComparer_1<System___Canon>__Create:
    0x1002f0b10 <+0>:   stp    x29, x30, [sp, #-0x90]!
    0x1002f0b14 <+4>:   mov    x29, sp
    0x1002f0b18 <+8>:   add    x9, x29, #0x28            ; =0x28 
    0x1002f0b1c <+12>:  movi.16b v16, #0x0
    0x1002f0b20 <+16>:  stp    q16, q16, [x9]
    0x1002f0b24 <+20>:  stp    q16, q16, [x9, #0x20]
    0x1002f0b28 <+24>:  stp    xzr, xzr, [x9, #0x40]
    0x1002f0b2c <+28>:  str    xzr, [x9, #0x50]
    0x1002f0b30 <+32>:  str    x0, [x29, #0x88]
    0x1002f0b34 <+36>:  str    x0, [x29, #0x80]
    0x1002f0b38 <+40>:  ldr    x0, [x29, #0x80]
    0x1002f0b3c <+44>:  bl     0x10000b380               ; __GenericLookupFromType_S_P_CoreLib_System_Collections_Generic_EqualityComparer_1<System___Canon>_GCStaticBase_S_P_CoreLib_System_Collections_Generic_EqualityComparer_1<T_System___Canon>
    0x1002f0b40 <+48>:  add    x0, x0, #0x8              ; =0x8 
    0x1002f0b44 <+52>:  str    x0, [x29, #0x78]
    0x1002f0b48 <+56>:  ldr    x0, [x29, #0x80]
    0x1002f0b4c <+60>:  bl     0x10000bd54               ; __GenericLookupFromType_S_P_CoreLib_System_Collections_Generic_EqualityComparer_1<System___Canon>_TypeHandle_S_P_CoreLib_System_Collections_Generic_EqualityComparer_1<T_System___Canon>
    0x1002f0b50 <+64>:  bl     0x1002f0af0               ; S_P_CoreLib_System_Collections_Generic_EqualityComparer_1<System___Canon>__get_SupportsGenericIEquatableInterfaces
    0x1002f0b54 <+68>:  str    w0, [x29, #0x74]
    0x1002f0b58 <+72>:  ldr    x0, [x29, #0x78]
    0x1002f0b5c <+76>:  str    x0, [x29, #0x68]
    0x1002f0b60 <+80>:  ldr    w0, [x29, #0x74]
    0x1002f0b64 <+84>:  cbnz   w0, 0x1002f0b88           ; <+120>
    0x1002f0b68 <+88>:  nop    
    0x1002f0b6c <+92>:  nop    
    0x1002f0b70 <+96>:  nop    
    0x1002f0b74 <+100>: nop    
    0x1002f0b78 <+104>: nop    
    0x1002f0b7c <+108>: ldr    x0, [x29, #0x68]
    0x1002f0b80 <+112>: str    x0, [x29, #0x28]
    0x1002f0b84 <+116>: b      0x1002f0b84               ; <+116>
    0x1002f0b88 <+120>: ldr    x0, [x29, #0x80]
    0x1002f0b8c <+124>: bl     0x10000bd60               ; __GenericLookupFromType_S_P_CoreLib_System_Collections_Generic_EqualityComparer_1<System___Canon>_TypeHandle_T_System___Canon
    0x1002f0b90 <+128>: bl     0x100261960               ; S_P_CoreLib_Internal_Runtime_CompilerHelpers_LdTokenHelpers__GetRuntimeTypeHandle
    0x1002f0b94 <+132>: str    x0, [x29, #0x60]
    0x1002f0b98 <+136>: ldr    x0, [x29, #0x60]
    0x1002f0b9c <+140>: bl     0x100140890               ; S_P_CoreLib_System_Type__GetTypeFromHandle
    0x1002f0ba0 <+144>: str    x0, [x29, #0x58]
    0x1002f0ba4 <+148>: adrp   x0, -747
    0x1002f0ba8 <+152>: add    x0, x0, #0x4a8            ; =0x4a8 
    0x1002f0bac <+156>: str    x0, [x29, #0x50]
    0x1002f0bb0 <+160>: ldr    x0, [x29, #0x58]
    0x1002f0bb4 <+164>: ldr    x1, [x29, #0x50]
->  0x1002f0bb8 <+168>: ldr    wzr, [x0]
    0x1002f0bbc <+172>: blr    x1
    0x1002f0bc0 <+176>: str    x0, [x29, #0x48]
    0x1002f0bc4 <+180>: ldr    x0, [x29, #0x48]
    0x1002f0bc8 <+184>: bl     0x1002596d0               ; S_P_CoreLib_Internal_IntrinsicSupport_EqualityComparerHelpers__GetComparer
    0x1002f0bcc <+188>: str    x0, [x29, #0x40]
    0x1002f0bd0 <+192>: ldr    x0, [x29, #0x80]
    0x1002f0bd4 <+196>: bl     0x10000c954               ; __GenericLookupFromType_S_P_CoreLib_System_Collections_Generic_EqualityComparer_1<System___Canon>_MethodDictionary_S_P_CoreLib_System_Runtime_CompilerServices_Unsafe__As<S_P_CoreLib_System_Collections_Generic_EqualityComparer_1<T_System___Canon>>
    0x1002f0bd8 <+200>: str    x0, [x29, #0x20]
    0x1002f0bdc <+204>: ldr    x0, [x29, #0x20]
    0x1002f0be0 <+208>: ldr    x1, [x29, #0x40]
    0x1002f0be4 <+212>: bl     0x100370490               ; S_P_CoreLib_System_Runtime_CompilerServices_Unsafe__As<System___Canon>
    0x1002f0be8 <+216>: str    x0, [x29, #0x38]
    0x1002f0bec <+220>: ldr    x0, [x29, #0x80]
    0x1002f0bf0 <+224>: bl     0x10000c948               ; __GenericLookupFromType_S_P_CoreLib_System_Collections_Generic_EqualityComparer_1<System___Canon>_MethodDictionary_S_P_CoreLib_System_Threading_Interlocked__CompareExchange_3<S_P_CoreLib_System_Collections_Generic_EqualityComparer_1<T_System___Canon>>
    0x1002f0bf4 <+228>: str    x0, [x29, #0x18]
    0x1002f0bf8 <+232>: ldr    x0, [x29, #0x18]
    0x1002f0bfc <+236>: ldr    x1, [x29, #0x68]
    0x1002f0c00 <+240>: ldr    x2, [x29, #0x38]
    0x1002f0c04 <+244>: mov    x3, xzr
    0x1002f0c08 <+248>: bl     0x10036f770               ; S_P_CoreLib_System_Threading_Interlocked__CompareExchange_3<System___Canon>
    0x1002f0c0c <+252>: str    x0, [x29, #0x30]
    0x1002f0c10 <+256>: nop    
    0x1002f0c14 <+260>: ldr    x0, [x29, #0x80]
    0x1002f0c18 <+264>: bl     0x10000b380               ; __GenericLookupFromType_S_P_CoreLib_System_Collections_Generic_EqualityComparer_1<System___Canon>_GCStaticBase_S_P_CoreLib_System_Collections_Generic_EqualityComparer_1<T_System___Canon>
    0x1002f0c1c <+268>: ldr    x0, [x0, #0x8]
    0x1002f0c20 <+272>: ldp    x29, x30, [sp], #0x90
    0x1002f0c24 <+276>: ret    
    0x1002f0c28 <+280>: udf    #0x0
    0x1002f0c2c <+284>: udf    #0x0
```

BTW, runtime's build.sh also produced `~/projects/runtime/artifacts/packages/Release/Shipping/Microsoft.DotNet.ILCompiler.7.0.0-dev.symbols.nupkg`, but I am not sure if dotnet-sos, dotnet-symbol and friends recognize it OOTB (there were few exports which were required for singlefilehost to work with SOS: https://github.com/dotnet/runtime/commit/b0621e79cc2fe988875dd97a46f131439bdce636 and https://github.com/dotnet/runtime/commit/8c6e3e995af2714bc4c35086afce0cdbf449df1d. That would make things super easy to debug.

**Comment by MichalStrehovsky** [comment]
I'm still looking at the disassembly, but while I'm doing that - the compiler produces DWARF debug information so you should be getting line numbers and local variables. It's supposed to debug like C++. Make sure ILC is invoked with the `-g` option (it should be unless opted out).

**Comment by am11** [comment]
Yup, `./obj/Debug/net7.0/osx-arm64/native/naot1.ilc.rsp` has `-g`. So the output in lldb is complete/expected. 👍

**Comment by MichalStrehovsky** [comment]
Can you dump what's in x0 at the spot where we call `S_P_CoreLib_System_Type__GetTypeFromHandle`? It should be an address that has a symbol associated with it (`image lookup -va the_address_in_x0` should show a symbol for it). If there's no symbol, it's suspicious - it should be pointing to a MethodTable so you can cast it to MethodTable* and dump the contents to see if it looks legit. If it has a symbol, it's legit for sure.

If x0 is already bogus at that point, check x0 before the call to `__GenericLookupFromType_S_P_CoreLib_System_Collections_Generic_EqualityComparer_1<System___Canon>_TypeHandle_S_P_CoreLib_System_Collections_Generic_EqualityComparer_1<T_System___Canon>`. That one should also be a MethodTable with a symbol associated.

> Yup, ./obj/Debug/net7.0/osx-arm64/native/naot1.ilc.rsp has -g. So the output in lldb is complete/expected. 👍

Just to double check - do you get line debugging and local variables as well?

**Comment by am11** [comment]
`vtable for String` is the name:

```gdb
(lldb) r
Process 89722 launched: '/Users/am11/projects/naot1/bin/Debug/net7.0/osx-arm64/publish/naot1' (arm64)
Process 89722 stopped
* thread #1, queue = 'com.apple.main-thread', stop reason = EXC_BAD_ACCESS (code=1, address=0x0)
    frame #0: 0x00000001002f0bb8 naot1`S_P_CoreLib_System_Collections_Generic_EqualityComparer_1<System___Canon>__Create + 168
naot1`S_P_CoreLib_System_Collections_Generic_EqualityComparer_1<System___Canon>__Create:
->  0x1002f0bb8 <+168>: ldr    wzr, [x0]
    0x1002f0bbc <+172>: blr    x1
    0x1002f0bc0 <+176>: str    x0, [x29, #0x48]
    0x1002f0bc4 <+180>: ldr    x0, [x29, #0x48]
Target 0: (naot1) stopped.

(lldb) disassemble -a 0x1002f0bb8
naot1`S_P_CoreLib_System_Collections_Generic_EqualityComparer_1<System___Canon>__Create:
    0x1002f0b10 <+0>:   stp    x29, x30, [sp, #-0x90]!
    0x1002f0b14 <+4>:   mov    x29, sp
    0x1002f0b18 <+8>:   add    x9, x29, #0x28            ; =0x28 
    0x1002f0b1c <+12>:  movi.16b v16, #0x0
    0x1002f0b20 <+16>:  stp    q16, q16, [x9]
    0x1002f0b24 <+20>:  stp    q16, q16, [x9, #0x20]
    0x1002f0b28 <+24>:  stp    xzr, xzr, [x9, #0x40]
    0x1002f0b2c <+28>:  str    xzr, [x9, #0x50]
    0x1002f0b30 <+32>:  str    x0, [x29, #0x88]
    0x1002f0b34 <+36>:  str    x0, [x29, #0x80]
    0x1002f0b38 <+40>:  ldr    x0, [x29, #0x80]
    0x1002f0b3c <+44>:  bl     0x10000b380               ; __GenericLookupFromType_S_P_CoreLib_System_Collections_Generic_EqualityComparer_1<System___Canon>_GCStaticBase_S_P_CoreLib_System_Collections_Generic_EqualityComparer_1<T_System___Canon>
    0x1002f0b40 <+48>:  add    x0, x0, #0x8              ; =0x8 
    0x1002f0b44 <+52>:  str    x0, [x29, #0x78]
    0x1002f0b48 <+56>:  ldr    x0, [x29, #0x80]
    0x1002f0b4c <+60>:  bl     0x10000bd54               ; __GenericLookupFromType_S_P_CoreLib_System_Collections_Generic_EqualityComparer_1<System___Canon>_TypeHandle_S_P_CoreLib_System_Collections_Generic_EqualityComparer_1<T_System___Canon>
    0x1002f0b50 <+64>:  bl     0x1002f0af0               ; S_P_CoreLib_System_Collections_Generic_EqualityComparer_1<System___Canon>__get_SupportsGenericIEquatableInterfaces
    0x1002f0b54 <+68>:  str    w0, [x29, #0x74]
    0x1002f0b58 <+72>:  ldr    x0, [x29, #0x78]
    0x1002f0b5c <+76>:  str    x0, [x29, #0x68]
    0x1002f0b60 <+80>:  ldr    w0, [x29, #0x74]
    0x1002f0b64 <+84>:  cbnz   w0, 0x1002f0b88           ; <+120>
    0x1002f0b68 <+88>:  nop    
    0x1002f0b6c <+92>:  nop    
    0x1002f0b70 <+96>:  nop    
    0x1002f0b74 <+100>: nop    
    0x1002f0b78 <+104>: nop    
    0x1002f0b7c <+108>: ldr    x0, [x29, #0x68]
    0x1002f0b80 <+112>: str    x0, [x29, #0x28]
    0x1002f0b84 <+116>: b      0x1002f0b84               ; <+116>
    0x1002f0b88 <+120>: ldr    x0, [x29, #0x80]
    0x1002f0b8c <+124>: bl     0x10000bd60               ; __GenericLookupFromType_S_P_CoreLib_System_Collections_Generic_EqualityComparer_1<System___Canon>_TypeHandle_T_System___Canon
    0x1002f0b90 <+128>: bl     0x100261960               ; S_P_CoreLib_Internal_Runtime_CompilerHelpers_LdTokenHelpers__GetRuntimeTypeHandle
    0x1002f0b94 <+132>: str    x0, [x29, #0x60]
    0x1002f0b98 <+136>: ldr    x0, [x29, #0x60]
    0x1002f0b9c <+140>: bl     0x100140890               ; S_P_CoreLib_System_Type__GetTypeFromHandle
    0x1002f0ba0 <+144>: str    x0, [x29, #0x58]
    0x1002f0ba4 <+148>: adrp   x0, -747
    0x1002f0ba8 <+152>: add    x0, x0, #0x4a8            ; =0x4a8 
    0x1002f0bac <+156>: str    x0, [x29, #0x50]
    0x1002f0bb0 <+160>: ldr    x0, [x29, #0x58]
    0x1002f0bb4 <+164>: ldr    x1, [x29, #0x50]
->  0x1002f0bb8 <+168>: ldr    wzr, [x0]
    0x1002f0bbc <+172>: blr    x1
    0x1002f0bc0 <+176>: str    x0, [x29, #0x48]
    0x1002f0bc4 <+180>: ldr    x0, [x29, #0x48]
    0x1002f0bc8 <+184>: bl     0x1002596d0               ; S_P_CoreLib_Internal_IntrinsicSupport_EqualityComparerHelpers__GetComparer
    0x1002f0bcc <+188>: str    x0, [x29, #0x40]
    0x1002f0bd0 <+192>: ldr    x0, [x29, #0x80]
    0x1002f0bd4 <+196>: bl     0x10000c954               ; __GenericLookupFromType_S_P_CoreLib_System_Collections_Generic_EqualityComparer_1<System___Canon>_MethodDictionary_S_P_CoreLib_System_Runtime_CompilerServices_Unsafe__As<S_P_CoreLib_System_Collections_Generic_EqualityComparer_1<T_System___Canon>>
    0x1002f0bd8 <+200>: str    x0, [x29, #0x20]
    0x1002f0bdc <+204>: ldr    x0, [x29, #0x20]
    0x1002f0be0 <+208>: ldr    x1, [x29, #0x40]
    0x1002f0be4 <+212>: bl     0x100370490               ; S_P_CoreLib_System_Runtime_CompilerServices_Unsafe__As<System___Canon>
    0x1002f0be8 <+216>: str    x0, [x29, #0x38]
    0x1002f0bec <+220>: ldr    x0, [x29, #0x80]
    0x1002f0bf0 <+224>: bl     0x10000c948               ; __GenericLookupFromType_S_P_CoreLib_System_Collections_Generic_EqualityComparer_1<System___Canon>_MethodDictionary_S_P_CoreLib_System_Threading_Interlocked__CompareExchange_3<S_P_CoreLib_System_Collections_Generic_EqualityComparer_1<T_System___Canon>>
    0x1002f0bf4 <+228>: str    x0, [x29, #0x18]
    0x1002f0bf8 <+232>: ldr    x0, [x29, #0x18]
    0x1002f0bfc <+236>: ldr    x1, [x29, #0x68]
    0x1002f0c00 <+240>: ldr    x2, [x29, #0x38]
    0x1002f0c04 <+244>: mov    x3, xzr
    0x1002f0c08 <+248>: bl     0x10036f770               ; S_P_CoreLib_System_Threading_Interlocked__CompareExchange_3<System___Canon>
    0x1002f0c0c <+252>: str    x0, [x29, #0x30]
    0x1002f0c10 <+256>: nop    
    0x1002f0c14 <+260>: ldr    x0, [x29, #0x80]
    0x1002f0c18 <+264>: bl     0x10000b380               ; __GenericLookupFromType_S_P_CoreLib_System_Collections_Generic_EqualityComparer_1<System___Canon>_GCStaticBase_S_P_CoreLib_System_Collections_Generic_EqualityComparer_1<T_System___Canon>
    0x1002f0c1c <+268>: ldr    x0, [x0, #0x8]
    0x1002f0c20 <+272>: ldp    x29, x30, [sp], #0x90
    0x1002f0c24 <+276>: ret    
    0x1002f0c28 <+280>: udf    #0x0
    0x1002f0c2c <+284>: udf    #0x0

(lldb) b -a 0x1002f0b9c
Breakpoint 1: where = naot1`S_P_CoreLib_System_Collections_Generic_EqualityComparer_1<System___Canon>__Create + 140, address = 0x00000001002f0b9c

(lldb) r
There is a running process, kill it and restart?: [Y/n] Y
Process 89722 exited with status = 9 (0x00000009) 
Process 89732 launched: '/Users/am11/projects/naot1/bin/Debug/net7.0/osx-arm64/publish/naot1' (arm64)
Process 89732 stopped
* thread #1, queue = 'com.apple.main-thread', stop reason = breakpoint 1.1
    frame #0: 0x00000001002f0b9c naot1`S_P_CoreLib_System_Collections_Generic_EqualityComparer_1<System___Canon>__Create + 140
naot1`S_P_CoreLib_System_Collections_Generic_EqualityComparer_1<System___Canon>__Create:
->  0x1002f0b9c <+140>: bl     0x100140890               ; S_P_CoreLib_System_Type__GetTypeFromHandle
    0x1002f0ba0 <+144>: str    x0, [x29, #0x58]
    0x1002f0ba4 <+148>: adrp   x0, -747
    0x1002f0ba8 <+152>: add    x0, x0, #0x4a8            ; =0x4a8 
Target 0: (naot1) stopped.

(lldb) register read x0
      x0 = 0x00000001005a0620  vtable for String

(lldb) image lookup -va 0x00000001005a0620
      Address: naot1[0x00000001005a0620] (naot1.__DATA.__data + 297760)
      Summary: vtable for String
       Module: file = "/Users/am11/projects/naot1/bin/Debug/net7.0/osx-arm64/publish/naot1", arch = "arm64"
       Symbol: id = {0x00008410}, range = [0x00000001005a0620-0x00000001005a0698), name="vtable for String", mangled="_ZTV6String"
```

**Comment by am11** [comment]
> Just to double check - do you get line debugging and local variables as well?

Yup, previously I set breakpoint in `Alloc.S` (in the published app with release configuration): `b Alloc.S:196`
Alloc.S and friends seem to have embedded source with actual code comments.. which is probably too much for release configuration. 😅

**Comment by MichalStrehovsky** [comment]
Vtable for string is expected. Can step through the process of converting that to a System.Type instance? It should be pretty short. The MethodTable has a pointer to a writable chunk of memory (might be a problem with that reloc?). The writable chunk of memory has a GCHandle to the System.Type instance. It will likely be uninitialized at this point. We should return a valid object instance.

**Comment by am11** [comment]
The intrinsic function GetTypeFromEETypePtr was inlined, stepping into visited this method: https://github.com/dotnet/runtime/blob/07e87bc4cb0358f57e7116e047f7d2017b049cf9/src/coreclr/nativeaot/System.Private.CoreLib/src/System/Type.CoreRT.cs#L23 and it jumped back to the caller after failing that null check. It indeed looks related to the virtual call (or perhaps the interlock exchange in `GetTypeFromEETypePtrSlo`?):
```gdb
    0x1002f0b9c <+140>: bl     0x100140890               ; S_P_CoreLib_System_Type__GetTypeFromHandle
      x0 = 0x00000001005a0620  vtable for String

    0x1002f0ba0 <+144>: str    x0, [x29, #0x58]
      x0 = 0x0000000000000000

    0x1002f0ba4 <+148>: adrp   x0, -747
      x0 = 0x0000000000000000

    0x1002f0ba8 <+152>: add    x0, x0, #0x4a8            ; =0x4a8 
      x0 = 0x0000000100005000  naot1`__VirtualCall_S_P_Reflection_Core_System_Reflection_Runtime_MethodInfos_RuntimeConstructorInfo__get_RuntimeParameters + 8

    0x1002f0bac <+156>: str    x0, [x29, #0x50]
      x0 = 0x00000001000054a8  naot1`__VirtualCall_S_P_CoreLib_System_Type__get_TypeHandle

    0x1002f0bb0 <+160>: ldr    x0, [x29, #0x58]
      x0 = 0x00000001000054a8  naot1`__VirtualCall_S_P_CoreLib_System_Type__get_TypeHandle

    0x1002f0bb4 <+164>: ldr    x1, [x29, #0x50]
      x0 = 0x0000000000000000

    0x1002f0bb8 <+168>: ldr    wzr, [x0]       <---- EXC_BAD_ACCESS
      x0 = 0x0000000000000000
```

**Comment by MichalStrehovsky** [comment]
I think the problem is somewhere in `GetTypeFromEETypePtr`. The `ldr    wzr, [x0]` line is doing a null check because the call that follows it cannot handle null anymore - it's checking that `this` for the virtual call is accessible (x0 is supposed to be the `this` and it was returned by the `GetTypeFromEETypePtr` call).

https://github.com/dotnet/runtime/blob/2eddb3dd24b0191af2a9d3e0bc6bf25f7cdf63f5/src/coreclr/nativeaot/System.Private.CoreLib/src/System/Type.CoreRT.cs#L25-L46

I expect us to take the `SupportsWritableData` branch, followed by the `!IsAllocated` branch, into `GetTypeFromEETypePtrSlow`.

That one should return a valid object instance (it should be non-null, and if you cast that value to `void**` and dereference it once, there should be a symbol associated with it (the first field of an object instance is a pointer to its MethodTable (aka vtable). Something is going wrong around there.

**Comment by am11** [comment]
It reaches `Unsafe.As<T>` call on line 35, which seems to be returning null (in X0, assuming it is following standard aarch64 calling convention).

```gdb
(lldb) c
Process 97360 resuming
Process 97360 stopped
* thread #1, queue = 'com.apple.main-thread', stop reason = breakpoint 3.1
    frame #0: 0x000000010014095c naot1`S_P_CoreLib_System_Type__GetTypeFromEETypePtr + 108
naot1`S_P_CoreLib_System_Type__GetTypeFromEETypePtr:
->  0x10014095c <+108>: bl     0x100370490               ; S_P_CoreLib_System_Runtime_CompilerServices_Unsafe__As<System___Canon>
    0x100140960 <+112>: str    x0, [x29, #0x18]
    0x100140964 <+116>: ldr    x0, [x29, #0x18]
    0x100140968 <+120>: ldp    x29, x30, [sp], #0x60
Target 0: (naot1) stopped.
(lldb) register read
General Purpose Registers:
        x0 = 0x00000001005833f8  __GenericDict_S_P_CoreLib_System_Runtime_CompilerServices_Unsafe__As<S_P_CoreLib_System_Type>
        x1 = 0x0000000000000000
        x2 = 0x000000000000000a
        x3 = 0x0000000102806668
        x4 = 0x0000000000000020
        x5 = 0x0000000000000003
        x6 = 0x0000000000000001
        x7 = 0x0000000000000000
        x8 = 0x00000001011a11f0
        x9 = 0x000000016fdff218
       x10 = 0x00000001a9734530  libdyld.dylib`tlv_get_addr
       x11 = 0x0000000000000001
       x12 = 0x00000001005fe7a8  g_ephemeral_high
       x13 = 0x0000000102807fd0
       x14 = 0x0000000102806638
       x15 = 0x0000000102806650
       x16 = 0x0000000000000000
       x17 = 0x0000000101304810
       x18 = 0x0000000000000000
       x19 = 0x000000016fdff7a0
       x20 = 0x0000000000000001
       x21 = 0x0000000100000000  naot1`_mh_execute_header
       x22 = 0x0000000000000000
       x23 = 0x0000000000000000
       x24 = 0x0000000000000000
       x25 = 0x0000000000000000
       x26 = 0x0000000000000000
       x27 = 0x0000000000000000
       x28 = 0x0000000000000000
        fp = 0x000000016fdff200
        lr = 0x000000010014094c  naot1`S_P_CoreLib_System_Type__GetTypeFromEETypePtr + 92
        sp = 0x000000016fdff200
        pc = 0x000000010014095c  naot1`S_P_CoreLib_System_Type__GetTypeFromEETypePtr + 108
      cpsr = 0x20001000

(lldb) n
Process 97360 stopped
* thread #1, queue = 'com.apple.main-thread', stop reason = instruction step over
    frame #0: 0x0000000100140960 naot1`S_P_CoreLib_System_Type__GetTypeFromEETypePtr + 112
naot1`S_P_CoreLib_System_Type__GetTypeFromEETypePtr:
->  0x100140960 <+112>: str    x0, [x29, #0x18]
    0x100140964 <+116>: ldr    x0, [x29, #0x18]
    0x100140968 <+120>: ldp    x29, x30, [sp], #0x60
    0x10014096c <+124>: ret    
Target 0: (naot1) stopped.
(lldb) register read
General Purpose Registers:
        x0 = 0x0000000000000000
        x1 = 0x0000000000000000
        x2 = 0x000000000000000a
        x3 = 0x0000000102806668
        x4 = 0x0000000000000020
        x5 = 0x0000000000000003
        x6 = 0x0000000000000001
        x7 = 0x0000000000000000
        x8 = 0x00000001011a11f0
        x9 = 0x000000016fdff218
       x10 = 0x00000001a9734530  libdyld.dylib`tlv_get_addr
       x11 = 0x0000000000000001
       x12 = 0x00000001005fe7a8  g_ephemeral_high
       x13 = 0x0000000102807fd0
       x14 = 0x0000000102806638
       x15 = 0x0000000102806650
       x16 = 0x0000000000000000
       x17 = 0x0000000101304810
       x18 = 0x0000000000000000
       x19 = 0x000000016fdff7a0
       x20 = 0x0000000000000001
       x21 = 0x0000000100000000  naot1`_mh_execute_header
       x22 = 0x0000000000000000
       x23 = 0x0000000000000000
       x24 = 0x0000000000000000
       x25 = 0x0000000000000000
       x26 = 0x0000000000000000
       x27 = 0x0000000000000000
       x28 = 0x0000000000000000
        fp = 0x000000016fdff200
        lr = 0x0000000100140960  naot1`S_P_CoreLib_System_Type__GetTypeFromEETypePtr + 112
        sp = 0x000000016fdff200
        pc = 0x0000000100140960  naot1`S_P_CoreLib_System_Type__GetTypeFromEETypePtr + 112
      cpsr = 0x20001000
```

**Comment by am11** [comment]
Didn't knew that in lldb, [`gui` command opens up a TUI](http://peeterjoot.com/2019/08/26/the-lldb-tui-text-user-interface/) 🤩

<details>
  <summary>Frame by frame SS' (bottom up from main to that Unsafe.As call)</summary>

<img width="1686" alt="image" src="https://user-images.githubusercontent.com/3840695/161374538-f21c8d0e-16ad-4cba-b38a-eb94c65661b6.png">
<img width="1682" alt="image" src="https://user-images.githubusercontent.com/3840695/161374560-5c1ef887-47d3-4ae5-928a-25c317d37183.png">
<img width="1683" alt="image" src="https://user-images.githubusercontent.com/3840695/161374579-7fa5d932-c904-4af4-be5b-cfa18e437412.png">
<img width="1693" alt="image" src="https://user-images.githubusercontent.com/3840695/161374591-2361c284-bcc6-4254-b12f-5cfc20ad9696.png">
<img width="1686" alt="image" src="https://user-images.githubusercontent.com/3840695/161374602-9653846a-ccd7-4a02-9d2e-04fddcd5be54.png">
<img width="1682" alt="image" src="https://user-images.githubusercontent.com/3840695/161374629-8be0a42b-989c-4527-ac51-fe461f218097.png">
<img width="1685" alt="image" src="https://user-images.githubusercontent.com/3840695/161374651-11a488fa-63e6-4dfe-aa47-990766df28b9.png">
<img width="1689" alt="image" src="https://user-images.githubusercontent.com/3840695/161374665-9310936f-7c55-4c38-a430-4633b15c106f.png">
<img width="1681" alt="image" src="https://user-images.githubusercontent.com/3840695/161374677-4b8ec401-1537-44a1-8af3-82bea5ce02ad.png">
<img width="1681" alt="image" src="https://user-images.githubusercontent.com/3840695/161374686-cb2e4b1e-979a-47a8-95f4-fb82520f09d8.png">

</details>

(bit unfortunately that we don't have variables in the upper frames)

**Comment by MichalStrehovsky** [comment]
Can you try flipping SupportsRelativePointers to false again? I think something is wrong with the reloc from read-only section to read write section.

**Comment by am11** [comment]
I tried it before but it wasn't passing with`dotnet publish -c Release`. ld was failing like:
```
...
  ld: warning: pointer not aligned at address 0x1003C0482 (___external_NativeReferences_references_End + 56 from obj/release/net7.0/osx-arm64/native/naot1.o)
  ld: warning: pointer not aligned at address 0x1003C047A (___external_NativeReferences_references_End + 48 from obj/release/net7.0/osx-arm64/native/naot1.o)
  ld: warning: pointer not aligned at address 0x1003C0472 (___external_NativeReferences_references_End + 40 from obj/release/net7.0/osx-arm64/native/naot1.o)
  ld: warning: pointer not aligned at address 0x1003C046A (___external_NativeReferences_references_End + 32 from obj/release/net7.0/osx-arm64/native/naot1.o)
  ld: warning: pointer not aligned at address 0x1003C0462 (___external_NativeReferences_references_End + 24 from obj/release/net7.0/osx-arm64/native/naot1.o)
  ld: warning: pointer not aligned at address 0x1003C045A (___external_NativeReferences_references_End + 16 from obj/release/net7.0/osx-arm64/native/naot1.o)
  ld: warning: pointer not aligned at address 0x1003C0452 (___external_NativeReferences_references_End + 8 from obj/release/net7.0/osx-arm64/native/naot1.o)
  ld: warning: pointer not aligned at address 0x1003C044A (___external_NativeReferences_references_End + 0 from obj/release/net7.0/osx-arm64/native/naot1.o)
  ld: unaligned pointer(s) for architecture arm64
... tons of these
  clang: error: linker command failed with exit code 1 (use -v to see invocation)
```
Now I have tried with Debug, and it builds. Unfortuately lldb does not hit the breakpoints anymore.

This is what I have (note that it still fails in GetTypeFromEETypePtr call):

```gdb
* thread #1, queue = 'com.apple.main-thread', stop reason = signal SIGABRT
    frame #0: 0x00000001a96f99b8 libsystem_kernel.dylib`__pthread_kill + 8
libsystem_kernel.dylib`__pthread_kill:
->  0x1a96f99b8 <+8>:  b.lo   0x1a96f99d8               ; <+40>
    0x1a96f99bc <+12>: pacibsp 
    0x1a96f99c0 <+16>: stp    x29, x30, [sp, #-0x10]!
    0x1a96f99c4 <+20>: mov    x29, sp
Target 0: (naot1) stopped.
(lldb) bt
* thread #1, queue = 'com.apple.main-thread', stop reason = signal SIGABRT
  * frame #0: 0x00000001a96f99b8 libsystem_kernel.dylib`__pthread_kill + 8
    frame #1: 0x00000001a972ceb0 libsystem_pthread.dylib`pthread_kill + 288
    frame #2: 0x00000001a966a314 libsystem_c.dylib`abort + 164
    frame #3: 0x0000000100065ea4 naot1`SystemNative_Abort at pal_threading.c:286:5 [opt]
    frame #4: 0x000000010025eed8 naot1`S_P_CoreLib_Interop_Sys__Abort + 40
    frame #5: 0x000000010013c85c naot1`S_P_CoreLib_System_RuntimeExceptionHelpers__FailFast_1 + 268
    frame #6: 0x000000010013c514 naot1`S_P_CoreLib_System_RuntimeExceptionHelpers__FailFast + 36
    frame #7: 0x00000001001294f4 naot1`S_P_CoreLib_System_Environment__FailFast + 20
    frame #8: 0x00000001000a9cc4 naot1`S_P_TypeLoader_Internal_Runtime_TypeLoader_NativeFormatModuleInfoEnumerator___ctor + 196
    frame #9: 0x00000001000a9bd8 naot1`S_P_TypeLoader_Internal_Runtime_TypeLoader_NativeFormatModuleInfoEnumerable__GetEnumerator + 56
    frame #10: 0x00000001000ce288 naot1`S_P_TypeLoader_Internal_Runtime_TypeLoader_TypeLoaderEnvironment_NamedTypeRuntimeTypeHandleToMetadataHashtable__CreateValueFromKey + 136
    frame #11: 0x000000010029f5c4 naot1`S_P_CoreLib_Internal_TypeSystem_LockFreeReaderHashtable_2<S_P_CoreLib_System_RuntimeTypeHandle__System___Canon>__CreateValueAndEnsureValueIsInTable + 68
    frame #12: 0x000000010029f63c naot1`S_P_CoreLib_Internal_TypeSystem_LockFreeReaderHashtable_2<S_P_CoreLib_System_RuntimeTypeHandle__System___Canon>__GetOrCreateValue + 76
    frame #13: 0x00000001000bef04 naot1`S_P_TypeLoader_Internal_Runtime_TypeLoader_TypeLoaderEnvironment__TryGetMetadataForNamedType + 52
    frame #14: 0x00000001000e52d4 naot1`S_P_Reflection_Execution_Internal_Reflection_Execution_ExecutionEnvironmentImplementation__TryGetMetadataForNamedType + 52
    frame #15: 0x00000001000f02ac naot1`S_P_Reflection_Core_Internal_Reflection_Core_Execution_ExecutionDomain__GetNamedTypeForHandle + 92
    frame #16: 0x00000001000e8bd4 naot1`S_P_Reflection_Execution_Internal_Reflection_Execution_ReflectionExecutionDomainCallbacksImplementation__GetNamedTypeForHandle + 52
    frame #17: 0x0000000100255960 naot1`S_P_CoreLib_Internal_Reflection_Core_NonPortable_RuntimeTypeUnifier__GetRuntimeTypeBypassCache + 288
    frame #18: 0x000000010027fd6c naot1`S_P_CoreLib_Internal_Reflection_Core_NonPortable_RuntimeTypeUnifier_RuntimeTypeHandleToTypeCache__Factory + 60
    frame #19: 0x00000001002c1e4c naot1`S_P_CoreLib_System_Collections_Concurrent_ConcurrentUnifierW_2<IntPtr__System___Canon>__GetOrAdd + 156
    frame #20: 0x000000010025582c naot1`S_P_CoreLib_Internal_Reflection_Core_NonPortable_RuntimeTypeUnifier__GetRuntimeTypeForEEType + 60
    frame #21: 0x000000010013d8d4 naot1`S_P_CoreLib_System_Type__GetTypeFromEETypePtr + 164
    frame #22: 0x000000010013d808 naot1`S_P_CoreLib_System_Type__GetTypeFromHandle + 56
    frame #23: 0x00000001002d6c48 naot1`S_P_CoreLib_System_Runtime_Intrinsics_Scalar_1<UIntPtr>__get_AllBitsSet + 72
    frame #24: 0x00000001002d629c naot1`S_P_CoreLib_System_Numerics_Vector_1<UIntPtr>__get_AllBitsSet + 12
    frame #25: 0x000000010034f004 naot1`S_P_CoreLib_System_Numerics_Vector__LessThanOrEqualAll<UInt16> + 36
    frame #26: 0x00000001001e0bbc naot1`S_P_CoreLib_System_Text_ASCIIUtility__GetIndexOfFirstNonAsciiChar_Default + 172
    frame #27: 0x00000001001e0ad8 naot1`S_P_CoreLib_System_Text_ASCIIUtility__GetIndexOfFirstNonAsciiChar + 40
    frame #28: 0x00000001001fdf98 naot1`S_P_CoreLib_System_Text_Unicode_Utf16Utility__GetPointerToFirstInvalidChar + 72
    frame #29: 0x00000001001fa448 naot1`S_P_CoreLib_System_Text_UTF8Encoding__GetByteCountFast + 72
    frame #30: 0x00000001001fa394 naot1`S_P_CoreLib_System_Text_UTF8Encoding__GetByteCountCommon + 84
    frame #31: 0x00000001001fa2c0 naot1`S_P_CoreLib_System_Text_UTF8Encoding__GetByteCount_0 + 160
    frame #32: 0x00000001001e9fb0 naot1`S_P_CoreLib_System_Text_Encoding__GetBytes_2 + 80
    frame #33: 0x0000000100278bc0 naot1`S_P_CoreLib_System_Text_UTF8Encoding_UTF8EncodingSealed__GetBytes + 96
    frame #34: 0x000000010027f424 naot1`S_P_CoreLib_Internal_Console_Error__Write + 68
    frame #35: 0x000000010013c848 naot1`S_P_CoreLib_System_RuntimeExceptionHelpers__FailFast_1 + 248
    frame #36: 0x000000010013c514 naot1`S_P_CoreLib_System_RuntimeExceptionHelpers__FailFast + 36
    frame #37: 0x00000001001294f4 naot1`S_P_CoreLib_System_Environment__FailFast + 20
    frame #38: 0x00000001000a9cc4 naot1`S_P_TypeLoader_Internal_Runtime_TypeLoader_NativeFormatModuleInfoEnumerator___ctor + 196
    frame #39: 0x00000001000a9bd8 naot1`S_P_TypeLoader_Internal_Runtime_TypeLoader_NativeFormatModuleInfoEnumerable__GetEnumerator + 56
    frame #40: 0x00000001000ce288 naot1`S_P_TypeLoader_Internal_Runtime_TypeLoader_TypeLoaderEnvironment_NamedTypeRuntimeTypeHandleToMetadataHashtable__CreateValueFromKey + 136
    frame #41: 0x000000010029f5c4 naot1`S_P_CoreLib_Internal_TypeSystem_LockFreeReaderHashtable_2<S_P_CoreLib_System_RuntimeTypeHandle__System___Canon>__CreateValueAndEnsureValueIsInTable + 68
    frame #42: 0x000000010029f63c naot1`S_P_CoreLib_Internal_TypeSystem_LockFreeReaderHashtable_2<S_P_CoreLib_System_RuntimeTypeHandle__System___Canon>__GetOrCreateValue + 76
    frame #43: 0x00000001000bef04 naot1`S_P_TypeLoader_Internal_Runtime_TypeLoader_TypeLoaderEnvironment__TryGetMetadataForNamedType + 52
    frame #44: 0x00000001000e52d4 naot1`S_P_Reflection_Execution_Internal_Reflection_Execution_ExecutionEnvironmentImplementation__TryGetMetadataForNamedType + 52
    frame #45: 0x00000001000f02ac naot1`S_P_Reflection_Core_Internal_Reflection_Core_Execution_ExecutionDomain__GetNamedTypeForHandle + 92
    frame #46: 0x00000001000e8bd4 naot1`S_P_Reflection_Execution_Internal_Reflection_Execution_ReflectionExecutionDomainCallbacksImplementation__GetNamedTypeForHandle + 52
    frame #47: 0x0000000100255960 naot1`S_P_CoreLib_Internal_Reflection_Core_NonPortable_RuntimeTypeUnifier__GetRuntimeTypeBypassCache + 288
    frame #48: 0x000000010027fd6c naot1`S_P_CoreLib_Internal_Reflection_Core_NonPortable_RuntimeTypeUnifier_RuntimeTypeHandleToTypeCache__Factory + 60
    frame #49: 0x00000001002c1e4c naot1`S_P_CoreLib_System_Collections_Concurrent_ConcurrentUnifierW_2<IntPtr__System___Canon>__GetOrAdd + 156
    frame #50: 0x000000010025582c naot1`S_P_CoreLib_Internal_Reflection_Core_NonPortable_RuntimeTypeUnifier__GetRuntimeTypeForEEType + 60
    frame #51: 0x000000010013d8d4 naot1`S_P_CoreLib_System_Type__GetTypeFromEETypePtr + 164
    frame #52: 0x000000010013d808 naot1`S_P_CoreLib_System_Type__GetTypeFromHandle + 56
    frame #53: 0x000000010030b228 naot1`S_P_CoreLib_System_Collections_Generic_Dictionary_2<System___Canon__System___Canon>___ctor_2 + 200
    frame #54: 0x000000010030b11c naot1`S_P_CoreLib_System_Collections_Generic_Dictionary_2<System___Canon__System___Canon>___ctor + 28
    frame #55: 0x0000000100120354 naot1`S_P_CoreLib_System_AppContext__SetData + 116
    frame #56: 0x00000001003149dc naot1`Internal_CompilerGenerated__Module___SetAppContextSwitches + 28
    frame #57: 0x0000000100314afc naot1`__managed__Main + 60
    frame #58: 0x000000010000aea4 naot1`main(argc=1, argv=0x000000016fdff7a0) at main.cpp:205:18 [opt]
    frame #59: 0x0000000100e1d0f4 dyld`start + 520
```

breakpoints not working with SupportsRelativePointers:false makes it a useless option for me. 😞

I have a feeling that we would need to revisit encodings in methods like EmitLDR() etc. in ARM64Emitter.cs to see if we need to handle values differently for macho (https://github.com/below/HelloSilicon#chapter-4-controlling-programm-flow). Do you have any suggestions about the best was to find out if it is in fact some instruction encoding issue? I was thinking about something like objdump'ing another program like `dotnet` or `corerun` and comparing those encodings with what we are emitting in ARM64Emitter.

**Comment by am11** [comment]
Seems like this comment:
https://github.com/dotnet/runtime/blob/041933fd086f69f839cf38733dd56a1ea9f09866/src/coreclr/nativeaot/System.Private.TypeLoader/src/Internal/Runtime/TypeLoader/CallingConventions.cs#L6
is outdated ever since this commit was merged https://github.com/dotnet/runtime/commit/648437b1b4db6536ae33763b6c9178287c0a52bd. It added osx-arm64 support in the VM, and at the same time refactored the "slot" -based units to bytes/offsets for all architectures. I'll try to update it without unit conversions.

aside - line 26 of CallingConventions.cs seems to have a bug, `UNIXAMD64` is not a defined constant in that project (or anywhere else in the repo)?

**Comment by MichalStrehovsky** [comment]
> `ld: warning: pointer not aligned at address 0x1003C0482 (___external_NativeReferences_references_End + 56 from obj/release/net7.0/osx-arm64/native/naot1.o)`

Should be fixed by #67516.

> breakpoints not working with SupportsRelativePointers:false makes it a useless option for me. 😞

That is very odd. `SupportsRelativePointers` affects very few things in the compiler. I would not expect it to affect debugging.

> aside - line 26 of CallingConventions.cs seems to have a bug, UNIXAMD64 is not a defined constant in that project (or anywhere else in the repo)?

CallingConventions.cs is only used in extremely rare circumstances (maybe only when reflection invoking a method with more than 256 parameters). It was written for .NET Native that is Windows only (where it was used more often). You can ignore it.


Going back to the original failure with SupportsRelativePointers=true, can you drill into why GCHandle.IsAllocated returns true? I would expect this to initially be false - the data we're reading from (where the GCHandle is placed) is in the `.bss` section (that's the special thing about it) and should be zero-initialized. It should not point to an object.

**Comment by am11** [comment]
> can you drill into why GCHandle.IsAllocated returns true?

bss section is showing up in the app's main module (third-last):

```gdb
(lldb) image dump sections naot1
Sections for '/Users/adeel/projects/naot1/bin/Debug/net7.0/osx-arm64/publish/naot1' (arm64):
  SectID     Type             Load Address                             Perm File Off.  File Size  Flags      Section Name
  ---------- ---------------- ---------------------------------------  ---- ---------- ---------- ---------- ----------------------------
  0x00000100 container        [0x0000000000000000-0x0000000100000000)* ---  0x00000000 0x00000000 0x00000000 naot1.__PAGEZERO
  0x00000200 container        [0x0000000100000000-0x000000010048c000)  r-x  0x00000000 0x0048c000 0x00000000 naot1.__TEXT
  0x00000001 code             [0x0000000100004904-0x000000010007b3e8)  r-x  0x00004904 0x00076ae4 0x80000400 naot1.__TEXT.__text
  0x00000002 code             [0x000000010007b3e8-0x000000010007bd24)  r-x  0x0007b3e8 0x0000093c 0x80000408 naot1.__TEXT.__stubs
  0x00000003 regular          [0x000000010007bd24-0x000000010007bd30)  r-x  0x0007bd24 0x0000000c 0x00000016 naot1.__TEXT.__init_offsets
  0x00000004 regular          [0x000000010007bd30-0x00000001003841e8)  r-x  0x0007bd30 0x003084b8 0x00000000 naot1.__TEXT.__managedcode
  0x00000005 regular          [0x00000001003841f0-0x0000000100486632)  r-x  0x003841f0 0x00102442 0x00000000 naot1.__TEXT.__const
  0x00000006 regular          [0x0000000100486634-0x00000001004884dc)  r-x  0x00486634 0x00001ea8 0x00000000 naot1.__TEXT.__unbox
  0x00000007 data-cstr        [0x00000001004884dc-0x000000010048b753)  r-x  0x004884dc 0x00003277 0x00000002 naot1.__TEXT.__cstring
  0x00000008 compact-unwind   [0x000000010048b754-0x000000010048bb34)  r-x  0x0048b754 0x000003e0 0x00000000 naot1.__TEXT.__unwind_info
  0x00000009 eh-frame         [0x000000010048bb38-0x000000010048bff8)  r-x  0x0048bb38 0x000004c0 0x00000000 naot1.__TEXT.__eh_frame
  0x00000300 container        [0x000000010048c000-0x00000001004cc000)  rw-  0x0048c000 0x00040000 0x00000010 naot1.__DATA_CONST
  0x0000000a data-ptrs        [0x000000010048c000-0x00000001004c76a8)  rw-  0x0048c000 0x0003b6a8 0x00000006 naot1.__DATA_CONST.__got
  0x0000000b regular          [0x00000001004c76a8-0x00000001004c8410)  rw-  0x004c76a8 0x00000d68 0x00000000 naot1.__DATA_CONST.__const
  0x00000400 container        [0x00000001004cc000-0x0000000100614000)  rw-  0x004cc000 0x00138000 0x00000000 naot1.__DATA
  0x0000000c regular          [0x00000001004cc000-0x0000000100557a9a)  rw-  0x004cc000 0x0008ba9a 0x00000000 naot1.__DATA..corert_eh_table
  0x0000000d data             [0x0000000100557b00-0x00000001005fff68)  rw-  0x00557b00 0x000a8468 0x00000000 naot1.__DATA.__data
  0x0000000e regular          [0x00000001005fff68-0x00000001005fff70)  rw-  0x005fff68 0x00000008 0x00000000 naot1.__DATA.__modules
  0x0000000f regular          [0x00000001005fff70-0x0000000100600018)  rw-  0x005fff70 0x000000a8 0x00000013 naot1.__DATA.__thread_vars
  0x00000010 regular          [0x0000000100600018-0x0000000100600100)  rw-  0x00600018 0x000000e8 0x00000011 naot1.__DATA.__thread_data
  0x00000011 regular          [0x0000000100600100-0x0000000100600129)  rw-  0x00000000 0x00000000 0x00000012 naot1.__DATA.__thread_bss
  0x00000012 zero-fill        [0x0000000100600130-0x0000000100609cf8)  rw-  0x00000000 0x00000000 0x00000001 naot1.__DATA.__bss
  0x00000013 zero-fill        [0x0000000100609cf8-0x0000000100610450)  rw-  0x00000000 0x00000000 0x00000001 naot1.__DATA.__common
  0x00000500 container        [0x0000000100614000-0x0000000100f14000)  r--  0x00604000 0x008fca12 0x00000000 naot1.__LINKEDIT
```

When IsAllocated is visited from `GetTypeFromEETypePtr`, the state of registers look like this:

```gdb
(lldb) disas
naot1`S_P_CoreLib_System_Runtime_InteropServices_GCHandle__get_IsAllocated:
->  0x100239720 <+0>:  stp    x29, x30, [sp, #-0x20]!
    0x100239724 <+4>:  mov    x29, sp
    0x100239728 <+8>:  str    x0, [x29, #0x18]
    0x10023972c <+12>: ldr    x0, [x29, #0x18]
    0x100239730 <+16>: ldr    x0, [x0]
    0x100239734 <+20>: mov    w1, wzr
    0x100239738 <+24>: sxtw   x1, w1
    0x10023973c <+28>: cmp    x0, x1
    0x100239740 <+32>: cset   x0, hi
    0x100239744 <+36>: ldp    x29, x30, [sp], #0x20
    0x100239748 <+40>: ret    
    0x10023974c <+44>: udf    #0x0


(lldb) register read
General Purpose Registers:
        x0 = 0x00000001004c3618  (void *)0x0000000100608660: __writableDataString
        x1 = 0x00000001004c3618  (void *)0x0000000100608660: __writableDataString
        x2 = 0x000000000000000a
        x3 = 0x0000000102806668
        x4 = 0x0000000000000020
        x5 = 0x0000000000000003
        x6 = 0x0000000000000001
        x7 = 0x0000000000000000
        x8 = 0x00000001011a11f0
        x9 = 0x000000016fdff218
       x10 = 0x00000001a9734530  libdyld.dylib`tlv_get_addr
       x11 = 0x0000000000000001
       x12 = 0x00000001005fe7a8  g_ephemeral_high
       x13 = 0x0000000102807fd0
       x14 = 0x0000000102806638
       x15 = 0x0000000102806650
       x16 = 0x0000000000000000
       x17 = 0x0000000101304810
       x18 = 0x0000000000000000
       x19 = 0x000000016fdff7a0
       x20 = 0x0000000000000001
       x21 = 0x0000000100000000  naot1`_mh_execute_header
       x22 = 0x0000000000000000
       x23 = 0x0000000000000000
       x24 = 0x0000000000000000
       x25 = 0x0000000000000000
       x26 = 0x0000000000000000
       x27 = 0x0000000000000000
       x28 = 0x0000000000000000
        fp = 0x000000016fdff200
        lr = 0x0000000100130108  naot1`S_P_CoreLib_System_Type__GetTypeFromEETypePtr + 72
        sp = 0x000000016fdff200
        pc = 0x0000000100239720  naot1`S_P_CoreLib_System_Runtime_InteropServices_GCHandle__get_IsAllocated
      cpsr = 0x60001000
```

when the cursor reaches `0x100239734 <+20>: 0x2a1f03e1   mov    w1, wzr`, it looks like:

```gdb
(lldb) n
Process 38694 stopped
* thread #1, queue = 'com.apple.main-thread', stop reason = instruction step over
    frame #0: 0x0000000100239734 naot1`S_P_CoreLib_System_Runtime_InteropServices_GCHandle__get_IsAllocated + 20
naot1`S_P_CoreLib_System_Runtime_InteropServices_GCHandle__get_IsAllocated:
->  0x100239734 <+20>: mov    w1, wzr
    0x100239738 <+24>: sxtw   x1, w1
    0x10023973c <+28>: cmp    x0, x1
    0x100239740 <+32>: cset   x0, hi
Target 0: (naot1) stopped.
(lldb) register read
General Purpose Registers:
        x0 = 0x0000000100608660  naot1`__writableDataString
        x1 = 0x00000001004c3618  (void *)0x0000000100608660: __writableDataString
        x2 = 0x000000000000000a
        x3 = 0x0000000102806668
        x4 = 0x0000000000000020
        x5 = 0x0000000000000003
        x6 = 0x0000000000000001
        x7 = 0x0000000000000000
        x8 = 0x00000001011a11f0
        x9 = 0x000000016fdff218
       x10 = 0x00000001a9734530  libdyld.dylib`tlv_get_addr
       x11 = 0x0000000000000001
       x12 = 0x00000001005fe7a8  g_ephemeral_high
       x13 = 0x0000000102807fd0
       x14 = 0x0000000102806638
       x15 = 0x0000000102806650
       x16 = 0x0000000000000000
       x17 = 0x0000000101304810
       x18 = 0x0000000000000000
       x19 = 0x000000016fdff7a0
       x20 = 0x0000000000000001
       x21 = 0x0000000100000000  naot1`_mh_execute_header
       x22 = 0x0000000000000000
       x23 = 0x0000000000000000
       x24 = 0x0000000000000000
       x25 = 0x0000000000000000
       x26 = 0x0000000000000000
       x27 = 0x0000000000000000
       x28 = 0x0000000000000000
        fp = 0x000000016fdff1e0
        lr = 0x0000000100130108  naot1`S_P_CoreLib_System_Type__GetTypeFromEETypePtr + 72
        sp = 0x000000016fdff1e0
        pc = 0x0000000100239734  naot1`S_P_CoreLib_System_Runtime_InteropServices_GCHandle__get_IsAllocated + 20
      cpsr = 0x60001000
```
then x1 becomes zero and the subsequent comparison fails returning `true`.

**Comment by MichalStrehovsky** [comment]
Ok, looks like we have a case of a wrong relocation. When we're in `GCHandle__get_IsAllocated`, `this` in `x0` is `0x00000001004c3618`, but from the memory map you posted above, that address is part of `naot1.__DATA_CONST.__got`. So we're in global offset table, but the code doesn't expect having to dereference the pointer (GOT table is a table of indirections).

So object writer generated a GOT relocation for something that should just store the address of the destination directly. GOT requires an extra dereference to access what the reloc points to.

This might be responsible for the problem: https://github.com/dotnet/llvm-project/pull/185/files#diff-3dd92a728cef8bf36a3e8104cbfcf2b9b901abff46340d48f5cf0a02d3274a2aR455-R456

**Comment by am11** [comment]
Trying to figure out how does the `RelocationInfoType` map to section? e.g. changing `ARM64_RELOC_POINTER_TO_GOT` to `ARM64_RELOC_PAGE21` puts x0 into `__DATA.__data`. Not sure what makes it place in bss. 🤔

**Comment by MichalStrehovsky** [comment]
bss is a property of the symbol definition (the symbol that the reloc points to is defined in the bss section), not a property of the reloc to the symbol.

__data might be fine too; I don't know what the linker is doing with this. The important bit is that will be all zeros, the GCHandle will be unallocated and we can write a valid GC handle in that location.

AFAIK ARM64_RELOC_PAGE21 is one of the weirdo relocation types that are to satisfy oddities in ARM instruction encoding. We wouldn't be using them for the data structures.

I'm a bit at loss for where to look next. Normally I would write a piece of C++ that uses the reloc type I'm after and just massage things to emit it, but I don't know if C++ uses 32bit relative pointers for anything, so I can't point you to that. It may well be that the solution will be to do SupportsRelativePointers:false and get that one going instead.

**Comment by MichalStrehovsky** [comment]
FWIW, the previous iteration (where we ended up with the GOT reloc), looked fine, except for the GOT bit. It was 32 bit, it looked like everything else was pointing to the right thing, but it shouldn't have instructed ld to create GOT entry for it.

**Comment by am11** [comment]
> bss is a property of the symbol definition (the symbol that the reloc points to is defined in the bss section), not a property of the reloc to the symbol.

Ah, this is correct. I am not sure how/why it is classified as `IMAGE_REL_BASED_RELPTR32` to begin with? Is that expected? Note that in addition to these: https://github.com/dotnet/llvm-project/blob/495e374f8fb370a0bf45304fbc835dbf78f2949d/llvm/tools/objwriter/objwriter.cpp#L248-L258, `SectionKind.h` also has:

```c
  static SectionKind getBSS() { return get(BSS); }
  static SectionKind getBSSLocal() { return get(BSSLocal); }
  static SectionKind getBSSExtern() { return get(BSSExtern); }
```

if that's something we want to wire up via `enum CustomSectionAttributes` (in `objwriter.h`), it is possible.

---

I have made two changes:
1. simplified the condition which was added in previous commit am11/llvm-project@495e374f8fb370a0bf45304fbc835dbf78f2949d
2. rebased my runtime branch against `main` after a week

with that, although it still fails at the same spot, we get x0 in `__DATA.__data` section; with `ARM64_RELOC_POINTER_TO_GOT`:

```gdb
(lldb) image dump sections naot1
Sections for '/Users/am11/projects/naot1/bin/Debug/net7.0/osx-arm64/publish/naot1' (arm64):
  SectID     Type             Load Address                             Perm File Off.  File Size  Flags      Section Name
  ---------- ---------------- ---------------------------------------  ---- ---------- ---------- ---------- ----------------------------
  0x00000100 container        [0x0000000000000000-0x0000000100000000)* ---  0x00000000 0x00000000 0x00000000 naot1.__PAGEZERO
  0x00000200 container        [0x0000000100000000-0x0000000100488000)  r-x  0x00000000 0x00488000 0x00000000 naot1.__TEXT
  0x00000001 code             [0x0000000100001274-0x0000000100077c78)  r-x  0x00001274 0x00076a04 0x80000400 naot1.__TEXT.__text
  0x00000002 code             [0x0000000100077c78-0x00000001000785b4)  r-x  0x00077c78 0x0000093c 0x80000408 naot1.__TEXT.__stubs
  0x00000003 regular          [0x00000001000785b4-0x00000001000785c0)  r-x  0x000785b4 0x0000000c 0x00000016 naot1.__TEXT.__init_offsets
  0x00000004 regular          [0x00000001000785c0-0x0000000100380a88)  r-x  0x000785c0 0x003084c8 0x00000000 naot1.__TEXT.__managedcode
  0x00000005 regular          [0x0000000100380a90-0x0000000100482642)  r-x  0x00380a90 0x00101bb2 0x00000000 naot1.__TEXT.__const
  0x00000006 regular          [0x0000000100482644-0x00000001004844e4)  r-x  0x00482644 0x00001ea0 0x00000000 naot1.__TEXT.__unbox
  0x00000007 data-cstr        [0x00000001004844e4-0x000000010048775b)  r-x  0x004844e4 0x00003277 0x00000002 naot1.__TEXT.__cstring
  0x00000008 compact-unwind   [0x000000010048775c-0x0000000100487b3c)  r-x  0x0048775c 0x000003e0 0x00000000 naot1.__TEXT.__unwind_info
  0x00000009 eh-frame         [0x0000000100487b40-0x0000000100488000)  r-x  0x00487b40 0x000004c0 0x00000000 naot1.__TEXT.__eh_frame
  0x00000300 container        [0x0000000100488000-0x00000001004c0000)  rw-  0x00488000 0x00038000 0x00000010 naot1.__DATA_CONST
  0x0000000a data-ptrs        [0x0000000100488000-0x00000001004bcc30)  rw-  0x00488000 0x00034c30 0x00000006 naot1.__DATA_CONST.__got
  0x0000000b regular          [0x00000001004bcc30-0x00000001004bd998)  rw-  0x004bcc30 0x00000d68 0x00000000 naot1.__DATA_CONST.__const
  0x00000400 container        [0x00000001004c0000-0x0000000100608000)  rw-  0x004c0000 0x00138000 0x00000000 naot1.__DATA
  0x0000000c regular          [0x00000001004c0000-0x000000010054bb23)  rw-  0x004c0000 0x0008bb23 0x00000000 naot1.__DATA..corert_eh_table
  0x0000000d data             [0x000000010054bc00-0x00000001005f4068)  rw-  0x0054bc00 0x000a8468 0x00000000 naot1.__DATA.__data
  0x0000000e regular          [0x00000001005f4068-0x00000001005f4070)  rw-  0x005f4068 0x00000008 0x00000000 naot1.__DATA.__modules
  0x0000000f regular          [0x00000001005f4070-0x00000001005f4118)  rw-  0x005f4070 0x000000a8 0x00000013 naot1.__DATA.__thread_vars
  0x00000010 regular          [0x00000001005f4118-0x00000001005f4200)  rw-  0x005f4118 0x000000e8 0x00000011 naot1.__DATA.__thread_data
  0x00000011 regular          [0x00000001005f4200-0x00000001005f4229)  rw-  0x00000000 0x00000000 0x00000012 naot1.__DATA.__thread_bss
  0x00000012 zero-fill        [0x00000001005f4230-0x00000001005fddf8)  rw-  0x00000000 0x00000000 0x00000001 naot1.__DATA.__bss
  0x00000013 zero-fill        [0x00000001005fddf8-0x0000000100604550)  rw-  0x00000000 0x00000000 0x00000001 naot1.__DATA.__common
  0x00000500 container        [0x0000000100608000-0x0000000100f04000)  r--  0x005f8000 0x008f8e72 0x00000000 naot1.__LINKEDIT

(lldb) si
Process 46176 stopped
* thread #1, queue = 'com.apple.main-thread', stop reason = instruction step into
    frame #0: 0x000000010036c060 naot1`S_P_CoreLib_System_Runtime_CompilerServices_Unsafe__As<System___Canon>
naot1`S_P_CoreLib_System_Runtime_CompilerServices_Unsafe__As<System___Canon>:
->  0x10036c060 <+0>:  stp    x29, x30, [sp, #-0x20]!
    0x10036c064 <+4>:  mov    x29, sp
    0x10036c068 <+8>:  str    x0, [x29, #0x18]
    0x10036c06c <+12>: str    x1, [x29, #0x10]
Target 0: (naot1) stopped.

(lldb) register read 
General Purpose Registers:
        x0 = 0x0000000100577088  __GenericDict_S_P_CoreLib_System_Runtime_CompilerServices_Unsafe__As<S_P_CoreLib_System_Type>
        x1 = 0x0000000000000000
        x2 = 0x000000000000000a
        x3 = 0x0000000102806650
        x4 = 0x0000000000000020
        x5 = 0x0000000000000003
        x6 = 0x0000000000000001
        x7 = 0x0000000000000000
        x8 = 0x00000001011911f0
        x9 = 0x000000016fdff218
       x10 = 0x00000001a9734530  libdyld.dylib`tlv_get_addr
       x11 = 0x0000000000000001
       x12 = 0x00000001005f28a8  g_ephemeral_high
       x13 = 0x0000000102807fd0
       x14 = 0x0000000102806620
       x15 = 0x0000000102806638
       x16 = 0x0000000000000000
       x17 = 0x0000000101304630
       x18 = 0x0000000000000000
       x19 = 0x000000016fdff7a0
       x20 = 0x0000000000000001
       x21 = 0x0000000100000000  naot1`_mh_execute_header
       x22 = 0x0000000000000000
       x23 = 0x0000000000000000
       x24 = 0x0000000000000000
       x25 = 0x0000000000000000
       x26 = 0x0000000000000000
       x27 = 0x0000000000000000
       x28 = 0x0000000000000000
        fp = 0x000000016fdff200
        lr = 0x00000001000ad580  naot1`S_P_CoreLib_System_Type__GetTypeFromEETypePtr + 112
        sp = 0x000000016fdff200
        pc = 0x000000010036c060  naot1`S_P_CoreLib_System_Runtime_CompilerServices_Unsafe__As<System___Canon>
      cpsr = 0x20001000

(lldb) disas
naot1`S_P_CoreLib_System_Runtime_CompilerServices_Unsafe__As<System___Canon>:
->  0x10036c060 <+0>:  stp    x29, x30, [sp, #-0x20]!
    0x10036c064 <+4>:  mov    x29, sp
    0x10036c068 <+8>:  str    x0, [x29, #0x18]
    0x10036c06c <+12>: str    x1, [x29, #0x10]
    0x10036c070 <+16>: ldr    x0, [x29, #0x10]
    0x10036c074 <+20>: ldp    x29, x30, [sp], #0x20
    0x10036c078 <+24>: ret    
    0x10036c07c <+28>: udf    #0x0

(lldb) c
Process 46176 resuming
Process 46176 stopped
* thread #1, queue = 'com.apple.main-thread', stop reason = EXC_BAD_ACCESS (code=1, address=0x0)
    frame #0: 0x00000001002e8bf8 naot1`S_P_CoreLib_System_Collections_Generic_EqualityComparer_1<System___Canon>__Create + 168
naot1`S_P_CoreLib_System_Collections_Generic_EqualityComparer_1<System___Canon>__Create:
->  0x1002e8bf8 <+168>: ldr    wzr, [x0]
    0x1002e8bfc <+172>: blr    x1
    0x1002e8c00 <+176>: str    x0, [x29, #0x48]
    0x1002e8c04 <+180>: ldr    x0, [x29, #0x48]
Target 0: (naot1) stopped.

(lldb) disas
naot1`S_P_CoreLib_System_Collections_Generic_EqualityComparer_1<System___Canon>__Create:
    0x1002e8b50 <+0>:   stp    x29, x30, [sp, #-0x90]!
    0x1002e8b54 <+4>:   mov    x29, sp
    0x1002e8b58 <+8>:   add    x9, x29, #0x28            ; =0x28 
    0x1002e8b5c <+12>:  movi.16b v16, #0x0
    0x1002e8b60 <+16>:  stp    q16, q16, [x9]
    0x1002e8b64 <+20>:  stp    q16, q16, [x9, #0x20]
    0x1002e8b68 <+24>:  stp    xzr, xzr, [x9, #0x40]
    0x1002e8b6c <+28>:  str    xzr, [x9, #0x50]
    0x1002e8b70 <+32>:  str    x0, [x29, #0x88]
    0x1002e8b74 <+36>:  str    x0, [x29, #0x80]
    0x1002e8b78 <+40>:  ldr    x0, [x29, #0x80]
    0x1002e8b7c <+44>:  bl     0x100007b74               ; __GenericLookupFromType_S_P_CoreLib_System_Collections_Generic_EqualityComparer_1<System___Canon>_GCStaticBase_S_P_CoreLib_System_Collections_Generic_EqualityComparer_1<T_System___Canon>
    0x1002e8b80 <+48>:  add    x0, x0, #0x8              ; =0x8 
    0x1002e8b84 <+52>:  str    x0, [x29, #0x78]
    0x1002e8b88 <+56>:  ldr    x0, [x29, #0x80]
    0x1002e8b8c <+60>:  bl     0x100008594               ; __GenericLookupFromType_S_P_CoreLib_System_Collections_Generic_EqualityComparer_1<System___Canon>_TypeHandle_S_P_CoreLib_System_Collections_Generic_EqualityComparer_1<T_System___Canon>
    0x1002e8b90 <+64>:  bl     0x1002e8b30               ; S_P_CoreLib_System_Collections_Generic_EqualityComparer_1<System___Canon>__get_SupportsGenericIEquatableInterfaces
    0x1002e8b94 <+68>:  str    w0, [x29, #0x74]
    0x1002e8b98 <+72>:  ldr    x0, [x29, #0x78]
    0x1002e8b9c <+76>:  str    x0, [x29, #0x68]
    0x1002e8ba0 <+80>:  ldr    w0, [x29, #0x74]
    0x1002e8ba4 <+84>:  cbnz   w0, 0x1002e8bc8           ; <+120>
    0x1002e8ba8 <+88>:  nop    
    0x1002e8bac <+92>:  nop    
    0x1002e8bb0 <+96>:  nop    
    0x1002e8bb4 <+100>: nop    
    0x1002e8bb8 <+104>: nop    
    0x1002e8bbc <+108>: ldr    x0, [x29, #0x68]
    0x1002e8bc0 <+112>: str    x0, [x29, #0x28]
    0x1002e8bc4 <+116>: b      0x1002e8bc4               ; <+116>
    0x1002e8bc8 <+120>: ldr    x0, [x29, #0x80]
    0x1002e8bcc <+124>: bl     0x1000085a0               ; __GenericLookupFromType_S_P_CoreLib_System_Collections_Generic_EqualityComparer_1<System___Canon>_TypeHandle_T_System___Canon
    0x1002e8bd0 <+128>: bl     0x1001ce590               ; S_P_CoreLib_Internal_Runtime_CompilerHelpers_LdTokenHelpers__GetRuntimeTypeHandle
    0x1002e8bd4 <+132>: str    x0, [x29, #0x60]
    0x1002e8bd8 <+136>: ldr    x0, [x29, #0x60]
    0x1002e8bdc <+140>: bl     0x1000ad4b0               ; S_P_CoreLib_System_Type__GetTypeFromHandle
    0x1002e8be0 <+144>: str    x0, [x29, #0x58]
    0x1002e8be4 <+148>: adrp   x0, -743
    0x1002e8be8 <+152>: add    x0, x0, #0x538            ; =0x538 
    0x1002e8bec <+156>: str    x0, [x29, #0x50]
    0x1002e8bf0 <+160>: ldr    x0, [x29, #0x58]
    0x1002e8bf4 <+164>: ldr    x1, [x29, #0x50]
->  0x1002e8bf8 <+168>: ldr    wzr, [x0]
    0x1002e8bfc <+172>: blr    x1
    0x1002e8c00 <+176>: str    x0, [x29, #0x48]
    0x1002e8c04 <+180>: ldr    x0, [x29, #0x48]
    0x1002e8c08 <+184>: bl     0x1001c6300               ; S_P_CoreLib_Internal_IntrinsicSupport_EqualityComparerHelpers__GetComparer
    0x1002e8c0c <+188>: str    x0, [x29, #0x40]
    0x1002e8c10 <+192>: ldr    x0, [x29, #0x80]
    0x1002e8c14 <+196>: bl     0x10000926c               ; __GenericLookupFromType_S_P_CoreLib_System_Collections_Generic_EqualityComparer_1<System___Canon>_MethodDictionary_S_P_CoreLib_System_Runtime_CompilerServices_Unsafe__As<S_P_CoreLib_System_Collections_Generic_EqualityComparer_1<T_System___Canon>>
    0x1002e8c18 <+200>: str    x0, [x29, #0x20]
    0x1002e8c1c <+204>: ldr    x0, [x29, #0x20]
    0x1002e8c20 <+208>: ldr    x1, [x29, #0x40]
    0x1002e8c24 <+212>: bl     0x10036c060               ; S_P_CoreLib_System_Runtime_CompilerServices_Unsafe__As<System___Canon>
    0x1002e8c28 <+216>: str    x0, [x29, #0x38]
    0x1002e8c2c <+220>: ldr    x0, [x29, #0x80]
    0x1002e8c30 <+224>: bl     0x100009260               ; __GenericLookupFromType_S_P_CoreLib_System_Collections_Generic_EqualityComparer_1<System___Canon>_MethodDictionary_S_P_CoreLib_System_Threading_Interlocked__CompareExchange_3<S_P_CoreLib_System_Collections_Generic_EqualityComparer_1<T_System___Canon>>
    0x1002e8c34 <+228>: str    x0, [x29, #0x18]
    0x1002e8c38 <+232>: ldr    x0, [x29, #0x18]
    0x1002e8c3c <+236>: ldr    x1, [x29, #0x68]
    0x1002e8c40 <+240>: ldr    x2, [x29, #0x38]
    0x1002e8c44 <+244>: mov    x3, xzr
    0x1002e8c48 <+248>: bl     0x10036b340               ; S_P_CoreLib_System_Threading_Interlocked__CompareExchange_3<System___Canon>
    0x1002e8c4c <+252>: str    x0, [x29, #0x30]
    0x1002e8c50 <+256>: nop    
    0x1002e8c54 <+260>: ldr    x0, [x29, #0x80]
    0x1002e8c58 <+264>: bl     0x100007b74               ; __GenericLookupFromType_S_P_CoreLib_System_Collections_Generic_EqualityComparer_1<System___Canon>_GCStaticBase_S_P_CoreLib_System_Collections_Generic_EqualityComparer_1<T_System___Canon>
    0x1002e8c5c <+268>: ldr    x0, [x0, #0x8]
    0x1002e8c60 <+272>: ldp    x29, x30, [sp], #0x90
    0x1002e8c64 <+276>: ret    
    0x1002e8c68 <+280>: udf    #0x0
    0x1002e8c6c <+284>: udf    #0x0
```

These changes in main might have something to do with this slight improvement: https://github.com/dotnet/runtime/commit/4019e83878a81465f6e42e8502b53bc5d1752f81 and https://github.com/dotnet/runtime/commit/64096424f2c61453819522450945388734825bea.

**Comment by MichalStrehovsky** [comment]
> Ah, this is correct. I am not sure how/why it is classified as `IMAGE_REL_BASED_RELPTR32` to begin with? Is that expected?

The problematic reloc around the GCHandle code is generated as such here: https://github.com/dotnet/runtime/blob/34f2b587f3512d3974d73b316e565194df34eea3/src/coreclr/tools/aot/ILCompiler.Compiler/Compiler/DependencyAnalysis/EETypeNode.cs#L925-L938

We use `IMAGE_REL_BASED_RELPTR32` because the target of the reloc is within the same image and we don't want to waste a full pointer on it. It's not the only place that uses `IMAGE_REL_BASED_RELPTR32` for this reason. `SupportsRelativePointers` guards the use of these relocs in data structures because there's targets like WASM that cannot express such relocation.

You could rule out whether the problem is related to BSS by changing the section here to data: https://github.com/dotnet/runtime/blob/938f2e3105ce9a851fedac96a210ffabaccb7dc3/src/coreclr/tools/aot/ILCompiler.Compiler/Compiler/DependencyAnalysis/NodeFactory.cs#L241. It will emit explicit zeros into the image instead of relying on BSS.

> These changes in main might have something to do with this slight improvement: https://github.com/dotnet/runtime/commit/4019e83878a81465f6e42e8502b53bc5d1752f81 and https://github.com/dotnet/runtime/commit/64096424f2c61453819522450945388734825bea.

None of the files in those commits compile as part of NativeAOT so its unlikely.

The null dereference you're seeing is still caused by the code around the GCHandle thinking that there's a GC handle with some null object.

The GCHandle in question is 8 bytes of what's supposed to be the BSS section.

**Comment by am11** [comment]
Changing Bss to Data in that BlobNode ctor gives:
```gdb
(lldb) register read 
General Purpose Registers:
        x0 = 0x000000010056f088  __GenericDict_S_P_CoreLib_System_Runtime_CompilerServices_Unsafe__As<S_P_CoreLib_System_Type>
        x1 = 0x00000001020075e8
        x2 = 0x000000000000000a
        x3 = 0x0000000101404080
        x4 = 0x0000000000000061
        x5 = 0x000000016fdfee58
        x6 = 0x0000000000000000
        x7 = 0x0000000000000000
        x8 = 0x00000001012911f0
        x9 = 0x000000016fdff218
       x10 = 0x00000001a9734530  libdyld.dylib`tlv_get_addr
       x11 = 0x0000000000000001
       x12 = 0x00000001005f5e60  naot1`g_highest_address
       x13 = 0x0000000102007fd0
       x14 = 0x000000016fdff320
       x15 = 0x0000000102006460
       x16 = 0x0000000000000000
       x17 = 0x0000000101404080
       x18 = 0x0000000000000000
       x19 = 0x000000016fdff7a0
       x20 = 0x0000000000000001
       x21 = 0x0000000100000000  naot1`_mh_execute_header
       x22 = 0x0000000000000000
       x23 = 0x0000000000000000
       x24 = 0x0000000000000000
       x25 = 0x0000000000000000
       x26 = 0x0000000000000000
       x27 = 0x0000000000000000
       x28 = 0x0000000000000000
        fp = 0x000000016fdff200
        lr = 0x00000001000ad580  naot1`S_P_CoreLib_System_Type__GetTypeFromEETypePtr + 112
        sp = 0x000000016fdff200
        pc = 0x000000010036c060  naot1`S_P_CoreLib_System_Runtime_CompilerServices_Unsafe__As<System___Canon>
      cpsr = 0x20001000
```
it is __data section:
```gdb
  0x0000000d data             [0x0000000100543c00-0x00000001005f4f68)  rw-  0x00543c00 0x000b1368 0x00000000 naot1.__DATA.__data
```
and the `As<T>` call in `S_P_CoreLib_System_Type__GetTypeFromEETypePtr` does not fail (it later gives EXC_BAD_ACCESS from `S_P_CoreLib_Internal_Runtime_IatAwarePointer_1<S_P_CoreLib_Internal_Runtime_MethodTable>__get_Value`).

Note that while x0 still has the same value (`__GenericDict_S_P_CoreLib_System_Runtime_CompilerServices_Unsafe__As<S_P_CoreLib_System_Type>`), the difference between previously failing call to `As<T>` and this successful execution is address of x1; before it was null, now it has the address `0x00000001020075e8`, which is outside of the entire module address ranges (`0x0000000000000000 - 0x0000000100ef8000`).

**Comment by MichalStrehovsky** [comment]
Yeah, the reloc looks still wrong then.

In your objwriter change, what is forcing the `RelocType = unsigned(MachO::ARM64_RELOC_POINTER_TO_GOT);` part around `FK_PCRel_4`? Is anything asserting/crashing if that line is not there? A thing with GOT in the name doesn't sound right.

**Comment by am11** [comment]
Removing `RelocType = unsigned(MachO::ARM64_RELOC_POINTER_TO_GOT);` line from `AArch64MachObjectWriter.cpp` takes us back to the error from the very top post:

```sh
...
  naot1 -> /Users/am11/projects/naot1/bin/Debug/net7.0/osx-arm64/naot1.dll
  Generating compatible native code. To optimize for size or speed, visit https://aka.ms/OptimizeCoreRT
  <unknown>:0: error: ADR/ADRP relocations must be GOT relative
  <unknown>:0: error: unknown AArch64 fixup kind!
  <unknown>:0: error: unknown AArch64 fixup kind!
  <unknown>:0: error: fixup value out of range
  <unknown>:0: error: ADR/ADRP relocations must be GOT relative
  <unknown>:0: error: unknown AArch64 fixup kind!
  <unknown>:0: error: unknown AArch64 fixup kind!
  <unknown>:0: error: fixup value out of range
  <unknown>:0: error: ADR/ADRP relocations must be GOT relative
  <unknown>:0: error: unknown AArch64 fixup kind!
  <unknown>:0: error: unknown AArch64 fixup kind!
  <unknown>:0: error: fixup value out of range
  <unknown>:0: error: ADR/ADRP relocations must be GOT relative
  <unknown>:0: error: unknown AArch64 fixup kind!
  <unknown>:0: error: unknown AArch64 fixup kind!
  <unknown>:0: error: fixup value out of range
  <unknown>:0: error: ADR/ADRP relocations must be GOT relative
  <unknown>:0: error: unknown AArch64 fixup kind!
  <unknown>:0: error: unknown AArch64 fixup kind!
  <unknown>:0: error: fixup value out of range
  <unknown>:0: error: ADR/ADRP relocations must be GOT relative
  <unknown>:0: error: unknown AArch64 fixup kind!
  <unknown>:0: error: unknown AArch64 fixup kind!
  <unknown>:0: error: fixup value out of range
  <unknown>:0: error: ADR/ADRP relocations must be GOT relative
  <unknown>:0: error: unknown AArch64 fixup kind!
  <unknown>:0: error: unknown AArch64 fixup kind!
  <unknown>:0: error: fixup value out of range
  <unknown>:0: error: ADR/ADRP relocations must be GOT relative
  <unknown>:0: error: unknown AArch64 fixup kind!
  <unknown>:0: error: unknown AArch64 fixup kind!
  <unknown>:0: error: ADR/ADRP relocations must be GOT relative
  <unknown>:0: error: unknown AArch64 fixup kind!
  <unknown>:0: error: unknown AArch64 fixup kind!
  <unknown>:0: error: fixup value out of range
  <unknown>:0: error: ADR/ADRP relocations must be GOT relative
...
  <unknown>:0: error: unknown AArch64 fixup kind!
  <unknown>:0: error: unknown AArch64 fixup kind!
  <unknown>:0: error: unknown AArch64 fixup kind!
  <unknown>:0: error: unknown AArch64 fixup kind!
  <unknown>:0: error: unknown AArch64 fixup kind!
  <unknown>:0: error: unknown AArch64 fixup kind!
  <unknown>:0: error: unknown AArch64 fixup kind!
  <unknown>:0: error: unknown AArch64 fixup kind!
  <unknown>:0: error: unknown AArch64 fixup kind!
  <unknown>:0: error: unknown AArch64 fixup kind!
  <unknown>:0: error: unknown AArch64 fixup kind!
  <unknown>:0: error: unknown AArch64 fixup kind!
  ld: malformed __LD,__compact_unwind section, bad length file 'obj/Debug/net7.0/osx-arm64/native/naot1.o'
  clang: error: linker command failed with exit code 1 (use -v to see invocation)
```

(although useCompactUnwind still returns false per the change we made earlier)

**Comment by MichalStrehovsky** [comment]
I don't understand how deleting the `RelocType = unsigned(MachO::ARM64_RELOC_POINTER_TO_GOT);` line gets us to the `ADR/ADRP relocations must be GOT relative` message - the message comes from a different switch block in the same method - how does deleting the single line gets us to a different switch block?

**Comment by am11** [comment]
I haven't stepped through that code, but it could be recordRelocation is called again for same symbol with immediate flag set? I don't have any other local changes.

**Comment by MichalStrehovsky** [comment]
Are you 100% sure you're using the objwriter you built? I crosscompiled from windows, but I don't see those errors printed even if I remove the line in question (just the one line, not the entire `case`).

**Comment by am11** [comment]
Indeed case of bad caching. 😞 I tried again from clean state (takes 13-15 minutes to clean the nuget caches and build both repos on M1 pro). The error is there, but it is different:

```sh
  Generating compatible native code. To optimize for size or speed, visit https://aka.ms/OptimizeCoreRT
  ld: in section __DATA,.corert_eh_table reloc 0: pcrel and ARM64_RELOC_UNSIGNED not supported file 'obj/Debug/net7.0/osx-arm64/native/naot1.o'
  clang: error: linker command failed with exit code 1 (use -v to see invocation)
```

Uncommenting that (one) `RelocType` line fixes this error and publishes the app which I was debugging. 

```sh
  Generating compatible native code. To optimize for size or speed, visit https://aka.ms/OptimizeCoreRT
  ld: warning: can't parse dwarf compilation unit info in obj/Debug/net7.0/osx-arm64/native/naot1.o
  naot1 -> /Users/am11/projects/naot1/bin/Debug/net7.0/osx-arm64/publish
```

Note that earlier we were getting `type 15` error from `corert_eh_table` (https://github.com/dotnet/runtime/issues/67232#issuecomment-1083078234). Looks like `case FK_PCRel_4` needs a rework.

**Comment by MichalStrehovsky** [comment]
Looking at the relocations that seem to be actually supported around the error message in https://github.com/zzjconcent/ollvm/blob/d28107a3d30dfadde47ae0118d62d8d7951491f9/src/lib/ExecutionEngine/RuntimeDyld/Targets/RuntimeDyldMachOAArch64.h doesn't give us many options. It might be possible to represent this as ARM64_RELOC_SUBTRACTOR (make a temp symbol for current address and do a difference to destination). That's what PC relative is about anyway.

Or the other option is to take the !SupportsRelativePointers path because that's clearly where Apple wants us to go after they gimped their platform again and removed a reloc kind that exists everywhere else.

**Comment by am11** [comment]
With `SupportRelativePointers=false`, now backtraces are also working. We reach: https://github.com/dotnet/runtime/blob/6de7147b9266d7730b0d73ba67632b0c198cb11e/src/coreclr/nativeaot/System.Private.TypeLoader/src/Internal/Runtime/TypeLoader/ModuleList.cs#L367 and it returns false followed by the FailFast from next line which results in SIGABRT. This `Find` method is returning null (so it doesn't enter `if` block): https://github.com/dotnet/runtime/blob/6de7147b9266d7730b0d73ba67632b0c198cb11e/src/coreclr/nativeaot/Common/src/System/Collections/Generic/LowLevelDictionary.cs#L79-L80

same callstack as https://github.com/dotnet/runtime/issues/67232#issuecomment-1086634886.

**Comment by am11** [comment]
According to `x/64s $x0`, the message is: 
> Invalid module requested in enumeration: 69446c657665c77

This is a huge address out of all module ranges. 🤔

**Comment by MichalStrehovsky** [comment]
@am11 - thanks for your help with this so far! I haven't forgotten about this, but my son was born and other things are now taking priority. I don't expect things to be normal for the next few weeks.

**Comment by am11** [comment]
Congratulations on the baby boy! 🎉

Thank you for your help and advice. I have learned multiple aspects of NativeAOT, objwriter and lldb in doing this exercise. Looking forward to continue hacking. 🙂

**Comment by filipnavara** [comment]
The crash in https://github.com/dotnet/runtime/issues/67232#issuecomment-1086634886 (with `SupportsRelativePointers = false`) is caused by this branch: 

https://github.com/dotnet/runtime/blob/0ce9c8c61e1bc2d7a10db5df5be6039eabe692ba/src/coreclr/nativeaot/Runtime/inc/MethodTable.inl#L93-L99

It is missing the check for `SupportsRelativePointers` but I am not sure how to do it in the native code. Fixing that would make it progress further.

There still seems to be some issues around unwind info and generate DWARF debug info. The DWARF debug info is actually separate issue in the llvm/objwriter where misordered calls in the original LLVM MC code cause the DWARD debug section to be generated with incorrect values/relocations. Instead of writing addresses relative to the __DWARF segment it produces absolute addresses + relocation. That makes the debugging info unreadable by `dwarfdump`.

**Comment by am11** [comment]
`SupportsRelativePointers` is implemented in terms of target's details in managed code:
https://github.com/dotnet/runtime/blob/2201016c1e13bdb9abf49e2e38cadf4ee0568df2/src/coreclr/tools/Common/TypeSystem/Common/TargetDetails.cs#L95-L99
and we appended osx-arm64 condition there (i just changed it to `return false` for local testing).

On the native side, we can use something like:
```c++
#if defined(HOST_ARM64) && defined(TARGET_OSX)
    // do something else ...
#else
     if (!IsDynamicType()) // ... existing code
```
It looks like we are not testing `SupportsRelativePointers=false` in the CI (CppCodegen was not ported in corert->runtimelab migration, and wasm was not ported in runtimelab->runtime migration), so it is probably broken on other targets (linux-x64 etc.). It is probably better to stick with defaults of `SupportsRelativePointers` which is known to be working on supported targets.

**Comment by MichalStrehovsky** [comment]
Nice find @filipnavara!

> It looks like we are not testing SupportsRelativePointers=false in the CI (CppCodegen was not ported in corert->runtimelab migration, and wasm was not ported in runtimelab->runtime migration), so it is probably broken on other targets

`USE_PORTABLE_HELPERS` is defined for both CPPCODEGEN and WASM, so that's why it works there - it goes straight to the "treat it as a full pointer" path.

> it is probably broken on other targets (linux-x64 etc.). It is probably better to stick with defaults of `SupportsRelativePointers` which is known to be working on supported targets

I'm not so afraid of that - I checked and Hello world works. I've submitted #74858 to see if everything else works. Of course getting the relative relocs working would be preferred, but if Apple killed them and anybody who needs them is just holding it wrong this is what we'll have to do anyway. It could be good enough to unblock a hello world at least.

**Comment by am11** [comment]
> `USE_PORTABLE_HELPERS` is defined for both CPPCODEGEN and WASM,

Ok, so we can define it via commandline `./build.sh -cmakeargs -DUSE_PORTABLE_HELPERS` or add `add_definitions(-DUSE_PORTABLE_HELPERS)` in `src/coreclr/nativeaot/Runtime/Full/CMakeLists.txt` for temporary testing.

> It could be good enough to unblock a hello world at least.

Agreed, clang -no-pie -no-pic etc. are still supported on latest macOS and XCode, so we shouldn't worry about it. If `SupportsRelativePointers=false` is working on other platforms, making it work first on osx-arm64 is a good first step.

**Comment by jkotas** [comment]
How hard is it to make the relative relocs work with `ARM64_RELOC_SUBTRACTOR`? The relative relocs are important size optimization. We would want to figure out how to enable them on Apple Silicon.

**Comment by filipnavara** [comment]
`ARM64_RELOC_SUBTRACTOR` is just kind of modifier for other reloc types. I don't think it would help here.

**Comment by jkotas** [comment]
Right, it says to subtract an address from where the reloc is pointing to. It should be exactly what we need here.

Here is an example how LLVM creates relative relocs using the subtractor: https://github.com/llvm/llvm-project/blob/6c9f6812523a706c11a12e6cb4119b0cf67bbb21/lld/MachO/EhFrame.cpp#L108-L130

**Comment by filipnavara** [comment]
Couple of notes about the compact unwinding:
- If the compact unwind info is not present in the object file then the linker generates incorrect 2nd level page offsets in the linked compact unwind info.
- The reason why the linker complains is that CFI has incorrect size is [the EmitCFILsda code](https://github.com/dotnet/llvm-project/blob/0118b1cfae250e637d631b89d95bafc3bc948b2a/llvm/tools/objwriter/objwriter.cpp#L559-L560). The `LSDAEncoding` causes the compact unwinder to generate 4-byte LSDA reference instead of pointer-sized one expected by the linker. Changing the value from `llvm::dwarf::Constants::DW_EH_PE_pcrel | llvm::dwarf::Constants::DW_EH_PE_sdata4` to `llvm::dwarf::Constants::DW_EH_PE_pcrel` fixes this and generates valid layout of the compact unwind info.
- The generated compact unwind info with the above fix is still quite useless for two reasons:
   - There seem to be some incorrect offsets generated so linker rejects it. The error message is not too helpful.
   - All the compact entries fallback to DWARF links anyway (and no direct LSDA links).
- Generating real compact unwind info seems to work to some point when [the CFI instruction compression](https://github.com/dotnet/runtime/blob/0559d4a6cf6c89e3fdc6a639bd631287868f00e2/src/coreclr/tools/Common/JitInterface/CorInfoImpl.cs#L3373-L3376) is enabled. However, now the ld64 linker crashes instead of generating unhelpful error. The data can be verified in the .o file with `xcrun unwinddump` / `objdump -u`.

**Comment by am11** [comment]
> If the compact unwind info is not present in the object file then the linker generates incorrect 2nd level page offsets in the linked compact unwind info.

This is good to know. We disabled the compact unwinding in `MCObjectFileInfo.cpp`, but it didn't get us too far, after the managed `Main` invocation. I think we should try to make this work next.

**Comment by filipnavara** [comment]
I got way further but exceptions failed to unwind. That's why I started poking into it.

**Comment by am11** [comment]
>  printing "Hello World" works

That is a great news! :tada:

If you can push the changes somewhere, I can join in. :slightly_smiling_face:

**Comment by filipnavara** [comment]
> If you can push the changes somewhere, I can join in. 

They need to be cleaned up... I have a lot of printf-style debugging and comments going on.

**Comment by filipnavara** [comment]
I committed the LLVM change for unwinding to your branch. On the dotnet/runtime side I use my own branch (https://github.com/dotnet/runtime/compare/main...filipnavara:runtime:nativeaot-m1) but feel free to cherry pick the last commit (https://github.com/dotnet/runtime/commit/e65a65edab8718ef8bb5b9de5a17077229fbbbff) which is the only relevant one for unwinding.

Aside from that there's only hack for `SupportsRelativePointers`.

**Comment by am11** [comment]
@filipnavara, thank you! I will test with your changes tomorrow, but you may want to tweak other usages of that macro:  `git grep USE_PORTABLE_HELPERS` (especially in StackFrameIterator). Maybe try defining USE_PORTABLE_HELPERS to find out if it moves the needle (`./build.sh -cmakeargs -DUSE_PORTABLE_HELPERS`) before manually tweaking those places. As Michal said, it will likely not work, but still worth a try since it seems related.

**Comment by filipnavara** [comment]
I pushed a commit to my branch that gets the compact unwinding correctly decode the frames. So now we're back to the relocations... the LSDA info uses RELPTR32 relocations which don't work yet and so I get garbage in `UnixNativeCodeManager::EHEnumInit` when trying to get `pEHInfo`.

**Comment by filipnavara** [comment]
I committed code for relative relocations to the [llvm branch](https://github.com/dotnet/llvm-project/pull/185). That gets me past the first exception handler which seems to be executed correctly:

```
filipnavara@172-4-1-20 runtime % lldb ./artifacts/tests/coreclr/OSX.arm64.Debug/nativeaot/SmokeTests/FrameworkStrings/UseSystemResourceKeys/native/UseSystemResourceKeys
error: no such file
error: 'setsymbolserver' is not a valid command.
(lldb) target create "./artifacts/tests/coreclr/OSX.arm64.Debug/nativeaot/SmokeTests/FrameworkStrings/UseSystemResourceKeys/native/UseSystemResourceKeys"
Current executable set to '/Users/filipnavara/Projects/runtime/artifacts/tests/coreclr/OSX.arm64.Debug/nativeaot/SmokeTests/FrameworkStrings/UseSystemResourceKeys/native/UseSystemResourceKeys' (arm64).
(lldb) run
Process 61663 launched: '/Users/filipnavara/Projects/runtime/artifacts/tests/coreclr/OSX.arm64.Debug/nativeaot/SmokeTests/FrameworkStrings/UseSystemResourceKeys/native/UseSystemResourceKeys' (arm64)
Arg_NullReferenceException
Arg_NullReferenceException
Argument_ArrayGetInterfaceMap
Argument_ArrayGetInterfaceMap
Resources in CoreLib:
Resources in reflection library:
Process 61663 stopped
* thread #1, queue = 'com.apple.main-thread', stop reason = EXC_BAD_ACCESS (code=1, address=0x0)
    frame #0: 0x0000000000000000
error: memory read failed for 0x0
Target 0: (UseSystemResourceKeys) stopped.
(lldb)
```

Not quite sure what is going on now. I am gonna be away for a week so feel free to poke at it.

**Comment by filipnavara** [comment]
More detail on the crash above. It seems there may be still some issue with locating the EH handler info. This is the last point I could reach (handling an exception from `Assembly.Load` [here](https://github.com/dotnet/runtime/blob/5e7cfbf086a03d2613e2e390805470063836262b/src/tests/nativeaot/SmokeTests/FrameworkStrings/Program.cs#L64-L67)) was this:
```
Process 77223 stopped
* thread #1, queue = 'com.apple.main-thread', stop reason = step over
    frame #0: 0x00000001000ba0f4 UseSystemResourceKeys`RhpCallCatchFunclet at ExceptionHandling.S:430
   427 	        sub         x4, x4, x0
   428 	        str         x4, [sp, #rsp_offset_is_not_handling_thread_abort] // Non-zero if the exception is not ThreadAbortException
   429 	
-> 430 	        add         x12, x5, #OFFSETOF__Thread__m_ThreadStateFlags
   431 	
   432 	ClearRetry_Catch:
   433 	        ldxr        w4, [x12]
```

**Comment by MichalStrehovsky** [comment]
Very nice progress!

Yes, this looks like a stack corruption. The probably obvious ways to troubleshoot this would be to check the stack pointer at the moment of entry and before the return (to rule out SP being corrupted). And if the SP is fine, try putting a memory breakpoint on the location where the return address is kept to see who clobbers the stack slot.

We did take an exception in Program.Main so it could be things weren't restored properly and SP is off:

https://github.com/dotnet/runtime/blob/ca82565a60380bf4220255c65e493deb44314346/src/tests/nativeaot/SmokeTests/FrameworkStrings/Program.cs#L30-L38

**Comment by filipnavara** [comment]
It's very likely that something was not properly restored during the exception handling. It uses the compact unwinding which is a new code path. I need to get more familiar with the ARM64 instruction set again, perhaps X30 register (default `ret` destination) is not restored correctly... it should be fairly easy to trace with few breakpoints in the right places.

**Comment by am11** [comment]
Running SharedLibrary (with #74989) throws from libunwind in Exception ctor (or anything that uses write barriers).
```zsh
% ./artifacts/tests/coreclr/OSX.arm64.Release/nativeaot/SmokeTests/SharedLibrary/SharedLibrary/native/SharedLibrary     
libunwind: stepWithCompactEncoding - invalid compact unwind encoding
zsh: abort  
```
Note that `git grep` will show show as if it is coming from src/native/external/llvm-libunwind, but it is actually macos' system libunwind, which is the fork of llvm-libunwind.

same with the Debug configuration. lldb shows:

```gdb
* thread #1, queue = 'com.apple.main-thread', stop reason = EXC_BAD_ACCESS (code=2, address=0x102463e99)
    frame #0: 0x0000000101d7ec80 SharedLibrary.dylib`RhpAssignRefArm64 at WriteBarriers.S:322
   319 	    ALTERNATE_ENTRY RhpAssignRefX1AVLocation
   320 	        stlr    x15, [x14]
   321 	
-> 322 	        INSERT_UNCHECKED_WRITE_BARRIER_CORE x14, x15, 12
   323 	
   324 	        ret
   325 	LEAF_END RhpAssignRefArm64, _TEXT

(lldb) bt
* thread #1, queue = 'com.apple.main-thread', stop reason = EXC_BAD_ACCESS (code=2, address=0x102463e99)
  * frame #0: 0x0000000101d7ec80 SharedLibrary.dylib`RhpAssignRefArm64 at WriteBarriers.S:322
    frame #1: 0x0000000101dd3390 SharedLibrary.dylib`S_P_CoreLib_System_Exception___ctor_0 + 48
    frame #2: 0x0000000101e3ab9c SharedLibrary.dylib`S_P_CoreLib_System_SystemException___ctor_0 + 28
    frame #3: 0x0000000101e2997c SharedLibrary.dylib`S_P_CoreLib_System_OutOfMemoryException___ctor_0 + 28
    frame #4: 0x0000000101dd443c SharedLibrary.dylib`S_P_CoreLib_System_PreallocatedOutOfMemoryException__Initialize + 44
    frame #5: 0x0000000101f79800 SharedLibrary.dylib`S_P_CoreLib_Internal_Runtime_CompilerHelpers_LibraryInitializer__InitializeLibrary + 16
    frame #6: 0x00000001020c6c8c SharedLibrary.dylib`__managed__Startup + 28
    frame #7: 0x0000000101cca36c SharedLibrary.dylib`InitializeRuntime() at main.cpp:173:5
    frame #8: 0x0000000101ce5f0c SharedLibrary.dylib`Thread::EnsureRuntimeInitialized(this=0x0000000100404260) at thread.cpp:1207:13
    frame #9: 0x0000000101ce5de4 SharedLibrary.dylib`Thread::ReversePInvokeAttachOrTrapThread(this=0x0000000100404260, pFrame=0x000000016fdff658) at thread.cpp:1169:13
    frame #10: 0x0000000101ce6328 SharedLibrary.dylib`::RhpReversePInvokeAttachOrTrapThread2(pFrame=0x000000016fdff658) at thread.cpp:1349:28
    frame #11: 0x0000000101ce645c SharedLibrary.dylib`::RhpReversePInvoke(pFrame=0x000000016fdff658) at thread.cpp:1363:5
    frame #12: 0x000000010200d64c SharedLibrary.dylib`ReturnsPrimitiveInt + 28
    frame #13: 0x0000000100003e08 SharedLibrary`main(argc=1, argv=0x000000016fdff830) at SharedLibrary.cpp:55:9
    frame #14: 0x0000000100015088 dyld`start + 516
```

**Comment by am11** [comment]
Disabling `FEATURE_USE_SOFTWARE_WRITE_WATCH_FOR_GC_HEAP` fixed it and a few others.

```sh
$ src/tests/run.sh --runnativeaottests Debug
...
Time [secs] | Total | Passed | Failed | Skipped | Assembly Execution Summary
============================================================================
      2.193 |    13 |      4 |      9 |       0 | nativeaot.SmokeTests.XUnitWrapper.dll
----------------------------------------------------------------------------
      2.193 |    13 |      4 |      9 |       0 | (total)
```

**Comment by filipnavara** [comment]
> `libunwind: stepWithCompactEncoding - invalid compact unwind encoding`

I originally forgot to check for the compact->DWARF fallback path. I added it to my branch yesterday but it's untested.

**Comment by am11** [comment]
Yes, I had all the patches + rebased on tip of the main branch: https://github.com/dotnet/runtime/compare/main...am11:runtime:m1-filip. You can use `#include <external/llvm-libunwind/src/CompactUnwinder.hpp>` around line 26 in UnwindHelpers.cpp to avoid copying `CompactUnwinder_arm64`.

**Comment by filipnavara** [comment]
> You can use `#include <external/llvm-libunwind/src/CompactUnwinder.hpp>` around line 26 in UnwindHelpers.cpp to avoid copying `CompactUnwinder_arm64`.

The reason I copied it is that it operates on a different register structure layout. There may be a way around that but it was easier to just take a copy and adjust it (for testing).

**Comment by am11** [comment]
There is a P/Invoke failure running into OOM (though there is plenty of memory on the system):

```sh
        > /Users/adeel/projects/runtime/artifacts/tests/coreclr/OSX.arm64.Debug/nativeaot/SmokeTests/PInvoke/PInvoke/PInvoke.sh
        Expected: True
        Actual:   False
        Stack Trace:
          /Users/adeel/projects/runtime/artifacts/tests/coreclr/OSX.arm64.Debug/TestWrappers/nativeaot.SmokeTests/nativeaot.SmokeTests.XUnitWrapper.cs(842,0): at nativeaot_SmokeTests._PInvoke_PInvoke_PInvoke_._PInvoke_PInvoke_PInvoke_sh()
             at System.RuntimeMethodHandle.InvokeMethod(Object target, Void** arguments, Signature sig, Boolean isConstructor)
             at System.Reflection.MethodInvoker.Invoke(Object obj, IntPtr* args, BindingFlags invokeAttr)
        Output:
          Unhandled Exception: System.OutOfMemoryException: Insufficient memory to continue the execution of the program.
             at Internal.Runtime.Augments.RuntimeAugments.CreateThunksHeap(IntPtr) + 0x6c
             at System.Runtime.InteropServices.PInvokeMarshal.AllocateThunk(Delegate) + 0x64
             at PInvoke!<BaseAddress>+0x419cb8
             at System.Runtime.CompilerServices.ConditionalWeakTable`2.GetValueLocked(TKey, ConditionalWeakTable`2.CreateValueCallback) + 0x58
             at System.Runtime.CompilerServices.ConditionalWeakTable`2.GetValue(TKey, ConditionalWeakTable`2.CreateValueCallback) + 0x68
             at System.Runtime.InteropServices.PInvokeMarshal.GetFunctionPointerForDelegate(Delegate) + 0x180
             at System.Runtime.InteropServices.Marshal.GetFunctionPointerForDelegateInternal(Delegate) + 0x18
             at System.Runtime.InteropServices.Marshal.GetFunctionPointerForDelegate(Delegate) + 0x2c
             at System.Runtime.InteropServices.Marshal.GetFunctionPointerForDelegate[TDelegate](TDelegate) + 0x28
             at PInvokeTests.Program.ReversePInvoke_Int(Program.Delegate_Int) + 0x74
             at PInvokeTests.Program.TestDelegate() + 0x70
             at PInvokeTests.Program.Main(String[]) + 0x78
             at PInvoke!<BaseAddress>+0x424644
             at PInvoke!<BaseAddress>+0x4246d0
          /Users/adeel/projects/runtime/src/tests/Common/scripts/nativeaottest.sh: line 14: 60306 Abort trap: 6           $_DebuggerFullPath $1/native/$exename "${@:3}"
```

There are no debug symbols for ThunksHeap's ctor, but it's failing to get non-zero `_nextAvailableThunkPtr` around here: https://github.com/dotnet/runtime/blob/9d6396deb02161f5ee47af72ccac52c2e1bae458/src/coreclr/nativeaot/Runtime.Base/src/System/Runtime/ThunkPool.cs#L98

```gdb
# no debug symbol in that image by that name
(lldb) image lookup -rn S_P_CoreLib_System_Runtime_ThunksHeap___ctor

# there is a non-debug symbol if we search the image
(lldb) image lookup -rs S_P_CoreLib_System_Runtime_ThunksHeap___ctor
2 symbols match the regular expression 'S_P_CoreLib_System_Runtime_ThunksHeap___ctor' in /Users/adeel/projects/runtime/artifacts/tests/coreclr/OSX.arm64.Debug/nativeaot/SmokeTests/PInvoke/PInvoke/native/PInvoke:
        Address: PInvoke[0x00000001002b1860] (PInvoke.__TEXT.__managedcode + 1931408)
        Summary: PInvoke`S_P_CoreLib_System_Runtime_ThunksHeap___ctor        Address: PInvoke[0x00000001005d9ec1] (PInvoke.__DATA..dotnet_eh_table + 269945)
        Summary: PInvoke`lsda0_S_P_CoreLib_System_Runtime_ThunksHeap___ctor
```

**Comment by jkotas** [comment]
> There is a P/Invoke failure running into OOM

It is likely a failure to allocate executable memory. This code needs to be changed to use Apple Silicon APIs to do that (`pthread_jit_write_protect_np` and `MAP_JIT`).

**Comment by filipnavara** [comment]
> > There is a P/Invoke failure running into OOM
> 
> It is likely a failure to allocate executable memory. This code needs to be changed to use Apple Silicon APIs to do that (`pthread_jit_write_protect_np` and `MAP_JIT`).

Yep, you are right. I checked the theory and this should be fairly easy to fix.

**Comment by jkotas** [comment]
Or fix the JIT to produce frames that are compatible with compact unwinding.

**Comment by filipnavara** [comment]
> Or fix the JIT to produce frames that are compatible with compact unwinding.

That's also an option. I started reading the design document and there are some limits on what the instruction encoding allows in terms of offsets... Overall I think there are multiple viable ways to fix it but it's relatively easy to get it working in some way now that I know what is happening.

**Comment by am11** [comment]
> It is likely a failure to allocate executable memory. 

Agreed, this looks like the case. I tried borrowing some helpers from coreclr/pal yesterday, but it has not fixed the issue (so far).

> Overall I think there are multiple viable ways

Can we handle it in https://github.com/dotnet/runtime/blob/ab2d195f169a08bf8eb978b472b2d3aca61b0a46/src/coreclr/tools/aot/ILCompiler.RyuJit/JitInterface/CorInfoImpl.RyuJit.cs#L96 considering the coreclr/jit/unwind* is serving non-NativeAOT modes on osx-arm64 well?

**Comment by filipnavara** [comment]
> > It is likely a failure to allocate executable memory.
> 
> Agreed, this looks like the case. I tried borrowing some helpers from coreclr/pal yesterday, but it has not fixed the issue (so far).

You would need to map the memory with MAP_JIT flag (see MEM_RESERVE_EXECUTABLE in CLR code). Writes to both the data section and the thunk section have to be protected by the `pthread_jit_write_protect_np` call. Since the data chunk of memory is written from the managed code you would need to also expose the helper to enable/disable write protection to the managed code.

**Comment by filipnavara** [comment]
Reflection tests are failing because `GetUnwindProcInfo` doesn't understand compact unwinding yet. I have a local fix but it needs polishing before I push it.

```
Testing delegate targets are reflectable...
Testing virtual delegate targets are reflectable...
TestContainment
TestInterfaceMethod
TestByRefLikeTypeMethod
TestILScanner
Search current assembly
GetMethod on a non-generic type
Totally unreferenced method on a non-generic type (we should not find it)
GetMethod on a non-generic type for a generic method
Generics
Partial canonical types
Search in system assembly
Search through a forwarder
Search in mscorlib
Enum.GetValues
Enum.GetValuesAsUnderlyingType
Pattern in LINQ expressions
Other pattern in LINQ expressions
TestUnreferencedEnum
TestAttributeInheritance
TestStringConstructor
TestAssemblyAndModuleAttributes
TestAttributeExpressions
TestParameterAttributes
TestPropertyAndEventAttributes
TestNecessaryEETypeReflection
TestCreateDelegate
TestGetUninitializedObject
TestInstanceFields
TestReflectionInvoke
TestInvokeMemberParamsCornerCase
TestDefaultInterfaceInvoke
TestCovariantReturnInvoke
TestThreadStaticFields
TestByRefReturnInvoke
Process 59310 exited with status = 100 (0x00000064)
```

**Comment by filipnavara** [comment]
I pushed changes to my branch that get the PInvoke smoke test passing. The MAP_JIT protection was the easy part. Apparently TLS access was trashing some registers in `tls_get_var` function and that prevented the stubs from working correctly.

**Comment by am11** [comment]
Looks like we don't need to change `gcenv.unix.cpp` now that `OS_PAGE_SIZE` is fixed?

**Comment by filipnavara** [comment]
> Looks like we don't need to change gcenv.unix.cpp now that OS_PAGE_SIZE is fixed?

Apparently we still have to, I checked. Not sure what's different from regular CoreCLR though.

**Comment by filipnavara** [comment]
The remaining failures seem to have some memory trashing going on. There may be something suspicious going on in `RhpCheckedLockCmpXchg` since the trashed locations seem to be variables written by `Interlocked.CompareExchange`.

**Comment by filipnavara** [comment]
Somewhere along the way I broke the `Reflection` test... the weird part is that it's because of a corrupted pointer in the data section and it's already corrupted at the process start before any code is run:

<img width="478" alt="image" src="https://user-images.githubusercontent.com/1764393/189115958-df27fb91-ed25-42f9-a1ee-ab973dd45ed7.png">

```
Process 25618 launched: '/Users/filipnavara/Projects/runtime/artifacts/tests/coreclr/OSX.arm64.Debug/nativeaot/SmokeTests/Reflection/Reflection/native/Reflection' (arm64)
(lldb) p *(void **)0x00000001008e7ffc
(void *) $1 = 0x00000000004c3140
```

...and the section has no relocations:

<img width="1401" alt="image" src="https://user-images.githubusercontent.com/1764393/189116316-c5d60968-0f8e-4c5e-b82c-f5ec90118de6.png">

I am running out of ideas on what could have possibly caused that.

**Comment by filipnavara** [comment]
Eh, I traced back the `Relocation` failure to https://github.com/dotnet/llvm-project/blob/cb1c615abd1a871bd2d2a105325aaa84ee5913b5/llvm/tools/objwriter/objwriter.cpp#L257-L262 ... will try to fix it, or submit revert of the code block to llvm-project for objwriter.

**Comment by filipnavara** [comment]
With the current state of things the smoke tests sometimes pass on my machine. Other times it fails here:
```
* thread #172, stop reason = signal SIGABRT
  * frame #0: 0x00000001a0366224 libsystem_kernel.dylib`__pthread_kill + 8
    frame #1: 0x00000001a039ccec libsystem_pthread.dylib`pthread_kill + 288
    frame #2: 0x00000001a02d62d8 libsystem_c.dylib`abort + 180
    frame #3: 0x00000001000a6980 UnitTests`::PalHijack(hThread=0x00006000002040e0, pThreadToHijack=0x0000000123004740) at PalRedhawkUnix.cpp:1041:9
    frame #4: 0x000000010002bad0 UnitTests`Thread::Hijack(this=0x0000000123004740) at thread.cpp:616:5
    frame #5: 0x000000010002db84 UnitTests`ThreadStore::SuspendAllThreads(this=0x0000600000202d80, waitForGCEvent=true) at threadstore.cpp:278:36
    frame #6: 0x000000010001cb64 UnitTests`GCToEEInterface::SuspendEE(reason=SUSPEND_FOR_GC) at gcrhenv.cpp:659:23
    frame #7: 0x000000010004ccc4 UnitTests`WKS::GCHeap::GarbageCollectGeneration(this=0x0000600000004030, gen=0, reason=reason_alloc_soh) at gc.cpp:46900:9
    frame #8: 0x000000010004ec6c UnitTests`WKS::gc_heap::trigger_gc_for_alloc(gen_number=0, gr=reason_alloc_soh, msl=0x0000000100a2c1b8, loh_p=false, take_state=mt_try_budget) at gc.cpp:17691:14
    frame #9: 0x00000001000502e8 UnitTests`WKS::gc_heap::try_allocate_more_space(acontext=0x0000000126004dd0, size=32, flags=0, gen_number=0) at gc.cpp:17841:21
    frame #10: 0x000000010005048c UnitTests`WKS::gc_heap::allocate_more_space(acontext=0x0000000126004dd0, size=32, flags=0, alloc_generation_number=0) at gc.cpp:18320:18
    frame #11: 0x0000000100092394 UnitTests`WKS::GCHeap::Alloc(gc_alloc_context*, unsigned long, unsigned int) at gc.cpp:18351:19
    frame #12: 0x000000010009225c UnitTests`WKS::GCHeap::Alloc(this=0x0000600000004030, context=0x0000000126004dd0, size=32, flags=0) at gc.cpp:45894:34
    frame #13: 0x000000010001bd7c UnitTests`GcAllocInternal(pEEType=0x0000000100a12340, uFlags=0, numElements=0, pThread=0x0000000126004dd0) at gcrhenv.cpp:267:54
    frame #14: 0x000000010001c064 UnitTests`::RhpGcAlloc(pEEType=0x0000000100a12340, uFlags=0, numElements=0, pTransitionFrame=0x00000001705eecd0) at gcrhenv.cpp:303:12
    frame #15: 0x00000001000c3f5c UnitTests`RhpNewObject at AllocFast.S:88
    frame #16: 0x0000000100377d78 UnitTests`RhNewObject + 264
    frame #17: 0x0000000100373b64 UnitTests`S_P_CoreLib_System_Runtime_RuntimeImports__RhNewObject_0 + 36
    frame #18: 0x00000001003dff08 UnitTests`S_P_CoreLib_Internal_Runtime_ThreadStatics__AllocateThreadStaticStorageForType + 312
    frame #19: 0x00000001003dfc20 UnitTests`S_P_CoreLib_Internal_Runtime_ThreadStatics__GetThreadStaticBaseForTypeSlow + 112
    frame #20: 0x00000001003dfb84 UnitTests`S_P_CoreLib_Internal_Runtime_ThreadStatics__GetThreadStaticBaseForType + 228
    frame #21: 0x00000001002d2564 UnitTests`S_P_CoreLib_System_Threading_Thread__StartThread + 116
    frame #22: 0x00000001002d2e50 UnitTests`S_P_CoreLib_System_Threading_Thread__ThreadEntryPoint + 32
    frame #23: 0x00000001a039d06c libsystem_pthread.dylib`_pthread_start + 148
```

**Comment by filipnavara** [comment]
I'll probably try to clean up my branch and submit a PR soon.

**Comment by am11** [comment]
one test is failing with https://github.com/dotnet/runtime/pull/75264:

```sh
Time [secs] | Total | Passed | Failed | Skipped | Assembly Execution Summary
============================================================================
      3.630 |    13 |     12 |      1 |       0 | nativeaot.SmokeTests.XUnitWrapper.dll
----------------------------------------------------------------------------
      3.630 |    13 |     12 |      1 |       0 | (total)
```


```gdb
(lldb) r
Process 9678 launched: '/Users/adeel/projects/runtime/artifacts/tests/coreclr/OSX.arm64.Debug/nativeaot/SmokeTests/UnitTests/UnitTests/native/UnitTests' (arm64)
===== Running test BasicThreading.Run =====
This version of LLDB has no plugin for the language "assembler". Inspection of frame variables will be limited.
Process 9678 stopped
* thread #18, stop reason = signal SIGUSR1
    frame #0: 0x00000001000c4334 UnitTests`RhpLockCmpXchg32AVLocation at Interlocked.S:20
   17  	    cmp     w0, w2
   18  	    bne     2f              // if (w0 != w2) goto exit
   19  	    stlxr   w9, w1, [x8]    // if (w0 == w2) { try *x8 = w1 and goto loop if failed or goto exit }
-> 20  	    cbnz    w9, 1b
   21  	
   22  	2: // exit
   23  	    InterlockedOperationBarrier
Target 0: (UnitTests) stopped.
(lldb) bt
* thread #18, stop reason = signal SIGUSR1
  * frame #0: 0x00000001000c4334 UnitTests`RhpLockCmpXchg32AVLocation at Interlocked.S:20
    frame #1: 0x0000000100244a08 UnitTests`_S_P_CoreLib_System_Threading_Interlocked__CompareExchange(location1=0x0000000100a17e90, value=7, comparand=6) at Interlocked.cs:20
    frame #2: 0x0000000100244dd0 UnitTests`_S_P_CoreLib_System_Threading_Interlocked__ExchangeAdd(location1=0x0000000100a17e90, value=1) at Interlocked.cs:178
    frame #3: 0x0000000100244c3c UnitTests`_S_P_CoreLib_System_Threading_Interlocked__Increment(location=0x0000000100a17e90) at Interlocked.cs:128
    frame #4: 0x0000000100247d74 UnitTests`_S_P_CoreLib_System_Threading_Thread__IncrementRunningForeground at Thread.NativeAot.cs:502
    frame #5: 0x0000000100246cf4 UnitTests`_S_P_CoreLib_System_Threading_Thread__set_IsBackground(this=0x0000000103e66910, value=false) at Thread.NativeAot.cs:160
    frame #6: 0x000000010043a644 UnitTests`_UnitTests_ThreadTest___c__DisplayClass10_0___TestConcurrentIsBackgroundProperty_b__2(this=0x0000000103e66898) at BasicThreading.cs:348
    frame #7: 0x0000000100260b00 UnitTests`_S_P_CoreLib_System_Threading_Tasks_Task__InnerInvoke(this=0x0000000103e66bb8) at Task.cs:2399
    frame #8: 0x000000010038891c UnitTests`_S_P_CoreLib_System_Threading_Tasks_Task___c____cctor_b__273_0(this=0x000000010380a350, obj=0x0000000103e66bb8) at Task.cs:2387
    frame #9: 0x000000010024c9d8 UnitTests`_S_P_CoreLib_System_Threading_ExecutionContext__RunFromThreadPoolDispatchLoop(threadPoolThread=0x0000000103e9bc10, executionContext=0x000000010380d430, callback=0x000000010380a308, state=0x0000000103e66bb8) at ExecutionContext.cs:268
    frame #10: 0x0000000100260890 UnitTests`_S_P_CoreLib_System_Threading_Tasks_Task__ExecuteWithThreadLocal(this=0x0000000103e66bb8, currentTaskSlot=0x0000000103e9df90, threadPoolThread=0x0000000103e9bc10) at Task.cs:2349
    frame #11: 0x00000001002604ec UnitTests`_S_P_CoreLib_System_Threading_Tasks_Task__ExecuteEntryUnsafe(this=0x0000000103e66bb8, threadPoolThread=0x0000000103e9bc10) at Task.cs:2283
    frame #12: 0x000000010026043c UnitTests`_S_P_CoreLib_System_Threading_Tasks_Task__ExecuteFromThreadPool(this=0x0000000103e66bb8, threadPoolThread=0x0000000103e9bc10) at Task.cs:2274
    frame #13: 0x0000000100253e0c UnitTests`_S_P_CoreLib_System_Threading_ThreadPoolWorkQueue__DispatchWorkItem(workItem=0x0000000103e66bb8, currentThread=0x0000000103e9bc10) at ThreadPoolWorkQueue.cs:1013
    frame #14: 0x0000000100253aec UnitTests`_S_P_CoreLib_System_Threading_ThreadPoolWorkQueue__Dispatch at ThreadPoolWorkQueue.cs:919
    frame #15: 0x0000000100382fc8 UnitTests`_S_P_CoreLib_System_Threading_PortableThreadPool_WorkerThread__WorkerThreadStart at PortableThreadPool.WorkerThread.cs:77
    frame #16: 0x000000010052b9bc UnitTests`S_P_CoreLib_System_Threading_ThreadStart__InvokeOpenStaticThunk + 44
    frame #17: 0x0000000100379874 UnitTests`_S_P_CoreLib_System_Threading_Thread_StartHelper__RunWorker(this=0x0000000103e9bca0) at Thread.cs:73
    frame #18: 0x00000001003797dc UnitTests`_S_P_CoreLib_System_Threading_Thread_StartHelper__Run(this=0x0000000103e9bca0) at Thread.cs:54
    frame #19: 0x0000000100247b04 UnitTests`_S_P_CoreLib_System_Threading_Thread__StartThread(parameter=4332411704) at Thread.NativeAot.cs:441
    frame #20: 0x0000000100248350 UnitTests`_S_P_CoreLib_System_Threading_Thread__ThreadEntryPoint(parameter=4332411704) at Thread.NativeAot.Unix.cs:113
    frame #21: 0x00000001ade1026c libsystem_pthread.dylib`_pthread_start + 148
```

**Comment by am11** [comment]
this assertion is failing:
```gdb
* thread #87, stop reason = hit program assert
    frame #4: 0x00000001000818bc UnitTests`WKS::gc_heap::background_promote_callback(ppObject=0x000000017018eb90, sc=0x0000000170fc6a00, flags=1) at gc.cpp:35589:5
   35586	    UNREFERENCED_PARAMETER(sc);
   35587	    //in order to save space on the array, mark the object,
   35588	    //knowing that it will be visited later
-> 35589	    assert (settings.concurrent);
   35590	
   35591	    THREAD_NUMBER_FROM_CONTEXT;
   35592	#ifndef MULTIPLE_HEAPS
Target 0: (UnitTests) stopped.
```

**Comment by filipnavara** [comment]
Yep, that matches what I get. Not every time though.

**Comment by am11** [comment]
I ran this loop in zsh, it consistently fails on my machine (Monterey 12.5.1):

```sh
$ c=0
$ for i in {1..10}; do
     if ! artifacts/tests/coreclr/OSX.arm64.Debug/nativeaot/SmokeTests/UnitTests/UnitTests/native/UnitTests &>/dev/null; then
       ((c++))
     fi
  done
$ echo $c
10
```

**Comment by filipnavara** [comment]
We should probably fix GC_PAGESIZE definition (https://github.com/dotnet/runtime/blob/31bdc77701b2f4b2f3391e990938ed8e17eb410f/src/coreclr/gc/gcpriv.h#L6226). Unfortunately I have a bit of trouble capturing the GC failures under lldb.

**Comment by filipnavara** [comment]
I finally managed to get the assert under lldb. The interesting thing is that two thread try to do GC at the same time:
```
  thread #73
    frame #0: 0x00000001000b9cbc UnitTests`BitStreamReader::DecodeVarLengthUnsigned(this=0x0000000170935bb0, base=8) at gcinfodecoder.h:382:13
    frame #1: 0x00000001000b967c UnitTests`GcInfoDecoder::GcInfoDecoder(this=0x0000000170935bb0, gcInfoToken=(Info = 0x0000000100878a21, Version = 2), flags=DECODE_SECURITY_OBJECT | DECODE_VARARG | DECODE_GC_LIFETIMES, breakOffset=667) at gcinfodecoder.cpp:150:29
    frame #2: 0x00000001000ba7e8 UnitTests`GcInfoDecoder::GcInfoDecoder(this=0x0000000170935bb0, gcInfoToken=(Info = 0x0000000100878a21, Version = 2), flags=DECODE_SECURITY_OBJECT | DECODE_VARARG | DECODE_GC_LIFETIMES, breakOffset=667) at gcinfodecoder.cpp:100:1
    frame #3: 0x00000001000c0fd8 UnitTests`UnixNativeCodeManager::EnumGcRefs(this=0x0000600000c04030, pMethodInfo=0x0000000170935f98, safePointAddress=0x00000001002adaec, pRegisterSet=0x0000000170935e40, hCallback=0x0000000170935ca0, isActiveStackFrame=false) at UnixNativeCodeManager.cpp:190:19
    frame #4: 0x000000010001ba44 UnitTests`RedhawkGCInterface::EnumGcRefs(pCodeManager=0x0000600000c04030, pMethodInfo=0x0000000170935f98, safePointAddress=0x00000001002adaec, pRegisterSet=0x0000000170935e40, pfnEnumCallback=0x000000010006f5b8, pvCallbackData=0x0000000170936258, isActiveStackFrame=false) at gcrhenv.cpp:377:19
    frame #5: 0x000000010002ac80 UnitTests`Thread::GcScanRootsWorker(this=0x0000000123604080, pfnEnumCallback=0x000000010006f5b8, pvCallbackData=0x0000000170936258, frameIterator=0x0000000170935e20) at thread.cpp:514:17
    frame #6: 0x000000010002a918 UnitTests`Thread::GcScanRoots(this=0x0000000123604080, pfnEnumCallback=0x000000010006f5b8, pvCallbackData=0x0000000170936258) at thread.cpp:404:5
    frame #7: 0x000000010001d7c4 UnitTests`GCToEEInterface::GcScanRoots(fn=(UnitTests`WKS::GCHeap::Promote(Object**, ScanContext*, unsigned int) at gc.cpp:45418), condemned=0, max_gen=2, sc=0x0000000170936258)(Object**, ScanContext*, unsigned int), int, int, ScanContext*) at gcrhscan.cpp:62:22
    frame #8: 0x0000000100099770 UnitTests`GCScan::GcScanRoots(fn=(UnitTests`WKS::GCHeap::Promote(Object**, ScanContext*, unsigned int) at gc.cpp:45418), condemned=0, max_gen=2, sc=0x0000000170936258)(Object**, ScanContext*, unsigned int), int, int, ScanContext*) at gcscan.cpp:152:5
    frame #9: 0x000000010005b584 UnitTests`WKS::gc_heap::mark_phase(condemned_gen_number=0, mark_only_p=NO) at gc.cpp:26389:9
    frame #10: 0x000000010005751c UnitTests`WKS::gc_heap::gc1() at gc.cpp:20977:13
    frame #11: 0x000000010006604c UnitTests`WKS::gc_heap::garbage_collect(n=0) at gc.cpp:22716:17
    frame #12: 0x000000010004c9a0 UnitTests`WKS::GCHeap::GarbageCollectGeneration(this=0x0000600000008010, gen=0, reason=reason_alloc_soh) at gc.cpp:46935:9
    frame #13: 0x000000010004e8e4 UnitTests`WKS::gc_heap::trigger_gc_for_alloc(gen_number=0, gr=reason_alloc_soh, msl=0x0000000100a2c3d0, loh_p=false, take_state=mt_try_budget) at gc.cpp:17692:14
    frame #14: 0x000000010004ff60 UnitTests`WKS::gc_heap::try_allocate_more_space(acontext=0x00000001027041a0, size=32, flags=0, gen_number=0) at gc.cpp:17842:21
    frame #15: 0x0000000100050104 UnitTests`WKS::gc_heap::allocate_more_space(acontext=0x00000001027041a0, size=32, flags=0, alloc_generation_number=0) at gc.cpp:18321:18
    frame #16: 0x0000000100092018 UnitTests`WKS::GCHeap::Alloc(gc_alloc_context*, unsigned long, unsigned int) at gc.cpp:18352:19
    frame #17: 0x0000000100091ee0 UnitTests`WKS::GCHeap::Alloc(this=0x0000600000008010, context=0x00000001027041a0, size=32, flags=0) at gc.cpp:45893:34
    frame #18: 0x000000010001b554 UnitTests`GcAllocInternal(pEEType=0x0000000100a12528, uFlags=0, numElements=0, pThread=0x00000001027041a0) at gcrhenv.cpp:267:54
    frame #19: 0x000000010001b83c UnitTests`::RhpGcAlloc(pEEType=0x0000000100a12528, uFlags=0, numElements=0, pTransitionFrame=0x0000000170936cd0) at gcrhenv.cpp:303:12
    frame #20: 0x00000001000c3c30 UnitTests`RhpNewObject at AllocFast.S:88
    frame #21: 0x00000001003493d8 UnitTests`_S_P_CoreLib_System_Runtime_RuntimeExports__RhNewObject(pEEType=0x0000000100a12528) at RuntimeExports.cs:52
    frame #22: 0x00000001003451c4 UnitTests`_S_P_CoreLib_System_Runtime_RuntimeImports__RhNewObject_0(pEEType=S_P_CoreLib_System_EETypePtr @ 0x0000000170936dd8) at RuntimeImports.cs:355
    frame #23: 0x00000001003b1568 UnitTests`_S_P_CoreLib_Internal_Runtime_ThreadStatics__AllocateThreadStaticStorageForType(typeManager=S_P_CoreLib_Internal_Runtime_TypeManagerHandle @ 0x0000000170936e68, typeTlsIndex=9) at ThreadStatics.cs:110
    frame #24: 0x00000001003b1280 UnitTests`_S_P_CoreLib_Internal_Runtime_ThreadStatics__GetThreadStaticBaseForTypeSlow(pModuleData=0x000000010093b7f0, typeTlsIndex=9) at ThreadStatics.cs:50
    frame #25: 0x00000001003b11e4 UnitTests`_S_P_CoreLib_Internal_Runtime_ThreadStatics__GetThreadStaticBaseForType(pModuleData=0x000000010093b7f0, typeTlsIndex=9) at ThreadStatics.cs:35
    frame #26: 0x00000001002a3ab4 UnitTests`_S_P_CoreLib_System_Threading_Thread__StartThread(parameter=4330574968) at Thread.NativeAot.cs:411
    frame #27: 0x00000001002a43b0 UnitTests`_S_P_CoreLib_System_Threading_Thread__ThreadEntryPoint(parameter=4330574968) at Thread.NativeAot.Unix.cs:113
    frame #28: 0x00000001a039d06c libsystem_pthread.dylib`_pthread_start + 148
  thread #74
    frame #0: 0x00000001a03615e4 libsystem_kernel.dylib`__psynch_cvwait + 8
    frame #1: 0x00000001a039d638 libsystem_pthread.dylib`_pthread_cond_wait + 1232
    frame #2: 0x00000001000a985c UnitTests`GCEvent::Impl::Wait(this=0x0000600002c04300, milliseconds=4294967295, alertable=false) at events.cpp:153:22
    frame #3: 0x00000001000a97b0 UnitTests`GCEvent::Wait(this=0x0000600000008020, timeout=4294967295, alertable=false) at events.cpp:262:20
    frame #4: 0x0000000100031df8 UnitTests`WKS::GCHeap::WaitUntilGCComplete(this=0x0000600000008010, bConsiderGCStart=false) at gcee.cpp:285:40
    frame #5: 0x000000010001b9b0 UnitTests`RedhawkGCInterface::WaitForGCCompletion() at gcrhenv.cpp:327:35
    frame #6: 0x000000010002ccc0 UnitTests`ThreadStore::AttachCurrentThread(fAcquireThreadStoreLock=true) at threadstore.cpp:131:9
    frame #7: 0x000000010002cda8 UnitTests`ThreadStore::AttachCurrentThread() at threadstore.cpp:148:5
    frame #8: 0x000000010002c0cc UnitTests`Thread::ReversePInvokeAttachOrTrapThread(this=0x00000001235041a0, pFrame=0x0000000170bf2fa8) at thread.cpp:1172:9
    frame #9: 0x000000010002c608 UnitTests`::RhpReversePInvokeAttachOrTrapThread2(pFrame=0x0000000170bf2fa8) at thread.cpp:1349:28
    frame #10: 0x000000010002c73c UnitTests`::RhpReversePInvoke(pFrame=0x0000000170bf2fa8) at thread.cpp:1363:5
    frame #11: 0x00000001002a43a4 UnitTests`_S_P_CoreLib_System_Threading_Thread__ThreadEntryPoint(parameter=4330572752) at Thread.NativeAot.Unix.cs:112
    frame #12: 0x00000001a039d06c libsystem_pthread.dylib`_pthread_start + 148
* thread #75, stop reason = hit program assert
    frame #0: 0x00000001a0366224 libsystem_kernel.dylib`__pthread_kill + 8
    frame #1: 0x00000001a039ccec libsystem_pthread.dylib`pthread_kill + 288
    frame #2: 0x00000001a02d62d8 libsystem_c.dylib`abort + 180
    frame #3: 0x00000001a02d5630 libsystem_c.dylib`__assert_rtn + 272
  * frame #4: 0x0000000100081cb4 UnitTests`WKS::gc_heap::background_promote_callback(ppObject=0x0000000170076f30, sc=0x0000000170d96a00, flags=0) at gc.cpp:35589:5
    frame #5: 0x000000010001da9c UnitTests`GcEnumObject(ppObj=0x0000000170076f30, flags=0, fnGcEnumRef=(UnitTests`WKS::gc_heap::background_promote_callback(Object**, ScanContext*, unsigned int) at gc.cpp:35585), pSc=0x0000000170d96a00)(Object**, ScanContext*, unsigned int), ScanContext*) at gcrhscan.cpp:119:9
    frame #6: 0x000000010001ba8c UnitTests`EnumGcRefsCallback(hCallback=0x0000000170d96460, pObject=0x0000000170076f30, flags=0) at gcrhenv.cpp:359:5
    frame #7: 0x00000001000c08ac UnitTests`GcInfoDecoder::ReportStackSlotToGC(this=0x0000000170d96370, spOffset=32, spBase=GC_FRAMEREG_REL, gcFlags=0, pRD=0x0000000170d96600, flags=0, pCallBack=(UnitTests`EnumGcRefsCallback(void*, void**, unsigned int) at gcrhenv.cpp:356), hCallBack=0x0000000170d96460)(void*, void**, unsigned int), void*) at gcinfodecoder.cpp:2018:5
    frame #8: 0x00000001000bf4ec UnitTests`GcInfoDecoder::ReportSlotToGC(this=0x0000000170d96370, slotDecoder=0x0000000170d95fa0, slotIndex=6, pRD=0x0000000170d96600, reportScratchSlots=true, inputFlags=0, pCallBack=(UnitTests`EnumGcRefsCallback(void*, void**, unsigned int) at gcrhenv.cpp:356), hCallBack=0x0000000170d96460)(void*, void**, unsigned int), void*) at gcinfodecoder.h:698:17
    frame #9: 0x00000001000bf5d4 UnitTests`GcInfoDecoder::ReportUntrackedSlots(this=0x0000000170d96370, slotDecoder=0x0000000170d95fa0, pRD=0x0000000170d96600, inputFlags=0, pCallBack=(UnitTests`EnumGcRefsCallback(void*, void**, unsigned int) at gcrhenv.cpp:356), hCallBack=0x0000000170d96460)(void*, void**, unsigned int), void*) at gcinfodecoder.cpp:1032:9
    frame #10: 0x00000001000bce08 UnitTests`GcInfoDecoder::EnumerateLiveSlots(this=0x0000000170d96370, pRD=0x0000000170d96600, reportScratchSlots=false, inputFlags=0, pCallBack=(UnitTests`EnumGcRefsCallback(void*, void**, unsigned int) at gcrhenv.cpp:356), hCallBack=0x0000000170d96460)(void*, void**, unsigned int), void*) at gcinfodecoder.cpp:981:9
    frame #11: 0x00000001000c1068 UnitTests`UnixNativeCodeManager::EnumGcRefs(this=0x0000600000c04030, pMethodInfo=0x0000000170d96758, safePointAddress=0x00000001002a3b64, pRegisterSet=0x0000000170d96600, hCallback=0x0000000170d96460, isActiveStackFrame=false) at UnixNativeCodeManager.cpp:206:18
    frame #12: 0x000000010001ba44 UnitTests`RedhawkGCInterface::EnumGcRefs(pCodeManager=0x0000600000c04030, pMethodInfo=0x0000000170d96758, safePointAddress=0x00000001002a3b64, pRegisterSet=0x0000000170d96600, pfnEnumCallback=0x0000000100081c5c, pvCallbackData=0x0000000170d96a00, isActiveStackFrame=false) at gcrhenv.cpp:377:19
    frame #13: 0x000000010002ac80 UnitTests`Thread::GcScanRootsWorker(this=0x0000000102404d90, pfnEnumCallback=0x0000000100081c5c, pvCallbackData=0x0000000170d96a00, frameIterator=0x0000000170d965e0) at thread.cpp:514:17
    frame #14: 0x000000010002a918 UnitTests`Thread::GcScanRoots(this=0x0000000102404d90, pfnEnumCallback=0x0000000100081c5c, pvCallbackData=0x0000000170d96a00) at thread.cpp:404:5
    frame #15: 0x000000010001d7c4 UnitTests`GCToEEInterface::GcScanRoots(fn=(UnitTests`WKS::gc_heap::background_promote_callback(Object**, ScanContext*, unsigned int) at gc.cpp:35585), condemned=2, max_gen=2, sc=0x0000000170d96a00)(Object**, ScanContext*, unsigned int), int, int, ScanContext*) at gcrhscan.cpp:62:22
    frame #16: 0x0000000100099770 UnitTests`GCScan::GcScanRoots(fn=(UnitTests`WKS::gc_heap::background_promote_callback(Object**, ScanContext*, unsigned int) at gc.cpp:35585), condemned=2, max_gen=2, sc=0x0000000170d96a00)(Object**, ScanContext*, unsigned int), int, int, ScanContext*) at gcscan.cpp:152:5
    frame #17: 0x0000000100058bc8 UnitTests`WKS::gc_heap::background_mark_phase() at gc.cpp:34578:5
    frame #18: 0x00000001000574e0 UnitTests`WKS::gc_heap::gc1() at gc.cpp:20968:13
    frame #19: 0x0000000100081048 UnitTests`WKS::gc_heap::bgc_thread_function() at gc.cpp:35926:9
    frame #20: 0x0000000100080ec0 UnitTests`WKS::gc_heap::bgc_thread_stub(arg=0x0000000000000000) at gc.cpp:33887:5
    frame #21: 0x000000010001d63c UnitTests`GCToEEInterface::CreateThread(this=0x0000000170936680, argument=0x0000000170936680)(void*), void*, bool, char const*)::$_0::operator()(void*) const at gcrhenv.cpp:1234:9
    frame #22: 0x000000010001d540 UnitTests`GCToEEInterface::CreateThread(argument=0x0000000170936680)(void*), void*, bool, char const*)::$_0::__invoke(void*) at gcrhenv.cpp:1211:23
    frame #23: 0x00000001a039d06c libsystem_pthread.dylib`_pthread_start + 148
```

**Comment by jkotas** [comment]
You may be seeing #75298

**Comment by VSadov** [comment]
`assert (settings.concurrent);`  is indeed https://github.com/dotnet/runtime/pull/75298

**Comment by filipnavara** [comment]
Confirmed, with https://github.com/dotnet/runtime/pull/75298 I no longer see the crash.

**Comment by am11** [comment]
.NET 8 installer for SDK `8.0.100-alpha.1.22464.43` is available and console, classlib and mvc (C# and F#) apps seems to be working fine on M1 when published with:
```sh
dotnet8 publish -c release --use-current-runtime -p:'PublishAot=true;StripSymbols=true'
```

**Comment by am11** [comment]
BTW, I haven't found any unusual warning if we delete this suppression:
https://github.com/dotnet/runtime/blob/9028dc2d715a827a21a5ffbd029bc7a24073406b/src/coreclr/nativeaot/BuildIntegration/Microsoft.NETCore.Native.targets#L342


Is it still relevant for osx-x64?

**Comment by filipnavara** [comment]
> Is it still relevant for osx-x64?

Yes, it is. There are warnings about conversation of DWARF to compact unwinding.

**Comment by am11** [comment]
We can exclude TargetArchitecture=arm64
