### ISSUE TITLE
SIGABRT_libcoreclr.so!CorUnix::CPalObjectBase::ReleaseReference

### ISSUE THREAD

**Issue by schaabs** [dotnet/runtime#7125]
**The notes  included in this bug refer tot the dump [20161130-11_0045.zip](https://dumpling.azurewebsites.net/api/dumplings/archived/e20c293d4fe257d61362e54bbacfb6e2bbde0285).  A full list of all the dumps collected for this issue in the past 90 days can be found at [SIGABRT_libcoreclr.so!CorUnix::CPalObjectBase::ReleaseReference](https://dumpling.azurewebsites.net/?FAILURE_HASH=SIGABRT_libcoreclr.so%21CorUnix%3A%3ACPalObjectBase%3A%3AReleaseReference).**

        LAST_EXCEPTION:
        There is no current managed exception on this thread

        STOP_REASON:
        SIGABRT

        FAULT_SYMBOL:
        libcoreclr.so!CorUnix::CPalObjectBase::ReleaseReference

        FAILURE_HASH:
        SIGABRT_libcoreclr.so!CorUnix::CPalObjectBase::ReleaseReference

        FAULT_STACK:
        libc.so.6!gsignal
        libc.so.6!abort
        libstdc++.so.6!__gnu_cxx::__verbose_terminate_handler()
        libstdc++.so.6!???
        libstdc++.so.6!UNKNOWN
        libstdc++.so.6!UNKNOWN
        libcoreclr.so!CorUnix::CPalObjectBase::ReleaseReference(CorUnix::CPalThread*)
        libcoreclr.so!CorUnix::InternalCreateMutex(CorUnix::CPalThread*, _SECURITY_ATTRIBUTES*, int, char const*, void**)
        libcoreclr.so!CreateMutexW
        System.Private.CoreLib.ni.dll!DomainNeutralILStubClass.IL_STUB_PInvoke(SECURITY_ATTRIBUTES, Boolean, System.String)
        System.Private.CoreLib.ni.dll!System.Threading.Mutex.CreateMutexHandle(Boolean, System.String, SECURITY_ATTRIBUTES, Microsoft.Win32.SafeHandles.SafeWaitHandle ByRef)
        System.Private.CoreLib.ni.dll!System.Threading.Mutex+MutexTryCodeHelper.MutexTryCode(System.Object)
        System.Private.CoreLib.ni.dll!System.Threading.Mutex+MutexTryCodeHelper.MutexTryCode(System.Object)
        libcoreclr.so!CallDescrWorkerInternal
        libcoreclr.so!DispatchCallSimple(unsigned long*, unsigned int, unsigned long, unsigned int)
        libcoreclr.so!ExecuteCodeWithGuaranteedCleanupHelper(ECWGC_GC*)
        libcoreclr.so!ReflectionInvocation::ExecuteCodeWithGuaranteedCleanup(Object*, Object*, Object*)
        System.Private.CoreLib.ni.dll!System.Threading.Mutex.CreateMutexWithGuaranteedCleanup(Boolean, System.String, Boolean ByRef, SECURITY_ATTRIBUTES)
        System.Threading.Tests.dll!System.Threading.Tests.MutexTests.Ctor_ValidName()
        20161130-11_0045.exe!stress.generated.UnitTests.UTE()
        stress.execution.dll!stress.execution.UnitTest.Execute()
        stress.execution.dll!stress.execution.DedicatedThreadWorkerStrategy.RunWorker(stress.execution.ITestPattern, System.Threading.CancellationToken)
        stress.execution.dll!stress.execution.DedicatedThreadWorkerStrategy+<>c__DisplayClass1_0.<SpawnWorker>b__0()
        System.Private.CoreLib.ni.dll!System.Threading.Tasks.Task.Execute()
        System.Private.CoreLib.ni.dll!System.Threading.ExecutionContext.Run(System.Threading.ExecutionContext, System.Threading.ContextCallback, System.Object)
        System.Private.CoreLib.ni.dll!System.Threading.Tasks.Task.ExecuteWithThreadLocal(System.Threading.Tasks.Task ByRef)
        System.Private.CoreLib.ni.dll!System.Threading.Tasks.Task.ExecuteEntry(Boolean)
        System.Private.CoreLib.ni.dll!System.Threading.ExecutionContext.Run(System.Threading.ExecutionContext, System.Threading.ContextCallback, System.Object)
        libcoreclr.so!CallDescrWorkerInternal
        libcoreclr.so!MethodDescCallSite::CallTargetWorker(unsigned long const*, unsigned long*, int)
        libcoreclr.so!ThreadNative::KickOffThread_Worker(void*)
        libcoreclr.so!ManagedThreadBase_DispatchOuter(ManagedThreadCallState*)
        libcoreclr.so!ManagedThreadBase::KickOff(ADID, void (*)(void*), void*)
        libcoreclr.so!ThreadNative::KickOffThread(void*)
        libcoreclr.so!CorUnix::CPalThread::ThreadEntry(void*)
        libpthread.so.0!start_thread
        libc.so.6!clone

        FAULT_THREAD:
        thread dotnet/coreclr#1: tid = 62578, 0x00007ff20d369c37 libc.so.6`gsignal + 55, name = 'corerun', stop reason = signal SIGABRT

**Looking at the code from frame 6 we can see that we're failing at a the call to the virtual method *AcquireObjectDestructionLock* which ends up as *libstdc++.so.6`__cxa_pure_virtual* indicating that this object has the vtable of the base class *CPalObjectBase* indiating the object might have been destructed alredy**

        frame #0: 0x00007ff20d369c37 libc.so.6`gsignal + 55
        frame dotnet/coreclr#1: 0x00007ff20d36d028 libc.so.6`abort + 328
        frame dotnet/coreclr#2: 0x00007ff20dc74535 libstdc++.so.6`__gnu_cxx::__verbose_terminate_handler() + 341
        frame dotnet/coreclr#3: 0x00007ff20dc726d6 libstdc++.so.6`??? + 6
        frame dotnet/coreclr#4: 0x00007ff20dc72703 libstdc++.so.6`std::terminate() + 19
        frame dotnet/coreclr#5: 0x00007ff20dc731bf libstdc++.so.6`__cxa_pure_virtual + 31
        * frame dotnet/coreclr#6: 0x00007ff20cf15797 libcoreclr.so`CorUnix::CPalObjectBase::ReleaseReference(CorUnix::CPalThread*) + 23
        frame dotnet/coreclr#7: 0x00007ff20cf25a82 libcoreclr.so`CorUnix::InternalCreateMutex(CorUnix::CPalThread*, _SECURITY_ATTRIBUTES*, int, char const*, void**) + 514

        (lldb) dis -F intel
        libcoreclr.so`CorUnix::CPalObjectBase::ReleaseReference:
            0x7ff20cf15780 <+0>:   push   rbp
            0x7ff20cf15781 <+1>:   mov    rbp, rsp
            0x7ff20cf15784 <+4>:   push   r15
            0x7ff20cf15786 <+6>:   push   r14
            0x7ff20cf15788 <+8>:   push   r12
            0x7ff20cf1578a <+10>:  push   rbx
            0x7ff20cf1578b <+11>:  mov    r14, rsi
            0x7ff20cf1578e <+14>:  mov    rbx, rdi
            0x7ff20cf15791 <+17>:  mov    rax, qword ptr [rbx]
            0x7ff20cf15794 <+20>:  call   qword ptr [rax + 0x68]
        ->  0x7ff20cf15797 <+23>:  mov    r15d, 0xffffffff
            ...

        DWORD
        CPalObjectBase::ReleaseReference(
            CPalThread *pthr
            )
        {
            LONG lRefCount;

            _ASSERTE(NULL != pthr);

            ENTRY("CPalObjectBase::ReleaseReference"
                "(this = %p, pthr = %p)\n",
                this,
                pthr
                );

        --> AcquireObjectDestructionLock(pthr);
            ...

**Looking back to the parent frame you can see that the *InternalCreateMutex* allocates a shared memory object, registers it and in the case of error attempts to release it.**  

        PAL_ERROR
        CorUnix::InternalCreateMutex(
            CPalThread *pthr,
            LPSECURITY_ATTRIBUTES lpMutexAttributes,
            BOOL bInitialOwner,
            LPCSTR lpName,
            HANDLE *phMutex
            )
        {
            CObjectAttributes oa(nullptr, lpMutexAttributes);
            PAL_ERROR palError = NO_ERROR;
            IPalObject *pobjMutex = NULL;
            IPalObject *pobjRegisteredMutex = NULL;
            ISynchStateController *pssc = NULL;
            HANDLE hMutex = nullptr;
            ...
            if (lpName != nullptr && lpName[0] == '\0')
            {
                // Empty name is treated as a request for an unnamed process-local mutex
                lpName = nullptr;
            }

            CObjectType *ot = lpName == nullptr ? &otMutex : &otNamedMutex;
            CAllowedObjectTypes *aot = lpName == nullptr ? &aotMutex : &aotNamedMutex;

            palError = g_pObjectManager->AllocateObject(
                pthr,
                ot,
                &oa,
                &pobjMutex
                );

            if (NO_ERROR != palError)
            {
                goto InternalCreateMutexExit;
            }

            if (lpName == nullptr)
            {
                palError = pobjMutex->GetSynchStateController(
                    pthr,
                    &pssc
                    );

                if (NO_ERROR != palError)
                {
                    ASSERT("Unable to create state controller (%d)\n", palError);
                    goto InternalCreateMutexExit;
                }
                ...
                pssc->ReleaseController();

                if (NO_ERROR != palError)
                {
                    ASSERT("Unable to set initial mutex state (%d)\n", palError);
                    goto InternalCreateMutexExit;
                }
            }

            palError = g_pObjectManager->RegisterObject(
                pthr,
                pobjMutex,
                aot,
                0, // should be MUTEX_ALL_ACCESS -- currently ignored (no Win32 security)
                &hMutex,
                &pobjRegisteredMutex
                );

            if (palError != NO_ERROR)
            {
                ...
                goto InternalCreateMutexExit;
            }
            ...
            *phMutex = hMutex;
            hMutex = nullptr;
            pobjMutex = nullptr;

        InternalCreateMutexExit:

            _ASSERTE(pobjRegisteredMutex == nullptr);
            if (hMutex != nullptr)
            {
                g_pObjectManager->RevokeHandle(pthr, hMutex);
            }
            else if (NULL != pobjMutex)
            {
            --> pobjMutex->ReleaseReference(pthr);
            }

            LOGEXIT("InternalCreateMutex returns %i\n", palError);

            return palError;
        }

**In this case we can verify that we went down this error path b/c we are returning the pal error *ERROR_OUTOFMEMORY***

        (lldb) fr s 7
        frame dotnet/coreclr#7: 0x00007ff20cf25a82 libcoreclr.so`CorUnix::InternalCreateMutex(CorUnix::CPalThread*, _SECURITY_ATTRIBUTES*, int, char const*, void**) + 514
        libcoreclr.so`CorUnix::InternalCreateMutex:
        ->  0x7ff20cf25a82 <+514>: movq   %fs:0x28, %rax
            0x7ff20cf25a8b <+523>: cmpq   -0x30(%rbp), %rax
            0x7ff20cf25a8f <+527>: jne    0x7ff20cf25aa3            ; <+547>
            0x7ff20cf25a91 <+529>: movl   %r14d, %eax
        (lldb) dis -F intel
        libcoreclr.so`CorUnix::InternalCreateMutex:
            0x7ff20cf25880 <+0>:   push   rbp
            0x7ff20cf25881 <+1>:   mov    rbp, rsp
            0x7ff20cf25884 <+4>:   push   r15
            0x7ff20cf25886 <+6>:   push   r14
            0x7ff20cf25888 <+8>:   push   r13
            0x7ff20cf2588a <+10>:  push   r12
            0x7ff20cf2588c <+12>:  push   rbx
            0x7ff20cf2588d <+13>:  sub    rsp, 0x68
            ...
            0x7ff20cf25a6b <+491>: call   qword ptr [rax + 0x20]
            0x7ff20cf25a6e <+494>: jmp    0x7ff20cf25a82            ; <+514>
            0x7ff20cf25a70 <+496>: mov    rdi, qword ptr [rbp - 0x58]
            0x7ff20cf25a74 <+500>: test   rdi, rdi
            0x7ff20cf25a77 <+503>: je     0x7ff20cf25a82            ; <+514>
            0x7ff20cf25a79 <+505>: mov    rax, qword ptr [rdi]
            0x7ff20cf25a7c <+508>: mov    rsi, r12
            0x7ff20cf25a7f <+511>: call   qword ptr [rax + 0x40]
        ->  0x7ff20cf25a82 <+514>: mov    rax, qword ptr fs:[0x28]
            0x7ff20cf25a8b <+523>: cmp    rax, qword ptr [rbp - 0x30]
            0x7ff20cf25a8f <+527>: jne    0x7ff20cf25aa3            ; <+547>
        **  0x7ff20cf25a91 <+529>: mov    eax, r14d  //the value for palError is stored in r14
            0x7ff20cf25a94 <+532>: add    rsp, 0x68
            0x7ff20cf25a98 <+536>: pop    rbx
            0x7ff20cf25a99 <+537>: pop    r12
            0x7ff20cf25a9b <+539>: pop    r13
            0x7ff20cf25a9d <+541>: pop    r14
            0x7ff20cf25a9f <+543>: pop    r15
            0x7ff20cf25aa1 <+545>: pop    rbp
            0x7ff20cf25aa2 <+546>: ret

            (lldb) reg read
            General Purpose Registers:
                rbx = 0x00007ff20d32fb13  libcoreclr.so`aotNamedMutex
                rbp = 0x00007ff205d51f60
                rsp = 0x00007ff205d51ed0
                r12 = 0x0000000000bba400
                r13 = 0x00007ff205d51f90
            --> r14 = 0x000000000000000e  //palError 14
                r15 = 0x00007ff20d32f018  libcoreclr.so`CorUnix::g_pObjectManager
                rip = 0x00007ff20cf25a82  libcoreclr.so`CorUnix::InternalCreateMutex(CorUnix::CPalThread*, _SECURITY_ATTRIBUTES*, int, char const*, void**) + 514

            //from pal_error.h line: 31
            #define ERROR_OUTOFMEMORY 14L

**Looking at the code for AllocateObject we can see that the initial call to AllocateObject can't be responsible for this error, as it only returns ERROR_OUTOFMEMORY when the allocation failed and pshmobj is NULL and in this case ppobjNew would be NULL**

        PAL_ERROR
        CSharedMemoryObjectManager::AllocateObject(
            CPalThread *pthr,
            CObjectType *pot,
            CObjectAttributes *poa,
            IPalObject **ppobjNew            // OUT
            )
        {
            PAL_ERROR palError = NO_ERROR;
            CSharedMemoryObject *pshmobj = NULL;

            ...

            if (CObjectType::WaitableObject == pot->GetSynchronizationSupport())
            {
                pshmobj = InternalNew<CSharedMemoryWaitableObject>(pot, &m_csListLock);
            }
            else
            {
                pshmobj = InternalNew<CSharedMemoryObject>(pot, &m_csListLock);
            }

        --> if (NULL != pshmobj)
            {        
                palError = pshmobj->Initialize(pthr, poa);
                if (NO_ERROR == palError)
                {
                    *ppobjNew = static_cast<IPalObject*>(pshmobj);
                }
            }
            else
            {
                ERROR("Unable to allocate pshmobj\n");
            --> palError = ERROR_OUTOFMEMORY;
            }

            LOGEXIT("CSharedMemoryObjectManager::AllocateObject returns %d\n", palError);
            return palError;
        }

**We can confirm that the pointer ppobjNew initialzed in Allocate object is not null as this is the object we are calling through in ReleaseReference and it appears to be a valid object with a valid vtable.  However in this case the vtable contains pure virtual calls so it has been deconstructed or not fully initialized**

        libcoreclr.so`CorUnix::CPalObjectBase::ReleaseReference:
            0x7ff20cf15780 <+0>:   push   rbp
            0x7ff20cf15781 <+1>:   mov    rbp, rsp
            0x7ff20cf15784 <+4>:   push   r15
            0x7ff20cf15786 <+6>:   push   r14
            0x7ff20cf15788 <+8>:   push   r12
            0x7ff20cf1578a <+10>:  push   rbx
            0x7ff20cf1578b <+11>:  mov    r14, rsi
        **  0x7ff20cf1578e <+14>:  mov    rbx, rdi //the shared memory object pointer came in as first argument 'this'
                                                   //in rdi and is put in rbx
            0x7ff20cf15791 <+17>:  mov    rax, qword ptr [rbx]
            0x7ff20cf15794 <+20>:  call   qword ptr [rax + 0x68]
        ->  0x7ff20cf15797 <+23>:  mov    r15d, 0xffffffff

        (lldb) reg read
        General Purpose Registers:
            rbx = 0x00007ff121ee7290

        (lldb) mem read -fx -s8 -c8 0x00007ff121ee7290
        0x7ff121ee7290: 0x00007ff20d2fa220 0x0000000000000000
        0x7ff121ee72a0: 0x00007ff121ee6780 0x0000000000000000
        0x7ff121ee72b0: 0x00007ff20d32fac0 0x0000000000000000
        0x7ff121ee72c0: 0x0000000000000000 0x0000000000000000
        (lldb) mem read -fx -s8 -c8 0x00007ff20d2fa220+0x68
        0x7ff20d2fa288: 0x00007ff20dc731a0 0x00007ff20dc731a0
        0x7ff20d2fa298: 0x00007ff20cf15650 0x00007ff20defbaf0
        0x7ff20d2fa2a8: 0x00007ff20cf8c400 0x00007ff20d2fa2b8
        0x7ff20d2fa2b8: 0x00007ff20defac70 0x00007ff20cf8c420        

        (lldb) dis -s 0x00007ff20dc731a0 -F intel
        libstdc++.so.6`__cxa_pure_virtual:
            0x7ff20dc731a0 <+0>:  lea    rsi, [rip + 0x5fbbd]
            0x7ff20dc731a7 <+7>:  sub    rsp, 0x8
            0x7ff20dc731ab <+11>: mov    edx, 0x1b
            0x7ff20dc731b0 <+16>: mov    edi, 0x2
            0x7ff20dc731b5 <+21>: call   0x7ff20dc6f250            ; symbol stub for: write
            0x7ff20dc731ba <+26>: call   0x7ff20dc6f4f0            ; symbol stub for: std::terminate()
            0x7ff20dc731bf:       nop    

**Looking at one of the next possible points of failure in *CorUnix::InternalCreateMutex*, the call to *CSharedMemoryObjectManager::RegisterObject* we can see that the error path here also calls *ReleaseReference*. Because of this it seems likely this is a case of too many releases when we encounter this failure path, leading to the destruction of the object, and the call through a pure virtual which ends up causing our process to crash.** 

        PAL_ERROR
        CSharedMemoryObjectManager::RegisterObject(
            CPalThread *pthr,
            IPalObject *pobjToRegister,
            CAllowedObjectTypes *paot,
            DWORD dwRightsRequested,
            HANDLE *pHandle,                 // OUT
            IPalObject **ppobjRegistered     // OUT
            )
        {
            PAL_ERROR palError = NO_ERROR;
            CSharedMemoryObject *pshmobj = static_cast<CSharedMemoryObject*>(pobjToRegister);
            SHMObjData *psmodNew = NULL;
            CObjectAttributes *poa;
            CObjectType *potObj;
            IPalObject *pobjExisting;
            BOOL fInherit = FALSE;
            BOOL fShared = FALSE;
        ...
        RegisterObjectExit:

            if (fShared)
            {
                SHMRelease();
            }
            
            InternalLeaveCriticalSection(pthr, &m_csListLock);

            if (NULL != pobjToRegister)
            {
            --> pobjToRegister->ReleaseReference(pthr);
            }

            LOGEXIT("CSharedMemoryObjectManager::RegisterObject return %d\n", palError);

            return palError;
        }

**I believe the correct behavior should be that this error is handled without failing in this way so the palError can bubble up resulting in a managed OutOfMemeoryException**
