
  Determining projects to restore...
  Restored /home/pavelsavara/dev/runtime/src/libraries/System.Threading.Overlapped/tests/System.Threading.Overlapped.Tests.csproj (in 136 ms).
  3 of 4 projects are up-to-date for restore.
  TestUtilities -> /home/pavelsavara/dev/runtime/artifacts/bin/TestUtilities/Release/net10.0/TestUtilities.dll
  WasmTriggerPublishApp for CoreCLR not implemented
  System.Threading.Overlapped.Tests -> /home/pavelsavara/dev/runtime/artifacts/bin/System.Threading.Overlapped.Tests/Release/net11.0/browser-wasm/System.Threading.Overlapped.Tests.dll
  export SCENARIO=WasmTestOnChrome
  export XUNIT_HIDE_PASSING_OUTPUT_DIAGNOSTICS=1
  export PREPEND_PATH=/home/pavelsavara/dev/runtime/artifacts/bin/chromedriver/chromedriver_linux64
  export RuntimeIdentifier=browser-wasm
  PATH=/home/pavelsavara/dev/runtime/artifacts/bin/chromedriver/chromedriver_linux64:/home/pavelsavara/.jsvu/bin:/home/pavelsavara/dev/runtime/.dotnet:/home/pavelsavara/dev/runtime/.dotnet:/home/pavelsavara/dev/runtime/.dotnet:/home/pavelsavara/dev/runtime/.dotnet:/home/pavelsavara/dev/runtime/.dotnet:/home/pavelsavara/dev/runtime/.dotnet:/home/pavelsavara/dev/runtime/.dotnet:/home/pavelsavara/dev/runtime/.dotnet:/home/pavelsavara/dev/runtime/.dotnet:/home/pavelsavara/dev/runtime/.dotnet:/home/pavelsavara/dev/runtime/.dotnet:/home/pavelsavara/dev/runtime/.dotnet:/home/pavelsavara/dev/runtime/.dotnet:/home/pavelsavara/dev/runtime/.dotnet:/home/pavelsavara/dev/runtime/.dotnet:/home/pavelsavara/dev/runtime/.dotnet:/home/pavelsavara/dev/runtime/.dotnet:/home/pavelsavara/dev/runtime/.dotnet:/home/pavelsavara/dev/runtime/.dotnet:/home/pavelsavara/dev/runtime/.dotnet:/home/pavelsavara/dev/runtime/.dotnet:/home/pavelsavara/dev/runtime/.dotnet:/home/pavelsavara/bin:/home/pavelsavara/dev/.dotnet:/home/pavelsavara/.vscode-server/data/User/globalStorage/github.copilot-chat/debugCommand:/home/pavelsavara/.vscode-server/data/User/globalStorage/github.copilot-chat/copilotCli:/home/pavelsavara/.vscode-server/bin/c9d77990917f3102ada88be140d28b038d1dd7c7/bin/remote-cli:/home/pavelsavara/bin:/home/pavelsavara/bin:/home/pavelsavara/dev/.dotnet:/usr/local/sbin:/usr/local/bin:/usr/sbin:/usr/bin:/sbin:/bin:/usr/games:/usr/local/games:/usr/lib/wsl/lib:/mnt/c/windows/system32:/mnt/c/windows:/mnt/d/.dotnet/:/mnt/c/windows/System32/Wbem:/mnt/c/windows/System32/WindowsPowerShell/v1.0/:/mnt/c/windows/System32/OpenSSH/:/mnt/c/Program Files/HP/HP One Agent:/mnt/c/Program Files/nodejs/:/mnt/c/Program Files/Meld/:/mnt/c/Program Files/dotnet/:/mnt/c/Program Files/Git/cmd:/mnt/c/Program Files/PuTTY/:/mnt/c/Program Files/PowerShell/7/:/mnt/c/Program Files/Microsoft SQL Server/170/Tools/Binn/:/mnt/c/Program Files/GitExtensions/:/mnt/c/Program Files/GitHub CLI/:/mnt/d/bin:/mnt/d/.dotnet/:/mnt/c/Users/pavelsavara/AppData/Local/Microsoft/WindowsApps:/mnt/c/Users/pavelsavara/AppData/Local/Programs/MicrosoftVSCode/bin:/mnt/c/Users/pavelsavara/AppData/Roaming/npm:/mnt/c/Users/pavelsavara/AppData/Local/Programs/Python/Python310/:/mnt/c/Users/pavelsavara/AppData/Local/Programs/Python/Python310/Scripts/:/mnt/c/Users/pavelsavara/AppData/Local/Microsoft/WinGet/Packages/GitHub.Copilot.Prerelease_Microsoft.Winget.Source_8wekyb3d8bbwe:/mnt/c/Users/pavelsavara/.dotnet/tools:/snap/bin
  EXECUTION_DIR=/home/pavelsavara/dev/runtime/artifacts/bin/System.Threading.Overlapped.Tests/Release/net11.0/browser-wasm/wwwroot
  SCENARIO=WasmTestOnChrome
  XHARNESS_OUT=/home/pavelsavara/dev/runtime/artifacts/bin/System.Threading.Overlapped.Tests/Release/net11.0/browser-wasm/wwwroot/xharness-output
  XHARNESS_CLI_PATH=
  HARNESS_RUNNER=dotnet xharness
  XHARNESS_COMMAND=test-browser
  MAIN_JS=
  JS_ENGINE=
  JS_ENGINE_ARGS=--browser-arg=--js-flags=--stack-trace-limit=1000
  XHARNESS_ARGS= --browser-arg=--js-flags=--stack-trace-limit=1000
  ~/dev/runtime/artifacts/bin/System.Threading.Overlapped.Tests/Release/net11.0/browser-wasm/wwwroot ~/dev/runtime/src/libraries/System.Threading.Overlapped/tests
  ----- start Fri Jan 30 13:24:11 CET 2026 =============== To repro directly: =====================================================
  pushd /home/pavelsavara/dev/runtime/artifacts/bin/System.Threading.Overlapped.Tests/Release/net11.0/browser-wasm/wwwroot
  dotnet xharness wasm test-browser --app=. --output-directory=/home/pavelsavara/dev/runtime/artifacts/bin/System.Threading.Overlapped.Tests/Release/net11.0/browser-wasm/wwwroot/xharness-output -s dotnet.native.js.symbols --symbol-patterns wasm-symbol-patterns.txt --symbolicator WasmSymbolicator.dll,Microsoft.WebAssembly.Internal.SymbolicatorWrapperForXHarness --browser-path=/home/pavelsavara/dev/runtime/artifacts/bin/chrome/chrome-linux/chrome --timeout=00:30:00  --browser-arg=--js-flags=--stack-trace-limit=1000   --  --setenv=XHARNESS_LOG_TEST_START=true  --run WasmTestRunner.dll System.Threading.Overlapped.Tests.dll  -notrait category=OuterLoop -notrait category=failing 
  popd
  ===========================================================================================================
  ~/dev/runtime/artifacts/bin/System.Threading.Overlapped.Tests/Release/net11.0/browser-wasm/wwwroot ~/dev/runtime/artifacts/bin/System.Threading.Overlapped.Tests/Release/net11.0/browser-wasm/wwwroot ~/dev/runtime/src/libraries/System.Threading.Overlapped/tests
  [11.0.0-prerelease.26064.3+31e0b8e08f57890f7b7004b93361d69cd4b21079] XHarness command issued: wasm test-browser --app=. --output-directory=/home/pavelsavara/dev/runtime/artifacts/bin/System.Threading.Overlapped.Tests/Release/net11.0/browser-wasm/wwwroot/xharness-output -s dotnet.native.js.symbols --symbol-patterns wasm-symbol-patterns.txt --symbolicator WasmSymbolicator.dll,Microsoft.WebAssembly.Internal.SymbolicatorWrapperForXHarness --browser-path=/home/pavelsavara/dev/runtime/artifacts/bin/chrome/chrome-linux/chrome --timeout=00:30:00 --browser-arg=--js-flags=--stack-trace-limit=1000 -- --setenv=XHARNESS_LOG_TEST_START=true --run WasmTestRunner.dll System.Threading.Overlapped.Tests.dll -notrait category=OuterLoop -notrait category=failing
  [40m[1m[33mwarn[39m[22m[49m: Cannot find symbols file dotnet.native.js.symbols
  [40m[32minfo[39m[22m[49m: Using Chrome from /home/pavelsavara/dev/runtime/artifacts/bin/chrome/chrome-linux/chrome
  [40m[32minfo[39m[22m[49m: Starting chromedriver with args: --js-flags=--stack-trace-limit=1000 --headless --incognito --disable-background-timer-throttling --disable-backgrounding-occluded-windows --disable-renderer-backgrounding --enable-features=NetworkService,NetworkServiceInProcess --allow-insecure-localhost --disable-breakpad --disable-component-extensions-with-background-pages --disable-dev-shm-usage --disable-extensions --disable-features=TranslateUI --disable-ipc-flooding-protection --force-color-profile=srgb --metrics-recording-only and load strategy: Normal
  Starting ChromeDriver 143.0.7499.0 (0000000000000000000000000000000000000000-0000000000000000000000000000000000000000) on port 41915
  Only local connections are allowed.
  Please see https://chromedriver.chromium.org/security-considerations for suggestions on keeping ChromeDriver safe.
  ChromeDriver was started successfully on port 41915.
  [40m[32minfo[39m[22m[49m: Running in: Mozilla/5.0 (X11; Linux x86_64) AppleWebKit/537.36 (KHTML, like Gecko) HeadlessChrome/143.0.0.0 Safari/537.36
  [40m[32minfo[39m[22m[49m: Running at: http://127.0.0.1:45917/index.html?arg=--setenv%3dXHARNESS_LOG_TEST_START%3dtrue&arg=--run&arg=WasmTestRunner.dll&arg=System.Threading.Overlapped.Tests.dll&arg=-notrait&arg=category%3dOuterLoop&arg=-notrait&arg=category%3dfailing&arg=-verbosity&arg=Info
  [40m[32minfo[39m[22m[49m: could not load /runArgs.json: 404. Ignoring
  [40m[32minfo[39m[22m[49m: Incoming arguments: --setenv=XHARNESS_LOG_TEST_START=true --run WasmTestRunner.dll System.Threading.Overlapped.Tests.dll -notrait category=OuterLoop -notrait category=failing -verbosity Info
  [40m[32minfo[39m[22m[49m: Application arguments: --run WasmTestRunner.dll System.Threading.Overlapped.Tests.dll -notrait category=OuterLoop -notrait category=failing -verbosity Info
  [40m[32minfo[39m[22m[49m: Initializing dotnet version 11.0.0 commit hash e31907b0fbca908ed525247a1dc38cc5fba7b0ff
  [40m[32minfo[39m[22m[49m: Using threadless Xunit runner
  [40m[32minfo[39m[22m[49m: Discovering: System.Threading.Overlapped.Tests.dll (method display = ClassAndMethod, method display options = None)
  [40m[32minfo[39m[22m[49m: Discovered:  System.Threading.Overlapped.Tests.dll (found 21 of 64 test cases)
  [40m[32minfo[39m[22m[49m: Starting:    System.Threading.Overlapped.Tests.dll
  [40m[32minfo[39m[22m[49m: [STRT] OverlappedTests.PackNegTest
  [40m[32minfo[39m[22m[49m: [STRT] OverlappedTests.PropertyTest3
  [40m[32minfo[39m[22m[49m: [STRT] OverlappedTests.PropertyTest2
  [40m[32minfo[39m[22m[49m: [STRT] OverlappedTests.PackNegTest1
  [40m[32minfo[39m[22m[49m: [STRT] OverlappedTests.PropertyTest1
  [40m[32minfo[39m[22m[49m: [STRT] OverlappedTests.UnPackTest
  [40m[32minfo[39m[22m[49m: [STRT] ThreadPoolBoundHandleTests.PreAllocatedOverlapped_ObjectArrayWithNonBlittableTypeAsPinData_Throws
  [40m[32minfo[39m[22m[49m: [FAIL] ThreadPoolBoundHandleTests.PreAllocatedOverlapped_ObjectArrayWithNonBlittableTypeAsPinData_Throws
  [40m[32minfo[39m[22m[49m: Assert.Throws() Failure: No exception was thrown
  [40m[32minfo[39m[22m[49m: Expected: typeof(System.ArgumentException)
  [40m[32minfo[39m[22m[49m:    at ThreadPoolBoundHandleTests.PreAllocatedOverlapped_ObjectArrayWithNonBlittableTypeAsPinData_Throws()
  [40m[32minfo[39m[22m[49m:    at System.RuntimeMethodHandle.InvokeMethod(ObjectHandleOnStack target, Void** arguments, ObjectHandleOnStack sig, BOOL isConstructor, ObjectHandleOnStack result)
  [40m[32minfo[39m[22m[49m:    at System.RuntimeMethodHandle.InvokeMethod(Object target, Void** arguments, Signature sig, Boolean isConstructor)
  [40m[32minfo[39m[22m[49m:    at System.Reflection.MethodBaseInvoker.InterpretedInvoke_Method(Object obj, IntPtr* args)
  [40m[32minfo[39m[22m[49m:    at System.Reflection.MethodBaseInvoker.InvokeWithNoArgs(Object obj, BindingFlags invokeAttr)
  [40m[32minfo[39m[22m[49m: [STRT] ThreadPoolBoundHandleTests.PreAllocatedOverlapped_ReturnedNativeOverlapped_OffsetLowAndOffsetHighSetToZero
  [40m[32minfo[39m[22m[49m: [STRT] ThreadPoolBoundHandleTests.PreAllocatedOverlapped_EmptyArrayAsPinData_DoesNotThrow
  [40m[32minfo[39m[22m[49m: [STRT] ThreadPoolBoundHandleTests.PreAllocatedOverlapped_ObjectArrayAsPinData_DoesNotThrow
  [40m[32minfo[39m[22m[49m: [STRT] ThreadPoolBoundHandleTests.PreAllocatedOverlapped_BlittableTypeAsPinData_DoesNotThrow
  [40m[32minfo[39m[22m[49m: [STRT] ThreadPoolBoundHandleTests.GetNativeOverlappedState_NullAsNativeOverlapped_ThrowsArgumentNullException
  [40m[32minfo[39m[22m[49m: [STRT] ThreadPoolBoundHandleTests.PreAllocatedOverlapped_NullAsContext_DoesNotThrow
  [40m[32minfo[39m[22m[49m: [STRT] ThreadPoolBoundHandleTests.BindHandle_MinusOneAsHandle_ThrowsArgumentException
  [40m[32minfo[39m[22m[49m: [STRT] ThreadPoolBoundHandleTests.BindHandle_ZeroAsHandle_ThrowsArgumentException
  [40m[32minfo[39m[22m[49m: [STRT] ThreadPoolBoundHandleTests.PreAllocatedOverlapped_NonBlittableTypeAsPinData_Throws
  [40m[32minfo[39m[22m[49m: [FAIL] ThreadPoolBoundHandleTests.PreAllocatedOverlapped_NonBlittableTypeAsPinData_Throws
  [40m[32minfo[39m[22m[49m: Assert.Throws() Failure: No exception was thrown
  [40m[32minfo[39m[22m[49m: Expected: typeof(System.ArgumentException)
  [40m[32minfo[39m[22m[49m:    at ThreadPoolBoundHandleTests.PreAllocatedOverlapped_NonBlittableTypeAsPinData_Throws()
  [40m[32minfo[39m[22m[49m:    at System.RuntimeMethodHandle.InvokeMethod(ObjectHandleOnStack target, Void** arguments, ObjectHandleOnStack sig, BOOL isConstructor, ObjectHandleOnStack result)
  [40m[32minfo[39m[22m[49m:    at System.RuntimeMethodHandle.InvokeMethod(Object target, Void** arguments, Signature sig, Boolean isConstructor)
  [40m[32minfo[39m[22m[49m:    at System.Reflection.MethodBaseInvoker.InterpretedInvoke_Method(Object obj, IntPtr* args)
  [40m[32minfo[39m[22m[49m:    at System.Reflection.MethodBaseInvoker.InvokeWithNoArgs(Object obj, BindingFlags invokeAttr)
  [40m[32minfo[39m[22m[49m: [STRT] ThreadPoolBoundHandleTests.PreAllocatedOverlapped_NullAsCallback_ThrowsArgumentNullException
  [40m[32minfo[39m[22m[49m: [FAIL] ThreadPoolBoundHandleTests.PreAllocatedOverlapped_NullAsCallback_ThrowsArgumentNullException
  [40m[32minfo[39m[22m[49m: Assert.Throws() Failure: No exception was thrown
  [40m[32minfo[39m[22m[49m: Expected: typeof(System.ArgumentNullException)
  [40m[32minfo[39m[22m[49m:    at System.AssertExtensions.Throws[T](String expectedParamName, Func`1 testCode)
  [40m[32minfo[39m[22m[49m:    at ThreadPoolBoundHandleTests.PreAllocatedOverlapped_NullAsCallback_ThrowsArgumentNullException()
  [40m[32minfo[39m[22m[49m:    at System.RuntimeMethodHandle.InvokeMethod(ObjectHandleOnStack target, Void** arguments, ObjectHandleOnStack sig, BOOL isConstructor, ObjectHandleOnStack result)
  [40m[32minfo[39m[22m[49m:    at System.RuntimeMethodHandle.InvokeMethod(Object target, Void** arguments, Signature sig, Boolean isConstructor)
  [40m[32minfo[39m[22m[49m:    at System.Reflection.MethodBaseInvoker.InterpretedInvoke_Method(Object obj, IntPtr* args)
  [40m[32minfo[39m[22m[49m:    at System.Reflection.MethodBaseInvoker.InvokeWithNoArgs(Object obj, BindingFlags invokeAttr)
  [40m[32minfo[39m[22m[49m: [STRT] ThreadPoolBoundHandleTests.BindHandle_ValidHandle_ThrowsPlatformNotSupportedException
  [40m[32minfo[39m[22m[49m: [STRT] ThreadPoolBoundHandleTests.BindHandle_NullAsHandle_ThrowsArgumentNullException
  [40m[32minfo[39m[22m[49m: [STRT] ThreadPoolBoundHandleTests.PreAllocatedOverlapped_NullAsPinData_DoesNotThrow
  [40m[32minfo[39m[22m[49m: [STRT] ThreadPoolBoundHandleTests.PreAllocatedOverlapped_ReturnedNativeOverlapped_InternalLowAndInternalHighSetToZero
  [40m[32minfo[39m[22m[49m: Finished:    System.Threading.Overlapped.Tests.dll
  [40m[32minfo[39m[22m[49m: Stored /home/pavelsavara/dev/runtime/artifacts/bin/System.Threading.Overlapped.Tests/Release/net11.0/browser-wasm/wwwroot/xharness-output/testResults.xml results 7675 bytes
  [40m[32minfo[39m[22m[49m: Finished uploading 7675 bytes of RESULTXML
  [40m[32minfo[39m[22m[49m: Xml file was written to the provided writer.
  [40m[32minfo[39m[22m[49m: 
  [40m[32minfo[39m[22m[49m: === TEST EXECUTION SUMMARY ===
  [40m[32minfo[39m[22m[49m: Tests run: 21 Passed: 18 Inconclusive: 0 Failed: 3 Ignored: 0 Skipped: 0
  [40m[32minfo[39m[22m[49m: 
  [40m[32minfo[39m[22m[49m: test-main.js exiting WasmTestRunner.dll System.Threading.Overlapped.Tests.dll after 0.009016666666666666 minutes with result 1 and linear memory 193331200 bytes
  [40m[32minfo[39m[22m[49m: WASM EXIT 1
  [40m[32minfo[39m[22m[49m: Waiting to flush log messages with a timeout of 120 secs ..
  [41m[30mfail[39m[22m[49m: Application has finished with exit code TESTS_FAILED but 0 was expected
  [40m[32minfo[39m[22m[49m: Closing 1 browser tabs before setting the main tab to config page and quitting.
  XHarness exit code: 71 (GENERAL_FAILURE)
  ~/dev/runtime/artifacts/bin/System.Threading.Overlapped.Tests/Release/net11.0/browser-wasm/wwwroot ~/dev/runtime/src/libraries/System.Threading.Overlapped/tests
  ----- end Fri Jan 30 13:24:14 CET 2026 ----- exit code 71 ----------------------------------------------------------
  XHarness artifacts: /home/pavelsavara/dev/runtime/artifacts/bin/System.Threading.Overlapped.Tests/Release/net11.0/browser-wasm/wwwroot/xharness-output
/home/pavelsavara/dev/runtime/eng/testing/tests.targets(206,5): error : One or more tests failed while running tests from 'System.Threading.Overlapped.Tests'. [/home/pavelsavara/dev/runtime/src/libraries/System.Threading.Overlapped/tests/System.Threading.Overlapped.Tests.csproj]

Build FAILED.

/home/pavelsavara/dev/runtime/eng/testing/tests.targets(206,5): error : One or more tests failed while running tests from 'System.Threading.Overlapped.Tests'. [/home/pavelsavara/dev/runtime/src/libraries/System.Threading.Overlapped/tests/System.Threading.Overlapped.Tests.csproj]
    0 Warning(s)
    1 Error(s)

Time Elapsed 00:00:05.51
