
  Determining projects to restore...
  All projects are up-to-date for restore.
  TestUtilities -> /workspaces/runtime/artifacts/bin/TestUtilities/Release/net10.0/TestUtilities.dll
  ILLink.RoslynAnalyzer -> /workspaces/runtime/artifacts/bin/ILLink.RoslynAnalyzer/Release/netstandard2.0/ILLink.RoslynAnalyzer.dll
  ILLink.CodeFixProvider -> /workspaces/runtime/artifacts/bin/ILLink.CodeFixProvider/Release/netstandard2.0/ILLink.CodeFixProvider.dll
  Mono.Linker -> /workspaces/runtime/artifacts/bin/Mono.Linker/ref/Release/net11.0/illink.dll
  Mono.Linker -> /workspaces/runtime/artifacts/bin/Mono.Linker/Release/net11.0/illink.dll
  ILLink.Tasks -> /workspaces/runtime/artifacts/bin/ILLink.Tasks/Release/net/ILLink.Tasks.dll
  System.DirectoryServices.Protocols -> /workspaces/runtime/artifacts/bin/System.DirectoryServices.Protocols/ref/Release/net11.0/System.DirectoryServices.Protocols.dll
  System.DirectoryServices.Protocols -> /workspaces/runtime/artifacts/bin/System.DirectoryServices.Protocols/Release/net11.0/System.DirectoryServices.Protocols.dll
  StreamConformanceTests -> /workspaces/runtime/artifacts/bin/StreamConformanceTests/Release/net11.0/StreamConformanceTests.dll
/workspaces/runtime/.dotnet/sdk/11.0.100-alpha.1.26060.102/Sdks/Microsoft.NET.Sdk/targets/Microsoft.NET.RuntimeIdentifierInference.targets(351,5): message NETSDK1057: You are using a preview version of .NET. See: https://aka.ms/dotnet-support-policy [/workspaces/runtime/src/libraries/Common/tests/System/Net/Prerequisites/NetCoreServer/NetCoreServer.csproj]
/workspaces/runtime/.dotnet/sdk/11.0.100-alpha.1.26060.102/Sdks/Microsoft.NET.Sdk/targets/Microsoft.NET.RuntimeIdentifierInference.targets(351,5): message NETSDK1057: You are using a preview version of .NET. See: https://aka.ms/dotnet-support-policy [/workspaces/runtime/src/libraries/Common/tests/System/Net/Prerequisites/RemoteLoopServer/RemoteLoopServer.csproj]
  RemoteLoopServer -> /workspaces/runtime/artifacts/bin/RemoteLoopServer/Release/net10.0/RemoteLoopServer.dll
  NetCoreServer -> /workspaces/runtime/artifacts/bin/NetCoreServer/Release/net10.0/NetCoreServer.dll
  WasmTriggerPublishApp for CoreCLR not implemented
  System.Net.Http.Functional.Tests -> /workspaces/runtime/artifacts/bin/System.Net.Http.Functional.Tests/Release/net11.0-browser/browser-wasm/System.Net.Http.Functional.Tests.dll
  export SCENARIO=WasmTestOnChrome
  export V8_PATH_FOR_TESTS=/workspaces/runtime/artifacts/bin/v8-14.3.127/v8-14.3.127.sh
  export XUNIT_HIDE_PASSING_OUTPUT_DIAGNOSTICS=1
  export PREPEND_PATH=/workspaces/runtime/artifacts/bin/chromedriver/chromedriver_linux64
  export RuntimeIdentifier=browser-wasm
  PATH=/workspaces/runtime/artifacts/bin/chromedriver/chromedriver_linux64:/home/vscode/.jsvu/bin:/workspaces/runtime/.dotnet:/home/vscode/.vscode-remote/data/User/globalStorage/github.copilot-chat/debugCommand:/home/vscode/.vscode-remote/data/User/globalStorage/github.copilot-chat/copilotCli:/vscode/bin/linux-x64/c9d77990917f3102ada88be140d28b038d1dd7c7/bin/remote-cli:/workspaces/runtime/.dotnet:/workspaces/runtime/.dotnet-tools-global:/usr/local/share/nvm/versions/node/v24.13.0/bin:/usr/local/sbin:/usr/local/bin:/usr/sbin:/usr/bin:/sbin:/bin:/home/vscode/.dotnet:/home/vscode/.dotnet/tools:/home/vscode/.local/bin
  EXECUTION_DIR=/workspaces/runtime/artifacts/bin/System.Net.Http.Functional.Tests/Release/net11.0-browser/browser-wasm/wwwroot
  SCENARIO=WasmTestOnChrome
  XHARNESS_OUT=/workspaces/runtime/artifacts/bin/System.Net.Http.Functional.Tests/Release/net11.0-browser/browser-wasm/wwwroot/xharness-output
  XHARNESS_CLI_PATH=
  HARNESS_RUNNER=dotnet xharness
  XHARNESS_COMMAND=test-browser
  MAIN_JS=
  JS_ENGINE=
  JS_ENGINE_ARGS=--browser-arg=--js-flags=--stack-trace-limit=1000
  XHARNESS_ARGS= --browser-arg=--js-flags=--stack-trace-limit=1000
  /workspaces/runtime/artifacts/bin/System.Net.Http.Functional.Tests/Release/net11.0-browser/browser-wasm/wwwroot /workspaces/runtime/src/libraries/System.Net.Http/tests/FunctionalTests
  ----- start Thu Jan 29 04:32:06 PM UTC 2026 =============== To repro directly: =====================================================
  pushd /workspaces/runtime/artifacts/bin/System.Net.Http.Functional.Tests/Release/net11.0-browser/browser-wasm/wwwroot
  dotnet xharness wasm test-browser --app=. --output-directory=/workspaces/runtime/artifacts/bin/System.Net.Http.Functional.Tests/Release/net11.0-browser/browser-wasm/wwwroot/xharness-output  --web-server-use-cors --web-server-use-https --set-web-server-http-env=DOTNET_TEST_WEBSOCKETHOST,DOTNET_TEST_HTTPHOST,DOTNET_TEST_REMOTE_LOOP_HOST --set-web-server-https-env=DOTNET_TEST_SECUREWEBSOCKETHOST,DOTNET_TEST_SECUREHTTPHOST,DOTNET_TEST_HTTP2HOST --web-server-middleware=/workspaces/runtime/artifacts/bin/RemoteLoopServer/Release/net10.0/RemoteLoopServer.dll,RemoteLoopServer.GenericHandler --web-server-middleware=/workspaces/runtime/artifacts/bin/NetCoreServer/Release/net10.0/NetCoreServer.dll,NetCoreServer.GenericHandler -s dotnet.native.js.symbols --symbol-patterns wasm-symbol-patterns.txt --symbolicator WasmSymbolicator.dll,Microsoft.WebAssembly.Internal.SymbolicatorWrapperForXHarness --browser-path=/workspaces/runtime/artifacts/bin/chrome/chrome-linux/chrome --timeout=01:15:00  --browser-arg=--js-flags=--stack-trace-limit=1000   --  --setenv=XHARNESS_LOG_TEST_START=true  --run WasmTestRunner.dll System.Net.Http.Functional.Tests.dll  -notrait category=OuterLoop -notrait category=failing 
  popd
  ===========================================================================================================
  /workspaces/runtime/artifacts/bin/System.Net.Http.Functional.Tests/Release/net11.0-browser/browser-wasm/wwwroot /workspaces/runtime/artifacts/bin/System.Net.Http.Functional.Tests/Release/net11.0-browser/browser-wasm/wwwroot /workspaces/runtime/src/libraries/System.Net.Http/tests/FunctionalTests
  [11.0.0-prerelease.26064.3+31e0b8e08f57890f7b7004b93361d69cd4b21079] XHarness command issued: wasm test-browser --app=. --output-directory=/workspaces/runtime/artifacts/bin/System.Net.Http.Functional.Tests/Release/net11.0-browser/browser-wasm/wwwroot/xharness-output --web-server-use-cors --web-server-use-https --set-web-server-http-env=DOTNET_TEST_WEBSOCKETHOST,DOTNET_TEST_HTTPHOST,DOTNET_TEST_REMOTE_LOOP_HOST --set-web-server-https-env=DOTNET_TEST_SECUREWEBSOCKETHOST,DOTNET_TEST_SECUREHTTPHOST,DOTNET_TEST_HTTP2HOST --web-server-middleware=/workspaces/runtime/artifacts/bin/RemoteLoopServer/Release/net10.0/RemoteLoopServer.dll,RemoteLoopServer.GenericHandler --web-server-middleware=/workspaces/runtime/artifacts/bin/NetCoreServer/Release/net10.0/NetCoreServer.dll,NetCoreServer.GenericHandler -s dotnet.native.js.symbols --symbol-patterns wasm-symbol-patterns.txt --symbolicator WasmSymbolicator.dll,Microsoft.WebAssembly.Internal.SymbolicatorWrapperForXHarness --browser-path=/workspaces/runtime/artifacts/bin/chrome/chrome-linux/chrome --timeout=01:15:00 --browser-arg=--js-flags=--stack-trace-limit=1000 -- --setenv=XHARNESS_LOG_TEST_START=true --run WasmTestRunner.dll System.Net.Http.Functional.Tests.dll -notrait category=OuterLoop -notrait category=failing
  [40m[1m[33mwarn[39m[22m[49m: Cannot find symbols file dotnet.native.js.symbols
  [40m[32minfo[39m[22m[49m: Using Chrome from /workspaces/runtime/artifacts/bin/chrome/chrome-linux/chrome
  [40m[32minfo[39m[22m[49m: Starting chromedriver with args: --js-flags=--stack-trace-limit=1000 --headless --incognito --disable-background-timer-throttling --disable-backgrounding-occluded-windows --disable-renderer-backgrounding --enable-features=NetworkService,NetworkServiceInProcess --allow-insecure-localhost --disable-breakpad --disable-component-extensions-with-background-pages --disable-dev-shm-usage --disable-extensions --disable-features=TranslateUI --disable-ipc-flooding-protection --force-color-profile=srgb --metrics-recording-only --no-sandbox and load strategy: Normal
  Starting ChromeDriver 143.0.7499.0 (0000000000000000000000000000000000000000-0000000000000000000000000000000000000000) on port 39007
  Only local connections are allowed.
  Please see https://chromedriver.chromium.org/security-considerations for suggestions on keeping ChromeDriver safe.
  ChromeDriver was started successfully on port 39007.
  warn: Microsoft.AspNetCore.Hosting.Diagnostics[15]
        Overriding HTTP_PORTS '8080' and HTTPS_PORTS ''. Binding to values defined by URLS instead 'http://127.0.0.1:0;https://127.0.0.1:0'.
  [40m[32minfo[39m[22m[49m: Loaded RemoteLoopServer.GenericHandler middleware
  [40m[32minfo[39m[22m[49m: Loaded NetCoreServer.GenericHandler middleware
  warn: Microsoft.AspNetCore.Server.Kestrel.Core.KestrelServer[9]
        The ASP.NET Core developer certificate is only trusted by some clients. For information about trusting the ASP.NET Core developer certificate, see https://aka.ms/aspnet/https-trust-dev-cert
  [40m[32minfo[39m[22m[49m: Running in: Mozilla/5.0 (X11; Linux x86_64) AppleWebKit/537.36 (KHTML, like Gecko) HeadlessChrome/143.0.0.0 Safari/537.36
  [40m[32minfo[39m[22m[49m: Running at: http://127.0.0.1:42257/index.html?arg=--setenv%3dDOTNET_TEST_WEBSOCKETHOST%3d127.0.0.1%3a42257&arg=--setenv%3dDOTNET_TEST_HTTPHOST%3d127.0.0.1%3a42257&arg=--setenv%3dDOTNET_TEST_REMOTE_LOOP_HOST%3d127.0.0.1%3a42257&arg=--setenv%3dDOTNET_TEST_SECUREWEBSOCKETHOST%3d127.0.0.1%3a44881&arg=--setenv%3dDOTNET_TEST_SECUREHTTPHOST%3d127.0.0.1%3a44881&arg=--setenv%3dDOTNET_TEST_HTTP2HOST%3d127.0.0.1%3a44881&arg=--setenv%3dXHARNESS_LOG_TEST_START%3dtrue&arg=--run&arg=WasmTestRunner.dll&arg=System.Net.Http.Functional.Tests.dll&arg=-notrait&arg=category%3dOuterLoop&arg=-notrait&arg=category%3dfailing&arg=-verbosity&arg=Info
  [40m[32minfo[39m[22m[49m: Incoming arguments: --setenv=DOTNET_TEST_WEBSOCKETHOST=127.0.0.1:42257 --setenv=DOTNET_TEST_HTTPHOST=127.0.0.1:42257 --setenv=DOTNET_TEST_REMOTE_LOOP_HOST=127.0.0.1:42257 --setenv=DOTNET_TEST_SECUREWEBSOCKETHOST=127.0.0.1:44881 --setenv=DOTNET_TEST_SECUREHTTPHOST=127.0.0.1:44881 --setenv=DOTNET_TEST_HTTP2HOST=127.0.0.1:44881 --setenv=XHARNESS_LOG_TEST_START=true --run WasmTestRunner.dll System.Net.Http.Functional.Tests.dll -notrait category=OuterLoop -notrait category=failing -verbosity Info
  [40m[32minfo[39m[22m[49m: Application arguments: --run WasmTestRunner.dll System.Net.Http.Functional.Tests.dll -notrait category=OuterLoop -notrait category=failing -verbosity Info
  [40m[32minfo[39m[22m[49m: Initializing dotnet version 11.0.0-dev commit hash 4657f3c907fe31c7cc818f81c316aa74f90b9906
  [40m[32minfo[39m[22m[49m: Using threadless Xunit runner
  [40m[32minfo[39m[22m[49m: Discovering: System.Net.Http.Functional.Tests.dll (method display = ClassAndMethod, method display options = None)
  [40m[32minfo[39m[22m[49m: Discovered:  System.Net.Http.Functional.Tests.dll (found 499 of 1945 test cases)
  [40m[32minfo[39m[22m[49m: Starting:    System.Net.Http.Functional.Tests.dll
  [40m[32minfo[39m[22m[49m: [STRT] System.Net.Http.Functional.Tests.FormUrlEncodedContentTest.Ctor_NullSource_ThrowsArgumentNullException
  [40m[32minfo[39m[22m[49m: [STRT] System.Net.Http.Functional.Tests.FormUrlEncodedContentTest.Ctor_EmptySource_Succeed(readStreamAsync: True)
  [40m[32minfo[39m[22m[49m: [STRT] System.Net.Http.Functional.Tests.FormUrlEncodedContentTest.Ctor_EmptySource_Succeed(readStreamAsync: False)
  [40m[32minfo[39m[22m[49m: [STRT] System.Net.Http.Functional.Tests.FormUrlEncodedContentTest.Ctor_WithSpaces_EncodedAsPlus(readStreamAsync: True)
  [40m[32minfo[39m[22m[49m: [STRT] System.Net.Http.Functional.Tests.FormUrlEncodedContentTest.Ctor_WithSpaces_EncodedAsPlus(readStreamAsync: False)
  [40m[32minfo[39m[22m[49m: [STRT] System.Net.Http.Functional.Tests.FormUrlEncodedContentTest.Ctor_TwoEntries_SeparatedByAnd(readStreamAsync: True)
  [40m[32minfo[39m[22m[49m: [STRT] System.Net.Http.Functional.Tests.FormUrlEncodedContentTest.Ctor_TwoEntries_SeparatedByAnd(readStreamAsync: False)
  [40m[32minfo[39m[22m[49m: [STRT] System.Net.Http.Functional.Tests.FormUrlEncodedContentTest.Ctor_LongSource_Succeed(c: 'F', length: 65545)
  [40m[32minfo[39m[22m[49m: [STRT] System.Net.Http.Functional.Tests.FormUrlEncodedContentTest.Ctor_LongSource_Succeed(c: '/', length: 65545)
  [40m[32minfo[39m[22m[49m: [STRT] System.Net.Http.Functional.Tests.FormUrlEncodedContentTest.Ctor_OneUnicodeEntry_Encoded(readStreamAsync: True)
  [40m[32minfo[39m[22m[49m: [STRT] System.Net.Http.Functional.Tests.FormUrlEncodedContentTest.Ctor_OneUnicodeEntry_Encoded(readStreamAsync: False)
  [40m[32minfo[39m[22m[49m: [STRT] System.Net.Http.Functional.Tests.FormUrlEncodedContentTest.Ctor_AllAsciiChars_EncodingMatchesHttpUtilty(readStreamAsync: True)
  [40m[32minfo[39m[22m[49m: [STRT] System.Net.Http.Functional.Tests.FormUrlEncodedContentTest.Ctor_AllAsciiChars_EncodingMatchesHttpUtilty(readStreamAsync: False)
  [40m[32minfo[39m[22m[49m: [STRT] System.Net.Http.Functional.Tests.FormUrlEncodedContentTest.Ctor_OneEntry_SeparatedByEquals(readStreamAsync: True)
  [40m[32minfo[39m[22m[49m: [STRT] System.Net.Http.Functional.Tests.FormUrlEncodedContentTest.Ctor_OneEntry_SeparatedByEquals(readStreamAsync: False)
  [40m[32minfo[39m[22m[49m: [STRT] System.Net.Http.Functional.Tests.HttpClientHandler_RemoteServerTest.GetAsync_ResponseContentAfterClientAndHandlerDispose_Success(remoteServer: (BaseUri: http://127.0.0.1:42257/, HttpVersion: 1.1))
  [40m[32minfo[39m[22m[49m: [STRT] System.Net.Http.Functional.Tests.HttpClientHandler_RemoteServerTest.GetAsync_ResponseContentAfterClientAndHandlerDispose_Success(remoteServer: (BaseUri: https://127.0.0.1:44881/, HttpVersion: 1.1))
  [40m[32minfo[39m[22m[49m: [STRT] System.Net.Http.Functional.Tests.HttpClientHandler_RemoteServerTest.GetAsync_ResponseContentAfterClientAndHandlerDispose_Success(remoteServer: (BaseUri: https://127.0.0.1:44881/, HttpVersion: 2.0))
  [40m[32minfo[39m[22m[49m: [STRT] System.Net.Http.Functional.Tests.HttpClientHandler_RemoteServerTest.GetAsync_RequestHeadersAddCustomHeaders_HeaderAndValueSent(remoteServer: (BaseUri: http://127.0.0.1:42257/, HttpVersion: 1.1), name: "X-CustomHeader", value: "x-value", uri: http://127.0.0.1:42257/Echo.ashx)
  [40m[32minfo[39m[22m[49m: [STRT] System.Net.Http.Functional.Tests.HttpClientHandler_RemoteServerTest.GetAsync_RequestHeadersAddCustomHeaders_HeaderAndValueSent(remoteServer: (BaseUri: http://127.0.0.1:42257/, HttpVersion: 1.1), name: "MyHeader", value: "1, 2, 3", uri: http://127.0.0.1:42257/Echo.ashx)
  [40m[32minfo[39m[22m[49m: [STRT] System.Net.Http.Functional.Tests.HttpClientHandler_RemoteServerTest.GetAsync_RequestHeadersAddCustomHeaders_HeaderAndValueSent(remoteServer: (BaseUri: http://127.0.0.1:42257/, HttpVersion: 1.1), name: "All-Valid-Chars-Header", value: "!\"#$%&'()*+,-./0123456789:;<=>?@ABCDEFGHIJKLMNOPQ"Â·Â·Â·, uri: http://127.0.0.1:42257/Echo.ashx)
  [40m[32minfo[39m[22m[49m: [STRT] System.Net.Http.Functional.Tests.HttpClientHandler_RemoteServerTest.GetAsync_RequestHeadersAddCustomHeaders_HeaderAndValueSent(remoteServer: (BaseUri: http://127.0.0.1:42257/, HttpVersion: 1.1), name: "X-CustomHeader", value: "x-value", uri: http://127.0.0.1:42257/Redirect.ashx?statuscode=302&uri=http%3A%2F%2F127.0.0.1%3A42257%2FEcho.ashx)
  [40m[32minfo[39m[22m[49m: [STRT] System.Net.Http.Functional.Tests.HttpClientHandler_RemoteServerTest.GetAsync_RequestHeadersAddCustomHeaders_HeaderAndValueSent(remoteServer: (BaseUri: http://127.0.0.1:42257/, HttpVersion: 1.1), name: "MyHeader", value: "1, 2, 3", uri: http://127.0.0.1:42257/Redirect.ashx?statuscode=302&uri=http%3A%2F%2F127.0.0.1%3A42257%2FEcho.ashx)
  [40m[32minfo[39m[22m[49m: [STRT] System.Net.Http.Functional.Tests.HttpClientHandler_RemoteServerTest.GetAsync_RequestHeadersAddCustomHeaders_HeaderAndValueSent(remoteServer: (BaseUri: http://127.0.0.1:42257/, HttpVersion: 1.1), name: "All-Valid-Chars-Header", value: "!\"#$%&'()*+,-./0123456789:;<=>?@ABCDEFGHIJKLMNOPQ"Â·Â·Â·, uri: http://127.0.0.1:42257/Redirect.ashx?statuscode=302&uri=http%3A%2F%2F127.0.0.1%3A42257%2FEcho.ashx)
  [40m[32minfo[39m[22m[49m: [STRT] System.Net.Http.Functional.Tests.HttpClientHandler_RemoteServerTest.GetAsync_RequestHeadersAddCustomHeaders_HeaderAndValueSent(remoteServer: (BaseUri: https://127.0.0.1:44881/, HttpVersion: 1.1), name: "X-CustomHeader", value: "x-value", uri: https://127.0.0.1:44881/Echo.ashx)
  [40m[32minfo[39m[22m[49m: [STRT] System.Net.Http.Functional.Tests.HttpClientHandler_RemoteServerTest.GetAsync_RequestHeadersAddCustomHeaders_HeaderAndValueSent(remoteServer: (BaseUri: https://127.0.0.1:44881/, HttpVersion: 1.1), name: "MyHeader", value: "1, 2, 3", uri: https://127.0.0.1:44881/Echo.ashx)
  [40m[32minfo[39m[22m[49m: [STRT] System.Net.Http.Functional.Tests.HttpClientHandler_RemoteServerTest.GetAsync_RequestHeadersAddCustomHeaders_HeaderAndValueSent(remoteServer: (BaseUri: https://127.0.0.1:44881/, HttpVersion: 1.1), name: "All-Valid-Chars-Header", value: "!\"#$%&'()*+,-./0123456789:;<=>?@ABCDEFGHIJKLMNOPQ"Â·Â·Â·, uri: https://127.0.0.1:44881/Echo.ashx)
  [40m[32minfo[39m[22m[49m: [STRT] System.Net.Http.Functional.Tests.HttpClientHandler_RemoteServerTest.GetAsync_RequestHeadersAddCustomHeaders_HeaderAndValueSent(remoteServer: (BaseUri: https://127.0.0.1:44881/, HttpVersion: 1.1), name: "X-CustomHeader", value: "x-value", uri: https://127.0.0.1:44881/Redirect.ashx?statuscode=302&uri=https%3A%2F%2F127.0.0.1%3A44881%2FEcho.ashx)
  [40m[32minfo[39m[22m[49m: [STRT] System.Net.Http.Functional.Tests.HttpClientHandler_RemoteServerTest.GetAsync_RequestHeadersAddCustomHeaders_HeaderAndValueSent(remoteServer: (BaseUri: https://127.0.0.1:44881/, HttpVersion: 1.1), name: "MyHeader", value: "1, 2, 3", uri: https://127.0.0.1:44881/Redirect.ashx?statuscode=302&uri=https%3A%2F%2F127.0.0.1%3A44881%2FEcho.ashx)
  [40m[32minfo[39m[22m[49m: [STRT] System.Net.Http.Functional.Tests.HttpClientHandler_RemoteServerTest.GetAsync_RequestHeadersAddCustomHeaders_HeaderAndValueSent(remoteServer: (BaseUri: https://127.0.0.1:44881/, HttpVersion: 1.1), name: "All-Valid-Chars-Header", value: "!\"#$%&'()*+,-./0123456789:;<=>?@ABCDEFGHIJKLMNOPQ"Â·Â·Â·, uri: https://127.0.0.1:44881/Redirect.ashx?statuscode=302&uri=https%3A%2F%2F127.0.0.1%3A44881%2FEcho.ashx)
  [40m[32minfo[39m[22m[49m: [STRT] System.Net.Http.Functional.Tests.HttpClientHandler_RemoteServerTest.GetAsync_RequestHeadersAddCustomHeaders_HeaderAndValueSent(remoteServer: (BaseUri: https://127.0.0.1:44881/, HttpVersion: 2.0), name: "X-CustomHeader", value: "x-value", uri: https://127.0.0.1:44881/Echo.ashx)
  [40m[32minfo[39m[22m[49m: [STRT] System.Net.Http.Functional.Tests.HttpClientHandler_RemoteServerTest.GetAsync_RequestHeadersAddCustomHeaders_HeaderAndValueSent(remoteServer: (BaseUri: https://127.0.0.1:44881/, HttpVersion: 2.0), name: "MyHeader", value: "1, 2, 3", uri: https://127.0.0.1:44881/Echo.ashx)
  [40m[32minfo[39m[22m[49m: [STRT] System.Net.Http.Functional.Tests.HttpClientHandler_RemoteServerTest.GetAsync_RequestHeadersAddCustomHeaders_HeaderAndValueSent(remoteServer: (BaseUri: https://127.0.0.1:44881/, HttpVersion: 2.0), name: "All-Valid-Chars-Header", value: "!\"#$%&'()*+,-./0123456789:;<=>?@ABCDEFGHIJKLMNOPQ"Â·Â·Â·, uri: https://127.0.0.1:44881/Echo.ashx)
  [40m[32minfo[39m[22m[49m: [STRT] System.Net.Http.Functional.Tests.HttpClientHandler_RemoteServerTest.GetAsync_RequestHeadersAddCustomHeaders_HeaderAndValueSent(remoteServer: (BaseUri: https://127.0.0.1:44881/, HttpVersion: 2.0), name: "X-CustomHeader", value: "x-value", uri: https://127.0.0.1:44881/Redirect.ashx?statuscode=302&uri=https%3A%2F%2F127.0.0.1%3A44881%2FEcho.ashx)
  [40m[32minfo[39m[22m[49m: [STRT] System.Net.Http.Functional.Tests.HttpClientHandler_RemoteServerTest.GetAsync_RequestHeadersAddCustomHeaders_HeaderAndValueSent(remoteServer: (BaseUri: https://127.0.0.1:44881/, HttpVersion: 2.0), name: "MyHeader", value: "1, 2, 3", uri: https://127.0.0.1:44881/Redirect.ashx?statuscode=302&uri=https%3A%2F%2F127.0.0.1%3A44881%2FEcho.ashx)
  [40m[32minfo[39m[22m[49m: [STRT] System.Net.Http.Functional.Tests.HttpClientHandler_RemoteServerTest.GetAsync_RequestHeadersAddCustomHeaders_HeaderAndValueSent(remoteServer: (BaseUri: https://127.0.0.1:44881/, HttpVersion: 2.0), name: "All-Valid-Chars-Header", value: "!\"#$%&'()*+,-./0123456789:;<=>?@ABCDEFGHIJKLMNOPQ"Â·Â·Â·, uri: https://127.0.0.1:44881/Redirect.ashx?statuscode=302&uri=https%3A%2F%2F127.0.0.1%3A44881%2FEcho.ashx)
  [40m[32minfo[39m[22m[49m: [STRT] System.Net.Http.Functional.Tests.HttpClientHandler_RemoteServerTest.SendAsync_SendRequestUsingMethodToEchoServerWithNoContent_MethodCorrectlySent(method: "GET", serverUri: http://127.0.0.1:42257/Echo.ashx)
  [40m[32minfo[39m[22m[49m: [STRT] System.Net.Http.Functional.Tests.HttpClientHandler_RemoteServerTest.SendAsync_SendRequestUsingMethodToEchoServerWithNoContent_MethodCorrectlySent(method: "GET", serverUri: https://127.0.0.1:44881/Echo.ashx)
  [40m[32minfo[39m[22m[49m: [STRT] System.Net.Http.Functional.Tests.HttpClientHandler_RemoteServerTest.SendAsync_SendRequestUsingMethodToEchoServerWithNoContent_MethodCorrectlySent(method: "GET", serverUri: https://127.0.0.1:44881/Echo.ashx)
  [40m[32minfo[39m[22m[49m: [STRT] System.Net.Http.Functional.Tests.HttpClientHandler_RemoteServerTest.SendAsync_SendRequestUsingMethodToEchoServerWithNoContent_MethodCorrectlySent(method: "HEAD", serverUri: http://127.0.0.1:42257/Echo.ashx)
  [40m[32minfo[39m[22m[49m: [STRT] System.Net.Http.Functional.Tests.HttpClientHandler_RemoteServerTest.SendAsync_SendRequestUsingMethodToEchoServerWithNoContent_MethodCorrectlySent(method: "HEAD", serverUri: https://127.0.0.1:44881/Echo.ashx)
  [40m[32minfo[39m[22m[49m: [STRT] System.Net.Http.Functional.Tests.HttpClientHandler_RemoteServerTest.SendAsync_SendRequestUsingMethodToEchoServerWithNoContent_MethodCorrectlySent(method: "HEAD", serverUri: https://127.0.0.1:44881/Echo.ashx)
  [40m[32minfo[39m[22m[49m: [STRT] System.Net.Http.Functional.Tests.HttpClientHandler_RemoteServerTest.SendAsync_SendRequestUsingMethodToEchoServerWithNoContent_MethodCorrectlySent(method: "POST", serverUri: http://127.0.0.1:42257/Echo.ashx)
  [40m[32minfo[39m[22m[49m: [STRT] System.Net.Http.Functional.Tests.HttpClientHandler_RemoteServerTest.SendAsync_SendRequestUsingMethodToEchoServerWithNoContent_MethodCorrectlySent(method: "POST", serverUri: https://127.0.0.1:44881/Echo.ashx)
  [40m[32minfo[39m[22m[49m: [STRT] System.Net.Http.Functional.Tests.HttpClientHandler_RemoteServerTest.SendAsync_SendRequestUsingMethodToEchoServerWithNoContent_MethodCorrectlySent(method: "POST", serverUri: https://127.0.0.1:44881/Echo.ashx)
  [40m[32minfo[39m[22m[49m: [STRT] System.Net.Http.Functional.Tests.HttpClientHandler_RemoteServerTest.SendAsync_SendRequestUsingMethodToEchoServerWithNoContent_MethodCorrectlySent(method: "PUT", serverUri: http://127.0.0.1:42257/Echo.ashx)
  [40m[32minfo[39m[22m[49m: [STRT] System.Net.Http.Functional.Tests.HttpClientHandler_RemoteServerTest.SendAsync_SendRequestUsingMethodToEchoServerWithNoContent_MethodCorrectlySent(method: "PUT", serverUri: https://127.0.0.1:44881/Echo.ashx)
  [40m[32minfo[39m[22m[49m: [STRT] System.Net.Http.Functional.Tests.HttpClientHandler_RemoteServerTest.SendAsync_SendRequestUsingMethodToEchoServerWithNoContent_MethodCorrectlySent(method: "PUT", serverUri: https://127.0.0.1:44881/Echo.ashx)
  [40m[32minfo[39m[22m[49m: [STRT] System.Net.Http.Functional.Tests.HttpClientHandler_RemoteServerTest.SendAsync_SendRequestUsingMethodToEchoServerWithNoContent_MethodCorrectlySent(method: "DELETE", serverUri: http://127.0.0.1:42257/Echo.ashx)
  [40m[32minfo[39m[22m[49m: [STRT] System.Net.Http.Functional.Tests.HttpClientHandler_RemoteServerTest.SendAsync_SendRequestUsingMethodToEchoServerWithNoContent_MethodCorrectlySent(method: "DELETE", serverUri: https://127.0.0.1:44881/Echo.ashx)
  [40m[32minfo[39m[22m[49m: [STRT] System.Net.Http.Functional.Tests.HttpClientHandler_RemoteServerTest.SendAsync_SendRequestUsingMethodToEchoServerWithNoContent_MethodCorrectlySent(method: "DELETE", serverUri: https://127.0.0.1:44881/Echo.ashx)
  [40m[32minfo[39m[22m[49m: [STRT] System.Net.Http.Functional.Tests.HttpClientHandler_RemoteServerTest.SendAsync_SendRequestUsingMethodToEchoServerWithNoContent_MethodCorrectlySent(method: "OPTIONS", serverUri: http://127.0.0.1:42257/Echo.ashx)
  [40m[32minfo[39m[22m[49m: [STRT] System.Net.Http.Functional.Tests.HttpClientHandler_RemoteServerTest.SendAsync_SendRequestUsingMethodToEchoServerWithNoContent_MethodCorrectlySent(method: "OPTIONS", serverUri: https://127.0.0.1:44881/Echo.ashx)
  [40m[32minfo[39m[22m[49m: [STRT] System.Net.Http.Functional.Tests.HttpClientHandler_RemoteServerTest.SendAsync_SendRequestUsingMethodToEchoServerWithNoContent_MethodCorrectlySent(method: "OPTIONS", serverUri: https://127.0.0.1:44881/Echo.ashx)
  [40m[32minfo[39m[22m[49m: [STRT] System.Net.Http.Functional.Tests.HttpClientHandler_RemoteServerTest.SendAsync_SendRequestUsingMethodToEchoServerWithNoContent_MethodCorrectlySent(method: "TRACE", serverUri: http://127.0.0.1:42257/Echo.ashx)
  [40m[32minfo[39m[22m[49m: [STRT] System.Net.Http.Functional.Tests.HttpClientHandler_RemoteServerTest.SendAsync_SendRequestUsingMethodToEchoServerWithNoContent_MethodCorrectlySent(method: "TRACE", serverUri: https://127.0.0.1:44881/Echo.ashx)
  [40m[32minfo[39m[22m[49m: [STRT] System.Net.Http.Functional.Tests.HttpClientHandler_RemoteServerTest.SendAsync_SendRequestUsingMethodToEchoServerWithNoContent_MethodCorrectlySent(method: "TRACE", serverUri: https://127.0.0.1:44881/Echo.ashx)
  [40m[32minfo[39m[22m[49m: [STRT] System.Net.Http.Functional.Tests.HttpClientHandler_RemoteServerTest.SendAsync_SendRequestUsingMethodToEchoServerWithNoContent_MethodCorrectlySent(method: "CUSTOM1", serverUri: http://127.0.0.1:42257/Echo.ashx)
  [40m[32minfo[39m[22m[49m: [STRT] System.Net.Http.Functional.Tests.HttpClientHandler_RemoteServerTest.SendAsync_SendRequestUsingMethodToEchoServerWithNoContent_MethodCorrectlySent(method: "CUSTOM1", serverUri: https://127.0.0.1:44881/Echo.ashx)
  [40m[32minfo[39m[22m[49m: [STRT] System.Net.Http.Functional.Tests.HttpClientHandler_RemoteServerTest.SendAsync_SendRequestUsingMethodToEchoServerWithNoContent_MethodCorrectlySent(method: "CUSTOM1", serverUri: https://127.0.0.1:44881/Echo.ashx)
  [40m[32minfo[39m[22m[49m: [STRT] System.Net.Http.Functional.Tests.HttpClientHandler_RemoteServerTest.PostAsync_RedirectWith307_LargePayload(remoteServer: (BaseUri: http://127.0.0.1:42257/, HttpVersion: 1.1))
  [40m[32minfo[39m[22m[49m: [STRT] System.Net.Http.Functional.Tests.HttpClientHandler_RemoteServerTest.PostAsync_RedirectWith307_LargePayload(remoteServer: (BaseUri: https://127.0.0.1:44881/, HttpVersion: 1.1))
  [40m[32minfo[39m[22m[49m: [STRT] System.Net.Http.Functional.Tests.HttpClientHandler_RemoteServerTest.PostAsync_RedirectWith307_LargePayload(remoteServer: (BaseUri: https://127.0.0.1:44881/, HttpVersion: 2.0))
  [40m[32minfo[39m[22m[49m: [STRT] System.Net.Http.Functional.Tests.HttpClientHandler_RemoteServerTest.GetAsync_ResponseHeadersRead_ReadFromEachIterativelyDoesntDeadlock(remoteServer: (BaseUri: http://127.0.0.1:42257/, HttpVersion: 1.1))
  [40m[32minfo[39m[22m[49m: [STRT] System.Net.Http.Functional.Tests.HttpClientHandler_RemoteServerTest.GetAsync_ResponseHeadersRead_ReadFromEachIterativelyDoesntDeadlock(remoteServer: (BaseUri: https://127.0.0.1:44881/, HttpVersion: 1.1))
  [40m[32minfo[39m[22m[49m: [STRT] System.Net.Http.Functional.Tests.HttpClientHandler_RemoteServerTest.GetAsync_ResponseHeadersRead_ReadFromEachIterativelyDoesntDeadlock(remoteServer: (BaseUri: https://127.0.0.1:44881/, HttpVersion: 2.0))
  [40m[32minfo[39m[22m[49m: [STRT] System.Net.Http.Functional.Tests.HttpClientHandler_RemoteServerTest.PostAsync_CallMethod_EmptyContent(remoteServer: (BaseUri: http://127.0.0.1:42257/, HttpVersion: 1.1))
  [40m[32minfo[39m[22m[49m: [STRT] System.Net.Http.Functional.Tests.HttpClientHandler_RemoteServerTest.PostAsync_CallMethod_EmptyContent(remoteServer: (BaseUri: https://127.0.0.1:44881/, HttpVersion: 1.1))
  [40m[32minfo[39m[22m[49m: [STRT] System.Net.Http.Functional.Tests.HttpClientHandler_RemoteServerTest.PostAsync_CallMethod_EmptyContent(remoteServer: (BaseUri: https://127.0.0.1:44881/, HttpVersion: 2.0))
  [40m[32minfo[39m[22m[49m: [STRT] System.Net.Http.Functional.Tests.HttpClientHandler_RemoteServerTest.SendAsync_SendRequestUsingMethodToEchoServerWithContent_Success(method: "GET", serverUri: http://127.0.0.1:42257/Echo.ashx)
  [40m[32minfo[39m[22m[49m: [STRT] System.Net.Http.Functional.Tests.HttpClientHandler_RemoteServerTest.SendAsync_SendRequestUsingMethodToEchoServerWithContent_Success(method: "GET", serverUri: https://127.0.0.1:44881/Echo.ashx)
  [40m[32minfo[39m[22m[49m: [STRT] System.Net.Http.Functional.Tests.HttpClientHandler_RemoteServerTest.SendAsync_SendRequestUsingMethodToEchoServerWithContent_Success(method: "GET", serverUri: https://127.0.0.1:44881/Echo.ashx)
  [40m[32minfo[39m[22m[49m: [STRT] System.Net.Http.Functional.Tests.HttpClientHandler_RemoteServerTest.SendAsync_SendRequestUsingMethodToEchoServerWithContent_Success(method: "POST", serverUri: http://127.0.0.1:42257/Echo.ashx)
  [40m[32minfo[39m[22m[49m: [STRT] System.Net.Http.Functional.Tests.HttpClientHandler_RemoteServerTest.SendAsync_SendRequestUsingMethodToEchoServerWithContent_Success(method: "POST", serverUri: https://127.0.0.1:44881/Echo.ashx)
  [40m[32minfo[39m[22m[49m: [STRT] System.Net.Http.Functional.Tests.HttpClientHandler_RemoteServerTest.SendAsync_SendRequestUsingMethodToEchoServerWithContent_Success(method: "POST", serverUri: https://127.0.0.1:44881/Echo.ashx)
  [40m[32minfo[39m[22m[49m: [STRT] System.Net.Http.Functional.Tests.HttpClientHandler_RemoteServerTest.SendAsync_SendRequestUsingMethodToEchoServerWithContent_Success(method: "PUT", serverUri: http://127.0.0.1:42257/Echo.ashx)
  [40m[32minfo[39m[22m[49m: [STRT] System.Net.Http.Functional.Tests.HttpClientHandler_RemoteServerTest.SendAsync_SendRequestUsingMethodToEchoServerWithContent_Success(method: "PUT", serverUri: https://127.0.0.1:44881/Echo.ashx)
  [40m[32minfo[39m[22m[49m: [STRT] System.Net.Http.Functional.Tests.HttpClientHandler_RemoteServerTest.SendAsync_SendRequestUsingMethodToEchoServerWithContent_Success(method: "PUT", serverUri: https://127.0.0.1:44881/Echo.ashx)
  [40m[32minfo[39m[22m[49m: [STRT] System.Net.Http.Functional.Tests.HttpClientHandler_RemoteServerTest.SendAsync_SendRequestUsingMethodToEchoServerWithContent_Success(method: "DELETE", serverUri: http://127.0.0.1:42257/Echo.ashx)
  [40m[32minfo[39m[22m[49m: [STRT] System.Net.Http.Functional.Tests.HttpClientHandler_RemoteServerTest.SendAsync_SendRequestUsingMethodToEchoServerWithContent_Success(method: "DELETE", serverUri: https://127.0.0.1:44881/Echo.ashx)
  [40m[32minfo[39m[22m[49m: [STRT] System.Net.Http.Functional.Tests.HttpClientHandler_RemoteServerTest.SendAsync_SendRequestUsingMethodToEchoServerWithContent_Success(method: "DELETE", serverUri: https://127.0.0.1:44881/Echo.ashx)
  [40m[32minfo[39m[22m[49m: [STRT] System.Net.Http.Functional.Tests.HttpClientHandler_RemoteServerTest.SendAsync_SendRequestUsingMethodToEchoServerWithContent_Success(method: "OPTIONS", serverUri: http://127.0.0.1:42257/Echo.ashx)
  [40m[32minfo[39m[22m[49m: [STRT] System.Net.Http.Functional.Tests.HttpClientHandler_RemoteServerTest.SendAsync_SendRequestUsingMethodToEchoServerWithContent_Success(method: "OPTIONS", serverUri: https://127.0.0.1:44881/Echo.ashx)
  [40m[32minfo[39m[22m[49m: [STRT] System.Net.Http.Functional.Tests.HttpClientHandler_RemoteServerTest.SendAsync_SendRequestUsingMethodToEchoServerWithContent_Success(method: "OPTIONS", serverUri: https://127.0.0.1:44881/Echo.ashx)
  [40m[32minfo[39m[22m[49m: [STRT] System.Net.Http.Functional.Tests.HttpClientHandler_RemoteServerTest.SendAsync_SendRequestUsingMethodToEchoServerWithContent_Success(method: "CUSTOM1", serverUri: http://127.0.0.1:42257/Echo.ashx)
  [40m[32minfo[39m[22m[49m: [STRT] System.Net.Http.Functional.Tests.HttpClientHandler_RemoteServerTest.SendAsync_SendRequestUsingMethodToEchoServerWithContent_Success(method: "CUSTOM1", serverUri: https://127.0.0.1:44881/Echo.ashx)
  [40m[32minfo[39m[22m[49m: [STRT] System.Net.Http.Functional.Tests.HttpClientHandler_RemoteServerTest.SendAsync_SendRequestUsingMethodToEchoServerWithContent_Success(method: "CUSTOM1", serverUri: https://127.0.0.1:44881/Echo.ashx)
  [40m[32minfo[39m[22m[49m: [STRT] System.Net.Http.Functional.Tests.HttpClientHandler_RemoteServerTest.PostAsync_RedirectWith302_LargePayload(remoteServer: (BaseUri: http://127.0.0.1:42257/, HttpVersion: 1.1))
  [40m[32minfo[39m[22m[49m: [STRT] System.Net.Http.Functional.Tests.HttpClientHandler_RemoteServerTest.PostAsync_RedirectWith302_LargePayload(remoteServer: (BaseUri: https://127.0.0.1:44881/, HttpVersion: 1.1))
  [40m[32minfo[39m[22m[49m: [STRT] System.Net.Http.Functional.Tests.HttpClientHandler_RemoteServerTest.PostAsync_RedirectWith302_LargePayload(remoteServer: (BaseUri: https://127.0.0.1:44881/, HttpVersion: 2.0))
  [40m[32minfo[39m[22m[49m: [STRT] System.Net.Http.Functional.Tests.HttpClientHandler_RemoteServerTest.PostAsync_CallMethod_StreamContent(remoteServer: (BaseUri: http://127.0.0.1:42257/, HttpVersion: 1.1), content: StreamContentWithSyncAsyncCopy { Headers = [Â·Â·Â·] }, expectedData: [62, 23, 186, 150, 174, Â·Â·Â·])
  [40m[32minfo[39m[22m[49m: [STRT] System.Net.Http.Functional.Tests.HttpClientHandler_RemoteServerTest.PostAsync_CallMethod_StreamContent(remoteServer: (BaseUri: http://127.0.0.1:42257/, HttpVersion: 1.1), content: [Â·Â·Â·], expectedData: [45, 45, 51, 55, 57, Â·Â·Â·])
  [40m[32minfo[39m[22m[49m: [STRT] System.Net.Http.Functional.Tests.HttpClientHandler_RemoteServerTest.PostAsync_CallMethod_StreamContent(remoteServer: (BaseUri: http://127.0.0.1:42257/, HttpVersion: 1.1), content: StreamContentWithSyncAsyncCopy { Headers = [Â·Â·Â·] }, expectedData: [62, 23, 186, 150, 174, Â·Â·Â·])
  [40m[32minfo[39m[22m[49m: [STRT] System.Net.Http.Functional.Tests.HttpClientHandler_RemoteServerTest.PostAsync_CallMethod_StreamContent(remoteServer: (BaseUri: http://127.0.0.1:42257/, HttpVersion: 1.1), content: StreamContentWithSyncAsyncCopy { Headers = [Â·Â·Â·] }, expectedData: [62, 23, 186, 150, 174, Â·Â·Â·])
  [40m[32minfo[39m[22m[49m: [STRT] System.Net.Http.Functional.Tests.HttpClientHandler_RemoteServerTest.PostAsync_CallMethod_StreamContent(remoteServer: (BaseUri: http://127.0.0.1:42257/, HttpVersion: 1.1), content: StreamContentWithSyncAsyncCopy { Headers = [Â·Â·Â·] }, expectedData: [62, 23, 186, 150, 174, Â·Â·Â·])
  [40m[32minfo[39m[22m[49m: [STRT] System.Net.Http.Functional.Tests.HttpClientHandler_RemoteServerTest.PostAsync_CallMethod_StreamContent(remoteServer: (BaseUri: http://127.0.0.1:42257/, HttpVersion: 1.1), content: FormUrlEncodedContent { Headers = [Â·Â·Â·] }, expectedData: [107, 101, 121, 61, 118, Â·Â·Â·])
  [40m[32minfo[39m[22m[49m: [STRT] System.Net.Http.Functional.Tests.HttpClientHandler_RemoteServerTest.PostAsync_CallMethod_StreamContent(remoteServer: (BaseUri: http://127.0.0.1:42257/, HttpVersion: 1.1), content: StreamContentWithSyncAsyncCopy { Headers = [Â·Â·Â·] }, expectedData: [62, 23, 186, 150, 174, Â·Â·Â·])
  [40m[32minfo[39m[22m[49m: [STRT] System.Net.Http.Functional.Tests.HttpClientHandler_RemoteServerTest.PostAsync_CallMethod_StreamContent(remoteServer: (BaseUri: http://127.0.0.1:42257/, HttpVersion: 1.1), content: [Â·Â·Â·], expectedData: [45, 45, 55, 50, 54, Â·Â·Â·])
  [40m[32minfo[39m[22m[49m: [STRT] System.Net.Http.Functional.Tests.HttpClientHandler_RemoteServerTest.PostAsync_CallMethod_StreamContent(remoteServer: (BaseUri: http://127.0.0.1:42257/, HttpVersion: 1.1), content: StreamContentWithSyncAsyncCopy { Headers = [Â·Â·Â·] }, expectedData: [62, 23, 186, 150, 174, Â·Â·Â·])
  [40m[32minfo[39m[22m[49m: [STRT] System.Net.Http.Functional.Tests.HttpClientHandler_RemoteServerTest.PostAsync_CallMethod_StreamContent(remoteServer: (BaseUri: http://127.0.0.1:42257/, HttpVersion: 1.1), content: StreamContentWithSyncAsyncCopy { Headers = [Â·Â·Â·] }, expectedData: [62, 23, 186, 150, 174, Â·Â·Â·])
  [40m[32minfo[39m[22m[49m: [STRT] System.Net.Http.Functional.Tests.HttpClientHandler_RemoteServerTest.PostAsync_CallMethod_StreamContent(remoteServer: (BaseUri: http://127.0.0.1:42257/, HttpVersion: 1.1), content: StreamContentWithSyncAsyncCopy { Headers = [Â·Â·Â·] }, expectedData: [62, 23, 186, 150, 174, Â·Â·Â·])
  [40m[32minfo[39m[22m[49m: [STRT] System.Net.Http.Functional.Tests.HttpClientHandler_RemoteServerTest.PostAsync_CallMethod_StreamContent(remoteServer: (BaseUri: http://127.0.0.1:42257/, HttpVersion: 1.1), content: FormUrlEncodedContent { Headers = [Â·Â·Â·] }, expectedData: [107, 101, 121, 61, 118, Â·Â·Â·])
  [40m[32minfo[39m[22m[49m: [STRT] System.Net.Http.Functional.Tests.HttpClientHandler_RemoteServerTest.PostAsync_CallMethod_StreamContent(remoteServer: (BaseUri: https://127.0.0.1:44881/, HttpVersion: 1.1), content: StreamContentWithSyncAsyncCopy { Headers = [Â·Â·Â·] }, expectedData: [62, 23, 186, 150, 174, Â·Â·Â·])
  [40m[32minfo[39m[22m[49m: [STRT] System.Net.Http.Functional.Tests.HttpClientHandler_RemoteServerTest.PostAsync_CallMethod_StreamContent(remoteServer: (BaseUri: https://127.0.0.1:44881/, HttpVersion: 1.1), content: [Â·Â·Â·], expectedData: [45, 45, 101, 102, 52, Â·Â·Â·])
  [40m[32minfo[39m[22m[49m: [STRT] System.Net.Http.Functional.Tests.HttpClientHandler_RemoteServerTest.PostAsync_CallMethod_StreamContent(remoteServer: (BaseUri: https://127.0.0.1:44881/, HttpVersion: 1.1), content: StreamContentWithSyncAsyncCopy { Headers = [Â·Â·Â·] }, expectedData: [62, 23, 186, 150, 174, Â·Â·Â·])
  [40m[32minfo[39m[22m[49m: [STRT] System.Net.Http.Functional.Tests.HttpClientHandler_RemoteServerTest.PostAsync_CallMethod_StreamContent(remoteServer: (BaseUri: https://127.0.0.1:44881/, HttpVersion: 1.1), content: StreamContentWithSyncAsyncCopy { Headers = [Â·Â·Â·] }, expectedData: [62, 23, 186, 150, 174, Â·Â·Â·])
  [40m[32minfo[39m[22m[49m: [STRT] System.Net.Http.Functional.Tests.HttpClientHandler_RemoteServerTest.PostAsync_CallMethod_StreamContent(remoteServer: (BaseUri: https://127.0.0.1:44881/, HttpVersion: 1.1), content: StreamContentWithSyncAsyncCopy { Headers = [Â·Â·Â·] }, expectedData: [62, 23, 186, 150, 174, Â·Â·Â·])
  [40m[32minfo[39m[22m[49m: [STRT] System.Net.Http.Functional.Tests.HttpClientHandler_RemoteServerTest.PostAsync_CallMethod_StreamContent(remoteServer: (BaseUri: https://127.0.0.1:44881/, HttpVersion: 1.1), content: FormUrlEncodedContent { Headers = [Â·Â·Â·] }, expectedData: [107, 101, 121, 61, 118, Â·Â·Â·])
  [40m[32minfo[39m[22m[49m: [STRT] System.Net.Http.Functional.Tests.HttpClientHandler_RemoteServerTest.PostAsync_CallMethod_StreamContent(remoteServer: (BaseUri: https://127.0.0.1:44881/, HttpVersion: 1.1), content: StreamContentWithSyncAsyncCopy { Headers = [Â·Â·Â·] }, expectedData: [62, 23, 186, 150, 174, Â·Â·Â·])
  [40m[32minfo[39m[22m[49m: [STRT] System.Net.Http.Functional.Tests.HttpClientHandler_RemoteServerTest.PostAsync_CallMethod_StreamContent(remoteServer: (BaseUri: https://127.0.0.1:44881/, HttpVersion: 1.1), content: [Â·Â·Â·], expectedData: [45, 45, 97, 102, 100, Â·Â·Â·])
  [40m[32minfo[39m[22m[49m: [STRT] System.Net.Http.Functional.Tests.HttpClientHandler_RemoteServerTest.PostAsync_CallMethod_StreamContent(remoteServer: (BaseUri: https://127.0.0.1:44881/, HttpVersion: 1.1), content: StreamContentWithSyncAsyncCopy { Headers = [Â·Â·Â·] }, expectedData: [62, 23, 186, 150, 174, Â·Â·Â·])
  [40m[32minfo[39m[22m[49m: [STRT] System.Net.Http.Functional.Tests.HttpClientHandler_RemoteServerTest.PostAsync_CallMethod_StreamContent(remoteServer: (BaseUri: https://127.0.0.1:44881/, HttpVersion: 1.1), content: StreamContentWithSyncAsyncCopy { Headers = [Â·Â·Â·] }, expectedData: [62, 23, 186, 150, 174, Â·Â·Â·])
  [40m[32minfo[39m[22m[49m: [STRT] System.Net.Http.Functional.Tests.HttpClientHandler_RemoteServerTest.PostAsync_CallMethod_StreamContent(remoteServer: (BaseUri: https://127.0.0.1:44881/, HttpVersion: 1.1), content: StreamContentWithSyncAsyncCopy { Headers = [Â·Â·Â·] }, expectedData: [62, 23, 186, 150, 174, Â·Â·Â·])
  [40m[32minfo[39m[22m[49m: [STRT] System.Net.Http.Functional.Tests.HttpClientHandler_RemoteServerTest.PostAsync_CallMethod_StreamContent(remoteServer: (BaseUri: https://127.0.0.1:44881/, HttpVersion: 1.1), content: FormUrlEncodedContent { Headers = [Â·Â·Â·] }, expectedData: [107, 101, 121, 61, 118, Â·Â·Â·])
  [40m[32minfo[39m[22m[49m: [STRT] System.Net.Http.Functional.Tests.HttpClientHandler_RemoteServerTest.PostAsync_CallMethod_StreamContent(remoteServer: (BaseUri: https://127.0.0.1:44881/, HttpVersion: 2.0), content: StreamContentWithSyncAsyncCopy { Headers = [Â·Â·Â·] }, expectedData: [62, 23, 186, 150, 174, Â·Â·Â·])
  [40m[32minfo[39m[22m[49m: [STRT] System.Net.Http.Functional.Tests.HttpClientHandler_RemoteServerTest.PostAsync_CallMethod_StreamContent(remoteServer: (BaseUri: https://127.0.0.1:44881/, HttpVersion: 2.0), content: [Â·Â·Â·], expectedData: [45, 45, 100, 54, 101, Â·Â·Â·])
  [40m[32minfo[39m[22m[49m: [STRT] System.Net.Http.Functional.Tests.HttpClientHandler_RemoteServerTest.PostAsync_CallMethod_StreamContent(remoteServer: (BaseUri: https://127.0.0.1:44881/, HttpVersion: 2.0), content: StreamContentWithSyncAsyncCopy { Headers = [Â·Â·Â·] }, expectedData: [62, 23, 186, 150, 174, Â·Â·Â·])
  [40m[32minfo[39m[22m[49m: [STRT] System.Net.Http.Functional.Tests.HttpClientHandler_RemoteServerTest.PostAsync_CallMethod_StreamContent(remoteServer: (BaseUri: https://127.0.0.1:44881/, HttpVersion: 2.0), content: StreamContentWithSyncAsyncCopy { Headers = [Â·Â·Â·] }, expectedData: [62, 23, 186, 150, 174, Â·Â·Â·])
  [40m[32minfo[39m[22m[49m: [STRT] System.Net.Http.Functional.Tests.HttpClientHandler_RemoteServerTest.PostAsync_CallMethod_StreamContent(remoteServer: (BaseUri: https://127.0.0.1:44881/, HttpVersion: 2.0), content: StreamContentWithSyncAsyncCopy { Headers = [Â·Â·Â·] }, expectedData: [62, 23, 186, 150, 174, Â·Â·Â·])
  [40m[32minfo[39m[22m[49m: [STRT] System.Net.Http.Functional.Tests.HttpClientHandler_RemoteServerTest.PostAsync_CallMethod_StreamContent(remoteServer: (BaseUri: https://127.0.0.1:44881/, HttpVersion: 2.0), content: FormUrlEncodedContent { Headers = [Â·Â·Â·] }, expectedData: [107, 101, 121, 61, 118, Â·Â·Â·])
  [40m[32minfo[39m[22m[49m: [STRT] System.Net.Http.Functional.Tests.HttpClientHandler_RemoteServerTest.PostAsync_CallMethod_StreamContent(remoteServer: (BaseUri: https://127.0.0.1:44881/, HttpVersion: 2.0), content: StreamContentWithSyncAsyncCopy { Headers = [Â·Â·Â·] }, expectedData: [62, 23, 186, 150, 174, Â·Â·Â·])
  [40m[32minfo[39m[22m[49m: [STRT] System.Net.Http.Functional.Tests.HttpClientHandler_RemoteServerTest.PostAsync_CallMethod_StreamContent(remoteServer: (BaseUri: https://127.0.0.1:44881/, HttpVersion: 2.0), content: [Â·Â·Â·], expectedData: [45, 45, 51, 102, 102, Â·Â·Â·])
  [40m[32minfo[39m[22m[49m: [STRT] System.Net.Http.Functional.Tests.HttpClientHandler_RemoteServerTest.PostAsync_CallMethod_StreamContent(remoteServer: (BaseUri: https://127.0.0.1:44881/, HttpVersion: 2.0), content: StreamContentWithSyncAsyncCopy { Headers = [Â·Â·Â·] }, expectedData: [62, 23, 186, 150, 174, Â·Â·Â·])
  [40m[32minfo[39m[22m[49m: [STRT] System.Net.Http.Functional.Tests.HttpClientHandler_RemoteServerTest.PostAsync_CallMethod_StreamContent(remoteServer: (BaseUri: https://127.0.0.1:44881/, HttpVersion: 2.0), content: StreamContentWithSyncAsyncCopy { Headers = [Â·Â·Â·] }, expectedData: [62, 23, 186, 150, 174, Â·Â·Â·])
  [40m[32minfo[39m[22m[49m: [STRT] System.Net.Http.Functional.Tests.HttpClientHandler_RemoteServerTest.PostAsync_CallMethod_StreamContent(remoteServer: (BaseUri: https://127.0.0.1:44881/, HttpVersion: 2.0), content: StreamContentWithSyncAsyncCopy { Headers = [Â·Â·Â·] }, expectedData: [62, 23, 186, 150, 174, Â·Â·Â·])
  [40m[32minfo[39m[22m[49m: [STRT] System.Net.Http.Functional.Tests.HttpClientHandler_RemoteServerTest.PostAsync_CallMethod_StreamContent(remoteServer: (BaseUri: https://127.0.0.1:44881/, HttpVersion: 2.0), content: FormUrlEncodedContent { Headers = [Â·Â·Â·] }, expectedData: [107, 101, 121, 61, 118, Â·Â·Â·])
  [40m[32minfo[39m[22m[49m: [STRT] System.Net.Http.Functional.Tests.HttpClientHandler_RemoteServerTest.SendAsync_MultipleRequestsReusingSameClient_Success(remoteServer: (BaseUri: http://127.0.0.1:42257/, HttpVersion: 1.1))
  [40m[32minfo[39m[22m[49m: [STRT] System.Net.Http.Functional.Tests.HttpClientHandler_RemoteServerTest.SendAsync_MultipleRequestsReusingSameClient_Success(remoteServer: (BaseUri: https://127.0.0.1:44881/, HttpVersion: 1.1))
  [40m[32minfo[39m[22m[49m: [STRT] System.Net.Http.Functional.Tests.HttpClientHandler_RemoteServerTest.SendAsync_MultipleRequestsReusingSameClient_Success(remoteServer: (BaseUri: https://127.0.0.1:44881/, HttpVersion: 2.0))
  [40m[32minfo[39m[22m[49m: [STRT] System.Net.Http.Functional.Tests.HttpClientHandler_RemoteServerTest.GetAsync_LargeRequestHeader_HeadersAndValuesSent(remoteServer: (BaseUri: http://127.0.0.1:42257/, HttpVersion: 1.1), uri: http://127.0.0.1:42257/Echo.ashx)
  [40m[32minfo[39m[22m[49m: [STRT] System.Net.Http.Functional.Tests.HttpClientHandler_RemoteServerTest.GetAsync_LargeRequestHeader_HeadersAndValuesSent(remoteServer: (BaseUri: http://127.0.0.1:42257/, HttpVersion: 1.1), uri: http://127.0.0.1:42257/Redirect.ashx?statuscode=302&uri=http%3A%2F%2F127.0.0.1%3A42257%2FEcho.ashx)
  [40m[32minfo[39m[22m[49m: [STRT] System.Net.Http.Functional.Tests.HttpClientHandler_RemoteServerTest.GetAsync_LargeRequestHeader_HeadersAndValuesSent(remoteServer: (BaseUri: https://127.0.0.1:44881/, HttpVersion: 1.1), uri: https://127.0.0.1:44881/Echo.ashx)
  [40m[32minfo[39m[22m[49m: [STRT] System.Net.Http.Functional.Tests.HttpClientHandler_RemoteServerTest.GetAsync_LargeRequestHeader_HeadersAndValuesSent(remoteServer: (BaseUri: https://127.0.0.1:44881/, HttpVersion: 1.1), uri: https://127.0.0.1:44881/Redirect.ashx?statuscode=302&uri=https%3A%2F%2F127.0.0.1%3A44881%2FEcho.ashx)
  [40m[32minfo[39m[22m[49m: [STRT] System.Net.Http.Functional.Tests.HttpClientHandler_RemoteServerTest.GetAsync_LargeRequestHeader_HeadersAndValuesSent(remoteServer: (BaseUri: https://127.0.0.1:44881/, HttpVersion: 2.0), uri: https://127.0.0.1:44881/Echo.ashx)
  [40m[32minfo[39m[22m[49m: [STRT] System.Net.Http.Functional.Tests.HttpClientHandler_RemoteServerTest.GetAsync_LargeRequestHeader_HeadersAndValuesSent(remoteServer: (BaseUri: https://127.0.0.1:44881/, HttpVersion: 2.0), uri: https://127.0.0.1:44881/Redirect.ashx?statuscode=302&uri=https%3A%2F%2F127.0.0.1%3A44881%2FEcho.ashx)
  [40m[32minfo[39m[22m[49m: [STRT] System.Net.Http.Functional.Tests.HttpClientHandler_RemoteServerTest.PostAsync_CallMethod_NullContent(remoteServer: (BaseUri: http://127.0.0.1:42257/, HttpVersion: 1.1))
  [40m[32minfo[39m[22m[49m: [STRT] System.Net.Http.Functional.Tests.HttpClientHandler_RemoteServerTest.PostAsync_CallMethod_NullContent(remoteServer: (BaseUri: https://127.0.0.1:44881/, HttpVersion: 1.1))
  [40m[32minfo[39m[22m[49m: [STRT] System.Net.Http.Functional.Tests.HttpClientHandler_RemoteServerTest.PostAsync_CallMethod_NullContent(remoteServer: (BaseUri: https://127.0.0.1:44881/, HttpVersion: 2.0))
  [40m[32minfo[39m[22m[49m: [STRT] System.Net.Http.Functional.Tests.HttpClientHandler_RemoteServerTest.SendAsync_HttpRequestMsgResponseHeadersRead_StatusCodeOK(remoteServer: (BaseUri: http://127.0.0.1:42257/, HttpVersion: 1.1))
  [40m[32minfo[39m[22m[49m: [STRT] System.Net.Http.Functional.Tests.HttpClientHandler_RemoteServerTest.SendAsync_HttpRequestMsgResponseHeadersRead_StatusCodeOK(remoteServer: (BaseUri: https://127.0.0.1:44881/, HttpVersion: 1.1))
  [40m[32minfo[39m[22m[49m: [STRT] System.Net.Http.Functional.Tests.HttpClientHandler_RemoteServerTest.SendAsync_HttpRequestMsgResponseHeadersRead_StatusCodeOK(remoteServer: (BaseUri: https://127.0.0.1:44881/, HttpVersion: 2.0))
  [40m[32minfo[39m[22m[49m: [STRT] System.Net.Http.Functional.Tests.HttpClientHandler_RemoteServerTest.SendAsync_SendRequestUsingNoBodyMethodToEchoServerWithContent_NoBodySent(method: "HEAD", serverUri: http://127.0.0.1:42257/Echo.ashx)
  [40m[32minfo[39m[22m[49m: [STRT] System.Net.Http.Functional.Tests.HttpClientHandler_RemoteServerTest.SendAsync_SendRequestUsingNoBodyMethodToEchoServerWithContent_NoBodySent(method: "HEAD", serverUri: https://127.0.0.1:44881/Echo.ashx)
  [40m[32minfo[39m[22m[49m: [STRT] System.Net.Http.Functional.Tests.HttpClientHandler_RemoteServerTest.SendAsync_SendRequestUsingNoBodyMethodToEchoServerWithContent_NoBodySent(method: "HEAD", serverUri: https://127.0.0.1:44881/Echo.ashx)
  [40m[32minfo[39m[22m[49m: [STRT] System.Net.Http.Functional.Tests.HttpClientHandler_RemoteServerTest.SendAsync_SendRequestUsingNoBodyMethodToEchoServerWithContent_NoBodySent(method: "TRACE", serverUri: http://127.0.0.1:42257/Echo.ashx)
  [40m[32minfo[39m[22m[49m: [STRT] System.Net.Http.Functional.Tests.HttpClientHandler_RemoteServerTest.SendAsync_SendRequestUsingNoBodyMethodToEchoServerWithContent_NoBodySent(method: "TRACE", serverUri: https://127.0.0.1:44881/Echo.ashx)
  [40m[32minfo[39m[22m[49m: [STRT] System.Net.Http.Functional.Tests.HttpClientHandler_RemoteServerTest.SendAsync_SendRequestUsingNoBodyMethodToEchoServerWithContent_NoBodySent(method: "TRACE", serverUri: https://127.0.0.1:44881/Echo.ashx)
  [40m[32minfo[39m[22m[49m: [STRT] System.Net.Http.Functional.Tests.HttpClientHandler_RemoteServerTest.PostAsync_ReuseRequestContent_Success(remoteServer: (BaseUri: http://127.0.0.1:42257/, HttpVersion: 1.1))
  [40m[32minfo[39m[22m[49m: [STRT] System.Net.Http.Functional.Tests.HttpClientHandler_RemoteServerTest.PostAsync_ReuseRequestContent_Success(remoteServer: (BaseUri: https://127.0.0.1:44881/, HttpVersion: 1.1))
  [40m[32minfo[39m[22m[49m: [STRT] System.Net.Http.Functional.Tests.HttpClientHandler_RemoteServerTest.PostAsync_ReuseRequestContent_Success(remoteServer: (BaseUri: https://127.0.0.1:44881/, HttpVersion: 2.0))
  [40m[32minfo[39m[22m[49m: [STRT] System.Net.Http.Functional.Tests.HttpClientHandler_RemoteServerTest.PostAsync_CallMethodTwice_StringContent(remoteServer: (BaseUri: http://127.0.0.1:42257/, HttpVersion: 1.1))
  [40m[32minfo[39m[22m[49m: [STRT] System.Net.Http.Functional.Tests.HttpClientHandler_RemoteServerTest.PostAsync_CallMethodTwice_StringContent(remoteServer: (BaseUri: https://127.0.0.1:44881/, HttpVersion: 1.1))
  [40m[32minfo[39m[22m[49m: [STRT] System.Net.Http.Functional.Tests.HttpClientHandler_RemoteServerTest.PostAsync_CallMethodTwice_StringContent(remoteServer: (BaseUri: https://127.0.0.1:44881/, HttpVersion: 2.0))
  [40m[32minfo[39m[22m[49m: [STRT] System.Net.Http.Functional.Tests.HttpClientHandler_RemoteServerTest.GetAsync_RequestHeadersAddCustomHeaders_HeaderAndEmptyValueSent(remoteServer: (BaseUri: http://127.0.0.1:42257/, HttpVersion: 1.1), uri: http://127.0.0.1:42257/Echo.ashx)
  [40m[32minfo[39m[22m[49m: [STRT] System.Net.Http.Functional.Tests.HttpClientHandler_RemoteServerTest.GetAsync_RequestHeadersAddCustomHeaders_HeaderAndEmptyValueSent(remoteServer: (BaseUri: http://127.0.0.1:42257/, HttpVersion: 1.1), uri: http://127.0.0.1:42257/Redirect.ashx?statuscode=302&uri=http%3A%2F%2F127.0.0.1%3A42257%2FEcho.ashx)
  [40m[32minfo[39m[22m[49m: [STRT] System.Net.Http.Functional.Tests.HttpClientHandler_RemoteServerTest.GetAsync_RequestHeadersAddCustomHeaders_HeaderAndEmptyValueSent(remoteServer: (BaseUri: https://127.0.0.1:44881/, HttpVersion: 1.1), uri: https://127.0.0.1:44881/Echo.ashx)
  [40m[32minfo[39m[22m[49m: [STRT] System.Net.Http.Functional.Tests.HttpClientHandler_RemoteServerTest.GetAsync_RequestHeadersAddCustomHeaders_HeaderAndEmptyValueSent(remoteServer: (BaseUri: https://127.0.0.1:44881/, HttpVersion: 1.1), uri: https://127.0.0.1:44881/Redirect.ashx?statuscode=302&uri=https%3A%2F%2F127.0.0.1%3A44881%2FEcho.ashx)
  [40m[32minfo[39m[22m[49m: [STRT] System.Net.Http.Functional.Tests.HttpClientHandler_RemoteServerTest.GetAsync_RequestHeadersAddCustomHeaders_HeaderAndEmptyValueSent(remoteServer: (BaseUri: https://127.0.0.1:44881/, HttpVersion: 2.0), uri: https://127.0.0.1:44881/Echo.ashx)
  [40m[32minfo[39m[22m[49m: [STRT] System.Net.Http.Functional.Tests.HttpClientHandler_RemoteServerTest.GetAsync_RequestHeadersAddCustomHeaders_HeaderAndEmptyValueSent(remoteServer: (BaseUri: https://127.0.0.1:44881/, HttpVersion: 2.0), uri: https://127.0.0.1:44881/Redirect.ashx?statuscode=302&uri=https%3A%2F%2F127.0.0.1%3A44881%2FEcho.ashx)
  [40m[32minfo[39m[22m[49m: [STRT] System.Net.Http.Functional.Tests.HttpClientHandler_RemoteServerTest.SendAsync_SendSameRequestMultipleTimesDirectlyOnHandler_Success(remoteServer: (BaseUri: http://127.0.0.1:42257/, HttpVersion: 1.1), stringContent: "12345678910", startingPosition: 0)
  [40m[32minfo[39m[22m[49m: [STRT] System.Net.Http.Functional.Tests.HttpClientHandler_RemoteServerTest.SendAsync_SendSameRequestMultipleTimesDirectlyOnHandler_Success(remoteServer: (BaseUri: http://127.0.0.1:42257/, HttpVersion: 1.1), stringContent: "12345678910", startingPosition: 5)
  [40m[32minfo[39m[22m[49m: [STRT] System.Net.Http.Functional.Tests.HttpClientHandler_RemoteServerTest.SendAsync_SendSameRequestMultipleTimesDirectlyOnHandler_Success(remoteServer: (BaseUri: https://127.0.0.1:44881/, HttpVersion: 1.1), stringContent: "12345678910", startingPosition: 0)
  [40m[32minfo[39m[22m[49m: [STRT] System.Net.Http.Functional.Tests.HttpClientHandler_RemoteServerTest.SendAsync_SendSameRequestMultipleTimesDirectlyOnHandler_Success(remoteServer: (BaseUri: https://127.0.0.1:44881/, HttpVersion: 1.1), stringContent: "12345678910", startingPosition: 5)
  [40m[32minfo[39m[22m[49m: [STRT] System.Net.Http.Functional.Tests.HttpClientHandler_RemoteServerTest.SendAsync_SendSameRequestMultipleTimesDirectlyOnHandler_Success(remoteServer: (BaseUri: https://127.0.0.1:44881/, HttpVersion: 2.0), stringContent: "12345678910", startingPosition: 0)
  [40m[32minfo[39m[22m[49m: [STRT] System.Net.Http.Functional.Tests.HttpClientHandler_RemoteServerTest.SendAsync_SendSameRequestMultipleTimesDirectlyOnHandler_Success(remoteServer: (BaseUri: https://127.0.0.1:44881/, HttpVersion: 2.0), stringContent: "12345678910", startingPosition: 5)
  [40m[32minfo[39m[22m[49m: [STRT] System.Net.Http.Functional.Tests.HttpClientHandler_RemoteServerTest.PostAsync_CallMethod_UnicodeStringContent(remoteServer: (BaseUri: http://127.0.0.1:42257/, HttpVersion: 1.1))
  [40m[32minfo[39m[22m[49m: [STRT] System.Net.Http.Functional.Tests.HttpClientHandler_RemoteServerTest.PostAsync_CallMethod_UnicodeStringContent(remoteServer: (BaseUri: https://127.0.0.1:44881/, HttpVersion: 1.1))
  [40m[32minfo[39m[22m[49m: [STRT] System.Net.Http.Functional.Tests.HttpClientHandler_RemoteServerTest.PostAsync_CallMethod_UnicodeStringContent(remoteServer: (BaseUri: https://127.0.0.1:44881/, HttpVersion: 2.0))
  [40m[32minfo[39m[22m[49m: [STRT] System.Net.Http.Functional.Tests.HttpClientHandler_RemoteServerTest.SendAsync_RequestVersion20_ResponseVersion20IfHttp2Supported(server: https://127.0.0.1:44881/)
  [40m[32minfo[39m[22m[49m: [STRT] System.Net.Http.Functional.Tests.HttpClientHandler_RemoteServerTest.PostAsync_Redirect_ResultingGetFormattedCorrectly(remoteServer: (BaseUri: http://127.0.0.1:42257/, HttpVersion: 1.1))
  [40m[32minfo[39m[22m[49m: [STRT] System.Net.Http.Functional.Tests.HttpClientHandler_RemoteServerTest.PostAsync_Redirect_ResultingGetFormattedCorrectly(remoteServer: (BaseUri: https://127.0.0.1:44881/, HttpVersion: 1.1))
  [40m[32minfo[39m[22m[49m: [STRT] System.Net.Http.Functional.Tests.HttpClientHandler_RemoteServerTest.PostAsync_Redirect_ResultingGetFormattedCorrectly(remoteServer: (BaseUri: https://127.0.0.1:44881/, HttpVersion: 2.0))
  [40m[32minfo[39m[22m[49m: [STRT] System.Net.Http.Functional.Tests.SocketsHttpHandler_DiagnosticsTest_Http11.SendAsync_ExpectedDiagnosticSourceNoLogging
  [40m[32minfo[39m[22m[49m: [STRT] System.Net.Http.Functional.Tests.SocketsHttpHandler_DiagnosticsTest_Http11.SendAsync_ExpectedDiagnosticExceptionLogging
  [40m[32minfo[39m[22m[49m: [STRT] System.Net.Http.Functional.Tests.SocketsHttpHandler_DiagnosticsTest_Http11.SendAsync_CustomSocketsHttpHandlerPropagator_PropagatorIsUsed
  [40m[32minfo[39m[22m[49m: [STRT] System.Net.Http.Functional.Tests.SocketsHttpHandler_DiagnosticsTest_Http11.SendAsync_ExpectedDiagnosticExceptionOnlyActivityLogging
  [40m[32minfo[39m[22m[49m: [STRT] System.Net.Http.Functional.Tests.SocketsHttpHandler_DiagnosticsTest_Http11.SendAsync_ExpectedDiagnosticSourceActivityLogging
  [40m[32minfo[39m[22m[49m: [STRT] System.Net.Http.Functional.Tests.SocketsHttpHandler_DiagnosticsTest_Http11.SendAsync_ExpectedDiagnosticSourceUrlFilteredActivityLogging
  [40m[32minfo[39m[22m[49m: [STRT] System.Net.Http.Functional.Tests.SocketsHttpHandler_DiagnosticsTest_Http11.SendAsync_SuppressedGlobalStaticPropagationNoListenerAppCtx
  [40m[32minfo[39m[22m[49m: [STRT] System.Net.Http.Functional.Tests.SocketsHttpHandler_DiagnosticsTest_Http11.SendAsync_HeadersAreInjectedOnRedirects
  [40m[32minfo[39m[22m[49m: [STRT] System.Net.Http.Functional.Tests.SocketsHttpHandler_DiagnosticsTest_Http11.SendAsync_ExpectedDiagnosticSourceActivityLoggingDoesNotOverwriteHeader
  [40m[32minfo[39m[22m[49m: [STRT] System.Net.Http.Functional.Tests.SocketsHttpHandler_DiagnosticsTest_Http11.EventSource_ExistsWithCorrectId
  [40m[32minfo[39m[22m[49m: [STRT] System.Net.Http.Functional.Tests.SocketsHttpHandler_DiagnosticsTest_Http11.SendAsync_DiagnosticListener_ExpectedTagsRecorded
  [40m[32minfo[39m[22m[49m: [STRT] System.Net.Http.Functional.Tests.SocketsHttpHandler_DiagnosticsTest_Http11.SendAsync_OperationCanceledException_RecordsActivitiesWithCorrectErrorInfo
  [40m[32minfo[39m[22m[49m: [STRT] System.Net.Http.Functional.Tests.SocketsHttpHandler_DiagnosticsTest_Http11.SendAsync_ExpectedDiagnosticCancelledLogging
  [40m[32minfo[39m[22m[49m: [STRT] System.Net.Http.Functional.Tests.SocketsHttpHandler_DiagnosticsTest_Http11.SendAsync_PropagatorInjectsInvalidHeaders_Throws
  [40m[32minfo[39m[22m[49m: [STRT] System.Net.Http.Functional.Tests.SocketsHttpHandler_DiagnosticsTest_Http11.SendAsync_ExpectedDiagnosticSourceNewAndDeprecatedEventsLogging
  [40m[32minfo[39m[22m[49m: [STRT] System.Net.Http.Functional.Tests.SocketsHttpHandler_DiagnosticsTest_Http11.SendAsync_DoNotSampleAllData_NoTagsRecorded
  [40m[32minfo[39m[22m[49m: [STRT] System.Net.Http.Functional.Tests.SocketsHttpHandler_DiagnosticsTest_Http11.SendAsync_ExpectedDiagnosticSourceLogging
  [40m[32minfo[39m[22m[49m: [STRT] System.Net.Http.Functional.Tests.SocketsHttpHandler_DiagnosticsTest_Http11.SendAsync_ActivityIsCreatedIfRequested
  [40m[32minfo[39m[22m[49m: [STRT] System.Net.Http.Functional.Tests.SocketsHttpHandler_DiagnosticsTest_Http11.SendAsync_Success_ConnectionSetupActivityGraphRecorded
  [40m[32minfo[39m[22m[49m: [STRT] System.Net.Http.Functional.Tests.SocketsHttpHandler_DiagnosticsTest_Http11.UseIPAddressInTargetUri_NoProxy_RecordsHostHeaderAsServerAddress
  [40m[32minfo[39m[22m[49m: [STRT] System.Net.Http.Functional.Tests.SocketsHttpHandler_DiagnosticsTest_Http11.SendAsync_HttpTracingEnabled_Succeeds
  [40m[32minfo[39m[22m[49m: [STRT] System.Net.Http.Functional.Tests.SocketsHttpHandler_DiagnosticsTest_Http11.SendAsync_ExpectedDiagnosticExceptionActivityLogging
  [40m[32minfo[39m[22m[49m: [STRT] System.Net.Http.Functional.Tests.SocketsHttpHandler_DiagnosticsTest_Http11.SendAsync_ExpectedDiagnosticSourceActivityLogging_InvalidBaggage
  [40m[32minfo[39m[22m[49m: [STRT] System.Net.Http.Functional.Tests.SocketsHttpHandler_DiagnosticsTest_Http11.UseIPAddressInTargetUri_ProxyTunnel
  [40m[32minfo[39m[22m[49m: [STRT] System.Net.Http.Functional.Tests.SocketsHttpHandler_DiagnosticsTest_Http11.SendAsync_ConnectionFailure_RecordsActivitiesWithCorrectErrorInfo
  [40m[32minfo[39m[22m[49m: [STRT] System.Net.Http.Functional.Tests.SocketsHttpHandler_DiagnosticsTest_Http11.Http3_WaitForConnection_RecordedWhenWaitingForStream
  [40m[32minfo[39m[22m[49m: [STRT] System.Net.Http.Functional.Tests.SocketsHttpHandler_DiagnosticsTest_Http11.SendAsync_ExpectedDiagnosticSourceActivityLoggingDoesNotOverwriteW3CTraceParentHeader
  [40m[32minfo[39m[22m[49m: [STRT] System.Net.Http.Functional.Tests.SocketsHttpHandler_DiagnosticsTest_Http11.SendAsync_ReuseRequestInHandler_ResetsHeadersForEachReuse
  [40m[32minfo[39m[22m[49m: [STRT] System.Net.Http.Functional.Tests.SocketsHttpHandler_DiagnosticsTest_Http11.SendAsync_SuppressedGlobalStaticPropagationEnvVar
  [40m[32minfo[39m[22m[49m: [STRT] System.Net.Http.Functional.Tests.SocketsHttpHandler_DiagnosticsTest_Http11.SendAsync_ActivitySource_ExpectedTagsRecorded
  [40m[32minfo[39m[22m[49m: [STRT] System.Net.Http.Functional.Tests.TelemetryTest_Http11.EventSource_ExistsWithCorrectId
  [40m[32minfo[39m[22m[49m: [STRT] System.Net.Http.Functional.Tests.HttpClientSendTest_Sync.Send_NullRequest_ThrowsException
  [40m[32minfo[39m[22m[49m: [STRT] System.Net.Http.Functional.Tests.HttpClientSendTest_Sync.Send_DuplicateRequest_ThrowsException
  [40m[32minfo[39m[22m[49m: [STRT] System.Net.Http.Functional.Tests.HttpClientSendTest_Sync.Send_InnerHandlerThrows_OriginalExceptionInformationIsCaptured
  [40m[32minfo[39m[22m[49m: [STRT] System.Net.Http.Functional.Tests.HttpClientSendTest_Sync.Send_RequestContentNotDisposed
  [40m[32minfo[39m[22m[49m: [STRT] System.Net.Http.Functional.Tests.MultipartFormDataContentTest.Ctor_NullBoundary_ThrowsArgumentException
  [40m[32minfo[39m[22m[49m: [STRT] System.Net.Http.Functional.Tests.MultipartFormDataContentTest.Ctor_EmptyBoundary_ThrowsArgumentException
  [40m[32minfo[39m[22m[49m: [STRT] System.Net.Http.Functional.Tests.MultipartFormDataContentTest.Serialize_QuotedName_Success
  [40m[32minfo[39m[22m[49m: [STRT] System.Net.Http.Functional.Tests.MultipartFormDataContentTest.Serialize_NamedStringContent_Success
  [40m[32minfo[39m[22m[49m: [STRT] System.Net.Http.Functional.Tests.MultipartFormDataContentTest.Add_NullName_ThrowsArgumentException
  [40m[32minfo[39m[22m[49m: [STRT] System.Net.Http.Functional.Tests.MultipartFormDataContentTest.Serialize_StringContent_Success
  [40m[32minfo[39m[22m[49m: [STRT] System.Net.Http.Functional.Tests.MultipartFormDataContentTest.Serialize_InvalidName_Encoded
  [40m[32minfo[39m[22m[49m: [STRT] System.Net.Http.Functional.Tests.MultipartFormDataContentTest.Serialize_FileNameStringContent_Success
  [40m[32minfo[39m[22m[49m: [STRT] System.Net.Http.Functional.Tests.MultipartFormDataContentTest.Add_EmptyFileName_ThrowsArgumentException
  [40m[32minfo[39m[22m[49m: [STRT] System.Net.Http.Functional.Tests.MultipartFormDataContentTest.Ctor_NoParams_CorrectMediaType
  [40m[32minfo[39m[22m[49m: [STRT] System.Net.Http.Functional.Tests.MultipartFormDataContentTest.Add_EmptyName_ThrowsArgumentException
  [40m[32minfo[39m[22m[49m: [STRT] System.Net.Http.Functional.Tests.MultipartFormDataContentTest.Serialize_EmptyList_Success
  [40m[32minfo[39m[22m[49m: [STRT] System.Net.Http.Functional.Tests.MultipartFormDataContentTest.Add_NullContent_ThrowsArgumentNullException
  [40m[32minfo[39m[22m[49m: [STRT] System.Net.Http.Functional.Tests.MultipartFormDataContentTest.Serialize_InvalidQuotedName_Encoded
  [40m[32minfo[39m[22m[49m: [STRT] System.Net.Http.Functional.Tests.MultipartFormDataContentTest.Serialize_InvalidNamedFileName_Encoded
  [40m[32minfo[39m[22m[49m: [STRT] System.Net.Http.Functional.Tests.MultipartFormDataContentTest.Add_NullFileName_ThrowsArgumentException
  [40m[32minfo[39m[22m[49m: [STRT] System.Net.Http.Functional.Tests.HttpClientHandlerTest_Url.TrimmingTrailingWhiteSpace(requestPath: "/test%20", expectedServerPath: "/test%20")
  [40m[32minfo[39m[22m[49m: [STRT] System.Net.Http.Functional.Tests.HttpClientHandlerTest_Url.TrimmingTrailingWhiteSpace(requestPath: "/test ", expectedServerPath: "/test")
  [40m[32minfo[39m[22m[49m: [STRT] System.Net.Http.Functional.Tests.HttpClientHandlerTest_Url.TrimmingTrailingWhiteSpace(requestPath: "/test%20?a=1", expectedServerPath: "/test%20?a=1")
  [40m[32minfo[39m[22m[49m: [STRT] System.Net.Http.Functional.Tests.HttpClientHandlerTest_Url.TrimmingTrailingWhiteSpace(requestPath: "/test ?a=1", expectedServerPath: "/test%20?a=1")
  [40m[32minfo[39m[22m[49m: [STRT] System.Net.Http.Functional.Tests.StringContentTest.Ctor_NullString_ThrowsArgumentNullException
  [40m[32minfo[39m[22m[49m: [STRT] System.Net.Http.Functional.Tests.StringContentTest.Ctor_EmptyString_Accept(readStreamAsync: True)
  [40m[32minfo[39m[22m[49m: [STRT] System.Net.Http.Functional.Tests.StringContentTest.Ctor_EmptyString_Accept(readStreamAsync: False)
  [40m[32minfo[39m[22m[49m: [STRT] System.Net.Http.Functional.Tests.StringContentTest.Ctor_UseCustomMediaTypeHeaderValue
  [40m[32minfo[39m[22m[49m: [STRT] System.Net.Http.Functional.Tests.StringContentTest.Ctor_PassNullHeaderValueForMediaType_NoMediaTypeUsed
  [40m[32minfo[39m[22m[49m: [STRT] System.Net.Http.Functional.Tests.StringContentTest.Ctor_DefineNoEncoding_DefaultEncodingUsed
  [40m[32minfo[39m[22m[49m: [STRT] System.Net.Http.Functional.Tests.StringContentTest.Ctor_SetsContentTypeHeader(mediaType: "text/plain")
  [40m[32minfo[39m[22m[49m: [STRT] System.Net.Http.Functional.Tests.StringContentTest.Ctor_SetsContentTypeHeader(mediaType: "application/json")
  [40m[32minfo[39m[22m[49m: [STRT] System.Net.Http.Functional.Tests.StringContentTest.Ctor_SetsContentTypeHeader(mediaType: "application/xml")
  [40m[32minfo[39m[22m[49m: [STRT] System.Net.Http.Functional.Tests.StringContentTest.Ctor_SetsContentTypeHeader(mediaType: "foo/bar")
  [40m[32minfo[39m[22m[49m: [STRT] System.Net.Http.Functional.Tests.StringContentTest.Ctor_UseCustomMediaTypeHeaderValue_SpecificEncoding
  [40m[32minfo[39m[22m[49m: [STRT] System.Net.Http.Functional.Tests.StringContentTest.Ctor_UseSpecificEncodingAndContentType
  [40m[32minfo[39m[22m[49m: [STRT] System.Net.Http.Functional.Tests.StringContentTest.Ctor_SetsDefaultContentTypeHeader
  [40m[32minfo[39m[22m[49m: [STRT] System.Net.Http.Functional.Tests.StringContentTest.Ctor_UseCustomEncodingAndMediaType_EncodingUsedAndContentTypeHeaderUpdated
  [40m[32minfo[39m[22m[49m: [STRT] System.Net.Http.Functional.Tests.HttpMetricsTest_General.SocketsHttpHandler_Dispose_DoesNotDisposeMeterFactory
  [40m[32minfo[39m[22m[49m: [STRT] System.Net.Http.Functional.Tests.HttpMetricsTest_General.HttpClientHandler_Dispose_DoesNotDisposeMeter
  [40m[32minfo[39m[22m[49m: [STRT] System.Net.Http.Functional.Tests.HttpMetricsTest_General.SocketsHttpHandler_SetMeterFactoryAfterStart_ThrowsInvalidOperationException
  [40m[32minfo[39m[22m[49m: [STRT] System.Net.Http.Functional.Tests.HttpMetricsTest_General.SocketsHttpHandler_SetMeterFactoryAfterDispose_ThrowsObjectDisposedException
  [40m[32minfo[39m[22m[49m: [STRT] System.Net.Http.Functional.Tests.HttpMetricsTest_General.HttpClientHandler_SetMeterFactoryAfterDispose_ThrowsObjectDisposedException
  [40m[32minfo[39m[22m[49m: [STRT] System.Net.Http.Functional.Tests.HttpMetricsTest_General.HttpClientHandler_SetMeterFactoryAfterStart_ThrowsInvalidOperationException
  [40m[32minfo[39m[22m[49m: [STRT] System.Net.Http.Functional.Tests.ByteArrayContentTest.Ctor_NullSourceArrayWithRange_ThrowsArgumentNullException
  [40m[32minfo[39m[22m[49m: [STRT] System.Net.Http.Functional.Tests.ByteArrayContentTest.Ctor_EmptySourceArrayWithRange_ThrowsArgumentOutOfRangeException
  [40m[32minfo[39m[22m[49m: [STRT] System.Net.Http.Functional.Tests.ByteArrayContentTest.CopyToAsync_NullDestination_ThrowsArgumentNullException
  [40m[32minfo[39m[22m[49m: [STRT] System.Net.Http.Functional.Tests.ByteArrayContentTest.ReadAsStreamAsync_EmptySourceArray_Succeed(readStreamAsync: True)
  [40m[32minfo[39m[22m[49m: [STRT] System.Net.Http.Functional.Tests.ByteArrayContentTest.ReadAsStreamAsync_EmptySourceArray_Succeed(readStreamAsync: False)
  [40m[32minfo[39m[22m[49m: [STRT] System.Net.Http.Functional.Tests.ByteArrayContentTest.Ctor_StartIndexNegative_ThrowsArgumentOutOfRangeException
  [40m[32minfo[39m[22m[49m: [STRT] System.Net.Http.Functional.Tests.ByteArrayContentTest.ContentLength_UsePartialSourceArray_LengthMatchesArrayLength
  [40m[32minfo[39m[22m[49m: [STRT] System.Net.Http.Functional.Tests.ByteArrayContentTest.CopyToAsync_UseWholeSourceArray_WholeContentCopied
  [40m[32minfo[39m[22m[49m: [STRT] System.Net.Http.Functional.Tests.ByteArrayContentTest.ReadAsStreamAsync_Call_MemoryStreamWrappingByteArrayReturned(readStreamAsync: True)
  [40m[32minfo[39m[22m[49m: [STRT] System.Net.Http.Functional.Tests.ByteArrayContentTest.ReadAsStreamAsync_Call_MemoryStreamWrappingByteArrayReturned(readStreamAsync: False)
  [40m[32minfo[39m[22m[49m: [STRT] System.Net.Http.Functional.Tests.ByteArrayContentTest.Ctor_LengthNegative_ThrowsArgumentOutOfRangeException
  [40m[32minfo[39m[22m[49m: [STRT] System.Net.Http.Functional.Tests.ByteArrayContentTest.Ctor_NullSourceArray_ThrowsArgumentNullException
  [40m[32minfo[39m[22m[49m: [STRT] System.Net.Http.Functional.Tests.ByteArrayContentTest.Ctor_LengthTooBig_ThrowsArgumentOutOfRangeException
  [40m[32minfo[39m[22m[49m: [STRT] System.Net.Http.Functional.Tests.ByteArrayContentTest.ContentLength_UseWholeSourceArray_LengthMatchesArrayLength
  [40m[32minfo[39m[22m[49m: [STRT] System.Net.Http.Functional.Tests.ByteArrayContentTest.Ctor_StartIndexTooBig_ThrowsArgumentOufOfRangeException
  [40m[32minfo[39m[22m[49m: [STRT] System.Net.Http.Functional.Tests.ByteArrayContentTest.CopyToAsync_UsePartialSourceArray_PartialContentCopied
  [40m[32minfo[39m[22m[49m: [STRT] System.Net.Http.Functional.Tests.ByteArrayContentTest.CopyToAsync_UseEmptySourceArray_NothingCopied
  [40m[32minfo[39m[22m[49m: [STRT] System.Net.Http.Functional.Tests.ByteArrayContentTest.Ctor_LengthPlusOffsetCauseIntOverflow_ThrowsArgumentOutOfRangeException
  [40m[32minfo[39m[22m[49m: [STRT] System.Net.Http.Functional.Tests.CustomHttpClientTest.Send_NullRequest_ThrowsException
  [40m[32minfo[39m[22m[49m: [STRT] System.Net.Http.Functional.Tests.CustomHttpClientTest.SendAsync_NullRequest_ThrowsException
  [40m[32minfo[39m[22m[49m: [STRT] System.Net.Http.Functional.Tests.MessageProcessingHandlerTest.Ctor_CreateWithHandlerDispose_Success
  [40m[32minfo[39m[22m[49m: [STRT] System.Net.Http.Functional.Tests.MessageProcessingHandlerTest.Ctor_CreateWithNullHandler_ThrowsArgumentNullException
  [40m[32minfo[39m[22m[49m: [STRT] System.Net.Http.Functional.Tests.MessageProcessingHandlerTest.SendAsync_ProcessRequestThrowsOperationCanceledExceptionNotBoundToCts_TaskSetToIsFaulted
  [40m[32minfo[39m[22m[49m: [STRT] System.Net.Http.Functional.Tests.MessageProcessingHandlerTest.SendAsync_OperationCanceledWhileProcessRequestIsExecuted_TaskSetToIsCanceled
  [40m[32minfo[39m[22m[49m: [STRT] System.Net.Http.Functional.Tests.MessageProcessingHandlerTest.SendAsync_CallMethod_ProcessRequestAndProcessResponseCalled
  [40m[32minfo[39m[22m[49m: [STRT] System.Net.Http.Functional.Tests.MessageProcessingHandlerTest.SendAsync_OperationCanceledWhileInnerHandlerIsWorking_TaskSetToIsCanceled
  [40m[32minfo[39m[22m[49m: [STRT] System.Net.Http.Functional.Tests.MessageProcessingHandlerTest.SendAsync_ProcessResponseThrowsOperationCanceledExceptionNotBoundToCts_TaskSetToIsFaulted
  [40m[32minfo[39m[22m[49m: [STRT] System.Net.Http.Functional.Tests.MessageProcessingHandlerTest.SendAsync_OperationCanceledWhileProcessResponseIsExecuted_TaskSetToIsCanceled
  [40m[32minfo[39m[22m[49m: [STRT] System.Net.Http.Functional.Tests.MessageProcessingHandlerTest.SendAsync_ProcessRequestThrows_ThrowWithoutCallingProcessRequestNorInnerHandler
  [40m[32minfo[39m[22m[49m: [STRT] System.Net.Http.Functional.Tests.MessageProcessingHandlerTest.Ctor_CreateDispose_Success
  [40m[32minfo[39m[22m[49m: [STRT] System.Net.Http.Functional.Tests.MessageProcessingHandlerTest.SendAsync_InnerHandlerThrows_ThrowWithoutCallingProcessRequest
  [40m[32minfo[39m[22m[49m: [STRT] System.Net.Http.Functional.Tests.MessageProcessingHandlerTest.SendAsync_ProcessResponseThrows_TaskIsFaulted
  [40m[32minfo[39m[22m[49m: [STRT] System.Net.Http.Functional.Tests.MessageProcessingHandlerTest.SendAsync_NullRequest_ThrowsArgumentNullException
  [40m[32minfo[39m[22m[49m: [STRT] System.Net.Http.Functional.Tests.MessageProcessingHandlerTest.SendAsync_ProcessRequestThrowsOperationCanceledExceptionUsingOtherCts_TaskSetToIsFaulted
  [40m[32minfo[39m[22m[49m: [STRT] System.Net.Http.Functional.Tests.MessageProcessingHandlerTest.SendAsync_ProcessResponseThrowsOperationCanceledExceptionUsingOtherCts_TaskSetToIsFaulted
  [40m[32minfo[39m[22m[49m: [STRT] System.Net.Http.Functional.Tests.MessageProcessingHandlerTest.SendAsync_InnerHandlerReturnsNullResponse_ThrowInvalidOperationExceptionWithoutCallingProcessRequest
  [40m[32minfo[39m[22m[49m: [STRT] System.Net.Http.Functional.Tests.HttpClientTest.BaseAddress_InvalidUri_Throws
  [40m[32minfo[39m[22m[49m: [STRT] System.Net.Http.Functional.Tests.HttpClientTest.Timeout_OutOfRange_Throws
  [40m[32minfo[39m[22m[49m: [STRT] System.Net.Http.Functional.Tests.HttpClientTest.DefaultProxy_SetGet_Roundtrips
  [40m[32minfo[39m[22m[49m: [STRT] System.Net.Http.Functional.Tests.HttpClientTest.Dispose_UseAfterDispose_Throws
  [40m[32minfo[39m[22m[49m: [STRT] System.Net.Http.Functional.Tests.HttpClientTest.Properties_CantChangeAfterOperation_Throws
  [40m[32minfo[39m[22m[49m: [STRT] System.Net.Http.Functional.Tests.HttpClientTest.GetByteArrayAsync_CanBeCanceled_AlreadyCanceledCts
  [40m[32minfo[39m[22m[49m: [STRT] System.Net.Http.Functional.Tests.HttpClientTest.DefaultProxy_Get_ReturnsNotNull
  [40m[32minfo[39m[22m[49m: [STRT] System.Net.Http.Functional.Tests.HttpClientTest.ConnectTimeout_NotWrappedInMultipleTimeoutExceptions
  [40m[32minfo[39m[22m[49m: [STRT] System.Net.Http.Functional.Tests.HttpClientTest.GetStringAsync_CanBeCanceled_AlreadyCanceledCts
  [40m[32minfo[39m[22m[49m: [STRT] System.Net.Http.Functional.Tests.HttpClientTest.Dispose_MultipleTimes_Success
  [40m[32minfo[39m[22m[49m: [STRT] System.Net.Http.Functional.Tests.HttpClientTest.MaxResponseContentBufferSize_ThrowsIfTooSmallForContent(maxSize: 1, contentLength: 2)
  [40m[32minfo[39m[22m[49m: [STRT] System.Net.Http.Functional.Tests.HttpClientTest.MaxResponseContentBufferSize_ThrowsIfTooSmallForContent(maxSize: 1, contentLength: 127)
  [40m[32minfo[39m[22m[49m: [STRT] System.Net.Http.Functional.Tests.HttpClientTest.MaxResponseContentBufferSize_ThrowsIfTooSmallForContent(maxSize: 254, contentLength: 255)
  [40m[32minfo[39m[22m[49m: [STRT] System.Net.Http.Functional.Tests.HttpClientTest.MaxResponseContentBufferSize_ThrowsIfTooSmallForContent(maxSize: 10, contentLength: 256)
  [40m[32minfo[39m[22m[49m: [STRT] System.Net.Http.Functional.Tests.HttpClientTest.MaxResponseContentBufferSize_ThrowsIfTooSmallForContent(maxSize: 1, contentLength: 440)
  [40m[32minfo[39m[22m[49m: [STRT] System.Net.Http.Functional.Tests.HttpClientTest.MaxResponseContentBufferSize_ThrowsIfTooSmallForContent(maxSize: 2, contentLength: 1)
  [40m[32minfo[39m[22m[49m: [STRT] System.Net.Http.Functional.Tests.HttpClientTest.MaxResponseContentBufferSize_ThrowsIfTooSmallForContent(maxSize: 2, contentLength: 2)
  [40m[32minfo[39m[22m[49m: [STRT] System.Net.Http.Functional.Tests.HttpClientTest.MaxResponseContentBufferSize_ThrowsIfTooSmallForContent(maxSize: 1000, contentLength: 1000)
  [40m[32minfo[39m[22m[49m: [STRT] System.Net.Http.Functional.Tests.HttpClientTest.MaxResponseContentBufferSize_ThrowsIfTooSmallForContent(maxSize: 1000, contentLength: 2147483647)
  [40m[32minfo[39m[22m[49m: [STRT] System.Net.Http.Functional.Tests.HttpClientTest.MaxResponseContentBufferSize_ThrowsIfTooSmallForContent(maxSize: 1000, contentLength: 4294967294)
  [40m[32minfo[39m[22m[49m: [STRT] System.Net.Http.Functional.Tests.HttpClientTest.MaxResponseContentBufferSize_ThrowsIfTooSmallForContent(maxSize: 2147483647, contentLength: 2147483648)
  [40m[32minfo[39m[22m[49m: [STRT] System.Net.Http.Functional.Tests.HttpClientTest.GetAsync_CustomException_Synchronous_ThrowsException
  [40m[32minfo[39m[22m[49m: [STRT] System.Net.Http.Functional.Tests.HttpClientTest.MaxResponseContentBufferSize_Roundtrip_Equal
  [40m[32minfo[39m[22m[49m: [STRT] System.Net.Http.Functional.Tests.HttpClientTest.Timeout_CallerCanceledTokenAfterTimeout_TimeoutIsNotDetected(completionOption: ResponseContentRead)
  [40m[32minfo[39m[22m[49m: [STRT] System.Net.Http.Functional.Tests.HttpClientTest.Timeout_CallerCanceledTokenAfterTimeout_TimeoutIsNotDetected(completionOption: ResponseHeadersRead)
  [40m[32minfo[39m[22m[49m: [STRT] System.Net.Http.Functional.Tests.HttpClientTest.GetStreamAsync_Success
  [40m[32minfo[39m[22m[49m: [STRT] System.Net.Http.Functional.Tests.HttpClientTest.GetContentAsync_ErrorStatusCode_ExpectedExceptionThrown(withResponseContent: False)
  [40m[32minfo[39m[22m[49m: [STRT] System.Net.Http.Functional.Tests.HttpClientTest.GetContentAsync_ErrorStatusCode_ExpectedExceptionThrown(withResponseContent: True)
  [40m[32minfo[39m[22m[49m: [STRT] System.Net.Http.Functional.Tests.HttpClientTest.DefaultRequestHeaders_Idempotent
  [40m[32minfo[39m[22m[49m: [STRT] System.Net.Http.Functional.Tests.HttpClientTest.DefaultProxy_SetNull_Throws
  [40m[32minfo[39m[22m[49m: [STRT] System.Net.Http.Functional.Tests.HttpClientTest.GetAsync_BaseAddress_ValidUri_Success(uri: null)
  [40m[32minfo[39m[22m[49m: [STRT] System.Net.Http.Functional.Tests.HttpClientTest.GetAsync_BaseAddress_ValidUri_Success(uri: "/")
  [40m[32minfo[39m[22m[49m: [STRT] System.Net.Http.Functional.Tests.HttpClientTest.DefaultRequestVersion_InvalidArgument_Throws
  [40m[32minfo[39m[22m[49m: [STRT] System.Net.Http.Functional.Tests.HttpClientTest.Timeout_Roundtrip_Equal
  [40m[32minfo[39m[22m[49m: [STRT] System.Net.Http.Functional.Tests.HttpClientTest.GetStringAsync_CanBeCanceled
  [40m[32minfo[39m[22m[49m: [STRT] System.Net.Http.Functional.Tests.HttpClientTest.GetPutPostDeleteAsync_Canceled_Throws
  [40m[32minfo[39m[22m[49m: [STRT] System.Net.Http.Functional.Tests.HttpClientTest.DefaultRequestVersion_InitialValueExpected
  [40m[32minfo[39m[22m[49m: [STRT] System.Net.Http.Functional.Tests.HttpClientTest.GetContentAsync_SerializingContentThrows_Asynchronous_Throws
  [40m[32minfo[39m[22m[49m: [STRT] System.Net.Http.Functional.Tests.HttpClientTest.DefaultRequestVersion_Roundtrips
  [40m[32minfo[39m[22m[49m: [STRT] System.Net.Http.Functional.Tests.HttpClientTest.GetStringAsync_Success
  [40m[32minfo[39m[22m[49m: [STRT] System.Net.Http.Functional.Tests.HttpClientTest.DefaultRequestVersion_SetAfterUse_Throws
  [40m[32minfo[39m[22m[49m: [STRT] System.Net.Http.Functional.Tests.HttpClientTest.GetStreamAsync_CanBeCanceled_AlreadyCanceledCts
  [40m[32minfo[39m[22m[49m: [STRT] System.Net.Http.Functional.Tests.HttpClientTest.PatchAsync_Canceled_Throws
  [40m[32minfo[39m[22m[49m: [STRT] System.Net.Http.Functional.Tests.HttpClientTest.UnknownOperationCanceledException_NotWrappedInATimeoutException
  [40m[32minfo[39m[22m[49m: [STRT] System.Net.Http.Functional.Tests.HttpClientTest.BaseAddress_UnknownScheme_DoesNotThrow
  [40m[32minfo[39m[22m[49m: [STRT] System.Net.Http.Functional.Tests.HttpClientTest.GetContentAsync_SerializingContentThrows_Synchronous_Throws
  [40m[32minfo[39m[22m[49m: [STRT] System.Net.Http.Functional.Tests.HttpClientTest.Send_SingleThread_Succeeds(completionOption: ResponseContentRead)
  [40m[32minfo[39m[22m[49m: [STRT] System.Net.Http.Functional.Tests.HttpClientTest.Send_SingleThread_Succeeds(completionOption: ResponseHeadersRead)
  [40m[32minfo[39m[22m[49m: [STRT] System.Net.Http.Functional.Tests.HttpClientTest.GetPutPostDeleteAsync_Success
  [40m[32minfo[39m[22m[49m: [STRT] System.Net.Http.Functional.Tests.HttpClientTest.PatchAsync_Success
  [40m[32minfo[39m[22m[49m: [STRT] System.Net.Http.Functional.Tests.HttpClientTest.GetAsync_NoBaseAddress_InvalidUri_ThrowsException(uri: null)
  [40m[32minfo[39m[22m[49m: [STRT] System.Net.Http.Functional.Tests.HttpClientTest.GetAsync_NoBaseAddress_InvalidUri_ThrowsException(uri: "/something.html")
  [40m[32minfo[39m[22m[49m: [STRT] System.Net.Http.Functional.Tests.HttpClientTest.GetContentAsync_NullResponse_Throws
  [40m[32minfo[39m[22m[49m: [STRT] System.Net.Http.Functional.Tests.HttpClientTest.DefaultRequestVersion_UsedInCreatedMessages
  [40m[32minfo[39m[22m[49m: [STRT] System.Net.Http.Functional.Tests.HttpClientTest.Dispose_UsePatchAfterDispose_Throws
  [40m[32minfo[39m[22m[49m: [STRT] System.Net.Http.Functional.Tests.HttpClientTest.DefaultProxy_Credentials_SetGet_Roundtrips
  [40m[32minfo[39m[22m[49m: [STRT] System.Net.Http.Functional.Tests.HttpClientTest.MaxResponseContentBufferSize_OutOfRange_Throws
  [40m[32minfo[39m[22m[49m: [STRT] System.Net.Http.Functional.Tests.HttpClientTest.GetAsync_CustomException_Asynchronous_ThrowsException
  [40m[32minfo[39m[22m[49m: [STRT] System.Net.Http.Functional.Tests.HttpClientTest.BaseAddress_Roundtrip_Equal
  [40m[32minfo[39m[22m[49m: [STRT] System.Net.Http.Functional.Tests.HttpClientTest.GetStreamAsync_CanBeCanceled
  [40m[32minfo[39m[22m[49m: [STRT] System.Net.Http.Functional.Tests.HttpClientTest.GetByteArrayAsync_Success
  [40m[32minfo[39m[22m[49m: [STRT] System.Net.Http.Functional.Tests.HttpClientTest.GetByteArrayAsync_CanBeCanceled
  [40m[32minfo[39m[22m[49m: [STRT] System.Net.Http.Functional.Tests.HttpClientTest.GetContentAsync_NullResponseContent_ReturnsDefaultValue
  [40m[32minfo[39m[22m[49m: [STRT] System.Net.Http.Functional.Tests.HttpClientHandlerTest_Http1.SendAsync_HostHeader_First
  [40m[32minfo[39m[22m[49m: [STRT] System.Net.Http.Functional.Tests.SyncHttpHandler_PostScenarioTest.PostRewindableStreamContentMultipleTimes_StreamContentFullySent(remoteServer: (BaseUri: http://127.0.0.1:42257/, HttpVersion: 1.1))
  [40m[32minfo[39m[22m[49m: [STRT] System.Net.Http.Functional.Tests.SyncHttpHandler_PostScenarioTest.PostRewindableStreamContentMultipleTimes_StreamContentFullySent(remoteServer: (BaseUri: https://127.0.0.1:44881/, HttpVersion: 1.1))
  [40m[32minfo[39m[22m[49m: [STRT] System.Net.Http.Functional.Tests.SyncHttpHandler_PostScenarioTest.PostRewindableStreamContentMultipleTimes_StreamContentFullySent(remoteServer: (BaseUri: https://127.0.0.1:44881/, HttpVersion: 2.0))
  [40m[32minfo[39m[22m[49m: [STRT] System.Net.Http.Functional.Tests.SyncHttpHandler_PostScenarioTest.PostEmptyContentUsingContentLengthSemantics_Success(remoteServer: (BaseUri: http://127.0.0.1:42257/, HttpVersion: 1.1))
  [40m[32minfo[39m[22m[49m: [STRT] System.Net.Http.Functional.Tests.SyncHttpHandler_PostScenarioTest.PostEmptyContentUsingContentLengthSemantics_Success(remoteServer: (BaseUri: https://127.0.0.1:44881/, HttpVersion: 1.1))
  [40m[32minfo[39m[22m[49m: [STRT] System.Net.Http.Functional.Tests.SyncHttpHandler_PostScenarioTest.PostEmptyContentUsingContentLengthSemantics_Success(remoteServer: (BaseUri: https://127.0.0.1:44881/, HttpVersion: 2.0))
  [40m[32minfo[39m[22m[49m: [STRT] System.Net.Http.Functional.Tests.SyncHttpHandler_PostScenarioTest.PostUsingNoSpecifiedSemantics_UsesChunkedSemantics(remoteServer: (BaseUri: http://127.0.0.1:42257/, HttpVersion: 1.1))
  [40m[32minfo[39m[22m[49m: [STRT] System.Net.Http.Functional.Tests.SyncHttpHandler_PostScenarioTest.PostUsingNoSpecifiedSemantics_UsesChunkedSemantics(remoteServer: (BaseUri: https://127.0.0.1:44881/, HttpVersion: 1.1))
  [40m[32minfo[39m[22m[49m: [STRT] System.Net.Http.Functional.Tests.SyncHttpHandler_PostScenarioTest.PostUsingNoSpecifiedSemantics_UsesChunkedSemantics(remoteServer: (BaseUri: https://127.0.0.1:44881/, HttpVersion: 2.0))
  [40m[32minfo[39m[22m[49m: [STRT] System.Net.Http.Functional.Tests.SyncHttpHandler_PostScenarioTest.PostRepeatedFlushContentUsingChunkedEncoding_Success(remoteServer: (BaseUri: http://127.0.0.1:42257/, HttpVersion: 1.1))
  [40m[32minfo[39m[22m[49m: [STRT] System.Net.Http.Functional.Tests.SyncHttpHandler_PostScenarioTest.PostRepeatedFlushContentUsingChunkedEncoding_Success(remoteServer: (BaseUri: https://127.0.0.1:44881/, HttpVersion: 1.1))
  [40m[32minfo[39m[22m[49m: [STRT] System.Net.Http.Functional.Tests.SyncHttpHandler_PostScenarioTest.PostRepeatedFlushContentUsingChunkedEncoding_Success(remoteServer: (BaseUri: https://127.0.0.1:44881/, HttpVersion: 2.0))
  [40m[32minfo[39m[22m[49m: [STRT] System.Net.Http.Functional.Tests.SyncHttpHandler_PostScenarioTest.PostEmptyContentUsingChunkedEncoding_Success(remoteServer: (BaseUri: http://127.0.0.1:42257/, HttpVersion: 1.1))
  [40m[32minfo[39m[22m[49m: [STRT] System.Net.Http.Functional.Tests.SyncHttpHandler_PostScenarioTest.PostEmptyContentUsingChunkedEncoding_Success(remoteServer: (BaseUri: https://127.0.0.1:44881/, HttpVersion: 1.1))
  [40m[32minfo[39m[22m[49m: [STRT] System.Net.Http.Functional.Tests.SyncHttpHandler_PostScenarioTest.PostEmptyContentUsingChunkedEncoding_Success(remoteServer: (BaseUri: https://127.0.0.1:44881/, HttpVersion: 2.0))
  [40m[32minfo[39m[22m[49m: [STRT] System.Net.Http.Functional.Tests.SyncHttpHandler_PostScenarioTest.PostSyncBlockingContentUsingChunkedEncoding_Success(remoteServer: (BaseUri: http://127.0.0.1:42257/, HttpVersion: 1.1))
  [40m[32minfo[39m[22m[49m: [STRT] System.Net.Http.Functional.Tests.SyncHttpHandler_PostScenarioTest.PostSyncBlockingContentUsingChunkedEncoding_Success(remoteServer: (BaseUri: https://127.0.0.1:44881/, HttpVersion: 1.1))
  [40m[32minfo[39m[22m[49m: [STRT] System.Net.Http.Functional.Tests.SyncHttpHandler_PostScenarioTest.PostSyncBlockingContentUsingChunkedEncoding_Success(remoteServer: (BaseUri: https://127.0.0.1:44881/, HttpVersion: 2.0))
  [40m[32minfo[39m[22m[49m: [STRT] System.Net.Http.Functional.Tests.SyncHttpHandler_PostScenarioTest.PostLargeContentUsingContentLengthSemantics_Success(remoteServer: (BaseUri: http://127.0.0.1:42257/, HttpVersion: 1.1), contentLength: 5120)
  [40m[32minfo[39m[22m[49m: [STRT] System.Net.Http.Functional.Tests.SyncHttpHandler_PostScenarioTest.PostLargeContentUsingContentLengthSemantics_Success(remoteServer: (BaseUri: http://127.0.0.1:42257/, HttpVersion: 1.1), contentLength: 64512)
  [40m[32minfo[39m[22m[49m: [STRT] System.Net.Http.Functional.Tests.SyncHttpHandler_PostScenarioTest.PostLargeContentUsingContentLengthSemantics_Success(remoteServer: (BaseUri: http://127.0.0.1:42257/, HttpVersion: 1.1), contentLength: 132096)
  [40m[32minfo[39m[22m[49m: [STRT] System.Net.Http.Functional.Tests.SyncHttpHandler_PostScenarioTest.PostLargeContentUsingContentLengthSemantics_Success(remoteServer: (BaseUri: https://127.0.0.1:44881/, HttpVersion: 1.1), contentLength: 5120)
  [40m[32minfo[39m[22m[49m: [STRT] System.Net.Http.Functional.Tests.SyncHttpHandler_PostScenarioTest.PostLargeContentUsingContentLengthSemantics_Success(remoteServer: (BaseUri: https://127.0.0.1:44881/, HttpVersion: 1.1), contentLength: 64512)
  [40m[32minfo[39m[22m[49m: [STRT] System.Net.Http.Functional.Tests.SyncHttpHandler_PostScenarioTest.PostLargeContentUsingContentLengthSemantics_Success(remoteServer: (BaseUri: https://127.0.0.1:44881/, HttpVersion: 1.1), contentLength: 132096)
  [40m[32minfo[39m[22m[49m: [STRT] System.Net.Http.Functional.Tests.SyncHttpHandler_PostScenarioTest.PostLargeContentUsingContentLengthSemantics_Success(remoteServer: (BaseUri: https://127.0.0.1:44881/, HttpVersion: 2.0), contentLength: 5120)
  [40m[32minfo[39m[22m[49m: [STRT] System.Net.Http.Functional.Tests.SyncHttpHandler_PostScenarioTest.PostLargeContentUsingContentLengthSemantics_Success(remoteServer: (BaseUri: https://127.0.0.1:44881/, HttpVersion: 2.0), contentLength: 64512)
  [40m[32minfo[39m[22m[49m: [STRT] System.Net.Http.Functional.Tests.SyncHttpHandler_PostScenarioTest.PostLargeContentUsingContentLengthSemantics_Success(remoteServer: (BaseUri: https://127.0.0.1:44881/, HttpVersion: 2.0), contentLength: 132096)
  [40m[32minfo[39m[22m[49m: [STRT] System.Net.Http.Functional.Tests.SyncHttpHandler_PostScenarioTest.PostUsingUsingConflictingSemantics_UsesChunkedSemantics(remoteServer: (BaseUri: http://127.0.0.1:42257/, HttpVersion: 1.1))
  [40m[32minfo[39m[22m[49m: [STRT] System.Net.Http.Functional.Tests.SyncHttpHandler_PostScenarioTest.PostUsingUsingConflictingSemantics_UsesChunkedSemantics(remoteServer: (BaseUri: https://127.0.0.1:44881/, HttpVersion: 1.1))
  [40m[32minfo[39m[22m[49m: [STRT] System.Net.Http.Functional.Tests.SyncHttpHandler_PostScenarioTest.PostUsingUsingConflictingSemantics_UsesChunkedSemantics(remoteServer: (BaseUri: https://127.0.0.1:44881/, HttpVersion: 2.0))
  [40m[32minfo[39m[22m[49m: [STRT] System.Net.Http.Functional.Tests.SyncHttpHandler_PostScenarioTest.PostUsingContentLengthSemantics_Success(remoteServer: (BaseUri: http://127.0.0.1:42257/, HttpVersion: 1.1))
  [40m[32minfo[39m[22m[49m: [STRT] System.Net.Http.Functional.Tests.SyncHttpHandler_PostScenarioTest.PostUsingContentLengthSemantics_Success(remoteServer: (BaseUri: https://127.0.0.1:44881/, HttpVersion: 1.1))
  [40m[32minfo[39m[22m[49m: [STRT] System.Net.Http.Functional.Tests.SyncHttpHandler_PostScenarioTest.PostUsingContentLengthSemantics_Success(remoteServer: (BaseUri: https://127.0.0.1:44881/, HttpVersion: 2.0))
  [40m[32minfo[39m[22m[49m: [STRT] System.Net.Http.Functional.Tests.SyncHttpHandler_PostScenarioTest.PostNoContentUsingContentLengthSemantics_Success(remoteServer: (BaseUri: http://127.0.0.1:42257/, HttpVersion: 1.1))
  [40m[32minfo[39m[22m[49m: [STRT] System.Net.Http.Functional.Tests.SyncHttpHandler_PostScenarioTest.PostNoContentUsingContentLengthSemantics_Success(remoteServer: (BaseUri: https://127.0.0.1:44881/, HttpVersion: 1.1))
  [40m[32minfo[39m[22m[49m: [STRT] System.Net.Http.Functional.Tests.SyncHttpHandler_PostScenarioTest.PostNoContentUsingContentLengthSemantics_Success(remoteServer: (BaseUri: https://127.0.0.1:44881/, HttpVersion: 2.0))
  [40m[32minfo[39m[22m[49m: [STRT] System.Net.Http.Functional.Tests.SyncHttpHandler_PostScenarioTest.PostEmptyContentUsingConflictingSemantics_Success(remoteServer: (BaseUri: http://127.0.0.1:42257/, HttpVersion: 1.1))
  [40m[32minfo[39m[22m[49m: [STRT] System.Net.Http.Functional.Tests.SyncHttpHandler_PostScenarioTest.PostEmptyContentUsingConflictingSemantics_Success(remoteServer: (BaseUri: https://127.0.0.1:44881/, HttpVersion: 1.1))
  [40m[32minfo[39m[22m[49m: [STRT] System.Net.Http.Functional.Tests.SyncHttpHandler_PostScenarioTest.PostEmptyContentUsingConflictingSemantics_Success(remoteServer: (BaseUri: https://127.0.0.1:44881/, HttpVersion: 2.0))
  [40m[32minfo[39m[22m[49m: [STRT] System.Net.Http.Functional.Tests.SyncHttpHandler_PostScenarioTest.PostUsingChunkedEncoding_Success(remoteServer: (BaseUri: http://127.0.0.1:42257/, HttpVersion: 1.1))
  [40m[32minfo[39m[22m[49m: [STRT] System.Net.Http.Functional.Tests.SyncHttpHandler_PostScenarioTest.PostUsingChunkedEncoding_Success(remoteServer: (BaseUri: https://127.0.0.1:44881/, HttpVersion: 1.1))
  [40m[32minfo[39m[22m[49m: [STRT] System.Net.Http.Functional.Tests.SyncHttpHandler_PostScenarioTest.PostUsingChunkedEncoding_Success(remoteServer: (BaseUri: https://127.0.0.1:44881/, HttpVersion: 2.0))
  [40m[32minfo[39m[22m[49m: [STRT] System.Net.Http.Functional.Tests.SyncHttpHandler_PostScenarioTest.PostAsync_EmptyContent_ContentTypeHeaderNotSent(remoteServer: (BaseUri: http://127.0.0.1:42257/, HttpVersion: 1.1))
  [40m[32minfo[39m[22m[49m: [STRT] System.Net.Http.Functional.Tests.SyncHttpHandler_PostScenarioTest.PostAsync_EmptyContent_ContentTypeHeaderNotSent(remoteServer: (BaseUri: https://127.0.0.1:44881/, HttpVersion: 1.1))
  [40m[32minfo[39m[22m[49m: [STRT] System.Net.Http.Functional.Tests.SyncHttpHandler_PostScenarioTest.PostAsync_EmptyContent_ContentTypeHeaderNotSent(remoteServer: (BaseUri: https://127.0.0.1:44881/, HttpVersion: 2.0))
  [40m[32minfo[39m[22m[49m: [STRT] System.Net.Http.Functional.Tests.HttpMessageInvokerTest.Constructor_Null_ThrowsArgumentNullException
  [40m[32minfo[39m[22m[49m: [STRT] System.Net.Http.Functional.Tests.HttpMessageInvokerTest.SendAsync_Null_ThrowsArgumentNullException
  [40m[32minfo[39m[22m[49m: [STRT] System.Net.Http.Functional.Tests.HttpMessageInvokerTest.Dispose_DontDisposeHandler_HandlerNotDisposed
  [40m[32minfo[39m[22m[49m: [STRT] System.Net.Http.Functional.Tests.HttpMessageInvokerTest.Dispose_DisposeHandler_HandlerDisposed
  [40m[32minfo[39m[22m[49m: [STRT] System.Net.Http.Functional.Tests.HttpMessageInvokerTest.SendAsync_Request_HandlerInvoked
  [40m[32minfo[39m[22m[49m: [STRT] System.Net.Http.Functional.Tests.DelegatingHandlerTest.Ctor_CreateDisposeAssign_ThrowsObjectDisposedException
  [40m[32minfo[39m[22m[49m: [STRT] System.Net.Http.Functional.Tests.DelegatingHandlerTest.Ctor_NullInnerHandler_ThrowsArgumentNullException
  [40m[32minfo[39m[22m[49m: [STRT] System.Net.Http.Functional.Tests.DelegatingHandlerTest.SendAsync_SetInnerHandlerAfterCallMethod_ThrowsInvalidOperationException
  [40m[32minfo[39m[22m[49m: [STRT] System.Net.Http.Functional.Tests.DelegatingHandlerTest.SendAsync_CallMethod_InnerHandlerSendAsyncIsCalled
  [40m[32minfo[39m[22m[49m: [STRT] System.Net.Http.Functional.Tests.DelegatingHandlerTest.Ctor_SetNullInnerHandler_ThrowsArgumentNullException
  [40m[32minfo[39m[22m[49m: [STRT] System.Net.Http.Functional.Tests.DelegatingHandlerTest.SendAsync_NullRequest_ThrowsArgumentNullException
  [40m[32minfo[39m[22m[49m: [STRT] System.Net.Http.Functional.Tests.DelegatingHandlerTest.SendAsync_CallMethodWithoutSettingInnerHandler_ThrowsInvalidOperationException
  [40m[32minfo[39m[22m[49m: [STRT] System.Net.Http.Functional.Tests.DelegatingHandlerTest.SendAsync_Disposed_Throws
  [40m[32minfo[39m[22m[49m: [STRT] System.Net.Http.Functional.Tests.DelegatingHandlerTest.SendAsync_SetInnerHandlerTwiceCallMethod_SecondInnerHandlerSendIsCalled
  [40m[32minfo[39m[22m[49m: [STRT] System.Net.Http.Functional.Tests.DelegatingHandlerTest.Ctor_CreateDispose_Success
  [40m[32minfo[39m[22m[49m: [STRT] System.Net.Http.Functional.Tests.DelegatingHandlerTest.SendAsync_WithoutSettingInnerHandlerCallMethod_ThrowsInvalidOperationException
  [40m[32minfo[39m[22m[49m: [STRT] System.Net.Http.Functional.Tests.DelegatingHandlerTest.Dispose_CallDispose_OverriddenDisposeMethodCalled
  [40m[32minfo[39m[22m[49m: [STRT] System.Net.Http.Functional.Tests.DelegatingHandlerTest.SendAsync_SetInnerHandlerCallMethod_InnerHandlerSendIsCalled
  [40m[32minfo[39m[22m[49m: [STRT] System.Net.Http.Functional.Tests.DelegatingHandlerTest.Dispose_CallDisposeMultipleTimes_OverriddenDisposeMethodCalled
  [40m[32minfo[39m[22m[49m: [STRT] System.Net.Http.Functional.Tests.SocketsHttpHandler_DiagnosticsTest_Http2.SendAsync_ExpectedDiagnosticSourceNoLogging
  [40m[32minfo[39m[22m[49m: [STRT] System.Net.Http.Functional.Tests.SocketsHttpHandler_DiagnosticsTest_Http2.SendAsync_ExpectedDiagnosticExceptionLogging
  [40m[32minfo[39m[22m[49m: [STRT] System.Net.Http.Functional.Tests.SocketsHttpHandler_DiagnosticsTest_Http2.SendAsync_CustomSocketsHttpHandlerPropagator_PropagatorIsUsed
  [40m[32minfo[39m[22m[49m: [STRT] System.Net.Http.Functional.Tests.SocketsHttpHandler_DiagnosticsTest_Http2.SendAsync_ExpectedDiagnosticExceptionOnlyActivityLogging
  [40m[32minfo[39m[22m[49m: [STRT] System.Net.Http.Functional.Tests.SocketsHttpHandler_DiagnosticsTest_Http2.SendAsync_ExpectedDiagnosticSourceActivityLogging
  [40m[32minfo[39m[22m[49m: [STRT] System.Net.Http.Functional.Tests.SocketsHttpHandler_DiagnosticsTest_Http2.SendAsync_ExpectedDiagnosticSourceUrlFilteredActivityLogging
  [40m[32minfo[39m[22m[49m: [STRT] System.Net.Http.Functional.Tests.SocketsHttpHandler_DiagnosticsTest_Http2.SendAsync_SuppressedGlobalStaticPropagationNoListenerAppCtx
  [40m[32minfo[39m[22m[49m: [STRT] System.Net.Http.Functional.Tests.SocketsHttpHandler_DiagnosticsTest_Http2.SendAsync_HeadersAreInjectedOnRedirects
  [40m[32minfo[39m[22m[49m: [STRT] System.Net.Http.Functional.Tests.SocketsHttpHandler_DiagnosticsTest_Http2.SendAsync_ExpectedDiagnosticSourceActivityLoggingDoesNotOverwriteHeader
  [40m[32minfo[39m[22m[49m: [STRT] System.Net.Http.Functional.Tests.SocketsHttpHandler_DiagnosticsTest_Http2.EventSource_ExistsWithCorrectId
  [40m[32minfo[39m[22m[49m: [STRT] System.Net.Http.Functional.Tests.SocketsHttpHandler_DiagnosticsTest_Http2.SendAsync_DiagnosticListener_ExpectedTagsRecorded
  [40m[32minfo[39m[22m[49m: [STRT] System.Net.Http.Functional.Tests.SocketsHttpHandler_DiagnosticsTest_Http2.SendAsync_OperationCanceledException_RecordsActivitiesWithCorrectErrorInfo
  [40m[32minfo[39m[22m[49m: [STRT] System.Net.Http.Functional.Tests.SocketsHttpHandler_DiagnosticsTest_Http2.SendAsync_ExpectedDiagnosticCancelledLogging
  [40m[32minfo[39m[22m[49m: [STRT] System.Net.Http.Functional.Tests.SocketsHttpHandler_DiagnosticsTest_Http2.SendAsync_PropagatorInjectsInvalidHeaders_Throws
  [40m[32minfo[39m[22m[49m: [STRT] System.Net.Http.Functional.Tests.SocketsHttpHandler_DiagnosticsTest_Http2.SendAsync_ExpectedDiagnosticSourceNewAndDeprecatedEventsLogging
  [40m[32minfo[39m[22m[49m: [STRT] System.Net.Http.Functional.Tests.SocketsHttpHandler_DiagnosticsTest_Http2.SendAsync_DoNotSampleAllData_NoTagsRecorded
  [40m[32minfo[39m[22m[49m: [STRT] System.Net.Http.Functional.Tests.SocketsHttpHandler_DiagnosticsTest_Http2.SendAsync_ExpectedDiagnosticSourceLogging
  [40m[32minfo[39m[22m[49m: [STRT] System.Net.Http.Functional.Tests.SocketsHttpHandler_DiagnosticsTest_Http2.SendAsync_ActivityIsCreatedIfRequested
  [40m[32minfo[39m[22m[49m: [STRT] System.Net.Http.Functional.Tests.SocketsHttpHandler_DiagnosticsTest_Http2.SendAsync_Success_ConnectionSetupActivityGraphRecorded
  [40m[32minfo[39m[22m[49m: [STRT] System.Net.Http.Functional.Tests.SocketsHttpHandler_DiagnosticsTest_Http2.UseIPAddressInTargetUri_NoProxy_RecordsHostHeaderAsServerAddress
  [40m[32minfo[39m[22m[49m: [STRT] System.Net.Http.Functional.Tests.SocketsHttpHandler_DiagnosticsTest_Http2.SendAsync_HttpTracingEnabled_Succeeds
  [40m[32minfo[39m[22m[49m: [STRT] System.Net.Http.Functional.Tests.SocketsHttpHandler_DiagnosticsTest_Http2.SendAsync_ExpectedDiagnosticExceptionActivityLogging
  [40m[32minfo[39m[22m[49m: [STRT] System.Net.Http.Functional.Tests.SocketsHttpHandler_DiagnosticsTest_Http2.SendAsync_ExpectedDiagnosticSourceActivityLogging_InvalidBaggage
  [40m[32minfo[39m[22m[49m: [STRT] System.Net.Http.Functional.Tests.SocketsHttpHandler_DiagnosticsTest_Http2.UseIPAddressInTargetUri_ProxyTunnel
  [40m[32minfo[39m[22m[49m: [STRT] System.Net.Http.Functional.Tests.SocketsHttpHandler_DiagnosticsTest_Http2.SendAsync_ConnectionFailure_RecordsActivitiesWithCorrectErrorInfo
  [40m[32minfo[39m[22m[49m: [STRT] System.Net.Http.Functional.Tests.SocketsHttpHandler_DiagnosticsTest_Http2.Http3_WaitForConnection_RecordedWhenWaitingForStream
  [40m[32minfo[39m[22m[49m: [STRT] System.Net.Http.Functional.Tests.SocketsHttpHandler_DiagnosticsTest_Http2.SendAsync_ExpectedDiagnosticSourceActivityLoggingDoesNotOverwriteW3CTraceParentHeader
  [40m[32minfo[39m[22m[49m: [STRT] System.Net.Http.Functional.Tests.SocketsHttpHandler_DiagnosticsTest_Http2.SendAsync_ReuseRequestInHandler_ResetsHeadersForEachReuse
  [40m[32minfo[39m[22m[49m: [STRT] System.Net.Http.Functional.Tests.SocketsHttpHandler_DiagnosticsTest_Http2.SendAsync_SuppressedGlobalStaticPropagationEnvVar
  [40m[32minfo[39m[22m[49m: [STRT] System.Net.Http.Functional.Tests.SocketsHttpHandler_DiagnosticsTest_Http2.SendAsync_ActivitySource_ExpectedTagsRecorded
  [40m[32minfo[39m[22m[49m: [STRT] System.Net.Http.Functional.Tests.HttpMethodTest.Ctor_ValidMethodToken_Success
  [40m[32minfo[39m[22m[49m: [STRT] System.Net.Http.Functional.Tests.HttpMethodTest.Ctor_NullMethod_Exception
  [40m[32minfo[39m[22m[49m: [STRT] System.Net.Http.Functional.Tests.HttpMethodTest.Parse_KnownMethod_UsesKnownInstances(method: CONNECT, methodName: "Connect")
  [40m[32minfo[39m[22m[49m: [STRT] System.Net.Http.Functional.Tests.HttpMethodTest.Parse_KnownMethod_UsesKnownInstances(method: DELETE, methodName: "Delete")
  [40m[32minfo[39m[22m[49m: [STRT] System.Net.Http.Functional.Tests.HttpMethodTest.Parse_KnownMethod_UsesKnownInstances(method: GET, methodName: "Get")
  [40m[32minfo[39m[22m[49m: [STRT] System.Net.Http.Functional.Tests.HttpMethodTest.Parse_KnownMethod_UsesKnownInstances(method: HEAD, methodName: "Head")
  [40m[32minfo[39m[22m[49m: [STRT] System.Net.Http.Functional.Tests.HttpMethodTest.Parse_KnownMethod_UsesKnownInstances(method: OPTIONS, methodName: "Options")
  [40m[32minfo[39m[22m[49m: [STRT] System.Net.Http.Functional.Tests.HttpMethodTest.Parse_KnownMethod_UsesKnownInstances(method: PATCH, methodName: "Patch")
  [40m[32minfo[39m[22m[49m: [STRT] System.Net.Http.Functional.Tests.HttpMethodTest.Parse_KnownMethod_UsesKnownInstances(method: POST, methodName: "Post")
  [40m[32minfo[39m[22m[49m: [STRT] System.Net.Http.Functional.Tests.HttpMethodTest.Parse_KnownMethod_UsesKnownInstances(method: PUT, methodName: "Put")
  [40m[32minfo[39m[22m[49m: [STRT] System.Net.Http.Functional.Tests.HttpMethodTest.Parse_KnownMethod_UsesKnownInstances(method: QUERY, methodName: "Query")
  [40m[32minfo[39m[22m[49m: [STRT] System.Net.Http.Functional.Tests.HttpMethodTest.Parse_KnownMethod_UsesKnownInstances(method: TRACE, methodName: "Trace")
  [40m[32minfo[39m[22m[49m: [STRT] System.Net.Http.Functional.Tests.HttpMethodTest.Method_AccessProperty_MatchesCtorString
  [40m[32minfo[39m[22m[49m: [STRT] System.Net.Http.Functional.Tests.HttpMethodTest.Equals_DifferentComparisonMethodsForSameMethods_MethodsConsideredEqual
  [40m[32minfo[39m[22m[49m: [STRT] System.Net.Http.Functional.Tests.HttpMethodTest.GetHashCode_DifferentlyCasedMethod_SameHashCode
  [40m[32minfo[39m[22m[49m: [STRT] System.Net.Http.Functional.Tests.HttpMethodTest.Parse_UnknownMethod_UsesNewInstances(method: "Unknown")
  [40m[32minfo[39m[22m[49m: [STRT] System.Net.Http.Functional.Tests.HttpMethodTest.Parse_UnknownMethod_UsesNewInstances(method: "custom")
  [40m[32minfo[39m[22m[49m: [STRT] System.Net.Http.Functional.Tests.HttpMethodTest.Patch_VerifyValue_PropertyNameMatchesHttpMethodName
  [40m[32minfo[39m[22m[49m: [STRT] System.Net.Http.Functional.Tests.HttpMethodTest.GetHashCode_CustomStringMethod_SameAsStringToUpperInvariantHashCode(input: "GET")
  [40m[32minfo[39m[22m[49m: [STRT] System.Net.Http.Functional.Tests.HttpMethodTest.GetHashCode_CustomStringMethod_SameAsStringToUpperInvariantHashCode(input: "get")
  [40m[32minfo[39m[22m[49m: [STRT] System.Net.Http.Functional.Tests.HttpMethodTest.GetHashCode_CustomStringMethod_SameAsStringToUpperInvariantHashCode(input: "Get")
  [40m[32minfo[39m[22m[49m: [STRT] System.Net.Http.Functional.Tests.HttpMethodTest.GetHashCode_CustomStringMethod_SameAsStringToUpperInvariantHashCode(input: "CUSTOM")
  [40m[32minfo[39m[22m[49m: [STRT] System.Net.Http.Functional.Tests.HttpMethodTest.GetHashCode_CustomStringMethod_SameAsStringToUpperInvariantHashCode(input: "cUsToM")
  [40m[32minfo[39m[22m[49m: [STRT] System.Net.Http.Functional.Tests.HttpMethodTest.StaticProperties_VerifyValues_PropertyNameMatchesHttpMethodName
  [40m[32minfo[39m[22m[49m: [STRT] System.Net.Http.Functional.Tests.HttpMethodTest.Equals_CompareWithMethodCastedToObject_ReturnsTrue
  [40m[32minfo[39m[22m[49m: [STRT] System.Net.Http.Functional.Tests.HttpMethodTest.GetHashCode_StaticMethods_SameAsStringToUpperInvariantHashCode(method: GET)
  [40m[32minfo[39m[22m[49m: [STRT] System.Net.Http.Functional.Tests.HttpMethodTest.GetHashCode_StaticMethods_SameAsStringToUpperInvariantHashCode(method: PUT)
  [40m[32minfo[39m[22m[49m: [STRT] System.Net.Http.Functional.Tests.HttpMethodTest.GetHashCode_StaticMethods_SameAsStringToUpperInvariantHashCode(method: POST)
  [40m[32minfo[39m[22m[49m: [STRT] System.Net.Http.Functional.Tests.HttpMethodTest.GetHashCode_StaticMethods_SameAsStringToUpperInvariantHashCode(method: DELETE)
  [40m[32minfo[39m[22m[49m: [STRT] System.Net.Http.Functional.Tests.HttpMethodTest.GetHashCode_StaticMethods_SameAsStringToUpperInvariantHashCode(method: HEAD)
  [40m[32minfo[39m[22m[49m: [STRT] System.Net.Http.Functional.Tests.HttpMethodTest.GetHashCode_StaticMethods_SameAsStringToUpperInvariantHashCode(method: OPTIONS)
  [40m[32minfo[39m[22m[49m: [STRT] System.Net.Http.Functional.Tests.HttpMethodTest.GetHashCode_StaticMethods_SameAsStringToUpperInvariantHashCode(method: TRACE)
  [40m[32minfo[39m[22m[49m: [STRT] System.Net.Http.Functional.Tests.HttpMethodTest.GetHashCode_StaticMethods_SameAsStringToUpperInvariantHashCode(method: PATCH)
  [40m[32minfo[39m[22m[49m: [STRT] System.Net.Http.Functional.Tests.HttpMethodTest.Ctor_SeparatorInMethod_Exception(separator: '(')
  [40m[32minfo[39m[22m[49m: [STRT] System.Net.Http.Functional.Tests.HttpMethodTest.Ctor_SeparatorInMethod_Exception(separator: ')')
  [40m[32minfo[39m[22m[49m: [STRT] System.Net.Http.Functional.Tests.HttpMethodTest.Ctor_SeparatorInMethod_Exception(separator: '<')
  [40m[32minfo[39m[22m[49m: [STRT] System.Net.Http.Functional.Tests.HttpMethodTest.Ctor_SeparatorInMethod_Exception(separator: '>')
  [40m[32minfo[39m[22m[49m: [STRT] System.Net.Http.Functional.Tests.HttpMethodTest.Ctor_SeparatorInMethod_Exception(separator: '@')
  [40m[32minfo[39m[22m[49m: [STRT] System.Net.Http.Functional.Tests.HttpMethodTest.Ctor_SeparatorInMethod_Exception(separator: ',')
  [40m[32minfo[39m[22m[49m: [STRT] System.Net.Http.Functional.Tests.HttpMethodTest.Ctor_SeparatorInMethod_Exception(separator: ';')
  [40m[32minfo[39m[22m[49m: [STRT] System.Net.Http.Functional.Tests.HttpMethodTest.Ctor_SeparatorInMethod_Exception(separator: ':')
  [40m[32minfo[39m[22m[49m: [STRT] System.Net.Http.Functional.Tests.HttpMethodTest.Ctor_SeparatorInMethod_Exception(separator: '\\')
  [40m[32minfo[39m[22m[49m: [STRT] System.Net.Http.Functional.Tests.HttpMethodTest.Ctor_SeparatorInMethod_Exception(separator: '"')
  [40m[32minfo[39m[22m[49m: [STRT] System.Net.Http.Functional.Tests.HttpMethodTest.Ctor_SeparatorInMethod_Exception(separator: '/')
  [40m[32minfo[39m[22m[49m: [STRT] System.Net.Http.Functional.Tests.HttpMethodTest.Ctor_SeparatorInMethod_Exception(separator: '[')
  [40m[32minfo[39m[22m[49m: [STRT] System.Net.Http.Functional.Tests.HttpMethodTest.Ctor_SeparatorInMethod_Exception(separator: ']')
  [40m[32minfo[39m[22m[49m: [STRT] System.Net.Http.Functional.Tests.HttpMethodTest.Parse_Whitespace_ThrowsArgumentException(method: "")
  [40m[32minfo[39m[22m[49m: [STRT] System.Net.Http.Functional.Tests.HttpMethodTest.Parse_Whitespace_ThrowsArgumentException(method: "    ")
  [40m[32minfo[39m[22m[49m: [STRT] System.Net.Http.Functional.Tests.HttpMethodTest.ToString_UseCustomStringMethod_SameAsString
  [40m[32minfo[39m[22m[49m: [STRT] System.Net.Http.Functional.Tests.HttpMethodTest.Equals_NullComparand_ReturnsFalse
  [40m[32minfo[39m[22m[49m: [STRT] System.Net.Http.Functional.Tests.HttpMethodTest.Parse_InvalidToken_Throws(method: "  GET  ")
  [40m[32minfo[39m[22m[49m: [STRT] System.Net.Http.Functional.Tests.HttpMethodTest.Parse_InvalidToken_Throws(method: " Post")
  [40m[32minfo[39m[22m[49m: [STRT] System.Net.Http.Functional.Tests.HttpMethodTest.Parse_InvalidToken_Throws(method: "Put ")
  [40m[32minfo[39m[22m[49m: [STRT] System.Net.Http.Functional.Tests.HttpMethodTest.Parse_InvalidToken_Throws(method: "multiple things")
  [40m[32minfo[39m[22m[49m: [STRT] System.Net.Http.Functional.Tests.SocketsHttpHandler_HttpClientHandlerTest.MaxRequestContentBufferSize_SetInvalidValue_ThrowsArgumentOutOfRangeException(value: -1)
  [40m[32minfo[39m[22m[49m: [STRT] System.Net.Http.Functional.Tests.SocketsHttpHandler_HttpClientHandlerTest.MaxRequestContentBufferSize_SetInvalidValue_ThrowsArgumentOutOfRangeException(value: 2147483648)
  [40m[32minfo[39m[22m[49m: [STRT] System.Net.Http.Functional.Tests.SocketsHttpHandler_HttpClientHandlerTest.Properties_AddItemToDictionary_ItemPresent
  [40m[32minfo[39m[22m[49m: [STRT] System.Net.Http.Functional.Tests.SocketsHttpHandler_HttpClientHandlerTest.SendRequest_UriPathHasReservedChars_ServerReceivedExpectedPath
  [40m[32minfo[39m[22m[49m: [STRT] System.Net.Http.Functional.Tests.SocketsHttpHandler_HttpClientHandlerTest.Dispose_DisposingHandlerCancelsActiveOperationsWithoutResponses
  [40m[32minfo[39m[22m[49m: [STRT] System.Net.Http.Functional.Tests.SocketsHttpHandler_HttpClientHandlerTest.GetAsync_IncompleteData_ThrowsHttpRequestException(failDuringHeaders: False, getString: False)
  [40m[32minfo[39m[22m[49m: [STRT] System.Net.Http.Functional.Tests.SocketsHttpHandler_HttpClientHandlerTest.GetAsync_IncompleteData_ThrowsHttpRequestException(failDuringHeaders: True, getString: False)
  [40m[32minfo[39m[22m[49m: [STRT] System.Net.Http.Functional.Tests.SocketsHttpHandler_HttpClientHandlerTest.GetAsync_IncompleteData_ThrowsHttpRequestException(failDuringHeaders: False, getString: True)
  [40m[32minfo[39m[22m[49m: [STRT] System.Net.Http.Functional.Tests.SocketsHttpHandler_HttpClientHandlerTest.GetAsync_IncompleteData_ThrowsHttpRequestException(failDuringHeaders: True, getString: True)
  [40m[32minfo[39m[22m[49m: [STRT] System.Net.Http.Functional.Tests.SocketsHttpHandler_HttpClientHandlerTest.ReadAsStreamAsync_StreamingCancellation
  [40m[32minfo[39m[22m[49m: [STRT] System.Net.Http.Functional.Tests.SocketsHttpHandler_HttpClientHandlerTest.SendAsync_RequestVersion20_HttpNotHttps_NoUpgradeRequest
  [40m[32minfo[39m[22m[49m: [STRT] System.Net.Http.Functional.Tests.SocketsHttpHandler_HttpClientHandlerTest.PostAsync_ThrowFromContentCopy_RequestFails(syncFailure: False, enableWasmStreaming: False)
  [40m[32minfo[39m[22m[49m: [STRT] System.Net.Http.Functional.Tests.SocketsHttpHandler_HttpClientHandlerTest.PostAsync_ThrowFromContentCopy_RequestFails(syncFailure: False, enableWasmStreaming: True)
  [40m[32minfo[39m[22m[49m: [STRT] System.Net.Http.Functional.Tests.SocketsHttpHandler_HttpClientHandlerTest.PostAsync_ThrowFromContentCopy_RequestFails(syncFailure: True, enableWasmStreaming: False)
  [40m[32minfo[39m[22m[49m: [STRT] System.Net.Http.Functional.Tests.SocketsHttpHandler_HttpClientHandlerTest.PostAsync_ThrowFromContentCopy_RequestFails(syncFailure: True, enableWasmStreaming: True)
  [40m[32minfo[39m[22m[49m: [STRT] System.Net.Http.Functional.Tests.SocketsHttpHandler_HttpClientHandlerTest.ReadAsStreamAsync_HandlerProducesWellBehavedResponseStream(chunked: True, enableWasmStreaming: True, slowChunks: True)
  [40m[32minfo[39m[22m[49m: [STRT] System.Net.Http.Functional.Tests.SocketsHttpHandler_HttpClientHandlerTest.ReadAsStreamAsync_HandlerProducesWellBehavedResponseStream(chunked: True, enableWasmStreaming: True, slowChunks: False)
  [40m[32minfo[39m[22m[49m: [STRT] System.Net.Http.Functional.Tests.SocketsHttpHandler_HttpClientHandlerTest.ReadAsStreamAsync_HandlerProducesWellBehavedResponseStream(chunked: True, enableWasmStreaming: False, slowChunks: False)
  [40m[32minfo[39m[22m[49m: [STRT] System.Net.Http.Functional.Tests.SocketsHttpHandler_HttpClientHandlerTest.ReadAsStreamAsync_HandlerProducesWellBehavedResponseStream(chunked: False, enableWasmStreaming: True, slowChunks: False)
  [40m[32minfo[39m[22m[49m: [STRT] System.Net.Http.Functional.Tests.SocketsHttpHandler_HttpClientHandlerTest.ReadAsStreamAsync_HandlerProducesWellBehavedResponseStream(chunked: False, enableWasmStreaming: False, slowChunks: False)
  [40m[32minfo[39m[22m[49m: [STRT] System.Net.Http.Functional.Tests.SocketsHttpHandler_HttpClientHandlerTest.ReadAsStreamAsync_HandlerProducesWellBehavedResponseStream(chunked: null, enableWasmStreaming: False, slowChunks: False)
  [40m[32minfo[39m[22m[49m: [STRT] System.Net.Http.Functional.Tests.SocketsHttpHandler_HttpClientHandlerTest.CookieContainer_SetNull_ThrowsArgumentNullException
  [40m[32minfo[39m[22m[49m: [STRT] System.Net.Http.Functional.Tests.SocketsHttpHandler_HttpClientHandlerTest.GetAsync_SecureAndNonSecureIPBasedUri_CorrectlyFormatted(address: 127.0.0.1, useSsl: False)
  [40m[32minfo[39m[22m[49m: [STRT] System.Net.Http.Functional.Tests.SocketsHttpHandler_HttpClientHandlerTest.GetAsync_SecureAndNonSecureIPBasedUri_CorrectlyFormatted(address: ::1, useSsl: False)
  [40m[32minfo[39m[22m[49m: [STRT] System.Net.Http.Functional.Tests.SocketsHttpHandler_HttpClientHandlerTest.GetAsync_InfiniteChunkSize_ThrowsHttpRequestException
  [40m[32minfo[39m[22m[49m: [STRT] System.Net.Http.Functional.Tests.SocketsHttpHandler_HttpClientHandlerTest.GetAsync_IPBasedUri_Success(address: 127.0.0.1)
  [40m[32minfo[39m[22m[49m: [STRT] System.Net.Http.Functional.Tests.SocketsHttpHandler_HttpClientHandlerTest.GetAsync_IPBasedUri_Success(address: ::1)
  [40m[32minfo[39m[22m[49m: [STRT] System.Net.Http.Functional.Tests.SocketsHttpHandler_HttpClientHandlerTest.GetAsync_InvalidUrl_ExpectedExceptionThrown
  [40m[32minfo[39m[22m[49m: [STRT] System.Net.Http.Functional.Tests.SocketsHttpHandler_HttpClientHandlerTest.ReadAsStreamAsync_Cancellation
  [40m[32minfo[39m[22m[49m: [STRT] System.Net.Http.Functional.Tests.SocketsHttpHandler_HttpClientHandlerTest.GetAsync_ManyDifferentResponseHeaders_ParsedCorrectly(newline: "\n", fold: "", dribble: False)
  [40m[32minfo[39m[22m[49m: [STRT] System.Net.Http.Functional.Tests.SocketsHttpHandler_HttpClientHandlerTest.GetAsync_ManyDifferentResponseHeaders_ParsedCorrectly(newline: "\n", fold: "", dribble: True)
  [40m[32minfo[39m[22m[49m: [STRT] System.Net.Http.Functional.Tests.SocketsHttpHandler_HttpClientHandlerTest.GetAsync_ManyDifferentResponseHeaders_ParsedCorrectly(newline: "\n", fold: "\n ", dribble: False)
  [40m[32minfo[39m[22m[49m: [STRT] System.Net.Http.Functional.Tests.SocketsHttpHandler_HttpClientHandlerTest.GetAsync_ManyDifferentResponseHeaders_ParsedCorrectly(newline: "\n", fold: "\n ", dribble: True)
  [40m[32minfo[39m[22m[49m: [STRT] System.Net.Http.Functional.Tests.SocketsHttpHandler_HttpClientHandlerTest.GetAsync_ManyDifferentResponseHeaders_ParsedCorrectly(newline: "\n", fold: "\n\t", dribble: False)
  [40m[32minfo[39m[22m[49m: [STRT] System.Net.Http.Functional.Tests.SocketsHttpHandler_HttpClientHandlerTest.GetAsync_ManyDifferentResponseHeaders_ParsedCorrectly(newline: "\n", fold: "\n\t", dribble: True)
  [40m[32minfo[39m[22m[49m: [STRT] System.Net.Http.Functional.Tests.SocketsHttpHandler_HttpClientHandlerTest.GetAsync_ManyDifferentResponseHeaders_ParsedCorrectly(newline: "\n", fold: "\n    ", dribble: False)
  [40m[32minfo[39m[22m[49m: [STRT] System.Net.Http.Functional.Tests.SocketsHttpHandler_HttpClientHandlerTest.GetAsync_ManyDifferentResponseHeaders_ParsedCorrectly(newline: "\n", fold: "\n    ", dribble: True)
  [40m[32minfo[39m[22m[49m: [STRT] System.Net.Http.Functional.Tests.SocketsHttpHandler_HttpClientHandlerTest.GetAsync_ManyDifferentResponseHeaders_ParsedCorrectly(newline: "\r\n", fold: "", dribble: False)
  [40m[32minfo[39m[22m[49m: [STRT] System.Net.Http.Functional.Tests.SocketsHttpHandler_HttpClientHandlerTest.GetAsync_ManyDifferentResponseHeaders_ParsedCorrectly(newline: "\r\n", fold: "", dribble: True)
  [40m[32minfo[39m[22m[49m: [STRT] System.Net.Http.Functional.Tests.SocketsHttpHandler_HttpClientHandlerTest.GetAsync_ManyDifferentResponseHeaders_ParsedCorrectly(newline: "\r\n", fold: "\r\n ", dribble: False)
  [40m[32minfo[39m[22m[49m: [STRT] System.Net.Http.Functional.Tests.SocketsHttpHandler_HttpClientHandlerTest.GetAsync_ManyDifferentResponseHeaders_ParsedCorrectly(newline: "\r\n", fold: "\r\n ", dribble: True)
  [40m[32minfo[39m[22m[49m: [STRT] System.Net.Http.Functional.Tests.SocketsHttpHandler_HttpClientHandlerTest.GetAsync_ManyDifferentResponseHeaders_ParsedCorrectly(newline: "\r\n", fold: "\r\n\t", dribble: False)
  [40m[32minfo[39m[22m[49m: [STRT] System.Net.Http.Functional.Tests.SocketsHttpHandler_HttpClientHandlerTest.GetAsync_ManyDifferentResponseHeaders_ParsedCorrectly(newline: "\r\n", fold: "\r\n\t", dribble: True)
  [40m[32minfo[39m[22m[49m: [STRT] System.Net.Http.Functional.Tests.SocketsHttpHandler_HttpClientHandlerTest.GetAsync_ManyDifferentResponseHeaders_ParsedCorrectly(newline: "\r\n", fold: "\r\n    ", dribble: False)
  [40m[32minfo[39m[22m[49m: [STRT] System.Net.Http.Functional.Tests.SocketsHttpHandler_HttpClientHandlerTest.GetAsync_ManyDifferentResponseHeaders_ParsedCorrectly(newline: "\r\n", fold: "\r\n    ", dribble: True)
  [40m[32minfo[39m[22m[49m: [STRT] System.Net.Http.Functional.Tests.SocketsHttpHandler_HttpClientHandlerTest.Properties_Get_CountIsZero
  [40m[32minfo[39m[22m[49m: [STRT] System.Net.Http.Functional.Tests.SocketsHttpHandler_HttpClientHandlerTest.SendAsync_InvalidRequestUri_Throws
  [40m[32minfo[39m[22m[49m: [STRT] System.Net.Http.Functional.Tests.SocketsHttpHandler_HttpClientHandlerTest.GetAsync_InvalidChunkSize_ThrowsHttpRequestException(chunkSize: "")
  [40m[32minfo[39m[22m[49m: [STRT] System.Net.Http.Functional.Tests.SocketsHttpHandler_HttpClientHandlerTest.GetAsync_InvalidChunkSize_ThrowsHttpRequestException(chunkSize: "    ")
  [40m[32minfo[39m[22m[49m: [STRT] System.Net.Http.Functional.Tests.SocketsHttpHandler_HttpClientHandlerTest.GetAsync_InvalidChunkSize_ThrowsHttpRequestException(chunkSize: "10000000000000000")
  [40m[32minfo[39m[22m[49m: [STRT] System.Net.Http.Functional.Tests.SocketsHttpHandler_HttpClientHandlerTest.GetAsync_InvalidChunkSize_ThrowsHttpRequestException(chunkSize: "xyz")
  [40m[32minfo[39m[22m[49m: [STRT] System.Net.Http.Functional.Tests.SocketsHttpHandler_HttpClientHandlerTest.GetAsync_InvalidChunkSize_ThrowsHttpRequestException(chunkSize: "7gibberish")
  [40m[32minfo[39m[22m[49m: [STRT] System.Net.Http.Functional.Tests.SocketsHttpHandler_HttpClientHandlerTest.GetAsync_InvalidChunkSize_ThrowsHttpRequestException(chunkSize: "7\v\f")
  [40m[32minfo[39m[22m[49m: [STRT] System.Net.Http.Functional.Tests.SocketsHttpHandler_HttpClientHandlerTest.LargeUriAndHeaders_Works
  [40m[32minfo[39m[22m[49m: [STRT] System.Net.Http.Functional.Tests.SocketsHttpHandler_HttpClientHandlerTest.PostAsync_ManyDifferentRequestHeaders_SentCorrectly
  [40m[32minfo[39m[22m[49m: [STRT] System.Net.Http.Functional.Tests.SocketsHttpHandler_HttpClientHandlerTest.SendAsync_Unexpected1xxResponses_DropAllInterimResponses(responseStatusCode: Continue)
  [40m[32minfo[39m[22m[49m: [STRT] System.Net.Http.Functional.Tests.SocketsHttpHandler_HttpClientHandlerTest.SendAsync_Unexpected1xxResponses_DropAllInterimResponses(responseStatusCode: Processing)
  [40m[32minfo[39m[22m[49m: [STRT] System.Net.Http.Functional.Tests.SocketsHttpHandler_HttpClientHandlerTest.SendAsync_Unexpected1xxResponses_DropAllInterimResponses(responseStatusCode: EarlyHints)
  [40m[32minfo[39m[22m[49m: [STRT] System.Net.Http.Functional.Tests.SocketsHttpHandler_HttpClientHandlerTest.SendAsync_Unexpected1xxResponses_DropAllInterimResponses(responseStatusCode: 150)
  [40m[32minfo[39m[22m[49m: [STRT] System.Net.Http.Functional.Tests.SocketsHttpHandler_HttpClientHandlerTest.SendAsync_Unexpected1xxResponses_DropAllInterimResponses(responseStatusCode: 180)
  [40m[32minfo[39m[22m[49m: [STRT] System.Net.Http.Functional.Tests.SocketsHttpHandler_HttpClientHandlerTest.SendAsync_Unexpected1xxResponses_DropAllInterimResponses(responseStatusCode: 199)
  [40m[32minfo[39m[22m[49m: [STRT] System.Net.Http.Functional.Tests.SocketsHttpHandler_HttpClientHandlerTest.ReadAsStreamAsync_EmptyResponseBody_HandlerProducesWellBehavedResponseStream
  [40m[32minfo[39m[22m[49m: [STRT] System.Net.Http.Functional.Tests.SocketsHttpHandler_HttpClientHandlerTest.SendAsync_RequestWithLatin1HeaderValue_Succeeds
  [40m[32minfo[39m[22m[49m: [STRT] System.Net.Http.Functional.Tests.SocketsHttpHandler_HttpClientHandlerTest.GetAsync_InvalidChunkTerminator_ThrowsHttpRequestException
  [40m[32minfo[39m[22m[49m: [STRT] System.Net.Http.Functional.Tests.SocketsHttpHandler_HttpClientHandlerTest.SendAsync_RequestWithDangerousControlHeaderValue_ThrowsHttpRequestException
  [40m[32minfo[39m[22m[49m: [STRT] System.Net.Http.Functional.Tests.HttpClientSendTest_Async.Send_NullRequest_ThrowsException
  [40m[32minfo[39m[22m[49m: [STRT] System.Net.Http.Functional.Tests.HttpClientSendTest_Async.Send_DuplicateRequest_ThrowsException
  [40m[32minfo[39m[22m[49m: [STRT] System.Net.Http.Functional.Tests.HttpClientSendTest_Async.Send_InnerHandlerThrows_OriginalExceptionInformationIsCaptured
  [40m[32minfo[39m[22m[49m: [STRT] System.Net.Http.Functional.Tests.HttpClientSendTest_Async.Send_RequestContentNotDisposed
  [40m[32minfo[39m[22m[49m: [STRT] System.Net.Http.Functional.Tests.MultipartContentTest.Ctor_NullOrEmptyBoundary_ThrowsArgumentException
  [40m[32minfo[39m[22m[49m: [STRT] System.Net.Http.Functional.Tests.MultipartContentTest.Ctor_BadBoundary_ThrowsArgumentException
  [40m[32minfo[39m[22m[49m: [STRT] System.Net.Http.Functional.Tests.MultipartContentTest.ReadAsStreamAsync_OperationsThatDontChangePosition(readStreamAsync: True)
  [40m[32minfo[39m[22m[49m: [STRT] System.Net.Http.Functional.Tests.MultipartContentTest.ReadAsStreamAsync_OperationsThatDontChangePosition(readStreamAsync: False)
  [40m[32minfo[39m[22m[49m: [STRT] System.Net.Http.Functional.Tests.MultipartContentTest.ReadAsStreamAsync_CanSeekEvenIfAllStreamsNotSeekale(firstContentSeekable: False, secondContentSeekable: False, readStreamAsync: False)
  [40m[32minfo[39m[22m[49m: [STRT] System.Net.Http.Functional.Tests.MultipartContentTest.ReadAsStreamAsync_CanSeekEvenIfAllStreamsNotSeekale(firstContentSeekable: False, secondContentSeekable: False, readStreamAsync: True)
  [40m[32minfo[39m[22m[49m: [STRT] System.Net.Http.Functional.Tests.MultipartContentTest.ReadAsStreamAsync_CanSeekEvenIfAllStreamsNotSeekale(firstContentSeekable: False, secondContentSeekable: True, readStreamAsync: False)
  [40m[32minfo[39m[22m[49m: [STRT] System.Net.Http.Functional.Tests.MultipartContentTest.ReadAsStreamAsync_CanSeekEvenIfAllStreamsNotSeekale(firstContentSeekable: False, secondContentSeekable: True, readStreamAsync: True)
  [40m[32minfo[39m[22m[49m: [STRT] System.Net.Http.Functional.Tests.MultipartContentTest.ReadAsStreamAsync_CanSeekEvenIfAllStreamsNotSeekale(firstContentSeekable: True, secondContentSeekable: False, readStreamAsync: False)
  [40m[32minfo[39m[22m[49m: [STRT] System.Net.Http.Functional.Tests.MultipartContentTest.ReadAsStreamAsync_CanSeekEvenIfAllStreamsNotSeekale(firstContentSeekable: True, secondContentSeekable: False, readStreamAsync: True)
  [40m[32minfo[39m[22m[49m: [STRT] System.Net.Http.Functional.Tests.MultipartContentTest.ReadAsStreamAsync_CanSeekEvenIfAllStreamsNotSeekale(firstContentSeekable: True, secondContentSeekable: True, readStreamAsync: False)
  [40m[32minfo[39m[22m[49m: [STRT] System.Net.Http.Functional.Tests.MultipartContentTest.ReadAsStreamAsync_CanSeekEvenIfAllStreamsNotSeekale(firstContentSeekable: True, secondContentSeekable: True, readStreamAsync: True)
  [40m[32minfo[39m[22m[49m: [STRT] System.Net.Http.Functional.Tests.MultipartContentTest.Ctor_Headers_AutomaticallyCreated
  [40m[32minfo[39m[22m[49m: [STRT] System.Net.Http.Functional.Tests.MultipartContentTest.ReadAsStringAsync_TwoSubContents_MatchesExpected(mode: ReadAsStreamAsync, async: False)
  [40m[32minfo[39m[22m[49m: [STRT] System.Net.Http.Functional.Tests.MultipartContentTest.ReadAsStringAsync_TwoSubContents_MatchesExpected(mode: ReadAsStreamAsync, async: True)
  [40m[32minfo[39m[22m[49m: [STRT] System.Net.Http.Functional.Tests.MultipartContentTest.ReadAsStringAsync_TwoSubContents_MatchesExpected(mode: CopyToAsync, async: False)
  [40m[32minfo[39m[22m[49m: [STRT] System.Net.Http.Functional.Tests.MultipartContentTest.ReadAsStringAsync_TwoSubContents_MatchesExpected(mode: CopyToAsync, async: True)
  [40m[32minfo[39m[22m[49m: [STRT] System.Net.Http.Functional.Tests.MultipartContentTest.ReadAsStreamAsync_CreateContentReadStreamAsyncThrows_ExceptionStoredInTask
  [40m[32minfo[39m[22m[49m: [STRT] System.Net.Http.Functional.Tests.MultipartContentTest.ReadAsStreamAsync_Seek_JumpsToSpecifiedPosition(nestedContent: False, readStreamAsync: False)
  [40m[32minfo[39m[22m[49m: [STRT] System.Net.Http.Functional.Tests.MultipartContentTest.ReadAsStreamAsync_Seek_JumpsToSpecifiedPosition(nestedContent: False, readStreamAsync: True)
  [40m[32minfo[39m[22m[49m: [STRT] System.Net.Http.Functional.Tests.MultipartContentTest.ReadAsStreamAsync_Seek_JumpsToSpecifiedPosition(nestedContent: True, readStreamAsync: False)
  [40m[32minfo[39m[22m[49m: [STRT] System.Net.Http.Functional.Tests.MultipartContentTest.ReadAsStreamAsync_Seek_JumpsToSpecifiedPosition(nestedContent: True, readStreamAsync: True)
  [40m[32minfo[39m[22m[49m: [STRT] System.Net.Http.Functional.Tests.MultipartContentTest.ReadAsStringAsync_NoSubContent_MatchesExpected(mode: ReadAsStreamAsync, async: False)
  [40m[32minfo[39m[22m[49m: [STRT] System.Net.Http.Functional.Tests.MultipartContentTest.ReadAsStringAsync_NoSubContent_MatchesExpected(mode: ReadAsStreamAsync, async: True)
  [40m[32minfo[39m[22m[49m: [STRT] System.Net.Http.Functional.Tests.MultipartContentTest.ReadAsStringAsync_NoSubContent_MatchesExpected(mode: CopyToAsync, async: False)
  [40m[32minfo[39m[22m[49m: [STRT] System.Net.Http.Functional.Tests.MultipartContentTest.ReadAsStringAsync_NoSubContent_MatchesExpected(mode: CopyToAsync, async: True)
  [40m[32minfo[39m[22m[49m: [STRT] System.Net.Http.Functional.Tests.MultipartContentTest.Ctor_NullOrEmptySubType_ThrowsArgumentException
  [40m[32minfo[39m[22m[49m: [STRT] System.Net.Http.Functional.Tests.MultipartContentTest.Ctor_GoodBoundary_Success
  [40m[32minfo[39m[22m[49m: [STRT] System.Net.Http.Functional.Tests.MultipartContentTest.ReadAsStringAsync_OneSubContentWithHeaders_MatchesExpected(mode: ReadAsStreamAsync, async: False)
  [40m[32minfo[39m[22m[49m: [STRT] System.Net.Http.Functional.Tests.MultipartContentTest.ReadAsStringAsync_OneSubContentWithHeaders_MatchesExpected(mode: ReadAsStreamAsync, async: True)
  [40m[32minfo[39m[22m[49m: [STRT] System.Net.Http.Functional.Tests.MultipartContentTest.ReadAsStringAsync_OneSubContentWithHeaders_MatchesExpected(mode: CopyToAsync, async: False)
  [40m[32minfo[39m[22m[49m: [STRT] System.Net.Http.Functional.Tests.MultipartContentTest.ReadAsStringAsync_OneSubContentWithHeaders_MatchesExpected(mode: CopyToAsync, async: True)
  [40m[32minfo[39m[22m[49m: [STRT] System.Net.Http.Functional.Tests.MultipartContentTest.Dispose_Empty_Success
  [40m[32minfo[39m[22m[49m: [STRT] System.Net.Http.Functional.Tests.MultipartContentTest.ReadAsStream_CreateContentReadStreamThrows
  [40m[32minfo[39m[22m[49m: [STRT] System.Net.Http.Functional.Tests.MultipartContentTest.ReadAsStreamAsync_InvalidArgs_Throw(readStreamAsync: True)
  [40m[32minfo[39m[22m[49m: [STRT] System.Net.Http.Functional.Tests.MultipartContentTest.ReadAsStreamAsync_InvalidArgs_Throw(readStreamAsync: False)
  [40m[32minfo[39m[22m[49m: [STRT] System.Net.Http.Functional.Tests.MultipartContentTest.Dispose_InnerContent_InnerContentDisposed
  [40m[32minfo[39m[22m[49m: [STRT] System.Net.Http.Functional.Tests.MultipartContentTest.Ctor_TooLongBoundary_ThrowsArgumentOutOfRangeException
  [40m[32minfo[39m[22m[49m: [STRT] System.Net.Http.Functional.Tests.MultipartContentTest.ReadAsStreamAsync_CustomEncodingSelector_SelectorIsCalledWithCustomState(async: True)
  [40m[32minfo[39m[22m[49m: [STRT] System.Net.Http.Functional.Tests.MultipartContentTest.ReadAsStreamAsync_CustomEncodingSelector_SelectorIsCalledWithCustomState(async: False)
  [40m[32minfo[39m[22m[49m: [STRT] System.Net.Http.Functional.Tests.MultipartContentTest.Dispose_NestedContent_NestedContentDisposed
  [40m[32minfo[39m[22m[49m: [STRT] System.Net.Http.Functional.Tests.MultipartContentTest.ReadAsStreamAsync_CustomEncodingSelector_CustomEncodingIsUsed(async: True)
  [40m[32minfo[39m[22m[49m: [STRT] System.Net.Http.Functional.Tests.MultipartContentTest.ReadAsStreamAsync_CustomEncodingSelector_CustomEncodingIsUsed(async: False)
  [40m[32minfo[39m[22m[49m: [STRT] System.Net.Http.Functional.Tests.MultipartContentTest.ReadAsStreamAsync_LargeContent_AllBytesRead(readStreamAsync: True)
  [40m[32minfo[39m[22m[49m: [STRT] System.Net.Http.Functional.Tests.MultipartContentTest.ReadAsStreamAsync_LargeContent_AllBytesRead(readStreamAsync: False)
  [40m[32minfo[39m[22m[49m: [STRT] System.Net.Http.Functional.Tests.HttpMetricsTest_Http11_Async.UseIPAddressInTargetUri_ProxyTunnel_RequestMetricsRecordUriHostAsServerAddress
  [40m[32minfo[39m[22m[49m: [STRT] System.Net.Http.Functional.Tests.HttpMetricsTest_Http11_Async.RequestDuration_EnrichmentHandler_ContentLengthError_Recorded
  [40m[32minfo[39m[22m[49m: [STRT] System.Net.Http.Functional.Tests.HttpMetricsTest_Http11_Async.RequestDuration_RequestCancelled_ErrorReasonIsExceptionType
  [40m[32minfo[39m[22m[49m: [STRT] System.Net.Http.Functional.Tests.HttpMetricsTest_Http11_Async.RequestDuration_EnrichmentHandler_Success_Recorded(completionOption: ResponseContentRead, responseContentType: Empty)
  [40m[32minfo[39m[22m[49m: [STRT] System.Net.Http.Functional.Tests.HttpMetricsTest_Http11_Async.RequestDuration_EnrichmentHandler_Success_Recorded(completionOption: ResponseContentRead, responseContentType: ContentLength)
  [40m[32minfo[39m[22m[49m: [STRT] System.Net.Http.Functional.Tests.HttpMetricsTest_Http11_Async.RequestDuration_EnrichmentHandler_Success_Recorded(completionOption: ResponseContentRead, responseContentType: TransferEncodingChunked)
  [40m[32minfo[39m[22m[49m: [STRT] System.Net.Http.Functional.Tests.HttpMetricsTest_Http11_Async.RequestDuration_EnrichmentHandler_Success_Recorded(completionOption: ResponseHeadersRead, responseContentType: Empty)
  [40m[32minfo[39m[22m[49m: [STRT] System.Net.Http.Functional.Tests.HttpMetricsTest_Http11_Async.RequestDuration_EnrichmentHandler_Success_Recorded(completionOption: ResponseHeadersRead, responseContentType: ContentLength)
  [40m[32minfo[39m[22m[49m: [STRT] System.Net.Http.Functional.Tests.HttpMetricsTest_Http11_Async.RequestDuration_EnrichmentHandler_Success_Recorded(completionOption: ResponseHeadersRead, responseContentType: TransferEncodingChunked)
  [40m[32minfo[39m[22m[49m: [STRT] System.Net.Http.Functional.Tests.HttpMetricsTest_Http11_Async.DurationHistograms_HaveBucketSizeHints
  [40m[32minfo[39m[22m[49m: [STRT] System.Net.Http.Functional.Tests.HttpMetricsTest_Http11_Async.RequestDuration_MultipleCallbacksPerRequest_AllCalledInOrder
  [40m[32minfo[39m[22m[49m: [STRT] System.Net.Http.Functional.Tests.HttpMetricsTest_Http11_Async.AllSocketsHttpHandlerCounters_Success_Recorded
  [40m[32minfo[39m[22m[49m: [STRT] System.Net.Http.Functional.Tests.HttpMetricsTest_Http11_Async.ActiveRequests_Redirect_RecordedForEachHttpSpan
  [40m[32minfo[39m[22m[49m: [STRT] System.Net.Http.Functional.Tests.HttpMetricsTest_Http11_Async.RequestDuration_HttpTracingEnabled_RecordedWhileRequestActivityRunning
  [40m[32minfo[39m[22m[49m: [STRT] System.Net.Http.Functional.Tests.HttpMetricsTest_Http11_Async.RequestDuration_HttpVersionDowngrade_LogsActualProtocol
  [40m[32minfo[39m[22m[49m: [STRT] System.Net.Http.Functional.Tests.HttpMetricsTest_Http11_Async.ActiveRequests_Success_Recorded
  [40m[32minfo[39m[22m[49m: [STRT] System.Net.Http.Functional.Tests.HttpMetricsTest_Http11_Async.RequestDuration_CustomTags_Recorded
  [40m[32minfo[39m[22m[49m: [STRT] System.Net.Http.Functional.Tests.HttpMetricsTest_Http11_Async.RequestDuration_ErrorStatus_ErrorTypeRecorded(statusCode: 400)
  [40m[32minfo[39m[22m[49m: [STRT] System.Net.Http.Functional.Tests.HttpMetricsTest_Http11_Async.RequestDuration_ErrorStatus_ErrorTypeRecorded(statusCode: 404)
  [40m[32minfo[39m[22m[49m: [STRT] System.Net.Http.Functional.Tests.HttpMetricsTest_Http11_Async.RequestDuration_ErrorStatus_ErrorTypeRecorded(statusCode: 599)
  [40m[32minfo[39m[22m[49m: [STRT] System.Net.Http.Functional.Tests.HttpMetricsTest_Http11_Async.RequestDuration_ConnectionError_LogsExpectedErrorReason
  [40m[32minfo[39m[22m[49m: [STRT] System.Net.Http.Functional.Tests.HttpMetricsTest_Http11_Async.RequestDuration_CustomTags_DiagnosticListener_Recorded
  [40m[32minfo[39m[22m[49m: [STRT] System.Net.Http.Functional.Tests.HttpMetricsTest_Http11_Async.ActiveRequests_InstrumentEnabledAfterSending_NotRecorded
  [40m[32minfo[39m[22m[49m: [STRT] System.Net.Http.Functional.Tests.HttpMetricsTest_Http11_Async.RequestDuration_Success_Recorded(method: "GET", statusCode: OK)
  [40m[32minfo[39m[22m[49m: [STRT] System.Net.Http.Functional.Tests.HttpMetricsTest_Http11_Async.RequestDuration_Success_Recorded(method: "PUT", statusCode: Created)
  [40m[32minfo[39m[22m[49m: [STRT] System.Net.Http.Functional.Tests.HttpMetricsTest_Http11_Async.UseIPAddressInTargetUri_NoProxy_RecordsHostHeaderAsServerAddress
  [40m[32minfo[39m[22m[49m: [STRT] System.Net.Http.Functional.Tests.HttpMetricsTest_Http11_Async.TimeInQueue_RecordedForNewConnectionsOnly
  [40m[32minfo[39m[22m[49m: [STRT] System.Net.Http.Functional.Tests.SocketsHttpHandler_ResponseStreamTest.GetAsync_UseResponseHeadersReadAndCallLoadIntoBuffer_Success(remoteServer: (BaseUri: http://127.0.0.1:42257/, HttpVersion: 1.1))
  [40m[32minfo[39m[22m[49m: [STRT] System.Net.Http.Functional.Tests.SocketsHttpHandler_ResponseStreamTest.GetAsync_UseResponseHeadersReadAndCallLoadIntoBuffer_Success(remoteServer: (BaseUri: https://127.0.0.1:44881/, HttpVersion: 1.1))
  [40m[32minfo[39m[22m[49m: [STRT] System.Net.Http.Functional.Tests.SocketsHttpHandler_ResponseStreamTest.GetAsync_UseResponseHeadersReadAndCallLoadIntoBuffer_Success(remoteServer: (BaseUri: https://127.0.0.1:44881/, HttpVersion: 2.0))
  [40m[32minfo[39m[22m[49m: [STRT] System.Net.Http.Functional.Tests.SocketsHttpHandler_ResponseStreamTest.GetAsync_UseResponseHeadersReadAndCopyToMemoryStream_Success(remoteServer: (BaseUri: http://127.0.0.1:42257/, HttpVersion: 1.1))
  [40m[32minfo[39m[22m[49m: [STRT] System.Net.Http.Functional.Tests.SocketsHttpHandler_ResponseStreamTest.GetAsync_UseResponseHeadersReadAndCopyToMemoryStream_Success(remoteServer: (BaseUri: https://127.0.0.1:44881/, HttpVersion: 1.1))
  [40m[32minfo[39m[22m[49m: [STRT] System.Net.Http.Functional.Tests.SocketsHttpHandler_ResponseStreamTest.GetAsync_UseResponseHeadersReadAndCopyToMemoryStream_Success(remoteServer: (BaseUri: https://127.0.0.1:44881/, HttpVersion: 2.0))
  [40m[32minfo[39m[22m[49m: [STRT] System.Net.Http.Functional.Tests.SocketsHttpHandler_ResponseStreamTest.ReadAsStreamAsync_InvalidServerResponse_ThrowsIOException(transferType: ContentLength, transferError: ContentLengthTooLarge)
  [40m[32minfo[39m[22m[49m: [STRT] System.Net.Http.Functional.Tests.SocketsHttpHandler_ResponseStreamTest.ReadAsStreamAsync_InvalidServerResponse_ThrowsIOException(transferType: Chunked, transferError: MissingChunkTerminator)
  [40m[32minfo[39m[22m[49m: [STRT] System.Net.Http.Functional.Tests.SocketsHttpHandler_ResponseStreamTest.ReadAsStreamAsync_InvalidServerResponse_ThrowsIOException(transferType: Chunked, transferError: ChunkSizeTooLarge)
  [40m[32minfo[39m[22m[49m: [STRT] System.Net.Http.Functional.Tests.SocketsHttpHandler_ResponseStreamTest.BrowserHttpHandler_StreamingRequest_ServerFail
  [40m[32minfo[39m[22m[49m: [STRT] System.Net.Http.Functional.Tests.SocketsHttpHandler_ResponseStreamTest.ReadAsStreamAsync_Cancel_TaskIsCanceled(remoteServer: (BaseUri: http://127.0.0.1:42257/, HttpVersion: 1.1))
  [40m[32minfo[39m[22m[49m: [STRT] System.Net.Http.Functional.Tests.SocketsHttpHandler_ResponseStreamTest.ReadAsStreamAsync_Cancel_TaskIsCanceled(remoteServer: (BaseUri: https://127.0.0.1:44881/, HttpVersion: 1.1))
  [40m[32minfo[39m[22m[49m: [STRT] System.Net.Http.Functional.Tests.SocketsHttpHandler_ResponseStreamTest.ReadAsStreamAsync_Cancel_TaskIsCanceled(remoteServer: (BaseUri: https://127.0.0.1:44881/, HttpVersion: 2.0))
  [40m[32minfo[39m[22m[49m: [STRT] System.Net.Http.Functional.Tests.SocketsHttpHandler_ResponseStreamTest.BrowserHttpHandler_StreamingRequest
  [40m[32minfo[39m[22m[49m: [STRT] System.Net.Http.Functional.Tests.SocketsHttpHandler_ResponseStreamTest.BrowserHttpHandler_StreamingRequest_CancelRequest(cancelAsync: False, bytes: 0, throwException: False)
  [40m[32minfo[39m[22m[49m: [STRT] System.Net.Http.Functional.Tests.SocketsHttpHandler_ResponseStreamTest.BrowserHttpHandler_StreamingRequest_CancelRequest(cancelAsync: True, bytes: 0, throwException: False)
  [40m[32minfo[39m[22m[49m: [STRT] System.Net.Http.Functional.Tests.SocketsHttpHandler_ResponseStreamTest.BrowserHttpHandler_StreamingRequest_CancelRequest(cancelAsync: False, bytes: 1, throwException: False)
  [40m[32minfo[39m[22m[49m: [STRT] System.Net.Http.Functional.Tests.SocketsHttpHandler_ResponseStreamTest.BrowserHttpHandler_StreamingRequest_CancelRequest(cancelAsync: True, bytes: 1, throwException: False)
  [40m[32minfo[39m[22m[49m: [STRT] System.Net.Http.Functional.Tests.SocketsHttpHandler_ResponseStreamTest.BrowserHttpHandler_StreamingRequest_CancelRequest(cancelAsync: False, bytes: 0, throwException: True)
  [40m[32minfo[39m[22m[49m: [STRT] System.Net.Http.Functional.Tests.SocketsHttpHandler_ResponseStreamTest.BrowserHttpHandler_StreamingRequest_CancelRequest(cancelAsync: True, bytes: 0, throwException: True)
  [40m[32minfo[39m[22m[49m: [STRT] System.Net.Http.Functional.Tests.SocketsHttpHandler_ResponseStreamTest.BrowserHttpHandler_StreamingRequest_ThrowFromContentCopy_RequestFails(syncFailure: False)
  [40m[32minfo[39m[22m[49m: [STRT] System.Net.Http.Functional.Tests.SocketsHttpHandler_ResponseStreamTest.BrowserHttpHandler_StreamingRequest_ThrowFromContentCopy_RequestFails(syncFailure: True)
  [40m[32minfo[39m[22m[49m: [STRT] System.Net.Http.Functional.Tests.SocketsHttpHandler_ResponseStreamTest.BrowserHttpHandler_StreamingResponseAbort(method: GET, abort: "abortBeforeHeaders")
  [40m[32minfo[39m[22m[49m: [STRT] System.Net.Http.Functional.Tests.SocketsHttpHandler_ResponseStreamTest.BrowserHttpHandler_StreamingResponseAbort(method: HEAD, abort: "abortBeforeHeaders")
  [40m[32minfo[39m[22m[49m: [STRT] System.Net.Http.Functional.Tests.SocketsHttpHandler_ResponseStreamTest.BrowserHttpHandler_StreamingResponseAbort(method: POST, abort: "abortBeforeHeaders")
  [40m[32minfo[39m[22m[49m: [STRT] System.Net.Http.Functional.Tests.SocketsHttpHandler_ResponseStreamTest.BrowserHttpHandler_StreamingResponseAbort(method: PUT, abort: "abortBeforeHeaders")
  [40m[32minfo[39m[22m[49m: [STRT] System.Net.Http.Functional.Tests.SocketsHttpHandler_ResponseStreamTest.BrowserHttpHandler_StreamingResponseAbort(method: DELETE, abort: "abortBeforeHeaders")
  [40m[32minfo[39m[22m[49m: [STRT] System.Net.Http.Functional.Tests.SocketsHttpHandler_ResponseStreamTest.BrowserHttpHandler_StreamingResponseAbort(method: OPTIONS, abort: "abortBeforeHeaders")
  [40m[32minfo[39m[22m[49m: [STRT] System.Net.Http.Functional.Tests.SocketsHttpHandler_ResponseStreamTest.BrowserHttpHandler_StreamingResponseAbort(method: PATCH, abort: "abortBeforeHeaders")
  [40m[32minfo[39m[22m[49m: [STRT] System.Net.Http.Functional.Tests.SocketsHttpHandler_ResponseStreamTest.BrowserHttpHandler_StreamingResponseAbort(method: GET, abort: "abortAfterHeaders")
  [40m[32minfo[39m[22m[49m: [STRT] System.Net.Http.Functional.Tests.SocketsHttpHandler_ResponseStreamTest.BrowserHttpHandler_StreamingResponseAbort(method: POST, abort: "abortAfterHeaders")
  [40m[32minfo[39m[22m[49m: [STRT] System.Net.Http.Functional.Tests.SocketsHttpHandler_ResponseStreamTest.BrowserHttpHandler_StreamingResponseAbort(method: PUT, abort: "abortAfterHeaders")
  [40m[32minfo[39m[22m[49m: [STRT] System.Net.Http.Functional.Tests.SocketsHttpHandler_ResponseStreamTest.BrowserHttpHandler_StreamingResponseAbort(method: DELETE, abort: "abortAfterHeaders")
  [40m[32minfo[39m[22m[49m: [STRT] System.Net.Http.Functional.Tests.SocketsHttpHandler_ResponseStreamTest.BrowserHttpHandler_StreamingResponseAbort(method: OPTIONS, abort: "abortAfterHeaders")
  [40m[32minfo[39m[22m[49m: [STRT] System.Net.Http.Functional.Tests.SocketsHttpHandler_ResponseStreamTest.BrowserHttpHandler_StreamingResponseAbort(method: PATCH, abort: "abortAfterHeaders")
  [40m[32minfo[39m[22m[49m: [STRT] System.Net.Http.Functional.Tests.SocketsHttpHandler_ResponseStreamTest.BrowserHttpHandler_StreamingResponseAbort(method: GET, abort: "abortDuringBody")
  [40m[32minfo[39m[22m[49m: [STRT] System.Net.Http.Functional.Tests.SocketsHttpHandler_ResponseStreamTest.BrowserHttpHandler_StreamingResponseAbort(method: POST, abort: "abortDuringBody")
  [40m[32minfo[39m[22m[49m: [STRT] System.Net.Http.Functional.Tests.SocketsHttpHandler_ResponseStreamTest.BrowserHttpHandler_StreamingResponseAbort(method: PUT, abort: "abortDuringBody")
  [40m[32minfo[39m[22m[49m: [STRT] System.Net.Http.Functional.Tests.SocketsHttpHandler_ResponseStreamTest.BrowserHttpHandler_StreamingResponseAbort(method: DELETE, abort: "abortDuringBody")
  [40m[32minfo[39m[22m[49m: [STRT] System.Net.Http.Functional.Tests.SocketsHttpHandler_ResponseStreamTest.BrowserHttpHandler_StreamingResponseAbort(method: OPTIONS, abort: "abortDuringBody")
  [40m[32minfo[39m[22m[49m: [STRT] System.Net.Http.Functional.Tests.SocketsHttpHandler_ResponseStreamTest.BrowserHttpHandler_StreamingResponseAbort(method: PATCH, abort: "abortDuringBody")
  [40m[32minfo[39m[22m[49m: [STRT] System.Net.Http.Functional.Tests.SocketsHttpHandler_ResponseStreamTest.GetStreamAsync_ReadToEnd_Success(remoteServer: (BaseUri: http://127.0.0.1:42257/, HttpVersion: 1.1), readMode: 1)
  [40m[32minfo[39m[22m[49m: [STRT] System.Net.Http.Functional.Tests.SocketsHttpHandler_ResponseStreamTest.GetStreamAsync_ReadToEnd_Success(remoteServer: (BaseUri: http://127.0.0.1:42257/, HttpVersion: 1.1), readMode: 3)
  [40m[32minfo[39m[22m[49m: [STRT] System.Net.Http.Functional.Tests.SocketsHttpHandler_ResponseStreamTest.GetStreamAsync_ReadToEnd_Success(remoteServer: (BaseUri: http://127.0.0.1:42257/, HttpVersion: 1.1), readMode: 7)
  [40m[32minfo[39m[22m[49m: [STRT] System.Net.Http.Functional.Tests.SocketsHttpHandler_ResponseStreamTest.GetStreamAsync_ReadToEnd_Success(remoteServer: (BaseUri: https://127.0.0.1:44881/, HttpVersion: 1.1), readMode: 1)
  [40m[32minfo[39m[22m[49m: [STRT] System.Net.Http.Functional.Tests.SocketsHttpHandler_ResponseStreamTest.GetStreamAsync_ReadToEnd_Success(remoteServer: (BaseUri: https://127.0.0.1:44881/, HttpVersion: 1.1), readMode: 3)
  [40m[32minfo[39m[22m[49m: [STRT] System.Net.Http.Functional.Tests.SocketsHttpHandler_ResponseStreamTest.GetStreamAsync_ReadToEnd_Success(remoteServer: (BaseUri: https://127.0.0.1:44881/, HttpVersion: 1.1), readMode: 7)
  [40m[32minfo[39m[22m[49m: [STRT] System.Net.Http.Functional.Tests.SocketsHttpHandler_ResponseStreamTest.GetStreamAsync_ReadToEnd_Success(remoteServer: (BaseUri: https://127.0.0.1:44881/, HttpVersion: 2.0), readMode: 1)
  [40m[32minfo[39m[22m[49m: [STRT] System.Net.Http.Functional.Tests.SocketsHttpHandler_ResponseStreamTest.GetStreamAsync_ReadToEnd_Success(remoteServer: (BaseUri: https://127.0.0.1:44881/, HttpVersion: 2.0), readMode: 3)
  [40m[32minfo[39m[22m[49m: [STRT] System.Net.Http.Functional.Tests.SocketsHttpHandler_ResponseStreamTest.GetStreamAsync_ReadToEnd_Success(remoteServer: (BaseUri: https://127.0.0.1:44881/, HttpVersion: 2.0), readMode: 7)
  [40m[32minfo[39m[22m[49m: [STRT] System.Net.Http.Functional.Tests.SocketsHttpHandler_ResponseStreamTest.GetStreamAsync_ReadZeroBytes_Success(remoteServer: (BaseUri: http://127.0.0.1:42257/, HttpVersion: 1.1))
  [40m[32minfo[39m[22m[49m: [STRT] System.Net.Http.Functional.Tests.SocketsHttpHandler_ResponseStreamTest.GetStreamAsync_ReadZeroBytes_Success(remoteServer: (BaseUri: https://127.0.0.1:44881/, HttpVersion: 1.1))
  [40m[32minfo[39m[22m[49m: [STRT] System.Net.Http.Functional.Tests.SocketsHttpHandler_ResponseStreamTest.GetStreamAsync_ReadZeroBytes_Success(remoteServer: (BaseUri: https://127.0.0.1:44881/, HttpVersion: 2.0))
  [40m[32minfo[39m[22m[49m: [STRT] System.Net.Http.Functional.Tests.SocketsHttpHandler_ResponseStreamTest.BrowserHttpHandler_Streaming
  [40m[32minfo[39m[22m[49m: [STRT] System.Net.Http.Functional.Tests.SocketsHttpHandler_ResponseStreamTest.BrowserHttpHandler_StreamingResponse(method: GET)
  [40m[32minfo[39m[22m[49m: [STRT] System.Net.Http.Functional.Tests.SocketsHttpHandler_ResponseStreamTest.BrowserHttpHandler_StreamingResponse(method: HEAD)
  [40m[32minfo[39m[22m[49m: [STRT] System.Net.Http.Functional.Tests.SocketsHttpHandler_ResponseStreamTest.BrowserHttpHandler_StreamingResponse(method: POST)
  [40m[32minfo[39m[22m[49m: [STRT] System.Net.Http.Functional.Tests.SocketsHttpHandler_ResponseStreamTest.BrowserHttpHandler_StreamingResponse(method: PUT)
  [40m[32minfo[39m[22m[49m: [STRT] System.Net.Http.Functional.Tests.SocketsHttpHandler_ResponseStreamTest.BrowserHttpHandler_StreamingResponse(method: DELETE)
  [40m[32minfo[39m[22m[49m: [STRT] System.Net.Http.Functional.Tests.SocketsHttpHandler_ResponseStreamTest.BrowserHttpHandler_StreamingResponse(method: OPTIONS)
  [40m[32minfo[39m[22m[49m: [STRT] System.Net.Http.Functional.Tests.SocketsHttpHandler_ResponseStreamTest.BrowserHttpHandler_StreamingResponse(method: PATCH)
  [40m[32minfo[39m[22m[49m: [STRT] System.Net.Http.Functional.Tests.SocketsHttpHandler_ResponseStreamTest.ReadAsStreamAsync_StreamCanReadIsFalseAfterDispose(transferType: None, transferError: None)
  [40m[32minfo[39m[22m[49m: [STRT] System.Net.Http.Functional.Tests.SocketsHttpHandler_ResponseStreamTest.ReadAsStreamAsync_StreamCanReadIsFalseAfterDispose(transferType: ContentLength, transferError: None)
  [40m[32minfo[39m[22m[49m: [STRT] System.Net.Http.Functional.Tests.SocketsHttpHandler_ResponseStreamTest.ReadAsStreamAsync_StreamCanReadIsFalseAfterDispose(transferType: Chunked, transferError: None)
  [40m[32minfo[39m[22m[49m: [STRT] System.Net.Http.Functional.Tests.SocketsHttpHandler_ResponseStreamTest.ReadAsStreamAsync_ValidServerResponse_Success(transferType: None, transferError: None)
  [40m[32minfo[39m[22m[49m: [STRT] System.Net.Http.Functional.Tests.SocketsHttpHandler_ResponseStreamTest.ReadAsStreamAsync_ValidServerResponse_Success(transferType: ContentLength, transferError: None)
  [40m[32minfo[39m[22m[49m: [STRT] System.Net.Http.Functional.Tests.SocketsHttpHandler_ResponseStreamTest.ReadAsStreamAsync_ValidServerResponse_Success(transferType: Chunked, transferError: None)
  [40m[32minfo[39m[22m[49m: [STRT] System.Net.Http.Functional.Tests.HttpResponseMessageTest.Ctor_SpecifiedValues_CorrectValues
  [40m[32minfo[39m[22m[49m: [STRT] System.Net.Http.Functional.Tests.HttpResponseMessageTest.Dispose_DisposeObject_ContentGetsDisposedAndSettersWillThrowButGettersStillWork
  [40m[32minfo[39m[22m[49m: [STRT] System.Net.Http.Functional.Tests.HttpResponseMessageTest.Content_SetToNull_Accepted
  [40m[32minfo[39m[22m[49m: [STRT] System.Net.Http.Functional.Tests.HttpResponseMessageTest.ReasonPhrase_ContainsLFChar_ThrowsFormatException
  [40m[32minfo[39m[22m[49m: [STRT] System.Net.Http.Functional.Tests.HttpResponseMessageTest.Headers_ReadProperty_HeaderCollectionInitialized
  [40m[32minfo[39m[22m[49m: [STRT] System.Net.Http.Functional.Tests.HttpResponseMessageTest.ReasonPhrase_ContainsCRChar_ThrowsFormatException
  [40m[32minfo[39m[22m[49m: [STRT] System.Net.Http.Functional.Tests.HttpResponseMessageTest.ReasonPhrase_SetToEmpty_Accepted
  [40m[32minfo[39m[22m[49m: [STRT] System.Net.Http.Functional.Tests.HttpResponseMessageTest.ReasonPhrase_UnknownStatusCode_Null
  [40m[32minfo[39m[22m[49m: [STRT] System.Net.Http.Functional.Tests.HttpResponseMessageTest.Properties_SetPropertiesAndGetTheirValue_MatchingValues
  [40m[32minfo[39m[22m[49m: [STRT] System.Net.Http.Functional.Tests.HttpResponseMessageTest.Ctor_Default_CorrectDefaults
  [40m[32minfo[39m[22m[49m: [STRT] System.Net.Http.Functional.Tests.HttpResponseMessageTest.IsSuccessStatusCode_VariousStatusCodes_ReturnTrueFor2xxFalseOtherwise(status: null, expectedSuccess: True)
  [40m[32minfo[39m[22m[49m: [STRT] System.Net.Http.Functional.Tests.HttpResponseMessageTest.IsSuccessStatusCode_VariousStatusCodes_ReturnTrueFor2xxFalseOtherwise(status: OK, expectedSuccess: True)
  [40m[32minfo[39m[22m[49m: [STRT] System.Net.Http.Functional.Tests.HttpResponseMessageTest.IsSuccessStatusCode_VariousStatusCodes_ReturnTrueFor2xxFalseOtherwise(status: PartialContent, expectedSuccess: True)
  [40m[32minfo[39m[22m[49m: [STRT] System.Net.Http.Functional.Tests.HttpResponseMessageTest.IsSuccessStatusCode_VariousStatusCodes_ReturnTrueFor2xxFalseOtherwise(status: MultipleChoices, expectedSuccess: False)
  [40m[32minfo[39m[22m[49m: [STRT] System.Net.Http.Functional.Tests.HttpResponseMessageTest.IsSuccessStatusCode_VariousStatusCodes_ReturnTrueFor2xxFalseOtherwise(status: Continue, expectedSuccess: False)
  [40m[32minfo[39m[22m[49m: [STRT] System.Net.Http.Functional.Tests.HttpResponseMessageTest.IsSuccessStatusCode_VariousStatusCodes_ReturnTrueFor2xxFalseOtherwise(status: BadRequest, expectedSuccess: False)
  [40m[32minfo[39m[22m[49m: [STRT] System.Net.Http.Functional.Tests.HttpResponseMessageTest.IsSuccessStatusCode_VariousStatusCodes_ReturnTrueFor2xxFalseOtherwise(status: BadGateway, expectedSuccess: False)
  [40m[32minfo[39m[22m[49m: [STRT] System.Net.Http.Functional.Tests.HttpResponseMessageTest.EnsureSuccessStatusCode_NonSuccessStatusCode_ContentIsNotDisposed
  [40m[32minfo[39m[22m[49m: [STRT] System.Net.Http.Functional.Tests.HttpResponseMessageTest.Ctor_InvalidStatusCodeRange_Throw
  [40m[32minfo[39m[22m[49m: [STRT] System.Net.Http.Functional.Tests.HttpResponseMessageTest.StatusCode_InvalidStatusCodeRange_ThrowsArgumentOutOfRangeException
  [40m[32minfo[39m[22m[49m: [STRT] System.Net.Http.Functional.Tests.HttpResponseMessageTest.ReasonPhrase_SetToNull_Accepted
  [40m[32minfo[39m[22m[49m: [STRT] System.Net.Http.Functional.Tests.HttpResponseMessageTest.EnsureSuccessStatusCode_SuccessStatusCode_ContentIsNotDisposed
  [40m[32minfo[39m[22m[49m: [STRT] System.Net.Http.Functional.Tests.HttpResponseMessageTest.EnsureSuccessStatusCode_VariousStatusCodes_ThrowIfNot2xx
  [40m[32minfo[39m[22m[49m: [STRT] System.Net.Http.Functional.Tests.HttpResponseMessageTest.DefaultContent_ReadableNotWritable_Success
  [40m[32minfo[39m[22m[49m: [STRT] System.Net.Http.Functional.Tests.HttpResponseMessageTest.Version_SetToNull_ThrowsArgumentNullException
  [40m[32minfo[39m[22m[49m: [STRT] System.Net.Http.Functional.Tests.HttpResponseMessageTest.ToString_DefaultAndNonDefaultInstance_DumpAllFields
  [40m[32minfo[39m[22m[49m: [STRT] System.Net.Http.Functional.Tests.SocketsHttpHandler_HttpClientHandler_Finalization_Http2_Test.IncompleteResponseStream_ResponseDropped_CancelsRequestToServer
  [40m[32minfo[39m[22m[49m: [STRT] System.Net.Http.Functional.Tests.HttpMetricsTest_DefaultMeter.ActiveRequests_Success_Recorded
  [40m[32minfo[39m[22m[49m: [STRT] System.Net.Http.Functional.Tests.HttpMetricsTest_DefaultMeter.AllSocketsHttpHandlerCounters_Success_Recorded
  [40m[32minfo[39m[22m[49m: [STRT] System.Net.Http.Functional.Tests.HttpMetricsTest_DefaultMeter.RequestDuration_Success_Recorded
  [40m[32minfo[39m[22m[49m: [STRT] System.Net.Http.Functional.Tests.SocketsHttpHandlerTest_HttpClientHandlerTest_Headers_Http11.SendAsync_RequestWithSimpleHeader_ResponseReferencesUnmodifiedRequestHeaders
  [40m[32minfo[39m[22m[49m: [STRT] System.Net.Http.Functional.Tests.SocketsHttpHandlerTest_HttpClientHandlerTest_Headers_Http11.SendAsync_LargeHeaders_CorrectlyWritten
  [40m[32minfo[39m[22m[49m: [STRT] System.Net.Http.Functional.Tests.SocketsHttpHandlerTest_HttpClientHandlerTest_Headers_Http11.SendAsync_GetWithValidHostHeader_Success(withPort: False)
  [40m[32minfo[39m[22m[49m: [STRT] System.Net.Http.Functional.Tests.SocketsHttpHandlerTest_HttpClientHandlerTest_Headers_Http11.SendAsync_GetWithValidHostHeader_Success(withPort: True)
  [40m[32minfo[39m[22m[49m: [STRT] System.Net.Http.Functional.Tests.SocketsHttpHandlerTest_HttpClientHandlerTest_Headers_Http11.HeadersAdd_CustomExpires_Success(value: "-1", isValid: False)
  [40m[32minfo[39m[22m[49m: [STRT] System.Net.Http.Functional.Tests.SocketsHttpHandlerTest_HttpClientHandlerTest_Headers_Http11.HeadersAdd_CustomExpires_Success(value: "Thu, 01 Dec 1994 16:00:00 GMT", isValid: True)
  [40m[32minfo[39m[22m[49m: [STRT] System.Net.Http.Functional.Tests.SocketsHttpHandlerTest_HttpClientHandlerTest_Headers_Http11.SendAsync_DefaultHeaders_CorrectlyWritten
  [40m[32minfo[39m[22m[49m: [STRT] System.Net.Http.Functional.Tests.SocketsHttpHandlerTest_HttpClientHandlerTest_Headers_Http11.GetAsync_MissingExpires_ReturnNull
  [40m[32minfo[39m[22m[49m: [STRT] System.Net.Http.Functional.Tests.SocketsHttpHandlerTest_HttpClientHandlerTest_Headers_Http11.SendAsync_RequestHeaderInResponse_Success(name: "Accept-Encoding", value: "identity,gzip")
  [40m[32minfo[39m[22m[49m: [STRT] System.Net.Http.Functional.Tests.SocketsHttpHandlerTest_HttpClientHandlerTest_Headers_Http11.SendAsync_Expires_Success(value: "Thu, 01 Dec 1994 16:00:00 GMT", isValid: True)
  [40m[32minfo[39m[22m[49m: [STRT] System.Net.Http.Functional.Tests.SocketsHttpHandlerTest_HttpClientHandlerTest_Headers_Http11.SendAsync_Expires_Success(value: "-1", isValid: False)
  [40m[32minfo[39m[22m[49m: [STRT] System.Net.Http.Functional.Tests.SocketsHttpHandlerTest_HttpClientHandlerTest_Headers_Http11.SendAsync_Expires_Success(value: "0", isValid: False)
  [40m[32minfo[39m[22m[49m: [STRT] System.Net.Http.Functional.Tests.SocketsHttpHandlerTest_HttpClientHandlerTest_Headers_Http11.GetAsync_EmptyResponseHeader_Success
  [40m[32minfo[39m[22m[49m: [STRT] System.Net.Http.Functional.Tests.SocketsHttpHandlerTest_HttpClientHandlerTest_Headers_Http11.ResponseHeaders_ExtraWhitespace_Trimmed(name: "foo ", value: "bar ")
  [40m[32minfo[39m[22m[49m: [STRT] System.Net.Http.Functional.Tests.SocketsHttpHandlerTest_HttpClientHandlerTest_Headers_Http11.ResponseHeaders_ExtraWhitespace_Trimmed(name: "foo", value: " bar")
  [40m[32minfo[39m[22m[49m: [STRT] System.Net.Http.Functional.Tests.SocketsHttpHandlerTest_HttpClientHandlerTest_Headers_Http11.ResponseHeaders_ExtraWhitespace_Trimmed(name: "foo", value: "bar\t")
  [40m[32minfo[39m[22m[49m: [STRT] System.Net.Http.Functional.Tests.SocketsHttpHandlerTest_HttpClientHandlerTest_Headers_Http11.ResponseHeaders_ExtraWhitespace_Trimmed(name: "foo", value: "\tbar")
  [40m[32minfo[39m[22m[49m: [STRT] System.Net.Http.Functional.Tests.SocketsHttpHandlerTest_HttpClientHandlerTest_Headers_Http11.ResponseHeaders_ExtraWhitespace_Trimmed(name: "foo ", value: " bar ")
  [40m[32minfo[39m[22m[49m: [STRT] System.Net.Http.Functional.Tests.SocketsHttpHandlerTest_HttpClientHandlerTest_Headers_Http11.ResponseHeaders_ExtraWhitespace_Trimmed(name: "foo", value: "\tbar\t")
  [40m[32minfo[39m[22m[49m: [STRT] System.Net.Http.Functional.Tests.SocketsHttpHandlerTest_HttpClientHandlerTest_Headers_Http11.ResponseHeaders_ExtraWhitespace_Trimmed(name: "foo", value: "\t bar \t")
  [40m[32minfo[39m[22m[49m: [STRT] System.Net.Http.Functional.Tests.SocketsHttpHandlerTest_HttpClientHandlerTest_Headers_Http11.ResponseHeaders_ExtraWhitespace_Trimmed(name: "foo  ", value: " \t bar  \r\n ")
  [40m[32minfo[39m[22m[49m: [STRT] System.Net.Http.Functional.Tests.SocketsHttpHandlerTest_HttpClientHandlerTest_Headers_Http11.SendAsync_SpecialHeaderKeyOrValue_Success(key: "x-Special_name", value: "header name with underscore", parsable: True)
  [40m[32minfo[39m[22m[49m: [STRT] System.Net.Http.Functional.Tests.SocketsHttpHandlerTest_HttpClientHandlerTest_Headers_Http11.SendAsync_SpecialHeaderKeyOrValue_Success(key: "Date", value: "invaliddateformat", parsable: False)
  [40m[32minfo[39m[22m[49m: [STRT] System.Net.Http.Functional.Tests.SocketsHttpHandlerTest_HttpClientHandlerTest_Headers_Http11.SendAsync_SpecialHeaderKeyOrValue_Success(key: "Accept-CharSet", value: "text/plain, text/json", parsable: False)
  [40m[32minfo[39m[22m[49m: [STRT] System.Net.Http.Functional.Tests.SocketsHttpHandlerTest_HttpClientHandlerTest_Headers_Http11.SendAsync_SpecialHeaderKeyOrValue_Success(key: "Content-Location", value: "", parsable: False)
  [40m[32minfo[39m[22m[49m: [STRT] System.Net.Http.Functional.Tests.SocketsHttpHandlerTest_HttpClientHandlerTest_Headers_Http11.SendAsync_SpecialHeaderKeyOrValue_Success(key: "Max-Forwards", value: "NotAnInteger", parsable: False)
  [40m[32minfo[39m[22m[49m: [STRT] System.Net.Http.Functional.Tests.SocketsHttpHandlerTest_HttpClientHandlerTest_Headers_Http11.SendAsync_ContentLengthAndTransferEncodingHeaders_IgnoreContentLength
  [40m[32minfo[39m[22m[49m: [STRT] System.Net.Http.Functional.Tests.SocketsHttpHandlerTest_HttpClientHandlerTest_Headers_Http11.GetAsync_LargeHeader_Success(headerName: "Content-Security-Policy", headerValueLength: 4618)
  [40m[32minfo[39m[22m[49m: [STRT] System.Net.Http.Functional.Tests.SocketsHttpHandlerTest_HttpClientHandlerTest_Headers_Http11.GetAsync_LargeHeader_Success(headerName: "RandomCustomHeader", headerValueLength: 12345)
  [40m[32minfo[39m[22m[49m: [STRT] System.Net.Http.Functional.Tests.SocketsHttpHandlerTest_HttpClientHandlerTest_Headers_Http11.SendAsync_InvalidCharactersInResponseHeader_ReplacedWithSpaces
  [40m[32minfo[39m[22m[49m: [STRT] System.Net.Http.Functional.Tests.TelemetryTest_Http20.EventSource_ExistsWithCorrectId
  [40m[32minfo[39m[22m[49m: [STRT] System.Net.Http.Functional.Tests.SocketsHttpHandler_HttpClient_SelectedSites_Test.RetrieveSite_Succeeds
  [40m[32minfo[39m[22m[49m: [STRT] System.Net.Http.Functional.Tests.SocketsHttpHandler_HttpClient_SelectedSites_Test.RetrieveSite_Debug_Helper
  [40m[32minfo[39m[22m[49m: [STRT] System.Net.Http.Functional.Tests.SyncHttpHandler_DiagnosticsTest.SendAsync_ExpectedDiagnosticSourceNoLogging
  [40m[32minfo[39m[22m[49m: [STRT] System.Net.Http.Functional.Tests.SyncHttpHandler_DiagnosticsTest.SendAsync_ExpectedDiagnosticExceptionLogging
  [40m[32minfo[39m[22m[49m: [STRT] System.Net.Http.Functional.Tests.SyncHttpHandler_DiagnosticsTest.SendAsync_CustomSocketsHttpHandlerPropagator_PropagatorIsUsed
  [40m[32minfo[39m[22m[49m: [STRT] System.Net.Http.Functional.Tests.SyncHttpHandler_DiagnosticsTest.SendAsync_ExpectedDiagnosticExceptionOnlyActivityLogging
  [40m[32minfo[39m[22m[49m: [STRT] System.Net.Http.Functional.Tests.SyncHttpHandler_DiagnosticsTest.SendAsync_ExpectedDiagnosticSourceActivityLogging
  [40m[32minfo[39m[22m[49m: [STRT] System.Net.Http.Functional.Tests.SyncHttpHandler_DiagnosticsTest.SendAsync_ExpectedDiagnosticSourceUrlFilteredActivityLogging
  [40m[32minfo[39m[22m[49m: [STRT] System.Net.Http.Functional.Tests.SyncHttpHandler_DiagnosticsTest.SendAsync_SuppressedGlobalStaticPropagationNoListenerAppCtx
  [40m[32minfo[39m[22m[49m: [STRT] System.Net.Http.Functional.Tests.SyncHttpHandler_DiagnosticsTest.SendAsync_HeadersAreInjectedOnRedirects
  [40m[32minfo[39m[22m[49m: [STRT] System.Net.Http.Functional.Tests.SyncHttpHandler_DiagnosticsTest.SendAsync_ExpectedDiagnosticSourceActivityLoggingDoesNotOverwriteHeader
  [40m[32minfo[39m[22m[49m: [STRT] System.Net.Http.Functional.Tests.SyncHttpHandler_DiagnosticsTest.EventSource_ExistsWithCorrectId
  [40m[32minfo[39m[22m[49m: [STRT] System.Net.Http.Functional.Tests.SyncHttpHandler_DiagnosticsTest.SendAsync_DiagnosticListener_ExpectedTagsRecorded
  [40m[32minfo[39m[22m[49m: [STRT] System.Net.Http.Functional.Tests.SyncHttpHandler_DiagnosticsTest.SendAsync_OperationCanceledException_RecordsActivitiesWithCorrectErrorInfo
  [40m[32minfo[39m[22m[49m: [STRT] System.Net.Http.Functional.Tests.SyncHttpHandler_DiagnosticsTest.SendAsync_ExpectedDiagnosticCancelledLogging
  [40m[32minfo[39m[22m[49m: [STRT] System.Net.Http.Functional.Tests.SyncHttpHandler_DiagnosticsTest.SendAsync_PropagatorInjectsInvalidHeaders_Throws
  [40m[32minfo[39m[22m[49m: [STRT] System.Net.Http.Functional.Tests.SyncHttpHandler_DiagnosticsTest.SendAsync_ExpectedDiagnosticSourceNewAndDeprecatedEventsLogging
  [40m[32minfo[39m[22m[49m: [STRT] System.Net.Http.Functional.Tests.SyncHttpHandler_DiagnosticsTest.SendAsync_DoNotSampleAllData_NoTagsRecorded
  [40m[32minfo[39m[22m[49m: [STRT] System.Net.Http.Functional.Tests.SyncHttpHandler_DiagnosticsTest.SendAsync_ExpectedDiagnosticSourceLogging
  [40m[32minfo[39m[22m[49m: [STRT] System.Net.Http.Functional.Tests.SyncHttpHandler_DiagnosticsTest.SendAsync_ActivityIsCreatedIfRequested
  [40m[32minfo[39m[22m[49m: [STRT] System.Net.Http.Functional.Tests.SyncHttpHandler_DiagnosticsTest.SendAsync_Success_ConnectionSetupActivityGraphRecorded
  [40m[32minfo[39m[22m[49m: [STRT] System.Net.Http.Functional.Tests.SyncHttpHandler_DiagnosticsTest.UseIPAddressInTargetUri_NoProxy_RecordsHostHeaderAsServerAddress
  [40m[32minfo[39m[22m[49m: [STRT] System.Net.Http.Functional.Tests.SyncHttpHandler_DiagnosticsTest.SendAsync_HttpTracingEnabled_Succeeds
  [40m[32minfo[39m[22m[49m: [STRT] System.Net.Http.Functional.Tests.SyncHttpHandler_DiagnosticsTest.SendAsync_ExpectedDiagnosticExceptionActivityLogging
  [40m[32minfo[39m[22m[49m: [STRT] System.Net.Http.Functional.Tests.SyncHttpHandler_DiagnosticsTest.SendAsync_ExpectedDiagnosticSourceActivityLogging_InvalidBaggage
  [40m[32minfo[39m[22m[49m: [STRT] System.Net.Http.Functional.Tests.SyncHttpHandler_DiagnosticsTest.UseIPAddressInTargetUri_ProxyTunnel
  [40m[32minfo[39m[22m[49m: [STRT] System.Net.Http.Functional.Tests.SyncHttpHandler_DiagnosticsTest.SendAsync_ConnectionFailure_RecordsActivitiesWithCorrectErrorInfo
  [40m[32minfo[39m[22m[49m: [STRT] System.Net.Http.Functional.Tests.SyncHttpHandler_DiagnosticsTest.Http3_WaitForConnection_RecordedWhenWaitingForStream
  [40m[32minfo[39m[22m[49m: [STRT] System.Net.Http.Functional.Tests.SyncHttpHandler_DiagnosticsTest.SendAsync_ExpectedDiagnosticSourceActivityLoggingDoesNotOverwriteW3CTraceParentHeader
  [40m[32minfo[39m[22m[49m: [STRT] System.Net.Http.Functional.Tests.SyncHttpHandler_DiagnosticsTest.SendAsync_ReuseRequestInHandler_ResetsHeadersForEachReuse
  [40m[32minfo[39m[22m[49m: [STRT] System.Net.Http.Functional.Tests.SyncHttpHandler_DiagnosticsTest.SendAsync_SuppressedGlobalStaticPropagationEnvVar
  [40m[32minfo[39m[22m[49m: [STRT] System.Net.Http.Functional.Tests.SyncHttpHandler_DiagnosticsTest.SendAsync_ActivitySource_ExpectedTagsRecorded
  [40m[32minfo[39m[22m[49m: [STRT] System.Net.Http.Functional.Tests.HttpClientHandlerTest_General.SendAsync_Null_ThrowsArgumentNullException
  [40m[32minfo[39m[22m[49m: [STRT] System.Net.Http.Functional.Tests.HttpClientHandlerTest_General.Send_Null_ThrowsArgumentNullException
  [40m[32minfo[39m[22m[49m: [STRT] System.Net.Http.Functional.Tests.HttpContentTest.CopyToAsync_ThrowCustomExceptionInOverriddenAsyncMethod_ExceptionBubblesUp
  [40m[32minfo[39m[22m[49m: [STRT] System.Net.Http.Functional.Tests.HttpContentTest.CopyToAsync_MockContentReturnsNull_ThrowsInvalidOperationException
  [40m[32minfo[39m[22m[49m: [STRT] System.Net.Http.Functional.Tests.HttpContentTest.ReadAsStringAsync_SetInvalidContentTypeHeader_DefaultCharsetUsed(charset: "\"\"invalid")
  [40m[32minfo[39m[22m[49m: [STRT] System.Net.Http.Functional.Tests.HttpContentTest.ReadAsStringAsync_SetInvalidContentTypeHeader_DefaultCharsetUsed(charset: "invalid\"\"")
  [40m[32minfo[39m[22m[49m: [STRT] System.Net.Http.Functional.Tests.HttpContentTest.ReadAsStringAsync_SetInvalidContentTypeHeader_DefaultCharsetUsed(charset: "\"\"invalid\"\"")
  [40m[32minfo[39m[22m[49m: [STRT] System.Net.Http.Functional.Tests.HttpContentTest.ReadAsStringAsync_SetInvalidContentTypeHeader_DefaultCharsetUsed(charset: "\"invalid")
  [40m[32minfo[39m[22m[49m: [STRT] System.Net.Http.Functional.Tests.HttpContentTest.ReadAsStringAsync_SetInvalidContentTypeHeader_DefaultCharsetUsed(charset: "invalid\"")
  [40m[32minfo[39m[22m[49m: [STRT] System.Net.Http.Functional.Tests.HttpContentTest.Dispose_GetReadStreamThenDispose_ReadStreamGetsDisposed(readStreamAsync: True)
  [40m[32minfo[39m[22m[49m: [STRT] System.Net.Http.Functional.Tests.HttpContentTest.Dispose_GetReadStreamThenDispose_ReadStreamGetsDisposed(readStreamAsync: False)
  [40m[32minfo[39m[22m[49m: [STRT] System.Net.Http.Functional.Tests.HttpContentTest.TryComputeLength_RetrieveContentLengthFromBufferedContent_ComputeLengthIsNotCalled
  [40m[32minfo[39m[22m[49m: [STRT] System.Net.Http.Functional.Tests.HttpContentTest.LoadIntoBufferAsync_ThrowObjectDisposedExceptionInOverriddenAsyncMethod_ThrowsHttpRequestException
  [40m[32minfo[39m[22m[49m: [STRT] System.Net.Http.Functional.Tests.HttpContentTest.ReadAsStringAsync_SetQuotedCharset_ParsesContent
  [40m[32minfo[39m[22m[49m: [STRT] System.Net.Http.Functional.Tests.HttpContentTest.ReadAsStringAsync_EmptyContent_EmptyString
  [40m[32minfo[39m[22m[49m: [STRT] System.Net.Http.Functional.Tests.HttpContentTest.LoadIntoBufferAsync_ThrowCustomExceptionInOverriddenMethod_ThrowsMockException
  [40m[32minfo[39m[22m[49m: [STRT] System.Net.Http.Functional.Tests.HttpContentTest.CopyToAsync_CallWithMockContent_MockContentMethodCalled
  [40m[32minfo[39m[22m[49m: [STRT] System.Net.Http.Functional.Tests.HttpContentTest.TryComputeLength_ThrowCustomExceptionInOverriddenMethod_ExceptionBubblesUpToCaller
  [40m[32minfo[39m[22m[49m: [STRT] System.Net.Http.Functional.Tests.HttpContentTest.LoadIntoBufferAsync_CallOnMockContentWithCalculatedContentLength_CopyToAsyncMemoryStreamCalled(readStreamAsync: True)
  [40m[32minfo[39m[22m[49m: [STRT] System.Net.Http.Functional.Tests.HttpContentTest.LoadIntoBufferAsync_CallOnMockContentWithCalculatedContentLength_CopyToAsyncMemoryStreamCalled(readStreamAsync: False)
  [40m[32minfo[39m[22m[49m: [STRT] System.Net.Http.Functional.Tests.HttpContentTest.CopyToAsync_BufferContentFirst_UseBufferedStreamAsSource
  [40m[32minfo[39m[22m[49m: [STRT] System.Net.Http.Functional.Tests.HttpContentTest.CopyToAsync_UseStreamWriteByteWithBufferSizeSmallerThanContentSize_ThrowsHttpRequestException
  [40m[32minfo[39m[22m[49m: [STRT] System.Net.Http.Functional.Tests.HttpContentTest.LoadIntoBufferAsync_Buffered_IgnoresCancellationToken
  [40m[32minfo[39m[22m[49m: [STRT] System.Net.Http.Functional.Tests.HttpContentTest.ReadAsStream_GetFromUnbufferedContent_ThrowsAfterReadAsStreamsAsync
  [40m[32minfo[39m[22m[49m: [STRT] System.Net.Http.Functional.Tests.HttpContentTest.CopyToAsync_ThrowCustomExceptionInOverriddenMethod_ThrowsMockException
  [40m[32minfo[39m[22m[49m: [STRT] System.Net.Http.Functional.Tests.HttpContentTest.ReadAsStringAsync_SetInvalidCharset_ThrowsInvalidOperationException(charset: "invalid")
  [40m[32minfo[39m[22m[49m: [STRT] System.Net.Http.Functional.Tests.HttpContentTest.ReadAsStringAsync_SetInvalidCharset_ThrowsInvalidOperationException(charset: "\"\"")
  [40m[32minfo[39m[22m[49m: [STRT] System.Net.Http.Functional.Tests.HttpContentTest.ReadAsStreamAsync_GetFromUnbufferedContent_SucceedsAfterReadAsStream
  [40m[32minfo[39m[22m[49m: [STRT] System.Net.Http.Functional.Tests.HttpContentTest.ReadAsByteArrayAsync_Unbuffered_CanBeCanceled
  [40m[32minfo[39m[22m[49m: [STRT] System.Net.Http.Functional.Tests.HttpContentTest.CopyToAsync_ThrowIOExceptionInOverriddenAsyncMethod_ThrowsWrappedHttpRequestException
  [40m[32minfo[39m[22m[49m: [STRT] System.Net.Http.Functional.Tests.HttpContentTest.LoadIntoBufferAsync_CallMultipleTimesWithNullContentLength_CopyToAsyncMemoryStreamCalledOnce(readStreamAsync: True)
  [40m[32minfo[39m[22m[49m: [STRT] System.Net.Http.Functional.Tests.HttpContentTest.LoadIntoBufferAsync_CallMultipleTimesWithNullContentLength_CopyToAsyncMemoryStreamCalledOnce(readStreamAsync: False)
  [40m[32minfo[39m[22m[49m: [STRT] System.Net.Http.Functional.Tests.HttpContentTest.ReadAsStreamAsyncShouldRewindOffset
  [40m[32minfo[39m[22m[49m: [STRT] System.Net.Http.Functional.Tests.HttpContentTest.ReadAsByteArrayAsync_Unbuffered_CanBeCanceled_AlreadyCanceledCts
  [40m[32minfo[39m[22m[49m: [STRT] System.Net.Http.Functional.Tests.HttpContentTest.LoadIntoBufferAsync_BufferSizeSmallerThanContentSizeWithCalculatedContentLength_ThrowsHttpRequestException
  [40m[32minfo[39m[22m[49m: [STRT] System.Net.Http.Functional.Tests.HttpContentTest.ReadAsByteArrayAsync_Buffered_IgnoresCancellationToken
  [40m[32minfo[39m[22m[49m: [STRT] System.Net.Http.Functional.Tests.HttpContentTest.LoadIntoBufferAsync_CallOnMockContentWithLessLengthThanContentLengthHeader_BufferedStreamLengthMatchesActualLengthNotContentLengthHeaderValue(readStreamAsync: True)
  [40m[32minfo[39m[22m[49m: [STRT] System.Net.Http.Functional.Tests.HttpContentTest.LoadIntoBufferAsync_CallOnMockContentWithLessLengthThanContentLengthHeader_BufferedStreamLengthMatchesActualLengthNotContentLengthHeaderValue(readStreamAsync: False)
  [40m[32minfo[39m[22m[49m: [STRT] System.Net.Http.Functional.Tests.HttpContentTest.ReadAsStreamAsync_Unbuffered_IgnoresCancellationToken(readStreamAsync: True)
  [40m[32minfo[39m[22m[49m: [STRT] System.Net.Http.Functional.Tests.HttpContentTest.ReadAsStreamAsync_Unbuffered_IgnoresCancellationToken(readStreamAsync: False)
  [40m[32minfo[39m[22m[49m: [STRT] System.Net.Http.Functional.Tests.HttpContentTest.LoadIntoBufferAsync_Unbuffered_CanBeCanceled_AlreadyCanceledCts
  [40m[32minfo[39m[22m[49m: [STRT] System.Net.Http.Functional.Tests.HttpContentTest.ReadAsByteArrayAsync_EmptyContent_EmptyArray
  [40m[32minfo[39m[22m[49m: [STRT] System.Net.Http.Functional.Tests.HttpContentTest.ReadAsStringAsync_SetNoCharset_DefaultCharsetUsed
  [40m[32minfo[39m[22m[49m: [STRT] System.Net.Http.Functional.Tests.HttpContentTest.CopyToAsync_ThrowObjectDisposedExceptionInOverriddenAsyncMethod_ThrowsWrappedHttpRequestException
  [40m[32minfo[39m[22m[49m: [STRT] System.Net.Http.Functional.Tests.HttpContentTest.ReadAsStreamAsync_FirstGetFromUnbufferedContentThenGetFromBufferedContent_SameStream(readStreamAsync: True)
  [40m[32minfo[39m[22m[49m: [STRT] System.Net.Http.Functional.Tests.HttpContentTest.ReadAsStreamAsync_FirstGetFromUnbufferedContentThenGetFromBufferedContent_SameStream(readStreamAsync: False)
  [40m[32minfo[39m[22m[49m: [STRT] System.Net.Http.Functional.Tests.HttpContentTest.ReadAsStreamAsync_Buffered_IgnoresCancellationToken(readStreamAsync: True)
  [40m[32minfo[39m[22m[49m: [STRT] System.Net.Http.Functional.Tests.HttpContentTest.ReadAsStreamAsync_Buffered_IgnoresCancellationToken(readStreamAsync: False)
  [40m[32minfo[39m[22m[49m: [STRT] System.Net.Http.Functional.Tests.HttpContentTest.LoadIntoBufferAsync_BufferSizeSmallerThanContentSizeWithNullContentLength_ThrowsHttpRequestException
  [40m[32minfo[39m[22m[49m: [STRT] System.Net.Http.Functional.Tests.HttpContentTest.Dispose_DisposedObjectThenAccessMembers_ThrowsObjectDisposedException
  [40m[32minfo[39m[22m[49m: [STRT] System.Net.Http.Functional.Tests.HttpContentTest.TryComputeLength_RetrieveContentLength_ComputeLengthShouldBeCalled
  [40m[32minfo[39m[22m[49m: [STRT] System.Net.Http.Functional.Tests.HttpContentTest.ReadAsStreamAsync_GetFromBufferedContent_CreateContentReadStreamCalled(readStreamAsync: True)
  [40m[32minfo[39m[22m[49m: [STRT] System.Net.Http.Functional.Tests.HttpContentTest.ReadAsStreamAsync_GetFromBufferedContent_CreateContentReadStreamCalled(readStreamAsync: False)
  [40m[32minfo[39m[22m[49m: [STRT] System.Net.Http.Functional.Tests.HttpContentTest.ReadAsStreamAsync_Unbuffered_CustomContent_CanBeCanceled
  [40m[32minfo[39m[22m[49m: [STRT] System.Net.Http.Functional.Tests.HttpContentTest.ReadAsStream_Unbuffered_CustomContent_CanBeCanceled
  [40m[32minfo[39m[22m[49m: [STRT] System.Net.Http.Functional.Tests.HttpContentTest.ReadAsStringAsync_Unbuffered_CanBeCanceled_AlreadyCanceledCts
  [40m[32minfo[39m[22m[49m: [STRT] System.Net.Http.Functional.Tests.HttpContentTest.ReadAsStreamAsync_GetFromBufferedContent_SucceedsAfterReadAsStream
  [40m[32minfo[39m[22m[49m: [STRT] System.Net.Http.Functional.Tests.HttpContentTest.ReadAsStreamShouldRewindOffset
  [40m[32minfo[39m[22m[49m: [STRT] System.Net.Http.Functional.Tests.HttpContentTest.CopyToAsync_Buffered_CanBeCanceled
  [40m[32minfo[39m[22m[49m: [STRT] System.Net.Http.Functional.Tests.HttpContentTest.ReadAsStringAsync_Unbuffered_CanBeCanceled
  [40m[32minfo[39m[22m[49m: [STRT] System.Net.Http.Functional.Tests.HttpContentTest.LoadIntoBufferAsync_ThrowObjectDisposedExceptionInOverriddenMethod_ThrowsWrappedHttpRequestException
  [40m[32minfo[39m[22m[49m: [STRT] System.Net.Http.Functional.Tests.HttpContentTest.ReadAsStringAsync_NoCharSet_EncodingIsInferredFromPreamble(codePage: 65001)
  [40m[32minfo[39m[22m[49m: [STRT] System.Net.Http.Functional.Tests.HttpContentTest.ReadAsStringAsync_NoCharSet_EncodingIsInferredFromPreamble(codePage: 12000)
  [40m[32minfo[39m[22m[49m: [STRT] System.Net.Http.Functional.Tests.HttpContentTest.ReadAsStringAsync_NoCharSet_EncodingIsInferredFromPreamble(codePage: 1200)
  [40m[32minfo[39m[22m[49m: [STRT] System.Net.Http.Functional.Tests.HttpContentTest.ReadAsStringAsync_NoCharSet_EncodingIsInferredFromPreamble(codePage: 1201)
  [40m[32minfo[39m[22m[49m: [STRT] System.Net.Http.Functional.Tests.HttpContentTest.LoadIntoBufferAsync_ThrowIOExceptionInOverriddenAsyncMethod_ThrowsHttpRequestException
  [40m[32minfo[39m[22m[49m: [STRT] System.Net.Http.Functional.Tests.HttpContentTest.LoadIntoBufferAsync_CallMultipleTimesWithCalculatedContentLength_CopyToAsyncMemoryStreamCalledOnce(readStreamAsync: True)
  [40m[32minfo[39m[22m[49m: [STRT] System.Net.Http.Functional.Tests.HttpContentTest.LoadIntoBufferAsync_CallMultipleTimesWithCalculatedContentLength_CopyToAsyncMemoryStreamCalledOnce(readStreamAsync: False)
  [40m[32minfo[39m[22m[49m: [STRT] System.Net.Http.Functional.Tests.HttpContentTest.Dispose_DisposeContentThenAccessContentLength_Throw
  [40m[32minfo[39m[22m[49m: [STRT] System.Net.Http.Functional.Tests.HttpContentTest.LoadIntoBufferAsync_ThrowIOExceptionInOverriddenMethod_ThrowsWrappedHttpRequestException
  [40m[32minfo[39m[22m[49m: [STRT] System.Net.Http.Functional.Tests.HttpContentTest.ReadAsStream_GetFromBufferedContent_ThrowsAfterReadAsStreamsAsync
  [40m[32minfo[39m[22m[49m: [STRT] System.Net.Http.Functional.Tests.HttpContentTest.CopyToAsync_Unbuffered_CanBeCanceled
  [40m[32minfo[39m[22m[49m: [STRT] System.Net.Http.Functional.Tests.HttpContentTest.ReadAsStringAsync_UsesCharsetEncoding
  [40m[32minfo[39m[22m[49m: [STRT] System.Net.Http.Functional.Tests.HttpContentTest.ReadAsStreamAsync_GetFromUnbufferedContent_CreateContentReadStreamCalledOnce(readStreamAsync: True)
  [40m[32minfo[39m[22m[49m: [STRT] System.Net.Http.Functional.Tests.HttpContentTest.ReadAsStreamAsync_GetFromUnbufferedContent_CreateContentReadStreamCalledOnce(readStreamAsync: False)
  [40m[32minfo[39m[22m[49m: [STRT] System.Net.Http.Functional.Tests.HttpContentTest.LoadIntoBufferAsync_ThrowCustomExceptionInOverriddenAsyncMethod_ExceptionBubblesUpToCaller
  [40m[32minfo[39m[22m[49m: [STRT] System.Net.Http.Functional.Tests.HttpContentTest.GetAsync_WithCustomHandlerReturningStringContent_PreCanceledToken_ThrowsTaskCanceledException
  [40m[32minfo[39m[22m[49m: [STRT] System.Net.Http.Functional.Tests.HttpContentTest.ReadAsStringAsync_Buffered_IgnoresCancellationToken
  [40m[32minfo[39m[22m[49m: [STRT] System.Net.Http.Functional.Tests.HttpContentTest.CopyToAsync_ThrowObjectDisposedExceptionInOverriddenMethod_ThrowsWrappedHttpRequestException
  [40m[32minfo[39m[22m[49m: [STRT] System.Net.Http.Functional.Tests.HttpContentTest.CopyToAsync_ThrowIOExceptionInOverriddenMethod_ThrowsWrappedHttpRequestException
  [40m[32minfo[39m[22m[49m: [STRT] System.Net.Http.Functional.Tests.HttpContentTest.LoadIntoBufferAsync_CallOnMockContentWithNullContentLength_CopyToAsyncMemoryStreamCalled(readStreamAsync: True)
  [40m[32minfo[39m[22m[49m: [STRT] System.Net.Http.Functional.Tests.HttpContentTest.LoadIntoBufferAsync_CallOnMockContentWithNullContentLength_CopyToAsyncMemoryStreamCalled(readStreamAsync: False)
  [40m[32minfo[39m[22m[49m: [STRT] System.Net.Http.Functional.Tests.SocketsHttpHandler_HttpClientHandler_Finalization_Http11_Test.IncompleteResponseStream_ResponseDropped_CancelsRequestToServer
  [40m[32minfo[39m[22m[49m: [STRT] System.Net.Http.Functional.Tests.HttpRequestMessageTest.Ctor_RelativeStringUri_CorrectValues
  [40m[32minfo[39m[22m[49m: [STRT] System.Net.Http.Functional.Tests.HttpRequestMessageTest.Ctor_NullStringUri_Accepted
  [40m[32minfo[39m[22m[49m: [STRT] System.Net.Http.Functional.Tests.HttpRequestMessageTest.ToString_HeadersDumpIsEquivalentToHttpHeadersDump
  [40m[32minfo[39m[22m[49m: [STRT] System.Net.Http.Functional.Tests.HttpRequestMessageTest.RequestUri_SetNonHttpUri_DoesNotThrow
  [40m[32minfo[39m[22m[49m: [STRT] System.Net.Http.Functional.Tests.HttpRequestMessageTest.Ctor_EmptyStringUri_Accepted
  [40m[32minfo[39m[22m[49m: [STRT] System.Net.Http.Functional.Tests.HttpRequestMessageTest.Properties_SetPropertiesAndGetTheirValue_MatchingValues
  [40m[32minfo[39m[22m[49m: [STRT] System.Net.Http.Functional.Tests.HttpRequestMessageTest.ToString_DefaultAndNonDefaultInstance_DumpAllFields
  [40m[32minfo[39m[22m[49m: [STRT] System.Net.Http.Functional.Tests.HttpRequestMessageTest.Method_SetToNull_ThrowsArgumentNullException
  [40m[32minfo[39m[22m[49m: [STRT] System.Net.Http.Functional.Tests.HttpRequestMessageTest.Ctor_NonHttpUri_DoesNotThrow
  [40m[32minfo[39m[22m[49m: [STRT] System.Net.Http.Functional.Tests.HttpRequestMessageTest.Ctor_Default_CorrectDefaults
  [40m[32minfo[39m[22m[49m: [STRT] System.Net.Http.Functional.Tests.HttpRequestMessageTest.Ctor_RelativeUri_CorrectValues
  [40m[32minfo[39m[22m[49m: [STRT] System.Net.Http.Functional.Tests.HttpRequestMessageTest.Ctor_NullMethod_ThrowsArgumentNullException
  [40m[32minfo[39m[22m[49m: [STRT] System.Net.Http.Functional.Tests.HttpRequestMessageTest.Ctor_AbsoluteStringUri_CorrectValues
  [40m[32minfo[39m[22m[49m: [STRT] System.Net.Http.Functional.Tests.HttpRequestMessageTest.HttpRequest_BodylessMethod_NoContentLength(method: "DELETE")
  [40m[32minfo[39m[22m[49m: [STRT] System.Net.Http.Functional.Tests.HttpRequestMessageTest.HttpRequest_BodylessMethod_NoContentLength(method: "OPTIONS")
  [40m[32minfo[39m[22m[49m: [STRT] System.Net.Http.Functional.Tests.HttpRequestMessageTest.HttpRequest_BodylessMethod_NoContentLength(method: "HEAD")
  [40m[32minfo[39m[22m[49m: [STRT] System.Net.Http.Functional.Tests.HttpRequestMessageTest.Version_SetToNull_ThrowsArgumentNullException
  [40m[32minfo[39m[22m[49m: [STRT] System.Net.Http.Functional.Tests.HttpRequestMessageTest.Ctor_NullUri_Accepted
  [40m[32minfo[39m[22m[49m: [STRT] System.Net.Http.Functional.Tests.HttpRequestMessageTest.Ctor_AbsoluteUri_CorrectValues
  [40m[32minfo[39m[22m[49m: [STRT] System.Net.Http.Functional.Tests.HttpRequestMessageTest.HttpRequest_StringContent_WithoutMediaType
  [40m[32minfo[39m[22m[49m: [STRT] System.Net.Http.Functional.Tests.HttpRequestMessageTest.Dispose_DisposeObject_ContentGetsDisposedAndSettersWillThrowButGettersStillWork
  [40m[32minfo[39m[22m[49m: [STRT] System.Net.Http.Functional.Tests.HttpRequestMessageTest.HttpRequest_BodylessMethod_LargeContentLength
  [40m[32minfo[39m[22m[49m: Finished:    System.Net.Http.Functional.Tests.dll
  [40m[32minfo[39m[22m[49m: Stored /workspaces/runtime/artifacts/bin/System.Net.Http.Functional.Tests/Release/net11.0-browser/browser-wasm/wwwroot/xharness-output/testResults.xml results 431097 bytes
  [40m[32minfo[39m[22m[49m: Finished uploading 431097 bytes of RESULTXML
  [40m[32minfo[39m[22m[49m: Xml file was written to the provided writer.
  [40m[32minfo[39m[22m[49m: 
  [40m[32minfo[39m[22m[49m: === TEST EXECUTION SUMMARY ===
  [40m[32minfo[39m[22m[49m: Tests run: 901 Passed: 781 Inconclusive: 0 Failed: 0 Ignored: 0 Skipped: 120
  [40m[32minfo[39m[22m[49m: 
  [40m[32minfo[39m[22m[49m: test-main.js exiting WasmTestRunner.dll System.Net.Http.Functional.Tests.dll after 0.3073166666666667 minutes with result 0 and linear memory 120586240 bytes
  [40m[32minfo[39m[22m[49m: MONO_WASM: forceDisposeProxies done: 27 imports, 0 exports, 0 GCHandles, 0 JSHandles.
  [40m[32minfo[39m[22m[49m: WASM EXIT 0
  [40m[32minfo[39m[22m[49m: Waiting to flush log messages with a timeout of 120 secs ..
  [40m[32minfo[39m[22m[49m: Closing 1 browser tabs before setting the main tab to config page and quitting.
  XHarness exit code: 0
  /workspaces/runtime/artifacts/bin/System.Net.Http.Functional.Tests/Release/net11.0-browser/browser-wasm/wwwroot /workspaces/runtime/src/libraries/System.Net.Http/tests/FunctionalTests
  ----- end Thu Jan 29 04:32:27 PM UTC 2026 ----- exit code 0 ----------------------------------------------------------
  XHarness artifacts: /workspaces/runtime/artifacts/bin/System.Net.Http.Functional.Tests/Release/net11.0-browser/browser-wasm/wwwroot/xharness-output

Build succeeded.
    0 Warning(s)
    0 Error(s)

Time Elapsed 00:00:47.52
